09:02:26.382 [JavaFX Application Thread] DEBUG GameApplication      - Logger initialized
09:02:26.402 [JavaFX Application Thread] DEBUG MainWindow           - Creating a JavaFX scene
09:02:26.507 [JavaFX Application Thread] DEBUG MainWindow           - Target settings size: 880.0 x 780.0
09:02:26.507 [JavaFX Application Thread] DEBUG MainWindow           - Scaled scene size:    880.0 x 780.0
09:02:26.507 [JavaFX Application Thread] DEBUG MainWindow           - Scaled ratio: (1.0, 1.0)
09:02:26.511 [JavaFX Application Thread] DEBUG GameApplication      - Starting FXGL
09:02:26.530 [FXGL Launcher Thread     ] INFO  FXGL                 - FXGL-0.5.0 on DESKTOP
09:02:26.530 [FXGL Launcher Thread     ] INFO  FXGL                 - Source code and latest versions at: https://github.com/AlmasB/FXGL
09:02:26.530 [FXGL Launcher Thread     ] INFO  FXGL                 -              Join the FXGL chat at: https://gitter.im/AlmasB/FXGL
09:02:26.536 [FXGL Launcher Thread     ] DEBUG FXGL                 - Loading FXGL system data
09:02:26.545 [FXGL Launcher Thread     ] DEBUG FS                   - Reading from: system\fxgl.bundle
09:02:26.555 [FXGL Launcher Thread     ] DEBUG Bundle               - Logging bundle: FXGL
09:02:26.555 [FXGL Launcher Thread     ] DEBUG Bundle               - FXGL.offline.timer.version.check=2019-01-24T08:55:57.713219300
09:02:26.587 [FXGL Launcher Thread     ] DEBUG GameApplication      - FXGL started
09:02:26.587 [FXGL Launcher Thread     ] DEBUG GameApplication      - Logging game settings
Title: Breakout
Version: 0.1
Width: 880
Height: 780
Fullscreen: false
Intro: false
Menus: false
Profiling: false
Single step:false
App Mode: DEVELOPER
Menu Key: ESCAPE
Stage Style: DECORATED
Scene Factory: class com.almasb.fxgl.scene.SceneFactory
Dialog Factory: class com.almasb.fxgl.ui.FXGLDialogFactory
UI Factory: class com.almasb.fxgl.ui.FXGLUIFactory
Notification Service: class com.almasb.fxgl.gameplay.notification.XboxNotificationView
Exception Handler: class com.almasb.fxgl.app.FXGLExceptionHandler
09:02:26.588 [FXGL Launcher Thread     ] DEBUG GameApplication      - Configuring GameApplication
09:02:26.589 [FXGL Launcher Thread     ] DEBUG GameApplication      - Initializing state machine and application states
09:02:26.598 [FXGL Launcher Thread     ] DEBUG AssetLoader          - Loading from disk: /assets/ui/cursors/fxgl_default.png
09:02:26.619 [FXGL Launcher Thread     ] DEBUG AssetLoader          - Loading from disk: /assets/ui/cursors/fxgl_default.png
09:02:26.643 [FXGL Launcher Thread     ] DEBUG FXGLAssets           - Loading FXGLAssets
09:02:26.669 [FXGL Launcher Thread     ] DEBUG AssetLoader          - Loading from disk: /assets/ui/fonts/VarelaRound-Regular.ttf
09:02:26.850 [FXGL Launcher Thread     ] DEBUG AssetLoader          - Loading from disk: /assets/ui/fonts/lucida_console.ttf
09:02:26.854 [FXGL Launcher Thread     ] DEBUG AssetLoader          - Loading from disk: /assets/ui/css/fxgl_dark.css
09:02:26.855 [FXGL Launcher Thread     ] DEBUG AssetLoader          - Loading from disk: /assets/ui/icons/fxgl_icon.png
09:02:26.891 [FXGL Launcher Thread     ] DEBUG AssetLoader          - Loading from disk: /assets/ui/cursors/fxgl_default.png
09:02:26.898 [FXGL Launcher Thread     ] DEBUG AssetLoader          - Loading from disk: /assets/ui/cursors/fxgl_default.png
09:02:26.921 [FXGL Launcher Thread     ] DEBUG GameScene            - Game scene initialized: 880x780
09:02:26.936 [FXGL Launcher Thread     ] DEBUG GameWorld            - Game world initialized
09:02:26.998 [FXGL Launcher Thread     ] DEBUG PhysicsWorld         - Physics world initialized: appHeight=780, physics.ppm=50,0
09:02:27.015 [FXGL Launcher Thread     ] DEBUG Input                - Registered new binding: Pause - Esc
09:02:27.031 [FXGL Launcher Thread     ] DEBUG Input                - Clearing active input actions
09:02:27.069 [FXGL Launcher Thread     ] DEBUG AppStateMachine      - StartupState -> StartupState
09:02:27.078 [FXGL Launcher Thread     ] INFO  GameApplication      - Game configuration took:  0,490 sec
09:02:27.082 [JavaFX Application Thread] DEBUG MainWindow           - Opening main window
09:02:27.177 [JavaFX Application Thread] DEBUG MainWindow           - Window border size: (14.4000244140625, 37.5999755859375)
09:02:27.177 [JavaFX Application Thread] DEBUG MainWindow           - Scaled size: 880.0 x 780.0
09:02:27.178 [JavaFX Application Thread] DEBUG MainWindow           - Scaled ratio: (1.0, 1.0)
09:02:27.178 [JavaFX Application Thread] DEBUG MainWindow           - Scene size: 880.0 x 780.0
09:02:27.178 [JavaFX Application Thread] DEBUG MainWindow           - Stage size: 894.4000244140625 x 817.5999755859375
09:02:27.179 [JavaFX Application Thread] DEBUG GameApplication      - Running preInit()
09:02:27.181 [JavaFX Application Thread] DEBUG Input                - Registered new binding: Screenshot - P
09:02:27.182 [JavaFX Application Thread] DEBUG Input                - Registered new binding: Dev Options - CTRL+0
09:02:27.183 [JavaFX Application Thread] DEBUG Input                - Registered new binding: System info dump - CTRL+9
09:02:27.183 [JavaFX Application Thread] DEBUG Input                - Registered new binding: Restart - CTRL+R
09:02:27.183 [JavaFX Application Thread] DEBUG Input                - Registered new binding: Move Left - A
09:02:27.184 [JavaFX Application Thread] DEBUG Input                - Registered new binding: Move Right - D
09:02:27.203 [JavaFX Application Thread] DEBUG GameApplication      - Starting main loop
09:02:27.205 [JavaFX Application Thread] DEBUG StartupState         - STARTUP
09:02:27.205 [JavaFX Application Thread] DEBUG GameApplication      - Starting new game
09:02:27.205 [JavaFX Application Thread] DEBUG Input                - Clearing active input actions
09:02:27.218 [JavaFX Application Thread] DEBUG AppStateMachine      - StartupState -> LoadingState
09:02:27.220 [FXGL Background Thread 1 ] DEBUG InitAppTask          - Clearing previous game
09:02:27.220 [FXGL Background Thread 1 ] DEBUG GameWorld            - Clearing game world
09:02:27.221 [FXGL Background Thread 1 ] DEBUG PhysicsWorld         - Clearing physics world
09:02:27.221 [FXGL Background Thread 1 ] DEBUG GameScene            - Clearing game scene
09:02:27.222 [FXGL Background Thread 1 ] DEBUG InitAppTask          - Initializing Game
09:02:27.261 [FXGL Background Thread 1 ] DEBUG AssetLoader          - Loading from disk: /assets/text/levels/deathbricks.txt
09:02:27.264 [FXGL Background Thread 1 ] WARN  FXGL.TextLevelParser - No producer found for character: 0
09:02:27.264 [FXGL Background Thread 1 ] WARN  FXGL.TextLevelParser - No producer found for character: 0
09:02:27.264 [FXGL Background Thread 1 ] WARN  FXGL.TextLevelParser - No producer found for character: 0
09:02:27.264 [FXGL Background Thread 1 ] WARN  FXGL.TextLevelParser - No producer found for character: 0
09:02:27.265 [FXGL Background Thread 1 ] WARN  FXGL.TextLevelParser - No producer found for character: 0
09:02:27.265 [FXGL Background Thread 1 ] WARN  FXGL.TextLevelParser - No producer found for character: 0
09:02:27.265 [FXGL Background Thread 1 ] WARN  FXGL.TextLevelParser - No producer found for character: 0
09:02:27.265 [FXGL Background Thread 1 ] WARN  FXGL.TextLevelParser - No producer found for character: 0
09:02:27.265 [FXGL Background Thread 1 ] WARN  FXGL.TextLevelParser - No producer found for character: 0
09:02:27.266 [FXGL Background Thread 1 ] WARN  FXGL.TextLevelParser - No producer found for character: 0
09:02:27.266 [FXGL Background Thread 1 ] WARN  FXGL.TextLevelParser - No producer found for character: 0
09:02:27.266 [FXGL Background Thread 1 ] WARN  FXGL.TextLevelParser - No producer found for character: 0
09:02:27.266 [FXGL Background Thread 1 ] WARN  FXGL.TextLevelParser - No producer found for character: 0
09:02:27.267 [FXGL Background Thread 1 ] WARN  FXGL.TextLevelParser - No producer found for character: 0
09:02:27.267 [FXGL Background Thread 1 ] WARN  FXGL.TextLevelParser - No producer found for character: 0
09:02:27.267 [FXGL Background Thread 1 ] WARN  FXGL.TextLevelParser - No producer found for character: 0
09:02:27.267 [FXGL Background Thread 1 ] WARN  FXGL.TextLevelParser - No producer found for character: 0
09:02:27.267 [FXGL Background Thread 1 ] WARN  FXGL.TextLevelParser - No producer found for character: 0
09:02:27.268 [FXGL Background Thread 1 ] WARN  FXGL.TextLevelParser - No producer found for character: 0
09:02:27.268 [FXGL Background Thread 1 ] WARN  FXGL.TextLevelParser - No producer found for character: 0
09:02:27.268 [FXGL Background Thread 1 ] WARN  FXGL.TextLevelParser - No producer found for character: 0
09:02:27.268 [FXGL Background Thread 1 ] WARN  FXGL.TextLevelParser - No producer found for character: 0
09:02:27.269 [FXGL Background Thread 1 ] WARN  FXGL.TextLevelParser - No producer found for character: 0
09:02:27.303 [FXGL Background Thread 1 ] DEBUG AssetLoader          - Loading from disk: /assets/textures/brick1.png
09:02:27.319 [FXGL Background Thread 1 ] DEBUG AssetLoader          - Loading from cache: /assets/textures/brick1.png@40.0x24.0
09:02:27.322 [FXGL Background Thread 1 ] DEBUG AssetLoader          - Loading from cache: /assets/textures/brick1.png@40.0x24.0
09:02:27.323 [FXGL Background Thread 1 ] DEBUG AssetLoader          - Loading from cache: /assets/textures/brick1.png@40.0x24.0
09:02:27.325 [FXGL Background Thread 1 ] DEBUG AssetLoader          - Loading from cache: /assets/textures/brick1.png@40.0x24.0
09:02:27.327 [FXGL Background Thread 1 ] DEBUG AssetLoader          - Loading from cache: /assets/textures/brick1.png@40.0x24.0
09:02:27.329 [FXGL Background Thread 1 ] DEBUG AssetLoader          - Loading from cache: /assets/textures/brick1.png@40.0x24.0
09:02:27.331 [FXGL Background Thread 1 ] DEBUG AssetLoader          - Loading from cache: /assets/textures/brick1.png@40.0x24.0
09:02:27.332 [FXGL Background Thread 1 ] DEBUG AssetLoader          - Loading from cache: /assets/textures/brick1.png@40.0x24.0
09:02:27.334 [FXGL Background Thread 1 ] DEBUG AssetLoader          - Loading from cache: /assets/textures/brick1.png@40.0x24.0
09:02:27.335 [FXGL Background Thread 1 ] DEBUG AssetLoader          - Loading from cache: /assets/textures/brick1.png@40.0x24.0
09:02:27.336 [FXGL Background Thread 1 ] DEBUG AssetLoader          - Loading from cache: /assets/textures/brick1.png@40.0x24.0
09:02:27.338 [FXGL Background Thread 1 ] DEBUG AssetLoader          - Loading from cache: /assets/textures/brick1.png@40.0x24.0
09:02:27.339 [FXGL Background Thread 1 ] DEBUG AssetLoader          - Loading from cache: /assets/textures/brick1.png@40.0x24.0
09:02:27.340 [FXGL Background Thread 1 ] DEBUG AssetLoader          - Loading from cache: /assets/textures/brick1.png@40.0x24.0
09:02:27.342 [FXGL Background Thread 1 ] DEBUG AssetLoader          - Loading from cache: /assets/textures/brick1.png@40.0x24.0
09:02:27.344 [FXGL Background Thread 1 ] DEBUG AssetLoader          - Loading from cache: /assets/textures/brick1.png@40.0x24.0
09:02:27.346 [FXGL Background Thread 1 ] DEBUG AssetLoader          - Loading from cache: /assets/textures/brick1.png@40.0x24.0
09:02:27.348 [FXGL Background Thread 1 ] DEBUG AssetLoader          - Loading from cache: /assets/textures/brick1.png@40.0x24.0
09:02:27.349 [FXGL Background Thread 1 ] DEBUG AssetLoader          - Loading from cache: /assets/textures/brick1.png@40.0x24.0
09:02:27.350 [FXGL Background Thread 1 ] DEBUG AssetLoader          - Loading from cache: /assets/textures/brick1.png@40.0x24.0
09:02:27.352 [FXGL Background Thread 1 ] DEBUG AssetLoader          - Loading from cache: /assets/textures/brick1.png@40.0x24.0
09:02:27.353 [FXGL Background Thread 1 ] DEBUG AssetLoader          - Loading from cache: /assets/textures/brick1.png@40.0x24.0
09:02:27.354 [FXGL Background Thread 1 ] WARN  FXGL.TextLevelParser - No producer found for character: 0
09:02:27.355 [FXGL Background Thread 1 ] WARN  FXGL.TextLevelParser - No producer found for character: 0
09:02:27.355 [FXGL Background Thread 1 ] WARN  FXGL.TextLevelParser - No producer found for character: 0
09:02:27.355 [FXGL Background Thread 1 ] WARN  FXGL.TextLevelParser - No producer found for character: 0
09:02:27.355 [FXGL Background Thread 1 ] WARN  FXGL.TextLevelParser - No producer found for character: 0
09:02:27.355 [FXGL Background Thread 1 ] WARN  FXGL.TextLevelParser - No producer found for character: 0
09:02:27.356 [FXGL Background Thread 1 ] WARN  FXGL.TextLevelParser - No producer found for character: 0
09:02:27.356 [FXGL Background Thread 1 ] WARN  FXGL.TextLevelParser - No producer found for character: 0
09:02:27.356 [FXGL Background Thread 1 ] WARN  FXGL.TextLevelParser - No producer found for character: 0
09:02:27.356 [FXGL Background Thread 1 ] WARN  FXGL.TextLevelParser - No producer found for character: 0
09:02:27.356 [FXGL Background Thread 1 ] WARN  FXGL.TextLevelParser - No producer found for character: 0
09:02:27.356 [FXGL Background Thread 1 ] WARN  FXGL.TextLevelParser - No producer found for character: 0
09:02:27.356 [FXGL Background Thread 1 ] WARN  FXGL.TextLevelParser - No producer found for character: 0
09:02:27.356 [FXGL Background Thread 1 ] WARN  FXGL.TextLevelParser - No producer found for character: 0
09:02:27.357 [FXGL Background Thread 1 ] WARN  FXGL.TextLevelParser - No producer found for character: 0
09:02:27.357 [FXGL Background Thread 1 ] WARN  FXGL.TextLevelParser - No producer found for character: 0
09:02:27.357 [FXGL Background Thread 1 ] WARN  FXGL.TextLevelParser - No producer found for character: 0
09:02:27.357 [FXGL Background Thread 1 ] WARN  FXGL.TextLevelParser - No producer found for character: 0
09:02:27.357 [FXGL Background Thread 1 ] WARN  FXGL.TextLevelParser - No producer found for character: 0
09:02:27.357 [FXGL Background Thread 1 ] WARN  FXGL.TextLevelParser - No producer found for character: 0
09:02:27.357 [FXGL Background Thread 1 ] WARN  FXGL.TextLevelParser - No producer found for character: 0
09:02:27.357 [FXGL Background Thread 1 ] WARN  FXGL.TextLevelParser - No producer found for character: 0
09:02:27.358 [FXGL Background Thread 1 ] WARN  FXGL.TextLevelParser - No producer found for character: 0
09:02:27.358 [FXGL Background Thread 1 ] WARN  FXGL.TextLevelParser - No producer found for character: 0
09:02:27.358 [FXGL Background Thread 1 ] WARN  FXGL.TextLevelParser - No producer found for character: 0
09:02:27.358 [FXGL Background Thread 1 ] WARN  FXGL.TextLevelParser - No producer found for character: 0
09:02:27.358 [FXGL Background Thread 1 ] WARN  FXGL.TextLevelParser - No producer found for character: 0
09:02:27.359 [FXGL Background Thread 1 ] WARN  FXGL.TextLevelParser - No producer found for character: 0
09:02:27.359 [FXGL Background Thread 1 ] WARN  FXGL.TextLevelParser - No producer found for character: 0
09:02:27.359 [FXGL Background Thread 1 ] WARN  FXGL.TextLevelParser - No producer found for character: 0
09:02:27.359 [FXGL Background Thread 1 ] WARN  FXGL.TextLevelParser - No producer found for character: 0
09:02:27.359 [FXGL Background Thread 1 ] WARN  FXGL.TextLevelParser - No producer found for character: 0
09:02:27.359 [FXGL Background Thread 1 ] WARN  FXGL.TextLevelParser - No producer found for character: 0
09:02:27.359 [FXGL Background Thread 1 ] WARN  FXGL.TextLevelParser - No producer found for character: 0
09:02:27.360 [FXGL Background Thread 1 ] WARN  FXGL.TextLevelParser - No producer found for character: 0
09:02:27.360 [FXGL Background Thread 1 ] WARN  FXGL.TextLevelParser - No producer found for character: 0
09:02:27.360 [FXGL Background Thread 1 ] WARN  FXGL.TextLevelParser - No producer found for character: 0
09:02:27.360 [FXGL Background Thread 1 ] WARN  FXGL.TextLevelParser - No producer found for character: 0
09:02:27.360 [FXGL Background Thread 1 ] WARN  FXGL.TextLevelParser - No producer found for character: 0
09:02:27.361 [FXGL Background Thread 1 ] WARN  FXGL.TextLevelParser - No producer found for character: 0
09:02:27.361 [FXGL Background Thread 1 ] WARN  FXGL.TextLevelParser - No producer found for character: 0
09:02:27.361 [FXGL Background Thread 1 ] WARN  FXGL.TextLevelParser - No producer found for character: 0
09:02:27.361 [FXGL Background Thread 1 ] WARN  FXGL.TextLevelParser - No producer found for character: 0
09:02:27.361 [FXGL Background Thread 1 ] WARN  FXGL.TextLevelParser - No producer found for character: 0
09:02:27.361 [FXGL Background Thread 1 ] WARN  FXGL.TextLevelParser - No producer found for character: 0
09:02:27.362 [FXGL Background Thread 1 ] WARN  FXGL.TextLevelParser - No producer found for character: 0
09:02:27.362 [FXGL Background Thread 1 ] WARN  FXGL.TextLevelParser - No producer found for character: 0
09:02:27.362 [FXGL Background Thread 1 ] WARN  FXGL.TextLevelParser - No producer found for character: 0
09:02:27.362 [FXGL Background Thread 1 ] WARN  FXGL.TextLevelParser - No producer found for character: 0
09:02:27.362 [FXGL Background Thread 1 ] WARN  FXGL.TextLevelParser - No producer found for character: 0
09:02:27.363 [FXGL Background Thread 1 ] WARN  FXGL.TextLevelParser - No producer found for character: 0
09:02:27.363 [FXGL Background Thread 1 ] WARN  FXGL.TextLevelParser - No producer found for character: 0
09:02:27.363 [FXGL Background Thread 1 ] WARN  FXGL.TextLevelParser - No producer found for character: 0
09:02:27.363 [FXGL Background Thread 1 ] WARN  FXGL.TextLevelParser - No producer found for character: 0
09:02:27.364 [FXGL Background Thread 1 ] WARN  FXGL.TextLevelParser - No producer found for character: 0
09:02:27.364 [FXGL Background Thread 1 ] WARN  FXGL.TextLevelParser - No producer found for character: 0
09:02:27.364 [FXGL Background Thread 1 ] WARN  FXGL.TextLevelParser - No producer found for character: 0
09:02:27.364 [FXGL Background Thread 1 ] WARN  FXGL.TextLevelParser - No producer found for character: 0
09:02:27.364 [FXGL Background Thread 1 ] WARN  FXGL.TextLevelParser - No producer found for character: 0
09:02:27.364 [FXGL Background Thread 1 ] WARN  FXGL.TextLevelParser - No producer found for character: 0
09:02:27.364 [FXGL Background Thread 1 ] WARN  FXGL.TextLevelParser - No producer found for character: 0
09:02:27.364 [FXGL Background Thread 1 ] WARN  FXGL.TextLevelParser - No producer found for character: 0
09:02:27.365 [FXGL Background Thread 1 ] WARN  FXGL.TextLevelParser - No producer found for character: 0
09:02:27.365 [FXGL Background Thread 1 ] WARN  FXGL.TextLevelParser - No producer found for character: 0
09:02:27.365 [FXGL Background Thread 1 ] WARN  FXGL.TextLevelParser - No producer found for character: 0
09:02:27.365 [FXGL Background Thread 1 ] WARN  FXGL.TextLevelParser - No producer found for character: 0
09:02:27.365 [FXGL Background Thread 1 ] WARN  FXGL.TextLevelParser - No producer found for character: 0
09:02:27.365 [FXGL Background Thread 1 ] WARN  FXGL.TextLevelParser - No producer found for character: 0
09:02:27.365 [FXGL Background Thread 1 ] WARN  FXGL.TextLevelParser - No producer found for character: 0
09:02:27.365 [FXGL Background Thread 1 ] WARN  FXGL.TextLevelParser - No producer found for character: 0
09:02:27.365 [FXGL Background Thread 1 ] WARN  FXGL.TextLevelParser - No producer found for character: 0
09:02:27.366 [FXGL Background Thread 1 ] WARN  FXGL.TextLevelParser - No producer found for character: 0
09:02:27.366 [FXGL Background Thread 1 ] WARN  FXGL.TextLevelParser - No producer found for character: 0
09:02:27.366 [FXGL Background Thread 1 ] WARN  FXGL.TextLevelParser - No producer found for character: 0
09:02:27.366 [FXGL Background Thread 1 ] WARN  FXGL.TextLevelParser - No producer found for character: 0
09:02:27.366 [FXGL Background Thread 1 ] WARN  FXGL.TextLevelParser - No producer found for character: 0
09:02:27.366 [FXGL Background Thread 1 ] WARN  FXGL.TextLevelParser - No producer found for character: 0
09:02:27.366 [FXGL Background Thread 1 ] WARN  FXGL.TextLevelParser - No producer found for character: 0
09:02:27.366 [FXGL Background Thread 1 ] WARN  FXGL.TextLevelParser - No producer found for character: 0
09:02:27.366 [FXGL Background Thread 1 ] WARN  FXGL.TextLevelParser - No producer found for character: 0
09:02:27.367 [FXGL Background Thread 1 ] WARN  FXGL.TextLevelParser - No producer found for character: 0
09:02:27.367 [FXGL Background Thread 1 ] WARN  FXGL.TextLevelParser - No producer found for character: 0
09:02:27.367 [FXGL Background Thread 1 ] WARN  FXGL.TextLevelParser - No producer found for character: 0
09:02:27.367 [FXGL Background Thread 1 ] WARN  FXGL.TextLevelParser - No producer found for character: 0
09:02:27.367 [FXGL Background Thread 1 ] WARN  FXGL.TextLevelParser - No producer found for character: 0
09:02:27.367 [FXGL Background Thread 1 ] WARN  FXGL.TextLevelParser - No producer found for character: 0
09:02:27.367 [FXGL Background Thread 1 ] WARN  FXGL.TextLevelParser - No producer found for character: 0
09:02:27.367 [FXGL Background Thread 1 ] WARN  FXGL.TextLevelParser - No producer found for character: 0
09:02:27.367 [FXGL Background Thread 1 ] WARN  FXGL.TextLevelParser - No producer found for character: 0
09:02:27.368 [FXGL Background Thread 1 ] WARN  FXGL.TextLevelParser - No producer found for character: 0
09:02:27.368 [FXGL Background Thread 1 ] WARN  FXGL.TextLevelParser - No producer found for character: 0
09:02:27.368 [FXGL Background Thread 1 ] WARN  FXGL.TextLevelParser - No producer found for character: 0
09:02:27.368 [FXGL Background Thread 1 ] WARN  FXGL.TextLevelParser - No producer found for character: 0
09:02:27.368 [FXGL Background Thread 1 ] WARN  FXGL.TextLevelParser - No producer found for character: 0
09:02:27.368 [FXGL Background Thread 1 ] WARN  FXGL.TextLevelParser - No producer found for character: 0
09:02:27.368 [FXGL Background Thread 1 ] WARN  FXGL.TextLevelParser - No producer found for character: 0
09:02:27.368 [FXGL Background Thread 1 ] WARN  FXGL.TextLevelParser - No producer found for character: 0
09:02:27.368 [FXGL Background Thread 1 ] WARN  FXGL.TextLevelParser - No producer found for character: 0
09:02:27.368 [FXGL Background Thread 1 ] WARN  FXGL.TextLevelParser - No producer found for character: 0
09:02:27.369 [FXGL Background Thread 1 ] WARN  FXGL.TextLevelParser - No producer found for character: 0
09:02:27.369 [FXGL Background Thread 1 ] WARN  FXGL.TextLevelParser - No producer found for character: 0
09:02:27.369 [FXGL Background Thread 1 ] WARN  FXGL.TextLevelParser - No producer found for character: 0
09:02:27.369 [FXGL Background Thread 1 ] WARN  FXGL.TextLevelParser - No producer found for character: 0
09:02:27.375 [FXGL Background Thread 1 ] WARN  FXGL.TextLevelParser - No producer found for character: 0
09:02:27.375 [FXGL Background Thread 1 ] WARN  FXGL.TextLevelParser - No producer found for character: 0
09:02:27.375 [FXGL Background Thread 1 ] WARN  FXGL.TextLevelParser - No producer found for character: 0
09:02:27.375 [FXGL Background Thread 1 ] WARN  FXGL.TextLevelParser - No producer found for character: 0
09:02:27.375 [FXGL Background Thread 1 ] WARN  FXGL.TextLevelParser - No producer found for character: 0
09:02:27.375 [FXGL Background Thread 1 ] WARN  FXGL.TextLevelParser - No producer found for character: 0
09:02:27.375 [FXGL Background Thread 1 ] WARN  FXGL.TextLevelParser - No producer found for character: 0
09:02:27.376 [FXGL Background Thread 1 ] WARN  FXGL.TextLevelParser - No producer found for character: 0
09:02:27.376 [FXGL Background Thread 1 ] WARN  FXGL.TextLevelParser - No producer found for character: 0
09:02:27.376 [FXGL Background Thread 1 ] WARN  FXGL.TextLevelParser - No producer found for character: 0
09:02:27.376 [FXGL Background Thread 1 ] WARN  FXGL.TextLevelParser - No producer found for character: 0
09:02:27.376 [FXGL Background Thread 1 ] WARN  FXGL.TextLevelParser - No producer found for character: 0
09:02:27.376 [FXGL Background Thread 1 ] WARN  FXGL.TextLevelParser - No producer found for character: 0
09:02:27.376 [FXGL Background Thread 1 ] WARN  FXGL.TextLevelParser - No producer found for character: 0
09:02:27.376 [FXGL Background Thread 1 ] WARN  FXGL.TextLevelParser - No producer found for character: 0
09:02:27.376 [FXGL Background Thread 1 ] WARN  FXGL.TextLevelParser - No producer found for character: 0
09:02:27.377 [FXGL Background Thread 1 ] WARN  FXGL.TextLevelParser - No producer found for character: 0
09:02:27.377 [FXGL Background Thread 1 ] WARN  FXGL.TextLevelParser - No producer found for character: 0
09:02:27.377 [FXGL Background Thread 1 ] WARN  FXGL.TextLevelParser - No producer found for character: 0
09:02:27.377 [FXGL Background Thread 1 ] WARN  FXGL.TextLevelParser - No producer found for character: 0
09:02:27.377 [FXGL Background Thread 1 ] WARN  FXGL.TextLevelParser - No producer found for character: 0
09:02:27.377 [FXGL Background Thread 1 ] WARN  FXGL.TextLevelParser - No producer found for character: 0
09:02:27.377 [FXGL Background Thread 1 ] WARN  FXGL.TextLevelParser - No producer found for character: 0
09:02:27.378 [FXGL Background Thread 1 ] WARN  FXGL.TextLevelParser - No producer found for character: 0
09:02:27.378 [FXGL Background Thread 1 ] WARN  FXGL.TextLevelParser - No producer found for character: 0
09:02:27.378 [FXGL Background Thread 1 ] WARN  FXGL.TextLevelParser - No producer found for character: 0
09:02:27.378 [FXGL Background Thread 1 ] WARN  FXGL.TextLevelParser - No producer found for character: 0
09:02:27.378 [FXGL Background Thread 1 ] WARN  FXGL.TextLevelParser - No producer found for character: 0
09:02:27.378 [FXGL Background Thread 1 ] WARN  FXGL.TextLevelParser - No producer found for character: 0
09:02:27.378 [FXGL Background Thread 1 ] WARN  FXGL.TextLevelParser - No producer found for character: 0
09:02:27.378 [FXGL Background Thread 1 ] WARN  FXGL.TextLevelParser - No producer found for character: 0
09:02:27.378 [FXGL Background Thread 1 ] WARN  FXGL.TextLevelParser - No producer found for character: 0
09:02:27.379 [FXGL Background Thread 1 ] WARN  FXGL.TextLevelParser - No producer found for character: 0
09:02:27.379 [FXGL Background Thread 1 ] WARN  FXGL.TextLevelParser - No producer found for character: 0
09:02:27.379 [FXGL Background Thread 1 ] WARN  FXGL.TextLevelParser - No producer found for character: 0
09:02:27.379 [FXGL Background Thread 1 ] WARN  FXGL.TextLevelParser - No producer found for character: 0
09:02:27.379 [FXGL Background Thread 1 ] WARN  FXGL.TextLevelParser - No producer found for character: 0
09:02:27.379 [FXGL Background Thread 1 ] WARN  FXGL.TextLevelParser - No producer found for character: 0
09:02:27.379 [FXGL Background Thread 1 ] WARN  FXGL.TextLevelParser - No producer found for character: 0
09:02:27.380 [FXGL Background Thread 1 ] WARN  FXGL.TextLevelParser - No producer found for character: 0
09:02:27.380 [FXGL Background Thread 1 ] WARN  FXGL.TextLevelParser - No producer found for character: 0
09:02:27.380 [FXGL Background Thread 1 ] WARN  FXGL.TextLevelParser - No producer found for character: 0
09:02:27.380 [FXGL Background Thread 1 ] WARN  FXGL.TextLevelParser - No producer found for character: 0
09:02:27.381 [FXGL Background Thread 1 ] WARN  FXGL.TextLevelParser - No producer found for character: 0
09:02:27.381 [FXGL Background Thread 1 ] WARN  FXGL.TextLevelParser - No producer found for character: 0
09:02:27.381 [FXGL Background Thread 1 ] WARN  FXGL.TextLevelParser - No producer found for character: 0
09:02:27.381 [FXGL Background Thread 1 ] WARN  FXGL.TextLevelParser - No producer found for character: 0
09:02:27.381 [FXGL Background Thread 1 ] WARN  FXGL.TextLevelParser - No producer found for character: 0
09:02:27.381 [FXGL Background Thread 1 ] WARN  FXGL.TextLevelParser - No producer found for character: 0
09:02:27.381 [FXGL Background Thread 1 ] WARN  FXGL.TextLevelParser - No producer found for character: 0
09:02:27.381 [FXGL Background Thread 1 ] WARN  FXGL.TextLevelParser - No producer found for character: 0
09:02:27.382 [FXGL Background Thread 1 ] WARN  FXGL.TextLevelParser - No producer found for character: 0
09:02:27.382 [FXGL Background Thread 1 ] WARN  FXGL.TextLevelParser - No producer found for character: 0
09:02:27.382 [FXGL Background Thread 1 ] WARN  FXGL.TextLevelParser - No producer found for character: 0
09:02:27.382 [FXGL Background Thread 1 ] WARN  FXGL.TextLevelParser - No producer found for character: 0
09:02:27.382 [FXGL Background Thread 1 ] WARN  FXGL.TextLevelParser - No producer found for character: 0
09:02:27.382 [FXGL Background Thread 1 ] WARN  FXGL.TextLevelParser - No producer found for character: 0
09:02:27.382 [FXGL Background Thread 1 ] WARN  FXGL.TextLevelParser - No producer found for character: 0
09:02:27.382 [FXGL Background Thread 1 ] WARN  FXGL.TextLevelParser - No producer found for character: 0
09:02:27.382 [FXGL Background Thread 1 ] WARN  FXGL.TextLevelParser - No producer found for character: 0
09:02:27.382 [FXGL Background Thread 1 ] WARN  FXGL.TextLevelParser - No producer found for character: 0
09:02:27.383 [FXGL Background Thread 1 ] WARN  FXGL.TextLevelParser - No producer found for character: 0
09:02:27.383 [FXGL Background Thread 1 ] WARN  FXGL.TextLevelParser - No producer found for character: 0
09:02:27.383 [FXGL Background Thread 1 ] WARN  FXGL.TextLevelParser - No producer found for character: 0
09:02:27.383 [FXGL Background Thread 1 ] WARN  FXGL.TextLevelParser - No producer found for character: 0
09:02:27.383 [FXGL Background Thread 1 ] WARN  FXGL.TextLevelParser - No producer found for character: 0
09:02:27.383 [FXGL Background Thread 1 ] WARN  FXGL.TextLevelParser - No producer found for character: 0
09:02:27.383 [FXGL Background Thread 1 ] WARN  FXGL.TextLevelParser - No producer found for character: 0
09:02:27.383 [FXGL Background Thread 1 ] WARN  FXGL.TextLevelParser - No producer found for character: 0
09:02:27.383 [FXGL Background Thread 1 ] WARN  FXGL.TextLevelParser - No producer found for character: 0
09:02:27.384 [FXGL Background Thread 1 ] WARN  FXGL.TextLevelParser - No producer found for character: 0
09:02:27.384 [FXGL Background Thread 1 ] WARN  FXGL.TextLevelParser - No producer found for character: 0
09:02:27.384 [FXGL Background Thread 1 ] WARN  FXGL.TextLevelParser - No producer found for character: 0
09:02:27.384 [FXGL Background Thread 1 ] WARN  FXGL.TextLevelParser - No producer found for character: 0
09:02:27.384 [FXGL Background Thread 1 ] WARN  FXGL.TextLevelParser - No producer found for character: 0
09:02:27.384 [FXGL Background Thread 1 ] WARN  FXGL.TextLevelParser - No producer found for character: 0
09:02:27.384 [FXGL Background Thread 1 ] WARN  FXGL.TextLevelParser - No producer found for character: 0
09:02:27.384 [FXGL Background Thread 1 ] WARN  FXGL.TextLevelParser - No producer found for character: 0
09:02:27.384 [FXGL Background Thread 1 ] WARN  FXGL.TextLevelParser - No producer found for character: 0
09:02:27.384 [FXGL Background Thread 1 ] WARN  FXGL.TextLevelParser - No producer found for character: 0
09:02:27.385 [FXGL Background Thread 1 ] WARN  FXGL.TextLevelParser - No producer found for character: 0
09:02:27.385 [FXGL Background Thread 1 ] WARN  FXGL.TextLevelParser - No producer found for character: 0
09:02:27.385 [FXGL Background Thread 1 ] WARN  FXGL.TextLevelParser - No producer found for character: 0
09:02:27.385 [FXGL Background Thread 1 ] WARN  FXGL.TextLevelParser - No producer found for character: 0
09:02:27.385 [FXGL Background Thread 1 ] WARN  FXGL.TextLevelParser - No producer found for character: 0
09:02:27.385 [FXGL Background Thread 1 ] WARN  FXGL.TextLevelParser - No producer found for character: 0
09:02:27.385 [FXGL Background Thread 1 ] WARN  FXGL.TextLevelParser - No producer found for character: 0
09:02:27.385 [FXGL Background Thread 1 ] WARN  FXGL.TextLevelParser - No producer found for character: 0
09:02:27.385 [FXGL Background Thread 1 ] WARN  FXGL.TextLevelParser - No producer found for character: 0
09:02:27.385 [FXGL Background Thread 1 ] WARN  FXGL.TextLevelParser - No producer found for character: 0
09:02:27.385 [FXGL Background Thread 1 ] WARN  FXGL.TextLevelParser - No producer found for character: 0
09:02:27.386 [FXGL Background Thread 1 ] WARN  FXGL.TextLevelParser - No producer found for character: 0
09:02:27.386 [FXGL Background Thread 1 ] WARN  FXGL.TextLevelParser - No producer found for character: 0
09:02:27.386 [FXGL Background Thread 1 ] WARN  FXGL.TextLevelParser - No producer found for character: 0
09:02:27.386 [FXGL Background Thread 1 ] WARN  FXGL.TextLevelParser - No producer found for character: 0
09:02:27.386 [FXGL Background Thread 1 ] WARN  FXGL.TextLevelParser - No producer found for character: 0
09:02:27.386 [FXGL Background Thread 1 ] WARN  FXGL.TextLevelParser - No producer found for character: 0
09:02:27.386 [FXGL Background Thread 1 ] WARN  FXGL.TextLevelParser - No producer found for character: 0
09:02:27.386 [FXGL Background Thread 1 ] WARN  FXGL.TextLevelParser - No producer found for character: 0
09:02:27.386 [FXGL Background Thread 1 ] WARN  FXGL.TextLevelParser - No producer found for character: 0
09:02:27.386 [FXGL Background Thread 1 ] WARN  FXGL.TextLevelParser - No producer found for character: 0
09:02:27.386 [FXGL Background Thread 1 ] WARN  FXGL.TextLevelParser - No producer found for character: 0
09:02:27.386 [FXGL Background Thread 1 ] WARN  FXGL.TextLevelParser - No producer found for character: 0
09:02:27.386 [FXGL Background Thread 1 ] WARN  FXGL.TextLevelParser - No producer found for character: 0
09:02:27.387 [FXGL Background Thread 1 ] WARN  FXGL.TextLevelParser - No producer found for character: 0
09:02:27.387 [FXGL Background Thread 1 ] WARN  FXGL.TextLevelParser - No producer found for character: 0
09:02:27.387 [FXGL Background Thread 1 ] WARN  FXGL.TextLevelParser - No producer found for character: 0
09:02:27.387 [FXGL Background Thread 1 ] WARN  FXGL.TextLevelParser - No producer found for character: 0
09:02:27.387 [FXGL Background Thread 1 ] WARN  FXGL.TextLevelParser - No producer found for character: 0
09:02:27.387 [FXGL Background Thread 1 ] WARN  FXGL.TextLevelParser - No producer found for character: 0
09:02:27.387 [FXGL Background Thread 1 ] WARN  FXGL.TextLevelParser - No producer found for character: 0
09:02:27.387 [FXGL Background Thread 1 ] WARN  FXGL.TextLevelParser - No producer found for character: 0
09:02:27.387 [FXGL Background Thread 1 ] WARN  FXGL.TextLevelParser - No producer found for character: 0
09:02:27.387 [FXGL Background Thread 1 ] WARN  FXGL.TextLevelParser - No producer found for character: 0
09:02:27.387 [FXGL Background Thread 1 ] WARN  FXGL.TextLevelParser - No producer found for character: 0
09:02:27.388 [FXGL Background Thread 1 ] WARN  FXGL.TextLevelParser - No producer found for character: 0
09:02:27.388 [FXGL Background Thread 1 ] WARN  FXGL.TextLevelParser - No producer found for character: 0
09:02:27.388 [FXGL Background Thread 1 ] WARN  FXGL.TextLevelParser - No producer found for character: 0
09:02:27.388 [FXGL Background Thread 1 ] WARN  FXGL.TextLevelParser - No producer found for character: 0
09:02:27.388 [FXGL Background Thread 1 ] WARN  FXGL.TextLevelParser - No producer found for character: 0
09:02:27.388 [FXGL Background Thread 1 ] WARN  FXGL.TextLevelParser - No producer found for character: 0
09:02:27.388 [FXGL Background Thread 1 ] WARN  FXGL.TextLevelParser - No producer found for character: 0
09:02:27.388 [FXGL Background Thread 1 ] WARN  FXGL.TextLevelParser - No producer found for character: 0
09:02:27.388 [FXGL Background Thread 1 ] WARN  FXGL.TextLevelParser - No producer found for character: 0
09:02:27.388 [FXGL Background Thread 1 ] WARN  FXGL.TextLevelParser - No producer found for character: 0
09:02:27.388 [FXGL Background Thread 1 ] WARN  FXGL.TextLevelParser - No producer found for character: 0
09:02:27.389 [FXGL Background Thread 1 ] WARN  FXGL.TextLevelParser - No producer found for character: 0
09:02:27.389 [FXGL Background Thread 1 ] WARN  FXGL.TextLevelParser - No producer found for character: 0
09:02:27.389 [FXGL Background Thread 1 ] WARN  FXGL.TextLevelParser - No producer found for character: 0
09:02:27.389 [FXGL Background Thread 1 ] WARN  FXGL.TextLevelParser - No producer found for character: 0
09:02:27.389 [FXGL Background Thread 1 ] WARN  FXGL.TextLevelParser - No producer found for character: 0
09:02:27.389 [FXGL Background Thread 1 ] WARN  FXGL.TextLevelParser - No producer found for character: 0
09:02:27.389 [FXGL Background Thread 1 ] WARN  FXGL.TextLevelParser - No producer found for character: 0
09:02:27.389 [FXGL Background Thread 1 ] WARN  FXGL.TextLevelParser - No producer found for character: 0
09:02:27.390 [FXGL Background Thread 1 ] WARN  FXGL.TextLevelParser - No producer found for character: 0
09:02:27.390 [FXGL Background Thread 1 ] WARN  FXGL.TextLevelParser - No producer found for character: 0
09:02:27.390 [FXGL Background Thread 1 ] WARN  FXGL.TextLevelParser - No producer found for character: 0
09:02:27.390 [FXGL Background Thread 1 ] WARN  FXGL.TextLevelParser - No producer found for character: 0
09:02:27.390 [FXGL Background Thread 1 ] WARN  FXGL.TextLevelParser - No producer found for character: 0
09:02:27.390 [FXGL Background Thread 1 ] WARN  FXGL.TextLevelParser - No producer found for character: 0
09:02:27.390 [FXGL Background Thread 1 ] WARN  FXGL.TextLevelParser - No producer found for character: 0
09:02:27.390 [FXGL Background Thread 1 ] WARN  FXGL.TextLevelParser - No producer found for character: 0
09:02:27.390 [FXGL Background Thread 1 ] WARN  FXGL.TextLevelParser - No producer found for character: 0
09:02:27.390 [FXGL Background Thread 1 ] WARN  FXGL.TextLevelParser - No producer found for character: 0
09:02:27.391 [FXGL Background Thread 1 ] WARN  FXGL.TextLevelParser - No producer found for character: 0
09:02:27.391 [FXGL Background Thread 1 ] WARN  FXGL.TextLevelParser - No producer found for character: 0
09:02:27.391 [FXGL Background Thread 1 ] WARN  FXGL.TextLevelParser - No producer found for character: 0
09:02:27.391 [FXGL Background Thread 1 ] WARN  FXGL.TextLevelParser - No producer found for character: 0
09:02:27.391 [FXGL Background Thread 1 ] WARN  FXGL.TextLevelParser - No producer found for character: 0
09:02:27.391 [FXGL Background Thread 1 ] WARN  FXGL.TextLevelParser - No producer found for character: 0
09:02:27.391 [FXGL Background Thread 1 ] WARN  FXGL.TextLevelParser - No producer found for character: 0
09:02:27.391 [FXGL Background Thread 1 ] WARN  FXGL.TextLevelParser - No producer found for character: 0
09:02:27.391 [FXGL Background Thread 1 ] WARN  FXGL.TextLevelParser - No producer found for character: 0
09:02:27.391 [FXGL Background Thread 1 ] WARN  FXGL.TextLevelParser - No producer found for character: 0
09:02:27.391 [FXGL Background Thread 1 ] WARN  FXGL.TextLevelParser - No producer found for character: 0
09:02:27.392 [FXGL Background Thread 1 ] WARN  FXGL.TextLevelParser - No producer found for character: 0
09:02:27.392 [FXGL Background Thread 1 ] WARN  FXGL.TextLevelParser - No producer found for character: 0
09:02:27.392 [FXGL Background Thread 1 ] WARN  FXGL.TextLevelParser - No producer found for character: 0
09:02:27.392 [FXGL Background Thread 1 ] WARN  FXGL.TextLevelParser - No producer found for character: 0
09:02:27.392 [FXGL Background Thread 1 ] WARN  FXGL.TextLevelParser - No producer found for character: 0
09:02:27.392 [FXGL Background Thread 1 ] WARN  FXGL.TextLevelParser - No producer found for character: 0
09:02:27.392 [FXGL Background Thread 1 ] WARN  FXGL.TextLevelParser - No producer found for character: 0
09:02:27.392 [FXGL Background Thread 1 ] WARN  FXGL.TextLevelParser - No producer found for character: 0
09:02:27.392 [FXGL Background Thread 1 ] WARN  FXGL.TextLevelParser - No producer found for character: 0
09:02:27.392 [FXGL Background Thread 1 ] WARN  FXGL.TextLevelParser - No producer found for character: 0
09:02:27.392 [FXGL Background Thread 1 ] WARN  FXGL.TextLevelParser - No producer found for character: 0
09:02:27.392 [FXGL Background Thread 1 ] WARN  FXGL.TextLevelParser - No producer found for character: 0
09:02:27.392 [FXGL Background Thread 1 ] WARN  FXGL.TextLevelParser - No producer found for character: 0
09:02:27.393 [FXGL Background Thread 1 ] WARN  FXGL.TextLevelParser - No producer found for character: 0
09:02:27.393 [FXGL Background Thread 1 ] WARN  FXGL.TextLevelParser - No producer found for character: 0
09:02:27.393 [FXGL Background Thread 1 ] WARN  FXGL.TextLevelParser - No producer found for character: 0
09:02:27.393 [FXGL Background Thread 1 ] WARN  FXGL.TextLevelParser - No producer found for character: 0
09:02:27.393 [FXGL Background Thread 1 ] WARN  FXGL.TextLevelParser - No producer found for character: 0
09:02:27.393 [FXGL Background Thread 1 ] WARN  FXGL.TextLevelParser - No producer found for character: 0
09:02:27.393 [FXGL Background Thread 1 ] WARN  FXGL.TextLevelParser - No producer found for character: 0
09:02:27.394 [FXGL Background Thread 1 ] WARN  FXGL.TextLevelParser - No producer found for character: 0
09:02:27.394 [FXGL Background Thread 1 ] WARN  FXGL.TextLevelParser - No producer found for character: 0
09:02:27.394 [FXGL Background Thread 1 ] WARN  FXGL.TextLevelParser - No producer found for character: 0
09:02:27.394 [FXGL Background Thread 1 ] WARN  FXGL.TextLevelParser - No producer found for character: 0
09:02:27.394 [FXGL Background Thread 1 ] WARN  FXGL.TextLevelParser - No producer found for character: 0
09:02:27.394 [FXGL Background Thread 1 ] WARN  FXGL.TextLevelParser - No producer found for character: 0
09:02:27.394 [FXGL Background Thread 1 ] WARN  FXGL.TextLevelParser - No producer found for character: 0
09:02:27.394 [FXGL Background Thread 1 ] WARN  FXGL.TextLevelParser - No producer found for character: 0
09:02:27.394 [FXGL Background Thread 1 ] WARN  FXGL.TextLevelParser - No producer found for character: 0
09:02:27.394 [FXGL Background Thread 1 ] WARN  FXGL.TextLevelParser - No producer found for character: 0
09:02:27.395 [FXGL Background Thread 1 ] WARN  FXGL.TextLevelParser - No producer found for character: 0
09:02:27.395 [FXGL Background Thread 1 ] WARN  FXGL.TextLevelParser - No producer found for character: 0
09:02:27.395 [FXGL Background Thread 1 ] WARN  FXGL.TextLevelParser - No producer found for character: 0
09:02:27.395 [FXGL Background Thread 1 ] WARN  FXGL.TextLevelParser - No producer found for character: 0
09:02:27.395 [FXGL Background Thread 1 ] WARN  FXGL.TextLevelParser - No producer found for character: 0
09:02:27.395 [FXGL Background Thread 1 ] WARN  FXGL.TextLevelParser - No producer found for character: 0
09:02:27.395 [FXGL Background Thread 1 ] WARN  FXGL.TextLevelParser - No producer found for character: 0
09:02:27.395 [FXGL Background Thread 1 ] WARN  FXGL.TextLevelParser - No producer found for character: 0
09:02:27.395 [FXGL Background Thread 1 ] WARN  FXGL.TextLevelParser - No producer found for character: 0
09:02:27.395 [FXGL Background Thread 1 ] WARN  FXGL.TextLevelParser - No producer found for character: 0
09:02:27.395 [FXGL Background Thread 1 ] WARN  FXGL.TextLevelParser - No producer found for character: 0
09:02:27.396 [FXGL Background Thread 1 ] WARN  FXGL.TextLevelParser - No producer found for character: 0
09:02:27.396 [FXGL Background Thread 1 ] WARN  FXGL.TextLevelParser - No producer found for character: 0
09:02:27.396 [FXGL Background Thread 1 ] WARN  FXGL.TextLevelParser - No producer found for character: 0
09:02:27.396 [FXGL Background Thread 1 ] WARN  FXGL.TextLevelParser - No producer found for character: 0
09:02:27.396 [FXGL Background Thread 1 ] WARN  FXGL.TextLevelParser - No producer found for character: 0
09:02:27.396 [FXGL Background Thread 1 ] WARN  FXGL.TextLevelParser - No producer found for character: 0
09:02:27.396 [FXGL Background Thread 1 ] WARN  FXGL.TextLevelParser - No producer found for character: 0
09:02:27.396 [FXGL Background Thread 1 ] WARN  FXGL.TextLevelParser - No producer found for character: 0
09:02:27.396 [FXGL Background Thread 1 ] WARN  FXGL.TextLevelParser - No producer found for character: 0
09:02:27.396 [FXGL Background Thread 1 ] WARN  FXGL.TextLevelParser - No producer found for character: 0
09:02:27.396 [FXGL Background Thread 1 ] WARN  FXGL.TextLevelParser - No producer found for character: 0
09:02:27.397 [FXGL Background Thread 1 ] WARN  FXGL.TextLevelParser - No producer found for character: 0
09:02:27.397 [FXGL Background Thread 1 ] WARN  FXGL.TextLevelParser - No producer found for character: 0
09:02:27.397 [FXGL Background Thread 1 ] WARN  FXGL.TextLevelParser - No producer found for character: 0
09:02:27.397 [FXGL Background Thread 1 ] WARN  FXGL.TextLevelParser - No producer found for character: 0
09:02:27.397 [FXGL Background Thread 1 ] WARN  FXGL.TextLevelParser - No producer found for character: 0
09:02:27.397 [FXGL Background Thread 1 ] WARN  FXGL.TextLevelParser - No producer found for character: 0
09:02:27.397 [FXGL Background Thread 1 ] WARN  FXGL.TextLevelParser - No producer found for character: 0
09:02:27.397 [FXGL Background Thread 1 ] WARN  FXGL.TextLevelParser - No producer found for character: 0
09:02:27.397 [FXGL Background Thread 1 ] WARN  FXGL.TextLevelParser - No producer found for character: 0
09:02:27.397 [FXGL Background Thread 1 ] WARN  FXGL.TextLevelParser - No producer found for character: 0
09:02:27.397 [FXGL Background Thread 1 ] WARN  FXGL.TextLevelParser - No producer found for character: 0
09:02:27.397 [FXGL Background Thread 1 ] WARN  FXGL.TextLevelParser - No producer found for character: 0
09:02:27.397 [FXGL Background Thread 1 ] WARN  FXGL.TextLevelParser - No producer found for character: 0
09:02:27.397 [FXGL Background Thread 1 ] WARN  FXGL.TextLevelParser - No producer found for character: 0
09:02:27.398 [FXGL Background Thread 1 ] WARN  FXGL.TextLevelParser - No producer found for character: 0
09:02:27.398 [FXGL Background Thread 1 ] WARN  FXGL.TextLevelParser - No producer found for character: 0
09:02:27.398 [FXGL Background Thread 1 ] WARN  FXGL.TextLevelParser - No producer found for character: 0
09:02:27.398 [FXGL Background Thread 1 ] WARN  FXGL.TextLevelParser - No producer found for character: 0
09:02:27.398 [FXGL Background Thread 1 ] WARN  FXGL.TextLevelParser - No producer found for character: 0
09:02:27.398 [FXGL Background Thread 1 ] WARN  FXGL.TextLevelParser - No producer found for character: 0
09:02:27.399 [FXGL Background Thread 1 ] DEBUG AssetLoader          - Loading from disk: /assets/textures/bar.png
09:02:27.400 [FXGL Background Thread 1 ] WARN  FXGL.TextLevelParser - No producer found for character: 0
09:02:27.401 [FXGL Background Thread 1 ] WARN  FXGL.TextLevelParser - No producer found for character: 0
09:02:27.401 [FXGL Background Thread 1 ] WARN  FXGL.TextLevelParser - No producer found for character: 0
09:02:27.401 [FXGL Background Thread 1 ] WARN  FXGL.TextLevelParser - No producer found for character: 0
09:02:27.401 [FXGL Background Thread 1 ] WARN  FXGL.TextLevelParser - No producer found for character: 0
09:02:27.401 [FXGL Background Thread 1 ] WARN  FXGL.TextLevelParser - No producer found for character: 0
09:02:27.401 [FXGL Background Thread 1 ] WARN  FXGL.TextLevelParser - No producer found for character: 0
09:02:27.401 [FXGL Background Thread 1 ] WARN  FXGL.TextLevelParser - No producer found for character: 0
09:02:27.401 [FXGL Background Thread 1 ] WARN  FXGL.TextLevelParser - No producer found for character: 0
09:02:27.401 [FXGL Background Thread 1 ] WARN  FXGL.TextLevelParser - No producer found for character: 0
09:02:27.401 [FXGL Background Thread 1 ] WARN  FXGL.TextLevelParser - No producer found for character: 0
09:02:27.401 [FXGL Background Thread 1 ] WARN  FXGL.TextLevelParser - No producer found for character: 0
09:02:27.401 [FXGL Background Thread 1 ] WARN  FXGL.TextLevelParser - No producer found for character: 0
09:02:27.402 [FXGL Background Thread 1 ] WARN  FXGL.TextLevelParser - No producer found for character: 0
09:02:27.402 [FXGL Background Thread 1 ] WARN  FXGL.TextLevelParser - No producer found for character: 0
09:02:27.402 [FXGL Background Thread 1 ] WARN  FXGL.TextLevelParser - No producer found for character: 0
09:02:27.402 [FXGL Background Thread 1 ] WARN  FXGL.TextLevelParser - No producer found for character: 0
09:02:27.402 [FXGL Background Thread 1 ] WARN  FXGL.TextLevelParser - No producer found for character: 0
09:02:27.402 [FXGL Background Thread 1 ] WARN  FXGL.TextLevelParser - No producer found for character: 0
09:02:27.402 [FXGL Background Thread 1 ] WARN  FXGL.TextLevelParser - No producer found for character: 0
09:02:27.402 [FXGL Background Thread 1 ] WARN  FXGL.TextLevelParser - No producer found for character: 0
09:02:27.402 [FXGL Background Thread 1 ] WARN  FXGL.TextLevelParser - No producer found for character: 0
09:02:27.402 [FXGL Background Thread 1 ] WARN  FXGL.TextLevelParser - No producer found for character: 0
09:02:27.402 [FXGL Background Thread 1 ] WARN  FXGL.TextLevelParser - No producer found for character: 0
09:02:27.402 [FXGL Background Thread 1 ] WARN  FXGL.TextLevelParser - No producer found for character: 0
09:02:27.402 [FXGL Background Thread 1 ] WARN  FXGL.TextLevelParser - No producer found for character: 0
09:02:27.402 [FXGL Background Thread 1 ] WARN  FXGL.TextLevelParser - No producer found for character: 0
09:02:27.403 [FXGL Background Thread 1 ] WARN  FXGL.TextLevelParser - No producer found for character: 0
09:02:27.403 [FXGL Background Thread 1 ] WARN  FXGL.TextLevelParser - No producer found for character: 0
09:02:27.403 [FXGL Background Thread 1 ] WARN  FXGL.TextLevelParser - No producer found for character: 0
09:02:27.403 [FXGL Background Thread 1 ] WARN  FXGL.TextLevelParser - No producer found for character: 0
09:02:27.403 [FXGL Background Thread 1 ] WARN  FXGL.TextLevelParser - No producer found for character: 0
09:02:27.403 [FXGL Background Thread 1 ] WARN  FXGL.TextLevelParser - No producer found for character: 0
09:02:27.403 [FXGL Background Thread 1 ] WARN  FXGL.TextLevelParser - No producer found for character: 0
09:02:27.403 [FXGL Background Thread 1 ] WARN  FXGL.TextLevelParser - No producer found for character: 0
09:02:27.403 [FXGL Background Thread 1 ] WARN  FXGL.TextLevelParser - No producer found for character: 0
09:02:27.403 [FXGL Background Thread 1 ] DEBUG AssetLoader          - Loading from disk: /assets/textures/fire.png
09:02:27.408 [FXGL Background Thread 1 ] WARN  FXGL.TextLevelParser - No producer found for character: 0
09:02:27.408 [FXGL Background Thread 1 ] DEBUG AssetLoader          - Loading from cache: /assets/textures/fire.png@93.0x80.0
09:02:27.409 [FXGL Background Thread 1 ] WARN  FXGL.TextLevelParser - No producer found for character: 0
09:02:27.410 [FXGL Background Thread 1 ] DEBUG AssetLoader          - Loading from cache: /assets/textures/fire.png@93.0x80.0
09:02:27.411 [FXGL Background Thread 1 ] WARN  FXGL.TextLevelParser - No producer found for character: 0
09:02:27.412 [FXGL Background Thread 1 ] DEBUG AssetLoader          - Loading from cache: /assets/textures/fire.png@93.0x80.0
09:02:27.413 [FXGL Background Thread 1 ] WARN  FXGL.TextLevelParser - No producer found for character: 0
09:02:27.414 [FXGL Background Thread 1 ] DEBUG AssetLoader          - Loading from cache: /assets/textures/fire.png@93.0x80.0
09:02:27.415 [FXGL Background Thread 1 ] WARN  FXGL.TextLevelParser - No producer found for character: 0
09:02:27.416 [FXGL Background Thread 1 ] DEBUG AssetLoader          - Loading from cache: /assets/textures/fire.png@93.0x80.0
09:02:27.416 [FXGL Background Thread 1 ] WARN  FXGL.TextLevelParser - No producer found for character: 0
09:02:27.417 [FXGL Background Thread 1 ] DEBUG AssetLoader          - Loading from cache: /assets/textures/fire.png@93.0x80.0
09:02:27.418 [FXGL Background Thread 1 ] WARN  FXGL.TextLevelParser - No producer found for character: 0
09:02:27.418 [FXGL Background Thread 1 ] DEBUG AssetLoader          - Loading from cache: /assets/textures/fire.png@93.0x80.0
09:02:27.419 [FXGL Background Thread 1 ] WARN  FXGL.TextLevelParser - No producer found for character: 0
09:02:27.419 [FXGL Background Thread 1 ] DEBUG AssetLoader          - Loading from cache: /assets/textures/fire.png@93.0x80.0
09:02:27.420 [FXGL Background Thread 1 ] WARN  FXGL.TextLevelParser - No producer found for character: 0
09:02:27.420 [FXGL Background Thread 1 ] DEBUG AssetLoader          - Loading from cache: /assets/textures/fire.png@93.0x80.0
09:02:27.421 [FXGL Background Thread 1 ] WARN  FXGL.TextLevelParser - No producer found for character: 0
09:02:27.421 [FXGL Background Thread 1 ] DEBUG AssetLoader          - Loading from cache: /assets/textures/fire.png@93.0x80.0
09:02:27.422 [FXGL Background Thread 1 ] WARN  FXGL.TextLevelParser - No producer found for character: 0
09:02:27.423 [FXGL Background Thread 1 ] DEBUG AssetLoader          - Loading from cache: /assets/textures/fire.png@93.0x80.0
09:02:27.423 [FXGL Background Thread 1 ] WARN  FXGL.TextLevelParser - No producer found for character: 0
09:02:27.424 [FXGL Background Thread 1 ] DEBUG GameWorld            - Clearing removable entities
09:02:27.424 [FXGL Background Thread 1 ] DEBUG GameWorld            - Setting level: com.almasb.fxgl.entity.Level@199798aa
09:02:27.450 [FXGL Background Thread 1 ] DEBUG GameScene            - Creating render group for layer: DEFAULT(100000)
09:02:27.464 [FXGL Background Thread 1 ] DEBUG GameScene            - Creating render group for layer: BACKGROUND(1000)
09:02:27.465 [FXGL Background Thread 1 ] DEBUG InitAppTask          - Initializing Physics
09:02:27.465 [FXGL Background Thread 1 ] DEBUG InitAppTask          - Initializing UI
09:02:27.469 [FXGL Background Thread 1 ] DEBUG InitAppTask          - Initialization Complete
09:02:27.469 [FXGL Background Thread 1 ] INFO  InitAppTask          - Game initialization took: 0,249 sec
09:02:27.471 [JavaFX Application Thread] DEBUG Input                - Clearing active input actions
09:02:27.488 [JavaFX Application Thread] DEBUG AppStateMachine      - LoadingState -> PlayState
09:02:39.982 [JavaFX Application Thread] DEBUG GameApplication      - Exiting game application
09:02:39.982 [JavaFX Application Thread] DEBUG GameApplication      - Shutting down background threads
09:02:39.983 [JavaFX Application Thread] DEBUG GameApplication      - Exiting FXGL
09:02:39.983 [JavaFX Application Thread] DEBUG FXGL                 - Saving FXGL system data
09:02:39.986 [JavaFX Application Thread] DEBUG FS                   - Writing to: system\fxgl.bundle
09:02:39.989 [JavaFX Application Thread] DEBUG GameApplication      - Closing logger and exiting JavaFX
