10:18:20.633 [JavaFX Application Thread] DEBUG GameApplication      - Logger initialized
10:18:20.651 [JavaFX Application Thread] DEBUG MainWindow           - Creating a JavaFX scene
10:18:20.772 [JavaFX Application Thread] DEBUG MainWindow           - Target settings size: 900.0 x 780.0
10:18:20.772 [JavaFX Application Thread] DEBUG MainWindow           - Scaled scene size:    900.0 x 780.0
10:18:20.773 [JavaFX Application Thread] DEBUG MainWindow           - Scaled ratio: (1.0, 1.0)
10:18:20.776 [JavaFX Application Thread] DEBUG GameApplication      - Starting FXGL
10:18:20.797 [FXGL Launcher Thread     ] INFO  FXGL                 - FXGL-0.5.0 on DESKTOP
10:18:20.797 [FXGL Launcher Thread     ] INFO  FXGL                 - Source code and latest versions at: https://github.com/AlmasB/FXGL
10:18:20.797 [FXGL Launcher Thread     ] INFO  FXGL                 -              Join the FXGL chat at: https://gitter.im/AlmasB/FXGL
10:18:20.802 [FXGL Launcher Thread     ] DEBUG FXGL                 - Loading FXGL system data
10:18:20.812 [FXGL Launcher Thread     ] DEBUG FS                   - Reading from: system\fxgl.bundle
10:18:20.821 [FXGL Launcher Thread     ] DEBUG Bundle               - Logging bundle: FXGL
10:18:20.822 [FXGL Launcher Thread     ] DEBUG Bundle               - FXGL.offline.timer.version.check=2019-01-24T08:55:57.713219300
10:18:20.853 [FXGL Launcher Thread     ] DEBUG GameApplication      - FXGL started
10:18:20.854 [FXGL Launcher Thread     ] DEBUG GameApplication      - Logging game settings
Title: Breakout
Version: 0.1
Width: 900
Height: 780
Fullscreen: false
Intro: false
Menus: false
Profiling: false
Single step:false
App Mode: DEVELOPER
Menu Key: ESCAPE
Stage Style: DECORATED
Scene Factory: class com.almasb.fxgl.scene.SceneFactory
Dialog Factory: class com.almasb.fxgl.ui.FXGLDialogFactory
UI Factory: class com.almasb.fxgl.ui.FXGLUIFactory
Notification Service: class com.almasb.fxgl.gameplay.notification.XboxNotificationView
Exception Handler: class com.almasb.fxgl.app.FXGLExceptionHandler
10:18:20.855 [FXGL Launcher Thread     ] DEBUG GameApplication      - Configuring GameApplication
10:18:20.855 [FXGL Launcher Thread     ] DEBUG GameApplication      - Initializing state machine and application states
10:18:20.871 [FXGL Launcher Thread     ] DEBUG AssetLoader          - Loading from disk: /assets/ui/cursors/fxgl_default.png
10:18:20.887 [FXGL Launcher Thread     ] DEBUG AssetLoader          - Loading from disk: /assets/ui/cursors/fxgl_default.png
10:18:20.911 [FXGL Launcher Thread     ] DEBUG FXGLAssets           - Loading FXGLAssets
10:18:20.939 [FXGL Launcher Thread     ] DEBUG AssetLoader          - Loading from disk: /assets/ui/fonts/VarelaRound-Regular.ttf
10:18:21.117 [FXGL Launcher Thread     ] DEBUG AssetLoader          - Loading from disk: /assets/ui/fonts/lucida_console.ttf
10:18:21.122 [FXGL Launcher Thread     ] DEBUG AssetLoader          - Loading from disk: /assets/ui/css/fxgl_dark.css
10:18:21.122 [FXGL Launcher Thread     ] DEBUG AssetLoader          - Loading from disk: /assets/ui/icons/fxgl_icon.png
10:18:21.161 [FXGL Launcher Thread     ] DEBUG AssetLoader          - Loading from disk: /assets/ui/cursors/fxgl_default.png
10:18:21.170 [FXGL Launcher Thread     ] DEBUG AssetLoader          - Loading from disk: /assets/ui/cursors/fxgl_default.png
10:18:21.193 [FXGL Launcher Thread     ] DEBUG GameScene            - Game scene initialized: 900x780
10:18:21.207 [FXGL Launcher Thread     ] DEBUG GameWorld            - Game world initialized
10:18:21.267 [FXGL Launcher Thread     ] DEBUG PhysicsWorld         - Physics world initialized: appHeight=780, physics.ppm=50,0
10:18:21.281 [FXGL Launcher Thread     ] DEBUG Input                - Registered new binding: Pause - Esc
10:18:21.302 [FXGL Launcher Thread     ] DEBUG Input                - Clearing active input actions
10:18:21.347 [FXGL Launcher Thread     ] DEBUG AppStateMachine      - StartupState -> StartupState
10:18:21.356 [FXGL Launcher Thread     ] INFO  GameApplication      - Game configuration took:  0,500 sec
10:18:21.360 [JavaFX Application Thread] DEBUG MainWindow           - Opening main window
10:18:21.463 [JavaFX Application Thread] DEBUG MainWindow           - Window border size: (14.4000244140625, 37.5999755859375)
10:18:21.463 [JavaFX Application Thread] DEBUG MainWindow           - Scaled size: 900.0 x 780.0
10:18:21.463 [JavaFX Application Thread] DEBUG MainWindow           - Scaled ratio: (1.0, 1.0)
10:18:21.463 [JavaFX Application Thread] DEBUG MainWindow           - Scene size: 900.0 x 780.0
10:18:21.464 [JavaFX Application Thread] DEBUG MainWindow           - Stage size: 914.4000244140625 x 817.5999755859375
10:18:21.464 [JavaFX Application Thread] DEBUG GameApplication      - Running preInit()
10:18:21.466 [JavaFX Application Thread] DEBUG Input                - Registered new binding: Screenshot - P
10:18:21.467 [JavaFX Application Thread] DEBUG Input                - Registered new binding: Dev Options - CTRL+0
10:18:21.467 [JavaFX Application Thread] DEBUG Input                - Registered new binding: System info dump - CTRL+9
10:18:21.468 [JavaFX Application Thread] DEBUG Input                - Registered new binding: Restart - CTRL+R
10:18:21.468 [JavaFX Application Thread] DEBUG Input                - Registered new binding: Move Left - A
10:18:21.469 [JavaFX Application Thread] DEBUG Input                - Registered new binding: Move Right - D
10:18:21.488 [JavaFX Application Thread] DEBUG GameApplication      - Starting main loop
10:18:21.490 [JavaFX Application Thread] DEBUG StartupState         - STARTUP
10:18:21.490 [JavaFX Application Thread] DEBUG GameApplication      - Starting new game
10:18:21.490 [JavaFX Application Thread] DEBUG Input                - Clearing active input actions
10:18:21.501 [JavaFX Application Thread] DEBUG AppStateMachine      - StartupState -> LoadingState
10:18:21.504 [FXGL Background Thread 1 ] DEBUG InitAppTask          - Clearing previous game
10:18:21.504 [FXGL Background Thread 1 ] DEBUG GameWorld            - Clearing game world
10:18:21.504 [FXGL Background Thread 1 ] DEBUG PhysicsWorld         - Clearing physics world
10:18:21.504 [FXGL Background Thread 1 ] DEBUG GameScene            - Clearing game scene
10:18:21.505 [FXGL Background Thread 1 ] DEBUG InitAppTask          - Initializing Game
10:18:21.547 [FXGL Background Thread 1 ] DEBUG AssetLoader          - Loading from disk: /assets/text/levels/level1.txt
10:18:21.549 [FXGL Background Thread 1 ] WARN  FXGL.TextLevelParser - No producer found for character: 0
10:18:21.549 [FXGL Background Thread 1 ] WARN  FXGL.TextLevelParser - No producer found for character: 0
10:18:21.549 [FXGL Background Thread 1 ] WARN  FXGL.TextLevelParser - No producer found for character: 0
10:18:21.550 [FXGL Background Thread 1 ] WARN  FXGL.TextLevelParser - No producer found for character: 0
10:18:21.550 [FXGL Background Thread 1 ] WARN  FXGL.TextLevelParser - No producer found for character: 0
10:18:21.550 [FXGL Background Thread 1 ] WARN  FXGL.TextLevelParser - No producer found for character: 0
10:18:21.550 [FXGL Background Thread 1 ] WARN  FXGL.TextLevelParser - No producer found for character: 0
10:18:21.550 [FXGL Background Thread 1 ] WARN  FXGL.TextLevelParser - No producer found for character: 0
10:18:21.550 [FXGL Background Thread 1 ] WARN  FXGL.TextLevelParser - No producer found for character: 0
10:18:21.551 [FXGL Background Thread 1 ] WARN  FXGL.TextLevelParser - No producer found for character: 0
10:18:21.551 [FXGL Background Thread 1 ] WARN  FXGL.TextLevelParser - No producer found for character: 0
10:18:21.551 [FXGL Background Thread 1 ] WARN  FXGL.TextLevelParser - No producer found for character: 0
10:18:21.551 [FXGL Background Thread 1 ] WARN  FXGL.TextLevelParser - No producer found for character: 0
10:18:21.551 [FXGL Background Thread 1 ] WARN  FXGL.TextLevelParser - No producer found for character: 0
10:18:21.551 [FXGL Background Thread 1 ] WARN  FXGL.TextLevelParser - No producer found for character: 0
10:18:21.552 [FXGL Background Thread 1 ] WARN  FXGL.TextLevelParser - No producer found for character: 0
10:18:21.552 [FXGL Background Thread 1 ] WARN  FXGL.TextLevelParser - No producer found for character: 0
10:18:21.552 [FXGL Background Thread 1 ] WARN  FXGL.TextLevelParser - No producer found for character: 0
10:18:21.552 [FXGL Background Thread 1 ] WARN  FXGL.TextLevelParser - No producer found for character: 0
10:18:21.552 [FXGL Background Thread 1 ] WARN  FXGL.TextLevelParser - No producer found for character: 0
10:18:21.552 [FXGL Background Thread 1 ] WARN  FXGL.TextLevelParser - No producer found for character: 0
10:18:21.553 [FXGL Background Thread 1 ] WARN  FXGL.TextLevelParser - No producer found for character: 0
10:18:21.553 [FXGL Background Thread 1 ] WARN  FXGL.TextLevelParser - No producer found for character: 0
10:18:21.553 [FXGL Background Thread 1 ] WARN  FXGL.TextLevelParser - No producer found for character: 0
10:18:21.553 [FXGL Background Thread 1 ] WARN  FXGL.TextLevelParser - No producer found for character: 0
10:18:21.553 [FXGL Background Thread 1 ] WARN  FXGL.TextLevelParser - No producer found for character: 0
10:18:21.554 [FXGL Background Thread 1 ] WARN  FXGL.TextLevelParser - No producer found for character: 0
10:18:21.554 [FXGL Background Thread 1 ] WARN  FXGL.TextLevelParser - No producer found for character: 0
10:18:21.554 [FXGL Background Thread 1 ] WARN  FXGL.TextLevelParser - No producer found for character: 0
10:18:21.554 [FXGL Background Thread 1 ] WARN  FXGL.TextLevelParser - No producer found for character: 0
10:18:21.554 [FXGL Background Thread 1 ] WARN  FXGL.TextLevelParser - No producer found for character: 0
10:18:21.554 [FXGL Background Thread 1 ] WARN  FXGL.TextLevelParser - No producer found for character: 0
10:18:21.555 [FXGL Background Thread 1 ] WARN  FXGL.TextLevelParser - No producer found for character: 0
10:18:21.555 [FXGL Background Thread 1 ] WARN  FXGL.TextLevelParser - No producer found for character: 0
10:18:21.555 [FXGL Background Thread 1 ] WARN  FXGL.TextLevelParser - No producer found for character: 0
10:18:21.555 [FXGL Background Thread 1 ] WARN  FXGL.TextLevelParser - No producer found for character: 0
10:18:21.555 [FXGL Background Thread 1 ] WARN  FXGL.TextLevelParser - No producer found for character: 0
10:18:21.555 [FXGL Background Thread 1 ] WARN  FXGL.TextLevelParser - No producer found for character: 0
10:18:21.555 [FXGL Background Thread 1 ] WARN  FXGL.TextLevelParser - No producer found for character: 0
10:18:21.556 [FXGL Background Thread 1 ] WARN  FXGL.TextLevelParser - No producer found for character: 0
10:18:21.556 [FXGL Background Thread 1 ] WARN  FXGL.TextLevelParser - No producer found for character: 0
10:18:21.556 [FXGL Background Thread 1 ] WARN  FXGL.TextLevelParser - No producer found for character: 0
10:18:21.594 [FXGL Background Thread 1 ] DEBUG AssetLoader          - Loading from disk: /assets/textures/brick1.png
10:18:21.606 [FXGL Background Thread 1 ] WARN  FXGL.TextLevelParser - No producer found for character: 0
10:18:21.607 [FXGL Background Thread 1 ] WARN  FXGL.TextLevelParser - No producer found for character: 0
10:18:21.607 [FXGL Background Thread 1 ] WARN  FXGL.TextLevelParser - No producer found for character: 0
10:18:21.607 [FXGL Background Thread 1 ] WARN  FXGL.TextLevelParser - No producer found for character: 0
10:18:21.608 [FXGL Background Thread 1 ] WARN  FXGL.TextLevelParser - No producer found for character: 0
10:18:21.608 [FXGL Background Thread 1 ] WARN  FXGL.TextLevelParser - No producer found for character: 0
10:18:21.608 [FXGL Background Thread 1 ] WARN  FXGL.TextLevelParser - No producer found for character: 0
10:18:21.609 [FXGL Background Thread 1 ] DEBUG AssetLoader          - Loading from cache: /assets/textures/brick1.png@50.0x24.0
10:18:21.610 [FXGL Background Thread 1 ] WARN  FXGL.TextLevelParser - No producer found for character: 0
10:18:21.611 [FXGL Background Thread 1 ] WARN  FXGL.TextLevelParser - No producer found for character: 0
10:18:21.611 [FXGL Background Thread 1 ] WARN  FXGL.TextLevelParser - No producer found for character: 0
10:18:21.611 [FXGL Background Thread 1 ] WARN  FXGL.TextLevelParser - No producer found for character: 0
10:18:21.612 [FXGL Background Thread 1 ] WARN  FXGL.TextLevelParser - No producer found for character: 0
10:18:21.612 [FXGL Background Thread 1 ] WARN  FXGL.TextLevelParser - No producer found for character: 0
10:18:21.612 [FXGL Background Thread 1 ] WARN  FXGL.TextLevelParser - No producer found for character: 0
10:18:21.613 [FXGL Background Thread 1 ] WARN  FXGL.TextLevelParser - No producer found for character: 0
10:18:21.613 [FXGL Background Thread 1 ] WARN  FXGL.TextLevelParser - No producer found for character: 0
10:18:21.613 [FXGL Background Thread 1 ] WARN  FXGL.TextLevelParser - No producer found for character: 0
10:18:21.613 [FXGL Background Thread 1 ] WARN  FXGL.TextLevelParser - No producer found for character: 0
10:18:21.613 [FXGL Background Thread 1 ] WARN  FXGL.TextLevelParser - No producer found for character: 0
10:18:21.613 [FXGL Background Thread 1 ] WARN  FXGL.TextLevelParser - No producer found for character: 0
10:18:21.614 [FXGL Background Thread 1 ] WARN  FXGL.TextLevelParser - No producer found for character: 0
10:18:21.614 [FXGL Background Thread 1 ] WARN  FXGL.TextLevelParser - No producer found for character: 0
10:18:21.614 [FXGL Background Thread 1 ] WARN  FXGL.TextLevelParser - No producer found for character: 0
10:18:21.615 [FXGL Background Thread 1 ] WARN  FXGL.TextLevelParser - No producer found for character: 0
10:18:21.615 [FXGL Background Thread 1 ] WARN  FXGL.TextLevelParser - No producer found for character: 0
10:18:21.615 [FXGL Background Thread 1 ] WARN  FXGL.TextLevelParser - No producer found for character: 0
10:18:21.615 [FXGL Background Thread 1 ] WARN  FXGL.TextLevelParser - No producer found for character: 0
10:18:21.616 [FXGL Background Thread 1 ] WARN  FXGL.TextLevelParser - No producer found for character: 0
10:18:21.616 [FXGL Background Thread 1 ] WARN  FXGL.TextLevelParser - No producer found for character: 0
10:18:21.616 [FXGL Background Thread 1 ] WARN  FXGL.TextLevelParser - No producer found for character: 0
10:18:21.616 [FXGL Background Thread 1 ] WARN  FXGL.TextLevelParser - No producer found for character: 0
10:18:21.616 [FXGL Background Thread 1 ] WARN  FXGL.TextLevelParser - No producer found for character: 0
10:18:21.616 [FXGL Background Thread 1 ] WARN  FXGL.TextLevelParser - No producer found for character: 0
10:18:21.616 [FXGL Background Thread 1 ] WARN  FXGL.TextLevelParser - No producer found for character: 0
10:18:21.617 [FXGL Background Thread 1 ] WARN  FXGL.TextLevelParser - No producer found for character: 0
10:18:21.617 [FXGL Background Thread 1 ] WARN  FXGL.TextLevelParser - No producer found for character: 0
10:18:21.617 [FXGL Background Thread 1 ] WARN  FXGL.TextLevelParser - No producer found for character: 0
10:18:21.617 [FXGL Background Thread 1 ] WARN  FXGL.TextLevelParser - No producer found for character: 0
10:18:21.618 [FXGL Background Thread 1 ] WARN  FXGL.TextLevelParser - No producer found for character: 0
10:18:21.618 [FXGL Background Thread 1 ] WARN  FXGL.TextLevelParser - No producer found for character: 0
10:18:21.618 [FXGL Background Thread 1 ] WARN  FXGL.TextLevelParser - No producer found for character: 0
10:18:21.618 [FXGL Background Thread 1 ] WARN  FXGL.TextLevelParser - No producer found for character: 0
10:18:21.618 [FXGL Background Thread 1 ] WARN  FXGL.TextLevelParser - No producer found for character: 0
10:18:21.619 [FXGL Background Thread 1 ] WARN  FXGL.TextLevelParser - No producer found for character: 0
10:18:21.619 [FXGL Background Thread 1 ] WARN  FXGL.TextLevelParser - No producer found for character: 0
10:18:21.619 [FXGL Background Thread 1 ] WARN  FXGL.TextLevelParser - No producer found for character: 0
10:18:21.619 [FXGL Background Thread 1 ] WARN  FXGL.TextLevelParser - No producer found for character: 0
10:18:21.619 [FXGL Background Thread 1 ] WARN  FXGL.TextLevelParser - No producer found for character: 0
10:18:21.619 [FXGL Background Thread 1 ] WARN  FXGL.TextLevelParser - No producer found for character: 0
10:18:21.620 [FXGL Background Thread 1 ] WARN  FXGL.TextLevelParser - No producer found for character: 0
10:18:21.620 [FXGL Background Thread 1 ] WARN  FXGL.TextLevelParser - No producer found for character: 0
10:18:21.620 [FXGL Background Thread 1 ] WARN  FXGL.TextLevelParser - No producer found for character: 0
10:18:21.620 [FXGL Background Thread 1 ] WARN  FXGL.TextLevelParser - No producer found for character: 0
10:18:21.620 [FXGL Background Thread 1 ] WARN  FXGL.TextLevelParser - No producer found for character: 0
10:18:21.620 [FXGL Background Thread 1 ] WARN  FXGL.TextLevelParser - No producer found for character: 0
10:18:21.620 [FXGL Background Thread 1 ] WARN  FXGL.TextLevelParser - No producer found for character: 0
10:18:21.621 [FXGL Background Thread 1 ] WARN  FXGL.TextLevelParser - No producer found for character: 0
10:18:21.621 [FXGL Background Thread 1 ] WARN  FXGL.TextLevelParser - No producer found for character: 0
10:18:21.621 [FXGL Background Thread 1 ] WARN  FXGL.TextLevelParser - No producer found for character: 0
10:18:21.621 [FXGL Background Thread 1 ] WARN  FXGL.TextLevelParser - No producer found for character: 0
10:18:21.621 [FXGL Background Thread 1 ] WARN  FXGL.TextLevelParser - No producer found for character: 0
10:18:21.621 [FXGL Background Thread 1 ] WARN  FXGL.TextLevelParser - No producer found for character: 0
10:18:21.622 [FXGL Background Thread 1 ] WARN  FXGL.TextLevelParser - No producer found for character: 0
10:18:21.622 [FXGL Background Thread 1 ] WARN  FXGL.TextLevelParser - No producer found for character: 0
10:18:21.622 [FXGL Background Thread 1 ] WARN  FXGL.TextLevelParser - No producer found for character: 0
10:18:21.622 [FXGL Background Thread 1 ] WARN  FXGL.TextLevelParser - No producer found for character: 0
10:18:21.622 [FXGL Background Thread 1 ] WARN  FXGL.TextLevelParser - No producer found for character: 0
10:18:21.622 [FXGL Background Thread 1 ] WARN  FXGL.TextLevelParser - No producer found for character: 0
10:18:21.622 [FXGL Background Thread 1 ] WARN  FXGL.TextLevelParser - No producer found for character: 0
10:18:21.622 [FXGL Background Thread 1 ] WARN  FXGL.TextLevelParser - No producer found for character: 0
10:18:21.623 [FXGL Background Thread 1 ] WARN  FXGL.TextLevelParser - No producer found for character: 0
10:18:21.623 [FXGL Background Thread 1 ] WARN  FXGL.TextLevelParser - No producer found for character: 0
10:18:21.623 [FXGL Background Thread 1 ] WARN  FXGL.TextLevelParser - No producer found for character: 0
10:18:21.623 [FXGL Background Thread 1 ] WARN  FXGL.TextLevelParser - No producer found for character: 0
10:18:21.623 [FXGL Background Thread 1 ] WARN  FXGL.TextLevelParser - No producer found for character: 0
10:18:21.631 [FXGL Background Thread 1 ] WARN  FXGL.TextLevelParser - No producer found for character: 0
10:18:21.632 [FXGL Background Thread 1 ] WARN  FXGL.TextLevelParser - No producer found for character: 0
10:18:21.632 [FXGL Background Thread 1 ] WARN  FXGL.TextLevelParser - No producer found for character: 0
10:18:21.632 [FXGL Background Thread 1 ] WARN  FXGL.TextLevelParser - No producer found for character: 0
10:18:21.632 [FXGL Background Thread 1 ] WARN  FXGL.TextLevelParser - No producer found for character: 0
10:18:21.633 [FXGL Background Thread 1 ] WARN  FXGL.TextLevelParser - No producer found for character: 0
10:18:21.633 [FXGL Background Thread 1 ] WARN  FXGL.TextLevelParser - No producer found for character: 0
10:18:21.634 [FXGL Background Thread 1 ] WARN  FXGL.TextLevelParser - No producer found for character: 0
10:18:21.634 [FXGL Background Thread 1 ] WARN  FXGL.TextLevelParser - No producer found for character: 0
10:18:21.634 [FXGL Background Thread 1 ] WARN  FXGL.TextLevelParser - No producer found for character: 0
10:18:21.634 [FXGL Background Thread 1 ] WARN  FXGL.TextLevelParser - No producer found for character: 0
10:18:21.634 [FXGL Background Thread 1 ] WARN  FXGL.TextLevelParser - No producer found for character: 0
10:18:21.634 [FXGL Background Thread 1 ] WARN  FXGL.TextLevelParser - No producer found for character: 0
10:18:21.635 [FXGL Background Thread 1 ] WARN  FXGL.TextLevelParser - No producer found for character: 0
10:18:21.635 [FXGL Background Thread 1 ] WARN  FXGL.TextLevelParser - No producer found for character: 0
10:18:21.635 [FXGL Background Thread 1 ] WARN  FXGL.TextLevelParser - No producer found for character: 0
10:18:21.635 [FXGL Background Thread 1 ] WARN  FXGL.TextLevelParser - No producer found for character: 0
10:18:21.636 [FXGL Background Thread 1 ] WARN  FXGL.TextLevelParser - No producer found for character: 0
10:18:21.636 [FXGL Background Thread 1 ] WARN  FXGL.TextLevelParser - No producer found for character: 0
10:18:21.636 [FXGL Background Thread 1 ] WARN  FXGL.TextLevelParser - No producer found for character: 0
10:18:21.636 [FXGL Background Thread 1 ] WARN  FXGL.TextLevelParser - No producer found for character: 0
10:18:21.636 [FXGL Background Thread 1 ] WARN  FXGL.TextLevelParser - No producer found for character: 0
10:18:21.636 [FXGL Background Thread 1 ] WARN  FXGL.TextLevelParser - No producer found for character: 0
10:18:21.637 [FXGL Background Thread 1 ] WARN  FXGL.TextLevelParser - No producer found for character: 0
10:18:21.637 [FXGL Background Thread 1 ] WARN  FXGL.TextLevelParser - No producer found for character: 0
10:18:21.637 [FXGL Background Thread 1 ] WARN  FXGL.TextLevelParser - No producer found for character: 0
10:18:21.637 [FXGL Background Thread 1 ] WARN  FXGL.TextLevelParser - No producer found for character: 0
10:18:21.637 [FXGL Background Thread 1 ] WARN  FXGL.TextLevelParser - No producer found for character: 0
10:18:21.637 [FXGL Background Thread 1 ] WARN  FXGL.TextLevelParser - No producer found for character: 0
10:18:21.637 [FXGL Background Thread 1 ] WARN  FXGL.TextLevelParser - No producer found for character: 0
10:18:21.637 [FXGL Background Thread 1 ] WARN  FXGL.TextLevelParser - No producer found for character: 0
10:18:21.638 [FXGL Background Thread 1 ] WARN  FXGL.TextLevelParser - No producer found for character: 0
10:18:21.638 [FXGL Background Thread 1 ] WARN  FXGL.TextLevelParser - No producer found for character: 0
10:18:21.638 [FXGL Background Thread 1 ] WARN  FXGL.TextLevelParser - No producer found for character: 0
10:18:21.638 [FXGL Background Thread 1 ] WARN  FXGL.TextLevelParser - No producer found for character: 0
10:18:21.638 [FXGL Background Thread 1 ] WARN  FXGL.TextLevelParser - No producer found for character: 0
10:18:21.638 [FXGL Background Thread 1 ] WARN  FXGL.TextLevelParser - No producer found for character: 0
10:18:21.638 [FXGL Background Thread 1 ] WARN  FXGL.TextLevelParser - No producer found for character: 0
10:18:21.639 [FXGL Background Thread 1 ] WARN  FXGL.TextLevelParser - No producer found for character: 0
10:18:21.639 [FXGL Background Thread 1 ] WARN  FXGL.TextLevelParser - No producer found for character: 0
10:18:21.639 [FXGL Background Thread 1 ] WARN  FXGL.TextLevelParser - No producer found for character: 0
10:18:21.639 [FXGL Background Thread 1 ] WARN  FXGL.TextLevelParser - No producer found for character: 0
10:18:21.639 [FXGL Background Thread 1 ] WARN  FXGL.TextLevelParser - No producer found for character: 0
10:18:21.639 [FXGL Background Thread 1 ] WARN  FXGL.TextLevelParser - No producer found for character: 0
10:18:21.639 [FXGL Background Thread 1 ] WARN  FXGL.TextLevelParser - No producer found for character: 0
10:18:21.639 [FXGL Background Thread 1 ] WARN  FXGL.TextLevelParser - No producer found for character: 0
10:18:21.640 [FXGL Background Thread 1 ] WARN  FXGL.TextLevelParser - No producer found for character: 0
10:18:21.640 [FXGL Background Thread 1 ] WARN  FXGL.TextLevelParser - No producer found for character: 0
10:18:21.640 [FXGL Background Thread 1 ] WARN  FXGL.TextLevelParser - No producer found for character: 0
10:18:21.640 [FXGL Background Thread 1 ] WARN  FXGL.TextLevelParser - No producer found for character: 0
10:18:21.640 [FXGL Background Thread 1 ] WARN  FXGL.TextLevelParser - No producer found for character: 0
10:18:21.640 [FXGL Background Thread 1 ] WARN  FXGL.TextLevelParser - No producer found for character: 0
10:18:21.640 [FXGL Background Thread 1 ] WARN  FXGL.TextLevelParser - No producer found for character: 0
10:18:21.640 [FXGL Background Thread 1 ] WARN  FXGL.TextLevelParser - No producer found for character: 0
10:18:21.640 [FXGL Background Thread 1 ] WARN  FXGL.TextLevelParser - No producer found for character: 0
10:18:21.641 [FXGL Background Thread 1 ] WARN  FXGL.TextLevelParser - No producer found for character: 0
10:18:21.641 [FXGL Background Thread 1 ] WARN  FXGL.TextLevelParser - No producer found for character: 0
10:18:21.641 [FXGL Background Thread 1 ] WARN  FXGL.TextLevelParser - No producer found for character: 0
10:18:21.641 [FXGL Background Thread 1 ] WARN  FXGL.TextLevelParser - No producer found for character: 0
10:18:21.641 [FXGL Background Thread 1 ] WARN  FXGL.TextLevelParser - No producer found for character: 0
10:18:21.641 [FXGL Background Thread 1 ] WARN  FXGL.TextLevelParser - No producer found for character: 0
10:18:21.641 [FXGL Background Thread 1 ] WARN  FXGL.TextLevelParser - No producer found for character: 0
10:18:21.641 [FXGL Background Thread 1 ] WARN  FXGL.TextLevelParser - No producer found for character: 0
10:18:21.644 [FXGL Background Thread 1 ] WARN  FXGL.TextLevelParser - No producer found for character: 0
10:18:21.645 [FXGL Background Thread 1 ] WARN  FXGL.TextLevelParser - No producer found for character: 0
10:18:21.645 [FXGL Background Thread 1 ] WARN  FXGL.TextLevelParser - No producer found for character: 0
10:18:21.645 [FXGL Background Thread 1 ] WARN  FXGL.TextLevelParser - No producer found for character: 0
10:18:21.645 [FXGL Background Thread 1 ] WARN  FXGL.TextLevelParser - No producer found for character: 0
10:18:21.645 [FXGL Background Thread 1 ] WARN  FXGL.TextLevelParser - No producer found for character: 0
10:18:21.645 [FXGL Background Thread 1 ] WARN  FXGL.TextLevelParser - No producer found for character: 0
10:18:21.646 [FXGL Background Thread 1 ] WARN  FXGL.TextLevelParser - No producer found for character: 0
10:18:21.646 [FXGL Background Thread 1 ] WARN  FXGL.TextLevelParser - No producer found for character: 0
10:18:21.646 [FXGL Background Thread 1 ] WARN  FXGL.TextLevelParser - No producer found for character: 0
10:18:21.646 [FXGL Background Thread 1 ] WARN  FXGL.TextLevelParser - No producer found for character: 0
10:18:21.646 [FXGL Background Thread 1 ] WARN  FXGL.TextLevelParser - No producer found for character: 0
10:18:21.646 [FXGL Background Thread 1 ] WARN  FXGL.TextLevelParser - No producer found for character: 0
10:18:21.646 [FXGL Background Thread 1 ] WARN  FXGL.TextLevelParser - No producer found for character: 0
10:18:21.646 [FXGL Background Thread 1 ] WARN  FXGL.TextLevelParser - No producer found for character: 0
10:18:21.647 [FXGL Background Thread 1 ] WARN  FXGL.TextLevelParser - No producer found for character: 0
10:18:21.647 [FXGL Background Thread 1 ] WARN  FXGL.TextLevelParser - No producer found for character: 0
10:18:21.647 [FXGL Background Thread 1 ] WARN  FXGL.TextLevelParser - No producer found for character: 0
10:18:21.647 [FXGL Background Thread 1 ] WARN  FXGL.TextLevelParser - No producer found for character: 0
10:18:21.648 [FXGL Background Thread 1 ] WARN  FXGL.TextLevelParser - No producer found for character: 0
10:18:21.648 [FXGL Background Thread 1 ] WARN  FXGL.TextLevelParser - No producer found for character: 0
10:18:21.648 [FXGL Background Thread 1 ] WARN  FXGL.TextLevelParser - No producer found for character: 0
10:18:21.648 [FXGL Background Thread 1 ] WARN  FXGL.TextLevelParser - No producer found for character: 0
10:18:21.648 [FXGL Background Thread 1 ] WARN  FXGL.TextLevelParser - No producer found for character: 0
10:18:21.648 [FXGL Background Thread 1 ] WARN  FXGL.TextLevelParser - No producer found for character: 0
10:18:21.648 [FXGL Background Thread 1 ] WARN  FXGL.TextLevelParser - No producer found for character: 0
10:18:21.648 [FXGL Background Thread 1 ] WARN  FXGL.TextLevelParser - No producer found for character: 0
10:18:21.649 [FXGL Background Thread 1 ] WARN  FXGL.TextLevelParser - No producer found for character: 0
10:18:21.649 [FXGL Background Thread 1 ] WARN  FXGL.TextLevelParser - No producer found for character: 0
10:18:21.649 [FXGL Background Thread 1 ] WARN  FXGL.TextLevelParser - No producer found for character: 0
10:18:21.649 [FXGL Background Thread 1 ] WARN  FXGL.TextLevelParser - No producer found for character: 0
10:18:21.649 [FXGL Background Thread 1 ] WARN  FXGL.TextLevelParser - No producer found for character: 0
10:18:21.649 [FXGL Background Thread 1 ] WARN  FXGL.TextLevelParser - No producer found for character: 0
10:18:21.649 [FXGL Background Thread 1 ] WARN  FXGL.TextLevelParser - No producer found for character: 0
10:18:21.649 [FXGL Background Thread 1 ] WARN  FXGL.TextLevelParser - No producer found for character: 0
10:18:21.649 [FXGL Background Thread 1 ] WARN  FXGL.TextLevelParser - No producer found for character: 0
10:18:21.649 [FXGL Background Thread 1 ] WARN  FXGL.TextLevelParser - No producer found for character: 0
10:18:21.650 [FXGL Background Thread 1 ] WARN  FXGL.TextLevelParser - No producer found for character: 0
10:18:21.650 [FXGL Background Thread 1 ] WARN  FXGL.TextLevelParser - No producer found for character: 0
10:18:21.650 [FXGL Background Thread 1 ] WARN  FXGL.TextLevelParser - No producer found for character: 0
10:18:21.650 [FXGL Background Thread 1 ] WARN  FXGL.TextLevelParser - No producer found for character: 0
10:18:21.650 [FXGL Background Thread 1 ] WARN  FXGL.TextLevelParser - No producer found for character: 0
10:18:21.650 [FXGL Background Thread 1 ] WARN  FXGL.TextLevelParser - No producer found for character: 0
10:18:21.650 [FXGL Background Thread 1 ] WARN  FXGL.TextLevelParser - No producer found for character: 0
10:18:21.650 [FXGL Background Thread 1 ] WARN  FXGL.TextLevelParser - No producer found for character: 0
10:18:21.650 [FXGL Background Thread 1 ] WARN  FXGL.TextLevelParser - No producer found for character: 0
10:18:21.651 [FXGL Background Thread 1 ] WARN  FXGL.TextLevelParser - No producer found for character: 0
10:18:21.651 [FXGL Background Thread 1 ] WARN  FXGL.TextLevelParser - No producer found for character: 0
10:18:21.651 [FXGL Background Thread 1 ] WARN  FXGL.TextLevelParser - No producer found for character: 0
10:18:21.651 [FXGL Background Thread 1 ] WARN  FXGL.TextLevelParser - No producer found for character: 0
10:18:21.651 [FXGL Background Thread 1 ] WARN  FXGL.TextLevelParser - No producer found for character: 0
10:18:21.651 [FXGL Background Thread 1 ] WARN  FXGL.TextLevelParser - No producer found for character: 0
10:18:21.651 [FXGL Background Thread 1 ] WARN  FXGL.TextLevelParser - No producer found for character: 0
10:18:21.651 [FXGL Background Thread 1 ] WARN  FXGL.TextLevelParser - No producer found for character: 0
10:18:21.652 [FXGL Background Thread 1 ] WARN  FXGL.TextLevelParser - No producer found for character: 0
10:18:21.652 [FXGL Background Thread 1 ] WARN  FXGL.TextLevelParser - No producer found for character: 0
10:18:21.652 [FXGL Background Thread 1 ] WARN  FXGL.TextLevelParser - No producer found for character: 0
10:18:21.652 [FXGL Background Thread 1 ] WARN  FXGL.TextLevelParser - No producer found for character: 0
10:18:21.652 [FXGL Background Thread 1 ] WARN  FXGL.TextLevelParser - No producer found for character: 0
10:18:21.652 [FXGL Background Thread 1 ] WARN  FXGL.TextLevelParser - No producer found for character: 0
10:18:21.652 [FXGL Background Thread 1 ] WARN  FXGL.TextLevelParser - No producer found for character: 0
10:18:21.652 [FXGL Background Thread 1 ] WARN  FXGL.TextLevelParser - No producer found for character: 0
10:18:21.653 [FXGL Background Thread 1 ] WARN  FXGL.TextLevelParser - No producer found for character: 0
10:18:21.653 [FXGL Background Thread 1 ] WARN  FXGL.TextLevelParser - No producer found for character: 0
10:18:21.653 [FXGL Background Thread 1 ] WARN  FXGL.TextLevelParser - No producer found for character: 0
10:18:21.653 [FXGL Background Thread 1 ] WARN  FXGL.TextLevelParser - No producer found for character: 0
10:18:21.653 [FXGL Background Thread 1 ] WARN  FXGL.TextLevelParser - No producer found for character: 0
10:18:21.653 [FXGL Background Thread 1 ] WARN  FXGL.TextLevelParser - No producer found for character: 0
10:18:21.653 [FXGL Background Thread 1 ] WARN  FXGL.TextLevelParser - No producer found for character: 0
10:18:21.653 [FXGL Background Thread 1 ] WARN  FXGL.TextLevelParser - No producer found for character: 0
10:18:21.653 [FXGL Background Thread 1 ] WARN  FXGL.TextLevelParser - No producer found for character: 0
10:18:21.653 [FXGL Background Thread 1 ] WARN  FXGL.TextLevelParser - No producer found for character: 0
10:18:21.654 [FXGL Background Thread 1 ] WARN  FXGL.TextLevelParser - No producer found for character: 0
10:18:21.654 [FXGL Background Thread 1 ] WARN  FXGL.TextLevelParser - No producer found for character: 0
10:18:21.654 [FXGL Background Thread 1 ] WARN  FXGL.TextLevelParser - No producer found for character: 0
10:18:21.654 [FXGL Background Thread 1 ] WARN  FXGL.TextLevelParser - No producer found for character: 0
10:18:21.654 [FXGL Background Thread 1 ] WARN  FXGL.TextLevelParser - No producer found for character: 0
10:18:21.654 [FXGL Background Thread 1 ] WARN  FXGL.TextLevelParser - No producer found for character: 0
10:18:21.654 [FXGL Background Thread 1 ] WARN  FXGL.TextLevelParser - No producer found for character: 0
10:18:21.654 [FXGL Background Thread 1 ] WARN  FXGL.TextLevelParser - No producer found for character: 0
10:18:21.655 [FXGL Background Thread 1 ] WARN  FXGL.TextLevelParser - No producer found for character: 0
10:18:21.655 [FXGL Background Thread 1 ] WARN  FXGL.TextLevelParser - No producer found for character: 0
10:18:21.655 [FXGL Background Thread 1 ] WARN  FXGL.TextLevelParser - No producer found for character: 0
10:18:21.655 [FXGL Background Thread 1 ] WARN  FXGL.TextLevelParser - No producer found for character: 0
10:18:21.655 [FXGL Background Thread 1 ] WARN  FXGL.TextLevelParser - No producer found for character: 0
10:18:21.655 [FXGL Background Thread 1 ] WARN  FXGL.TextLevelParser - No producer found for character: 0
10:18:21.655 [FXGL Background Thread 1 ] WARN  FXGL.TextLevelParser - No producer found for character: 0
10:18:21.655 [FXGL Background Thread 1 ] WARN  FXGL.TextLevelParser - No producer found for character: 0
10:18:21.656 [FXGL Background Thread 1 ] WARN  FXGL.TextLevelParser - No producer found for character: 0
10:18:21.656 [FXGL Background Thread 1 ] WARN  FXGL.TextLevelParser - No producer found for character: 0
10:18:21.656 [FXGL Background Thread 1 ] WARN  FXGL.TextLevelParser - No producer found for character: 0
10:18:21.656 [FXGL Background Thread 1 ] WARN  FXGL.TextLevelParser - No producer found for character: 0
10:18:21.656 [FXGL Background Thread 1 ] WARN  FXGL.TextLevelParser - No producer found for character: 0
10:18:21.656 [FXGL Background Thread 1 ] WARN  FXGL.TextLevelParser - No producer found for character: 0
10:18:21.656 [FXGL Background Thread 1 ] WARN  FXGL.TextLevelParser - No producer found for character: 0
10:18:21.656 [FXGL Background Thread 1 ] WARN  FXGL.TextLevelParser - No producer found for character: 0
10:18:21.656 [FXGL Background Thread 1 ] WARN  FXGL.TextLevelParser - No producer found for character: 0
10:18:21.656 [FXGL Background Thread 1 ] WARN  FXGL.TextLevelParser - No producer found for character: 0
10:18:21.657 [FXGL Background Thread 1 ] WARN  FXGL.TextLevelParser - No producer found for character: 0
10:18:21.657 [FXGL Background Thread 1 ] WARN  FXGL.TextLevelParser - No producer found for character: 0
10:18:21.657 [FXGL Background Thread 1 ] WARN  FXGL.TextLevelParser - No producer found for character: 0
10:18:21.657 [FXGL Background Thread 1 ] WARN  FXGL.TextLevelParser - No producer found for character: 0
10:18:21.657 [FXGL Background Thread 1 ] WARN  FXGL.TextLevelParser - No producer found for character: 0
10:18:21.657 [FXGL Background Thread 1 ] WARN  FXGL.TextLevelParser - No producer found for character: 0
10:18:21.657 [FXGL Background Thread 1 ] WARN  FXGL.TextLevelParser - No producer found for character: 0
10:18:21.657 [FXGL Background Thread 1 ] WARN  FXGL.TextLevelParser - No producer found for character: 0
10:18:21.657 [FXGL Background Thread 1 ] WARN  FXGL.TextLevelParser - No producer found for character: 0
10:18:21.658 [FXGL Background Thread 1 ] WARN  FXGL.TextLevelParser - No producer found for character: 0
10:18:21.658 [FXGL Background Thread 1 ] WARN  FXGL.TextLevelParser - No producer found for character: 0
10:18:21.658 [FXGL Background Thread 1 ] WARN  FXGL.TextLevelParser - No producer found for character: 0
10:18:21.658 [FXGL Background Thread 1 ] WARN  FXGL.TextLevelParser - No producer found for character: 0
10:18:21.658 [FXGL Background Thread 1 ] WARN  FXGL.TextLevelParser - No producer found for character: 0
10:18:21.658 [FXGL Background Thread 1 ] WARN  FXGL.TextLevelParser - No producer found for character: 0
10:18:21.658 [FXGL Background Thread 1 ] WARN  FXGL.TextLevelParser - No producer found for character: 0
10:18:21.659 [FXGL Background Thread 1 ] DEBUG AssetLoader          - Loading from disk: /assets/textures/bar.png
10:18:21.661 [FXGL Background Thread 1 ] WARN  FXGL.TextLevelParser - No producer found for character: 0
10:18:21.661 [FXGL Background Thread 1 ] WARN  FXGL.TextLevelParser - No producer found for character: 0
10:18:21.662 [FXGL Background Thread 1 ] WARN  FXGL.TextLevelParser - No producer found for character: 0
10:18:21.662 [FXGL Background Thread 1 ] WARN  FXGL.TextLevelParser - No producer found for character: 0
10:18:21.662 [FXGL Background Thread 1 ] WARN  FXGL.TextLevelParser - No producer found for character: 0
10:18:21.662 [FXGL Background Thread 1 ] WARN  FXGL.TextLevelParser - No producer found for character: 0
10:18:21.662 [FXGL Background Thread 1 ] WARN  FXGL.TextLevelParser - No producer found for character: 0
10:18:21.662 [FXGL Background Thread 1 ] WARN  FXGL.TextLevelParser - No producer found for character: 0
10:18:21.662 [FXGL Background Thread 1 ] WARN  FXGL.TextLevelParser - No producer found for character: 0
10:18:21.663 [FXGL Background Thread 1 ] WARN  FXGL.TextLevelParser - No producer found for character: 0
10:18:21.663 [FXGL Background Thread 1 ] WARN  FXGL.TextLevelParser - No producer found for character: 0
10:18:21.663 [FXGL Background Thread 1 ] WARN  FXGL.TextLevelParser - No producer found for character: 0
10:18:21.663 [FXGL Background Thread 1 ] WARN  FXGL.TextLevelParser - No producer found for character: 0
10:18:21.663 [FXGL Background Thread 1 ] WARN  FXGL.TextLevelParser - No producer found for character: 0
10:18:21.663 [FXGL Background Thread 1 ] WARN  FXGL.TextLevelParser - No producer found for character: 0
10:18:21.663 [FXGL Background Thread 1 ] WARN  FXGL.TextLevelParser - No producer found for character: 0
10:18:21.664 [FXGL Background Thread 1 ] WARN  FXGL.TextLevelParser - No producer found for character: 0
10:18:21.664 [FXGL Background Thread 1 ] WARN  FXGL.TextLevelParser - No producer found for character: 0
10:18:21.664 [FXGL Background Thread 1 ] WARN  FXGL.TextLevelParser - No producer found for character: 0
10:18:21.664 [FXGL Background Thread 1 ] WARN  FXGL.TextLevelParser - No producer found for character: 0
10:18:21.664 [FXGL Background Thread 1 ] WARN  FXGL.TextLevelParser - No producer found for character: 0
10:18:21.664 [FXGL Background Thread 1 ] WARN  FXGL.TextLevelParser - No producer found for character: 0
10:18:21.665 [FXGL Background Thread 1 ] WARN  FXGL.TextLevelParser - No producer found for character: 0
10:18:21.665 [FXGL Background Thread 1 ] WARN  FXGL.TextLevelParser - No producer found for character: 0
10:18:21.665 [FXGL Background Thread 1 ] WARN  FXGL.TextLevelParser - No producer found for character: 0
10:18:21.665 [FXGL Background Thread 1 ] WARN  FXGL.TextLevelParser - No producer found for character: 0
10:18:21.666 [FXGL Background Thread 1 ] DEBUG AssetLoader          - Loading from disk: /assets/textures/fire.png
10:18:21.679 [FXGL Background Thread 1 ] WARN  FXGL.TextLevelParser - No producer found for character: 0
10:18:21.681 [FXGL Background Thread 1 ] DEBUG AssetLoader          - Loading from cache: /assets/textures/fire.png@100.0x80.0
10:18:21.682 [FXGL Background Thread 1 ] WARN  FXGL.TextLevelParser - No producer found for character: 0
10:18:21.683 [FXGL Background Thread 1 ] DEBUG AssetLoader          - Loading from cache: /assets/textures/fire.png@100.0x80.0
10:18:21.684 [FXGL Background Thread 1 ] WARN  FXGL.TextLevelParser - No producer found for character: 0
10:18:21.685 [FXGL Background Thread 1 ] DEBUG AssetLoader          - Loading from cache: /assets/textures/fire.png@100.0x80.0
10:18:21.686 [FXGL Background Thread 1 ] WARN  FXGL.TextLevelParser - No producer found for character: 0
10:18:21.686 [FXGL Background Thread 1 ] DEBUG AssetLoader          - Loading from cache: /assets/textures/fire.png@100.0x80.0
10:18:21.687 [FXGL Background Thread 1 ] WARN  FXGL.TextLevelParser - No producer found for character: 0
10:18:21.688 [FXGL Background Thread 1 ] DEBUG AssetLoader          - Loading from cache: /assets/textures/fire.png@100.0x80.0
10:18:21.689 [FXGL Background Thread 1 ] WARN  FXGL.TextLevelParser - No producer found for character: 0
10:18:21.689 [FXGL Background Thread 1 ] DEBUG AssetLoader          - Loading from cache: /assets/textures/fire.png@100.0x80.0
10:18:21.690 [FXGL Background Thread 1 ] WARN  FXGL.TextLevelParser - No producer found for character: 0
10:18:21.691 [FXGL Background Thread 1 ] DEBUG AssetLoader          - Loading from cache: /assets/textures/fire.png@100.0x80.0
10:18:21.692 [FXGL Background Thread 1 ] WARN  FXGL.TextLevelParser - No producer found for character: 0
10:18:21.692 [FXGL Background Thread 1 ] DEBUG AssetLoader          - Loading from cache: /assets/textures/fire.png@100.0x80.0
10:18:21.693 [FXGL Background Thread 1 ] WARN  FXGL.TextLevelParser - No producer found for character: 0
10:18:21.694 [FXGL Background Thread 1 ] DEBUG GameWorld            - Clearing removable entities
10:18:21.694 [FXGL Background Thread 1 ] DEBUG GameWorld            - Setting level: com.almasb.fxgl.entity.Level@4b2fa317
10:18:21.719 [FXGL Background Thread 1 ] DEBUG GameScene            - Creating render group for layer: DEFAULT(100000)
10:18:21.733 [FXGL Background Thread 1 ] DEBUG GameScene            - Creating render group for layer: BACKGROUND(1000)
10:18:21.735 [FXGL Background Thread 1 ] DEBUG InitAppTask          - Initializing Physics
10:18:21.736 [FXGL Background Thread 1 ] DEBUG InitAppTask          - Initializing UI
10:18:21.737 [FXGL Background Thread 1 ] DEBUG InitAppTask          - Initialization Complete
10:18:21.737 [FXGL Background Thread 1 ] INFO  InitAppTask          - Game initialization took: 0,233 sec
10:18:21.745 [JavaFX Application Thread] DEBUG Input                - Clearing active input actions
10:18:21.759 [JavaFX Application Thread] DEBUG AppStateMachine      - LoadingState -> PlayState
10:18:49.043 [JavaFX Application Thread] DEBUG AssetLoader          - Loading from disk: /assets/text/levels/level2.txt
10:18:49.046 [JavaFX Application Thread] WARN  FXGL.TextLevelParser - No producer found for character: 0
10:18:49.046 [JavaFX Application Thread] WARN  FXGL.TextLevelParser - No producer found for character: 0
10:18:49.046 [JavaFX Application Thread] WARN  FXGL.TextLevelParser - No producer found for character: 0
10:18:49.047 [JavaFX Application Thread] WARN  FXGL.TextLevelParser - No producer found for character: 0
10:18:49.047 [JavaFX Application Thread] WARN  FXGL.TextLevelParser - No producer found for character: 0
10:18:49.047 [JavaFX Application Thread] WARN  FXGL.TextLevelParser - No producer found for character: 0
10:18:49.047 [JavaFX Application Thread] WARN  FXGL.TextLevelParser - No producer found for character: 0
10:18:49.047 [JavaFX Application Thread] WARN  FXGL.TextLevelParser - No producer found for character: 0
10:18:49.048 [JavaFX Application Thread] WARN  FXGL.TextLevelParser - No producer found for character: 0
10:18:49.048 [JavaFX Application Thread] WARN  FXGL.TextLevelParser - No producer found for character: 0
10:18:49.048 [JavaFX Application Thread] WARN  FXGL.TextLevelParser - No producer found for character: 0
10:18:49.048 [JavaFX Application Thread] WARN  FXGL.TextLevelParser - No producer found for character: 0
10:18:49.048 [JavaFX Application Thread] WARN  FXGL.TextLevelParser - No producer found for character: 0
10:18:49.049 [JavaFX Application Thread] WARN  FXGL.TextLevelParser - No producer found for character: 0
10:18:49.049 [JavaFX Application Thread] WARN  FXGL.TextLevelParser - No producer found for character: 0
10:18:49.049 [JavaFX Application Thread] WARN  FXGL.TextLevelParser - No producer found for character: 0
10:18:49.049 [JavaFX Application Thread] WARN  FXGL.TextLevelParser - No producer found for character: 0
10:18:49.050 [JavaFX Application Thread] WARN  FXGL.TextLevelParser - No producer found for character: 0
10:18:49.052 [JavaFX Application Thread] DEBUG AssetLoader          - Loading from cache: /assets/textures/brick1.png@50.0x24.0
10:18:49.056 [JavaFX Application Thread] DEBUG AssetLoader          - Loading from cache: /assets/textures/brick1.png@50.0x24.0
10:18:49.058 [JavaFX Application Thread] DEBUG AssetLoader          - Loading from cache: /assets/textures/brick1.png@50.0x24.0
10:18:49.062 [JavaFX Application Thread] DEBUG AssetLoader          - Loading from cache: /assets/textures/brick1.png@50.0x24.0
10:18:49.064 [JavaFX Application Thread] DEBUG AssetLoader          - Loading from cache: /assets/textures/brick1.png@50.0x24.0
10:18:49.072 [JavaFX Application Thread] DEBUG AssetLoader          - Loading from cache: /assets/textures/brick1.png@50.0x24.0
10:18:49.074 [JavaFX Application Thread] DEBUG AssetLoader          - Loading from cache: /assets/textures/brick1.png@50.0x24.0
10:18:49.076 [JavaFX Application Thread] DEBUG AssetLoader          - Loading from cache: /assets/textures/brick1.png@50.0x24.0
10:18:49.078 [JavaFX Application Thread] DEBUG AssetLoader          - Loading from cache: /assets/textures/brick1.png@50.0x24.0
10:18:49.080 [JavaFX Application Thread] DEBUG AssetLoader          - Loading from cache: /assets/textures/brick1.png@50.0x24.0
10:18:49.082 [JavaFX Application Thread] DEBUG AssetLoader          - Loading from cache: /assets/textures/brick1.png@50.0x24.0
10:18:49.084 [JavaFX Application Thread] DEBUG AssetLoader          - Loading from cache: /assets/textures/brick1.png@50.0x24.0
10:18:49.086 [JavaFX Application Thread] DEBUG AssetLoader          - Loading from cache: /assets/textures/brick1.png@50.0x24.0
10:18:49.089 [JavaFX Application Thread] DEBUG AssetLoader          - Loading from cache: /assets/textures/brick1.png@50.0x24.0
10:18:49.091 [JavaFX Application Thread] DEBUG AssetLoader          - Loading from cache: /assets/textures/brick1.png@50.0x24.0
10:18:49.092 [JavaFX Application Thread] DEBUG AssetLoader          - Loading from cache: /assets/textures/brick1.png@50.0x24.0
10:18:49.094 [JavaFX Application Thread] DEBUG AssetLoader          - Loading from cache: /assets/textures/brick1.png@50.0x24.0
10:18:49.096 [JavaFX Application Thread] DEBUG AssetLoader          - Loading from cache: /assets/textures/brick1.png@50.0x24.0
10:18:49.097 [JavaFX Application Thread] DEBUG AssetLoader          - Loading from cache: /assets/textures/brick1.png@50.0x24.0
10:18:49.098 [JavaFX Application Thread] DEBUG AssetLoader          - Loading from cache: /assets/textures/brick1.png@50.0x24.0
10:18:49.100 [JavaFX Application Thread] DEBUG AssetLoader          - Loading from cache: /assets/textures/brick1.png@50.0x24.0
10:18:49.101 [JavaFX Application Thread] DEBUG AssetLoader          - Loading from cache: /assets/textures/brick1.png@50.0x24.0
10:18:49.102 [JavaFX Application Thread] DEBUG AssetLoader          - Loading from cache: /assets/textures/brick1.png@50.0x24.0
10:18:49.102 [JavaFX Application Thread] DEBUG AssetLoader          - Loading from cache: /assets/textures/brick1.png@50.0x24.0
10:18:49.103 [JavaFX Application Thread] DEBUG AssetLoader          - Loading from cache: /assets/textures/brick1.png@50.0x24.0
10:18:49.104 [JavaFX Application Thread] DEBUG AssetLoader          - Loading from cache: /assets/textures/brick1.png@50.0x24.0
10:18:49.105 [JavaFX Application Thread] DEBUG AssetLoader          - Loading from cache: /assets/textures/brick1.png@50.0x24.0
10:18:49.106 [JavaFX Application Thread] DEBUG AssetLoader          - Loading from cache: /assets/textures/brick1.png@50.0x24.0
10:18:49.107 [JavaFX Application Thread] DEBUG AssetLoader          - Loading from cache: /assets/textures/brick1.png@50.0x24.0
10:18:49.107 [JavaFX Application Thread] DEBUG AssetLoader          - Loading from cache: /assets/textures/brick1.png@50.0x24.0
10:18:49.108 [JavaFX Application Thread] DEBUG AssetLoader          - Loading from cache: /assets/textures/brick1.png@50.0x24.0
10:18:49.109 [JavaFX Application Thread] DEBUG AssetLoader          - Loading from cache: /assets/textures/brick1.png@50.0x24.0
10:18:49.109 [JavaFX Application Thread] DEBUG AssetLoader          - Loading from cache: /assets/textures/brick1.png@50.0x24.0
10:18:49.110 [JavaFX Application Thread] DEBUG AssetLoader          - Loading from cache: /assets/textures/brick1.png@50.0x24.0
10:18:49.111 [JavaFX Application Thread] DEBUG AssetLoader          - Loading from cache: /assets/textures/brick1.png@50.0x24.0
10:18:49.112 [JavaFX Application Thread] DEBUG AssetLoader          - Loading from cache: /assets/textures/brick1.png@50.0x24.0
10:18:49.112 [JavaFX Application Thread] WARN  FXGL.TextLevelParser - No producer found for character: 0
10:18:49.112 [JavaFX Application Thread] WARN  FXGL.TextLevelParser - No producer found for character: 0
10:18:49.112 [JavaFX Application Thread] WARN  FXGL.TextLevelParser - No producer found for character: 0
10:18:49.112 [JavaFX Application Thread] WARN  FXGL.TextLevelParser - No producer found for character: 0
10:18:49.112 [JavaFX Application Thread] WARN  FXGL.TextLevelParser - No producer found for character: 0
10:18:49.113 [JavaFX Application Thread] WARN  FXGL.TextLevelParser - No producer found for character: 0
10:18:49.113 [JavaFX Application Thread] WARN  FXGL.TextLevelParser - No producer found for character: 0
10:18:49.113 [JavaFX Application Thread] WARN  FXGL.TextLevelParser - No producer found for character: 0
10:18:49.113 [JavaFX Application Thread] WARN  FXGL.TextLevelParser - No producer found for character: 0
10:18:49.113 [JavaFX Application Thread] WARN  FXGL.TextLevelParser - No producer found for character: 0
10:18:49.113 [JavaFX Application Thread] WARN  FXGL.TextLevelParser - No producer found for character: 0
10:18:49.113 [JavaFX Application Thread] WARN  FXGL.TextLevelParser - No producer found for character: 0
10:18:49.113 [JavaFX Application Thread] WARN  FXGL.TextLevelParser - No producer found for character: 0
10:18:49.113 [JavaFX Application Thread] WARN  FXGL.TextLevelParser - No producer found for character: 0
10:18:49.113 [JavaFX Application Thread] WARN  FXGL.TextLevelParser - No producer found for character: 0
10:18:49.113 [JavaFX Application Thread] WARN  FXGL.TextLevelParser - No producer found for character: 0
10:18:49.113 [JavaFX Application Thread] WARN  FXGL.TextLevelParser - No producer found for character: 0
10:18:49.113 [JavaFX Application Thread] WARN  FXGL.TextLevelParser - No producer found for character: 0
10:18:49.114 [JavaFX Application Thread] WARN  FXGL.TextLevelParser - No producer found for character: 0
10:18:49.114 [JavaFX Application Thread] WARN  FXGL.TextLevelParser - No producer found for character: 0
10:18:49.114 [JavaFX Application Thread] WARN  FXGL.TextLevelParser - No producer found for character: 0
10:18:49.114 [JavaFX Application Thread] WARN  FXGL.TextLevelParser - No producer found for character: 0
10:18:49.114 [JavaFX Application Thread] WARN  FXGL.TextLevelParser - No producer found for character: 0
10:18:49.114 [JavaFX Application Thread] WARN  FXGL.TextLevelParser - No producer found for character: 0
10:18:49.114 [JavaFX Application Thread] WARN  FXGL.TextLevelParser - No producer found for character: 0
10:18:49.114 [JavaFX Application Thread] WARN  FXGL.TextLevelParser - No producer found for character: 0
10:18:49.114 [JavaFX Application Thread] WARN  FXGL.TextLevelParser - No producer found for character: 0
10:18:49.114 [JavaFX Application Thread] WARN  FXGL.TextLevelParser - No producer found for character: 0
10:18:49.114 [JavaFX Application Thread] WARN  FXGL.TextLevelParser - No producer found for character: 0
10:18:49.114 [JavaFX Application Thread] WARN  FXGL.TextLevelParser - No producer found for character: 0
10:18:49.114 [JavaFX Application Thread] WARN  FXGL.TextLevelParser - No producer found for character: 0
10:18:49.115 [JavaFX Application Thread] WARN  FXGL.TextLevelParser - No producer found for character: 0
10:18:49.115 [JavaFX Application Thread] WARN  FXGL.TextLevelParser - No producer found for character: 0
10:18:49.115 [JavaFX Application Thread] WARN  FXGL.TextLevelParser - No producer found for character: 0
10:18:49.115 [JavaFX Application Thread] WARN  FXGL.TextLevelParser - No producer found for character: 0
10:18:49.115 [JavaFX Application Thread] WARN  FXGL.TextLevelParser - No producer found for character: 0
10:18:49.115 [JavaFX Application Thread] WARN  FXGL.TextLevelParser - No producer found for character: 0
10:18:49.115 [JavaFX Application Thread] WARN  FXGL.TextLevelParser - No producer found for character: 0
10:18:49.115 [JavaFX Application Thread] WARN  FXGL.TextLevelParser - No producer found for character: 0
10:18:49.118 [JavaFX Application Thread] WARN  FXGL.TextLevelParser - No producer found for character: 0
10:18:49.118 [JavaFX Application Thread] WARN  FXGL.TextLevelParser - No producer found for character: 0
10:18:49.118 [JavaFX Application Thread] WARN  FXGL.TextLevelParser - No producer found for character: 0
10:18:49.118 [JavaFX Application Thread] WARN  FXGL.TextLevelParser - No producer found for character: 0
10:18:49.119 [JavaFX Application Thread] WARN  FXGL.TextLevelParser - No producer found for character: 0
10:18:49.119 [JavaFX Application Thread] WARN  FXGL.TextLevelParser - No producer found for character: 0
10:18:49.119 [JavaFX Application Thread] WARN  FXGL.TextLevelParser - No producer found for character: 0
10:18:49.119 [JavaFX Application Thread] WARN  FXGL.TextLevelParser - No producer found for character: 0
10:18:49.126 [JavaFX Application Thread] WARN  FXGL.TextLevelParser - No producer found for character: 0
10:18:49.126 [JavaFX Application Thread] WARN  FXGL.TextLevelParser - No producer found for character: 0
10:18:49.127 [JavaFX Application Thread] WARN  FXGL.TextLevelParser - No producer found for character: 0
10:18:49.127 [JavaFX Application Thread] WARN  FXGL.TextLevelParser - No producer found for character: 0
10:18:49.127 [JavaFX Application Thread] WARN  FXGL.TextLevelParser - No producer found for character: 0
10:18:49.127 [JavaFX Application Thread] WARN  FXGL.TextLevelParser - No producer found for character: 0
10:18:49.127 [JavaFX Application Thread] WARN  FXGL.TextLevelParser - No producer found for character: 0
10:18:49.127 [JavaFX Application Thread] WARN  FXGL.TextLevelParser - No producer found for character: 0
10:18:49.127 [JavaFX Application Thread] WARN  FXGL.TextLevelParser - No producer found for character: 0
10:18:49.127 [JavaFX Application Thread] WARN  FXGL.TextLevelParser - No producer found for character: 0
10:18:49.127 [JavaFX Application Thread] WARN  FXGL.TextLevelParser - No producer found for character: 0
10:18:49.127 [JavaFX Application Thread] WARN  FXGL.TextLevelParser - No producer found for character: 0
10:18:49.127 [JavaFX Application Thread] WARN  FXGL.TextLevelParser - No producer found for character: 0
10:18:49.127 [JavaFX Application Thread] WARN  FXGL.TextLevelParser - No producer found for character: 0
10:18:49.127 [JavaFX Application Thread] WARN  FXGL.TextLevelParser - No producer found for character: 0
10:18:49.128 [JavaFX Application Thread] WARN  FXGL.TextLevelParser - No producer found for character: 0
10:18:49.128 [JavaFX Application Thread] WARN  FXGL.TextLevelParser - No producer found for character: 0
10:18:49.128 [JavaFX Application Thread] WARN  FXGL.TextLevelParser - No producer found for character: 0
10:18:49.129 [JavaFX Application Thread] WARN  FXGL.TextLevelParser - No producer found for character: 0
10:18:49.129 [JavaFX Application Thread] WARN  FXGL.TextLevelParser - No producer found for character: 0
10:18:49.129 [JavaFX Application Thread] WARN  FXGL.TextLevelParser - No producer found for character: 0
10:18:49.129 [JavaFX Application Thread] WARN  FXGL.TextLevelParser - No producer found for character: 0
10:18:49.129 [JavaFX Application Thread] WARN  FXGL.TextLevelParser - No producer found for character: 0
10:18:49.129 [JavaFX Application Thread] WARN  FXGL.TextLevelParser - No producer found for character: 0
10:18:49.129 [JavaFX Application Thread] WARN  FXGL.TextLevelParser - No producer found for character: 0
10:18:49.129 [JavaFX Application Thread] WARN  FXGL.TextLevelParser - No producer found for character: 0
10:18:49.129 [JavaFX Application Thread] WARN  FXGL.TextLevelParser - No producer found for character: 0
10:18:49.129 [JavaFX Application Thread] WARN  FXGL.TextLevelParser - No producer found for character: 0
10:18:49.129 [JavaFX Application Thread] WARN  FXGL.TextLevelParser - No producer found for character: 0
10:18:49.130 [JavaFX Application Thread] WARN  FXGL.TextLevelParser - No producer found for character: 0
10:18:49.130 [JavaFX Application Thread] WARN  FXGL.TextLevelParser - No producer found for character: 0
10:18:49.130 [JavaFX Application Thread] WARN  FXGL.TextLevelParser - No producer found for character: 0
10:18:49.130 [JavaFX Application Thread] WARN  FXGL.TextLevelParser - No producer found for character: 0
10:18:49.130 [JavaFX Application Thread] WARN  FXGL.TextLevelParser - No producer found for character: 0
10:18:49.130 [JavaFX Application Thread] WARN  FXGL.TextLevelParser - No producer found for character: 0
10:18:49.130 [JavaFX Application Thread] WARN  FXGL.TextLevelParser - No producer found for character: 0
10:18:49.130 [JavaFX Application Thread] WARN  FXGL.TextLevelParser - No producer found for character: 0
10:18:49.130 [JavaFX Application Thread] WARN  FXGL.TextLevelParser - No producer found for character: 0
10:18:49.130 [JavaFX Application Thread] WARN  FXGL.TextLevelParser - No producer found for character: 0
10:18:49.130 [JavaFX Application Thread] WARN  FXGL.TextLevelParser - No producer found for character: 0
10:18:49.130 [JavaFX Application Thread] WARN  FXGL.TextLevelParser - No producer found for character: 0
10:18:49.130 [JavaFX Application Thread] WARN  FXGL.TextLevelParser - No producer found for character: 0
10:18:49.130 [JavaFX Application Thread] WARN  FXGL.TextLevelParser - No producer found for character: 0
10:18:49.130 [JavaFX Application Thread] WARN  FXGL.TextLevelParser - No producer found for character: 0
10:18:49.130 [JavaFX Application Thread] WARN  FXGL.TextLevelParser - No producer found for character: 0
10:18:49.130 [JavaFX Application Thread] WARN  FXGL.TextLevelParser - No producer found for character: 0
10:18:49.130 [JavaFX Application Thread] WARN  FXGL.TextLevelParser - No producer found for character: 0
10:18:49.130 [JavaFX Application Thread] WARN  FXGL.TextLevelParser - No producer found for character: 0
10:18:49.130 [JavaFX Application Thread] WARN  FXGL.TextLevelParser - No producer found for character: 0
10:18:49.130 [JavaFX Application Thread] WARN  FXGL.TextLevelParser - No producer found for character: 0
10:18:49.130 [JavaFX Application Thread] WARN  FXGL.TextLevelParser - No producer found for character: 0
10:18:49.130 [JavaFX Application Thread] WARN  FXGL.TextLevelParser - No producer found for character: 0
10:18:49.130 [JavaFX Application Thread] WARN  FXGL.TextLevelParser - No producer found for character: 0
10:18:49.131 [JavaFX Application Thread] WARN  FXGL.TextLevelParser - No producer found for character: 0
10:18:49.131 [JavaFX Application Thread] WARN  FXGL.TextLevelParser - No producer found for character: 0
10:18:49.131 [JavaFX Application Thread] WARN  FXGL.TextLevelParser - No producer found for character: 0
10:18:49.131 [JavaFX Application Thread] WARN  FXGL.TextLevelParser - No producer found for character: 0
10:18:49.131 [JavaFX Application Thread] WARN  FXGL.TextLevelParser - No producer found for character: 0
10:18:49.131 [JavaFX Application Thread] WARN  FXGL.TextLevelParser - No producer found for character: 0
10:18:49.131 [JavaFX Application Thread] WARN  FXGL.TextLevelParser - No producer found for character: 0
10:18:49.131 [JavaFX Application Thread] WARN  FXGL.TextLevelParser - No producer found for character: 0
10:18:49.131 [JavaFX Application Thread] WARN  FXGL.TextLevelParser - No producer found for character: 0
10:18:49.131 [JavaFX Application Thread] WARN  FXGL.TextLevelParser - No producer found for character: 0
10:18:49.131 [JavaFX Application Thread] WARN  FXGL.TextLevelParser - No producer found for character: 0
10:18:49.131 [JavaFX Application Thread] WARN  FXGL.TextLevelParser - No producer found for character: 0
10:18:49.131 [JavaFX Application Thread] WARN  FXGL.TextLevelParser - No producer found for character: 0
10:18:49.131 [JavaFX Application Thread] WARN  FXGL.TextLevelParser - No producer found for character: 0
10:18:49.131 [JavaFX Application Thread] WARN  FXGL.TextLevelParser - No producer found for character: 0
10:18:49.131 [JavaFX Application Thread] WARN  FXGL.TextLevelParser - No producer found for character: 0
10:18:49.131 [JavaFX Application Thread] WARN  FXGL.TextLevelParser - No producer found for character: 0
10:18:49.132 [JavaFX Application Thread] WARN  FXGL.TextLevelParser - No producer found for character: 0
10:18:49.132 [JavaFX Application Thread] WARN  FXGL.TextLevelParser - No producer found for character: 0
10:18:49.132 [JavaFX Application Thread] WARN  FXGL.TextLevelParser - No producer found for character: 0
10:18:49.132 [JavaFX Application Thread] WARN  FXGL.TextLevelParser - No producer found for character: 0
10:18:49.132 [JavaFX Application Thread] WARN  FXGL.TextLevelParser - No producer found for character: 0
10:18:49.132 [JavaFX Application Thread] WARN  FXGL.TextLevelParser - No producer found for character: 0
10:18:49.132 [JavaFX Application Thread] WARN  FXGL.TextLevelParser - No producer found for character: 0
10:18:49.132 [JavaFX Application Thread] WARN  FXGL.TextLevelParser - No producer found for character: 0
10:18:49.132 [JavaFX Application Thread] WARN  FXGL.TextLevelParser - No producer found for character: 0
10:18:49.132 [JavaFX Application Thread] WARN  FXGL.TextLevelParser - No producer found for character: 0
10:18:49.132 [JavaFX Application Thread] WARN  FXGL.TextLevelParser - No producer found for character: 0
10:18:49.132 [JavaFX Application Thread] WARN  FXGL.TextLevelParser - No producer found for character: 0
10:18:49.132 [JavaFX Application Thread] WARN  FXGL.TextLevelParser - No producer found for character: 0
10:18:49.132 [JavaFX Application Thread] WARN  FXGL.TextLevelParser - No producer found for character: 0
10:18:49.132 [JavaFX Application Thread] WARN  FXGL.TextLevelParser - No producer found for character: 0
10:18:49.132 [JavaFX Application Thread] WARN  FXGL.TextLevelParser - No producer found for character: 0
10:18:49.132 [JavaFX Application Thread] WARN  FXGL.TextLevelParser - No producer found for character: 0
10:18:49.132 [JavaFX Application Thread] WARN  FXGL.TextLevelParser - No producer found for character: 0
10:18:49.132 [JavaFX Application Thread] WARN  FXGL.TextLevelParser - No producer found for character: 0
10:18:49.132 [JavaFX Application Thread] WARN  FXGL.TextLevelParser - No producer found for character: 0
10:18:49.133 [JavaFX Application Thread] WARN  FXGL.TextLevelParser - No producer found for character: 0
10:18:49.133 [JavaFX Application Thread] WARN  FXGL.TextLevelParser - No producer found for character: 0
10:18:49.133 [JavaFX Application Thread] WARN  FXGL.TextLevelParser - No producer found for character: 0
10:18:49.133 [JavaFX Application Thread] WARN  FXGL.TextLevelParser - No producer found for character: 0
10:18:49.133 [JavaFX Application Thread] WARN  FXGL.TextLevelParser - No producer found for character: 0
10:18:49.133 [JavaFX Application Thread] WARN  FXGL.TextLevelParser - No producer found for character: 0
10:18:49.133 [JavaFX Application Thread] WARN  FXGL.TextLevelParser - No producer found for character: 0
10:18:49.133 [JavaFX Application Thread] WARN  FXGL.TextLevelParser - No producer found for character: 0
10:18:49.133 [JavaFX Application Thread] WARN  FXGL.TextLevelParser - No producer found for character: 0
10:18:49.133 [JavaFX Application Thread] WARN  FXGL.TextLevelParser - No producer found for character: 0
10:18:49.133 [JavaFX Application Thread] WARN  FXGL.TextLevelParser - No producer found for character: 0
10:18:49.133 [JavaFX Application Thread] WARN  FXGL.TextLevelParser - No producer found for character: 0
10:18:49.133 [JavaFX Application Thread] WARN  FXGL.TextLevelParser - No producer found for character: 0
10:18:49.133 [JavaFX Application Thread] WARN  FXGL.TextLevelParser - No producer found for character: 0
10:18:49.133 [JavaFX Application Thread] WARN  FXGL.TextLevelParser - No producer found for character: 0
10:18:49.133 [JavaFX Application Thread] WARN  FXGL.TextLevelParser - No producer found for character: 0
10:18:49.133 [JavaFX Application Thread] WARN  FXGL.TextLevelParser - No producer found for character: 0
10:18:49.133 [JavaFX Application Thread] WARN  FXGL.TextLevelParser - No producer found for character: 0
10:18:49.133 [JavaFX Application Thread] WARN  FXGL.TextLevelParser - No producer found for character: 0
10:18:49.133 [JavaFX Application Thread] WARN  FXGL.TextLevelParser - No producer found for character: 0
10:18:49.134 [JavaFX Application Thread] WARN  FXGL.TextLevelParser - No producer found for character: 0
10:18:49.134 [JavaFX Application Thread] WARN  FXGL.TextLevelParser - No producer found for character: 0
10:18:49.134 [JavaFX Application Thread] WARN  FXGL.TextLevelParser - No producer found for character: 0
10:18:49.134 [JavaFX Application Thread] WARN  FXGL.TextLevelParser - No producer found for character: 0
10:18:49.134 [JavaFX Application Thread] WARN  FXGL.TextLevelParser - No producer found for character: 0
10:18:49.134 [JavaFX Application Thread] WARN  FXGL.TextLevelParser - No producer found for character: 0
10:18:49.134 [JavaFX Application Thread] WARN  FXGL.TextLevelParser - No producer found for character: 0
10:18:49.134 [JavaFX Application Thread] WARN  FXGL.TextLevelParser - No producer found for character: 0
10:18:49.134 [JavaFX Application Thread] WARN  FXGL.TextLevelParser - No producer found for character: 0
10:18:49.134 [JavaFX Application Thread] WARN  FXGL.TextLevelParser - No producer found for character: 0
10:18:49.134 [JavaFX Application Thread] WARN  FXGL.TextLevelParser - No producer found for character: 0
10:18:49.134 [JavaFX Application Thread] WARN  FXGL.TextLevelParser - No producer found for character: 0
10:18:49.134 [JavaFX Application Thread] WARN  FXGL.TextLevelParser - No producer found for character: 0
10:18:49.134 [JavaFX Application Thread] WARN  FXGL.TextLevelParser - No producer found for character: 0
10:18:49.134 [JavaFX Application Thread] WARN  FXGL.TextLevelParser - No producer found for character: 0
10:18:49.134 [JavaFX Application Thread] WARN  FXGL.TextLevelParser - No producer found for character: 0
10:18:49.134 [JavaFX Application Thread] WARN  FXGL.TextLevelParser - No producer found for character: 0
10:18:49.134 [JavaFX Application Thread] WARN  FXGL.TextLevelParser - No producer found for character: 0
10:18:49.134 [JavaFX Application Thread] WARN  FXGL.TextLevelParser - No producer found for character: 0
10:18:49.134 [JavaFX Application Thread] WARN  FXGL.TextLevelParser - No producer found for character: 0
10:18:49.134 [JavaFX Application Thread] WARN  FXGL.TextLevelParser - No producer found for character: 0
10:18:49.134 [JavaFX Application Thread] WARN  FXGL.TextLevelParser - No producer found for character: 0
10:18:49.135 [JavaFX Application Thread] WARN  FXGL.TextLevelParser - No producer found for character: 0
10:18:49.135 [JavaFX Application Thread] WARN  FXGL.TextLevelParser - No producer found for character: 0
10:18:49.135 [JavaFX Application Thread] WARN  FXGL.TextLevelParser - No producer found for character: 0
10:18:49.135 [JavaFX Application Thread] WARN  FXGL.TextLevelParser - No producer found for character: 0
10:18:49.135 [JavaFX Application Thread] WARN  FXGL.TextLevelParser - No producer found for character: 0
10:18:49.135 [JavaFX Application Thread] WARN  FXGL.TextLevelParser - No producer found for character: 0
10:18:49.135 [JavaFX Application Thread] WARN  FXGL.TextLevelParser - No producer found for character: 0
10:18:49.135 [JavaFX Application Thread] WARN  FXGL.TextLevelParser - No producer found for character: 0
10:18:49.135 [JavaFX Application Thread] WARN  FXGL.TextLevelParser - No producer found for character: 0
10:18:49.135 [JavaFX Application Thread] WARN  FXGL.TextLevelParser - No producer found for character: 0
10:18:49.135 [JavaFX Application Thread] WARN  FXGL.TextLevelParser - No producer found for character: 0
10:18:49.135 [JavaFX Application Thread] WARN  FXGL.TextLevelParser - No producer found for character: 0
10:18:49.135 [JavaFX Application Thread] WARN  FXGL.TextLevelParser - No producer found for character: 0
10:18:49.135 [JavaFX Application Thread] WARN  FXGL.TextLevelParser - No producer found for character: 0
10:18:49.135 [JavaFX Application Thread] WARN  FXGL.TextLevelParser - No producer found for character: 0
10:18:49.135 [JavaFX Application Thread] WARN  FXGL.TextLevelParser - No producer found for character: 0
10:18:49.135 [JavaFX Application Thread] WARN  FXGL.TextLevelParser - No producer found for character: 0
10:18:49.135 [JavaFX Application Thread] WARN  FXGL.TextLevelParser - No producer found for character: 0
10:18:49.136 [JavaFX Application Thread] WARN  FXGL.TextLevelParser - No producer found for character: 0
10:18:49.136 [JavaFX Application Thread] WARN  FXGL.TextLevelParser - No producer found for character: 0
10:18:49.136 [JavaFX Application Thread] WARN  FXGL.TextLevelParser - No producer found for character: 0
10:18:49.136 [JavaFX Application Thread] WARN  FXGL.TextLevelParser - No producer found for character: 0
10:18:49.136 [JavaFX Application Thread] WARN  FXGL.TextLevelParser - No producer found for character: 0
10:18:49.136 [JavaFX Application Thread] WARN  FXGL.TextLevelParser - No producer found for character: 0
10:18:49.136 [JavaFX Application Thread] WARN  FXGL.TextLevelParser - No producer found for character: 0
10:18:49.136 [JavaFX Application Thread] WARN  FXGL.TextLevelParser - No producer found for character: 0
10:18:49.136 [JavaFX Application Thread] WARN  FXGL.TextLevelParser - No producer found for character: 0
10:18:49.136 [JavaFX Application Thread] WARN  FXGL.TextLevelParser - No producer found for character: 0
10:18:49.136 [JavaFX Application Thread] WARN  FXGL.TextLevelParser - No producer found for character: 0
10:18:49.136 [JavaFX Application Thread] WARN  FXGL.TextLevelParser - No producer found for character: 0
10:18:49.136 [JavaFX Application Thread] WARN  FXGL.TextLevelParser - No producer found for character: 0
10:18:49.136 [JavaFX Application Thread] WARN  FXGL.TextLevelParser - No producer found for character: 0
10:18:49.136 [JavaFX Application Thread] WARN  FXGL.TextLevelParser - No producer found for character: 0
10:18:49.136 [JavaFX Application Thread] WARN  FXGL.TextLevelParser - No producer found for character: 0
10:18:49.136 [JavaFX Application Thread] WARN  FXGL.TextLevelParser - No producer found for character: 0
10:18:49.136 [JavaFX Application Thread] WARN  FXGL.TextLevelParser - No producer found for character: 0
10:18:49.136 [JavaFX Application Thread] WARN  FXGL.TextLevelParser - No producer found for character: 0
10:18:49.137 [JavaFX Application Thread] WARN  FXGL.TextLevelParser - No producer found for character: 0
10:18:49.137 [JavaFX Application Thread] WARN  FXGL.TextLevelParser - No producer found for character: 0
10:18:49.137 [JavaFX Application Thread] WARN  FXGL.TextLevelParser - No producer found for character: 0
10:18:49.137 [JavaFX Application Thread] WARN  FXGL.TextLevelParser - No producer found for character: 0
10:18:49.137 [JavaFX Application Thread] WARN  FXGL.TextLevelParser - No producer found for character: 0
10:18:49.137 [JavaFX Application Thread] WARN  FXGL.TextLevelParser - No producer found for character: 0
10:18:49.137 [JavaFX Application Thread] WARN  FXGL.TextLevelParser - No producer found for character: 0
10:18:49.137 [JavaFX Application Thread] WARN  FXGL.TextLevelParser - No producer found for character: 0
10:18:49.137 [JavaFX Application Thread] WARN  FXGL.TextLevelParser - No producer found for character: 0
10:18:49.137 [JavaFX Application Thread] WARN  FXGL.TextLevelParser - No producer found for character: 0
10:18:49.137 [JavaFX Application Thread] WARN  FXGL.TextLevelParser - No producer found for character: 0
10:18:49.137 [JavaFX Application Thread] WARN  FXGL.TextLevelParser - No producer found for character: 0
10:18:49.137 [JavaFX Application Thread] WARN  FXGL.TextLevelParser - No producer found for character: 0
10:18:49.137 [JavaFX Application Thread] WARN  FXGL.TextLevelParser - No producer found for character: 0
10:18:49.137 [JavaFX Application Thread] WARN  FXGL.TextLevelParser - No producer found for character: 0
10:18:49.137 [JavaFX Application Thread] WARN  FXGL.TextLevelParser - No producer found for character: 0
10:18:49.137 [JavaFX Application Thread] WARN  FXGL.TextLevelParser - No producer found for character: 0
10:18:49.137 [JavaFX Application Thread] WARN  FXGL.TextLevelParser - No producer found for character: 0
10:18:49.137 [JavaFX Application Thread] WARN  FXGL.TextLevelParser - No producer found for character: 0
10:18:49.137 [JavaFX Application Thread] WARN  FXGL.TextLevelParser - No producer found for character: 0
10:18:49.137 [JavaFX Application Thread] WARN  FXGL.TextLevelParser - No producer found for character: 0
10:18:49.137 [JavaFX Application Thread] WARN  FXGL.TextLevelParser - No producer found for character: 0
10:18:49.138 [JavaFX Application Thread] WARN  FXGL.TextLevelParser - No producer found for character: 0
10:18:49.138 [JavaFX Application Thread] WARN  FXGL.TextLevelParser - No producer found for character: 0
10:18:49.138 [JavaFX Application Thread] WARN  FXGL.TextLevelParser - No producer found for character: 0
10:18:49.138 [JavaFX Application Thread] WARN  FXGL.TextLevelParser - No producer found for character: 0
10:18:49.138 [JavaFX Application Thread] DEBUG AssetLoader          - Loading from cache: /assets/textures/bar.png
10:18:49.139 [JavaFX Application Thread] WARN  FXGL.TextLevelParser - No producer found for character: 0
10:18:49.139 [JavaFX Application Thread] WARN  FXGL.TextLevelParser - No producer found for character: 0
10:18:49.139 [JavaFX Application Thread] WARN  FXGL.TextLevelParser - No producer found for character: 0
10:18:49.139 [JavaFX Application Thread] WARN  FXGL.TextLevelParser - No producer found for character: 0
10:18:49.139 [JavaFX Application Thread] WARN  FXGL.TextLevelParser - No producer found for character: 0
10:18:49.139 [JavaFX Application Thread] WARN  FXGL.TextLevelParser - No producer found for character: 0
10:18:49.139 [JavaFX Application Thread] WARN  FXGL.TextLevelParser - No producer found for character: 0
10:18:49.139 [JavaFX Application Thread] WARN  FXGL.TextLevelParser - No producer found for character: 0
10:18:49.139 [JavaFX Application Thread] WARN  FXGL.TextLevelParser - No producer found for character: 0
10:18:49.139 [JavaFX Application Thread] WARN  FXGL.TextLevelParser - No producer found for character: 0
10:18:49.139 [JavaFX Application Thread] WARN  FXGL.TextLevelParser - No producer found for character: 0
10:18:49.139 [JavaFX Application Thread] WARN  FXGL.TextLevelParser - No producer found for character: 0
10:18:49.139 [JavaFX Application Thread] WARN  FXGL.TextLevelParser - No producer found for character: 0
10:18:49.139 [JavaFX Application Thread] WARN  FXGL.TextLevelParser - No producer found for character: 0
10:18:49.139 [JavaFX Application Thread] WARN  FXGL.TextLevelParser - No producer found for character: 0
10:18:49.139 [JavaFX Application Thread] WARN  FXGL.TextLevelParser - No producer found for character: 0
10:18:49.140 [JavaFX Application Thread] WARN  FXGL.TextLevelParser - No producer found for character: 0
10:18:49.140 [JavaFX Application Thread] WARN  FXGL.TextLevelParser - No producer found for character: 0
10:18:49.140 [JavaFX Application Thread] WARN  FXGL.TextLevelParser - No producer found for character: 0
10:18:49.140 [JavaFX Application Thread] WARN  FXGL.TextLevelParser - No producer found for character: 0
10:18:49.140 [JavaFX Application Thread] WARN  FXGL.TextLevelParser - No producer found for character: 0
10:18:49.140 [JavaFX Application Thread] WARN  FXGL.TextLevelParser - No producer found for character: 0
10:18:49.140 [JavaFX Application Thread] WARN  FXGL.TextLevelParser - No producer found for character: 0
10:18:49.140 [JavaFX Application Thread] WARN  FXGL.TextLevelParser - No producer found for character: 0
10:18:49.140 [JavaFX Application Thread] WARN  FXGL.TextLevelParser - No producer found for character: 0
10:18:49.140 [JavaFX Application Thread] WARN  FXGL.TextLevelParser - No producer found for character: 0
10:18:49.140 [JavaFX Application Thread] DEBUG AssetLoader          - Loading from cache: /assets/textures/fire.png@100.0x80.0
10:18:49.141 [JavaFX Application Thread] WARN  FXGL.TextLevelParser - No producer found for character: 0
10:18:49.141 [JavaFX Application Thread] DEBUG AssetLoader          - Loading from cache: /assets/textures/fire.png@100.0x80.0
10:18:49.141 [JavaFX Application Thread] WARN  FXGL.TextLevelParser - No producer found for character: 0
10:18:49.142 [JavaFX Application Thread] DEBUG AssetLoader          - Loading from cache: /assets/textures/fire.png@100.0x80.0
10:18:49.142 [JavaFX Application Thread] WARN  FXGL.TextLevelParser - No producer found for character: 0
10:18:49.143 [JavaFX Application Thread] DEBUG AssetLoader          - Loading from cache: /assets/textures/fire.png@100.0x80.0
10:18:49.143 [JavaFX Application Thread] WARN  FXGL.TextLevelParser - No producer found for character: 0
10:18:49.143 [JavaFX Application Thread] DEBUG AssetLoader          - Loading from cache: /assets/textures/fire.png@100.0x80.0
10:18:49.143 [JavaFX Application Thread] WARN  FXGL.TextLevelParser - No producer found for character: 0
10:18:49.144 [JavaFX Application Thread] DEBUG AssetLoader          - Loading from cache: /assets/textures/fire.png@100.0x80.0
10:18:49.144 [JavaFX Application Thread] WARN  FXGL.TextLevelParser - No producer found for character: 0
10:18:49.144 [JavaFX Application Thread] DEBUG AssetLoader          - Loading from cache: /assets/textures/fire.png@100.0x80.0
10:18:49.145 [JavaFX Application Thread] WARN  FXGL.TextLevelParser - No producer found for character: 0
10:18:49.145 [JavaFX Application Thread] DEBUG AssetLoader          - Loading from cache: /assets/textures/fire.png@100.0x80.0
10:18:49.145 [JavaFX Application Thread] WARN  FXGL.TextLevelParser - No producer found for character: 0
10:18:49.145 [JavaFX Application Thread] DEBUG AssetLoader          - Loading from cache: /assets/textures/fire.png@100.0x80.0
10:18:49.146 [JavaFX Application Thread] WARN  FXGL.TextLevelParser - No producer found for character: 0
10:18:49.146 [JavaFX Application Thread] DEBUG GameWorld            - Clearing removable entities
10:18:49.147 [JavaFX Application Thread] DEBUG GameWorld            - Setting level: com.almasb.fxgl.entity.Level@30c7f946
10:18:58.574 [JavaFX Application Thread] DEBUG GameApplication      - Exiting game application
10:18:58.575 [JavaFX Application Thread] DEBUG GameApplication      - Shutting down background threads
10:18:58.575 [JavaFX Application Thread] DEBUG GameApplication      - Exiting FXGL
10:18:58.575 [JavaFX Application Thread] DEBUG FXGL                 - Saving FXGL system data
10:18:58.578 [JavaFX Application Thread] DEBUG FS                   - Writing to: system\fxgl.bundle
10:18:58.581 [JavaFX Application Thread] DEBUG GameApplication      - Closing logger and exiting JavaFX
