09:04:23.871 [JavaFX Application Thread] DEBUG GameApplication      - Logger initialized
09:04:23.890 [JavaFX Application Thread] DEBUG MainWindow           - Creating a JavaFX scene
09:04:24.001 [JavaFX Application Thread] DEBUG MainWindow           - Target settings size: 900.0 x 780.0
09:04:24.001 [JavaFX Application Thread] DEBUG MainWindow           - Scaled scene size:    900.0 x 780.0
09:04:24.002 [JavaFX Application Thread] DEBUG MainWindow           - Scaled ratio: (1.0, 1.0)
09:04:24.005 [JavaFX Application Thread] DEBUG GameApplication      - Starting FXGL
09:04:24.023 [FXGL Launcher Thread     ] INFO  FXGL                 - FXGL-0.5.0 on DESKTOP
09:04:24.024 [FXGL Launcher Thread     ] INFO  FXGL                 - Source code and latest versions at: https://github.com/AlmasB/FXGL
09:04:24.024 [FXGL Launcher Thread     ] INFO  FXGL                 -              Join the FXGL chat at: https://gitter.im/AlmasB/FXGL
09:04:24.029 [FXGL Launcher Thread     ] DEBUG FXGL                 - Loading FXGL system data
09:04:24.039 [FXGL Launcher Thread     ] DEBUG FS                   - Reading from: system\fxgl.bundle
09:04:24.047 [FXGL Launcher Thread     ] DEBUG Bundle               - Logging bundle: FXGL
09:04:24.048 [FXGL Launcher Thread     ] DEBUG Bundle               - FXGL.offline.timer.version.check=2019-01-24T08:55:57.713219300
09:04:24.070 [FXGL Launcher Thread     ] DEBUG GameApplication      - FXGL started
09:04:24.071 [FXGL Launcher Thread     ] DEBUG GameApplication      - Logging game settings
Title: Breakout
Version: 0.1
Width: 900
Height: 780
Fullscreen: false
Intro: false
Menus: false
Profiling: false
Single step:false
App Mode: DEVELOPER
Menu Key: ESCAPE
Stage Style: DECORATED
Scene Factory: class com.almasb.fxgl.scene.SceneFactory
Dialog Factory: class com.almasb.fxgl.ui.FXGLDialogFactory
UI Factory: class com.almasb.fxgl.ui.FXGLUIFactory
Notification Service: class com.almasb.fxgl.gameplay.notification.XboxNotificationView
Exception Handler: class com.almasb.fxgl.app.FXGLExceptionHandler
09:04:24.072 [FXGL Launcher Thread     ] DEBUG GameApplication      - Configuring GameApplication
09:04:24.072 [FXGL Launcher Thread     ] DEBUG GameApplication      - Initializing state machine and application states
09:04:24.088 [FXGL Launcher Thread     ] DEBUG AssetLoader          - Loading from disk: /assets/ui/cursors/fxgl_default.png
09:04:24.103 [FXGL Launcher Thread     ] DEBUG AssetLoader          - Loading from disk: /assets/ui/cursors/fxgl_default.png
09:04:24.122 [FXGL Launcher Thread     ] DEBUG FXGLAssets           - Loading FXGLAssets
09:04:24.149 [FXGL Launcher Thread     ] DEBUG AssetLoader          - Loading from disk: /assets/ui/fonts/VarelaRound-Regular.ttf
09:04:24.346 [FXGL Launcher Thread     ] DEBUG AssetLoader          - Loading from disk: /assets/ui/fonts/lucida_console.ttf
09:04:24.351 [FXGL Launcher Thread     ] DEBUG AssetLoader          - Loading from disk: /assets/ui/css/fxgl_dark.css
09:04:24.351 [FXGL Launcher Thread     ] DEBUG AssetLoader          - Loading from disk: /assets/ui/icons/fxgl_icon.png
09:04:24.388 [FXGL Launcher Thread     ] DEBUG AssetLoader          - Loading from disk: /assets/ui/cursors/fxgl_default.png
09:04:24.396 [FXGL Launcher Thread     ] DEBUG AssetLoader          - Loading from disk: /assets/ui/cursors/fxgl_default.png
09:04:24.431 [FXGL Launcher Thread     ] DEBUG GameScene            - Game scene initialized: 900x780
09:04:24.441 [FXGL Launcher Thread     ] DEBUG GameWorld            - Game world initialized
09:04:24.530 [FXGL Launcher Thread     ] DEBUG PhysicsWorld         - Physics world initialized: appHeight=780, physics.ppm=50,0
09:04:24.548 [FXGL Launcher Thread     ] DEBUG Input                - Registered new binding: Pause - Esc
09:04:24.567 [FXGL Launcher Thread     ] DEBUG Input                - Clearing active input actions
09:04:24.618 [FXGL Launcher Thread     ] DEBUG AppStateMachine      - StartupState -> StartupState
09:04:24.626 [FXGL Launcher Thread     ] INFO  GameApplication      - Game configuration took:  0,554 sec
09:04:24.631 [JavaFX Application Thread] DEBUG MainWindow           - Opening main window
09:04:24.723 [JavaFX Application Thread] DEBUG MainWindow           - Window border size: (14.4000244140625, 37.5999755859375)
09:04:24.723 [JavaFX Application Thread] DEBUG MainWindow           - Scaled size: 900.0 x 780.0
09:04:24.723 [JavaFX Application Thread] DEBUG MainWindow           - Scaled ratio: (1.0, 1.0)
09:04:24.723 [JavaFX Application Thread] DEBUG MainWindow           - Scene size: 900.0 x 780.0
09:04:24.723 [JavaFX Application Thread] DEBUG MainWindow           - Stage size: 914.4000244140625 x 817.5999755859375
09:04:24.724 [JavaFX Application Thread] DEBUG GameApplication      - Running preInit()
09:04:24.726 [JavaFX Application Thread] DEBUG Input                - Registered new binding: Screenshot - P
09:04:24.727 [JavaFX Application Thread] DEBUG Input                - Registered new binding: Dev Options - CTRL+0
09:04:24.727 [JavaFX Application Thread] DEBUG Input                - Registered new binding: System info dump - CTRL+9
09:04:24.728 [JavaFX Application Thread] DEBUG Input                - Registered new binding: Restart - CTRL+R
09:04:24.729 [JavaFX Application Thread] DEBUG Input                - Registered new binding: Move Left - A
09:04:24.729 [JavaFX Application Thread] DEBUG Input                - Registered new binding: Move Right - D
09:04:24.750 [JavaFX Application Thread] DEBUG GameApplication      - Starting main loop
09:04:24.752 [JavaFX Application Thread] DEBUG StartupState         - STARTUP
09:04:24.752 [JavaFX Application Thread] DEBUG GameApplication      - Starting new game
09:04:24.752 [JavaFX Application Thread] DEBUG Input                - Clearing active input actions
09:04:24.763 [JavaFX Application Thread] DEBUG AppStateMachine      - StartupState -> LoadingState
09:04:24.767 [FXGL Background Thread 1 ] DEBUG InitAppTask          - Clearing previous game
09:04:24.767 [FXGL Background Thread 1 ] DEBUG GameWorld            - Clearing game world
09:04:24.767 [FXGL Background Thread 1 ] DEBUG PhysicsWorld         - Clearing physics world
09:04:24.767 [FXGL Background Thread 1 ] DEBUG GameScene            - Clearing game scene
09:04:24.768 [FXGL Background Thread 1 ] DEBUG InitAppTask          - Initializing Game
09:04:24.810 [FXGL Background Thread 1 ] DEBUG AssetLoader          - Loading from disk: /assets/text/levels/deathbricks.txt
09:04:24.812 [FXGL Background Thread 1 ] WARN  FXGL.TextLevelParser - No producer found for character: 0
09:04:24.812 [FXGL Background Thread 1 ] WARN  FXGL.TextLevelParser - No producer found for character: 0
09:04:24.813 [FXGL Background Thread 1 ] WARN  FXGL.TextLevelParser - No producer found for character: 0
09:04:24.813 [FXGL Background Thread 1 ] WARN  FXGL.TextLevelParser - No producer found for character: 0
09:04:24.813 [FXGL Background Thread 1 ] WARN  FXGL.TextLevelParser - No producer found for character: 0
09:04:24.813 [FXGL Background Thread 1 ] WARN  FXGL.TextLevelParser - No producer found for character: 0
09:04:24.813 [FXGL Background Thread 1 ] WARN  FXGL.TextLevelParser - No producer found for character: 0
09:04:24.814 [FXGL Background Thread 1 ] WARN  FXGL.TextLevelParser - No producer found for character: 0
09:04:24.814 [FXGL Background Thread 1 ] WARN  FXGL.TextLevelParser - No producer found for character: 0
09:04:24.814 [FXGL Background Thread 1 ] WARN  FXGL.TextLevelParser - No producer found for character: 0
09:04:24.815 [FXGL Background Thread 1 ] WARN  FXGL.TextLevelParser - No producer found for character: 0
09:04:24.815 [FXGL Background Thread 1 ] WARN  FXGL.TextLevelParser - No producer found for character: 0
09:04:24.815 [FXGL Background Thread 1 ] WARN  FXGL.TextLevelParser - No producer found for character: 0
09:04:24.815 [FXGL Background Thread 1 ] WARN  FXGL.TextLevelParser - No producer found for character: 0
09:04:24.816 [FXGL Background Thread 1 ] WARN  FXGL.TextLevelParser - No producer found for character: 0
09:04:24.816 [FXGL Background Thread 1 ] WARN  FXGL.TextLevelParser - No producer found for character: 0
09:04:24.850 [FXGL Background Thread 1 ] DEBUG AssetLoader          - Loading from disk: /assets/textures/brick1.png
09:04:24.866 [FXGL Background Thread 1 ] DEBUG AssetLoader          - Loading from cache: /assets/textures/brick1.png@50.0x24.0
09:04:24.869 [FXGL Background Thread 1 ] DEBUG AssetLoader          - Loading from cache: /assets/textures/brick1.png@50.0x24.0
09:04:24.870 [FXGL Background Thread 1 ] DEBUG AssetLoader          - Loading from cache: /assets/textures/brick1.png@50.0x24.0
09:04:24.872 [FXGL Background Thread 1 ] DEBUG AssetLoader          - Loading from cache: /assets/textures/brick1.png@50.0x24.0
09:04:24.873 [FXGL Background Thread 1 ] DEBUG AssetLoader          - Loading from cache: /assets/textures/brick1.png@50.0x24.0
09:04:24.875 [FXGL Background Thread 1 ] DEBUG AssetLoader          - Loading from cache: /assets/textures/brick1.png@50.0x24.0
09:04:24.876 [FXGL Background Thread 1 ] DEBUG AssetLoader          - Loading from cache: /assets/textures/brick1.png@50.0x24.0
09:04:24.878 [FXGL Background Thread 1 ] DEBUG AssetLoader          - Loading from cache: /assets/textures/brick1.png@50.0x24.0
09:04:24.879 [FXGL Background Thread 1 ] DEBUG AssetLoader          - Loading from cache: /assets/textures/brick1.png@50.0x24.0
09:04:24.882 [FXGL Background Thread 1 ] DEBUG AssetLoader          - Loading from cache: /assets/textures/brick1.png@50.0x24.0
09:04:24.884 [FXGL Background Thread 1 ] DEBUG AssetLoader          - Loading from cache: /assets/textures/brick1.png@50.0x24.0
09:04:24.885 [FXGL Background Thread 1 ] DEBUG AssetLoader          - Loading from cache: /assets/textures/brick1.png@50.0x24.0
09:04:24.886 [FXGL Background Thread 1 ] DEBUG AssetLoader          - Loading from cache: /assets/textures/brick1.png@50.0x24.0
09:04:24.888 [FXGL Background Thread 1 ] DEBUG AssetLoader          - Loading from cache: /assets/textures/brick1.png@50.0x24.0
09:04:24.891 [FXGL Background Thread 1 ] DEBUG AssetLoader          - Loading from cache: /assets/textures/brick1.png@50.0x24.0
09:04:24.892 [FXGL Background Thread 1 ] WARN  FXGL.TextLevelParser - No producer found for character: 0
09:04:24.892 [FXGL Background Thread 1 ] WARN  FXGL.TextLevelParser - No producer found for character: 0
09:04:24.893 [FXGL Background Thread 1 ] WARN  FXGL.TextLevelParser - No producer found for character: 0
09:04:24.893 [FXGL Background Thread 1 ] WARN  FXGL.TextLevelParser - No producer found for character: 0
09:04:24.893 [FXGL Background Thread 1 ] WARN  FXGL.TextLevelParser - No producer found for character: 0
09:04:24.893 [FXGL Background Thread 1 ] WARN  FXGL.TextLevelParser - No producer found for character: 0
09:04:24.894 [FXGL Background Thread 1 ] WARN  FXGL.TextLevelParser - No producer found for character: 0
09:04:24.894 [FXGL Background Thread 1 ] WARN  FXGL.TextLevelParser - No producer found for character: 0
09:04:24.894 [FXGL Background Thread 1 ] WARN  FXGL.TextLevelParser - No producer found for character: 0
09:04:24.894 [FXGL Background Thread 1 ] WARN  FXGL.TextLevelParser - No producer found for character: 0
09:04:24.894 [FXGL Background Thread 1 ] WARN  FXGL.TextLevelParser - No producer found for character: 0
09:04:24.894 [FXGL Background Thread 1 ] WARN  FXGL.TextLevelParser - No producer found for character: 0
09:04:24.895 [FXGL Background Thread 1 ] WARN  FXGL.TextLevelParser - No producer found for character: 0
09:04:24.895 [FXGL Background Thread 1 ] WARN  FXGL.TextLevelParser - No producer found for character: 0
09:04:24.895 [FXGL Background Thread 1 ] WARN  FXGL.TextLevelParser - No producer found for character: 0
09:04:24.895 [FXGL Background Thread 1 ] WARN  FXGL.TextLevelParser - No producer found for character: 0
09:04:24.896 [FXGL Background Thread 1 ] WARN  FXGL.TextLevelParser - No producer found for character: 0
09:04:24.896 [FXGL Background Thread 1 ] WARN  FXGL.TextLevelParser - No producer found for character: 0
09:04:24.896 [FXGL Background Thread 1 ] WARN  FXGL.TextLevelParser - No producer found for character: 0
09:04:24.896 [FXGL Background Thread 1 ] WARN  FXGL.TextLevelParser - No producer found for character: 0
09:04:24.896 [FXGL Background Thread 1 ] WARN  FXGL.TextLevelParser - No producer found for character: 0
09:04:24.896 [FXGL Background Thread 1 ] WARN  FXGL.TextLevelParser - No producer found for character: 0
09:04:24.896 [FXGL Background Thread 1 ] WARN  FXGL.TextLevelParser - No producer found for character: 0
09:04:24.896 [FXGL Background Thread 1 ] WARN  FXGL.TextLevelParser - No producer found for character: 0
09:04:24.897 [FXGL Background Thread 1 ] WARN  FXGL.TextLevelParser - No producer found for character: 0
09:04:24.897 [FXGL Background Thread 1 ] WARN  FXGL.TextLevelParser - No producer found for character: 0
09:04:24.898 [FXGL Background Thread 1 ] WARN  FXGL.TextLevelParser - No producer found for character: 0
09:04:24.898 [FXGL Background Thread 1 ] WARN  FXGL.TextLevelParser - No producer found for character: 0
09:04:24.898 [FXGL Background Thread 1 ] WARN  FXGL.TextLevelParser - No producer found for character: 0
09:04:24.898 [FXGL Background Thread 1 ] WARN  FXGL.TextLevelParser - No producer found for character: 0
09:04:24.899 [FXGL Background Thread 1 ] WARN  FXGL.TextLevelParser - No producer found for character: 0
09:04:24.899 [FXGL Background Thread 1 ] WARN  FXGL.TextLevelParser - No producer found for character: 0
09:04:24.899 [FXGL Background Thread 1 ] WARN  FXGL.TextLevelParser - No producer found for character: 0
09:04:24.899 [FXGL Background Thread 1 ] WARN  FXGL.TextLevelParser - No producer found for character: 0
09:04:24.899 [FXGL Background Thread 1 ] WARN  FXGL.TextLevelParser - No producer found for character: 0
09:04:24.900 [FXGL Background Thread 1 ] WARN  FXGL.TextLevelParser - No producer found for character: 0
09:04:24.900 [FXGL Background Thread 1 ] WARN  FXGL.TextLevelParser - No producer found for character: 0
09:04:24.900 [FXGL Background Thread 1 ] WARN  FXGL.TextLevelParser - No producer found for character: 0
09:04:24.900 [FXGL Background Thread 1 ] WARN  FXGL.TextLevelParser - No producer found for character: 0
09:04:24.901 [FXGL Background Thread 1 ] WARN  FXGL.TextLevelParser - No producer found for character: 0
09:04:24.901 [FXGL Background Thread 1 ] WARN  FXGL.TextLevelParser - No producer found for character: 0
09:04:24.901 [FXGL Background Thread 1 ] WARN  FXGL.TextLevelParser - No producer found for character: 0
09:04:24.901 [FXGL Background Thread 1 ] WARN  FXGL.TextLevelParser - No producer found for character: 0
09:04:24.902 [FXGL Background Thread 1 ] WARN  FXGL.TextLevelParser - No producer found for character: 0
09:04:24.902 [FXGL Background Thread 1 ] WARN  FXGL.TextLevelParser - No producer found for character: 0
09:04:24.902 [FXGL Background Thread 1 ] WARN  FXGL.TextLevelParser - No producer found for character: 0
09:04:24.902 [FXGL Background Thread 1 ] WARN  FXGL.TextLevelParser - No producer found for character: 0
09:04:24.902 [FXGL Background Thread 1 ] WARN  FXGL.TextLevelParser - No producer found for character: 0
09:04:24.902 [FXGL Background Thread 1 ] WARN  FXGL.TextLevelParser - No producer found for character: 0
09:04:24.902 [FXGL Background Thread 1 ] WARN  FXGL.TextLevelParser - No producer found for character: 0
09:04:24.903 [FXGL Background Thread 1 ] WARN  FXGL.TextLevelParser - No producer found for character: 0
09:04:24.903 [FXGL Background Thread 1 ] WARN  FXGL.TextLevelParser - No producer found for character: 0
09:04:24.903 [FXGL Background Thread 1 ] WARN  FXGL.TextLevelParser - No producer found for character: 0
09:04:24.903 [FXGL Background Thread 1 ] WARN  FXGL.TextLevelParser - No producer found for character: 0
09:04:24.903 [FXGL Background Thread 1 ] WARN  FXGL.TextLevelParser - No producer found for character: 0
09:04:24.903 [FXGL Background Thread 1 ] WARN  FXGL.TextLevelParser - No producer found for character: 0
09:04:24.904 [FXGL Background Thread 1 ] WARN  FXGL.TextLevelParser - No producer found for character: 0
09:04:24.904 [FXGL Background Thread 1 ] WARN  FXGL.TextLevelParser - No producer found for character: 0
09:04:24.904 [FXGL Background Thread 1 ] WARN  FXGL.TextLevelParser - No producer found for character: 0
09:04:24.904 [FXGL Background Thread 1 ] WARN  FXGL.TextLevelParser - No producer found for character: 0
09:04:24.904 [FXGL Background Thread 1 ] WARN  FXGL.TextLevelParser - No producer found for character: 0
09:04:24.904 [FXGL Background Thread 1 ] WARN  FXGL.TextLevelParser - No producer found for character: 0
09:04:24.904 [FXGL Background Thread 1 ] WARN  FXGL.TextLevelParser - No producer found for character: 0
09:04:24.905 [FXGL Background Thread 1 ] WARN  FXGL.TextLevelParser - No producer found for character: 0
09:04:24.905 [FXGL Background Thread 1 ] WARN  FXGL.TextLevelParser - No producer found for character: 0
09:04:24.905 [FXGL Background Thread 1 ] WARN  FXGL.TextLevelParser - No producer found for character: 0
09:04:24.905 [FXGL Background Thread 1 ] WARN  FXGL.TextLevelParser - No producer found for character: 0
09:04:24.905 [FXGL Background Thread 1 ] WARN  FXGL.TextLevelParser - No producer found for character: 0
09:04:24.905 [FXGL Background Thread 1 ] WARN  FXGL.TextLevelParser - No producer found for character: 0
09:04:24.905 [FXGL Background Thread 1 ] WARN  FXGL.TextLevelParser - No producer found for character: 0
09:04:24.906 [FXGL Background Thread 1 ] WARN  FXGL.TextLevelParser - No producer found for character: 0
09:04:24.906 [FXGL Background Thread 1 ] WARN  FXGL.TextLevelParser - No producer found for character: 0
09:04:24.906 [FXGL Background Thread 1 ] WARN  FXGL.TextLevelParser - No producer found for character: 0
09:04:24.906 [FXGL Background Thread 1 ] WARN  FXGL.TextLevelParser - No producer found for character: 0
09:04:24.906 [FXGL Background Thread 1 ] WARN  FXGL.TextLevelParser - No producer found for character: 0
09:04:24.911 [FXGL Background Thread 1 ] WARN  FXGL.TextLevelParser - No producer found for character: 0
09:04:24.912 [FXGL Background Thread 1 ] WARN  FXGL.TextLevelParser - No producer found for character: 0
09:04:24.912 [FXGL Background Thread 1 ] WARN  FXGL.TextLevelParser - No producer found for character: 0
09:04:24.912 [FXGL Background Thread 1 ] WARN  FXGL.TextLevelParser - No producer found for character: 0
09:04:24.912 [FXGL Background Thread 1 ] WARN  FXGL.TextLevelParser - No producer found for character: 0
09:04:24.912 [FXGL Background Thread 1 ] WARN  FXGL.TextLevelParser - No producer found for character: 0
09:04:24.912 [FXGL Background Thread 1 ] WARN  FXGL.TextLevelParser - No producer found for character: 0
09:04:24.913 [FXGL Background Thread 1 ] WARN  FXGL.TextLevelParser - No producer found for character: 0
09:04:24.913 [FXGL Background Thread 1 ] WARN  FXGL.TextLevelParser - No producer found for character: 0
09:04:24.913 [FXGL Background Thread 1 ] WARN  FXGL.TextLevelParser - No producer found for character: 0
09:04:24.913 [FXGL Background Thread 1 ] WARN  FXGL.TextLevelParser - No producer found for character: 0
09:04:24.913 [FXGL Background Thread 1 ] WARN  FXGL.TextLevelParser - No producer found for character: 0
09:04:24.913 [FXGL Background Thread 1 ] WARN  FXGL.TextLevelParser - No producer found for character: 0
09:04:24.913 [FXGL Background Thread 1 ] WARN  FXGL.TextLevelParser - No producer found for character: 0
09:04:24.913 [FXGL Background Thread 1 ] WARN  FXGL.TextLevelParser - No producer found for character: 0
09:04:24.913 [FXGL Background Thread 1 ] WARN  FXGL.TextLevelParser - No producer found for character: 0
09:04:24.913 [FXGL Background Thread 1 ] WARN  FXGL.TextLevelParser - No producer found for character: 0
09:04:24.913 [FXGL Background Thread 1 ] WARN  FXGL.TextLevelParser - No producer found for character: 0
09:04:24.914 [FXGL Background Thread 1 ] WARN  FXGL.TextLevelParser - No producer found for character: 0
09:04:24.914 [FXGL Background Thread 1 ] WARN  FXGL.TextLevelParser - No producer found for character: 0
09:04:24.914 [FXGL Background Thread 1 ] WARN  FXGL.TextLevelParser - No producer found for character: 0
09:04:24.914 [FXGL Background Thread 1 ] WARN  FXGL.TextLevelParser - No producer found for character: 0
09:04:24.914 [FXGL Background Thread 1 ] WARN  FXGL.TextLevelParser - No producer found for character: 0
09:04:24.914 [FXGL Background Thread 1 ] WARN  FXGL.TextLevelParser - No producer found for character: 0
09:04:24.914 [FXGL Background Thread 1 ] WARN  FXGL.TextLevelParser - No producer found for character: 0
09:04:24.914 [FXGL Background Thread 1 ] WARN  FXGL.TextLevelParser - No producer found for character: 0
09:04:24.914 [FXGL Background Thread 1 ] WARN  FXGL.TextLevelParser - No producer found for character: 0
09:04:24.915 [FXGL Background Thread 1 ] WARN  FXGL.TextLevelParser - No producer found for character: 0
09:04:24.915 [FXGL Background Thread 1 ] WARN  FXGL.TextLevelParser - No producer found for character: 0
09:04:24.915 [FXGL Background Thread 1 ] WARN  FXGL.TextLevelParser - No producer found for character: 0
09:04:24.915 [FXGL Background Thread 1 ] WARN  FXGL.TextLevelParser - No producer found for character: 0
09:04:24.916 [FXGL Background Thread 1 ] WARN  FXGL.TextLevelParser - No producer found for character: 0
09:04:24.916 [FXGL Background Thread 1 ] WARN  FXGL.TextLevelParser - No producer found for character: 0
09:04:24.916 [FXGL Background Thread 1 ] WARN  FXGL.TextLevelParser - No producer found for character: 0
09:04:24.916 [FXGL Background Thread 1 ] WARN  FXGL.TextLevelParser - No producer found for character: 0
09:04:24.916 [FXGL Background Thread 1 ] WARN  FXGL.TextLevelParser - No producer found for character: 0
09:04:24.916 [FXGL Background Thread 1 ] WARN  FXGL.TextLevelParser - No producer found for character: 0
09:04:24.916 [FXGL Background Thread 1 ] WARN  FXGL.TextLevelParser - No producer found for character: 0
09:04:24.917 [FXGL Background Thread 1 ] WARN  FXGL.TextLevelParser - No producer found for character: 0
09:04:24.917 [FXGL Background Thread 1 ] WARN  FXGL.TextLevelParser - No producer found for character: 0
09:04:24.917 [FXGL Background Thread 1 ] WARN  FXGL.TextLevelParser - No producer found for character: 0
09:04:24.917 [FXGL Background Thread 1 ] WARN  FXGL.TextLevelParser - No producer found for character: 0
09:04:24.917 [FXGL Background Thread 1 ] WARN  FXGL.TextLevelParser - No producer found for character: 0
09:04:24.917 [FXGL Background Thread 1 ] WARN  FXGL.TextLevelParser - No producer found for character: 0
09:04:24.917 [FXGL Background Thread 1 ] WARN  FXGL.TextLevelParser - No producer found for character: 0
09:04:24.917 [FXGL Background Thread 1 ] WARN  FXGL.TextLevelParser - No producer found for character: 0
09:04:24.917 [FXGL Background Thread 1 ] WARN  FXGL.TextLevelParser - No producer found for character: 0
09:04:24.918 [FXGL Background Thread 1 ] WARN  FXGL.TextLevelParser - No producer found for character: 0
09:04:24.918 [FXGL Background Thread 1 ] WARN  FXGL.TextLevelParser - No producer found for character: 0
09:04:24.918 [FXGL Background Thread 1 ] WARN  FXGL.TextLevelParser - No producer found for character: 0
09:04:24.918 [FXGL Background Thread 1 ] WARN  FXGL.TextLevelParser - No producer found for character: 0
09:04:24.918 [FXGL Background Thread 1 ] WARN  FXGL.TextLevelParser - No producer found for character: 0
09:04:24.918 [FXGL Background Thread 1 ] WARN  FXGL.TextLevelParser - No producer found for character: 0
09:04:24.918 [FXGL Background Thread 1 ] WARN  FXGL.TextLevelParser - No producer found for character: 0
09:04:24.918 [FXGL Background Thread 1 ] WARN  FXGL.TextLevelParser - No producer found for character: 0
09:04:24.919 [FXGL Background Thread 1 ] WARN  FXGL.TextLevelParser - No producer found for character: 0
09:04:24.919 [FXGL Background Thread 1 ] WARN  FXGL.TextLevelParser - No producer found for character: 0
09:04:24.919 [FXGL Background Thread 1 ] WARN  FXGL.TextLevelParser - No producer found for character: 0
09:04:24.919 [FXGL Background Thread 1 ] WARN  FXGL.TextLevelParser - No producer found for character: 0
09:04:24.919 [FXGL Background Thread 1 ] WARN  FXGL.TextLevelParser - No producer found for character: 0
09:04:24.919 [FXGL Background Thread 1 ] WARN  FXGL.TextLevelParser - No producer found for character: 0
09:04:24.919 [FXGL Background Thread 1 ] WARN  FXGL.TextLevelParser - No producer found for character: 0
09:04:24.919 [FXGL Background Thread 1 ] WARN  FXGL.TextLevelParser - No producer found for character: 0
09:04:24.919 [FXGL Background Thread 1 ] WARN  FXGL.TextLevelParser - No producer found for character: 0
09:04:24.920 [FXGL Background Thread 1 ] WARN  FXGL.TextLevelParser - No producer found for character: 0
09:04:24.920 [FXGL Background Thread 1 ] WARN  FXGL.TextLevelParser - No producer found for character: 0
09:04:24.920 [FXGL Background Thread 1 ] WARN  FXGL.TextLevelParser - No producer found for character: 0
09:04:24.920 [FXGL Background Thread 1 ] WARN  FXGL.TextLevelParser - No producer found for character: 0
09:04:24.920 [FXGL Background Thread 1 ] WARN  FXGL.TextLevelParser - No producer found for character: 0
09:04:24.920 [FXGL Background Thread 1 ] WARN  FXGL.TextLevelParser - No producer found for character: 0
09:04:24.920 [FXGL Background Thread 1 ] WARN  FXGL.TextLevelParser - No producer found for character: 0
09:04:24.920 [FXGL Background Thread 1 ] WARN  FXGL.TextLevelParser - No producer found for character: 0
09:04:24.920 [FXGL Background Thread 1 ] WARN  FXGL.TextLevelParser - No producer found for character: 0
09:04:24.921 [FXGL Background Thread 1 ] WARN  FXGL.TextLevelParser - No producer found for character: 0
09:04:24.921 [FXGL Background Thread 1 ] WARN  FXGL.TextLevelParser - No producer found for character: 0
09:04:24.921 [FXGL Background Thread 1 ] WARN  FXGL.TextLevelParser - No producer found for character: 0
09:04:24.921 [FXGL Background Thread 1 ] WARN  FXGL.TextLevelParser - No producer found for character: 0
09:04:24.921 [FXGL Background Thread 1 ] WARN  FXGL.TextLevelParser - No producer found for character: 0
09:04:24.921 [FXGL Background Thread 1 ] WARN  FXGL.TextLevelParser - No producer found for character: 0
09:04:24.922 [FXGL Background Thread 1 ] WARN  FXGL.TextLevelParser - No producer found for character: 0
09:04:24.922 [FXGL Background Thread 1 ] WARN  FXGL.TextLevelParser - No producer found for character: 0
09:04:24.922 [FXGL Background Thread 1 ] WARN  FXGL.TextLevelParser - No producer found for character: 0
09:04:24.922 [FXGL Background Thread 1 ] WARN  FXGL.TextLevelParser - No producer found for character: 0
09:04:24.922 [FXGL Background Thread 1 ] WARN  FXGL.TextLevelParser - No producer found for character: 0
09:04:24.922 [FXGL Background Thread 1 ] WARN  FXGL.TextLevelParser - No producer found for character: 0
09:04:24.922 [FXGL Background Thread 1 ] WARN  FXGL.TextLevelParser - No producer found for character: 0
09:04:24.923 [FXGL Background Thread 1 ] WARN  FXGL.TextLevelParser - No producer found for character: 0
09:04:24.923 [FXGL Background Thread 1 ] WARN  FXGL.TextLevelParser - No producer found for character: 0
09:04:24.923 [FXGL Background Thread 1 ] WARN  FXGL.TextLevelParser - No producer found for character: 0
09:04:24.923 [FXGL Background Thread 1 ] WARN  FXGL.TextLevelParser - No producer found for character: 0
09:04:24.923 [FXGL Background Thread 1 ] WARN  FXGL.TextLevelParser - No producer found for character: 0
09:04:24.923 [FXGL Background Thread 1 ] WARN  FXGL.TextLevelParser - No producer found for character: 0
09:04:24.923 [FXGL Background Thread 1 ] WARN  FXGL.TextLevelParser - No producer found for character: 0
09:04:24.923 [FXGL Background Thread 1 ] WARN  FXGL.TextLevelParser - No producer found for character: 0
09:04:24.924 [FXGL Background Thread 1 ] WARN  FXGL.TextLevelParser - No producer found for character: 0
09:04:24.924 [FXGL Background Thread 1 ] WARN  FXGL.TextLevelParser - No producer found for character: 0
09:04:24.924 [FXGL Background Thread 1 ] WARN  FXGL.TextLevelParser - No producer found for character: 0
09:04:24.924 [FXGL Background Thread 1 ] WARN  FXGL.TextLevelParser - No producer found for character: 0
09:04:24.924 [FXGL Background Thread 1 ] WARN  FXGL.TextLevelParser - No producer found for character: 0
09:04:24.924 [FXGL Background Thread 1 ] WARN  FXGL.TextLevelParser - No producer found for character: 0
09:04:24.924 [FXGL Background Thread 1 ] WARN  FXGL.TextLevelParser - No producer found for character: 0
09:04:24.924 [FXGL Background Thread 1 ] WARN  FXGL.TextLevelParser - No producer found for character: 0
09:04:24.924 [FXGL Background Thread 1 ] WARN  FXGL.TextLevelParser - No producer found for character: 0
09:04:24.924 [FXGL Background Thread 1 ] WARN  FXGL.TextLevelParser - No producer found for character: 0
09:04:24.925 [FXGL Background Thread 1 ] WARN  FXGL.TextLevelParser - No producer found for character: 0
09:04:24.925 [FXGL Background Thread 1 ] WARN  FXGL.TextLevelParser - No producer found for character: 0
09:04:24.925 [FXGL Background Thread 1 ] WARN  FXGL.TextLevelParser - No producer found for character: 0
09:04:24.925 [FXGL Background Thread 1 ] WARN  FXGL.TextLevelParser - No producer found for character: 0
09:04:24.925 [FXGL Background Thread 1 ] WARN  FXGL.TextLevelParser - No producer found for character: 0
09:04:24.925 [FXGL Background Thread 1 ] WARN  FXGL.TextLevelParser - No producer found for character: 0
09:04:24.925 [FXGL Background Thread 1 ] WARN  FXGL.TextLevelParser - No producer found for character: 0
09:04:24.925 [FXGL Background Thread 1 ] WARN  FXGL.TextLevelParser - No producer found for character: 0
09:04:24.925 [FXGL Background Thread 1 ] WARN  FXGL.TextLevelParser - No producer found for character: 0
09:04:24.926 [FXGL Background Thread 1 ] WARN  FXGL.TextLevelParser - No producer found for character: 0
09:04:24.926 [FXGL Background Thread 1 ] WARN  FXGL.TextLevelParser - No producer found for character: 0
09:04:24.926 [FXGL Background Thread 1 ] WARN  FXGL.TextLevelParser - No producer found for character: 0
09:04:24.926 [FXGL Background Thread 1 ] WARN  FXGL.TextLevelParser - No producer found for character: 0
09:04:24.926 [FXGL Background Thread 1 ] WARN  FXGL.TextLevelParser - No producer found for character: 0
09:04:24.927 [FXGL Background Thread 1 ] WARN  FXGL.TextLevelParser - No producer found for character: 0
09:04:24.927 [FXGL Background Thread 1 ] WARN  FXGL.TextLevelParser - No producer found for character: 0
09:04:24.927 [FXGL Background Thread 1 ] WARN  FXGL.TextLevelParser - No producer found for character: 0
09:04:24.927 [FXGL Background Thread 1 ] WARN  FXGL.TextLevelParser - No producer found for character: 0
09:04:24.927 [FXGL Background Thread 1 ] WARN  FXGL.TextLevelParser - No producer found for character: 0
09:04:24.927 [FXGL Background Thread 1 ] WARN  FXGL.TextLevelParser - No producer found for character: 0
09:04:24.927 [FXGL Background Thread 1 ] WARN  FXGL.TextLevelParser - No producer found for character: 0
09:04:24.927 [FXGL Background Thread 1 ] WARN  FXGL.TextLevelParser - No producer found for character: 0
09:04:24.927 [FXGL Background Thread 1 ] WARN  FXGL.TextLevelParser - No producer found for character: 0
09:04:24.928 [FXGL Background Thread 1 ] WARN  FXGL.TextLevelParser - No producer found for character: 0
09:04:24.928 [FXGL Background Thread 1 ] WARN  FXGL.TextLevelParser - No producer found for character: 0
09:04:24.928 [FXGL Background Thread 1 ] WARN  FXGL.TextLevelParser - No producer found for character: 0
09:04:24.928 [FXGL Background Thread 1 ] WARN  FXGL.TextLevelParser - No producer found for character: 0
09:04:24.928 [FXGL Background Thread 1 ] WARN  FXGL.TextLevelParser - No producer found for character: 0
09:04:24.928 [FXGL Background Thread 1 ] WARN  FXGL.TextLevelParser - No producer found for character: 0
09:04:24.928 [FXGL Background Thread 1 ] WARN  FXGL.TextLevelParser - No producer found for character: 0
09:04:24.928 [FXGL Background Thread 1 ] WARN  FXGL.TextLevelParser - No producer found for character: 0
09:04:24.929 [FXGL Background Thread 1 ] WARN  FXGL.TextLevelParser - No producer found for character: 0
09:04:24.929 [FXGL Background Thread 1 ] WARN  FXGL.TextLevelParser - No producer found for character: 0
09:04:24.929 [FXGL Background Thread 1 ] WARN  FXGL.TextLevelParser - No producer found for character: 0
09:04:24.929 [FXGL Background Thread 1 ] WARN  FXGL.TextLevelParser - No producer found for character: 0
09:04:24.929 [FXGL Background Thread 1 ] WARN  FXGL.TextLevelParser - No producer found for character: 0
09:04:24.929 [FXGL Background Thread 1 ] WARN  FXGL.TextLevelParser - No producer found for character: 0
09:04:24.930 [FXGL Background Thread 1 ] WARN  FXGL.TextLevelParser - No producer found for character: 0
09:04:24.930 [FXGL Background Thread 1 ] WARN  FXGL.TextLevelParser - No producer found for character: 0
09:04:24.930 [FXGL Background Thread 1 ] WARN  FXGL.TextLevelParser - No producer found for character: 0
09:04:24.930 [FXGL Background Thread 1 ] WARN  FXGL.TextLevelParser - No producer found for character: 0
09:04:24.930 [FXGL Background Thread 1 ] WARN  FXGL.TextLevelParser - No producer found for character: 0
09:04:24.930 [FXGL Background Thread 1 ] WARN  FXGL.TextLevelParser - No producer found for character: 0
09:04:24.931 [FXGL Background Thread 1 ] WARN  FXGL.TextLevelParser - No producer found for character: 0
09:04:24.931 [FXGL Background Thread 1 ] WARN  FXGL.TextLevelParser - No producer found for character: 0
09:04:24.931 [FXGL Background Thread 1 ] WARN  FXGL.TextLevelParser - No producer found for character: 0
09:04:24.931 [FXGL Background Thread 1 ] WARN  FXGL.TextLevelParser - No producer found for character: 0
09:04:24.931 [FXGL Background Thread 1 ] WARN  FXGL.TextLevelParser - No producer found for character: 0
09:04:24.931 [FXGL Background Thread 1 ] WARN  FXGL.TextLevelParser - No producer found for character: 0
09:04:24.932 [FXGL Background Thread 1 ] WARN  FXGL.TextLevelParser - No producer found for character: 0
09:04:24.932 [FXGL Background Thread 1 ] WARN  FXGL.TextLevelParser - No producer found for character: 0
09:04:24.932 [FXGL Background Thread 1 ] WARN  FXGL.TextLevelParser - No producer found for character: 0
09:04:24.935 [FXGL Background Thread 1 ] WARN  FXGL.TextLevelParser - No producer found for character: 0
09:04:24.936 [FXGL Background Thread 1 ] DEBUG AssetLoader          - Loading from disk: /assets/textures/bar.png
09:04:24.938 [FXGL Background Thread 1 ] WARN  FXGL.TextLevelParser - No producer found for character: 0
09:04:24.938 [FXGL Background Thread 1 ] WARN  FXGL.TextLevelParser - No producer found for character: 0
09:04:24.938 [FXGL Background Thread 1 ] WARN  FXGL.TextLevelParser - No producer found for character: 0
09:04:24.938 [FXGL Background Thread 1 ] WARN  FXGL.TextLevelParser - No producer found for character: 0
09:04:24.939 [FXGL Background Thread 1 ] WARN  FXGL.TextLevelParser - No producer found for character: 0
09:04:24.939 [FXGL Background Thread 1 ] WARN  FXGL.TextLevelParser - No producer found for character: 0
09:04:24.940 [FXGL Background Thread 1 ] WARN  FXGL.TextLevelParser - No producer found for character: 0
09:04:24.940 [FXGL Background Thread 1 ] WARN  FXGL.TextLevelParser - No producer found for character: 0
09:04:24.940 [FXGL Background Thread 1 ] WARN  FXGL.TextLevelParser - No producer found for character: 0
09:04:24.940 [FXGL Background Thread 1 ] WARN  FXGL.TextLevelParser - No producer found for character: 0
09:04:24.940 [FXGL Background Thread 1 ] WARN  FXGL.TextLevelParser - No producer found for character: 0
09:04:24.940 [FXGL Background Thread 1 ] WARN  FXGL.TextLevelParser - No producer found for character: 0
09:04:24.940 [FXGL Background Thread 1 ] WARN  FXGL.TextLevelParser - No producer found for character: 0
09:04:24.941 [FXGL Background Thread 1 ] WARN  FXGL.TextLevelParser - No producer found for character: 0
09:04:24.941 [FXGL Background Thread 1 ] WARN  FXGL.TextLevelParser - No producer found for character: 0
09:04:24.941 [FXGL Background Thread 1 ] WARN  FXGL.TextLevelParser - No producer found for character: 0
09:04:24.941 [FXGL Background Thread 1 ] WARN  FXGL.TextLevelParser - No producer found for character: 0
09:04:24.941 [FXGL Background Thread 1 ] WARN  FXGL.TextLevelParser - No producer found for character: 0
09:04:24.941 [FXGL Background Thread 1 ] WARN  FXGL.TextLevelParser - No producer found for character: 0
09:04:24.941 [FXGL Background Thread 1 ] WARN  FXGL.TextLevelParser - No producer found for character: 0
09:04:24.941 [FXGL Background Thread 1 ] WARN  FXGL.TextLevelParser - No producer found for character: 0
09:04:24.941 [FXGL Background Thread 1 ] WARN  FXGL.TextLevelParser - No producer found for character: 0
09:04:24.942 [FXGL Background Thread 1 ] DEBUG AssetLoader          - Loading from disk: /assets/textures/fire.png
09:04:24.955 [FXGL Background Thread 1 ] WARN  FXGL.TextLevelParser - No producer found for character: 0
09:04:24.956 [FXGL Background Thread 1 ] DEBUG AssetLoader          - Loading from cache: /assets/textures/fire.png@93.0x80.0
09:04:24.957 [FXGL Background Thread 1 ] WARN  FXGL.TextLevelParser - No producer found for character: 0
09:04:24.957 [FXGL Background Thread 1 ] DEBUG AssetLoader          - Loading from cache: /assets/textures/fire.png@93.0x80.0
09:04:24.958 [FXGL Background Thread 1 ] WARN  FXGL.TextLevelParser - No producer found for character: 0
09:04:24.959 [FXGL Background Thread 1 ] DEBUG AssetLoader          - Loading from cache: /assets/textures/fire.png@93.0x80.0
09:04:24.960 [FXGL Background Thread 1 ] WARN  FXGL.TextLevelParser - No producer found for character: 0
09:04:24.960 [FXGL Background Thread 1 ] DEBUG AssetLoader          - Loading from cache: /assets/textures/fire.png@93.0x80.0
09:04:24.961 [FXGL Background Thread 1 ] WARN  FXGL.TextLevelParser - No producer found for character: 0
09:04:24.962 [FXGL Background Thread 1 ] DEBUG AssetLoader          - Loading from cache: /assets/textures/fire.png@93.0x80.0
09:04:24.963 [FXGL Background Thread 1 ] WARN  FXGL.TextLevelParser - No producer found for character: 0
09:04:24.965 [FXGL Background Thread 1 ] DEBUG AssetLoader          - Loading from cache: /assets/textures/fire.png@93.0x80.0
09:04:24.965 [FXGL Background Thread 1 ] WARN  FXGL.TextLevelParser - No producer found for character: 0
09:04:24.966 [FXGL Background Thread 1 ] DEBUG AssetLoader          - Loading from cache: /assets/textures/fire.png@93.0x80.0
09:04:24.967 [FXGL Background Thread 1 ] WARN  FXGL.TextLevelParser - No producer found for character: 0
09:04:24.968 [FXGL Background Thread 1 ] DEBUG GameWorld            - Clearing removable entities
09:04:24.968 [FXGL Background Thread 1 ] DEBUG GameWorld            - Setting level: com.almasb.fxgl.entity.Level@7daa6600
09:04:24.998 [FXGL Background Thread 1 ] DEBUG GameScene            - Creating render group for layer: DEFAULT(100000)
09:04:25.006 [FXGL Background Thread 1 ] DEBUG GameScene            - Creating render group for layer: BACKGROUND(1000)
09:04:25.007 [FXGL Background Thread 1 ] DEBUG InitAppTask          - Initializing Physics
09:04:25.008 [FXGL Background Thread 1 ] DEBUG InitAppTask          - Initializing UI
09:04:25.012 [FXGL Background Thread 1 ] DEBUG InitAppTask          - Initialization Complete
09:04:25.012 [FXGL Background Thread 1 ] INFO  InitAppTask          - Game initialization took: 0,245 sec
09:04:25.022 [JavaFX Application Thread] DEBUG Input                - Clearing active input actions
09:04:25.034 [JavaFX Application Thread] DEBUG AppStateMachine      - LoadingState -> PlayState
09:04:26.997 [JavaFX Application Thread] DEBUG GameApplication      - Exiting game application
09:04:26.997 [JavaFX Application Thread] DEBUG GameApplication      - Shutting down background threads
09:04:26.998 [JavaFX Application Thread] DEBUG GameApplication      - Exiting FXGL
09:04:26.998 [JavaFX Application Thread] DEBUG FXGL                 - Saving FXGL system data
09:04:27.000 [JavaFX Application Thread] DEBUG FS                   - Writing to: system\fxgl.bundle
09:04:27.004 [JavaFX Application Thread] DEBUG GameApplication      - Closing logger and exiting JavaFX
