17:06:37.592 [JavaFX Application Thread] DEBUG GameApplication      - Logger initialized
17:06:37.610 [JavaFX Application Thread] DEBUG MainWindow           - Creating a JavaFX scene
17:06:37.715 [JavaFX Application Thread] DEBUG MainWindow           - Target settings size: 900.0 x 780.0
17:06:37.716 [JavaFX Application Thread] DEBUG MainWindow           - Scaled scene size:    900.0 x 780.0
17:06:37.716 [JavaFX Application Thread] DEBUG MainWindow           - Scaled ratio: (1.0, 1.0)
17:06:37.719 [JavaFX Application Thread] DEBUG GameApplication      - Starting FXGL
17:06:37.735 [FXGL Launcher Thread     ] INFO  FXGL                 - FXGL-0.5.0 on DESKTOP
17:06:37.735 [FXGL Launcher Thread     ] INFO  FXGL                 - Source code and latest versions at: https://github.com/AlmasB/FXGL
17:06:37.735 [FXGL Launcher Thread     ] INFO  FXGL                 -              Join the FXGL chat at: https://gitter.im/AlmasB/FXGL
17:06:37.741 [FXGL Launcher Thread     ] DEBUG FXGL                 - Loading FXGL system data
17:06:37.751 [FXGL Launcher Thread     ] DEBUG FS                   - Reading from: system\fxgl.bundle
17:06:37.761 [FXGL Launcher Thread     ] DEBUG Bundle               - Logging bundle: FXGL
17:06:37.761 [FXGL Launcher Thread     ] DEBUG Bundle               - FXGL.offline.timer.version.check=2019-01-24T08:55:57.713219300
17:06:37.786 [FXGL Launcher Thread     ] DEBUG GameApplication      - FXGL started
17:06:37.787 [FXGL Launcher Thread     ] DEBUG GameApplication      - Logging game settings
Title: Breakout
Version: 0.1
Width: 900
Height: 780
Fullscreen: false
Intro: false
Menus: false
Profiling: false
Single step:false
App Mode: DEVELOPER
Menu Key: ESCAPE
Stage Style: DECORATED
Scene Factory: class com.almasb.fxgl.scene.SceneFactory
Dialog Factory: class com.almasb.fxgl.ui.FXGLDialogFactory
UI Factory: class com.almasb.fxgl.ui.FXGLUIFactory
Notification Service: class com.almasb.fxgl.gameplay.notification.XboxNotificationView
Exception Handler: class com.almasb.fxgl.app.FXGLExceptionHandler
17:06:37.788 [FXGL Launcher Thread     ] DEBUG GameApplication      - Configuring GameApplication
17:06:37.788 [FXGL Launcher Thread     ] DEBUG GameApplication      - Initializing state machine and application states
17:06:37.800 [FXGL Launcher Thread     ] DEBUG AssetLoader          - Loading from disk: /assets/ui/cursors/fxgl_default.png
17:06:37.818 [FXGL Launcher Thread     ] DEBUG AssetLoader          - Loading from disk: /assets/ui/cursors/fxgl_default.png
17:06:37.839 [FXGL Launcher Thread     ] DEBUG FXGLAssets           - Loading FXGLAssets
17:06:37.867 [FXGL Launcher Thread     ] DEBUG AssetLoader          - Loading from disk: /assets/ui/fonts/VarelaRound-Regular.ttf
17:06:38.066 [FXGL Launcher Thread     ] DEBUG AssetLoader          - Loading from disk: /assets/ui/fonts/lucida_console.ttf
17:06:38.072 [FXGL Launcher Thread     ] DEBUG AssetLoader          - Loading from disk: /assets/ui/css/fxgl_dark.css
17:06:38.072 [FXGL Launcher Thread     ] DEBUG AssetLoader          - Loading from disk: /assets/ui/icons/fxgl_icon.png
17:06:38.112 [FXGL Launcher Thread     ] DEBUG AssetLoader          - Loading from disk: /assets/ui/cursors/fxgl_default.png
17:06:38.119 [FXGL Launcher Thread     ] DEBUG AssetLoader          - Loading from disk: /assets/ui/cursors/fxgl_default.png
17:06:38.154 [FXGL Launcher Thread     ] DEBUG GameScene            - Game scene initialized: 900x780
17:06:38.162 [FXGL Launcher Thread     ] DEBUG GameWorld            - Game world initialized
17:06:38.230 [FXGL Launcher Thread     ] DEBUG PhysicsWorld         - Physics world initialized: appHeight=780, physics.ppm=50,0
17:06:38.250 [FXGL Launcher Thread     ] DEBUG Input                - Registered new binding: Pause - Esc
17:06:38.271 [FXGL Launcher Thread     ] DEBUG Input                - Clearing active input actions
17:06:38.316 [FXGL Launcher Thread     ] DEBUG AppStateMachine      - StartupState -> StartupState
17:06:38.332 [FXGL Launcher Thread     ] INFO  GameApplication      - Game configuration took:  0,543 sec
17:06:38.335 [JavaFX Application Thread] DEBUG MainWindow           - Opening main window
17:06:38.432 [JavaFX Application Thread] DEBUG MainWindow           - Window border size: (14.4000244140625, 37.5999755859375)
17:06:38.433 [JavaFX Application Thread] DEBUG MainWindow           - Scaled size: 900.0 x 780.0
17:06:38.433 [JavaFX Application Thread] DEBUG MainWindow           - Scaled ratio: (1.0, 1.0)
17:06:38.433 [JavaFX Application Thread] DEBUG MainWindow           - Scene size: 900.0 x 780.0
17:06:38.433 [JavaFX Application Thread] DEBUG MainWindow           - Stage size: 914.4000244140625 x 817.5999755859375
17:06:38.433 [JavaFX Application Thread] DEBUG GameApplication      - Running preInit()
17:06:38.435 [JavaFX Application Thread] DEBUG Input                - Registered new binding: Screenshot - P
17:06:38.436 [JavaFX Application Thread] DEBUG Input                - Registered new binding: Dev Options - CTRL+0
17:06:38.436 [JavaFX Application Thread] DEBUG Input                - Registered new binding: System info dump - CTRL+9
17:06:38.437 [JavaFX Application Thread] DEBUG Input                - Registered new binding: Restart - CTRL+R
17:06:38.437 [JavaFX Application Thread] DEBUG Input                - Registered new binding: Move Left - A
17:06:38.437 [JavaFX Application Thread] DEBUG Input                - Registered new binding: Move Right - D
17:06:38.456 [JavaFX Application Thread] DEBUG GameApplication      - Starting main loop
17:06:38.458 [JavaFX Application Thread] DEBUG StartupState         - STARTUP
17:06:38.459 [JavaFX Application Thread] DEBUG GameApplication      - Starting new game
17:06:38.459 [JavaFX Application Thread] DEBUG Input                - Clearing active input actions
17:06:38.469 [JavaFX Application Thread] DEBUG AppStateMachine      - StartupState -> LoadingState
17:06:38.471 [FXGL Background Thread 1 ] DEBUG InitAppTask          - Clearing previous game
17:06:38.472 [FXGL Background Thread 1 ] DEBUG GameWorld            - Clearing game world
17:06:38.472 [FXGL Background Thread 1 ] DEBUG PhysicsWorld         - Clearing physics world
17:06:38.472 [FXGL Background Thread 1 ] DEBUG GameScene            - Clearing game scene
17:06:38.473 [FXGL Background Thread 1 ] DEBUG InitAppTask          - Initializing Game
17:06:38.514 [FXGL Background Thread 1 ] DEBUG AssetLoader          - Loading from disk: /assets/text/levels/level1.txt
17:06:38.515 [FXGL Background Thread 1 ] WARN  FXGL.TextLevelParser - No producer found for character: 0
17:06:38.516 [FXGL Background Thread 1 ] WARN  FXGL.TextLevelParser - No producer found for character: 0
17:06:38.516 [FXGL Background Thread 1 ] WARN  FXGL.TextLevelParser - No producer found for character: 0
17:06:38.516 [FXGL Background Thread 1 ] WARN  FXGL.TextLevelParser - No producer found for character: 0
17:06:38.516 [FXGL Background Thread 1 ] WARN  FXGL.TextLevelParser - No producer found for character: 0
17:06:38.516 [FXGL Background Thread 1 ] WARN  FXGL.TextLevelParser - No producer found for character: 0
17:06:38.516 [FXGL Background Thread 1 ] WARN  FXGL.TextLevelParser - No producer found for character: 0
17:06:38.517 [FXGL Background Thread 1 ] WARN  FXGL.TextLevelParser - No producer found for character: 0
17:06:38.517 [FXGL Background Thread 1 ] WARN  FXGL.TextLevelParser - No producer found for character: 0
17:06:38.517 [FXGL Background Thread 1 ] WARN  FXGL.TextLevelParser - No producer found for character: 0
17:06:38.517 [FXGL Background Thread 1 ] WARN  FXGL.TextLevelParser - No producer found for character: 0
17:06:38.517 [FXGL Background Thread 1 ] WARN  FXGL.TextLevelParser - No producer found for character: 0
17:06:38.517 [FXGL Background Thread 1 ] WARN  FXGL.TextLevelParser - No producer found for character: 0
17:06:38.517 [FXGL Background Thread 1 ] WARN  FXGL.TextLevelParser - No producer found for character: 0
17:06:38.518 [FXGL Background Thread 1 ] WARN  FXGL.TextLevelParser - No producer found for character: 0
17:06:38.518 [FXGL Background Thread 1 ] WARN  FXGL.TextLevelParser - No producer found for character: 0
17:06:38.518 [FXGL Background Thread 1 ] WARN  FXGL.TextLevelParser - No producer found for character: 0
17:06:38.518 [FXGL Background Thread 1 ] WARN  FXGL.TextLevelParser - No producer found for character: 0
17:06:38.554 [FXGL Background Thread 1 ] DEBUG AssetLoader          - Loading from disk: /assets/textures/brick1.png
17:06:38.571 [FXGL Background Thread 1 ] WARN  FXGL.TextLevelParser - No producer found for character: 0
17:06:38.571 [FXGL Background Thread 1 ] WARN  FXGL.TextLevelParser - No producer found for character: 0
17:06:38.571 [FXGL Background Thread 1 ] WARN  FXGL.TextLevelParser - No producer found for character: 0
17:06:38.571 [FXGL Background Thread 1 ] WARN  FXGL.TextLevelParser - No producer found for character: 0
17:06:38.572 [FXGL Background Thread 1 ] WARN  FXGL.TextLevelParser - No producer found for character: 0
17:06:38.572 [FXGL Background Thread 1 ] WARN  FXGL.TextLevelParser - No producer found for character: 0
17:06:38.572 [FXGL Background Thread 1 ] WARN  FXGL.TextLevelParser - No producer found for character: 0
17:06:38.572 [FXGL Background Thread 1 ] WARN  FXGL.TextLevelParser - No producer found for character: 0
17:06:38.572 [FXGL Background Thread 1 ] WARN  FXGL.TextLevelParser - No producer found for character: 0
17:06:38.573 [FXGL Background Thread 1 ] WARN  FXGL.TextLevelParser - No producer found for character: 0
17:06:38.573 [FXGL Background Thread 1 ] WARN  FXGL.TextLevelParser - No producer found for character: 0
17:06:38.573 [FXGL Background Thread 1 ] WARN  FXGL.TextLevelParser - No producer found for character: 0
17:06:38.574 [FXGL Background Thread 1 ] WARN  FXGL.TextLevelParser - No producer found for character: 0
17:06:38.574 [FXGL Background Thread 1 ] WARN  FXGL.TextLevelParser - No producer found for character: 0
17:06:38.574 [FXGL Background Thread 1 ] WARN  FXGL.TextLevelParser - No producer found for character: 0
17:06:38.574 [FXGL Background Thread 1 ] WARN  FXGL.TextLevelParser - No producer found for character: 0
17:06:38.576 [FXGL Background Thread 1 ] DEBUG AssetLoader          - Loading from cache: /assets/textures/brick1.png@50.0x24.0
17:06:38.578 [FXGL Background Thread 1 ] WARN  FXGL.TextLevelParser - No producer found for character: 0
17:06:38.579 [FXGL Background Thread 1 ] DEBUG AssetLoader          - Loading from cache: /assets/textures/brick1.png@50.0x24.0
17:06:38.581 [FXGL Background Thread 1 ] WARN  FXGL.TextLevelParser - No producer found for character: 0
17:06:38.582 [FXGL Background Thread 1 ] WARN  FXGL.TextLevelParser - No producer found for character: 0
17:06:38.582 [FXGL Background Thread 1 ] WARN  FXGL.TextLevelParser - No producer found for character: 0
17:06:38.582 [FXGL Background Thread 1 ] WARN  FXGL.TextLevelParser - No producer found for character: 0
17:06:38.582 [FXGL Background Thread 1 ] WARN  FXGL.TextLevelParser - No producer found for character: 0
17:06:38.582 [FXGL Background Thread 1 ] WARN  FXGL.TextLevelParser - No producer found for character: 0
17:06:38.583 [FXGL Background Thread 1 ] DEBUG AssetLoader          - Loading from cache: /assets/textures/brick1.png@50.0x24.0
17:06:38.585 [FXGL Background Thread 1 ] DEBUG AssetLoader          - Loading from cache: /assets/textures/brick1.png@50.0x24.0
17:06:38.585 [FXGL Background Thread 1 ] WARN  FXGL.TextLevelParser - No producer found for character: 0
17:06:38.586 [FXGL Background Thread 1 ] WARN  FXGL.TextLevelParser - No producer found for character: 0
17:06:38.586 [FXGL Background Thread 1 ] WARN  FXGL.TextLevelParser - No producer found for character: 0
17:06:38.586 [FXGL Background Thread 1 ] WARN  FXGL.TextLevelParser - No producer found for character: 0
17:06:38.586 [FXGL Background Thread 1 ] WARN  FXGL.TextLevelParser - No producer found for character: 0
17:06:38.586 [FXGL Background Thread 1 ] WARN  FXGL.TextLevelParser - No producer found for character: 0
17:06:38.587 [FXGL Background Thread 1 ] DEBUG AssetLoader          - Loading from cache: /assets/textures/brick1.png@50.0x24.0
17:06:38.588 [FXGL Background Thread 1 ] WARN  FXGL.TextLevelParser - No producer found for character: 0
17:06:38.588 [FXGL Background Thread 1 ] WARN  FXGL.TextLevelParser - No producer found for character: 0
17:06:38.589 [FXGL Background Thread 1 ] WARN  FXGL.TextLevelParser - No producer found for character: 0
17:06:38.589 [FXGL Background Thread 1 ] DEBUG AssetLoader          - Loading from cache: /assets/textures/brick1.png@50.0x24.0
17:06:38.591 [FXGL Background Thread 1 ] WARN  FXGL.TextLevelParser - No producer found for character: 0
17:06:38.591 [FXGL Background Thread 1 ] WARN  FXGL.TextLevelParser - No producer found for character: 0
17:06:38.591 [FXGL Background Thread 1 ] WARN  FXGL.TextLevelParser - No producer found for character: 0
17:06:38.592 [FXGL Background Thread 1 ] WARN  FXGL.TextLevelParser - No producer found for character: 0
17:06:38.594 [FXGL Background Thread 1 ] DEBUG AssetLoader          - Loading from cache: /assets/textures/brick1.png@50.0x24.0
17:06:38.596 [FXGL Background Thread 1 ] DEBUG AssetLoader          - Loading from cache: /assets/textures/brick1.png@50.0x24.0
17:06:38.598 [FXGL Background Thread 1 ] DEBUG AssetLoader          - Loading from cache: /assets/textures/brick1.png@50.0x24.0
17:06:38.600 [FXGL Background Thread 1 ] DEBUG AssetLoader          - Loading from cache: /assets/textures/brick1.png@50.0x24.0
17:06:38.601 [FXGL Background Thread 1 ] WARN  FXGL.TextLevelParser - No producer found for character: 0
17:06:38.602 [FXGL Background Thread 1 ] WARN  FXGL.TextLevelParser - No producer found for character: 0
17:06:38.602 [FXGL Background Thread 1 ] WARN  FXGL.TextLevelParser - No producer found for character: 0
17:06:38.602 [FXGL Background Thread 1 ] WARN  FXGL.TextLevelParser - No producer found for character: 0
17:06:38.603 [FXGL Background Thread 1 ] DEBUG AssetLoader          - Loading from cache: /assets/textures/brick1.png@50.0x24.0
17:06:38.604 [FXGL Background Thread 1 ] WARN  FXGL.TextLevelParser - No producer found for character: 0
17:06:38.604 [FXGL Background Thread 1 ] WARN  FXGL.TextLevelParser - No producer found for character: 0
17:06:38.604 [FXGL Background Thread 1 ] WARN  FXGL.TextLevelParser - No producer found for character: 0
17:06:38.604 [FXGL Background Thread 1 ] WARN  FXGL.TextLevelParser - No producer found for character: 0
17:06:38.604 [FXGL Background Thread 1 ] WARN  FXGL.TextLevelParser - No producer found for character: 0
17:06:38.605 [FXGL Background Thread 1 ] DEBUG AssetLoader          - Loading from cache: /assets/textures/brick1.png@50.0x24.0
17:06:38.606 [FXGL Background Thread 1 ] WARN  FXGL.TextLevelParser - No producer found for character: 0
17:06:38.607 [FXGL Background Thread 1 ] DEBUG AssetLoader          - Loading from cache: /assets/textures/brick1.png@50.0x24.0
17:06:38.610 [FXGL Background Thread 1 ] DEBUG AssetLoader          - Loading from cache: /assets/textures/brick1.png@50.0x24.0
17:06:38.614 [FXGL Background Thread 1 ] DEBUG AssetLoader          - Loading from cache: /assets/textures/brick1.png@50.0x24.0
17:06:38.616 [FXGL Background Thread 1 ] DEBUG AssetLoader          - Loading from cache: /assets/textures/brick1.png@50.0x24.0
17:06:38.617 [FXGL Background Thread 1 ] DEBUG AssetLoader          - Loading from cache: /assets/textures/brick1.png@50.0x24.0
17:06:38.618 [FXGL Background Thread 1 ] DEBUG AssetLoader          - Loading from cache: /assets/textures/brick1.png@50.0x24.0
17:06:38.619 [FXGL Background Thread 1 ] DEBUG AssetLoader          - Loading from cache: /assets/textures/brick1.png@50.0x24.0
17:06:38.621 [FXGL Background Thread 1 ] DEBUG AssetLoader          - Loading from cache: /assets/textures/brick1.png@50.0x24.0
17:06:38.622 [FXGL Background Thread 1 ] WARN  FXGL.TextLevelParser - No producer found for character: 0
17:06:38.622 [FXGL Background Thread 1 ] DEBUG AssetLoader          - Loading from cache: /assets/textures/brick1.png@50.0x24.0
17:06:38.623 [FXGL Background Thread 1 ] WARN  FXGL.TextLevelParser - No producer found for character: 0
17:06:38.623 [FXGL Background Thread 1 ] WARN  FXGL.TextLevelParser - No producer found for character: 0
17:06:38.623 [FXGL Background Thread 1 ] WARN  FXGL.TextLevelParser - No producer found for character: 0
17:06:38.624 [FXGL Background Thread 1 ] WARN  FXGL.TextLevelParser - No producer found for character: 0
17:06:38.624 [FXGL Background Thread 1 ] WARN  FXGL.TextLevelParser - No producer found for character: 0
17:06:38.624 [FXGL Background Thread 1 ] WARN  FXGL.TextLevelParser - No producer found for character: 0
17:06:38.624 [FXGL Background Thread 1 ] WARN  FXGL.TextLevelParser - No producer found for character: 0
17:06:38.625 [FXGL Background Thread 1 ] DEBUG AssetLoader          - Loading from cache: /assets/textures/brick1.png@50.0x24.0
17:06:38.626 [FXGL Background Thread 1 ] WARN  FXGL.TextLevelParser - No producer found for character: 0
17:06:38.627 [FXGL Background Thread 1 ] WARN  FXGL.TextLevelParser - No producer found for character: 0
17:06:38.627 [FXGL Background Thread 1 ] WARN  FXGL.TextLevelParser - No producer found for character: 0
17:06:38.627 [FXGL Background Thread 1 ] WARN  FXGL.TextLevelParser - No producer found for character: 0
17:06:38.627 [FXGL Background Thread 1 ] WARN  FXGL.TextLevelParser - No producer found for character: 0
17:06:38.627 [FXGL Background Thread 1 ] WARN  FXGL.TextLevelParser - No producer found for character: 0
17:06:38.628 [FXGL Background Thread 1 ] WARN  FXGL.TextLevelParser - No producer found for character: 0
17:06:38.628 [FXGL Background Thread 1 ] WARN  FXGL.TextLevelParser - No producer found for character: 0
17:06:38.629 [FXGL Background Thread 1 ] DEBUG AssetLoader          - Loading from cache: /assets/textures/brick1.png@50.0x24.0
17:06:38.630 [FXGL Background Thread 1 ] WARN  FXGL.TextLevelParser - No producer found for character: 0
17:06:38.630 [FXGL Background Thread 1 ] WARN  FXGL.TextLevelParser - No producer found for character: 0
17:06:38.630 [FXGL Background Thread 1 ] WARN  FXGL.TextLevelParser - No producer found for character: 0
17:06:38.630 [FXGL Background Thread 1 ] WARN  FXGL.TextLevelParser - No producer found for character: 0
17:06:38.631 [FXGL Background Thread 1 ] WARN  FXGL.TextLevelParser - No producer found for character: 0
17:06:38.631 [FXGL Background Thread 1 ] WARN  FXGL.TextLevelParser - No producer found for character: 0
17:06:38.631 [FXGL Background Thread 1 ] WARN  FXGL.TextLevelParser - No producer found for character: 0
17:06:38.631 [FXGL Background Thread 1 ] WARN  FXGL.TextLevelParser - No producer found for character: 0
17:06:38.631 [FXGL Background Thread 1 ] WARN  FXGL.TextLevelParser - No producer found for character: 0
17:06:38.632 [FXGL Background Thread 1 ] DEBUG AssetLoader          - Loading from cache: /assets/textures/brick1.png@50.0x24.0
17:06:38.633 [FXGL Background Thread 1 ] DEBUG AssetLoader          - Loading from cache: /assets/textures/brick1.png@50.0x24.0
17:06:38.635 [FXGL Background Thread 1 ] DEBUG AssetLoader          - Loading from cache: /assets/textures/brick1.png@50.0x24.0
17:06:38.636 [FXGL Background Thread 1 ] DEBUG AssetLoader          - Loading from cache: /assets/textures/brick1.png@50.0x24.0
17:06:38.637 [FXGL Background Thread 1 ] DEBUG AssetLoader          - Loading from cache: /assets/textures/brick1.png@50.0x24.0
17:06:38.638 [FXGL Background Thread 1 ] DEBUG AssetLoader          - Loading from cache: /assets/textures/brick1.png@50.0x24.0
17:06:38.639 [FXGL Background Thread 1 ] DEBUG AssetLoader          - Loading from cache: /assets/textures/brick1.png@50.0x24.0
17:06:38.641 [FXGL Background Thread 1 ] DEBUG AssetLoader          - Loading from cache: /assets/textures/brick1.png@50.0x24.0
17:06:38.642 [FXGL Background Thread 1 ] WARN  FXGL.TextLevelParser - No producer found for character: 0
17:06:38.644 [FXGL Background Thread 1 ] WARN  FXGL.TextLevelParser - No producer found for character: 0
17:06:38.644 [FXGL Background Thread 1 ] WARN  FXGL.TextLevelParser - No producer found for character: 0
17:06:38.645 [FXGL Background Thread 1 ] WARN  FXGL.TextLevelParser - No producer found for character: 0
17:06:38.645 [FXGL Background Thread 1 ] WARN  FXGL.TextLevelParser - No producer found for character: 0
17:06:38.645 [FXGL Background Thread 1 ] WARN  FXGL.TextLevelParser - No producer found for character: 0
17:06:38.645 [FXGL Background Thread 1 ] WARN  FXGL.TextLevelParser - No producer found for character: 0
17:06:38.645 [FXGL Background Thread 1 ] WARN  FXGL.TextLevelParser - No producer found for character: 0
17:06:38.645 [FXGL Background Thread 1 ] WARN  FXGL.TextLevelParser - No producer found for character: 0
17:06:38.645 [FXGL Background Thread 1 ] WARN  FXGL.TextLevelParser - No producer found for character: 0
17:06:38.645 [FXGL Background Thread 1 ] WARN  FXGL.TextLevelParser - No producer found for character: 0
17:06:38.646 [FXGL Background Thread 1 ] WARN  FXGL.TextLevelParser - No producer found for character: 0
17:06:38.646 [FXGL Background Thread 1 ] WARN  FXGL.TextLevelParser - No producer found for character: 0
17:06:38.646 [FXGL Background Thread 1 ] WARN  FXGL.TextLevelParser - No producer found for character: 0
17:06:38.646 [FXGL Background Thread 1 ] WARN  FXGL.TextLevelParser - No producer found for character: 0
17:06:38.646 [FXGL Background Thread 1 ] WARN  FXGL.TextLevelParser - No producer found for character: 0
17:06:38.646 [FXGL Background Thread 1 ] WARN  FXGL.TextLevelParser - No producer found for character: 0
17:06:38.646 [FXGL Background Thread 1 ] WARN  FXGL.TextLevelParser - No producer found for character: 0
17:06:38.646 [FXGL Background Thread 1 ] WARN  FXGL.TextLevelParser - No producer found for character: 0
17:06:38.646 [FXGL Background Thread 1 ] WARN  FXGL.TextLevelParser - No producer found for character: 0
17:06:38.646 [FXGL Background Thread 1 ] WARN  FXGL.TextLevelParser - No producer found for character: 0
17:06:38.647 [FXGL Background Thread 1 ] WARN  FXGL.TextLevelParser - No producer found for character: 0
17:06:38.647 [FXGL Background Thread 1 ] WARN  FXGL.TextLevelParser - No producer found for character: 0
17:06:38.647 [FXGL Background Thread 1 ] WARN  FXGL.TextLevelParser - No producer found for character: 0
17:06:38.647 [FXGL Background Thread 1 ] WARN  FXGL.TextLevelParser - No producer found for character: 0
17:06:38.647 [FXGL Background Thread 1 ] WARN  FXGL.TextLevelParser - No producer found for character: 0
17:06:38.647 [FXGL Background Thread 1 ] WARN  FXGL.TextLevelParser - No producer found for character: 0
17:06:38.647 [FXGL Background Thread 1 ] WARN  FXGL.TextLevelParser - No producer found for character: 0
17:06:38.647 [FXGL Background Thread 1 ] WARN  FXGL.TextLevelParser - No producer found for character: 0
17:06:38.647 [FXGL Background Thread 1 ] WARN  FXGL.TextLevelParser - No producer found for character: 0
17:06:38.648 [FXGL Background Thread 1 ] WARN  FXGL.TextLevelParser - No producer found for character: 0
17:06:38.648 [FXGL Background Thread 1 ] WARN  FXGL.TextLevelParser - No producer found for character: 0
17:06:38.648 [FXGL Background Thread 1 ] WARN  FXGL.TextLevelParser - No producer found for character: 0
17:06:38.648 [FXGL Background Thread 1 ] WARN  FXGL.TextLevelParser - No producer found for character: 0
17:06:38.648 [FXGL Background Thread 1 ] WARN  FXGL.TextLevelParser - No producer found for character: 0
17:06:38.648 [FXGL Background Thread 1 ] WARN  FXGL.TextLevelParser - No producer found for character: 0
17:06:38.648 [FXGL Background Thread 1 ] WARN  FXGL.TextLevelParser - No producer found for character: 0
17:06:38.648 [FXGL Background Thread 1 ] WARN  FXGL.TextLevelParser - No producer found for character: 0
17:06:38.648 [FXGL Background Thread 1 ] WARN  FXGL.TextLevelParser - No producer found for character: 0
17:06:38.649 [FXGL Background Thread 1 ] WARN  FXGL.TextLevelParser - No producer found for character: 0
17:06:38.649 [FXGL Background Thread 1 ] WARN  FXGL.TextLevelParser - No producer found for character: 0
17:06:38.649 [FXGL Background Thread 1 ] WARN  FXGL.TextLevelParser - No producer found for character: 0
17:06:38.649 [FXGL Background Thread 1 ] WARN  FXGL.TextLevelParser - No producer found for character: 0
17:06:38.649 [FXGL Background Thread 1 ] WARN  FXGL.TextLevelParser - No producer found for character: 0
17:06:38.649 [FXGL Background Thread 1 ] WARN  FXGL.TextLevelParser - No producer found for character: 0
17:06:38.649 [FXGL Background Thread 1 ] WARN  FXGL.TextLevelParser - No producer found for character: 0
17:06:38.649 [FXGL Background Thread 1 ] WARN  FXGL.TextLevelParser - No producer found for character: 0
17:06:38.649 [FXGL Background Thread 1 ] WARN  FXGL.TextLevelParser - No producer found for character: 0
17:06:38.649 [FXGL Background Thread 1 ] WARN  FXGL.TextLevelParser - No producer found for character: 0
17:06:38.650 [FXGL Background Thread 1 ] WARN  FXGL.TextLevelParser - No producer found for character: 0
17:06:38.650 [FXGL Background Thread 1 ] WARN  FXGL.TextLevelParser - No producer found for character: 0
17:06:38.650 [FXGL Background Thread 1 ] WARN  FXGL.TextLevelParser - No producer found for character: 0
17:06:38.650 [FXGL Background Thread 1 ] WARN  FXGL.TextLevelParser - No producer found for character: 0
17:06:38.650 [FXGL Background Thread 1 ] WARN  FXGL.TextLevelParser - No producer found for character: 0
17:06:38.650 [FXGL Background Thread 1 ] WARN  FXGL.TextLevelParser - No producer found for character: 0
17:06:38.650 [FXGL Background Thread 1 ] WARN  FXGL.TextLevelParser - No producer found for character: 0
17:06:38.650 [FXGL Background Thread 1 ] WARN  FXGL.TextLevelParser - No producer found for character: 0
17:06:38.650 [FXGL Background Thread 1 ] WARN  FXGL.TextLevelParser - No producer found for character: 0
17:06:38.650 [FXGL Background Thread 1 ] WARN  FXGL.TextLevelParser - No producer found for character: 0
17:06:38.651 [FXGL Background Thread 1 ] WARN  FXGL.TextLevelParser - No producer found for character: 0
17:06:38.651 [FXGL Background Thread 1 ] WARN  FXGL.TextLevelParser - No producer found for character: 0
17:06:38.651 [FXGL Background Thread 1 ] WARN  FXGL.TextLevelParser - No producer found for character: 0
17:06:38.651 [FXGL Background Thread 1 ] WARN  FXGL.TextLevelParser - No producer found for character: 0
17:06:38.651 [FXGL Background Thread 1 ] WARN  FXGL.TextLevelParser - No producer found for character: 0
17:06:38.651 [FXGL Background Thread 1 ] WARN  FXGL.TextLevelParser - No producer found for character: 0
17:06:38.651 [FXGL Background Thread 1 ] WARN  FXGL.TextLevelParser - No producer found for character: 0
17:06:38.651 [FXGL Background Thread 1 ] WARN  FXGL.TextLevelParser - No producer found for character: 0
17:06:38.651 [FXGL Background Thread 1 ] WARN  FXGL.TextLevelParser - No producer found for character: 0
17:06:38.651 [FXGL Background Thread 1 ] WARN  FXGL.TextLevelParser - No producer found for character: 0
17:06:38.652 [FXGL Background Thread 1 ] WARN  FXGL.TextLevelParser - No producer found for character: 0
17:06:38.652 [FXGL Background Thread 1 ] WARN  FXGL.TextLevelParser - No producer found for character: 0
17:06:38.652 [FXGL Background Thread 1 ] WARN  FXGL.TextLevelParser - No producer found for character: 0
17:06:38.652 [FXGL Background Thread 1 ] WARN  FXGL.TextLevelParser - No producer found for character: 0
17:06:38.652 [FXGL Background Thread 1 ] WARN  FXGL.TextLevelParser - No producer found for character: 0
17:06:38.652 [FXGL Background Thread 1 ] WARN  FXGL.TextLevelParser - No producer found for character: 0
17:06:38.652 [FXGL Background Thread 1 ] WARN  FXGL.TextLevelParser - No producer found for character: 0
17:06:38.652 [FXGL Background Thread 1 ] WARN  FXGL.TextLevelParser - No producer found for character: 0
17:06:38.652 [FXGL Background Thread 1 ] WARN  FXGL.TextLevelParser - No producer found for character: 0
17:06:38.652 [FXGL Background Thread 1 ] WARN  FXGL.TextLevelParser - No producer found for character: 0
17:06:38.653 [FXGL Background Thread 1 ] WARN  FXGL.TextLevelParser - No producer found for character: 0
17:06:38.653 [FXGL Background Thread 1 ] WARN  FXGL.TextLevelParser - No producer found for character: 0
17:06:38.653 [FXGL Background Thread 1 ] WARN  FXGL.TextLevelParser - No producer found for character: 0
17:06:38.653 [FXGL Background Thread 1 ] WARN  FXGL.TextLevelParser - No producer found for character: 0
17:06:38.653 [FXGL Background Thread 1 ] WARN  FXGL.TextLevelParser - No producer found for character: 0
17:06:38.653 [FXGL Background Thread 1 ] WARN  FXGL.TextLevelParser - No producer found for character: 0
17:06:38.653 [FXGL Background Thread 1 ] WARN  FXGL.TextLevelParser - No producer found for character: 0
17:06:38.653 [FXGL Background Thread 1 ] WARN  FXGL.TextLevelParser - No producer found for character: 0
17:06:38.653 [FXGL Background Thread 1 ] WARN  FXGL.TextLevelParser - No producer found for character: 0
17:06:38.654 [FXGL Background Thread 1 ] WARN  FXGL.TextLevelParser - No producer found for character: 0
17:06:38.654 [FXGL Background Thread 1 ] WARN  FXGL.TextLevelParser - No producer found for character: 0
17:06:38.654 [FXGL Background Thread 1 ] WARN  FXGL.TextLevelParser - No producer found for character: 0
17:06:38.654 [FXGL Background Thread 1 ] WARN  FXGL.TextLevelParser - No producer found for character: 0
17:06:38.654 [FXGL Background Thread 1 ] WARN  FXGL.TextLevelParser - No producer found for character: 0
17:06:38.654 [FXGL Background Thread 1 ] WARN  FXGL.TextLevelParser - No producer found for character: 0
17:06:38.654 [FXGL Background Thread 1 ] WARN  FXGL.TextLevelParser - No producer found for character: 0
17:06:38.654 [FXGL Background Thread 1 ] WARN  FXGL.TextLevelParser - No producer found for character: 0
17:06:38.654 [FXGL Background Thread 1 ] WARN  FXGL.TextLevelParser - No producer found for character: 0
17:06:38.654 [FXGL Background Thread 1 ] WARN  FXGL.TextLevelParser - No producer found for character: 0
17:06:38.655 [FXGL Background Thread 1 ] WARN  FXGL.TextLevelParser - No producer found for character: 0
17:06:38.655 [FXGL Background Thread 1 ] WARN  FXGL.TextLevelParser - No producer found for character: 0
17:06:38.655 [FXGL Background Thread 1 ] WARN  FXGL.TextLevelParser - No producer found for character: 0
17:06:38.655 [FXGL Background Thread 1 ] WARN  FXGL.TextLevelParser - No producer found for character: 0
17:06:38.655 [FXGL Background Thread 1 ] WARN  FXGL.TextLevelParser - No producer found for character: 0
17:06:38.655 [FXGL Background Thread 1 ] WARN  FXGL.TextLevelParser - No producer found for character: 0
17:06:38.655 [FXGL Background Thread 1 ] WARN  FXGL.TextLevelParser - No producer found for character: 0
17:06:38.655 [FXGL Background Thread 1 ] WARN  FXGL.TextLevelParser - No producer found for character: 0
17:06:38.655 [FXGL Background Thread 1 ] WARN  FXGL.TextLevelParser - No producer found for character: 0
17:06:38.655 [FXGL Background Thread 1 ] WARN  FXGL.TextLevelParser - No producer found for character: 0
17:06:38.656 [FXGL Background Thread 1 ] WARN  FXGL.TextLevelParser - No producer found for character: 0
17:06:38.656 [FXGL Background Thread 1 ] WARN  FXGL.TextLevelParser - No producer found for character: 0
17:06:38.656 [FXGL Background Thread 1 ] WARN  FXGL.TextLevelParser - No producer found for character: 0
17:06:38.656 [FXGL Background Thread 1 ] WARN  FXGL.TextLevelParser - No producer found for character: 0
17:06:38.656 [FXGL Background Thread 1 ] WARN  FXGL.TextLevelParser - No producer found for character: 0
17:06:38.656 [FXGL Background Thread 1 ] WARN  FXGL.TextLevelParser - No producer found for character: 0
17:06:38.656 [FXGL Background Thread 1 ] WARN  FXGL.TextLevelParser - No producer found for character: 0
17:06:38.656 [FXGL Background Thread 1 ] WARN  FXGL.TextLevelParser - No producer found for character: 0
17:06:38.656 [FXGL Background Thread 1 ] WARN  FXGL.TextLevelParser - No producer found for character: 0
17:06:38.656 [FXGL Background Thread 1 ] WARN  FXGL.TextLevelParser - No producer found for character: 0
17:06:38.657 [FXGL Background Thread 1 ] WARN  FXGL.TextLevelParser - No producer found for character: 0
17:06:38.657 [FXGL Background Thread 1 ] WARN  FXGL.TextLevelParser - No producer found for character: 0
17:06:38.657 [FXGL Background Thread 1 ] WARN  FXGL.TextLevelParser - No producer found for character: 0
17:06:38.657 [FXGL Background Thread 1 ] WARN  FXGL.TextLevelParser - No producer found for character: 0
17:06:38.657 [FXGL Background Thread 1 ] WARN  FXGL.TextLevelParser - No producer found for character: 0
17:06:38.657 [FXGL Background Thread 1 ] WARN  FXGL.TextLevelParser - No producer found for character: 0
17:06:38.657 [FXGL Background Thread 1 ] WARN  FXGL.TextLevelParser - No producer found for character: 0
17:06:38.657 [FXGL Background Thread 1 ] WARN  FXGL.TextLevelParser - No producer found for character: 0
17:06:38.657 [FXGL Background Thread 1 ] WARN  FXGL.TextLevelParser - No producer found for character: 0
17:06:38.657 [FXGL Background Thread 1 ] WARN  FXGL.TextLevelParser - No producer found for character: 0
17:06:38.658 [FXGL Background Thread 1 ] WARN  FXGL.TextLevelParser - No producer found for character: 0
17:06:38.658 [FXGL Background Thread 1 ] WARN  FXGL.TextLevelParser - No producer found for character: 0
17:06:38.658 [FXGL Background Thread 1 ] WARN  FXGL.TextLevelParser - No producer found for character: 0
17:06:38.658 [FXGL Background Thread 1 ] WARN  FXGL.TextLevelParser - No producer found for character: 0
17:06:38.658 [FXGL Background Thread 1 ] WARN  FXGL.TextLevelParser - No producer found for character: 0
17:06:38.658 [FXGL Background Thread 1 ] WARN  FXGL.TextLevelParser - No producer found for character: 0
17:06:38.658 [FXGL Background Thread 1 ] WARN  FXGL.TextLevelParser - No producer found for character: 0
17:06:38.658 [FXGL Background Thread 1 ] WARN  FXGL.TextLevelParser - No producer found for character: 0
17:06:38.659 [FXGL Background Thread 1 ] WARN  FXGL.TextLevelParser - No producer found for character: 0
17:06:38.659 [FXGL Background Thread 1 ] WARN  FXGL.TextLevelParser - No producer found for character: 0
17:06:38.659 [FXGL Background Thread 1 ] WARN  FXGL.TextLevelParser - No producer found for character: 0
17:06:38.659 [FXGL Background Thread 1 ] WARN  FXGL.TextLevelParser - No producer found for character: 0
17:06:38.670 [FXGL Background Thread 1 ] WARN  FXGL.TextLevelParser - No producer found for character: 0
17:06:38.671 [FXGL Background Thread 1 ] WARN  FXGL.TextLevelParser - No producer found for character: 0
17:06:38.671 [FXGL Background Thread 1 ] WARN  FXGL.TextLevelParser - No producer found for character: 0
17:06:38.671 [FXGL Background Thread 1 ] WARN  FXGL.TextLevelParser - No producer found for character: 0
17:06:38.672 [FXGL Background Thread 1 ] WARN  FXGL.TextLevelParser - No producer found for character: 0
17:06:38.672 [FXGL Background Thread 1 ] WARN  FXGL.TextLevelParser - No producer found for character: 0
17:06:38.672 [FXGL Background Thread 1 ] WARN  FXGL.TextLevelParser - No producer found for character: 0
17:06:38.673 [FXGL Background Thread 1 ] WARN  FXGL.TextLevelParser - No producer found for character: 0
17:06:38.673 [FXGL Background Thread 1 ] WARN  FXGL.TextLevelParser - No producer found for character: 0
17:06:38.673 [FXGL Background Thread 1 ] WARN  FXGL.TextLevelParser - No producer found for character: 0
17:06:38.673 [FXGL Background Thread 1 ] WARN  FXGL.TextLevelParser - No producer found for character: 0
17:06:38.673 [FXGL Background Thread 1 ] WARN  FXGL.TextLevelParser - No producer found for character: 0
17:06:38.673 [FXGL Background Thread 1 ] WARN  FXGL.TextLevelParser - No producer found for character: 0
17:06:38.673 [FXGL Background Thread 1 ] WARN  FXGL.TextLevelParser - No producer found for character: 0
17:06:38.673 [FXGL Background Thread 1 ] WARN  FXGL.TextLevelParser - No producer found for character: 0
17:06:38.674 [FXGL Background Thread 1 ] WARN  FXGL.TextLevelParser - No producer found for character: 0
17:06:38.674 [FXGL Background Thread 1 ] WARN  FXGL.TextLevelParser - No producer found for character: 0
17:06:38.676 [FXGL Background Thread 1 ] DEBUG AssetLoader          - Loading from disk: /assets/textures/bar.png
17:06:38.679 [FXGL Background Thread 1 ] WARN  FXGL.TextLevelParser - No producer found for character: 0
17:06:38.680 [FXGL Background Thread 1 ] WARN  FXGL.TextLevelParser - No producer found for character: 0
17:06:38.680 [FXGL Background Thread 1 ] WARN  FXGL.TextLevelParser - No producer found for character: 0
17:06:38.680 [FXGL Background Thread 1 ] WARN  FXGL.TextLevelParser - No producer found for character: 0
17:06:38.680 [FXGL Background Thread 1 ] WARN  FXGL.TextLevelParser - No producer found for character: 0
17:06:38.680 [FXGL Background Thread 1 ] WARN  FXGL.TextLevelParser - No producer found for character: 0
17:06:38.680 [FXGL Background Thread 1 ] WARN  FXGL.TextLevelParser - No producer found for character: 0
17:06:38.680 [FXGL Background Thread 1 ] WARN  FXGL.TextLevelParser - No producer found for character: 0
17:06:38.680 [FXGL Background Thread 1 ] WARN  FXGL.TextLevelParser - No producer found for character: 0
17:06:38.680 [FXGL Background Thread 1 ] WARN  FXGL.TextLevelParser - No producer found for character: 0
17:06:38.680 [FXGL Background Thread 1 ] WARN  FXGL.TextLevelParser - No producer found for character: 0
17:06:38.680 [FXGL Background Thread 1 ] WARN  FXGL.TextLevelParser - No producer found for character: 0
17:06:38.680 [FXGL Background Thread 1 ] WARN  FXGL.TextLevelParser - No producer found for character: 0
17:06:38.680 [FXGL Background Thread 1 ] WARN  FXGL.TextLevelParser - No producer found for character: 0
17:06:38.681 [FXGL Background Thread 1 ] WARN  FXGL.TextLevelParser - No producer found for character: 0
17:06:38.681 [FXGL Background Thread 1 ] WARN  FXGL.TextLevelParser - No producer found for character: 0
17:06:38.681 [FXGL Background Thread 1 ] WARN  FXGL.TextLevelParser - No producer found for character: 0
17:06:38.681 [FXGL Background Thread 1 ] WARN  FXGL.TextLevelParser - No producer found for character: 0
17:06:38.681 [FXGL Background Thread 1 ] WARN  FXGL.TextLevelParser - No producer found for character: 0
17:06:38.681 [FXGL Background Thread 1 ] WARN  FXGL.TextLevelParser - No producer found for character: 0
17:06:38.681 [FXGL Background Thread 1 ] WARN  FXGL.TextLevelParser - No producer found for character: 0
17:06:38.681 [FXGL Background Thread 1 ] WARN  FXGL.TextLevelParser - No producer found for character: 0
17:06:38.681 [FXGL Background Thread 1 ] WARN  FXGL.TextLevelParser - No producer found for character: 0
17:06:38.681 [FXGL Background Thread 1 ] WARN  FXGL.TextLevelParser - No producer found for character: 0
17:06:38.681 [FXGL Background Thread 1 ] WARN  FXGL.TextLevelParser - No producer found for character: 0
17:06:38.681 [FXGL Background Thread 1 ] WARN  FXGL.TextLevelParser - No producer found for character: 0
17:06:38.681 [FXGL Background Thread 1 ] WARN  FXGL.TextLevelParser - No producer found for character: 0
17:06:38.681 [FXGL Background Thread 1 ] WARN  FXGL.TextLevelParser - No producer found for character: 0
17:06:38.681 [FXGL Background Thread 1 ] WARN  FXGL.TextLevelParser - No producer found for character: 0
17:06:38.681 [FXGL Background Thread 1 ] WARN  FXGL.TextLevelParser - No producer found for character: 0
17:06:38.681 [FXGL Background Thread 1 ] WARN  FXGL.TextLevelParser - No producer found for character: 0
17:06:38.681 [FXGL Background Thread 1 ] WARN  FXGL.TextLevelParser - No producer found for character: 0
17:06:38.682 [FXGL Background Thread 1 ] WARN  FXGL.TextLevelParser - No producer found for character: 0
17:06:38.682 [FXGL Background Thread 1 ] WARN  FXGL.TextLevelParser - No producer found for character: 0
17:06:38.682 [FXGL Background Thread 1 ] WARN  FXGL.TextLevelParser - No producer found for character: 0
17:06:38.682 [FXGL Background Thread 1 ] WARN  FXGL.TextLevelParser - No producer found for character: 0
17:06:38.682 [FXGL Background Thread 1 ] WARN  FXGL.TextLevelParser - No producer found for character: 0
17:06:38.682 [FXGL Background Thread 1 ] WARN  FXGL.TextLevelParser - No producer found for character: 0
17:06:38.682 [FXGL Background Thread 1 ] WARN  FXGL.TextLevelParser - No producer found for character: 0
17:06:38.682 [FXGL Background Thread 1 ] WARN  FXGL.TextLevelParser - No producer found for character: 0
17:06:38.682 [FXGL Background Thread 1 ] WARN  FXGL.TextLevelParser - No producer found for character: 0
17:06:38.682 [FXGL Background Thread 1 ] WARN  FXGL.TextLevelParser - No producer found for character: 0
17:06:38.682 [FXGL Background Thread 1 ] WARN  FXGL.TextLevelParser - No producer found for character: 0
17:06:38.682 [FXGL Background Thread 1 ] WARN  FXGL.TextLevelParser - No producer found for character: 0
17:06:38.683 [FXGL Background Thread 1 ] DEBUG AssetLoader          - Loading from disk: /assets/textures/fire.png
17:06:38.704 [FXGL Background Thread 1 ] WARN  FXGL.TextLevelParser - No producer found for character: 0
17:06:38.705 [FXGL Background Thread 1 ] DEBUG AssetLoader          - Loading from cache: /assets/textures/fire.png@100.0x80.0
17:06:38.705 [FXGL Background Thread 1 ] WARN  FXGL.TextLevelParser - No producer found for character: 0
17:06:38.706 [FXGL Background Thread 1 ] DEBUG AssetLoader          - Loading from cache: /assets/textures/fire.png@100.0x80.0
17:06:38.707 [FXGL Background Thread 1 ] WARN  FXGL.TextLevelParser - No producer found for character: 0
17:06:38.707 [FXGL Background Thread 1 ] DEBUG AssetLoader          - Loading from cache: /assets/textures/fire.png@100.0x80.0
17:06:38.709 [FXGL Background Thread 1 ] WARN  FXGL.TextLevelParser - No producer found for character: 0
17:06:38.710 [FXGL Background Thread 1 ] DEBUG AssetLoader          - Loading from cache: /assets/textures/fire.png@100.0x80.0
17:06:38.711 [FXGL Background Thread 1 ] WARN  FXGL.TextLevelParser - No producer found for character: 0
17:06:38.713 [FXGL Background Thread 1 ] DEBUG AssetLoader          - Loading from cache: /assets/textures/fire.png@100.0x80.0
17:06:38.714 [FXGL Background Thread 1 ] WARN  FXGL.TextLevelParser - No producer found for character: 0
17:06:38.714 [FXGL Background Thread 1 ] DEBUG AssetLoader          - Loading from cache: /assets/textures/fire.png@100.0x80.0
17:06:38.715 [FXGL Background Thread 1 ] WARN  FXGL.TextLevelParser - No producer found for character: 0
17:06:38.716 [FXGL Background Thread 1 ] DEBUG AssetLoader          - Loading from cache: /assets/textures/fire.png@100.0x80.0
17:06:38.717 [FXGL Background Thread 1 ] WARN  FXGL.TextLevelParser - No producer found for character: 0
17:06:38.717 [FXGL Background Thread 1 ] DEBUG AssetLoader          - Loading from cache: /assets/textures/fire.png@100.0x80.0
17:06:38.718 [FXGL Background Thread 1 ] WARN  FXGL.TextLevelParser - No producer found for character: 0
17:06:38.718 [FXGL Background Thread 1 ] DEBUG GameWorld            - Clearing removable entities
17:06:38.718 [FXGL Background Thread 1 ] DEBUG GameWorld            - Setting level: com.almasb.fxgl.entity.Level@1d9f9b1c
17:06:38.744 [FXGL Background Thread 1 ] DEBUG GameScene            - Creating render group for layer: DEFAULT(100000)
17:06:38.763 [FXGL Background Thread 1 ] DEBUG GameScene            - Creating render group for layer: BACKGROUND(1000)
17:06:38.766 [FXGL Background Thread 1 ] DEBUG InitAppTask          - Initializing Physics
17:06:38.767 [FXGL Background Thread 1 ] DEBUG InitAppTask          - Initializing UI
17:06:38.768 [FXGL Background Thread 1 ] DEBUG InitAppTask          - Initialization Complete
17:06:38.769 [FXGL Background Thread 1 ] INFO  InitAppTask          - Game initialization took: 0,297 sec
17:06:38.773 [JavaFX Application Thread] DEBUG Input                - Clearing active input actions
17:06:38.796 [JavaFX Application Thread] DEBUG AppStateMachine      - LoadingState -> PlayState
17:07:09.108 [JavaFX Application Thread] DEBUG GameScene            - Clearing game scene
17:07:09.109 [JavaFX Application Thread] DEBUG AssetLoader          - Loading from cache: /assets/text/levels/level1.txt
17:07:09.109 [JavaFX Application Thread] WARN  FXGL.TextLevelParser - No producer found for character: 0
17:07:09.109 [JavaFX Application Thread] WARN  FXGL.TextLevelParser - No producer found for character: 0
17:07:09.109 [JavaFX Application Thread] WARN  FXGL.TextLevelParser - No producer found for character: 0
17:07:09.109 [JavaFX Application Thread] WARN  FXGL.TextLevelParser - No producer found for character: 0
17:07:09.109 [JavaFX Application Thread] WARN  FXGL.TextLevelParser - No producer found for character: 0
17:07:09.109 [JavaFX Application Thread] WARN  FXGL.TextLevelParser - No producer found for character: 0
17:07:09.109 [JavaFX Application Thread] WARN  FXGL.TextLevelParser - No producer found for character: 0
17:07:09.110 [JavaFX Application Thread] WARN  FXGL.TextLevelParser - No producer found for character: 0
17:07:09.110 [JavaFX Application Thread] WARN  FXGL.TextLevelParser - No producer found for character: 0
17:07:09.110 [JavaFX Application Thread] WARN  FXGL.TextLevelParser - No producer found for character: 0
17:07:09.110 [JavaFX Application Thread] WARN  FXGL.TextLevelParser - No producer found for character: 0
17:07:09.110 [JavaFX Application Thread] WARN  FXGL.TextLevelParser - No producer found for character: 0
17:07:09.110 [JavaFX Application Thread] WARN  FXGL.TextLevelParser - No producer found for character: 0
17:07:09.110 [JavaFX Application Thread] WARN  FXGL.TextLevelParser - No producer found for character: 0
17:07:09.110 [JavaFX Application Thread] WARN  FXGL.TextLevelParser - No producer found for character: 0
17:07:09.110 [JavaFX Application Thread] WARN  FXGL.TextLevelParser - No producer found for character: 0
17:07:09.110 [JavaFX Application Thread] WARN  FXGL.TextLevelParser - No producer found for character: 0
17:07:09.110 [JavaFX Application Thread] WARN  FXGL.TextLevelParser - No producer found for character: 0
17:07:09.111 [JavaFX Application Thread] DEBUG AssetLoader          - Loading from cache: /assets/textures/brick1.png@50.0x24.0
17:07:09.111 [JavaFX Application Thread] WARN  FXGL.TextLevelParser - No producer found for character: 0
17:07:09.111 [JavaFX Application Thread] WARN  FXGL.TextLevelParser - No producer found for character: 0
17:07:09.111 [JavaFX Application Thread] WARN  FXGL.TextLevelParser - No producer found for character: 0
17:07:09.111 [JavaFX Application Thread] WARN  FXGL.TextLevelParser - No producer found for character: 0
17:07:09.111 [JavaFX Application Thread] WARN  FXGL.TextLevelParser - No producer found for character: 0
17:07:09.111 [JavaFX Application Thread] WARN  FXGL.TextLevelParser - No producer found for character: 0
17:07:09.111 [JavaFX Application Thread] WARN  FXGL.TextLevelParser - No producer found for character: 0
17:07:09.111 [JavaFX Application Thread] WARN  FXGL.TextLevelParser - No producer found for character: 0
17:07:09.111 [JavaFX Application Thread] WARN  FXGL.TextLevelParser - No producer found for character: 0
17:07:09.112 [JavaFX Application Thread] WARN  FXGL.TextLevelParser - No producer found for character: 0
17:07:09.112 [JavaFX Application Thread] WARN  FXGL.TextLevelParser - No producer found for character: 0
17:07:09.112 [JavaFX Application Thread] WARN  FXGL.TextLevelParser - No producer found for character: 0
17:07:09.112 [JavaFX Application Thread] WARN  FXGL.TextLevelParser - No producer found for character: 0
17:07:09.112 [JavaFX Application Thread] WARN  FXGL.TextLevelParser - No producer found for character: 0
17:07:09.112 [JavaFX Application Thread] WARN  FXGL.TextLevelParser - No producer found for character: 0
17:07:09.112 [JavaFX Application Thread] WARN  FXGL.TextLevelParser - No producer found for character: 0
17:07:09.112 [JavaFX Application Thread] DEBUG AssetLoader          - Loading from cache: /assets/textures/brick1.png@50.0x24.0
17:07:09.112 [JavaFX Application Thread] WARN  FXGL.TextLevelParser - No producer found for character: 0
17:07:09.113 [JavaFX Application Thread] DEBUG AssetLoader          - Loading from cache: /assets/textures/brick1.png@50.0x24.0
17:07:09.113 [JavaFX Application Thread] WARN  FXGL.TextLevelParser - No producer found for character: 0
17:07:09.113 [JavaFX Application Thread] WARN  FXGL.TextLevelParser - No producer found for character: 0
17:07:09.113 [JavaFX Application Thread] WARN  FXGL.TextLevelParser - No producer found for character: 0
17:07:09.113 [JavaFX Application Thread] WARN  FXGL.TextLevelParser - No producer found for character: 0
17:07:09.113 [JavaFX Application Thread] WARN  FXGL.TextLevelParser - No producer found for character: 0
17:07:09.113 [JavaFX Application Thread] WARN  FXGL.TextLevelParser - No producer found for character: 0
17:07:09.113 [JavaFX Application Thread] DEBUG AssetLoader          - Loading from cache: /assets/textures/brick1.png@50.0x24.0
17:07:09.114 [JavaFX Application Thread] DEBUG AssetLoader          - Loading from cache: /assets/textures/brick1.png@50.0x24.0
17:07:09.114 [JavaFX Application Thread] WARN  FXGL.TextLevelParser - No producer found for character: 0
17:07:09.114 [JavaFX Application Thread] WARN  FXGL.TextLevelParser - No producer found for character: 0
17:07:09.114 [JavaFX Application Thread] WARN  FXGL.TextLevelParser - No producer found for character: 0
17:07:09.114 [JavaFX Application Thread] WARN  FXGL.TextLevelParser - No producer found for character: 0
17:07:09.114 [JavaFX Application Thread] WARN  FXGL.TextLevelParser - No producer found for character: 0
17:07:09.114 [JavaFX Application Thread] WARN  FXGL.TextLevelParser - No producer found for character: 0
17:07:09.115 [JavaFX Application Thread] DEBUG AssetLoader          - Loading from cache: /assets/textures/brick1.png@50.0x24.0
17:07:09.115 [JavaFX Application Thread] WARN  FXGL.TextLevelParser - No producer found for character: 0
17:07:09.115 [JavaFX Application Thread] WARN  FXGL.TextLevelParser - No producer found for character: 0
17:07:09.115 [JavaFX Application Thread] WARN  FXGL.TextLevelParser - No producer found for character: 0
17:07:09.116 [JavaFX Application Thread] DEBUG AssetLoader          - Loading from cache: /assets/textures/brick1.png@50.0x24.0
17:07:09.116 [JavaFX Application Thread] WARN  FXGL.TextLevelParser - No producer found for character: 0
17:07:09.116 [JavaFX Application Thread] WARN  FXGL.TextLevelParser - No producer found for character: 0
17:07:09.117 [JavaFX Application Thread] WARN  FXGL.TextLevelParser - No producer found for character: 0
17:07:09.117 [JavaFX Application Thread] WARN  FXGL.TextLevelParser - No producer found for character: 0
17:07:09.117 [JavaFX Application Thread] DEBUG AssetLoader          - Loading from cache: /assets/textures/brick1.png@50.0x24.0
17:07:09.118 [JavaFX Application Thread] DEBUG AssetLoader          - Loading from cache: /assets/textures/brick1.png@50.0x24.0
17:07:09.119 [JavaFX Application Thread] DEBUG AssetLoader          - Loading from cache: /assets/textures/brick1.png@50.0x24.0
17:07:09.119 [JavaFX Application Thread] DEBUG AssetLoader          - Loading from cache: /assets/textures/brick1.png@50.0x24.0
17:07:09.120 [JavaFX Application Thread] WARN  FXGL.TextLevelParser - No producer found for character: 0
17:07:09.120 [JavaFX Application Thread] WARN  FXGL.TextLevelParser - No producer found for character: 0
17:07:09.120 [JavaFX Application Thread] WARN  FXGL.TextLevelParser - No producer found for character: 0
17:07:09.121 [JavaFX Application Thread] WARN  FXGL.TextLevelParser - No producer found for character: 0
17:07:09.121 [JavaFX Application Thread] DEBUG AssetLoader          - Loading from cache: /assets/textures/brick1.png@50.0x24.0
17:07:09.121 [JavaFX Application Thread] WARN  FXGL.TextLevelParser - No producer found for character: 0
17:07:09.122 [JavaFX Application Thread] WARN  FXGL.TextLevelParser - No producer found for character: 0
17:07:09.122 [JavaFX Application Thread] WARN  FXGL.TextLevelParser - No producer found for character: 0
17:07:09.122 [JavaFX Application Thread] WARN  FXGL.TextLevelParser - No producer found for character: 0
17:07:09.122 [JavaFX Application Thread] WARN  FXGL.TextLevelParser - No producer found for character: 0
17:07:09.122 [JavaFX Application Thread] DEBUG AssetLoader          - Loading from cache: /assets/textures/brick1.png@50.0x24.0
17:07:09.122 [JavaFX Application Thread] WARN  FXGL.TextLevelParser - No producer found for character: 0
17:07:09.123 [JavaFX Application Thread] DEBUG AssetLoader          - Loading from cache: /assets/textures/brick1.png@50.0x24.0
17:07:09.123 [JavaFX Application Thread] DEBUG AssetLoader          - Loading from cache: /assets/textures/brick1.png@50.0x24.0
17:07:09.124 [JavaFX Application Thread] DEBUG AssetLoader          - Loading from cache: /assets/textures/brick1.png@50.0x24.0
17:07:09.124 [JavaFX Application Thread] DEBUG AssetLoader          - Loading from cache: /assets/textures/brick1.png@50.0x24.0
17:07:09.125 [JavaFX Application Thread] DEBUG AssetLoader          - Loading from cache: /assets/textures/brick1.png@50.0x24.0
17:07:09.125 [JavaFX Application Thread] DEBUG AssetLoader          - Loading from cache: /assets/textures/brick1.png@50.0x24.0
17:07:09.126 [JavaFX Application Thread] DEBUG AssetLoader          - Loading from cache: /assets/textures/brick1.png@50.0x24.0
17:07:09.126 [JavaFX Application Thread] DEBUG AssetLoader          - Loading from cache: /assets/textures/brick1.png@50.0x24.0
17:07:09.126 [JavaFX Application Thread] WARN  FXGL.TextLevelParser - No producer found for character: 0
17:07:09.127 [JavaFX Application Thread] DEBUG AssetLoader          - Loading from cache: /assets/textures/brick1.png@50.0x24.0
17:07:09.127 [JavaFX Application Thread] WARN  FXGL.TextLevelParser - No producer found for character: 0
17:07:09.127 [JavaFX Application Thread] WARN  FXGL.TextLevelParser - No producer found for character: 0
17:07:09.127 [JavaFX Application Thread] WARN  FXGL.TextLevelParser - No producer found for character: 0
17:07:09.127 [JavaFX Application Thread] WARN  FXGL.TextLevelParser - No producer found for character: 0
17:07:09.127 [JavaFX Application Thread] WARN  FXGL.TextLevelParser - No producer found for character: 0
17:07:09.127 [JavaFX Application Thread] WARN  FXGL.TextLevelParser - No producer found for character: 0
17:07:09.127 [JavaFX Application Thread] WARN  FXGL.TextLevelParser - No producer found for character: 0
17:07:09.127 [JavaFX Application Thread] DEBUG AssetLoader          - Loading from cache: /assets/textures/brick1.png@50.0x24.0
17:07:09.128 [JavaFX Application Thread] WARN  FXGL.TextLevelParser - No producer found for character: 0
17:07:09.128 [JavaFX Application Thread] WARN  FXGL.TextLevelParser - No producer found for character: 0
17:07:09.128 [JavaFX Application Thread] WARN  FXGL.TextLevelParser - No producer found for character: 0
17:07:09.128 [JavaFX Application Thread] WARN  FXGL.TextLevelParser - No producer found for character: 0
17:07:09.128 [JavaFX Application Thread] WARN  FXGL.TextLevelParser - No producer found for character: 0
17:07:09.128 [JavaFX Application Thread] WARN  FXGL.TextLevelParser - No producer found for character: 0
17:07:09.128 [JavaFX Application Thread] WARN  FXGL.TextLevelParser - No producer found for character: 0
17:07:09.129 [JavaFX Application Thread] WARN  FXGL.TextLevelParser - No producer found for character: 0
17:07:09.129 [JavaFX Application Thread] DEBUG AssetLoader          - Loading from cache: /assets/textures/brick1.png@50.0x24.0
17:07:09.129 [JavaFX Application Thread] WARN  FXGL.TextLevelParser - No producer found for character: 0
17:07:09.129 [JavaFX Application Thread] WARN  FXGL.TextLevelParser - No producer found for character: 0
17:07:09.129 [JavaFX Application Thread] WARN  FXGL.TextLevelParser - No producer found for character: 0
17:07:09.129 [JavaFX Application Thread] WARN  FXGL.TextLevelParser - No producer found for character: 0
17:07:09.129 [JavaFX Application Thread] WARN  FXGL.TextLevelParser - No producer found for character: 0
17:07:09.129 [JavaFX Application Thread] WARN  FXGL.TextLevelParser - No producer found for character: 0
17:07:09.129 [JavaFX Application Thread] WARN  FXGL.TextLevelParser - No producer found for character: 0
17:07:09.129 [JavaFX Application Thread] WARN  FXGL.TextLevelParser - No producer found for character: 0
17:07:09.129 [JavaFX Application Thread] WARN  FXGL.TextLevelParser - No producer found for character: 0
17:07:09.130 [JavaFX Application Thread] DEBUG AssetLoader          - Loading from cache: /assets/textures/brick1.png@50.0x24.0
17:07:09.130 [JavaFX Application Thread] DEBUG AssetLoader          - Loading from cache: /assets/textures/brick1.png@50.0x24.0
17:07:09.130 [JavaFX Application Thread] DEBUG AssetLoader          - Loading from cache: /assets/textures/brick1.png@50.0x24.0
17:07:09.131 [JavaFX Application Thread] DEBUG AssetLoader          - Loading from cache: /assets/textures/brick1.png@50.0x24.0
17:07:09.131 [JavaFX Application Thread] DEBUG AssetLoader          - Loading from cache: /assets/textures/brick1.png@50.0x24.0
17:07:09.132 [JavaFX Application Thread] DEBUG AssetLoader          - Loading from cache: /assets/textures/brick1.png@50.0x24.0
17:07:09.133 [JavaFX Application Thread] DEBUG AssetLoader          - Loading from cache: /assets/textures/brick1.png@50.0x24.0
17:07:09.134 [JavaFX Application Thread] DEBUG AssetLoader          - Loading from cache: /assets/textures/brick1.png@50.0x24.0
17:07:09.135 [JavaFX Application Thread] WARN  FXGL.TextLevelParser - No producer found for character: 0
17:07:09.135 [JavaFX Application Thread] WARN  FXGL.TextLevelParser - No producer found for character: 0
17:07:09.135 [JavaFX Application Thread] WARN  FXGL.TextLevelParser - No producer found for character: 0
17:07:09.135 [JavaFX Application Thread] WARN  FXGL.TextLevelParser - No producer found for character: 0
17:07:09.135 [JavaFX Application Thread] WARN  FXGL.TextLevelParser - No producer found for character: 0
17:07:09.135 [JavaFX Application Thread] WARN  FXGL.TextLevelParser - No producer found for character: 0
17:07:09.135 [JavaFX Application Thread] WARN  FXGL.TextLevelParser - No producer found for character: 0
17:07:09.135 [JavaFX Application Thread] WARN  FXGL.TextLevelParser - No producer found for character: 0
17:07:09.135 [JavaFX Application Thread] WARN  FXGL.TextLevelParser - No producer found for character: 0
17:07:09.135 [JavaFX Application Thread] WARN  FXGL.TextLevelParser - No producer found for character: 0
17:07:09.135 [JavaFX Application Thread] WARN  FXGL.TextLevelParser - No producer found for character: 0
17:07:09.135 [JavaFX Application Thread] WARN  FXGL.TextLevelParser - No producer found for character: 0
17:07:09.135 [JavaFX Application Thread] WARN  FXGL.TextLevelParser - No producer found for character: 0
17:07:09.135 [JavaFX Application Thread] WARN  FXGL.TextLevelParser - No producer found for character: 0
17:07:09.135 [JavaFX Application Thread] WARN  FXGL.TextLevelParser - No producer found for character: 0
17:07:09.135 [JavaFX Application Thread] WARN  FXGL.TextLevelParser - No producer found for character: 0
17:07:09.135 [JavaFX Application Thread] WARN  FXGL.TextLevelParser - No producer found for character: 0
17:07:09.135 [JavaFX Application Thread] WARN  FXGL.TextLevelParser - No producer found for character: 0
17:07:09.135 [JavaFX Application Thread] WARN  FXGL.TextLevelParser - No producer found for character: 0
17:07:09.135 [JavaFX Application Thread] WARN  FXGL.TextLevelParser - No producer found for character: 0
17:07:09.135 [JavaFX Application Thread] WARN  FXGL.TextLevelParser - No producer found for character: 0
17:07:09.135 [JavaFX Application Thread] WARN  FXGL.TextLevelParser - No producer found for character: 0
17:07:09.136 [JavaFX Application Thread] WARN  FXGL.TextLevelParser - No producer found for character: 0
17:07:09.136 [JavaFX Application Thread] WARN  FXGL.TextLevelParser - No producer found for character: 0
17:07:09.136 [JavaFX Application Thread] WARN  FXGL.TextLevelParser - No producer found for character: 0
17:07:09.136 [JavaFX Application Thread] WARN  FXGL.TextLevelParser - No producer found for character: 0
17:07:09.136 [JavaFX Application Thread] WARN  FXGL.TextLevelParser - No producer found for character: 0
17:07:09.136 [JavaFX Application Thread] WARN  FXGL.TextLevelParser - No producer found for character: 0
17:07:09.136 [JavaFX Application Thread] WARN  FXGL.TextLevelParser - No producer found for character: 0
17:07:09.136 [JavaFX Application Thread] WARN  FXGL.TextLevelParser - No producer found for character: 0
17:07:09.136 [JavaFX Application Thread] WARN  FXGL.TextLevelParser - No producer found for character: 0
17:07:09.136 [JavaFX Application Thread] WARN  FXGL.TextLevelParser - No producer found for character: 0
17:07:09.136 [JavaFX Application Thread] WARN  FXGL.TextLevelParser - No producer found for character: 0
17:07:09.136 [JavaFX Application Thread] WARN  FXGL.TextLevelParser - No producer found for character: 0
17:07:09.136 [JavaFX Application Thread] WARN  FXGL.TextLevelParser - No producer found for character: 0
17:07:09.136 [JavaFX Application Thread] WARN  FXGL.TextLevelParser - No producer found for character: 0
17:07:09.136 [JavaFX Application Thread] WARN  FXGL.TextLevelParser - No producer found for character: 0
17:07:09.136 [JavaFX Application Thread] WARN  FXGL.TextLevelParser - No producer found for character: 0
17:07:09.136 [JavaFX Application Thread] WARN  FXGL.TextLevelParser - No producer found for character: 0
17:07:09.139 [JavaFX Application Thread] WARN  FXGL.TextLevelParser - No producer found for character: 0
17:07:09.139 [JavaFX Application Thread] WARN  FXGL.TextLevelParser - No producer found for character: 0
17:07:09.139 [JavaFX Application Thread] WARN  FXGL.TextLevelParser - No producer found for character: 0
17:07:09.139 [JavaFX Application Thread] WARN  FXGL.TextLevelParser - No producer found for character: 0
17:07:09.139 [JavaFX Application Thread] WARN  FXGL.TextLevelParser - No producer found for character: 0
17:07:09.139 [JavaFX Application Thread] WARN  FXGL.TextLevelParser - No producer found for character: 0
17:07:09.139 [JavaFX Application Thread] WARN  FXGL.TextLevelParser - No producer found for character: 0
17:07:09.139 [JavaFX Application Thread] WARN  FXGL.TextLevelParser - No producer found for character: 0
17:07:09.139 [JavaFX Application Thread] WARN  FXGL.TextLevelParser - No producer found for character: 0
17:07:09.139 [JavaFX Application Thread] WARN  FXGL.TextLevelParser - No producer found for character: 0
17:07:09.140 [JavaFX Application Thread] WARN  FXGL.TextLevelParser - No producer found for character: 0
17:07:09.140 [JavaFX Application Thread] WARN  FXGL.TextLevelParser - No producer found for character: 0
17:07:09.140 [JavaFX Application Thread] WARN  FXGL.TextLevelParser - No producer found for character: 0
17:07:09.140 [JavaFX Application Thread] WARN  FXGL.TextLevelParser - No producer found for character: 0
17:07:09.140 [JavaFX Application Thread] WARN  FXGL.TextLevelParser - No producer found for character: 0
17:07:09.140 [JavaFX Application Thread] WARN  FXGL.TextLevelParser - No producer found for character: 0
17:07:09.140 [JavaFX Application Thread] WARN  FXGL.TextLevelParser - No producer found for character: 0
17:07:09.140 [JavaFX Application Thread] WARN  FXGL.TextLevelParser - No producer found for character: 0
17:07:09.140 [JavaFX Application Thread] WARN  FXGL.TextLevelParser - No producer found for character: 0
17:07:09.140 [JavaFX Application Thread] WARN  FXGL.TextLevelParser - No producer found for character: 0
17:07:09.140 [JavaFX Application Thread] WARN  FXGL.TextLevelParser - No producer found for character: 0
17:07:09.140 [JavaFX Application Thread] WARN  FXGL.TextLevelParser - No producer found for character: 0
17:07:09.140 [JavaFX Application Thread] WARN  FXGL.TextLevelParser - No producer found for character: 0
17:07:09.140 [JavaFX Application Thread] WARN  FXGL.TextLevelParser - No producer found for character: 0
17:07:09.140 [JavaFX Application Thread] WARN  FXGL.TextLevelParser - No producer found for character: 0
17:07:09.140 [JavaFX Application Thread] WARN  FXGL.TextLevelParser - No producer found for character: 0
17:07:09.140 [JavaFX Application Thread] WARN  FXGL.TextLevelParser - No producer found for character: 0
17:07:09.140 [JavaFX Application Thread] WARN  FXGL.TextLevelParser - No producer found for character: 0
17:07:09.140 [JavaFX Application Thread] WARN  FXGL.TextLevelParser - No producer found for character: 0
17:07:09.140 [JavaFX Application Thread] WARN  FXGL.TextLevelParser - No producer found for character: 0
17:07:09.141 [JavaFX Application Thread] WARN  FXGL.TextLevelParser - No producer found for character: 0
17:07:09.141 [JavaFX Application Thread] WARN  FXGL.TextLevelParser - No producer found for character: 0
17:07:09.141 [JavaFX Application Thread] WARN  FXGL.TextLevelParser - No producer found for character: 0
17:07:09.141 [JavaFX Application Thread] WARN  FXGL.TextLevelParser - No producer found for character: 0
17:07:09.141 [JavaFX Application Thread] WARN  FXGL.TextLevelParser - No producer found for character: 0
17:07:09.141 [JavaFX Application Thread] WARN  FXGL.TextLevelParser - No producer found for character: 0
17:07:09.141 [JavaFX Application Thread] WARN  FXGL.TextLevelParser - No producer found for character: 0
17:07:09.141 [JavaFX Application Thread] WARN  FXGL.TextLevelParser - No producer found for character: 0
17:07:09.141 [JavaFX Application Thread] WARN  FXGL.TextLevelParser - No producer found for character: 0
17:07:09.141 [JavaFX Application Thread] WARN  FXGL.TextLevelParser - No producer found for character: 0
17:07:09.141 [JavaFX Application Thread] WARN  FXGL.TextLevelParser - No producer found for character: 0
17:07:09.141 [JavaFX Application Thread] WARN  FXGL.TextLevelParser - No producer found for character: 0
17:07:09.141 [JavaFX Application Thread] WARN  FXGL.TextLevelParser - No producer found for character: 0
17:07:09.141 [JavaFX Application Thread] WARN  FXGL.TextLevelParser - No producer found for character: 0
17:07:09.141 [JavaFX Application Thread] WARN  FXGL.TextLevelParser - No producer found for character: 0
17:07:09.141 [JavaFX Application Thread] WARN  FXGL.TextLevelParser - No producer found for character: 0
17:07:09.141 [JavaFX Application Thread] WARN  FXGL.TextLevelParser - No producer found for character: 0
17:07:09.141 [JavaFX Application Thread] WARN  FXGL.TextLevelParser - No producer found for character: 0
17:07:09.141 [JavaFX Application Thread] WARN  FXGL.TextLevelParser - No producer found for character: 0
17:07:09.141 [JavaFX Application Thread] WARN  FXGL.TextLevelParser - No producer found for character: 0
17:07:09.141 [JavaFX Application Thread] WARN  FXGL.TextLevelParser - No producer found for character: 0
17:07:09.141 [JavaFX Application Thread] WARN  FXGL.TextLevelParser - No producer found for character: 0
17:07:09.141 [JavaFX Application Thread] WARN  FXGL.TextLevelParser - No producer found for character: 0
17:07:09.142 [JavaFX Application Thread] WARN  FXGL.TextLevelParser - No producer found for character: 0
17:07:09.142 [JavaFX Application Thread] WARN  FXGL.TextLevelParser - No producer found for character: 0
17:07:09.142 [JavaFX Application Thread] WARN  FXGL.TextLevelParser - No producer found for character: 0
17:07:09.142 [JavaFX Application Thread] WARN  FXGL.TextLevelParser - No producer found for character: 0
17:07:09.142 [JavaFX Application Thread] WARN  FXGL.TextLevelParser - No producer found for character: 0
17:07:09.142 [JavaFX Application Thread] WARN  FXGL.TextLevelParser - No producer found for character: 0
17:07:09.142 [JavaFX Application Thread] WARN  FXGL.TextLevelParser - No producer found for character: 0
17:07:09.142 [JavaFX Application Thread] WARN  FXGL.TextLevelParser - No producer found for character: 0
17:07:09.142 [JavaFX Application Thread] WARN  FXGL.TextLevelParser - No producer found for character: 0
17:07:09.142 [JavaFX Application Thread] WARN  FXGL.TextLevelParser - No producer found for character: 0
17:07:09.142 [JavaFX Application Thread] WARN  FXGL.TextLevelParser - No producer found for character: 0
17:07:09.142 [JavaFX Application Thread] WARN  FXGL.TextLevelParser - No producer found for character: 0
17:07:09.142 [JavaFX Application Thread] WARN  FXGL.TextLevelParser - No producer found for character: 0
17:07:09.142 [JavaFX Application Thread] WARN  FXGL.TextLevelParser - No producer found for character: 0
17:07:09.142 [JavaFX Application Thread] WARN  FXGL.TextLevelParser - No producer found for character: 0
17:07:09.146 [JavaFX Application Thread] WARN  FXGL.TextLevelParser - No producer found for character: 0
17:07:09.146 [JavaFX Application Thread] WARN  FXGL.TextLevelParser - No producer found for character: 0
17:07:09.146 [JavaFX Application Thread] WARN  FXGL.TextLevelParser - No producer found for character: 0
17:07:09.146 [JavaFX Application Thread] WARN  FXGL.TextLevelParser - No producer found for character: 0
17:07:09.146 [JavaFX Application Thread] WARN  FXGL.TextLevelParser - No producer found for character: 0
17:07:09.146 [JavaFX Application Thread] WARN  FXGL.TextLevelParser - No producer found for character: 0
17:07:09.146 [JavaFX Application Thread] WARN  FXGL.TextLevelParser - No producer found for character: 0
17:07:09.146 [JavaFX Application Thread] WARN  FXGL.TextLevelParser - No producer found for character: 0
17:07:09.146 [JavaFX Application Thread] WARN  FXGL.TextLevelParser - No producer found for character: 0
17:07:09.147 [JavaFX Application Thread] WARN  FXGL.TextLevelParser - No producer found for character: 0
17:07:09.147 [JavaFX Application Thread] WARN  FXGL.TextLevelParser - No producer found for character: 0
17:07:09.147 [JavaFX Application Thread] WARN  FXGL.TextLevelParser - No producer found for character: 0
17:07:09.147 [JavaFX Application Thread] WARN  FXGL.TextLevelParser - No producer found for character: 0
17:07:09.147 [JavaFX Application Thread] WARN  FXGL.TextLevelParser - No producer found for character: 0
17:07:09.147 [JavaFX Application Thread] WARN  FXGL.TextLevelParser - No producer found for character: 0
17:07:09.147 [JavaFX Application Thread] WARN  FXGL.TextLevelParser - No producer found for character: 0
17:07:09.147 [JavaFX Application Thread] WARN  FXGL.TextLevelParser - No producer found for character: 0
17:07:09.147 [JavaFX Application Thread] WARN  FXGL.TextLevelParser - No producer found for character: 0
17:07:09.147 [JavaFX Application Thread] WARN  FXGL.TextLevelParser - No producer found for character: 0
17:07:09.147 [JavaFX Application Thread] WARN  FXGL.TextLevelParser - No producer found for character: 0
17:07:09.147 [JavaFX Application Thread] WARN  FXGL.TextLevelParser - No producer found for character: 0
17:07:09.147 [JavaFX Application Thread] WARN  FXGL.TextLevelParser - No producer found for character: 0
17:07:09.147 [JavaFX Application Thread] WARN  FXGL.TextLevelParser - No producer found for character: 0
17:07:09.147 [JavaFX Application Thread] WARN  FXGL.TextLevelParser - No producer found for character: 0
17:07:09.147 [JavaFX Application Thread] WARN  FXGL.TextLevelParser - No producer found for character: 0
17:07:09.147 [JavaFX Application Thread] WARN  FXGL.TextLevelParser - No producer found for character: 0
17:07:09.147 [JavaFX Application Thread] WARN  FXGL.TextLevelParser - No producer found for character: 0
17:07:09.147 [JavaFX Application Thread] WARN  FXGL.TextLevelParser - No producer found for character: 0
17:07:09.147 [JavaFX Application Thread] WARN  FXGL.TextLevelParser - No producer found for character: 0
17:07:09.147 [JavaFX Application Thread] WARN  FXGL.TextLevelParser - No producer found for character: 0
17:07:09.147 [JavaFX Application Thread] WARN  FXGL.TextLevelParser - No producer found for character: 0
17:07:09.147 [JavaFX Application Thread] WARN  FXGL.TextLevelParser - No producer found for character: 0
17:07:09.147 [JavaFX Application Thread] WARN  FXGL.TextLevelParser - No producer found for character: 0
17:07:09.148 [JavaFX Application Thread] WARN  FXGL.TextLevelParser - No producer found for character: 0
17:07:09.148 [JavaFX Application Thread] WARN  FXGL.TextLevelParser - No producer found for character: 0
17:07:09.148 [JavaFX Application Thread] WARN  FXGL.TextLevelParser - No producer found for character: 0
17:07:09.148 [JavaFX Application Thread] WARN  FXGL.TextLevelParser - No producer found for character: 0
17:07:09.148 [JavaFX Application Thread] WARN  FXGL.TextLevelParser - No producer found for character: 0
17:07:09.148 [JavaFX Application Thread] WARN  FXGL.TextLevelParser - No producer found for character: 0
17:07:09.151 [JavaFX Application Thread] WARN  FXGL.TextLevelParser - No producer found for character: 0
17:07:09.151 [JavaFX Application Thread] WARN  FXGL.TextLevelParser - No producer found for character: 0
17:07:09.151 [JavaFX Application Thread] WARN  FXGL.TextLevelParser - No producer found for character: 0
17:07:09.151 [JavaFX Application Thread] WARN  FXGL.TextLevelParser - No producer found for character: 0
17:07:09.151 [JavaFX Application Thread] WARN  FXGL.TextLevelParser - No producer found for character: 0
17:07:09.151 [JavaFX Application Thread] WARN  FXGL.TextLevelParser - No producer found for character: 0
17:07:09.151 [JavaFX Application Thread] WARN  FXGL.TextLevelParser - No producer found for character: 0
17:07:09.151 [JavaFX Application Thread] WARN  FXGL.TextLevelParser - No producer found for character: 0
17:07:09.151 [JavaFX Application Thread] WARN  FXGL.TextLevelParser - No producer found for character: 0
17:07:09.151 [JavaFX Application Thread] WARN  FXGL.TextLevelParser - No producer found for character: 0
17:07:09.151 [JavaFX Application Thread] WARN  FXGL.TextLevelParser - No producer found for character: 0
17:07:09.151 [JavaFX Application Thread] DEBUG AssetLoader          - Loading from cache: /assets/textures/bar.png
17:07:09.152 [JavaFX Application Thread] WARN  FXGL.TextLevelParser - No producer found for character: 0
17:07:09.152 [JavaFX Application Thread] WARN  FXGL.TextLevelParser - No producer found for character: 0
17:07:09.152 [JavaFX Application Thread] WARN  FXGL.TextLevelParser - No producer found for character: 0
17:07:09.152 [JavaFX Application Thread] WARN  FXGL.TextLevelParser - No producer found for character: 0
17:07:09.152 [JavaFX Application Thread] WARN  FXGL.TextLevelParser - No producer found for character: 0
17:07:09.152 [JavaFX Application Thread] WARN  FXGL.TextLevelParser - No producer found for character: 0
17:07:09.152 [JavaFX Application Thread] WARN  FXGL.TextLevelParser - No producer found for character: 0
17:07:09.152 [JavaFX Application Thread] WARN  FXGL.TextLevelParser - No producer found for character: 0
17:07:09.152 [JavaFX Application Thread] WARN  FXGL.TextLevelParser - No producer found for character: 0
17:07:09.152 [JavaFX Application Thread] WARN  FXGL.TextLevelParser - No producer found for character: 0
17:07:09.152 [JavaFX Application Thread] WARN  FXGL.TextLevelParser - No producer found for character: 0
17:07:09.152 [JavaFX Application Thread] WARN  FXGL.TextLevelParser - No producer found for character: 0
17:07:09.152 [JavaFX Application Thread] WARN  FXGL.TextLevelParser - No producer found for character: 0
17:07:09.152 [JavaFX Application Thread] WARN  FXGL.TextLevelParser - No producer found for character: 0
17:07:09.152 [JavaFX Application Thread] WARN  FXGL.TextLevelParser - No producer found for character: 0
17:07:09.152 [JavaFX Application Thread] WARN  FXGL.TextLevelParser - No producer found for character: 0
17:07:09.152 [JavaFX Application Thread] WARN  FXGL.TextLevelParser - No producer found for character: 0
17:07:09.152 [JavaFX Application Thread] WARN  FXGL.TextLevelParser - No producer found for character: 0
17:07:09.152 [JavaFX Application Thread] WARN  FXGL.TextLevelParser - No producer found for character: 0
17:07:09.152 [JavaFX Application Thread] WARN  FXGL.TextLevelParser - No producer found for character: 0
17:07:09.152 [JavaFX Application Thread] WARN  FXGL.TextLevelParser - No producer found for character: 0
17:07:09.153 [JavaFX Application Thread] WARN  FXGL.TextLevelParser - No producer found for character: 0
17:07:09.153 [JavaFX Application Thread] WARN  FXGL.TextLevelParser - No producer found for character: 0
17:07:09.153 [JavaFX Application Thread] WARN  FXGL.TextLevelParser - No producer found for character: 0
17:07:09.153 [JavaFX Application Thread] WARN  FXGL.TextLevelParser - No producer found for character: 0
17:07:09.153 [JavaFX Application Thread] WARN  FXGL.TextLevelParser - No producer found for character: 0
17:07:09.153 [JavaFX Application Thread] WARN  FXGL.TextLevelParser - No producer found for character: 0
17:07:09.153 [JavaFX Application Thread] WARN  FXGL.TextLevelParser - No producer found for character: 0
17:07:09.153 [JavaFX Application Thread] WARN  FXGL.TextLevelParser - No producer found for character: 0
17:07:09.153 [JavaFX Application Thread] WARN  FXGL.TextLevelParser - No producer found for character: 0
17:07:09.154 [JavaFX Application Thread] WARN  FXGL.TextLevelParser - No producer found for character: 0
17:07:09.154 [JavaFX Application Thread] WARN  FXGL.TextLevelParser - No producer found for character: 0
17:07:09.154 [JavaFX Application Thread] WARN  FXGL.TextLevelParser - No producer found for character: 0
17:07:09.154 [JavaFX Application Thread] WARN  FXGL.TextLevelParser - No producer found for character: 0
17:07:09.154 [JavaFX Application Thread] WARN  FXGL.TextLevelParser - No producer found for character: 0
17:07:09.154 [JavaFX Application Thread] WARN  FXGL.TextLevelParser - No producer found for character: 0
17:07:09.154 [JavaFX Application Thread] WARN  FXGL.TextLevelParser - No producer found for character: 0
17:07:09.154 [JavaFX Application Thread] WARN  FXGL.TextLevelParser - No producer found for character: 0
17:07:09.154 [JavaFX Application Thread] WARN  FXGL.TextLevelParser - No producer found for character: 0
17:07:09.154 [JavaFX Application Thread] WARN  FXGL.TextLevelParser - No producer found for character: 0
17:07:09.154 [JavaFX Application Thread] WARN  FXGL.TextLevelParser - No producer found for character: 0
17:07:09.154 [JavaFX Application Thread] WARN  FXGL.TextLevelParser - No producer found for character: 0
17:07:09.154 [JavaFX Application Thread] WARN  FXGL.TextLevelParser - No producer found for character: 0
17:07:09.154 [JavaFX Application Thread] WARN  FXGL.TextLevelParser - No producer found for character: 0
17:07:09.155 [JavaFX Application Thread] DEBUG AssetLoader          - Loading from cache: /assets/textures/fire.png@100.0x80.0
17:07:09.156 [JavaFX Application Thread] WARN  FXGL.TextLevelParser - No producer found for character: 0
17:07:09.156 [JavaFX Application Thread] DEBUG AssetLoader          - Loading from cache: /assets/textures/fire.png@100.0x80.0
17:07:09.156 [JavaFX Application Thread] WARN  FXGL.TextLevelParser - No producer found for character: 0
17:07:09.157 [JavaFX Application Thread] DEBUG AssetLoader          - Loading from cache: /assets/textures/fire.png@100.0x80.0
17:07:09.157 [JavaFX Application Thread] WARN  FXGL.TextLevelParser - No producer found for character: 0
17:07:09.158 [JavaFX Application Thread] DEBUG AssetLoader          - Loading from cache: /assets/textures/fire.png@100.0x80.0
17:07:09.158 [JavaFX Application Thread] WARN  FXGL.TextLevelParser - No producer found for character: 0
17:07:09.158 [JavaFX Application Thread] DEBUG AssetLoader          - Loading from cache: /assets/textures/fire.png@100.0x80.0
17:07:09.159 [JavaFX Application Thread] WARN  FXGL.TextLevelParser - No producer found for character: 0
17:07:09.159 [JavaFX Application Thread] DEBUG AssetLoader          - Loading from cache: /assets/textures/fire.png@100.0x80.0
17:07:09.159 [JavaFX Application Thread] WARN  FXGL.TextLevelParser - No producer found for character: 0
17:07:09.160 [JavaFX Application Thread] DEBUG AssetLoader          - Loading from cache: /assets/textures/fire.png@100.0x80.0
17:07:09.160 [JavaFX Application Thread] WARN  FXGL.TextLevelParser - No producer found for character: 0
17:07:09.161 [JavaFX Application Thread] DEBUG AssetLoader          - Loading from cache: /assets/textures/fire.png@100.0x80.0
17:07:09.161 [JavaFX Application Thread] WARN  FXGL.TextLevelParser - No producer found for character: 0
17:07:09.161 [JavaFX Application Thread] DEBUG AssetLoader          - Loading from cache: /assets/textures/fire.png@100.0x80.0
17:07:09.161 [JavaFX Application Thread] WARN  FXGL.TextLevelParser - No producer found for character: 0
17:07:09.161 [JavaFX Application Thread] DEBUG GameWorld            - Clearing removable entities
17:07:09.161 [JavaFX Application Thread] DEBUG GameScene            - Creating render group for layer: DEFAULT(100000)
17:07:09.164 [JavaFX Application Thread] DEBUG GameWorld            - Setting level: com.almasb.fxgl.entity.Level@1fed44c2
17:07:09.171 [JavaFX Application Thread] DEBUG GameScene            - Creating render group for layer: BACKGROUND(1000)
17:07:15.706 [JavaFX Application Thread] DEBUG GameApplication      - Exiting game application
17:07:15.707 [JavaFX Application Thread] DEBUG GameApplication      - Shutting down background threads
17:07:15.707 [JavaFX Application Thread] DEBUG GameApplication      - Exiting FXGL
17:07:15.707 [JavaFX Application Thread] DEBUG FXGL                 - Saving FXGL system data
17:07:15.711 [JavaFX Application Thread] DEBUG FS                   - Writing to: system\fxgl.bundle
17:07:15.715 [JavaFX Application Thread] DEBUG GameApplication      - Closing logger and exiting JavaFX
