10:13:06.293 [JavaFX Application Thread] DEBUG GameApplication      - Logger initialized
10:13:06.309 [JavaFX Application Thread] DEBUG MainWindow           - Creating a JavaFX scene
10:13:06.416 [JavaFX Application Thread] DEBUG MainWindow           - Target settings size: 900.0 x 780.0
10:13:06.416 [JavaFX Application Thread] DEBUG MainWindow           - Scaled scene size:    900.0 x 780.0
10:13:06.416 [JavaFX Application Thread] DEBUG MainWindow           - Scaled ratio: (1.0, 1.0)
10:13:06.420 [JavaFX Application Thread] DEBUG GameApplication      - Starting FXGL
10:13:06.440 [FXGL Launcher Thread     ] INFO  FXGL                 - FXGL-0.5.0 on DESKTOP
10:13:06.441 [FXGL Launcher Thread     ] INFO  FXGL                 - Source code and latest versions at: https://github.com/AlmasB/FXGL
10:13:06.441 [FXGL Launcher Thread     ] INFO  FXGL                 -              Join the FXGL chat at: https://gitter.im/AlmasB/FXGL
10:13:06.446 [FXGL Launcher Thread     ] DEBUG FXGL                 - Loading FXGL system data
10:13:06.458 [FXGL Launcher Thread     ] DEBUG FS                   - Reading from: system\fxgl.bundle
10:13:06.470 [FXGL Launcher Thread     ] DEBUG Bundle               - Logging bundle: FXGL
10:13:06.470 [FXGL Launcher Thread     ] DEBUG Bundle               - FXGL.offline.timer.version.check=2019-01-24T08:55:57.713219300
10:13:06.500 [FXGL Launcher Thread     ] DEBUG GameApplication      - FXGL started
10:13:06.501 [FXGL Launcher Thread     ] DEBUG GameApplication      - Logging game settings
Title: Breakout
Version: 0.1
Width: 900
Height: 780
Fullscreen: false
Intro: false
Menus: false
Profiling: false
Single step:false
App Mode: DEVELOPER
Menu Key: ESCAPE
Stage Style: DECORATED
Scene Factory: class com.almasb.fxgl.scene.SceneFactory
Dialog Factory: class com.almasb.fxgl.ui.FXGLDialogFactory
UI Factory: class com.almasb.fxgl.ui.FXGLUIFactory
Notification Service: class com.almasb.fxgl.gameplay.notification.XboxNotificationView
Exception Handler: class com.almasb.fxgl.app.FXGLExceptionHandler
10:13:06.503 [FXGL Launcher Thread     ] DEBUG GameApplication      - Configuring GameApplication
10:13:06.503 [FXGL Launcher Thread     ] DEBUG GameApplication      - Initializing state machine and application states
10:13:06.514 [FXGL Launcher Thread     ] DEBUG AssetLoader          - Loading from disk: /assets/ui/cursors/fxgl_default.png
10:13:06.533 [FXGL Launcher Thread     ] DEBUG AssetLoader          - Loading from disk: /assets/ui/cursors/fxgl_default.png
10:13:06.558 [FXGL Launcher Thread     ] DEBUG FXGLAssets           - Loading FXGLAssets
10:13:06.590 [FXGL Launcher Thread     ] DEBUG AssetLoader          - Loading from disk: /assets/ui/fonts/VarelaRound-Regular.ttf
10:13:06.779 [FXGL Launcher Thread     ] DEBUG AssetLoader          - Loading from disk: /assets/ui/fonts/lucida_console.ttf
10:13:06.784 [FXGL Launcher Thread     ] DEBUG AssetLoader          - Loading from disk: /assets/ui/css/fxgl_dark.css
10:13:06.785 [FXGL Launcher Thread     ] DEBUG AssetLoader          - Loading from disk: /assets/ui/icons/fxgl_icon.png
10:13:06.828 [FXGL Launcher Thread     ] DEBUG AssetLoader          - Loading from disk: /assets/ui/cursors/fxgl_default.png
10:13:06.835 [FXGL Launcher Thread     ] DEBUG AssetLoader          - Loading from disk: /assets/ui/cursors/fxgl_default.png
10:13:06.857 [FXGL Launcher Thread     ] DEBUG GameScene            - Game scene initialized: 900x780
10:13:06.868 [FXGL Launcher Thread     ] DEBUG GameWorld            - Game world initialized
10:13:06.945 [FXGL Launcher Thread     ] DEBUG PhysicsWorld         - Physics world initialized: appHeight=780, physics.ppm=50,0
10:13:06.960 [FXGL Launcher Thread     ] DEBUG Input                - Registered new binding: Pause - Esc
10:13:06.978 [FXGL Launcher Thread     ] DEBUG Input                - Clearing active input actions
10:13:07.022 [FXGL Launcher Thread     ] DEBUG AppStateMachine      - StartupState -> StartupState
10:13:07.031 [FXGL Launcher Thread     ] INFO  GameApplication      - Game configuration took:  0,527 sec
10:13:07.034 [JavaFX Application Thread] DEBUG MainWindow           - Opening main window
10:13:07.134 [JavaFX Application Thread] DEBUG MainWindow           - Window border size: (14.4000244140625, 37.5999755859375)
10:13:07.134 [JavaFX Application Thread] DEBUG MainWindow           - Scaled size: 900.0 x 780.0
10:13:07.134 [JavaFX Application Thread] DEBUG MainWindow           - Scaled ratio: (1.0, 1.0)
10:13:07.134 [JavaFX Application Thread] DEBUG MainWindow           - Scene size: 900.0 x 780.0
10:13:07.135 [JavaFX Application Thread] DEBUG MainWindow           - Stage size: 914.4000244140625 x 817.5999755859375
10:13:07.135 [JavaFX Application Thread] DEBUG GameApplication      - Running preInit()
10:13:07.138 [JavaFX Application Thread] DEBUG Input                - Registered new binding: Screenshot - P
10:13:07.138 [JavaFX Application Thread] DEBUG Input                - Registered new binding: Dev Options - CTRL+0
10:13:07.139 [JavaFX Application Thread] DEBUG Input                - Registered new binding: System info dump - CTRL+9
10:13:07.139 [JavaFX Application Thread] DEBUG Input                - Registered new binding: Restart - CTRL+R
10:13:07.140 [JavaFX Application Thread] DEBUG Input                - Registered new binding: Move Left - A
10:13:07.140 [JavaFX Application Thread] DEBUG Input                - Registered new binding: Move Right - D
10:13:07.158 [JavaFX Application Thread] DEBUG GameApplication      - Starting main loop
10:13:07.160 [JavaFX Application Thread] DEBUG StartupState         - STARTUP
10:13:07.160 [JavaFX Application Thread] DEBUG GameApplication      - Starting new game
10:13:07.160 [JavaFX Application Thread] DEBUG Input                - Clearing active input actions
10:13:07.171 [JavaFX Application Thread] DEBUG AppStateMachine      - StartupState -> LoadingState
10:13:07.174 [FXGL Background Thread 1 ] DEBUG InitAppTask          - Clearing previous game
10:13:07.174 [FXGL Background Thread 1 ] DEBUG GameWorld            - Clearing game world
10:13:07.174 [FXGL Background Thread 1 ] DEBUG PhysicsWorld         - Clearing physics world
10:13:07.174 [FXGL Background Thread 1 ] DEBUG GameScene            - Clearing game scene
10:13:07.175 [FXGL Background Thread 1 ] DEBUG InitAppTask          - Initializing Game
10:13:07.209 [FXGL Background Thread 1 ] DEBUG AssetLoader          - Loading from disk: /assets/text/levels/level1.txt
10:13:07.210 [FXGL Background Thread 1 ] WARN  FXGL.TextLevelParser - No producer found for character: 0
10:13:07.210 [FXGL Background Thread 1 ] WARN  FXGL.TextLevelParser - No producer found for character: 0
10:13:07.211 [FXGL Background Thread 1 ] WARN  FXGL.TextLevelParser - No producer found for character: 0
10:13:07.211 [FXGL Background Thread 1 ] WARN  FXGL.TextLevelParser - No producer found for character: 0
10:13:07.211 [FXGL Background Thread 1 ] WARN  FXGL.TextLevelParser - No producer found for character: 0
10:13:07.211 [FXGL Background Thread 1 ] WARN  FXGL.TextLevelParser - No producer found for character: 0
10:13:07.211 [FXGL Background Thread 1 ] WARN  FXGL.TextLevelParser - No producer found for character: 0
10:13:07.212 [FXGL Background Thread 1 ] WARN  FXGL.TextLevelParser - No producer found for character: 0
10:13:07.212 [FXGL Background Thread 1 ] WARN  FXGL.TextLevelParser - No producer found for character: 0
10:13:07.212 [FXGL Background Thread 1 ] WARN  FXGL.TextLevelParser - No producer found for character: 0
10:13:07.212 [FXGL Background Thread 1 ] WARN  FXGL.TextLevelParser - No producer found for character: 0
10:13:07.212 [FXGL Background Thread 1 ] WARN  FXGL.TextLevelParser - No producer found for character: 0
10:13:07.213 [FXGL Background Thread 1 ] WARN  FXGL.TextLevelParser - No producer found for character: 0
10:13:07.213 [FXGL Background Thread 1 ] WARN  FXGL.TextLevelParser - No producer found for character: 0
10:13:07.213 [FXGL Background Thread 1 ] WARN  FXGL.TextLevelParser - No producer found for character: 0
10:13:07.213 [FXGL Background Thread 1 ] WARN  FXGL.TextLevelParser - No producer found for character: 0
10:13:07.213 [FXGL Background Thread 1 ] WARN  FXGL.TextLevelParser - No producer found for character: 0
10:13:07.213 [FXGL Background Thread 1 ] WARN  FXGL.TextLevelParser - No producer found for character: 0
10:13:07.214 [FXGL Background Thread 1 ] WARN  FXGL.TextLevelParser - No producer found for character: 0
10:13:07.214 [FXGL Background Thread 1 ] WARN  FXGL.TextLevelParser - No producer found for character: 0
10:13:07.214 [FXGL Background Thread 1 ] WARN  FXGL.TextLevelParser - No producer found for character: 0
10:13:07.214 [FXGL Background Thread 1 ] WARN  FXGL.TextLevelParser - No producer found for character: 0
10:13:07.214 [FXGL Background Thread 1 ] WARN  FXGL.TextLevelParser - No producer found for character: 0
10:13:07.214 [FXGL Background Thread 1 ] WARN  FXGL.TextLevelParser - No producer found for character: 0
10:13:07.215 [FXGL Background Thread 1 ] WARN  FXGL.TextLevelParser - No producer found for character: 0
10:13:07.215 [FXGL Background Thread 1 ] WARN  FXGL.TextLevelParser - No producer found for character: 0
10:13:07.215 [FXGL Background Thread 1 ] WARN  FXGL.TextLevelParser - No producer found for character: 0
10:13:07.215 [FXGL Background Thread 1 ] WARN  FXGL.TextLevelParser - No producer found for character: 0
10:13:07.215 [FXGL Background Thread 1 ] WARN  FXGL.TextLevelParser - No producer found for character: 0
10:13:07.215 [FXGL Background Thread 1 ] WARN  FXGL.TextLevelParser - No producer found for character: 0
10:13:07.216 [FXGL Background Thread 1 ] WARN  FXGL.TextLevelParser - No producer found for character: 0
10:13:07.216 [FXGL Background Thread 1 ] WARN  FXGL.TextLevelParser - No producer found for character: 0
10:13:07.216 [FXGL Background Thread 1 ] WARN  FXGL.TextLevelParser - No producer found for character: 0
10:13:07.216 [FXGL Background Thread 1 ] WARN  FXGL.TextLevelParser - No producer found for character: 0
10:13:07.216 [FXGL Background Thread 1 ] WARN  FXGL.TextLevelParser - No producer found for character: 0
10:13:07.216 [FXGL Background Thread 1 ] WARN  FXGL.TextLevelParser - No producer found for character: 0
10:13:07.217 [FXGL Background Thread 1 ] WARN  FXGL.TextLevelParser - No producer found for character: 0
10:13:07.217 [FXGL Background Thread 1 ] WARN  FXGL.TextLevelParser - No producer found for character: 0
10:13:07.217 [FXGL Background Thread 1 ] WARN  FXGL.TextLevelParser - No producer found for character: 0
10:13:07.220 [FXGL Background Thread 1 ] WARN  FXGL.TextLevelParser - No producer found for character: 0
10:13:07.220 [FXGL Background Thread 1 ] WARN  FXGL.TextLevelParser - No producer found for character: 0
10:13:07.221 [FXGL Background Thread 1 ] WARN  FXGL.TextLevelParser - No producer found for character: 0
10:13:07.254 [FXGL Background Thread 1 ] DEBUG AssetLoader          - Loading from disk: /assets/textures/brick1.png
10:13:07.266 [FXGL Background Thread 1 ] WARN  FXGL.TextLevelParser - No producer found for character: 0
10:13:07.266 [FXGL Background Thread 1 ] WARN  FXGL.TextLevelParser - No producer found for character: 0
10:13:07.266 [FXGL Background Thread 1 ] WARN  FXGL.TextLevelParser - No producer found for character: 0
10:13:07.266 [FXGL Background Thread 1 ] WARN  FXGL.TextLevelParser - No producer found for character: 0
10:13:07.266 [FXGL Background Thread 1 ] WARN  FXGL.TextLevelParser - No producer found for character: 0
10:13:07.267 [FXGL Background Thread 1 ] WARN  FXGL.TextLevelParser - No producer found for character: 0
10:13:07.267 [FXGL Background Thread 1 ] WARN  FXGL.TextLevelParser - No producer found for character: 0
10:13:07.268 [FXGL Background Thread 1 ] DEBUG AssetLoader          - Loading from cache: /assets/textures/brick1.png@50.0x24.0
10:13:07.270 [FXGL Background Thread 1 ] WARN  FXGL.TextLevelParser - No producer found for character: 0
10:13:07.271 [FXGL Background Thread 1 ] WARN  FXGL.TextLevelParser - No producer found for character: 0
10:13:07.271 [FXGL Background Thread 1 ] WARN  FXGL.TextLevelParser - No producer found for character: 0
10:13:07.272 [FXGL Background Thread 1 ] WARN  FXGL.TextLevelParser - No producer found for character: 0
10:13:07.272 [FXGL Background Thread 1 ] WARN  FXGL.TextLevelParser - No producer found for character: 0
10:13:07.272 [FXGL Background Thread 1 ] WARN  FXGL.TextLevelParser - No producer found for character: 0
10:13:07.273 [FXGL Background Thread 1 ] WARN  FXGL.TextLevelParser - No producer found for character: 0
10:13:07.273 [FXGL Background Thread 1 ] WARN  FXGL.TextLevelParser - No producer found for character: 0
10:13:07.273 [FXGL Background Thread 1 ] WARN  FXGL.TextLevelParser - No producer found for character: 0
10:13:07.273 [FXGL Background Thread 1 ] WARN  FXGL.TextLevelParser - No producer found for character: 0
10:13:07.273 [FXGL Background Thread 1 ] WARN  FXGL.TextLevelParser - No producer found for character: 0
10:13:07.274 [FXGL Background Thread 1 ] WARN  FXGL.TextLevelParser - No producer found for character: 0
10:13:07.274 [FXGL Background Thread 1 ] WARN  FXGL.TextLevelParser - No producer found for character: 0
10:13:07.274 [FXGL Background Thread 1 ] WARN  FXGL.TextLevelParser - No producer found for character: 0
10:13:07.274 [FXGL Background Thread 1 ] WARN  FXGL.TextLevelParser - No producer found for character: 0
10:13:07.275 [FXGL Background Thread 1 ] WARN  FXGL.TextLevelParser - No producer found for character: 0
10:13:07.275 [FXGL Background Thread 1 ] WARN  FXGL.TextLevelParser - No producer found for character: 0
10:13:07.275 [FXGL Background Thread 1 ] WARN  FXGL.TextLevelParser - No producer found for character: 0
10:13:07.275 [FXGL Background Thread 1 ] WARN  FXGL.TextLevelParser - No producer found for character: 0
10:13:07.275 [FXGL Background Thread 1 ] WARN  FXGL.TextLevelParser - No producer found for character: 0
10:13:07.276 [FXGL Background Thread 1 ] WARN  FXGL.TextLevelParser - No producer found for character: 0
10:13:07.276 [FXGL Background Thread 1 ] WARN  FXGL.TextLevelParser - No producer found for character: 0
10:13:07.276 [FXGL Background Thread 1 ] WARN  FXGL.TextLevelParser - No producer found for character: 0
10:13:07.276 [FXGL Background Thread 1 ] WARN  FXGL.TextLevelParser - No producer found for character: 0
10:13:07.276 [FXGL Background Thread 1 ] WARN  FXGL.TextLevelParser - No producer found for character: 0
10:13:07.276 [FXGL Background Thread 1 ] WARN  FXGL.TextLevelParser - No producer found for character: 0
10:13:07.276 [FXGL Background Thread 1 ] WARN  FXGL.TextLevelParser - No producer found for character: 0
10:13:07.276 [FXGL Background Thread 1 ] WARN  FXGL.TextLevelParser - No producer found for character: 0
10:13:07.277 [FXGL Background Thread 1 ] WARN  FXGL.TextLevelParser - No producer found for character: 0
10:13:07.277 [FXGL Background Thread 1 ] WARN  FXGL.TextLevelParser - No producer found for character: 0
10:13:07.277 [FXGL Background Thread 1 ] WARN  FXGL.TextLevelParser - No producer found for character: 0
10:13:07.277 [FXGL Background Thread 1 ] WARN  FXGL.TextLevelParser - No producer found for character: 0
10:13:07.277 [FXGL Background Thread 1 ] WARN  FXGL.TextLevelParser - No producer found for character: 0
10:13:07.277 [FXGL Background Thread 1 ] WARN  FXGL.TextLevelParser - No producer found for character: 0
10:13:07.277 [FXGL Background Thread 1 ] WARN  FXGL.TextLevelParser - No producer found for character: 0
10:13:07.278 [FXGL Background Thread 1 ] WARN  FXGL.TextLevelParser - No producer found for character: 0
10:13:07.278 [FXGL Background Thread 1 ] WARN  FXGL.TextLevelParser - No producer found for character: 0
10:13:07.278 [FXGL Background Thread 1 ] WARN  FXGL.TextLevelParser - No producer found for character: 0
10:13:07.278 [FXGL Background Thread 1 ] WARN  FXGL.TextLevelParser - No producer found for character: 0
10:13:07.278 [FXGL Background Thread 1 ] WARN  FXGL.TextLevelParser - No producer found for character: 0
10:13:07.278 [FXGL Background Thread 1 ] WARN  FXGL.TextLevelParser - No producer found for character: 0
10:13:07.278 [FXGL Background Thread 1 ] WARN  FXGL.TextLevelParser - No producer found for character: 0
10:13:07.279 [FXGL Background Thread 1 ] WARN  FXGL.TextLevelParser - No producer found for character: 0
10:13:07.279 [FXGL Background Thread 1 ] WARN  FXGL.TextLevelParser - No producer found for character: 0
10:13:07.279 [FXGL Background Thread 1 ] WARN  FXGL.TextLevelParser - No producer found for character: 0
10:13:07.279 [FXGL Background Thread 1 ] WARN  FXGL.TextLevelParser - No producer found for character: 0
10:13:07.279 [FXGL Background Thread 1 ] WARN  FXGL.TextLevelParser - No producer found for character: 0
10:13:07.279 [FXGL Background Thread 1 ] WARN  FXGL.TextLevelParser - No producer found for character: 0
10:13:07.279 [FXGL Background Thread 1 ] WARN  FXGL.TextLevelParser - No producer found for character: 0
10:13:07.279 [FXGL Background Thread 1 ] WARN  FXGL.TextLevelParser - No producer found for character: 0
10:13:07.280 [FXGL Background Thread 1 ] WARN  FXGL.TextLevelParser - No producer found for character: 0
10:13:07.280 [FXGL Background Thread 1 ] WARN  FXGL.TextLevelParser - No producer found for character: 0
10:13:07.280 [FXGL Background Thread 1 ] WARN  FXGL.TextLevelParser - No producer found for character: 0
10:13:07.280 [FXGL Background Thread 1 ] WARN  FXGL.TextLevelParser - No producer found for character: 0
10:13:07.280 [FXGL Background Thread 1 ] WARN  FXGL.TextLevelParser - No producer found for character: 0
10:13:07.280 [FXGL Background Thread 1 ] WARN  FXGL.TextLevelParser - No producer found for character: 0
10:13:07.280 [FXGL Background Thread 1 ] WARN  FXGL.TextLevelParser - No producer found for character: 0
10:13:07.280 [FXGL Background Thread 1 ] WARN  FXGL.TextLevelParser - No producer found for character: 0
10:13:07.281 [FXGL Background Thread 1 ] WARN  FXGL.TextLevelParser - No producer found for character: 0
10:13:07.281 [FXGL Background Thread 1 ] WARN  FXGL.TextLevelParser - No producer found for character: 0
10:13:07.281 [FXGL Background Thread 1 ] WARN  FXGL.TextLevelParser - No producer found for character: 0
10:13:07.281 [FXGL Background Thread 1 ] WARN  FXGL.TextLevelParser - No producer found for character: 0
10:13:07.281 [FXGL Background Thread 1 ] WARN  FXGL.TextLevelParser - No producer found for character: 0
10:13:07.281 [FXGL Background Thread 1 ] WARN  FXGL.TextLevelParser - No producer found for character: 0
10:13:07.281 [FXGL Background Thread 1 ] WARN  FXGL.TextLevelParser - No producer found for character: 0
10:13:07.281 [FXGL Background Thread 1 ] WARN  FXGL.TextLevelParser - No producer found for character: 0
10:13:07.282 [FXGL Background Thread 1 ] WARN  FXGL.TextLevelParser - No producer found for character: 0
10:13:07.282 [FXGL Background Thread 1 ] WARN  FXGL.TextLevelParser - No producer found for character: 0
10:13:07.291 [FXGL Background Thread 1 ] WARN  FXGL.TextLevelParser - No producer found for character: 0
10:13:07.291 [FXGL Background Thread 1 ] WARN  FXGL.TextLevelParser - No producer found for character: 0
10:13:07.291 [FXGL Background Thread 1 ] WARN  FXGL.TextLevelParser - No producer found for character: 0
10:13:07.291 [FXGL Background Thread 1 ] WARN  FXGL.TextLevelParser - No producer found for character: 0
10:13:07.292 [FXGL Background Thread 1 ] WARN  FXGL.TextLevelParser - No producer found for character: 0
10:13:07.292 [FXGL Background Thread 1 ] WARN  FXGL.TextLevelParser - No producer found for character: 0
10:13:07.292 [FXGL Background Thread 1 ] WARN  FXGL.TextLevelParser - No producer found for character: 0
10:13:07.292 [FXGL Background Thread 1 ] WARN  FXGL.TextLevelParser - No producer found for character: 0
10:13:07.292 [FXGL Background Thread 1 ] WARN  FXGL.TextLevelParser - No producer found for character: 0
10:13:07.292 [FXGL Background Thread 1 ] WARN  FXGL.TextLevelParser - No producer found for character: 0
10:13:07.292 [FXGL Background Thread 1 ] WARN  FXGL.TextLevelParser - No producer found for character: 0
10:13:07.292 [FXGL Background Thread 1 ] WARN  FXGL.TextLevelParser - No producer found for character: 0
10:13:07.292 [FXGL Background Thread 1 ] WARN  FXGL.TextLevelParser - No producer found for character: 0
10:13:07.293 [FXGL Background Thread 1 ] WARN  FXGL.TextLevelParser - No producer found for character: 0
10:13:07.293 [FXGL Background Thread 1 ] WARN  FXGL.TextLevelParser - No producer found for character: 0
10:13:07.293 [FXGL Background Thread 1 ] WARN  FXGL.TextLevelParser - No producer found for character: 0
10:13:07.293 [FXGL Background Thread 1 ] WARN  FXGL.TextLevelParser - No producer found for character: 0
10:13:07.293 [FXGL Background Thread 1 ] WARN  FXGL.TextLevelParser - No producer found for character: 0
10:13:07.293 [FXGL Background Thread 1 ] WARN  FXGL.TextLevelParser - No producer found for character: 0
10:13:07.293 [FXGL Background Thread 1 ] WARN  FXGL.TextLevelParser - No producer found for character: 0
10:13:07.293 [FXGL Background Thread 1 ] WARN  FXGL.TextLevelParser - No producer found for character: 0
10:13:07.293 [FXGL Background Thread 1 ] WARN  FXGL.TextLevelParser - No producer found for character: 0
10:13:07.293 [FXGL Background Thread 1 ] WARN  FXGL.TextLevelParser - No producer found for character: 0
10:13:07.294 [FXGL Background Thread 1 ] WARN  FXGL.TextLevelParser - No producer found for character: 0
10:13:07.294 [FXGL Background Thread 1 ] WARN  FXGL.TextLevelParser - No producer found for character: 0
10:13:07.294 [FXGL Background Thread 1 ] WARN  FXGL.TextLevelParser - No producer found for character: 0
10:13:07.294 [FXGL Background Thread 1 ] WARN  FXGL.TextLevelParser - No producer found for character: 0
10:13:07.294 [FXGL Background Thread 1 ] WARN  FXGL.TextLevelParser - No producer found for character: 0
10:13:07.294 [FXGL Background Thread 1 ] WARN  FXGL.TextLevelParser - No producer found for character: 0
10:13:07.294 [FXGL Background Thread 1 ] WARN  FXGL.TextLevelParser - No producer found for character: 0
10:13:07.294 [FXGL Background Thread 1 ] WARN  FXGL.TextLevelParser - No producer found for character: 0
10:13:07.294 [FXGL Background Thread 1 ] WARN  FXGL.TextLevelParser - No producer found for character: 0
10:13:07.294 [FXGL Background Thread 1 ] WARN  FXGL.TextLevelParser - No producer found for character: 0
10:13:07.295 [FXGL Background Thread 1 ] WARN  FXGL.TextLevelParser - No producer found for character: 0
10:13:07.295 [FXGL Background Thread 1 ] WARN  FXGL.TextLevelParser - No producer found for character: 0
10:13:07.295 [FXGL Background Thread 1 ] WARN  FXGL.TextLevelParser - No producer found for character: 0
10:13:07.295 [FXGL Background Thread 1 ] WARN  FXGL.TextLevelParser - No producer found for character: 0
10:13:07.295 [FXGL Background Thread 1 ] WARN  FXGL.TextLevelParser - No producer found for character: 0
10:13:07.295 [FXGL Background Thread 1 ] WARN  FXGL.TextLevelParser - No producer found for character: 0
10:13:07.295 [FXGL Background Thread 1 ] WARN  FXGL.TextLevelParser - No producer found for character: 0
10:13:07.295 [FXGL Background Thread 1 ] WARN  FXGL.TextLevelParser - No producer found for character: 0
10:13:07.295 [FXGL Background Thread 1 ] WARN  FXGL.TextLevelParser - No producer found for character: 0
10:13:07.295 [FXGL Background Thread 1 ] WARN  FXGL.TextLevelParser - No producer found for character: 0
10:13:07.296 [FXGL Background Thread 1 ] WARN  FXGL.TextLevelParser - No producer found for character: 0
10:13:07.296 [FXGL Background Thread 1 ] WARN  FXGL.TextLevelParser - No producer found for character: 0
10:13:07.296 [FXGL Background Thread 1 ] WARN  FXGL.TextLevelParser - No producer found for character: 0
10:13:07.296 [FXGL Background Thread 1 ] WARN  FXGL.TextLevelParser - No producer found for character: 0
10:13:07.296 [FXGL Background Thread 1 ] WARN  FXGL.TextLevelParser - No producer found for character: 0
10:13:07.296 [FXGL Background Thread 1 ] WARN  FXGL.TextLevelParser - No producer found for character: 0
10:13:07.296 [FXGL Background Thread 1 ] WARN  FXGL.TextLevelParser - No producer found for character: 0
10:13:07.296 [FXGL Background Thread 1 ] WARN  FXGL.TextLevelParser - No producer found for character: 0
10:13:07.296 [FXGL Background Thread 1 ] WARN  FXGL.TextLevelParser - No producer found for character: 0
10:13:07.297 [FXGL Background Thread 1 ] WARN  FXGL.TextLevelParser - No producer found for character: 0
10:13:07.297 [FXGL Background Thread 1 ] WARN  FXGL.TextLevelParser - No producer found for character: 0
10:13:07.297 [FXGL Background Thread 1 ] WARN  FXGL.TextLevelParser - No producer found for character: 0
10:13:07.297 [FXGL Background Thread 1 ] WARN  FXGL.TextLevelParser - No producer found for character: 0
10:13:07.297 [FXGL Background Thread 1 ] WARN  FXGL.TextLevelParser - No producer found for character: 0
10:13:07.297 [FXGL Background Thread 1 ] WARN  FXGL.TextLevelParser - No producer found for character: 0
10:13:07.297 [FXGL Background Thread 1 ] WARN  FXGL.TextLevelParser - No producer found for character: 0
10:13:07.297 [FXGL Background Thread 1 ] WARN  FXGL.TextLevelParser - No producer found for character: 0
10:13:07.297 [FXGL Background Thread 1 ] WARN  FXGL.TextLevelParser - No producer found for character: 0
10:13:07.297 [FXGL Background Thread 1 ] WARN  FXGL.TextLevelParser - No producer found for character: 0
10:13:07.298 [FXGL Background Thread 1 ] WARN  FXGL.TextLevelParser - No producer found for character: 0
10:13:07.298 [FXGL Background Thread 1 ] WARN  FXGL.TextLevelParser - No producer found for character: 0
10:13:07.298 [FXGL Background Thread 1 ] WARN  FXGL.TextLevelParser - No producer found for character: 0
10:13:07.298 [FXGL Background Thread 1 ] WARN  FXGL.TextLevelParser - No producer found for character: 0
10:13:07.298 [FXGL Background Thread 1 ] WARN  FXGL.TextLevelParser - No producer found for character: 0
10:13:07.298 [FXGL Background Thread 1 ] WARN  FXGL.TextLevelParser - No producer found for character: 0
10:13:07.299 [FXGL Background Thread 1 ] WARN  FXGL.TextLevelParser - No producer found for character: 0
10:13:07.299 [FXGL Background Thread 1 ] WARN  FXGL.TextLevelParser - No producer found for character: 0
10:13:07.299 [FXGL Background Thread 1 ] WARN  FXGL.TextLevelParser - No producer found for character: 0
10:13:07.299 [FXGL Background Thread 1 ] WARN  FXGL.TextLevelParser - No producer found for character: 0
10:13:07.299 [FXGL Background Thread 1 ] WARN  FXGL.TextLevelParser - No producer found for character: 0
10:13:07.299 [FXGL Background Thread 1 ] WARN  FXGL.TextLevelParser - No producer found for character: 0
10:13:07.299 [FXGL Background Thread 1 ] WARN  FXGL.TextLevelParser - No producer found for character: 0
10:13:07.299 [FXGL Background Thread 1 ] WARN  FXGL.TextLevelParser - No producer found for character: 0
10:13:07.300 [FXGL Background Thread 1 ] WARN  FXGL.TextLevelParser - No producer found for character: 0
10:13:07.300 [FXGL Background Thread 1 ] WARN  FXGL.TextLevelParser - No producer found for character: 0
10:13:07.300 [FXGL Background Thread 1 ] WARN  FXGL.TextLevelParser - No producer found for character: 0
10:13:07.300 [FXGL Background Thread 1 ] WARN  FXGL.TextLevelParser - No producer found for character: 0
10:13:07.300 [FXGL Background Thread 1 ] WARN  FXGL.TextLevelParser - No producer found for character: 0
10:13:07.300 [FXGL Background Thread 1 ] WARN  FXGL.TextLevelParser - No producer found for character: 0
10:13:07.300 [FXGL Background Thread 1 ] WARN  FXGL.TextLevelParser - No producer found for character: 0
10:13:07.300 [FXGL Background Thread 1 ] WARN  FXGL.TextLevelParser - No producer found for character: 0
10:13:07.301 [FXGL Background Thread 1 ] WARN  FXGL.TextLevelParser - No producer found for character: 0
10:13:07.301 [FXGL Background Thread 1 ] WARN  FXGL.TextLevelParser - No producer found for character: 0
10:13:07.301 [FXGL Background Thread 1 ] WARN  FXGL.TextLevelParser - No producer found for character: 0
10:13:07.301 [FXGL Background Thread 1 ] WARN  FXGL.TextLevelParser - No producer found for character: 0
10:13:07.302 [FXGL Background Thread 1 ] WARN  FXGL.TextLevelParser - No producer found for character: 0
10:13:07.302 [FXGL Background Thread 1 ] WARN  FXGL.TextLevelParser - No producer found for character: 0
10:13:07.302 [FXGL Background Thread 1 ] WARN  FXGL.TextLevelParser - No producer found for character: 0
10:13:07.302 [FXGL Background Thread 1 ] WARN  FXGL.TextLevelParser - No producer found for character: 0
10:13:07.302 [FXGL Background Thread 1 ] WARN  FXGL.TextLevelParser - No producer found for character: 0
10:13:07.303 [FXGL Background Thread 1 ] WARN  FXGL.TextLevelParser - No producer found for character: 0
10:13:07.303 [FXGL Background Thread 1 ] WARN  FXGL.TextLevelParser - No producer found for character: 0
10:13:07.303 [FXGL Background Thread 1 ] WARN  FXGL.TextLevelParser - No producer found for character: 0
10:13:07.303 [FXGL Background Thread 1 ] WARN  FXGL.TextLevelParser - No producer found for character: 0
10:13:07.303 [FXGL Background Thread 1 ] WARN  FXGL.TextLevelParser - No producer found for character: 0
10:13:07.303 [FXGL Background Thread 1 ] WARN  FXGL.TextLevelParser - No producer found for character: 0
10:13:07.304 [FXGL Background Thread 1 ] WARN  FXGL.TextLevelParser - No producer found for character: 0
10:13:07.304 [FXGL Background Thread 1 ] WARN  FXGL.TextLevelParser - No producer found for character: 0
10:13:07.304 [FXGL Background Thread 1 ] WARN  FXGL.TextLevelParser - No producer found for character: 0
10:13:07.304 [FXGL Background Thread 1 ] WARN  FXGL.TextLevelParser - No producer found for character: 0
10:13:07.304 [FXGL Background Thread 1 ] WARN  FXGL.TextLevelParser - No producer found for character: 0
10:13:07.305 [FXGL Background Thread 1 ] WARN  FXGL.TextLevelParser - No producer found for character: 0
10:13:07.305 [FXGL Background Thread 1 ] WARN  FXGL.TextLevelParser - No producer found for character: 0
10:13:07.305 [FXGL Background Thread 1 ] WARN  FXGL.TextLevelParser - No producer found for character: 0
10:13:07.306 [FXGL Background Thread 1 ] WARN  FXGL.TextLevelParser - No producer found for character: 0
10:13:07.306 [FXGL Background Thread 1 ] WARN  FXGL.TextLevelParser - No producer found for character: 0
10:13:07.306 [FXGL Background Thread 1 ] WARN  FXGL.TextLevelParser - No producer found for character: 0
10:13:07.306 [FXGL Background Thread 1 ] WARN  FXGL.TextLevelParser - No producer found for character: 0
10:13:07.306 [FXGL Background Thread 1 ] WARN  FXGL.TextLevelParser - No producer found for character: 0
10:13:07.306 [FXGL Background Thread 1 ] WARN  FXGL.TextLevelParser - No producer found for character: 0
10:13:07.306 [FXGL Background Thread 1 ] WARN  FXGL.TextLevelParser - No producer found for character: 0
10:13:07.306 [FXGL Background Thread 1 ] WARN  FXGL.TextLevelParser - No producer found for character: 0
10:13:07.306 [FXGL Background Thread 1 ] WARN  FXGL.TextLevelParser - No producer found for character: 0
10:13:07.307 [FXGL Background Thread 1 ] WARN  FXGL.TextLevelParser - No producer found for character: 0
10:13:07.307 [FXGL Background Thread 1 ] WARN  FXGL.TextLevelParser - No producer found for character: 0
10:13:07.307 [FXGL Background Thread 1 ] WARN  FXGL.TextLevelParser - No producer found for character: 0
10:13:07.307 [FXGL Background Thread 1 ] WARN  FXGL.TextLevelParser - No producer found for character: 0
10:13:07.307 [FXGL Background Thread 1 ] WARN  FXGL.TextLevelParser - No producer found for character: 0
10:13:07.307 [FXGL Background Thread 1 ] WARN  FXGL.TextLevelParser - No producer found for character: 0
10:13:07.307 [FXGL Background Thread 1 ] WARN  FXGL.TextLevelParser - No producer found for character: 0
10:13:07.307 [FXGL Background Thread 1 ] WARN  FXGL.TextLevelParser - No producer found for character: 0
10:13:07.307 [FXGL Background Thread 1 ] WARN  FXGL.TextLevelParser - No producer found for character: 0
10:13:07.308 [FXGL Background Thread 1 ] WARN  FXGL.TextLevelParser - No producer found for character: 0
10:13:07.308 [FXGL Background Thread 1 ] WARN  FXGL.TextLevelParser - No producer found for character: 0
10:13:07.308 [FXGL Background Thread 1 ] WARN  FXGL.TextLevelParser - No producer found for character: 0
10:13:07.308 [FXGL Background Thread 1 ] WARN  FXGL.TextLevelParser - No producer found for character: 0
10:13:07.308 [FXGL Background Thread 1 ] WARN  FXGL.TextLevelParser - No producer found for character: 0
10:13:07.308 [FXGL Background Thread 1 ] WARN  FXGL.TextLevelParser - No producer found for character: 0
10:13:07.308 [FXGL Background Thread 1 ] WARN  FXGL.TextLevelParser - No producer found for character: 0
10:13:07.308 [FXGL Background Thread 1 ] WARN  FXGL.TextLevelParser - No producer found for character: 0
10:13:07.308 [FXGL Background Thread 1 ] WARN  FXGL.TextLevelParser - No producer found for character: 0
10:13:07.309 [FXGL Background Thread 1 ] WARN  FXGL.TextLevelParser - No producer found for character: 0
10:13:07.309 [FXGL Background Thread 1 ] WARN  FXGL.TextLevelParser - No producer found for character: 0
10:13:07.309 [FXGL Background Thread 1 ] WARN  FXGL.TextLevelParser - No producer found for character: 0
10:13:07.309 [FXGL Background Thread 1 ] WARN  FXGL.TextLevelParser - No producer found for character: 0
10:13:07.309 [FXGL Background Thread 1 ] WARN  FXGL.TextLevelParser - No producer found for character: 0
10:13:07.309 [FXGL Background Thread 1 ] WARN  FXGL.TextLevelParser - No producer found for character: 0
10:13:07.309 [FXGL Background Thread 1 ] WARN  FXGL.TextLevelParser - No producer found for character: 0
10:13:07.309 [FXGL Background Thread 1 ] WARN  FXGL.TextLevelParser - No producer found for character: 0
10:13:07.310 [FXGL Background Thread 1 ] WARN  FXGL.TextLevelParser - No producer found for character: 0
10:13:07.310 [FXGL Background Thread 1 ] WARN  FXGL.TextLevelParser - No producer found for character: 0
10:13:07.310 [FXGL Background Thread 1 ] WARN  FXGL.TextLevelParser - No producer found for character: 0
10:13:07.310 [FXGL Background Thread 1 ] WARN  FXGL.TextLevelParser - No producer found for character: 0
10:13:07.310 [FXGL Background Thread 1 ] WARN  FXGL.TextLevelParser - No producer found for character: 0
10:13:07.310 [FXGL Background Thread 1 ] WARN  FXGL.TextLevelParser - No producer found for character: 0
10:13:07.310 [FXGL Background Thread 1 ] WARN  FXGL.TextLevelParser - No producer found for character: 0
10:13:07.310 [FXGL Background Thread 1 ] WARN  FXGL.TextLevelParser - No producer found for character: 0
10:13:07.310 [FXGL Background Thread 1 ] WARN  FXGL.TextLevelParser - No producer found for character: 0
10:13:07.310 [FXGL Background Thread 1 ] WARN  FXGL.TextLevelParser - No producer found for character: 0
10:13:07.311 [FXGL Background Thread 1 ] WARN  FXGL.TextLevelParser - No producer found for character: 0
10:13:07.311 [FXGL Background Thread 1 ] WARN  FXGL.TextLevelParser - No producer found for character: 0
10:13:07.311 [FXGL Background Thread 1 ] WARN  FXGL.TextLevelParser - No producer found for character: 0
10:13:07.311 [FXGL Background Thread 1 ] WARN  FXGL.TextLevelParser - No producer found for character: 0
10:13:07.312 [FXGL Background Thread 1 ] WARN  FXGL.TextLevelParser - No producer found for character: 0
10:13:07.312 [FXGL Background Thread 1 ] WARN  FXGL.TextLevelParser - No producer found for character: 0
10:13:07.312 [FXGL Background Thread 1 ] WARN  FXGL.TextLevelParser - No producer found for character: 0
10:13:07.312 [FXGL Background Thread 1 ] WARN  FXGL.TextLevelParser - No producer found for character: 0
10:13:07.312 [FXGL Background Thread 1 ] WARN  FXGL.TextLevelParser - No producer found for character: 0
10:13:07.312 [FXGL Background Thread 1 ] WARN  FXGL.TextLevelParser - No producer found for character: 0
10:13:07.312 [FXGL Background Thread 1 ] WARN  FXGL.TextLevelParser - No producer found for character: 0
10:13:07.312 [FXGL Background Thread 1 ] WARN  FXGL.TextLevelParser - No producer found for character: 0
10:13:07.312 [FXGL Background Thread 1 ] WARN  FXGL.TextLevelParser - No producer found for character: 0
10:13:07.312 [FXGL Background Thread 1 ] WARN  FXGL.TextLevelParser - No producer found for character: 0
10:13:07.313 [FXGL Background Thread 1 ] WARN  FXGL.TextLevelParser - No producer found for character: 0
10:13:07.313 [FXGL Background Thread 1 ] WARN  FXGL.TextLevelParser - No producer found for character: 0
10:13:07.313 [FXGL Background Thread 1 ] WARN  FXGL.TextLevelParser - No producer found for character: 0
10:13:07.313 [FXGL Background Thread 1 ] WARN  FXGL.TextLevelParser - No producer found for character: 0
10:13:07.313 [FXGL Background Thread 1 ] WARN  FXGL.TextLevelParser - No producer found for character: 0
10:13:07.313 [FXGL Background Thread 1 ] WARN  FXGL.TextLevelParser - No producer found for character: 0
10:13:07.313 [FXGL Background Thread 1 ] WARN  FXGL.TextLevelParser - No producer found for character: 0
10:13:07.313 [FXGL Background Thread 1 ] WARN  FXGL.TextLevelParser - No producer found for character: 0
10:13:07.313 [FXGL Background Thread 1 ] WARN  FXGL.TextLevelParser - No producer found for character: 0
10:13:07.314 [FXGL Background Thread 1 ] WARN  FXGL.TextLevelParser - No producer found for character: 0
10:13:07.314 [FXGL Background Thread 1 ] WARN  FXGL.TextLevelParser - No producer found for character: 0
10:13:07.314 [FXGL Background Thread 1 ] DEBUG AssetLoader          - Loading from disk: /assets/textures/bar.png
10:13:07.316 [FXGL Background Thread 1 ] WARN  FXGL.TextLevelParser - No producer found for character: 0
10:13:07.316 [FXGL Background Thread 1 ] WARN  FXGL.TextLevelParser - No producer found for character: 0
10:13:07.316 [FXGL Background Thread 1 ] WARN  FXGL.TextLevelParser - No producer found for character: 0
10:13:07.316 [FXGL Background Thread 1 ] WARN  FXGL.TextLevelParser - No producer found for character: 0
10:13:07.317 [FXGL Background Thread 1 ] WARN  FXGL.TextLevelParser - No producer found for character: 0
10:13:07.317 [FXGL Background Thread 1 ] WARN  FXGL.TextLevelParser - No producer found for character: 0
10:13:07.317 [FXGL Background Thread 1 ] WARN  FXGL.TextLevelParser - No producer found for character: 0
10:13:07.317 [FXGL Background Thread 1 ] WARN  FXGL.TextLevelParser - No producer found for character: 0
10:13:07.317 [FXGL Background Thread 1 ] WARN  FXGL.TextLevelParser - No producer found for character: 0
10:13:07.317 [FXGL Background Thread 1 ] WARN  FXGL.TextLevelParser - No producer found for character: 0
10:13:07.317 [FXGL Background Thread 1 ] WARN  FXGL.TextLevelParser - No producer found for character: 0
10:13:07.317 [FXGL Background Thread 1 ] WARN  FXGL.TextLevelParser - No producer found for character: 0
10:13:07.317 [FXGL Background Thread 1 ] WARN  FXGL.TextLevelParser - No producer found for character: 0
10:13:07.317 [FXGL Background Thread 1 ] WARN  FXGL.TextLevelParser - No producer found for character: 0
10:13:07.318 [FXGL Background Thread 1 ] WARN  FXGL.TextLevelParser - No producer found for character: 0
10:13:07.318 [FXGL Background Thread 1 ] WARN  FXGL.TextLevelParser - No producer found for character: 0
10:13:07.318 [FXGL Background Thread 1 ] WARN  FXGL.TextLevelParser - No producer found for character: 0
10:13:07.318 [FXGL Background Thread 1 ] WARN  FXGL.TextLevelParser - No producer found for character: 0
10:13:07.318 [FXGL Background Thread 1 ] WARN  FXGL.TextLevelParser - No producer found for character: 0
10:13:07.318 [FXGL Background Thread 1 ] WARN  FXGL.TextLevelParser - No producer found for character: 0
10:13:07.318 [FXGL Background Thread 1 ] WARN  FXGL.TextLevelParser - No producer found for character: 0
10:13:07.318 [FXGL Background Thread 1 ] WARN  FXGL.TextLevelParser - No producer found for character: 0
10:13:07.318 [FXGL Background Thread 1 ] WARN  FXGL.TextLevelParser - No producer found for character: 0
10:13:07.318 [FXGL Background Thread 1 ] WARN  FXGL.TextLevelParser - No producer found for character: 0
10:13:07.318 [FXGL Background Thread 1 ] WARN  FXGL.TextLevelParser - No producer found for character: 0
10:13:07.319 [FXGL Background Thread 1 ] WARN  FXGL.TextLevelParser - No producer found for character: 0
10:13:07.320 [FXGL Background Thread 1 ] DEBUG AssetLoader          - Loading from disk: /assets/textures/fire.png
10:13:07.327 [FXGL Background Thread 1 ] WARN  FXGL.TextLevelParser - No producer found for character: 0
10:13:07.328 [FXGL Background Thread 1 ] DEBUG AssetLoader          - Loading from cache: /assets/textures/fire.png@100.0x80.0
10:13:07.329 [FXGL Background Thread 1 ] WARN  FXGL.TextLevelParser - No producer found for character: 0
10:13:07.329 [FXGL Background Thread 1 ] DEBUG AssetLoader          - Loading from cache: /assets/textures/fire.png@100.0x80.0
10:13:07.330 [FXGL Background Thread 1 ] WARN  FXGL.TextLevelParser - No producer found for character: 0
10:13:07.331 [FXGL Background Thread 1 ] DEBUG AssetLoader          - Loading from cache: /assets/textures/fire.png@100.0x80.0
10:13:07.331 [FXGL Background Thread 1 ] WARN  FXGL.TextLevelParser - No producer found for character: 0
10:13:07.332 [FXGL Background Thread 1 ] DEBUG AssetLoader          - Loading from cache: /assets/textures/fire.png@100.0x80.0
10:13:07.333 [FXGL Background Thread 1 ] WARN  FXGL.TextLevelParser - No producer found for character: 0
10:13:07.333 [FXGL Background Thread 1 ] DEBUG AssetLoader          - Loading from cache: /assets/textures/fire.png@100.0x80.0
10:13:07.334 [FXGL Background Thread 1 ] WARN  FXGL.TextLevelParser - No producer found for character: 0
10:13:07.334 [FXGL Background Thread 1 ] DEBUG AssetLoader          - Loading from cache: /assets/textures/fire.png@100.0x80.0
10:13:07.335 [FXGL Background Thread 1 ] WARN  FXGL.TextLevelParser - No producer found for character: 0
10:13:07.336 [FXGL Background Thread 1 ] DEBUG AssetLoader          - Loading from cache: /assets/textures/fire.png@100.0x80.0
10:13:07.337 [FXGL Background Thread 1 ] WARN  FXGL.TextLevelParser - No producer found for character: 0
10:13:07.338 [FXGL Background Thread 1 ] DEBUG AssetLoader          - Loading from cache: /assets/textures/fire.png@100.0x80.0
10:13:07.339 [FXGL Background Thread 1 ] WARN  FXGL.TextLevelParser - No producer found for character: 0
10:13:07.340 [FXGL Background Thread 1 ] DEBUG GameWorld            - Clearing removable entities
10:13:07.340 [FXGL Background Thread 1 ] DEBUG GameWorld            - Setting level: com.almasb.fxgl.entity.Level@abdcd54
10:13:07.374 [FXGL Background Thread 1 ] DEBUG GameScene            - Creating render group for layer: DEFAULT(100000)
10:13:07.387 [FXGL Background Thread 1 ] DEBUG GameScene            - Creating render group for layer: BACKGROUND(1000)
10:13:07.389 [FXGL Background Thread 1 ] DEBUG InitAppTask          - Initializing Physics
10:13:07.389 [FXGL Background Thread 1 ] DEBUG InitAppTask          - Initializing UI
10:13:07.390 [FXGL Background Thread 1 ] DEBUG InitAppTask          - Initialization Complete
10:13:07.391 [FXGL Background Thread 1 ] INFO  InitAppTask          - Game initialization took: 0,217 sec
10:13:07.395 [JavaFX Application Thread] DEBUG Input                - Clearing active input actions
10:13:07.406 [JavaFX Application Thread] DEBUG AppStateMachine      - LoadingState -> PlayState
10:13:29.729 [JavaFX Application Thread] DEBUG AssetLoader          - Loading from disk: /assets/text/levels/level2.txt
10:13:29.733 [JavaFX Application Thread] WARN  FXGL.TextLevelParser - No producer found for character: 0
10:13:29.734 [JavaFX Application Thread] WARN  FXGL.TextLevelParser - No producer found for character: 0
10:13:29.734 [JavaFX Application Thread] WARN  FXGL.TextLevelParser - No producer found for character: 0
10:13:29.734 [JavaFX Application Thread] WARN  FXGL.TextLevelParser - No producer found for character: 0
10:13:29.734 [JavaFX Application Thread] WARN  FXGL.TextLevelParser - No producer found for character: 0
10:13:29.735 [JavaFX Application Thread] WARN  FXGL.TextLevelParser - No producer found for character: 0
10:13:29.735 [JavaFX Application Thread] WARN  FXGL.TextLevelParser - No producer found for character: 0
10:13:29.735 [JavaFX Application Thread] WARN  FXGL.TextLevelParser - No producer found for character: 0
10:13:29.735 [JavaFX Application Thread] WARN  FXGL.TextLevelParser - No producer found for character: 0
10:13:29.736 [JavaFX Application Thread] WARN  FXGL.TextLevelParser - No producer found for character: 0
10:13:29.736 [JavaFX Application Thread] WARN  FXGL.TextLevelParser - No producer found for character: 0
10:13:29.736 [JavaFX Application Thread] WARN  FXGL.TextLevelParser - No producer found for character: 0
10:13:29.736 [JavaFX Application Thread] WARN  FXGL.TextLevelParser - No producer found for character: 0
10:13:29.736 [JavaFX Application Thread] WARN  FXGL.TextLevelParser - No producer found for character: 0
10:13:29.737 [JavaFX Application Thread] WARN  FXGL.TextLevelParser - No producer found for character: 0
10:13:29.737 [JavaFX Application Thread] WARN  FXGL.TextLevelParser - No producer found for character: 0
10:13:29.737 [JavaFX Application Thread] WARN  FXGL.TextLevelParser - No producer found for character: 0
10:13:29.737 [JavaFX Application Thread] WARN  FXGL.TextLevelParser - No producer found for character: 0
10:13:29.739 [JavaFX Application Thread] DEBUG AssetLoader          - Loading from cache: /assets/textures/brick1.png@50.0x24.0
10:13:29.743 [JavaFX Application Thread] DEBUG AssetLoader          - Loading from cache: /assets/textures/brick1.png@50.0x24.0
10:13:29.746 [JavaFX Application Thread] DEBUG AssetLoader          - Loading from cache: /assets/textures/brick1.png@50.0x24.0
10:13:29.750 [JavaFX Application Thread] DEBUG AssetLoader          - Loading from cache: /assets/textures/brick1.png@50.0x24.0
10:13:29.753 [JavaFX Application Thread] DEBUG AssetLoader          - Loading from cache: /assets/textures/brick1.png@50.0x24.0
10:13:29.755 [JavaFX Application Thread] DEBUG AssetLoader          - Loading from cache: /assets/textures/brick1.png@50.0x24.0
10:13:29.757 [JavaFX Application Thread] DEBUG AssetLoader          - Loading from cache: /assets/textures/brick1.png@50.0x24.0
10:13:29.760 [JavaFX Application Thread] DEBUG AssetLoader          - Loading from cache: /assets/textures/brick1.png@50.0x24.0
10:13:29.762 [JavaFX Application Thread] DEBUG AssetLoader          - Loading from cache: /assets/textures/brick1.png@50.0x24.0
10:13:29.764 [JavaFX Application Thread] DEBUG AssetLoader          - Loading from cache: /assets/textures/brick1.png@50.0x24.0
10:13:29.766 [JavaFX Application Thread] DEBUG AssetLoader          - Loading from cache: /assets/textures/brick1.png@50.0x24.0
10:13:29.767 [JavaFX Application Thread] DEBUG AssetLoader          - Loading from cache: /assets/textures/brick1.png@50.0x24.0
10:13:29.770 [JavaFX Application Thread] DEBUG AssetLoader          - Loading from cache: /assets/textures/brick1.png@50.0x24.0
10:13:29.772 [JavaFX Application Thread] DEBUG AssetLoader          - Loading from cache: /assets/textures/brick1.png@50.0x24.0
10:13:29.774 [JavaFX Application Thread] DEBUG AssetLoader          - Loading from cache: /assets/textures/brick1.png@50.0x24.0
10:13:29.777 [JavaFX Application Thread] DEBUG AssetLoader          - Loading from cache: /assets/textures/brick1.png@50.0x24.0
10:13:29.778 [JavaFX Application Thread] DEBUG AssetLoader          - Loading from cache: /assets/textures/brick1.png@50.0x24.0
10:13:29.780 [JavaFX Application Thread] DEBUG AssetLoader          - Loading from cache: /assets/textures/brick1.png@50.0x24.0
10:13:29.782 [JavaFX Application Thread] DEBUG AssetLoader          - Loading from cache: /assets/textures/brick1.png@50.0x24.0
10:13:29.783 [JavaFX Application Thread] DEBUG AssetLoader          - Loading from cache: /assets/textures/brick1.png@50.0x24.0
10:13:29.785 [JavaFX Application Thread] DEBUG AssetLoader          - Loading from cache: /assets/textures/brick1.png@50.0x24.0
10:13:29.786 [JavaFX Application Thread] DEBUG AssetLoader          - Loading from cache: /assets/textures/brick1.png@50.0x24.0
10:13:29.788 [JavaFX Application Thread] DEBUG AssetLoader          - Loading from cache: /assets/textures/brick1.png@50.0x24.0
10:13:29.790 [JavaFX Application Thread] DEBUG AssetLoader          - Loading from cache: /assets/textures/brick1.png@50.0x24.0
10:13:29.791 [JavaFX Application Thread] DEBUG AssetLoader          - Loading from cache: /assets/textures/brick1.png@50.0x24.0
10:13:29.793 [JavaFX Application Thread] DEBUG AssetLoader          - Loading from cache: /assets/textures/brick1.png@50.0x24.0
10:13:29.795 [JavaFX Application Thread] DEBUG AssetLoader          - Loading from cache: /assets/textures/brick1.png@50.0x24.0
10:13:29.796 [JavaFX Application Thread] DEBUG AssetLoader          - Loading from cache: /assets/textures/brick1.png@50.0x24.0
10:13:29.798 [JavaFX Application Thread] DEBUG AssetLoader          - Loading from cache: /assets/textures/brick1.png@50.0x24.0
10:13:29.800 [JavaFX Application Thread] DEBUG AssetLoader          - Loading from cache: /assets/textures/brick1.png@50.0x24.0
10:13:29.801 [JavaFX Application Thread] DEBUG AssetLoader          - Loading from cache: /assets/textures/brick1.png@50.0x24.0
10:13:29.803 [JavaFX Application Thread] DEBUG AssetLoader          - Loading from cache: /assets/textures/brick1.png@50.0x24.0
10:13:29.805 [JavaFX Application Thread] DEBUG AssetLoader          - Loading from cache: /assets/textures/brick1.png@50.0x24.0
10:13:29.808 [JavaFX Application Thread] DEBUG AssetLoader          - Loading from cache: /assets/textures/brick1.png@50.0x24.0
10:13:29.810 [JavaFX Application Thread] DEBUG AssetLoader          - Loading from cache: /assets/textures/brick1.png@50.0x24.0
10:13:29.811 [JavaFX Application Thread] DEBUG AssetLoader          - Loading from cache: /assets/textures/brick1.png@50.0x24.0
10:13:29.812 [JavaFX Application Thread] WARN  FXGL.TextLevelParser - No producer found for character: 0
10:13:29.812 [JavaFX Application Thread] WARN  FXGL.TextLevelParser - No producer found for character: 0
10:13:29.812 [JavaFX Application Thread] WARN  FXGL.TextLevelParser - No producer found for character: 0
10:13:29.812 [JavaFX Application Thread] WARN  FXGL.TextLevelParser - No producer found for character: 0
10:13:29.812 [JavaFX Application Thread] WARN  FXGL.TextLevelParser - No producer found for character: 0
10:13:29.812 [JavaFX Application Thread] WARN  FXGL.TextLevelParser - No producer found for character: 0
10:13:29.812 [JavaFX Application Thread] WARN  FXGL.TextLevelParser - No producer found for character: 0
10:13:29.812 [JavaFX Application Thread] WARN  FXGL.TextLevelParser - No producer found for character: 0
10:13:29.813 [JavaFX Application Thread] WARN  FXGL.TextLevelParser - No producer found for character: 0
10:13:29.813 [JavaFX Application Thread] WARN  FXGL.TextLevelParser - No producer found for character: 0
10:13:29.813 [JavaFX Application Thread] WARN  FXGL.TextLevelParser - No producer found for character: 0
10:13:29.813 [JavaFX Application Thread] WARN  FXGL.TextLevelParser - No producer found for character: 0
10:13:29.813 [JavaFX Application Thread] WARN  FXGL.TextLevelParser - No producer found for character: 0
10:13:29.813 [JavaFX Application Thread] WARN  FXGL.TextLevelParser - No producer found for character: 0
10:13:29.813 [JavaFX Application Thread] WARN  FXGL.TextLevelParser - No producer found for character: 0
10:13:29.813 [JavaFX Application Thread] WARN  FXGL.TextLevelParser - No producer found for character: 0
10:13:29.813 [JavaFX Application Thread] WARN  FXGL.TextLevelParser - No producer found for character: 0
10:13:29.814 [JavaFX Application Thread] WARN  FXGL.TextLevelParser - No producer found for character: 0
10:13:29.814 [JavaFX Application Thread] WARN  FXGL.TextLevelParser - No producer found for character: 0
10:13:29.814 [JavaFX Application Thread] WARN  FXGL.TextLevelParser - No producer found for character: 0
10:13:29.814 [JavaFX Application Thread] WARN  FXGL.TextLevelParser - No producer found for character: 0
10:13:29.814 [JavaFX Application Thread] WARN  FXGL.TextLevelParser - No producer found for character: 0
10:13:29.814 [JavaFX Application Thread] WARN  FXGL.TextLevelParser - No producer found for character: 0
10:13:29.814 [JavaFX Application Thread] WARN  FXGL.TextLevelParser - No producer found for character: 0
10:13:29.814 [JavaFX Application Thread] WARN  FXGL.TextLevelParser - No producer found for character: 0
10:13:29.814 [JavaFX Application Thread] WARN  FXGL.TextLevelParser - No producer found for character: 0
10:13:29.814 [JavaFX Application Thread] WARN  FXGL.TextLevelParser - No producer found for character: 0
10:13:29.814 [JavaFX Application Thread] WARN  FXGL.TextLevelParser - No producer found for character: 0
10:13:29.815 [JavaFX Application Thread] WARN  FXGL.TextLevelParser - No producer found for character: 0
10:13:29.815 [JavaFX Application Thread] WARN  FXGL.TextLevelParser - No producer found for character: 0
10:13:29.815 [JavaFX Application Thread] WARN  FXGL.TextLevelParser - No producer found for character: 0
10:13:29.815 [JavaFX Application Thread] WARN  FXGL.TextLevelParser - No producer found for character: 0
10:13:29.815 [JavaFX Application Thread] WARN  FXGL.TextLevelParser - No producer found for character: 0
10:13:29.815 [JavaFX Application Thread] WARN  FXGL.TextLevelParser - No producer found for character: 0
10:13:29.815 [JavaFX Application Thread] WARN  FXGL.TextLevelParser - No producer found for character: 0
10:13:29.816 [JavaFX Application Thread] WARN  FXGL.TextLevelParser - No producer found for character: 0
10:13:29.816 [JavaFX Application Thread] WARN  FXGL.TextLevelParser - No producer found for character: 0
10:13:29.816 [JavaFX Application Thread] WARN  FXGL.TextLevelParser - No producer found for character: 0
10:13:29.816 [JavaFX Application Thread] WARN  FXGL.TextLevelParser - No producer found for character: 0
10:13:29.817 [JavaFX Application Thread] WARN  FXGL.TextLevelParser - No producer found for character: 0
10:13:29.817 [JavaFX Application Thread] WARN  FXGL.TextLevelParser - No producer found for character: 0
10:13:29.817 [JavaFX Application Thread] WARN  FXGL.TextLevelParser - No producer found for character: 0
10:13:29.817 [JavaFX Application Thread] WARN  FXGL.TextLevelParser - No producer found for character: 0
10:13:29.818 [JavaFX Application Thread] WARN  FXGL.TextLevelParser - No producer found for character: 0
10:13:29.818 [JavaFX Application Thread] WARN  FXGL.TextLevelParser - No producer found for character: 0
10:13:29.818 [JavaFX Application Thread] WARN  FXGL.TextLevelParser - No producer found for character: 0
10:13:29.818 [JavaFX Application Thread] WARN  FXGL.TextLevelParser - No producer found for character: 0
10:13:29.818 [JavaFX Application Thread] WARN  FXGL.TextLevelParser - No producer found for character: 0
10:13:29.818 [JavaFX Application Thread] WARN  FXGL.TextLevelParser - No producer found for character: 0
10:13:29.819 [JavaFX Application Thread] WARN  FXGL.TextLevelParser - No producer found for character: 0
10:13:29.819 [JavaFX Application Thread] WARN  FXGL.TextLevelParser - No producer found for character: 0
10:13:29.819 [JavaFX Application Thread] WARN  FXGL.TextLevelParser - No producer found for character: 0
10:13:29.819 [JavaFX Application Thread] WARN  FXGL.TextLevelParser - No producer found for character: 0
10:13:29.819 [JavaFX Application Thread] WARN  FXGL.TextLevelParser - No producer found for character: 0
10:13:29.819 [JavaFX Application Thread] WARN  FXGL.TextLevelParser - No producer found for character: 0
10:13:29.820 [JavaFX Application Thread] WARN  FXGL.TextLevelParser - No producer found for character: 0
10:13:29.820 [JavaFX Application Thread] WARN  FXGL.TextLevelParser - No producer found for character: 0
10:13:29.820 [JavaFX Application Thread] WARN  FXGL.TextLevelParser - No producer found for character: 0
10:13:29.820 [JavaFX Application Thread] WARN  FXGL.TextLevelParser - No producer found for character: 0
10:13:29.820 [JavaFX Application Thread] WARN  FXGL.TextLevelParser - No producer found for character: 0
10:13:29.820 [JavaFX Application Thread] WARN  FXGL.TextLevelParser - No producer found for character: 0
10:13:29.820 [JavaFX Application Thread] WARN  FXGL.TextLevelParser - No producer found for character: 0
10:13:29.820 [JavaFX Application Thread] WARN  FXGL.TextLevelParser - No producer found for character: 0
10:13:29.820 [JavaFX Application Thread] WARN  FXGL.TextLevelParser - No producer found for character: 0
10:13:29.821 [JavaFX Application Thread] WARN  FXGL.TextLevelParser - No producer found for character: 0
10:13:29.822 [JavaFX Application Thread] WARN  FXGL.TextLevelParser - No producer found for character: 0
10:13:29.822 [JavaFX Application Thread] WARN  FXGL.TextLevelParser - No producer found for character: 0
10:13:29.822 [JavaFX Application Thread] WARN  FXGL.TextLevelParser - No producer found for character: 0
10:13:29.822 [JavaFX Application Thread] WARN  FXGL.TextLevelParser - No producer found for character: 0
10:13:29.822 [JavaFX Application Thread] WARN  FXGL.TextLevelParser - No producer found for character: 0
10:13:29.822 [JavaFX Application Thread] WARN  FXGL.TextLevelParser - No producer found for character: 0
10:13:29.823 [JavaFX Application Thread] WARN  FXGL.TextLevelParser - No producer found for character: 0
10:13:29.823 [JavaFX Application Thread] WARN  FXGL.TextLevelParser - No producer found for character: 0
10:13:29.823 [JavaFX Application Thread] WARN  FXGL.TextLevelParser - No producer found for character: 0
10:13:29.823 [JavaFX Application Thread] WARN  FXGL.TextLevelParser - No producer found for character: 0
10:13:29.823 [JavaFX Application Thread] WARN  FXGL.TextLevelParser - No producer found for character: 0
10:13:29.823 [JavaFX Application Thread] WARN  FXGL.TextLevelParser - No producer found for character: 0
10:13:29.823 [JavaFX Application Thread] WARN  FXGL.TextLevelParser - No producer found for character: 0
10:13:29.823 [JavaFX Application Thread] WARN  FXGL.TextLevelParser - No producer found for character: 0
10:13:29.823 [JavaFX Application Thread] WARN  FXGL.TextLevelParser - No producer found for character: 0
10:13:29.823 [JavaFX Application Thread] WARN  FXGL.TextLevelParser - No producer found for character: 0
10:13:29.824 [JavaFX Application Thread] WARN  FXGL.TextLevelParser - No producer found for character: 0
10:13:29.824 [JavaFX Application Thread] WARN  FXGL.TextLevelParser - No producer found for character: 0
10:13:29.824 [JavaFX Application Thread] WARN  FXGL.TextLevelParser - No producer found for character: 0
10:13:29.824 [JavaFX Application Thread] WARN  FXGL.TextLevelParser - No producer found for character: 0
10:13:29.824 [JavaFX Application Thread] WARN  FXGL.TextLevelParser - No producer found for character: 0
10:13:29.824 [JavaFX Application Thread] WARN  FXGL.TextLevelParser - No producer found for character: 0
10:13:29.824 [JavaFX Application Thread] WARN  FXGL.TextLevelParser - No producer found for character: 0
10:13:29.824 [JavaFX Application Thread] WARN  FXGL.TextLevelParser - No producer found for character: 0
10:13:29.824 [JavaFX Application Thread] WARN  FXGL.TextLevelParser - No producer found for character: 0
10:13:29.824 [JavaFX Application Thread] WARN  FXGL.TextLevelParser - No producer found for character: 0
10:13:29.825 [JavaFX Application Thread] WARN  FXGL.TextLevelParser - No producer found for character: 0
10:13:29.825 [JavaFX Application Thread] WARN  FXGL.TextLevelParser - No producer found for character: 0
10:13:29.825 [JavaFX Application Thread] WARN  FXGL.TextLevelParser - No producer found for character: 0
10:13:29.825 [JavaFX Application Thread] WARN  FXGL.TextLevelParser - No producer found for character: 0
10:13:29.825 [JavaFX Application Thread] WARN  FXGL.TextLevelParser - No producer found for character: 0
10:13:29.825 [JavaFX Application Thread] WARN  FXGL.TextLevelParser - No producer found for character: 0
10:13:29.825 [JavaFX Application Thread] WARN  FXGL.TextLevelParser - No producer found for character: 0
10:13:29.825 [JavaFX Application Thread] WARN  FXGL.TextLevelParser - No producer found for character: 0
10:13:29.825 [JavaFX Application Thread] WARN  FXGL.TextLevelParser - No producer found for character: 0
10:13:29.825 [JavaFX Application Thread] WARN  FXGL.TextLevelParser - No producer found for character: 0
10:13:29.825 [JavaFX Application Thread] WARN  FXGL.TextLevelParser - No producer found for character: 0
10:13:29.826 [JavaFX Application Thread] WARN  FXGL.TextLevelParser - No producer found for character: 0
10:13:29.826 [JavaFX Application Thread] WARN  FXGL.TextLevelParser - No producer found for character: 0
10:13:29.826 [JavaFX Application Thread] WARN  FXGL.TextLevelParser - No producer found for character: 0
10:13:29.826 [JavaFX Application Thread] WARN  FXGL.TextLevelParser - No producer found for character: 0
10:13:29.826 [JavaFX Application Thread] WARN  FXGL.TextLevelParser - No producer found for character: 0
10:13:29.826 [JavaFX Application Thread] WARN  FXGL.TextLevelParser - No producer found for character: 0
10:13:29.826 [JavaFX Application Thread] WARN  FXGL.TextLevelParser - No producer found for character: 0
10:13:29.826 [JavaFX Application Thread] WARN  FXGL.TextLevelParser - No producer found for character: 0
10:13:29.826 [JavaFX Application Thread] WARN  FXGL.TextLevelParser - No producer found for character: 0
10:13:29.826 [JavaFX Application Thread] WARN  FXGL.TextLevelParser - No producer found for character: 0
10:13:29.826 [JavaFX Application Thread] WARN  FXGL.TextLevelParser - No producer found for character: 0
10:13:29.827 [JavaFX Application Thread] WARN  FXGL.TextLevelParser - No producer found for character: 0
10:13:29.827 [JavaFX Application Thread] WARN  FXGL.TextLevelParser - No producer found for character: 0
10:13:29.827 [JavaFX Application Thread] WARN  FXGL.TextLevelParser - No producer found for character: 0
10:13:29.827 [JavaFX Application Thread] WARN  FXGL.TextLevelParser - No producer found for character: 0
10:13:29.827 [JavaFX Application Thread] WARN  FXGL.TextLevelParser - No producer found for character: 0
10:13:29.827 [JavaFX Application Thread] WARN  FXGL.TextLevelParser - No producer found for character: 0
10:13:29.827 [JavaFX Application Thread] WARN  FXGL.TextLevelParser - No producer found for character: 0
10:13:29.827 [JavaFX Application Thread] WARN  FXGL.TextLevelParser - No producer found for character: 0
10:13:29.827 [JavaFX Application Thread] WARN  FXGL.TextLevelParser - No producer found for character: 0
10:13:29.827 [JavaFX Application Thread] WARN  FXGL.TextLevelParser - No producer found for character: 0
10:13:29.827 [JavaFX Application Thread] WARN  FXGL.TextLevelParser - No producer found for character: 0
10:13:29.828 [JavaFX Application Thread] WARN  FXGL.TextLevelParser - No producer found for character: 0
10:13:29.828 [JavaFX Application Thread] WARN  FXGL.TextLevelParser - No producer found for character: 0
10:13:29.828 [JavaFX Application Thread] WARN  FXGL.TextLevelParser - No producer found for character: 0
10:13:29.828 [JavaFX Application Thread] WARN  FXGL.TextLevelParser - No producer found for character: 0
10:13:29.828 [JavaFX Application Thread] WARN  FXGL.TextLevelParser - No producer found for character: 0
10:13:29.828 [JavaFX Application Thread] WARN  FXGL.TextLevelParser - No producer found for character: 0
10:13:29.828 [JavaFX Application Thread] WARN  FXGL.TextLevelParser - No producer found for character: 0
10:13:29.828 [JavaFX Application Thread] WARN  FXGL.TextLevelParser - No producer found for character: 0
10:13:29.828 [JavaFX Application Thread] WARN  FXGL.TextLevelParser - No producer found for character: 0
10:13:29.828 [JavaFX Application Thread] WARN  FXGL.TextLevelParser - No producer found for character: 0
10:13:29.828 [JavaFX Application Thread] WARN  FXGL.TextLevelParser - No producer found for character: 0
10:13:29.829 [JavaFX Application Thread] WARN  FXGL.TextLevelParser - No producer found for character: 0
10:13:29.829 [JavaFX Application Thread] WARN  FXGL.TextLevelParser - No producer found for character: 0
10:13:29.829 [JavaFX Application Thread] WARN  FXGL.TextLevelParser - No producer found for character: 0
10:13:29.829 [JavaFX Application Thread] WARN  FXGL.TextLevelParser - No producer found for character: 0
10:13:29.829 [JavaFX Application Thread] WARN  FXGL.TextLevelParser - No producer found for character: 0
10:13:29.829 [JavaFX Application Thread] WARN  FXGL.TextLevelParser - No producer found for character: 0
10:13:29.829 [JavaFX Application Thread] WARN  FXGL.TextLevelParser - No producer found for character: 0
10:13:29.829 [JavaFX Application Thread] WARN  FXGL.TextLevelParser - No producer found for character: 0
10:13:29.829 [JavaFX Application Thread] WARN  FXGL.TextLevelParser - No producer found for character: 0
10:13:29.829 [JavaFX Application Thread] WARN  FXGL.TextLevelParser - No producer found for character: 0
10:13:29.829 [JavaFX Application Thread] WARN  FXGL.TextLevelParser - No producer found for character: 0
10:13:29.830 [JavaFX Application Thread] WARN  FXGL.TextLevelParser - No producer found for character: 0
10:13:29.830 [JavaFX Application Thread] WARN  FXGL.TextLevelParser - No producer found for character: 0
10:13:29.830 [JavaFX Application Thread] WARN  FXGL.TextLevelParser - No producer found for character: 0
10:13:29.830 [JavaFX Application Thread] WARN  FXGL.TextLevelParser - No producer found for character: 0
10:13:29.830 [JavaFX Application Thread] WARN  FXGL.TextLevelParser - No producer found for character: 0
10:13:29.830 [JavaFX Application Thread] WARN  FXGL.TextLevelParser - No producer found for character: 0
10:13:29.830 [JavaFX Application Thread] WARN  FXGL.TextLevelParser - No producer found for character: 0
10:13:29.830 [JavaFX Application Thread] WARN  FXGL.TextLevelParser - No producer found for character: 0
10:13:29.830 [JavaFX Application Thread] WARN  FXGL.TextLevelParser - No producer found for character: 0
10:13:29.830 [JavaFX Application Thread] WARN  FXGL.TextLevelParser - No producer found for character: 0
10:13:29.831 [JavaFX Application Thread] WARN  FXGL.TextLevelParser - No producer found for character: 0
10:13:29.831 [JavaFX Application Thread] WARN  FXGL.TextLevelParser - No producer found for character: 0
10:13:29.831 [JavaFX Application Thread] WARN  FXGL.TextLevelParser - No producer found for character: 0
10:13:29.831 [JavaFX Application Thread] WARN  FXGL.TextLevelParser - No producer found for character: 0
10:13:29.831 [JavaFX Application Thread] WARN  FXGL.TextLevelParser - No producer found for character: 0
10:13:29.831 [JavaFX Application Thread] WARN  FXGL.TextLevelParser - No producer found for character: 0
10:13:29.831 [JavaFX Application Thread] WARN  FXGL.TextLevelParser - No producer found for character: 0
10:13:29.831 [JavaFX Application Thread] WARN  FXGL.TextLevelParser - No producer found for character: 0
10:13:29.832 [JavaFX Application Thread] WARN  FXGL.TextLevelParser - No producer found for character: 0
10:13:29.832 [JavaFX Application Thread] WARN  FXGL.TextLevelParser - No producer found for character: 0
10:13:29.832 [JavaFX Application Thread] WARN  FXGL.TextLevelParser - No producer found for character: 0
10:13:29.832 [JavaFX Application Thread] WARN  FXGL.TextLevelParser - No producer found for character: 0
10:13:29.832 [JavaFX Application Thread] WARN  FXGL.TextLevelParser - No producer found for character: 0
10:13:29.832 [JavaFX Application Thread] WARN  FXGL.TextLevelParser - No producer found for character: 0
10:13:29.832 [JavaFX Application Thread] WARN  FXGL.TextLevelParser - No producer found for character: 0
10:13:29.832 [JavaFX Application Thread] WARN  FXGL.TextLevelParser - No producer found for character: 0
10:13:29.832 [JavaFX Application Thread] WARN  FXGL.TextLevelParser - No producer found for character: 0
10:13:29.832 [JavaFX Application Thread] WARN  FXGL.TextLevelParser - No producer found for character: 0
10:13:29.832 [JavaFX Application Thread] WARN  FXGL.TextLevelParser - No producer found for character: 0
10:13:29.840 [JavaFX Application Thread] WARN  FXGL.TextLevelParser - No producer found for character: 0
10:13:29.840 [JavaFX Application Thread] WARN  FXGL.TextLevelParser - No producer found for character: 0
10:13:29.840 [JavaFX Application Thread] WARN  FXGL.TextLevelParser - No producer found for character: 0
10:13:29.841 [JavaFX Application Thread] WARN  FXGL.TextLevelParser - No producer found for character: 0
10:13:29.841 [JavaFX Application Thread] WARN  FXGL.TextLevelParser - No producer found for character: 0
10:13:29.841 [JavaFX Application Thread] WARN  FXGL.TextLevelParser - No producer found for character: 0
10:13:29.841 [JavaFX Application Thread] WARN  FXGL.TextLevelParser - No producer found for character: 0
10:13:29.841 [JavaFX Application Thread] WARN  FXGL.TextLevelParser - No producer found for character: 0
10:13:29.841 [JavaFX Application Thread] WARN  FXGL.TextLevelParser - No producer found for character: 0
10:13:29.841 [JavaFX Application Thread] WARN  FXGL.TextLevelParser - No producer found for character: 0
10:13:29.841 [JavaFX Application Thread] WARN  FXGL.TextLevelParser - No producer found for character: 0
10:13:29.841 [JavaFX Application Thread] WARN  FXGL.TextLevelParser - No producer found for character: 0
10:13:29.841 [JavaFX Application Thread] WARN  FXGL.TextLevelParser - No producer found for character: 0
10:13:29.841 [JavaFX Application Thread] WARN  FXGL.TextLevelParser - No producer found for character: 0
10:13:29.841 [JavaFX Application Thread] WARN  FXGL.TextLevelParser - No producer found for character: 0
10:13:29.841 [JavaFX Application Thread] WARN  FXGL.TextLevelParser - No producer found for character: 0
10:13:29.842 [JavaFX Application Thread] WARN  FXGL.TextLevelParser - No producer found for character: 0
10:13:29.842 [JavaFX Application Thread] WARN  FXGL.TextLevelParser - No producer found for character: 0
10:13:29.842 [JavaFX Application Thread] WARN  FXGL.TextLevelParser - No producer found for character: 0
10:13:29.842 [JavaFX Application Thread] WARN  FXGL.TextLevelParser - No producer found for character: 0
10:13:29.842 [JavaFX Application Thread] WARN  FXGL.TextLevelParser - No producer found for character: 0
10:13:29.842 [JavaFX Application Thread] WARN  FXGL.TextLevelParser - No producer found for character: 0
10:13:29.842 [JavaFX Application Thread] WARN  FXGL.TextLevelParser - No producer found for character: 0
10:13:29.842 [JavaFX Application Thread] WARN  FXGL.TextLevelParser - No producer found for character: 0
10:13:29.842 [JavaFX Application Thread] WARN  FXGL.TextLevelParser - No producer found for character: 0
10:13:29.842 [JavaFX Application Thread] WARN  FXGL.TextLevelParser - No producer found for character: 0
10:13:29.842 [JavaFX Application Thread] WARN  FXGL.TextLevelParser - No producer found for character: 0
10:13:29.842 [JavaFX Application Thread] WARN  FXGL.TextLevelParser - No producer found for character: 0
10:13:29.842 [JavaFX Application Thread] WARN  FXGL.TextLevelParser - No producer found for character: 0
10:13:29.842 [JavaFX Application Thread] WARN  FXGL.TextLevelParser - No producer found for character: 0
10:13:29.842 [JavaFX Application Thread] WARN  FXGL.TextLevelParser - No producer found for character: 0
10:13:29.843 [JavaFX Application Thread] WARN  FXGL.TextLevelParser - No producer found for character: 0
10:13:29.843 [JavaFX Application Thread] WARN  FXGL.TextLevelParser - No producer found for character: 0
10:13:29.843 [JavaFX Application Thread] WARN  FXGL.TextLevelParser - No producer found for character: 0
10:13:29.843 [JavaFX Application Thread] WARN  FXGL.TextLevelParser - No producer found for character: 0
10:13:29.843 [JavaFX Application Thread] WARN  FXGL.TextLevelParser - No producer found for character: 0
10:13:29.843 [JavaFX Application Thread] WARN  FXGL.TextLevelParser - No producer found for character: 0
10:13:29.843 [JavaFX Application Thread] WARN  FXGL.TextLevelParser - No producer found for character: 0
10:13:29.843 [JavaFX Application Thread] WARN  FXGL.TextLevelParser - No producer found for character: 0
10:13:29.843 [JavaFX Application Thread] WARN  FXGL.TextLevelParser - No producer found for character: 0
10:13:29.843 [JavaFX Application Thread] WARN  FXGL.TextLevelParser - No producer found for character: 0
10:13:29.843 [JavaFX Application Thread] WARN  FXGL.TextLevelParser - No producer found for character: 0
10:13:29.843 [JavaFX Application Thread] WARN  FXGL.TextLevelParser - No producer found for character: 0
10:13:29.843 [JavaFX Application Thread] WARN  FXGL.TextLevelParser - No producer found for character: 0
10:13:29.844 [JavaFX Application Thread] WARN  FXGL.TextLevelParser - No producer found for character: 0
10:13:29.844 [JavaFX Application Thread] WARN  FXGL.TextLevelParser - No producer found for character: 0
10:13:29.844 [JavaFX Application Thread] WARN  FXGL.TextLevelParser - No producer found for character: 0
10:13:29.844 [JavaFX Application Thread] WARN  FXGL.TextLevelParser - No producer found for character: 0
10:13:29.844 [JavaFX Application Thread] WARN  FXGL.TextLevelParser - No producer found for character: 0
10:13:29.844 [JavaFX Application Thread] WARN  FXGL.TextLevelParser - No producer found for character: 0
10:13:29.844 [JavaFX Application Thread] WARN  FXGL.TextLevelParser - No producer found for character: 0
10:13:29.844 [JavaFX Application Thread] WARN  FXGL.TextLevelParser - No producer found for character: 0
10:13:29.844 [JavaFX Application Thread] WARN  FXGL.TextLevelParser - No producer found for character: 0
10:13:29.844 [JavaFX Application Thread] WARN  FXGL.TextLevelParser - No producer found for character: 0
10:13:29.844 [JavaFX Application Thread] WARN  FXGL.TextLevelParser - No producer found for character: 0
10:13:29.844 [JavaFX Application Thread] WARN  FXGL.TextLevelParser - No producer found for character: 0
10:13:29.844 [JavaFX Application Thread] WARN  FXGL.TextLevelParser - No producer found for character: 0
10:13:29.844 [JavaFX Application Thread] WARN  FXGL.TextLevelParser - No producer found for character: 0
10:13:29.845 [JavaFX Application Thread] WARN  FXGL.TextLevelParser - No producer found for character: 0
10:13:29.845 [JavaFX Application Thread] WARN  FXGL.TextLevelParser - No producer found for character: 0
10:13:29.845 [JavaFX Application Thread] WARN  FXGL.TextLevelParser - No producer found for character: 0
10:13:29.845 [JavaFX Application Thread] WARN  FXGL.TextLevelParser - No producer found for character: 0
10:13:29.845 [JavaFX Application Thread] WARN  FXGL.TextLevelParser - No producer found for character: 0
10:13:29.845 [JavaFX Application Thread] WARN  FXGL.TextLevelParser - No producer found for character: 0
10:13:29.845 [JavaFX Application Thread] WARN  FXGL.TextLevelParser - No producer found for character: 0
10:13:29.845 [JavaFX Application Thread] WARN  FXGL.TextLevelParser - No producer found for character: 0
10:13:29.845 [JavaFX Application Thread] WARN  FXGL.TextLevelParser - No producer found for character: 0
10:13:29.846 [JavaFX Application Thread] DEBUG AssetLoader          - Loading from cache: /assets/textures/bar.png
10:13:29.846 [JavaFX Application Thread] WARN  FXGL.TextLevelParser - No producer found for character: 0
10:13:29.847 [JavaFX Application Thread] WARN  FXGL.TextLevelParser - No producer found for character: 0
10:13:29.847 [JavaFX Application Thread] WARN  FXGL.TextLevelParser - No producer found for character: 0
10:13:29.847 [JavaFX Application Thread] WARN  FXGL.TextLevelParser - No producer found for character: 0
10:13:29.847 [JavaFX Application Thread] WARN  FXGL.TextLevelParser - No producer found for character: 0
10:13:29.847 [JavaFX Application Thread] WARN  FXGL.TextLevelParser - No producer found for character: 0
10:13:29.847 [JavaFX Application Thread] WARN  FXGL.TextLevelParser - No producer found for character: 0
10:13:29.847 [JavaFX Application Thread] WARN  FXGL.TextLevelParser - No producer found for character: 0
10:13:29.847 [JavaFX Application Thread] WARN  FXGL.TextLevelParser - No producer found for character: 0
10:13:29.847 [JavaFX Application Thread] WARN  FXGL.TextLevelParser - No producer found for character: 0
10:13:29.847 [JavaFX Application Thread] WARN  FXGL.TextLevelParser - No producer found for character: 0
10:13:29.847 [JavaFX Application Thread] WARN  FXGL.TextLevelParser - No producer found for character: 0
10:13:29.847 [JavaFX Application Thread] WARN  FXGL.TextLevelParser - No producer found for character: 0
10:13:29.847 [JavaFX Application Thread] WARN  FXGL.TextLevelParser - No producer found for character: 0
10:13:29.847 [JavaFX Application Thread] WARN  FXGL.TextLevelParser - No producer found for character: 0
10:13:29.848 [JavaFX Application Thread] WARN  FXGL.TextLevelParser - No producer found for character: 0
10:13:29.848 [JavaFX Application Thread] WARN  FXGL.TextLevelParser - No producer found for character: 0
10:13:29.848 [JavaFX Application Thread] WARN  FXGL.TextLevelParser - No producer found for character: 0
10:13:29.848 [JavaFX Application Thread] WARN  FXGL.TextLevelParser - No producer found for character: 0
10:13:29.848 [JavaFX Application Thread] WARN  FXGL.TextLevelParser - No producer found for character: 0
10:13:29.848 [JavaFX Application Thread] WARN  FXGL.TextLevelParser - No producer found for character: 0
10:13:29.848 [JavaFX Application Thread] WARN  FXGL.TextLevelParser - No producer found for character: 0
10:13:29.848 [JavaFX Application Thread] WARN  FXGL.TextLevelParser - No producer found for character: 0
10:13:29.848 [JavaFX Application Thread] WARN  FXGL.TextLevelParser - No producer found for character: 0
10:13:29.848 [JavaFX Application Thread] WARN  FXGL.TextLevelParser - No producer found for character: 0
10:13:29.848 [JavaFX Application Thread] WARN  FXGL.TextLevelParser - No producer found for character: 0
10:13:29.849 [JavaFX Application Thread] DEBUG AssetLoader          - Loading from cache: /assets/textures/fire.png@100.0x80.0
10:13:29.849 [JavaFX Application Thread] WARN  FXGL.TextLevelParser - No producer found for character: 0
10:13:29.851 [JavaFX Application Thread] DEBUG AssetLoader          - Loading from cache: /assets/textures/fire.png@100.0x80.0
10:13:29.851 [JavaFX Application Thread] WARN  FXGL.TextLevelParser - No producer found for character: 0
10:13:29.852 [JavaFX Application Thread] DEBUG AssetLoader          - Loading from cache: /assets/textures/fire.png@100.0x80.0
10:13:29.852 [JavaFX Application Thread] WARN  FXGL.TextLevelParser - No producer found for character: 0
10:13:29.853 [JavaFX Application Thread] DEBUG AssetLoader          - Loading from cache: /assets/textures/fire.png@100.0x80.0
10:13:29.853 [JavaFX Application Thread] WARN  FXGL.TextLevelParser - No producer found for character: 0
10:13:29.854 [JavaFX Application Thread] DEBUG AssetLoader          - Loading from cache: /assets/textures/fire.png@100.0x80.0
10:13:29.854 [JavaFX Application Thread] WARN  FXGL.TextLevelParser - No producer found for character: 0
10:13:29.855 [JavaFX Application Thread] DEBUG AssetLoader          - Loading from cache: /assets/textures/fire.png@100.0x80.0
10:13:29.855 [JavaFX Application Thread] WARN  FXGL.TextLevelParser - No producer found for character: 0
10:13:29.856 [JavaFX Application Thread] DEBUG AssetLoader          - Loading from cache: /assets/textures/fire.png@100.0x80.0
10:13:29.857 [JavaFX Application Thread] WARN  FXGL.TextLevelParser - No producer found for character: 0
10:13:29.857 [JavaFX Application Thread] DEBUG AssetLoader          - Loading from cache: /assets/textures/fire.png@100.0x80.0
10:13:29.858 [JavaFX Application Thread] WARN  FXGL.TextLevelParser - No producer found for character: 0
10:13:29.858 [JavaFX Application Thread] DEBUG AssetLoader          - Loading from cache: /assets/textures/fire.png@100.0x80.0
10:13:29.859 [JavaFX Application Thread] WARN  FXGL.TextLevelParser - No producer found for character: 0
10:13:29.859 [JavaFX Application Thread] DEBUG GameWorld            - Clearing removable entities
10:13:29.867 [JavaFX Application Thread] DEBUG GameWorld            - Setting level: com.almasb.fxgl.entity.Level@6ce15ae6
10:13:47.738 [JavaFX Application Thread] DEBUG GameApplication      - Exiting game application
10:13:47.738 [JavaFX Application Thread] DEBUG GameApplication      - Shutting down background threads
10:13:47.739 [JavaFX Application Thread] DEBUG GameApplication      - Exiting FXGL
10:13:47.739 [JavaFX Application Thread] DEBUG FXGL                 - Saving FXGL system data
10:13:47.741 [JavaFX Application Thread] DEBUG FS                   - Writing to: system\fxgl.bundle
10:13:47.745 [JavaFX Application Thread] DEBUG GameApplication      - Closing logger and exiting JavaFX
