11:57:20.301 [JavaFX Application Thread] DEBUG GameApplication      - Logger initialized
11:57:20.318 [JavaFX Application Thread] DEBUG GameApplication      - Logging settings
Title: Breakout
Version: 0.1
Width: 800
Height: 600
Fullscreen: false
Intro: false
Menus: false
Profiling: false
Single step:false
App Mode: DEVELOPER
Menu Key: ESCAPE
Stage Style: DECORATED
Scene Factory: class com.almasb.fxgl.scene.SceneFactory
Dialog Factory: class com.almasb.fxgl.ui.FXGLDialogFactory
UI Factory: class com.almasb.fxgl.ui.FXGLUIFactory
Notification Service: class com.almasb.fxgl.gameplay.notification.XboxNotificationView
Exception Handler: class com.almasb.fxgl.app.FXGLExceptionHandler
11:57:20.318 [JavaFX Application Thread] DEBUG GameApplication      - Starting FXGL
11:57:20.332 [JavaFX Application Thread] INFO  FXGL                 - FXGL-0.5.4 on DESKTOP
11:57:20.332 [JavaFX Application Thread] INFO  FXGL                 - Source code and latest versions at: https://github.com/AlmasB/FXGL
11:57:20.333 [JavaFX Application Thread] INFO  FXGL                 -              Join the FXGL chat at: https://gitter.im/AlmasB/FXGL
11:57:20.333 [JavaFX Application Thread] DEBUG FXGL                 - FXGL started
11:57:20.333 [JavaFX Application Thread] DEBUG FXGL                 - Initializing FXGL
11:57:20.378 [JavaFX Application Thread] DEBUG AssetLoader          - Loading from disk: /assets/ui/cursors/fxgl_default.png
11:57:20.465 [JavaFX Application Thread] DEBUG AssetLoader          - Loading from disk: /assets/ui/fonts/VarelaRound-Regular.ttf
11:57:20.687 [JavaFX Application Thread] DEBUG MainWindow           - Creating a JavaFX scene
11:57:20.721 [JavaFX Application Thread] DEBUG MainWindow           - Target settings size: 800.0 x 600.0
11:57:20.721 [JavaFX Application Thread] DEBUG MainWindow           - Scaled scene size:    800.0 x 600.0
11:57:20.722 [JavaFX Application Thread] DEBUG MainWindow           - Scaled ratio: (1.0, 1.0)
11:57:20.724 [JavaFX Application Thread] DEBUG AssetLoader          - Loading from disk: /assets/ui/css/fxgl_dark.css
11:57:20.728 [JavaFX Application Thread] DEBUG AssetLoader          - Loading from disk: /assets/textures/fxgl_icon.png
11:57:20.748 [JavaFX Application Thread] DEBUG MainWindow           - Opening main window
11:57:20.889 [JavaFX Application Thread] DEBUG MainWindow           - Window border size: (14.4000244140625, 37.5999755859375)
11:57:20.890 [JavaFX Application Thread] DEBUG MainWindow           - Scaled size: 800.0 x 600.0
11:57:20.890 [JavaFX Application Thread] DEBUG MainWindow           - Scaled ratio: (1.0, 1.0)
11:57:20.890 [JavaFX Application Thread] DEBUG MainWindow           - Scene size: 800.0 x 600.0
11:57:20.890 [JavaFX Application Thread] DEBUG MainWindow           - Stage size: 814.4000244140625 x 637.5999755859375
11:57:20.962 [ForkJoinPool.commonPool-worker-9] DEBUG FS                   - Loaded DesktopFSService
11:57:20.963 [ForkJoinPool.commonPool-worker-9] DEBUG FXGL                 - Loading FXGL system data
11:57:20.971 [ForkJoinPool.commonPool-worker-9] DEBUG DesktopFSService     - Reading from: system\fxgl.bundle
11:57:20.983 [ForkJoinPool.commonPool-worker-9] DEBUG Bundle               - Logging bundle: FXGL
11:57:20.984 [ForkJoinPool.commonPool-worker-9] DEBUG Bundle               - FXGL.offline.timer.version.check=2019-01-24T08:55:57.713219300
11:57:20.985 [ForkJoinPool.commonPool-worker-9] DEBUG FXGL                 - Initializing state machine and application states
11:57:20.988 [ForkJoinPool.commonPool-worker-9] DEBUG AssetLoader          - Loading from disk: /assets/ui/cursors/fxgl_default.png
11:57:20.996 [ForkJoinPool.commonPool-worker-9] DEBUG AssetLoader          - Loading from disk: /assets/ui/cursors/fxgl_default.png
11:57:21.007 [ForkJoinPool.commonPool-worker-9] DEBUG AssetLoader          - Loading from cache: /assets/ui/fonts/VarelaRound-Regular.ttf
11:57:21.010 [ForkJoinPool.commonPool-worker-9] DEBUG AssetLoader          - Loading from disk: /assets/ui/cursors/fxgl_default.png
11:57:21.014 [ForkJoinPool.commonPool-worker-9] DEBUG GameScene            - Game scene initialized: 800x600
11:57:21.024 [ForkJoinPool.commonPool-worker-9] DEBUG GameWorld            - Game world initialized
11:57:21.104 [ForkJoinPool.commonPool-worker-9] DEBUG PhysicsWorld         - Physics world initialized: appHeight=600, physics.ppm=50,0
11:57:21.126 [ForkJoinPool.commonPool-worker-9] DEBUG Input                - Registered new binding: Pause - Esc
11:57:21.173 [JavaFX Application Thread] DEBUG FXGL                 - Running preInit()
11:57:21.175 [JavaFX Application Thread] DEBUG Input                - Registered new binding: Screenshot - P
11:57:21.176 [JavaFX Application Thread] DEBUG Input                - Registered new binding: Dev Options - CTRL+0
11:57:21.177 [JavaFX Application Thread] DEBUG Input                - Registered new binding: System info dump - CTRL+9
11:57:21.178 [JavaFX Application Thread] DEBUG Input                - Registered new binding: Restart - CTRL+R
11:57:21.179 [JavaFX Application Thread] INFO  FXGL                 - FXGL initialization took: 0,844 sec
11:57:21.179 [JavaFX Application Thread] DEBUG LoopRunner           - Starting loop
11:57:21.182 [JavaFX Application Thread] DEBUG StartupState         - STARTUP
11:57:21.182 [JavaFX Application Thread] DEBUG GameApplication      - Starting new game
11:57:21.182 [JavaFX Application Thread] DEBUG Input                - Clearing active input actions
11:57:21.184 [JavaFX Application Thread] DEBUG AssetLoader          - Loading from disk: /assets/ui/css/fxgl_dark.css
11:57:21.193 [JavaFX Application Thread] DEBUG AppStateMachine      - StartupState -> LoadingState
11:57:21.198 [FXGL Background Thread 1 ] DEBUG InitAppTask          - Clearing previous game
11:57:21.198 [FXGL Background Thread 1 ] DEBUG GameWorld            - Clearing game world
11:57:21.198 [FXGL Background Thread 1 ] DEBUG PhysicsWorld         - Clearing physics world
11:57:21.199 [FXGL Background Thread 1 ] DEBUG GameScene            - Clearing game scene
11:57:21.200 [FXGL Background Thread 1 ] DEBUG InitAppTask          - Initializing Game
11:57:21.226 [FXGL Background Thread 1 ] DEBUG AssetLoader          - Loading from disk: /assets/text/levels/bricksballbar.txt
11:57:21.234 [FXGL Background Thread 1 ] WARN  TextLevelParser      - No producer found for character: 0
11:57:21.234 [FXGL Background Thread 1 ] WARN  TextLevelParser      - No producer found for character: 0
11:57:21.235 [FXGL Background Thread 1 ] WARN  TextLevelParser      - No producer found for character: 0
11:57:21.235 [FXGL Background Thread 1 ] WARN  TextLevelParser      - No producer found for character: 0
11:57:21.235 [FXGL Background Thread 1 ] WARN  TextLevelParser      - No producer found for character: 0
11:57:21.235 [FXGL Background Thread 1 ] WARN  TextLevelParser      - No producer found for character: 0
11:57:21.235 [FXGL Background Thread 1 ] WARN  TextLevelParser      - No producer found for character: 0
11:57:21.235 [FXGL Background Thread 1 ] WARN  TextLevelParser      - No producer found for character: 0
11:57:21.236 [FXGL Background Thread 1 ] WARN  TextLevelParser      - No producer found for character: 0
11:57:21.236 [FXGL Background Thread 1 ] WARN  TextLevelParser      - No producer found for character: 0
11:57:21.236 [FXGL Background Thread 1 ] WARN  TextLevelParser      - No producer found for character: 0
11:57:21.236 [FXGL Background Thread 1 ] WARN  TextLevelParser      - No producer found for character: 0
11:57:21.236 [FXGL Background Thread 1 ] WARN  TextLevelParser      - No producer found for character: 0
11:57:21.236 [FXGL Background Thread 1 ] WARN  TextLevelParser      - No producer found for character: 0
11:57:21.236 [FXGL Background Thread 1 ] WARN  TextLevelParser      - No producer found for character: 0
11:57:21.236 [FXGL Background Thread 1 ] WARN  TextLevelParser      - No producer found for character: 0
11:57:21.236 [FXGL Background Thread 1 ] WARN  TextLevelParser      - No producer found for character: 0
11:57:21.236 [FXGL Background Thread 1 ] WARN  TextLevelParser      - No producer found for character: 0
11:57:21.236 [FXGL Background Thread 1 ] WARN  TextLevelParser      - No producer found for character: 0
11:57:21.263 [FXGL Background Thread 1 ] DEBUG AssetLoader          - Loading from disk: /assets/textures/brick1.png
11:57:21.273 [FXGL Background Thread 1 ] WARN  TextLevelParser      - No producer found for character: 0
11:57:21.274 [FXGL Background Thread 1 ] DEBUG AssetLoader          - Loading from cache: /assets/textures/brick1.png
11:57:21.275 [FXGL Background Thread 1 ] WARN  TextLevelParser      - No producer found for character: 0
11:57:21.276 [FXGL Background Thread 1 ] DEBUG AssetLoader          - Loading from cache: /assets/textures/brick1.png
11:57:21.277 [FXGL Background Thread 1 ] WARN  TextLevelParser      - No producer found for character: 0
11:57:21.278 [FXGL Background Thread 1 ] DEBUG AssetLoader          - Loading from cache: /assets/textures/brick1.png
11:57:21.278 [FXGL Background Thread 1 ] WARN  TextLevelParser      - No producer found for character: 0
11:57:21.279 [FXGL Background Thread 1 ] DEBUG AssetLoader          - Loading from cache: /assets/textures/brick1.png
11:57:21.280 [FXGL Background Thread 1 ] WARN  TextLevelParser      - No producer found for character: 0
11:57:21.280 [FXGL Background Thread 1 ] DEBUG AssetLoader          - Loading from cache: /assets/textures/brick1.png
11:57:21.281 [FXGL Background Thread 1 ] WARN  TextLevelParser      - No producer found for character: 0
11:57:21.282 [FXGL Background Thread 1 ] DEBUG AssetLoader          - Loading from cache: /assets/textures/brick1.png
11:57:21.283 [FXGL Background Thread 1 ] WARN  TextLevelParser      - No producer found for character: 0
11:57:21.283 [FXGL Background Thread 1 ] DEBUG AssetLoader          - Loading from cache: /assets/textures/brick1.png
11:57:21.284 [FXGL Background Thread 1 ] WARN  TextLevelParser      - No producer found for character: 0
11:57:21.285 [FXGL Background Thread 1 ] DEBUG AssetLoader          - Loading from cache: /assets/textures/brick1.png
11:57:21.286 [FXGL Background Thread 1 ] WARN  TextLevelParser      - No producer found for character: 0
11:57:21.287 [FXGL Background Thread 1 ] DEBUG AssetLoader          - Loading from cache: /assets/textures/brick1.png
11:57:21.288 [FXGL Background Thread 1 ] WARN  TextLevelParser      - No producer found for character: 0
11:57:21.288 [FXGL Background Thread 1 ] WARN  TextLevelParser      - No producer found for character: 0
11:57:21.288 [FXGL Background Thread 1 ] WARN  TextLevelParser      - No producer found for character: 0
11:57:21.288 [FXGL Background Thread 1 ] WARN  TextLevelParser      - No producer found for character: 0
11:57:21.289 [FXGL Background Thread 1 ] WARN  TextLevelParser      - No producer found for character: 0
11:57:21.289 [FXGL Background Thread 1 ] WARN  TextLevelParser      - No producer found for character: 0
11:57:21.289 [FXGL Background Thread 1 ] WARN  TextLevelParser      - No producer found for character: 0
11:57:21.289 [FXGL Background Thread 1 ] WARN  TextLevelParser      - No producer found for character: 0
11:57:21.289 [FXGL Background Thread 1 ] WARN  TextLevelParser      - No producer found for character: 0
11:57:21.289 [FXGL Background Thread 1 ] WARN  TextLevelParser      - No producer found for character: 0
11:57:21.290 [FXGL Background Thread 1 ] WARN  TextLevelParser      - No producer found for character: 0
11:57:21.290 [FXGL Background Thread 1 ] WARN  TextLevelParser      - No producer found for character: 0
11:57:21.290 [FXGL Background Thread 1 ] WARN  TextLevelParser      - No producer found for character: 0
11:57:21.290 [FXGL Background Thread 1 ] WARN  TextLevelParser      - No producer found for character: 0
11:57:21.291 [FXGL Background Thread 1 ] WARN  TextLevelParser      - No producer found for character: 0
11:57:21.291 [FXGL Background Thread 1 ] WARN  TextLevelParser      - No producer found for character: 0
11:57:21.291 [FXGL Background Thread 1 ] WARN  TextLevelParser      - No producer found for character: 0
11:57:21.291 [FXGL Background Thread 1 ] WARN  TextLevelParser      - No producer found for character: 0
11:57:21.291 [FXGL Background Thread 1 ] WARN  TextLevelParser      - No producer found for character: 0
11:57:21.291 [FXGL Background Thread 1 ] WARN  TextLevelParser      - No producer found for character: 0
11:57:21.291 [FXGL Background Thread 1 ] WARN  TextLevelParser      - No producer found for character: 0
11:57:21.291 [FXGL Background Thread 1 ] WARN  TextLevelParser      - No producer found for character: 0
11:57:21.292 [FXGL Background Thread 1 ] WARN  TextLevelParser      - No producer found for character: 0
11:57:21.292 [FXGL Background Thread 1 ] WARN  TextLevelParser      - No producer found for character: 0
11:57:21.292 [FXGL Background Thread 1 ] WARN  TextLevelParser      - No producer found for character: 0
11:57:21.292 [FXGL Background Thread 1 ] WARN  TextLevelParser      - No producer found for character: 0
11:57:21.292 [FXGL Background Thread 1 ] WARN  TextLevelParser      - No producer found for character: 0
11:57:21.292 [FXGL Background Thread 1 ] WARN  TextLevelParser      - No producer found for character: 0
11:57:21.292 [FXGL Background Thread 1 ] WARN  TextLevelParser      - No producer found for character: 0
11:57:21.293 [FXGL Background Thread 1 ] WARN  TextLevelParser      - No producer found for character: 0
11:57:21.293 [FXGL Background Thread 1 ] WARN  TextLevelParser      - No producer found for character: 0
11:57:21.293 [FXGL Background Thread 1 ] WARN  TextLevelParser      - No producer found for character: 0
11:57:21.293 [FXGL Background Thread 1 ] WARN  TextLevelParser      - No producer found for character: 0
11:57:21.293 [FXGL Background Thread 1 ] WARN  TextLevelParser      - No producer found for character: 0
11:57:21.293 [FXGL Background Thread 1 ] WARN  TextLevelParser      - No producer found for character: 0
11:57:21.293 [FXGL Background Thread 1 ] WARN  TextLevelParser      - No producer found for character: 0
11:57:21.294 [FXGL Background Thread 1 ] WARN  TextLevelParser      - No producer found for character: 0
11:57:21.294 [FXGL Background Thread 1 ] WARN  TextLevelParser      - No producer found for character: 0
11:57:21.294 [FXGL Background Thread 1 ] WARN  TextLevelParser      - No producer found for character: 0
11:57:21.294 [FXGL Background Thread 1 ] WARN  TextLevelParser      - No producer found for character: 0
11:57:21.294 [FXGL Background Thread 1 ] WARN  TextLevelParser      - No producer found for character: 0
11:57:21.294 [FXGL Background Thread 1 ] WARN  TextLevelParser      - No producer found for character: 0
11:57:21.294 [FXGL Background Thread 1 ] WARN  TextLevelParser      - No producer found for character: 0
11:57:21.294 [FXGL Background Thread 1 ] WARN  TextLevelParser      - No producer found for character: 0
11:57:21.294 [FXGL Background Thread 1 ] WARN  TextLevelParser      - No producer found for character: 0
11:57:21.295 [FXGL Background Thread 1 ] WARN  TextLevelParser      - No producer found for character: 0
11:57:21.295 [FXGL Background Thread 1 ] WARN  TextLevelParser      - No producer found for character: 0
11:57:21.295 [FXGL Background Thread 1 ] WARN  TextLevelParser      - No producer found for character: 0
11:57:21.295 [FXGL Background Thread 1 ] WARN  TextLevelParser      - No producer found for character: 0
11:57:21.295 [FXGL Background Thread 1 ] WARN  TextLevelParser      - No producer found for character: 0
11:57:21.295 [FXGL Background Thread 1 ] WARN  TextLevelParser      - No producer found for character: 0
11:57:21.295 [FXGL Background Thread 1 ] WARN  TextLevelParser      - No producer found for character: 0
11:57:21.295 [FXGL Background Thread 1 ] WARN  TextLevelParser      - No producer found for character: 0
11:57:21.295 [FXGL Background Thread 1 ] WARN  TextLevelParser      - No producer found for character: 0
11:57:21.295 [FXGL Background Thread 1 ] WARN  TextLevelParser      - No producer found for character: 0
11:57:21.296 [FXGL Background Thread 1 ] WARN  TextLevelParser      - No producer found for character: 0
11:57:21.296 [FXGL Background Thread 1 ] WARN  TextLevelParser      - No producer found for character: 0
11:57:21.296 [FXGL Background Thread 1 ] WARN  TextLevelParser      - No producer found for character: 0
11:57:21.296 [FXGL Background Thread 1 ] WARN  TextLevelParser      - No producer found for character: 0
11:57:21.296 [FXGL Background Thread 1 ] WARN  TextLevelParser      - No producer found for character: 0
11:57:21.296 [FXGL Background Thread 1 ] WARN  TextLevelParser      - No producer found for character: 0
11:57:21.296 [FXGL Background Thread 1 ] WARN  TextLevelParser      - No producer found for character: 0
11:57:21.296 [FXGL Background Thread 1 ] WARN  TextLevelParser      - No producer found for character: 0
11:57:21.296 [FXGL Background Thread 1 ] WARN  TextLevelParser      - No producer found for character: 0
11:57:21.297 [FXGL Background Thread 1 ] WARN  TextLevelParser      - No producer found for character: 0
11:57:21.297 [FXGL Background Thread 1 ] WARN  TextLevelParser      - No producer found for character: 0
11:57:21.297 [FXGL Background Thread 1 ] WARN  TextLevelParser      - No producer found for character: 0
11:57:21.297 [FXGL Background Thread 1 ] WARN  TextLevelParser      - No producer found for character: 0
11:57:21.297 [FXGL Background Thread 1 ] WARN  TextLevelParser      - No producer found for character: 0
11:57:21.297 [FXGL Background Thread 1 ] WARN  TextLevelParser      - No producer found for character: 0
11:57:21.297 [FXGL Background Thread 1 ] WARN  TextLevelParser      - No producer found for character: 0
11:57:21.297 [FXGL Background Thread 1 ] WARN  TextLevelParser      - No producer found for character: 0
11:57:21.297 [FXGL Background Thread 1 ] WARN  TextLevelParser      - No producer found for character: 0
11:57:21.297 [FXGL Background Thread 1 ] WARN  TextLevelParser      - No producer found for character: 0
11:57:21.298 [FXGL Background Thread 1 ] WARN  TextLevelParser      - No producer found for character: 0
11:57:21.298 [FXGL Background Thread 1 ] WARN  TextLevelParser      - No producer found for character: 0
11:57:21.298 [FXGL Background Thread 1 ] WARN  TextLevelParser      - No producer found for character: 0
11:57:21.298 [FXGL Background Thread 1 ] WARN  TextLevelParser      - No producer found for character: 0
11:57:21.298 [FXGL Background Thread 1 ] WARN  TextLevelParser      - No producer found for character: 0
11:57:21.298 [FXGL Background Thread 1 ] WARN  TextLevelParser      - No producer found for character: 0
11:57:21.298 [FXGL Background Thread 1 ] WARN  TextLevelParser      - No producer found for character: 0
11:57:21.298 [FXGL Background Thread 1 ] WARN  TextLevelParser      - No producer found for character: 0
11:57:21.299 [FXGL Background Thread 1 ] WARN  TextLevelParser      - No producer found for character: 0
11:57:21.299 [FXGL Background Thread 1 ] WARN  TextLevelParser      - No producer found for character: 0
11:57:21.299 [FXGL Background Thread 1 ] WARN  TextLevelParser      - No producer found for character: 0
11:57:21.304 [FXGL Background Thread 1 ] DEBUG AssetLoader          - Loading from disk: /assets/textures/Ball.png
11:57:21.305 [FXGL Background Thread 1 ] WARN  TextLevelParser      - No producer found for character: 0
11:57:21.306 [FXGL Background Thread 1 ] WARN  TextLevelParser      - No producer found for character: 0
11:57:21.306 [FXGL Background Thread 1 ] WARN  TextLevelParser      - No producer found for character: 0
11:57:21.306 [FXGL Background Thread 1 ] WARN  TextLevelParser      - No producer found for character: 0
11:57:21.306 [FXGL Background Thread 1 ] WARN  TextLevelParser      - No producer found for character: 0
11:57:21.306 [FXGL Background Thread 1 ] WARN  TextLevelParser      - No producer found for character: 0
11:57:21.306 [FXGL Background Thread 1 ] WARN  TextLevelParser      - No producer found for character: 0
11:57:21.306 [FXGL Background Thread 1 ] WARN  TextLevelParser      - No producer found for character: 0
11:57:21.307 [FXGL Background Thread 1 ] WARN  TextLevelParser      - No producer found for character: 0
11:57:21.307 [FXGL Background Thread 1 ] WARN  TextLevelParser      - No producer found for character: 0
11:57:21.307 [FXGL Background Thread 1 ] WARN  TextLevelParser      - No producer found for character: 0
11:57:21.307 [FXGL Background Thread 1 ] WARN  TextLevelParser      - No producer found for character: 0
11:57:21.307 [FXGL Background Thread 1 ] WARN  TextLevelParser      - No producer found for character: 0
11:57:21.307 [FXGL Background Thread 1 ] WARN  TextLevelParser      - No producer found for character: 0
11:57:21.307 [FXGL Background Thread 1 ] WARN  TextLevelParser      - No producer found for character: 0
11:57:21.308 [FXGL Background Thread 1 ] WARN  TextLevelParser      - No producer found for character: 0
11:57:21.308 [FXGL Background Thread 1 ] WARN  TextLevelParser      - No producer found for character: 0
11:57:21.308 [FXGL Background Thread 1 ] WARN  TextLevelParser      - No producer found for character: 0
11:57:21.308 [FXGL Background Thread 1 ] WARN  TextLevelParser      - No producer found for character: 0
11:57:21.308 [FXGL Background Thread 1 ] WARN  TextLevelParser      - No producer found for character: 0
11:57:21.308 [FXGL Background Thread 1 ] WARN  TextLevelParser      - No producer found for character: 0
11:57:21.308 [FXGL Background Thread 1 ] WARN  TextLevelParser      - No producer found for character: 0
11:57:21.308 [FXGL Background Thread 1 ] WARN  TextLevelParser      - No producer found for character: 0
11:57:21.309 [FXGL Background Thread 1 ] WARN  TextLevelParser      - No producer found for character: 0
11:57:21.309 [FXGL Background Thread 1 ] WARN  TextLevelParser      - No producer found for character: 0
11:57:21.309 [FXGL Background Thread 1 ] WARN  TextLevelParser      - No producer found for character: 0
11:57:21.309 [FXGL Background Thread 1 ] WARN  TextLevelParser      - No producer found for character: 0
11:57:21.309 [FXGL Background Thread 1 ] WARN  TextLevelParser      - No producer found for character: 0
11:57:21.309 [FXGL Background Thread 1 ] WARN  TextLevelParser      - No producer found for character: 0
11:57:21.309 [FXGL Background Thread 1 ] WARN  TextLevelParser      - No producer found for character: 0
11:57:21.309 [FXGL Background Thread 1 ] WARN  TextLevelParser      - No producer found for character: 0
11:57:21.309 [FXGL Background Thread 1 ] WARN  TextLevelParser      - No producer found for character: 0
11:57:21.310 [FXGL Background Thread 1 ] WARN  TextLevelParser      - No producer found for character: 0
11:57:21.310 [FXGL Background Thread 1 ] WARN  TextLevelParser      - No producer found for character: 0
11:57:21.310 [FXGL Background Thread 1 ] WARN  TextLevelParser      - No producer found for character: 0
11:57:21.310 [FXGL Background Thread 1 ] WARN  TextLevelParser      - No producer found for character: 0
11:57:21.310 [FXGL Background Thread 1 ] WARN  TextLevelParser      - No producer found for character: 0
11:57:21.311 [FXGL Background Thread 1 ] WARN  TextLevelParser      - No producer found for character: 0
11:57:21.311 [FXGL Background Thread 1 ] WARN  TextLevelParser      - No producer found for character: 0
11:57:21.311 [FXGL Background Thread 1 ] WARN  TextLevelParser      - No producer found for character: 0
11:57:21.311 [FXGL Background Thread 1 ] WARN  TextLevelParser      - No producer found for character: 0
11:57:21.311 [FXGL Background Thread 1 ] WARN  TextLevelParser      - No producer found for character: 0
11:57:21.311 [FXGL Background Thread 1 ] WARN  TextLevelParser      - No producer found for character: 0
11:57:21.311 [FXGL Background Thread 1 ] WARN  TextLevelParser      - No producer found for character: 0
11:57:21.311 [FXGL Background Thread 1 ] WARN  TextLevelParser      - No producer found for character: 0
11:57:21.312 [FXGL Background Thread 1 ] WARN  TextLevelParser      - No producer found for character: 0
11:57:21.312 [FXGL Background Thread 1 ] WARN  TextLevelParser      - No producer found for character: 0
11:57:21.312 [FXGL Background Thread 1 ] WARN  TextLevelParser      - No producer found for character: 0
11:57:21.312 [FXGL Background Thread 1 ] WARN  TextLevelParser      - No producer found for character: 0
11:57:21.312 [FXGL Background Thread 1 ] WARN  TextLevelParser      - No producer found for character: 0
11:57:21.312 [FXGL Background Thread 1 ] WARN  TextLevelParser      - No producer found for character: 0
11:57:21.312 [FXGL Background Thread 1 ] WARN  TextLevelParser      - No producer found for character: 0
11:57:21.313 [FXGL Background Thread 1 ] WARN  TextLevelParser      - No producer found for character: 0
11:57:21.313 [FXGL Background Thread 1 ] WARN  TextLevelParser      - No producer found for character: 0
11:57:21.313 [FXGL Background Thread 1 ] WARN  TextLevelParser      - No producer found for character: 0
11:57:21.313 [FXGL Background Thread 1 ] WARN  TextLevelParser      - No producer found for character: 0
11:57:21.313 [FXGL Background Thread 1 ] WARN  TextLevelParser      - No producer found for character: 0
11:57:21.313 [FXGL Background Thread 1 ] WARN  TextLevelParser      - No producer found for character: 0
11:57:21.313 [FXGL Background Thread 1 ] WARN  TextLevelParser      - No producer found for character: 0
11:57:21.313 [FXGL Background Thread 1 ] WARN  TextLevelParser      - No producer found for character: 0
11:57:21.313 [FXGL Background Thread 1 ] WARN  TextLevelParser      - No producer found for character: 0
11:57:21.313 [FXGL Background Thread 1 ] WARN  TextLevelParser      - No producer found for character: 0
11:57:21.313 [FXGL Background Thread 1 ] WARN  TextLevelParser      - No producer found for character: 0
11:57:21.313 [FXGL Background Thread 1 ] WARN  TextLevelParser      - No producer found for character: 0
11:57:21.314 [FXGL Background Thread 1 ] WARN  TextLevelParser      - No producer found for character: 0
11:57:21.314 [FXGL Background Thread 1 ] WARN  TextLevelParser      - No producer found for character: 0
11:57:21.314 [FXGL Background Thread 1 ] WARN  TextLevelParser      - No producer found for character: 0
11:57:21.314 [FXGL Background Thread 1 ] WARN  TextLevelParser      - No producer found for character: 0
11:57:21.314 [FXGL Background Thread 1 ] WARN  TextLevelParser      - No producer found for character: 0
11:57:21.314 [FXGL Background Thread 1 ] WARN  TextLevelParser      - No producer found for character: 0
11:57:21.314 [FXGL Background Thread 1 ] WARN  TextLevelParser      - No producer found for character: 0
11:57:21.314 [FXGL Background Thread 1 ] WARN  TextLevelParser      - No producer found for character: 0
11:57:21.314 [FXGL Background Thread 1 ] WARN  TextLevelParser      - No producer found for character: 0
11:57:21.315 [FXGL Background Thread 1 ] WARN  TextLevelParser      - No producer found for character: 0
11:57:21.315 [FXGL Background Thread 1 ] WARN  TextLevelParser      - No producer found for character: 0
11:57:21.315 [FXGL Background Thread 1 ] WARN  TextLevelParser      - No producer found for character: 0
11:57:21.315 [FXGL Background Thread 1 ] WARN  TextLevelParser      - No producer found for character: 0
11:57:21.315 [FXGL Background Thread 1 ] WARN  TextLevelParser      - No producer found for character: 0
11:57:21.315 [FXGL Background Thread 1 ] WARN  TextLevelParser      - No producer found for character: 0
11:57:21.315 [FXGL Background Thread 1 ] WARN  TextLevelParser      - No producer found for character: 0
11:57:21.315 [FXGL Background Thread 1 ] WARN  TextLevelParser      - No producer found for character: 0
11:57:21.316 [FXGL Background Thread 1 ] WARN  TextLevelParser      - No producer found for character: 0
11:57:21.316 [FXGL Background Thread 1 ] WARN  TextLevelParser      - No producer found for character: 0
11:57:21.316 [FXGL Background Thread 1 ] WARN  TextLevelParser      - No producer found for character: 0
11:57:21.316 [FXGL Background Thread 1 ] WARN  TextLevelParser      - No producer found for character: 0
11:57:21.316 [FXGL Background Thread 1 ] WARN  TextLevelParser      - No producer found for character: 0
11:57:21.316 [FXGL Background Thread 1 ] WARN  TextLevelParser      - No producer found for character: 0
11:57:21.316 [FXGL Background Thread 1 ] WARN  TextLevelParser      - No producer found for character: 0
11:57:21.316 [FXGL Background Thread 1 ] WARN  TextLevelParser      - No producer found for character: 0
11:57:21.316 [FXGL Background Thread 1 ] WARN  TextLevelParser      - No producer found for character: 0
11:57:21.316 [FXGL Background Thread 1 ] WARN  TextLevelParser      - No producer found for character: 0
11:57:21.317 [FXGL Background Thread 1 ] WARN  TextLevelParser      - No producer found for character: 0
11:57:21.317 [FXGL Background Thread 1 ] WARN  TextLevelParser      - No producer found for character: 0
11:57:21.317 [FXGL Background Thread 1 ] WARN  TextLevelParser      - No producer found for character: 0
11:57:21.317 [FXGL Background Thread 1 ] WARN  TextLevelParser      - No producer found for character: 0
11:57:21.317 [FXGL Background Thread 1 ] WARN  TextLevelParser      - No producer found for character: 0
11:57:21.317 [FXGL Background Thread 1 ] WARN  TextLevelParser      - No producer found for character: 0
11:57:21.317 [FXGL Background Thread 1 ] WARN  TextLevelParser      - No producer found for character: 0
11:57:21.317 [FXGL Background Thread 1 ] WARN  TextLevelParser      - No producer found for character: 0
11:57:21.317 [FXGL Background Thread 1 ] WARN  TextLevelParser      - No producer found for character: 0
11:57:21.318 [FXGL Background Thread 1 ] WARN  TextLevelParser      - No producer found for character: 0
11:57:21.318 [FXGL Background Thread 1 ] WARN  TextLevelParser      - No producer found for character: 0
11:57:21.318 [FXGL Background Thread 1 ] WARN  TextLevelParser      - No producer found for character: 0
11:57:21.318 [FXGL Background Thread 1 ] WARN  TextLevelParser      - No producer found for character: 0
11:57:21.318 [FXGL Background Thread 1 ] WARN  TextLevelParser      - No producer found for character: 0
11:57:21.318 [FXGL Background Thread 1 ] WARN  TextLevelParser      - No producer found for character: 0
11:57:21.318 [FXGL Background Thread 1 ] WARN  TextLevelParser      - No producer found for character: 0
11:57:21.318 [FXGL Background Thread 1 ] WARN  TextLevelParser      - No producer found for character: 0
11:57:21.318 [FXGL Background Thread 1 ] WARN  TextLevelParser      - No producer found for character: 0
11:57:21.319 [FXGL Background Thread 1 ] WARN  TextLevelParser      - No producer found for character: 0
11:57:21.319 [FXGL Background Thread 1 ] WARN  TextLevelParser      - No producer found for character: 0
11:57:21.319 [FXGL Background Thread 1 ] WARN  TextLevelParser      - No producer found for character: 0
11:57:21.319 [FXGL Background Thread 1 ] WARN  TextLevelParser      - No producer found for character: 0
11:57:21.319 [FXGL Background Thread 1 ] DEBUG AssetLoader          - Loading from disk: /assets/textures/bar.png
11:57:21.321 [FXGL Background Thread 1 ] WARN  TextLevelParser      - No producer found for character: 0
11:57:21.322 [FXGL Background Thread 1 ] WARN  TextLevelParser      - No producer found for character: 0
11:57:21.322 [FXGL Background Thread 1 ] WARN  TextLevelParser      - No producer found for character: 0
11:57:21.322 [FXGL Background Thread 1 ] WARN  TextLevelParser      - No producer found for character: 0
11:57:21.322 [FXGL Background Thread 1 ] WARN  TextLevelParser      - No producer found for character: 0
11:57:21.322 [FXGL Background Thread 1 ] WARN  TextLevelParser      - No producer found for character: 0
11:57:21.322 [FXGL Background Thread 1 ] WARN  TextLevelParser      - No producer found for character: 0
11:57:21.322 [FXGL Background Thread 1 ] WARN  TextLevelParser      - No producer found for character: 0
11:57:21.322 [FXGL Background Thread 1 ] WARN  TextLevelParser      - No producer found for character: 0
11:57:21.322 [FXGL Background Thread 1 ] WARN  TextLevelParser      - No producer found for character: 0
11:57:21.323 [FXGL Background Thread 1 ] WARN  TextLevelParser      - No producer found for character: 0
11:57:21.323 [FXGL Background Thread 1 ] WARN  TextLevelParser      - No producer found for character: 0
11:57:21.323 [FXGL Background Thread 1 ] WARN  TextLevelParser      - No producer found for character: 0
11:57:21.323 [FXGL Background Thread 1 ] WARN  TextLevelParser      - No producer found for character: 0
11:57:21.323 [FXGL Background Thread 1 ] WARN  TextLevelParser      - No producer found for character: 0
11:57:21.323 [FXGL Background Thread 1 ] WARN  TextLevelParser      - No producer found for character: 0
11:57:21.323 [FXGL Background Thread 1 ] WARN  TextLevelParser      - No producer found for character: 0
11:57:21.323 [FXGL Background Thread 1 ] WARN  TextLevelParser      - No producer found for character: 0
11:57:21.324 [FXGL Background Thread 1 ] WARN  TextLevelParser      - No producer found for character: 0
11:57:21.324 [FXGL Background Thread 1 ] WARN  TextLevelParser      - No producer found for character: 0
11:57:21.324 [FXGL Background Thread 1 ] WARN  TextLevelParser      - No producer found for character: 0
11:57:21.324 [FXGL Background Thread 1 ] WARN  TextLevelParser      - No producer found for character: 0
11:57:21.324 [FXGL Background Thread 1 ] WARN  TextLevelParser      - No producer found for character: 0
11:57:21.324 [FXGL Background Thread 1 ] WARN  TextLevelParser      - No producer found for character: 0
11:57:21.324 [FXGL Background Thread 1 ] WARN  TextLevelParser      - No producer found for character: 0
11:57:21.324 [FXGL Background Thread 1 ] WARN  TextLevelParser      - No producer found for character: 0
11:57:21.325 [FXGL Background Thread 1 ] WARN  TextLevelParser      - No producer found for character: 0
11:57:21.325 [FXGL Background Thread 1 ] WARN  TextLevelParser      - No producer found for character: 0
11:57:21.325 [FXGL Background Thread 1 ] DEBUG GameWorld            - Clearing removable entities
11:57:21.326 [FXGL Background Thread 1 ] DEBUG GameWorld            - Setting level: com.almasb.fxgl.entity.Level@329fc90a
11:57:21.355 [FXGL Background Thread 1 ] DEBUG GameScene            - Creating render group for layer: DEFAULT(100000)
11:57:21.358 [FXGL Background Thread 1 ] DEBUG InitAppTask          - Initializing Physics
11:57:21.358 [FXGL Background Thread 1 ] DEBUG InitAppTask          - Initializing UI
11:57:21.358 [FXGL Background Thread 1 ] DEBUG InitAppTask          - Initialization Complete
11:57:21.358 [FXGL Background Thread 1 ] INFO  InitAppTask          - Game initialization took: 0,161 sec
11:57:21.369 [JavaFX Application Thread] DEBUG Input                - Clearing active input actions
11:57:21.369 [JavaFX Application Thread] DEBUG AssetLoader          - Loading from disk: /assets/ui/css/fxgl_dark.css
11:57:21.379 [JavaFX Application Thread] DEBUG AppStateMachine      - LoadingState -> PlayState
11:57:37.514 [JavaFX Application Thread] DEBUG FXGL                 - Exiting FXGL
11:57:37.514 [JavaFX Application Thread] DEBUG FXGL                 - Shutting down background threads
11:57:37.514 [JavaFX Application Thread] DEBUG FXGL                 - Saving FXGL system data
11:57:37.517 [JavaFX Application Thread] DEBUG DesktopFSService     - Writing to: system\fxgl.bundle
11:57:37.520 [JavaFX Application Thread] DEBUG FXGL                 - Closing logger and exiting JavaFX
