11:27:09.500 [JavaFX Application Thread] DEBUG GameApplication      - Logger initialized
11:27:09.514 [JavaFX Application Thread] DEBUG GameApplication      - Logging settings
Title: Breakout
Version: 0.1
Width: 800
Height: 600
Fullscreen: false
Intro: false
Menus: false
Profiling: false
Single step:false
App Mode: DEVELOPER
Menu Key: ESCAPE
Stage Style: DECORATED
Scene Factory: class com.almasb.fxgl.scene.SceneFactory
Dialog Factory: class com.almasb.fxgl.ui.FXGLDialogFactory
UI Factory: class com.almasb.fxgl.ui.FXGLUIFactory
Notification Service: class com.almasb.fxgl.gameplay.notification.XboxNotificationView
Exception Handler: class com.almasb.fxgl.app.FXGLExceptionHandler
11:27:09.515 [JavaFX Application Thread] DEBUG GameApplication      - Starting FXGL
11:27:09.528 [JavaFX Application Thread] INFO  FXGL                 - FXGL-0.5.4 on DESKTOP
11:27:09.528 [JavaFX Application Thread] INFO  FXGL                 - Source code and latest versions at: https://github.com/AlmasB/FXGL
11:27:09.529 [JavaFX Application Thread] INFO  FXGL                 -              Join the FXGL chat at: https://gitter.im/AlmasB/FXGL
11:27:09.529 [JavaFX Application Thread] DEBUG FXGL                 - FXGL started
11:27:09.529 [JavaFX Application Thread] DEBUG FXGL                 - Initializing FXGL
11:27:09.572 [JavaFX Application Thread] DEBUG AssetLoader          - Loading from disk: /assets/ui/cursors/fxgl_default.png
11:27:09.655 [JavaFX Application Thread] DEBUG AssetLoader          - Loading from disk: /assets/ui/fonts/VarelaRound-Regular.ttf
11:27:09.906 [JavaFX Application Thread] DEBUG MainWindow           - Creating a JavaFX scene
11:27:09.937 [JavaFX Application Thread] DEBUG MainWindow           - Target settings size: 800.0 x 600.0
11:27:09.937 [JavaFX Application Thread] DEBUG MainWindow           - Scaled scene size:    800.0 x 600.0
11:27:09.937 [JavaFX Application Thread] DEBUG MainWindow           - Scaled ratio: (1.0, 1.0)
11:27:09.939 [JavaFX Application Thread] DEBUG AssetLoader          - Loading from disk: /assets/ui/css/fxgl_dark.css
11:27:09.942 [JavaFX Application Thread] DEBUG AssetLoader          - Loading from disk: /assets/textures/fxgl_icon.png
11:27:09.958 [JavaFX Application Thread] DEBUG MainWindow           - Opening main window
11:27:10.094 [JavaFX Application Thread] DEBUG MainWindow           - Window border size: (14.4000244140625, 37.5999755859375)
11:27:10.095 [JavaFX Application Thread] DEBUG MainWindow           - Scaled size: 800.0 x 600.0
11:27:10.095 [JavaFX Application Thread] DEBUG MainWindow           - Scaled ratio: (1.0, 1.0)
11:27:10.095 [JavaFX Application Thread] DEBUG MainWindow           - Scene size: 800.0 x 600.0
11:27:10.095 [JavaFX Application Thread] DEBUG MainWindow           - Stage size: 814.4000244140625 x 637.5999755859375
11:27:10.160 [ForkJoinPool.commonPool-worker-9] DEBUG FS                   - Loaded DesktopFSService
11:27:10.161 [ForkJoinPool.commonPool-worker-9] DEBUG FXGL                 - Loading FXGL system data
11:27:10.169 [ForkJoinPool.commonPool-worker-9] DEBUG DesktopFSService     - Reading from: system\fxgl.bundle
11:27:10.183 [ForkJoinPool.commonPool-worker-9] DEBUG Bundle               - Logging bundle: FXGL
11:27:10.184 [ForkJoinPool.commonPool-worker-9] DEBUG Bundle               - FXGL.offline.timer.version.check=2019-01-24T08:55:57.713219300
11:27:10.185 [ForkJoinPool.commonPool-worker-9] DEBUG FXGL                 - Initializing state machine and application states
11:27:10.188 [ForkJoinPool.commonPool-worker-9] DEBUG AssetLoader          - Loading from disk: /assets/ui/cursors/fxgl_default.png
11:27:10.197 [ForkJoinPool.commonPool-worker-9] DEBUG AssetLoader          - Loading from disk: /assets/ui/cursors/fxgl_default.png
11:27:10.206 [ForkJoinPool.commonPool-worker-9] DEBUG AssetLoader          - Loading from cache: /assets/ui/fonts/VarelaRound-Regular.ttf
11:27:10.210 [ForkJoinPool.commonPool-worker-9] DEBUG AssetLoader          - Loading from disk: /assets/ui/cursors/fxgl_default.png
11:27:10.215 [ForkJoinPool.commonPool-worker-9] DEBUG GameScene            - Game scene initialized: 800x600
11:27:10.224 [ForkJoinPool.commonPool-worker-9] DEBUG GameWorld            - Game world initialized
11:27:10.299 [ForkJoinPool.commonPool-worker-9] DEBUG PhysicsWorld         - Physics world initialized: appHeight=600, physics.ppm=50,0
11:27:10.323 [ForkJoinPool.commonPool-worker-9] DEBUG Input                - Registered new binding: Pause - Esc
11:27:10.390 [JavaFX Application Thread] DEBUG FXGL                 - Running preInit()
11:27:10.391 [JavaFX Application Thread] DEBUG Input                - Registered new binding: Screenshot - P
11:27:10.392 [JavaFX Application Thread] DEBUG Input                - Registered new binding: Dev Options - CTRL+0
11:27:10.392 [JavaFX Application Thread] DEBUG Input                - Registered new binding: System info dump - CTRL+9
11:27:10.393 [JavaFX Application Thread] DEBUG Input                - Registered new binding: Restart - CTRL+R
11:27:10.394 [JavaFX Application Thread] INFO  FXGL                 - FXGL initialization took: 0,864 sec
11:27:10.394 [JavaFX Application Thread] DEBUG LoopRunner           - Starting loop
11:27:10.396 [JavaFX Application Thread] DEBUG StartupState         - STARTUP
11:27:10.396 [JavaFX Application Thread] DEBUG GameApplication      - Starting new game
11:27:10.396 [JavaFX Application Thread] DEBUG Input                - Clearing active input actions
11:27:10.397 [JavaFX Application Thread] DEBUG AssetLoader          - Loading from disk: /assets/ui/css/fxgl_dark.css
11:27:10.406 [JavaFX Application Thread] DEBUG AppStateMachine      - StartupState -> LoadingState
11:27:10.411 [FXGL Background Thread 1 ] DEBUG InitAppTask          - Clearing previous game
11:27:10.412 [FXGL Background Thread 1 ] DEBUG GameWorld            - Clearing game world
11:27:10.412 [FXGL Background Thread 1 ] DEBUG PhysicsWorld         - Clearing physics world
11:27:10.412 [FXGL Background Thread 1 ] DEBUG GameScene            - Clearing game scene
11:27:10.414 [FXGL Background Thread 1 ] DEBUG InitAppTask          - Initializing Game
11:27:10.440 [FXGL Background Thread 1 ] DEBUG AssetLoader          - Loading from disk: /assets/text/levels/somebricks.txt
11:27:10.450 [FXGL Background Thread 1 ] WARN  TextLevelParser      - No producer found for character: 0
11:27:10.451 [FXGL Background Thread 1 ] WARN  TextLevelParser      - No producer found for character: 0
11:27:10.451 [FXGL Background Thread 1 ] WARN  TextLevelParser      - No producer found for character: 0
11:27:10.451 [FXGL Background Thread 1 ] WARN  TextLevelParser      - No producer found for character: 0
11:27:10.451 [FXGL Background Thread 1 ] WARN  TextLevelParser      - No producer found for character: 0
11:27:10.451 [FXGL Background Thread 1 ] WARN  TextLevelParser      - No producer found for character: 0
11:27:10.452 [FXGL Background Thread 1 ] WARN  TextLevelParser      - No producer found for character: 0
11:27:10.452 [FXGL Background Thread 1 ] WARN  TextLevelParser      - No producer found for character: 0
11:27:10.452 [FXGL Background Thread 1 ] WARN  TextLevelParser      - No producer found for character: 0
11:27:10.452 [FXGL Background Thread 1 ] WARN  TextLevelParser      - No producer found for character: 0
11:27:10.452 [FXGL Background Thread 1 ] WARN  TextLevelParser      - No producer found for character: 0
11:27:10.453 [FXGL Background Thread 1 ] WARN  TextLevelParser      - No producer found for character: 0
11:27:10.453 [FXGL Background Thread 1 ] WARN  TextLevelParser      - No producer found for character: 0
11:27:10.453 [FXGL Background Thread 1 ] WARN  TextLevelParser      - No producer found for character: 0
11:27:10.453 [FXGL Background Thread 1 ] WARN  TextLevelParser      - No producer found for character: 0
11:27:10.453 [FXGL Background Thread 1 ] WARN  TextLevelParser      - No producer found for character: 0
11:27:10.454 [FXGL Background Thread 1 ] WARN  TextLevelParser      - No producer found for character: 0
11:27:10.454 [FXGL Background Thread 1 ] WARN  TextLevelParser      - No producer found for character: 0
11:27:10.454 [FXGL Background Thread 1 ] WARN  TextLevelParser      - No producer found for character: 0
11:27:10.454 [FXGL Background Thread 1 ] WARN  TextLevelParser      - No producer found for character: 0
11:27:10.483 [FXGL Background Thread 1 ] DEBUG AssetLoader          - Loading from disk: /assets/textures/brick1.png
11:27:10.493 [FXGL Background Thread 1 ] WARN  TextLevelParser      - No producer found for character: 0
11:27:10.494 [FXGL Background Thread 1 ] DEBUG AssetLoader          - Loading from cache: /assets/textures/brick1.png
11:27:10.495 [FXGL Background Thread 1 ] WARN  TextLevelParser      - No producer found for character: 0
11:27:10.496 [FXGL Background Thread 1 ] DEBUG AssetLoader          - Loading from cache: /assets/textures/brick1.png
11:27:10.497 [FXGL Background Thread 1 ] WARN  TextLevelParser      - No producer found for character: 0
11:27:10.498 [FXGL Background Thread 1 ] DEBUG AssetLoader          - Loading from cache: /assets/textures/brick1.png
11:27:10.499 [FXGL Background Thread 1 ] WARN  TextLevelParser      - No producer found for character: 0
11:27:10.500 [FXGL Background Thread 1 ] DEBUG AssetLoader          - Loading from cache: /assets/textures/brick1.png
11:27:10.501 [FXGL Background Thread 1 ] WARN  TextLevelParser      - No producer found for character: 0
11:27:10.502 [FXGL Background Thread 1 ] DEBUG AssetLoader          - Loading from cache: /assets/textures/brick1.png
11:27:10.503 [FXGL Background Thread 1 ] WARN  TextLevelParser      - No producer found for character: 0
11:27:10.504 [FXGL Background Thread 1 ] DEBUG AssetLoader          - Loading from cache: /assets/textures/brick1.png
11:27:10.504 [FXGL Background Thread 1 ] WARN  TextLevelParser      - No producer found for character: 0
11:27:10.505 [FXGL Background Thread 1 ] DEBUG AssetLoader          - Loading from cache: /assets/textures/brick1.png
11:27:10.506 [FXGL Background Thread 1 ] WARN  TextLevelParser      - No producer found for character: 0
11:27:10.506 [FXGL Background Thread 1 ] DEBUG AssetLoader          - Loading from cache: /assets/textures/brick1.png
11:27:10.507 [FXGL Background Thread 1 ] WARN  TextLevelParser      - No producer found for character: 0
11:27:10.508 [FXGL Background Thread 1 ] DEBUG AssetLoader          - Loading from cache: /assets/textures/brick1.png
11:27:10.508 [FXGL Background Thread 1 ] WARN  TextLevelParser      - No producer found for character: 0
11:27:10.508 [FXGL Background Thread 1 ] WARN  TextLevelParser      - No producer found for character: 0
11:27:10.509 [FXGL Background Thread 1 ] WARN  TextLevelParser      - No producer found for character: 0
11:27:10.509 [FXGL Background Thread 1 ] WARN  TextLevelParser      - No producer found for character: 0
11:27:10.509 [FXGL Background Thread 1 ] WARN  TextLevelParser      - No producer found for character: 0
11:27:10.509 [FXGL Background Thread 1 ] WARN  TextLevelParser      - No producer found for character: 0
11:27:10.509 [FXGL Background Thread 1 ] WARN  TextLevelParser      - No producer found for character: 0
11:27:10.509 [FXGL Background Thread 1 ] WARN  TextLevelParser      - No producer found for character: 0
11:27:10.509 [FXGL Background Thread 1 ] WARN  TextLevelParser      - No producer found for character: 0
11:27:10.509 [FXGL Background Thread 1 ] WARN  TextLevelParser      - No producer found for character: 0
11:27:10.510 [FXGL Background Thread 1 ] WARN  TextLevelParser      - No producer found for character: 0
11:27:10.510 [FXGL Background Thread 1 ] WARN  TextLevelParser      - No producer found for character: 0
11:27:10.510 [FXGL Background Thread 1 ] WARN  TextLevelParser      - No producer found for character: 0
11:27:10.510 [FXGL Background Thread 1 ] WARN  TextLevelParser      - No producer found for character: 0
11:27:10.510 [FXGL Background Thread 1 ] WARN  TextLevelParser      - No producer found for character: 0
11:27:10.510 [FXGL Background Thread 1 ] WARN  TextLevelParser      - No producer found for character: 0
11:27:10.510 [FXGL Background Thread 1 ] WARN  TextLevelParser      - No producer found for character: 0
11:27:10.510 [FXGL Background Thread 1 ] WARN  TextLevelParser      - No producer found for character: 0
11:27:10.510 [FXGL Background Thread 1 ] WARN  TextLevelParser      - No producer found for character: 0
11:27:10.510 [FXGL Background Thread 1 ] WARN  TextLevelParser      - No producer found for character: 0
11:27:10.511 [FXGL Background Thread 1 ] WARN  TextLevelParser      - No producer found for character: 0
11:27:10.511 [FXGL Background Thread 1 ] WARN  TextLevelParser      - No producer found for character: 0
11:27:10.511 [FXGL Background Thread 1 ] WARN  TextLevelParser      - No producer found for character: 0
11:27:10.511 [FXGL Background Thread 1 ] WARN  TextLevelParser      - No producer found for character: 0
11:27:10.511 [FXGL Background Thread 1 ] WARN  TextLevelParser      - No producer found for character: 0
11:27:10.511 [FXGL Background Thread 1 ] WARN  TextLevelParser      - No producer found for character: 0
11:27:10.511 [FXGL Background Thread 1 ] WARN  TextLevelParser      - No producer found for character: 0
11:27:10.511 [FXGL Background Thread 1 ] WARN  TextLevelParser      - No producer found for character: 0
11:27:10.511 [FXGL Background Thread 1 ] WARN  TextLevelParser      - No producer found for character: 0
11:27:10.512 [FXGL Background Thread 1 ] WARN  TextLevelParser      - No producer found for character: 0
11:27:10.512 [FXGL Background Thread 1 ] WARN  TextLevelParser      - No producer found for character: 0
11:27:10.512 [FXGL Background Thread 1 ] WARN  TextLevelParser      - No producer found for character: 0
11:27:10.512 [FXGL Background Thread 1 ] WARN  TextLevelParser      - No producer found for character: 0
11:27:10.512 [FXGL Background Thread 1 ] WARN  TextLevelParser      - No producer found for character: 0
11:27:10.512 [FXGL Background Thread 1 ] WARN  TextLevelParser      - No producer found for character: 0
11:27:10.512 [FXGL Background Thread 1 ] WARN  TextLevelParser      - No producer found for character: 0
11:27:10.513 [FXGL Background Thread 1 ] WARN  TextLevelParser      - No producer found for character: 0
11:27:10.513 [FXGL Background Thread 1 ] WARN  TextLevelParser      - No producer found for character: 0
11:27:10.513 [FXGL Background Thread 1 ] WARN  TextLevelParser      - No producer found for character: 0
11:27:10.513 [FXGL Background Thread 1 ] WARN  TextLevelParser      - No producer found for character: 0
11:27:10.513 [FXGL Background Thread 1 ] WARN  TextLevelParser      - No producer found for character: 0
11:27:10.513 [FXGL Background Thread 1 ] WARN  TextLevelParser      - No producer found for character: 0
11:27:10.513 [FXGL Background Thread 1 ] WARN  TextLevelParser      - No producer found for character: 0
11:27:10.513 [FXGL Background Thread 1 ] WARN  TextLevelParser      - No producer found for character: 0
11:27:10.513 [FXGL Background Thread 1 ] WARN  TextLevelParser      - No producer found for character: 0
11:27:10.514 [FXGL Background Thread 1 ] WARN  TextLevelParser      - No producer found for character: 0
11:27:10.514 [FXGL Background Thread 1 ] WARN  TextLevelParser      - No producer found for character: 0
11:27:10.514 [FXGL Background Thread 1 ] WARN  TextLevelParser      - No producer found for character: 0
11:27:10.514 [FXGL Background Thread 1 ] WARN  TextLevelParser      - No producer found for character: 0
11:27:10.514 [FXGL Background Thread 1 ] WARN  TextLevelParser      - No producer found for character: 0
11:27:10.514 [FXGL Background Thread 1 ] WARN  TextLevelParser      - No producer found for character: 0
11:27:10.514 [FXGL Background Thread 1 ] WARN  TextLevelParser      - No producer found for character: 0
11:27:10.514 [FXGL Background Thread 1 ] WARN  TextLevelParser      - No producer found for character: 0
11:27:10.515 [FXGL Background Thread 1 ] WARN  TextLevelParser      - No producer found for character: 0
11:27:10.515 [FXGL Background Thread 1 ] WARN  TextLevelParser      - No producer found for character: 0
11:27:10.515 [FXGL Background Thread 1 ] WARN  TextLevelParser      - No producer found for character: 0
11:27:10.515 [FXGL Background Thread 1 ] WARN  TextLevelParser      - No producer found for character: 0
11:27:10.515 [FXGL Background Thread 1 ] WARN  TextLevelParser      - No producer found for character: 0
11:27:10.515 [FXGL Background Thread 1 ] WARN  TextLevelParser      - No producer found for character: 0
11:27:10.515 [FXGL Background Thread 1 ] WARN  TextLevelParser      - No producer found for character: 0
11:27:10.515 [FXGL Background Thread 1 ] WARN  TextLevelParser      - No producer found for character: 0
11:27:10.516 [FXGL Background Thread 1 ] WARN  TextLevelParser      - No producer found for character: 0
11:27:10.516 [FXGL Background Thread 1 ] WARN  TextLevelParser      - No producer found for character: 0
11:27:10.516 [FXGL Background Thread 1 ] WARN  TextLevelParser      - No producer found for character: 0
11:27:10.516 [FXGL Background Thread 1 ] WARN  TextLevelParser      - No producer found for character: 0
11:27:10.516 [FXGL Background Thread 1 ] WARN  TextLevelParser      - No producer found for character: 0
11:27:10.516 [FXGL Background Thread 1 ] WARN  TextLevelParser      - No producer found for character: 0
11:27:10.517 [FXGL Background Thread 1 ] WARN  TextLevelParser      - No producer found for character: 0
11:27:10.517 [FXGL Background Thread 1 ] WARN  TextLevelParser      - No producer found for character: 0
11:27:10.517 [FXGL Background Thread 1 ] WARN  TextLevelParser      - No producer found for character: 0
11:27:10.517 [FXGL Background Thread 1 ] WARN  TextLevelParser      - No producer found for character: 0
11:27:10.517 [FXGL Background Thread 1 ] WARN  TextLevelParser      - No producer found for character: 0
11:27:10.517 [FXGL Background Thread 1 ] WARN  TextLevelParser      - No producer found for character: 0
11:27:10.517 [FXGL Background Thread 1 ] WARN  TextLevelParser      - No producer found for character: 0
11:27:10.517 [FXGL Background Thread 1 ] WARN  TextLevelParser      - No producer found for character: 0
11:27:10.518 [FXGL Background Thread 1 ] WARN  TextLevelParser      - No producer found for character: 0
11:27:10.518 [FXGL Background Thread 1 ] WARN  TextLevelParser      - No producer found for character: 0
11:27:10.518 [FXGL Background Thread 1 ] WARN  TextLevelParser      - No producer found for character: 0
11:27:10.518 [FXGL Background Thread 1 ] WARN  TextLevelParser      - No producer found for character: 0
11:27:10.518 [FXGL Background Thread 1 ] WARN  TextLevelParser      - No producer found for character: 0
11:27:10.518 [FXGL Background Thread 1 ] WARN  TextLevelParser      - No producer found for character: 0
11:27:10.518 [FXGL Background Thread 1 ] WARN  TextLevelParser      - No producer found for character: 0
11:27:10.518 [FXGL Background Thread 1 ] WARN  TextLevelParser      - No producer found for character: 0
11:27:10.519 [FXGL Background Thread 1 ] WARN  TextLevelParser      - No producer found for character: 0
11:27:10.519 [FXGL Background Thread 1 ] WARN  TextLevelParser      - No producer found for character: 0
11:27:10.519 [FXGL Background Thread 1 ] WARN  TextLevelParser      - No producer found for character: 0
11:27:10.519 [FXGL Background Thread 1 ] WARN  TextLevelParser      - No producer found for character: 0
11:27:10.519 [FXGL Background Thread 1 ] WARN  TextLevelParser      - No producer found for character: 0
11:27:10.519 [FXGL Background Thread 1 ] WARN  TextLevelParser      - No producer found for character: 0
11:27:10.519 [FXGL Background Thread 1 ] WARN  TextLevelParser      - No producer found for character: 0
11:27:10.520 [FXGL Background Thread 1 ] WARN  TextLevelParser      - No producer found for character: 0
11:27:10.520 [FXGL Background Thread 1 ] WARN  TextLevelParser      - No producer found for character: 0
11:27:10.520 [FXGL Background Thread 1 ] WARN  TextLevelParser      - No producer found for character: 0
11:27:10.520 [FXGL Background Thread 1 ] WARN  TextLevelParser      - No producer found for character: 0
11:27:10.520 [FXGL Background Thread 1 ] WARN  TextLevelParser      - No producer found for character: 0
11:27:10.520 [FXGL Background Thread 1 ] WARN  TextLevelParser      - No producer found for character: 0
11:27:10.520 [FXGL Background Thread 1 ] WARN  TextLevelParser      - No producer found for character: 0
11:27:10.520 [FXGL Background Thread 1 ] WARN  TextLevelParser      - No producer found for character: 0
11:27:10.520 [FXGL Background Thread 1 ] WARN  TextLevelParser      - No producer found for character: 0
11:27:10.520 [FXGL Background Thread 1 ] WARN  TextLevelParser      - No producer found for character: 0
11:27:10.521 [FXGL Background Thread 1 ] WARN  TextLevelParser      - No producer found for character: 0
11:27:10.521 [FXGL Background Thread 1 ] WARN  TextLevelParser      - No producer found for character: 0
11:27:10.521 [FXGL Background Thread 1 ] WARN  TextLevelParser      - No producer found for character: 0
11:27:10.521 [FXGL Background Thread 1 ] WARN  TextLevelParser      - No producer found for character: 0
11:27:10.521 [FXGL Background Thread 1 ] WARN  TextLevelParser      - No producer found for character: 0
11:27:10.521 [FXGL Background Thread 1 ] WARN  TextLevelParser      - No producer found for character: 0
11:27:10.521 [FXGL Background Thread 1 ] WARN  TextLevelParser      - No producer found for character: 0
11:27:10.521 [FXGL Background Thread 1 ] WARN  TextLevelParser      - No producer found for character: 0
11:27:10.521 [FXGL Background Thread 1 ] WARN  TextLevelParser      - No producer found for character: 0
11:27:10.521 [FXGL Background Thread 1 ] WARN  TextLevelParser      - No producer found for character: 0
11:27:10.521 [FXGL Background Thread 1 ] WARN  TextLevelParser      - No producer found for character: 0
11:27:10.521 [FXGL Background Thread 1 ] WARN  TextLevelParser      - No producer found for character: 0
11:27:10.522 [FXGL Background Thread 1 ] WARN  TextLevelParser      - No producer found for character: 0
11:27:10.522 [FXGL Background Thread 1 ] WARN  TextLevelParser      - No producer found for character: 0
11:27:10.522 [FXGL Background Thread 1 ] WARN  TextLevelParser      - No producer found for character: 0
11:27:10.522 [FXGL Background Thread 1 ] WARN  TextLevelParser      - No producer found for character: 0
11:27:10.522 [FXGL Background Thread 1 ] WARN  TextLevelParser      - No producer found for character: 0
11:27:10.522 [FXGL Background Thread 1 ] WARN  TextLevelParser      - No producer found for character: 0
11:27:10.522 [FXGL Background Thread 1 ] WARN  TextLevelParser      - No producer found for character: 0
11:27:10.522 [FXGL Background Thread 1 ] WARN  TextLevelParser      - No producer found for character: 0
11:27:10.523 [FXGL Background Thread 1 ] WARN  TextLevelParser      - No producer found for character: 0
11:27:10.523 [FXGL Background Thread 1 ] WARN  TextLevelParser      - No producer found for character: 0
11:27:10.523 [FXGL Background Thread 1 ] WARN  TextLevelParser      - No producer found for character: 0
11:27:10.523 [FXGL Background Thread 1 ] WARN  TextLevelParser      - No producer found for character: 0
11:27:10.523 [FXGL Background Thread 1 ] WARN  TextLevelParser      - No producer found for character: 0
11:27:10.523 [FXGL Background Thread 1 ] WARN  TextLevelParser      - No producer found for character: 0
11:27:10.523 [FXGL Background Thread 1 ] WARN  TextLevelParser      - No producer found for character: 0
11:27:10.524 [FXGL Background Thread 1 ] WARN  TextLevelParser      - No producer found for character: 0
11:27:10.524 [FXGL Background Thread 1 ] WARN  TextLevelParser      - No producer found for character: 0
11:27:10.524 [FXGL Background Thread 1 ] WARN  TextLevelParser      - No producer found for character: 0
11:27:10.524 [FXGL Background Thread 1 ] WARN  TextLevelParser      - No producer found for character: 0
11:27:10.524 [FXGL Background Thread 1 ] WARN  TextLevelParser      - No producer found for character: 0
11:27:10.524 [FXGL Background Thread 1 ] WARN  TextLevelParser      - No producer found for character: 0
11:27:10.524 [FXGL Background Thread 1 ] WARN  TextLevelParser      - No producer found for character: 0
11:27:10.524 [FXGL Background Thread 1 ] WARN  TextLevelParser      - No producer found for character: 0
11:27:10.525 [FXGL Background Thread 1 ] WARN  TextLevelParser      - No producer found for character: 0
11:27:10.525 [FXGL Background Thread 1 ] WARN  TextLevelParser      - No producer found for character: 0
11:27:10.525 [FXGL Background Thread 1 ] WARN  TextLevelParser      - No producer found for character: 0
11:27:10.525 [FXGL Background Thread 1 ] WARN  TextLevelParser      - No producer found for character: 0
11:27:10.525 [FXGL Background Thread 1 ] WARN  TextLevelParser      - No producer found for character: 0
11:27:10.525 [FXGL Background Thread 1 ] WARN  TextLevelParser      - No producer found for character: 0
11:27:10.525 [FXGL Background Thread 1 ] WARN  TextLevelParser      - No producer found for character: 0
11:27:10.526 [FXGL Background Thread 1 ] WARN  TextLevelParser      - No producer found for character: 0
11:27:10.526 [FXGL Background Thread 1 ] WARN  TextLevelParser      - No producer found for character: 0
11:27:10.526 [FXGL Background Thread 1 ] WARN  TextLevelParser      - No producer found for character: 0
11:27:10.526 [FXGL Background Thread 1 ] WARN  TextLevelParser      - No producer found for character: 0
11:27:10.526 [FXGL Background Thread 1 ] WARN  TextLevelParser      - No producer found for character: 0
11:27:10.526 [FXGL Background Thread 1 ] WARN  TextLevelParser      - No producer found for character: 0
11:27:10.526 [FXGL Background Thread 1 ] WARN  TextLevelParser      - No producer found for character: 0
11:27:10.526 [FXGL Background Thread 1 ] WARN  TextLevelParser      - No producer found for character: 0
11:27:10.527 [FXGL Background Thread 1 ] WARN  TextLevelParser      - No producer found for character: 0
11:27:10.527 [FXGL Background Thread 1 ] WARN  TextLevelParser      - No producer found for character: 0
11:27:10.527 [FXGL Background Thread 1 ] WARN  TextLevelParser      - No producer found for character: 0
11:27:10.527 [FXGL Background Thread 1 ] WARN  TextLevelParser      - No producer found for character: 0
11:27:10.527 [FXGL Background Thread 1 ] WARN  TextLevelParser      - No producer found for character: 0
11:27:10.527 [FXGL Background Thread 1 ] WARN  TextLevelParser      - No producer found for character: 0
11:27:10.527 [FXGL Background Thread 1 ] WARN  TextLevelParser      - No producer found for character: 0
11:27:10.527 [FXGL Background Thread 1 ] WARN  TextLevelParser      - No producer found for character: 0
11:27:10.528 [FXGL Background Thread 1 ] WARN  TextLevelParser      - No producer found for character: 0
11:27:10.528 [FXGL Background Thread 1 ] WARN  TextLevelParser      - No producer found for character: 0
11:27:10.528 [FXGL Background Thread 1 ] WARN  TextLevelParser      - No producer found for character: 0
11:27:10.528 [FXGL Background Thread 1 ] WARN  TextLevelParser      - No producer found for character: 0
11:27:10.528 [FXGL Background Thread 1 ] WARN  TextLevelParser      - No producer found for character: 0
11:27:10.528 [FXGL Background Thread 1 ] WARN  TextLevelParser      - No producer found for character: 0
11:27:10.528 [FXGL Background Thread 1 ] WARN  TextLevelParser      - No producer found for character: 0
11:27:10.528 [FXGL Background Thread 1 ] WARN  TextLevelParser      - No producer found for character: 0
11:27:10.528 [FXGL Background Thread 1 ] WARN  TextLevelParser      - No producer found for character: 0
11:27:10.528 [FXGL Background Thread 1 ] WARN  TextLevelParser      - No producer found for character: 0
11:27:10.528 [FXGL Background Thread 1 ] WARN  TextLevelParser      - No producer found for character: 0
11:27:10.528 [FXGL Background Thread 1 ] WARN  TextLevelParser      - No producer found for character: 0
11:27:10.528 [FXGL Background Thread 1 ] WARN  TextLevelParser      - No producer found for character: 0
11:27:10.528 [FXGL Background Thread 1 ] WARN  TextLevelParser      - No producer found for character: 0
11:27:10.528 [FXGL Background Thread 1 ] WARN  TextLevelParser      - No producer found for character: 0
11:27:10.528 [FXGL Background Thread 1 ] WARN  TextLevelParser      - No producer found for character: 0
11:27:10.529 [FXGL Background Thread 1 ] WARN  TextLevelParser      - No producer found for character: 0
11:27:10.529 [FXGL Background Thread 1 ] WARN  TextLevelParser      - No producer found for character: 0
11:27:10.529 [FXGL Background Thread 1 ] WARN  TextLevelParser      - No producer found for character: 0
11:27:10.529 [FXGL Background Thread 1 ] WARN  TextLevelParser      - No producer found for character: 0
11:27:10.529 [FXGL Background Thread 1 ] WARN  TextLevelParser      - No producer found for character: 0
11:27:10.529 [FXGL Background Thread 1 ] WARN  TextLevelParser      - No producer found for character: 0
11:27:10.529 [FXGL Background Thread 1 ] WARN  TextLevelParser      - No producer found for character: 0
11:27:10.529 [FXGL Background Thread 1 ] WARN  TextLevelParser      - No producer found for character: 0
11:27:10.529 [FXGL Background Thread 1 ] WARN  TextLevelParser      - No producer found for character: 0
11:27:10.530 [FXGL Background Thread 1 ] WARN  TextLevelParser      - No producer found for character: 0
11:27:10.530 [FXGL Background Thread 1 ] WARN  TextLevelParser      - No producer found for character: 0
11:27:10.530 [FXGL Background Thread 1 ] WARN  TextLevelParser      - No producer found for character: 0
11:27:10.530 [FXGL Background Thread 1 ] WARN  TextLevelParser      - No producer found for character: 0
11:27:10.530 [FXGL Background Thread 1 ] WARN  TextLevelParser      - No producer found for character: 0
11:27:10.530 [FXGL Background Thread 1 ] WARN  TextLevelParser      - No producer found for character: 0
11:27:10.530 [FXGL Background Thread 1 ] WARN  TextLevelParser      - No producer found for character: 0
11:27:10.530 [FXGL Background Thread 1 ] WARN  TextLevelParser      - No producer found for character: 0
11:27:10.530 [FXGL Background Thread 1 ] WARN  TextLevelParser      - No producer found for character: 0
11:27:10.531 [FXGL Background Thread 1 ] WARN  TextLevelParser      - No producer found for character: 0
11:27:10.531 [FXGL Background Thread 1 ] WARN  TextLevelParser      - No producer found for character: 0
11:27:10.531 [FXGL Background Thread 1 ] WARN  TextLevelParser      - No producer found for character: 0
11:27:10.531 [FXGL Background Thread 1 ] WARN  TextLevelParser      - No producer found for character: 0
11:27:10.531 [FXGL Background Thread 1 ] WARN  TextLevelParser      - No producer found for character: 0
11:27:10.532 [FXGL Background Thread 1 ] WARN  TextLevelParser      - No producer found for character: 0
11:27:10.532 [FXGL Background Thread 1 ] WARN  TextLevelParser      - No producer found for character: 0
11:27:10.533 [FXGL Background Thread 1 ] DEBUG AssetLoader          - Loading from disk: /assets/textures/bar.png
11:27:10.535 [FXGL Background Thread 1 ] WARN  TextLevelParser      - No producer found for character: 0
11:27:10.535 [FXGL Background Thread 1 ] WARN  TextLevelParser      - No producer found for character: 0
11:27:10.535 [FXGL Background Thread 1 ] WARN  TextLevelParser      - No producer found for character: 0
11:27:10.535 [FXGL Background Thread 1 ] WARN  TextLevelParser      - No producer found for character: 0
11:27:10.536 [FXGL Background Thread 1 ] WARN  TextLevelParser      - No producer found for character: 0
11:27:10.536 [FXGL Background Thread 1 ] WARN  TextLevelParser      - No producer found for character: 0
11:27:10.536 [FXGL Background Thread 1 ] WARN  TextLevelParser      - No producer found for character: 0
11:27:10.536 [FXGL Background Thread 1 ] WARN  TextLevelParser      - No producer found for character: 0
11:27:10.536 [FXGL Background Thread 1 ] WARN  TextLevelParser      - No producer found for character: 0
11:27:10.536 [FXGL Background Thread 1 ] WARN  TextLevelParser      - No producer found for character: 0
11:27:10.536 [FXGL Background Thread 1 ] WARN  TextLevelParser      - No producer found for character: 0
11:27:10.536 [FXGL Background Thread 1 ] WARN  TextLevelParser      - No producer found for character: 0
11:27:10.536 [FXGL Background Thread 1 ] WARN  TextLevelParser      - No producer found for character: 0
11:27:10.536 [FXGL Background Thread 1 ] WARN  TextLevelParser      - No producer found for character: 0
11:27:10.537 [FXGL Background Thread 1 ] WARN  TextLevelParser      - No producer found for character: 0
11:27:10.537 [FXGL Background Thread 1 ] WARN  TextLevelParser      - No producer found for character: 0
11:27:10.537 [FXGL Background Thread 1 ] WARN  TextLevelParser      - No producer found for character: 0
11:27:10.537 [FXGL Background Thread 1 ] WARN  TextLevelParser      - No producer found for character: 0
11:27:10.537 [FXGL Background Thread 1 ] WARN  TextLevelParser      - No producer found for character: 0
11:27:10.537 [FXGL Background Thread 1 ] WARN  TextLevelParser      - No producer found for character: 0
11:27:10.537 [FXGL Background Thread 1 ] WARN  TextLevelParser      - No producer found for character: 0
11:27:10.537 [FXGL Background Thread 1 ] WARN  TextLevelParser      - No producer found for character: 0
11:27:10.537 [FXGL Background Thread 1 ] WARN  TextLevelParser      - No producer found for character: 0
11:27:10.537 [FXGL Background Thread 1 ] WARN  TextLevelParser      - No producer found for character: 0
11:27:10.537 [FXGL Background Thread 1 ] WARN  TextLevelParser      - No producer found for character: 0
11:27:10.538 [FXGL Background Thread 1 ] WARN  TextLevelParser      - No producer found for character: 0
11:27:10.538 [FXGL Background Thread 1 ] WARN  TextLevelParser      - No producer found for character: 0
11:27:10.538 [FXGL Background Thread 1 ] WARN  TextLevelParser      - No producer found for character: 0
11:27:10.538 [FXGL Background Thread 1 ] DEBUG GameWorld            - Clearing removable entities
11:27:10.538 [FXGL Background Thread 1 ] DEBUG GameWorld            - Setting level: com.almasb.fxgl.entity.Level@648241b7
11:27:10.564 [FXGL Background Thread 1 ] DEBUG GameScene            - Creating render group for layer: DEFAULT(100000)
11:27:10.568 [FXGL Background Thread 1 ] DEBUG InitAppTask          - Initializing Physics
11:27:10.568 [FXGL Background Thread 1 ] DEBUG InitAppTask          - Initializing UI
11:27:10.568 [FXGL Background Thread 1 ] DEBUG InitAppTask          - Initialization Complete
11:27:10.568 [FXGL Background Thread 1 ] INFO  InitAppTask          - Game initialization took: 0,157 sec
11:27:10.582 [JavaFX Application Thread] DEBUG Input                - Clearing active input actions
11:27:10.582 [JavaFX Application Thread] DEBUG AssetLoader          - Loading from disk: /assets/ui/css/fxgl_dark.css
11:27:10.595 [JavaFX Application Thread] DEBUG AppStateMachine      - LoadingState -> PlayState
11:27:20.248 [JavaFX Application Thread] DEBUG FXGL                 - Exiting FXGL
11:27:20.248 [JavaFX Application Thread] DEBUG FXGL                 - Shutting down background threads
11:27:20.248 [JavaFX Application Thread] DEBUG FXGL                 - Saving FXGL system data
11:27:20.252 [JavaFX Application Thread] DEBUG DesktopFSService     - Writing to: system\fxgl.bundle
11:27:20.256 [JavaFX Application Thread] DEBUG FXGL                 - Closing logger and exiting JavaFX
