08:32:02.107 [JavaFX Application Thread] DEBUG GameApplication      - Logger initialized
08:32:02.124 [JavaFX Application Thread] DEBUG MainWindow           - Creating a JavaFX scene
08:32:02.233 [JavaFX Application Thread] DEBUG MainWindow           - Target settings size: 900.0 x 780.0
08:32:02.233 [JavaFX Application Thread] DEBUG MainWindow           - Scaled scene size:    900.0 x 780.0
08:32:02.233 [JavaFX Application Thread] DEBUG MainWindow           - Scaled ratio: (1.0, 1.0)
08:32:02.236 [JavaFX Application Thread] DEBUG GameApplication      - Starting FXGL
08:32:02.258 [FXGL Launcher Thread     ] INFO  FXGL                 - FXGL-0.5.0 on DESKTOP
08:32:02.258 [FXGL Launcher Thread     ] INFO  FXGL                 - Source code and latest versions at: https://github.com/AlmasB/FXGL
08:32:02.258 [FXGL Launcher Thread     ] INFO  FXGL                 -              Join the FXGL chat at: https://gitter.im/AlmasB/FXGL
08:32:02.264 [FXGL Launcher Thread     ] DEBUG FXGL                 - Loading FXGL system data
08:32:02.274 [FXGL Launcher Thread     ] DEBUG FS                   - Reading from: system\fxgl.bundle
08:32:02.285 [FXGL Launcher Thread     ] DEBUG Bundle               - Logging bundle: FXGL
08:32:02.285 [FXGL Launcher Thread     ] DEBUG Bundle               - FXGL.offline.timer.version.check=2019-01-24T08:55:57.713219300
08:32:02.315 [FXGL Launcher Thread     ] DEBUG GameApplication      - FXGL started
08:32:02.316 [FXGL Launcher Thread     ] DEBUG GameApplication      - Logging game settings
Title: Breakout
Version: 0.1
Width: 900
Height: 780
Fullscreen: false
Intro: false
Menus: false
Profiling: false
Single step:false
App Mode: DEVELOPER
Menu Key: ESCAPE
Stage Style: DECORATED
Scene Factory: class com.almasb.fxgl.scene.SceneFactory
Dialog Factory: class com.almasb.fxgl.ui.FXGLDialogFactory
UI Factory: class com.almasb.fxgl.ui.FXGLUIFactory
Notification Service: class com.almasb.fxgl.gameplay.notification.XboxNotificationView
Exception Handler: class com.almasb.fxgl.app.FXGLExceptionHandler
08:32:02.317 [FXGL Launcher Thread     ] DEBUG GameApplication      - Configuring GameApplication
08:32:02.317 [FXGL Launcher Thread     ] DEBUG GameApplication      - Initializing state machine and application states
08:32:02.329 [FXGL Launcher Thread     ] DEBUG AssetLoader          - Loading from disk: /assets/ui/cursors/fxgl_default.png
08:32:02.350 [FXGL Launcher Thread     ] DEBUG AssetLoader          - Loading from disk: /assets/ui/cursors/fxgl_default.png
08:32:02.373 [FXGL Launcher Thread     ] DEBUG FXGLAssets           - Loading FXGLAssets
08:32:02.401 [FXGL Launcher Thread     ] DEBUG AssetLoader          - Loading from disk: /assets/ui/fonts/VarelaRound-Regular.ttf
08:32:02.577 [FXGL Launcher Thread     ] DEBUG AssetLoader          - Loading from disk: /assets/ui/fonts/lucida_console.ttf
08:32:02.582 [FXGL Launcher Thread     ] DEBUG AssetLoader          - Loading from disk: /assets/ui/css/fxgl_dark.css
08:32:02.582 [FXGL Launcher Thread     ] DEBUG AssetLoader          - Loading from disk: /assets/ui/icons/fxgl_icon.png
08:32:02.620 [FXGL Launcher Thread     ] DEBUG AssetLoader          - Loading from disk: /assets/ui/cursors/fxgl_default.png
08:32:02.626 [FXGL Launcher Thread     ] DEBUG AssetLoader          - Loading from disk: /assets/ui/cursors/fxgl_default.png
08:32:02.654 [FXGL Launcher Thread     ] DEBUG GameScene            - Game scene initialized: 900x780
08:32:02.663 [FXGL Launcher Thread     ] DEBUG GameWorld            - Game world initialized
08:32:02.725 [FXGL Launcher Thread     ] DEBUG PhysicsWorld         - Physics world initialized: appHeight=780, physics.ppm=50,0
08:32:02.743 [FXGL Launcher Thread     ] DEBUG Input                - Registered new binding: Pause - Esc
08:32:02.761 [FXGL Launcher Thread     ] DEBUG Input                - Clearing active input actions
08:32:02.799 [FXGL Launcher Thread     ] DEBUG AppStateMachine      - StartupState -> StartupState
08:32:02.809 [FXGL Launcher Thread     ] INFO  GameApplication      - Game configuration took:  0,493 sec
08:32:02.814 [JavaFX Application Thread] DEBUG MainWindow           - Opening main window
08:32:02.923 [JavaFX Application Thread] DEBUG MainWindow           - Window border size: (14.4000244140625, 37.5999755859375)
08:32:02.924 [JavaFX Application Thread] DEBUG MainWindow           - Scaled size: 900.0 x 780.0
08:32:02.924 [JavaFX Application Thread] DEBUG MainWindow           - Scaled ratio: (1.0, 1.0)
08:32:02.924 [JavaFX Application Thread] DEBUG MainWindow           - Scene size: 900.0 x 780.0
08:32:02.924 [JavaFX Application Thread] DEBUG MainWindow           - Stage size: 914.4000244140625 x 817.5999755859375
08:32:02.925 [JavaFX Application Thread] DEBUG GameApplication      - Running preInit()
08:32:02.927 [JavaFX Application Thread] DEBUG Input                - Registered new binding: Screenshot - P
08:32:02.928 [JavaFX Application Thread] DEBUG Input                - Registered new binding: Dev Options - CTRL+0
08:32:02.928 [JavaFX Application Thread] DEBUG Input                - Registered new binding: System info dump - CTRL+9
08:32:02.929 [JavaFX Application Thread] DEBUG Input                - Registered new binding: Restart - CTRL+R
08:32:02.929 [JavaFX Application Thread] DEBUG Input                - Registered new binding: Move Left - A
08:32:02.929 [JavaFX Application Thread] DEBUG Input                - Registered new binding: Move Right - D
08:32:02.949 [JavaFX Application Thread] DEBUG GameApplication      - Starting main loop
08:32:02.950 [JavaFX Application Thread] DEBUG StartupState         - STARTUP
08:32:02.950 [JavaFX Application Thread] DEBUG GameApplication      - Starting new game
08:32:02.951 [JavaFX Application Thread] DEBUG Input                - Clearing active input actions
08:32:02.961 [JavaFX Application Thread] DEBUG AppStateMachine      - StartupState -> LoadingState
08:32:02.963 [FXGL Background Thread 1 ] DEBUG InitAppTask          - Clearing previous game
08:32:02.964 [FXGL Background Thread 1 ] DEBUG GameWorld            - Clearing game world
08:32:02.964 [FXGL Background Thread 1 ] DEBUG PhysicsWorld         - Clearing physics world
08:32:02.964 [FXGL Background Thread 1 ] DEBUG GameScene            - Clearing game scene
08:32:02.965 [FXGL Background Thread 1 ] DEBUG InitAppTask          - Initializing Game
08:32:03.004 [FXGL Background Thread 1 ] DEBUG AssetLoader          - Loading from disk: /assets/text/levels/level1.txt
08:32:03.007 [FXGL Background Thread 1 ] WARN  FXGL.TextLevelParser - No producer found for character: 0
08:32:03.007 [FXGL Background Thread 1 ] WARN  FXGL.TextLevelParser - No producer found for character: 0
08:32:03.008 [FXGL Background Thread 1 ] WARN  FXGL.TextLevelParser - No producer found for character: 0
08:32:03.008 [FXGL Background Thread 1 ] WARN  FXGL.TextLevelParser - No producer found for character: 0
08:32:03.008 [FXGL Background Thread 1 ] WARN  FXGL.TextLevelParser - No producer found for character: 0
08:32:03.009 [FXGL Background Thread 1 ] WARN  FXGL.TextLevelParser - No producer found for character: 0
08:32:03.009 [FXGL Background Thread 1 ] WARN  FXGL.TextLevelParser - No producer found for character: 0
08:32:03.009 [FXGL Background Thread 1 ] WARN  FXGL.TextLevelParser - No producer found for character: 0
08:32:03.010 [FXGL Background Thread 1 ] WARN  FXGL.TextLevelParser - No producer found for character: 0
08:32:03.010 [FXGL Background Thread 1 ] WARN  FXGL.TextLevelParser - No producer found for character: 0
08:32:03.010 [FXGL Background Thread 1 ] WARN  FXGL.TextLevelParser - No producer found for character: 0
08:32:03.010 [FXGL Background Thread 1 ] WARN  FXGL.TextLevelParser - No producer found for character: 0
08:32:03.010 [FXGL Background Thread 1 ] WARN  FXGL.TextLevelParser - No producer found for character: 0
08:32:03.010 [FXGL Background Thread 1 ] WARN  FXGL.TextLevelParser - No producer found for character: 0
08:32:03.011 [FXGL Background Thread 1 ] WARN  FXGL.TextLevelParser - No producer found for character: 0
08:32:03.011 [FXGL Background Thread 1 ] WARN  FXGL.TextLevelParser - No producer found for character: 0
08:32:03.011 [FXGL Background Thread 1 ] WARN  FXGL.TextLevelParser - No producer found for character: 0
08:32:03.011 [FXGL Background Thread 1 ] WARN  FXGL.TextLevelParser - No producer found for character: 0
08:32:03.011 [FXGL Background Thread 1 ] WARN  FXGL.TextLevelParser - No producer found for character: 0
08:32:03.011 [FXGL Background Thread 1 ] WARN  FXGL.TextLevelParser - No producer found for character: 0
08:32:03.011 [FXGL Background Thread 1 ] WARN  FXGL.TextLevelParser - No producer found for character: 0
08:32:03.012 [FXGL Background Thread 1 ] WARN  FXGL.TextLevelParser - No producer found for character: 0
08:32:03.012 [FXGL Background Thread 1 ] WARN  FXGL.TextLevelParser - No producer found for character: 0
08:32:03.012 [FXGL Background Thread 1 ] WARN  FXGL.TextLevelParser - No producer found for character: 0
08:32:03.012 [FXGL Background Thread 1 ] WARN  FXGL.TextLevelParser - No producer found for character: 0
08:32:03.012 [FXGL Background Thread 1 ] WARN  FXGL.TextLevelParser - No producer found for character: 0
08:32:03.012 [FXGL Background Thread 1 ] WARN  FXGL.TextLevelParser - No producer found for character: 0
08:32:03.013 [FXGL Background Thread 1 ] WARN  FXGL.TextLevelParser - No producer found for character: 0
08:32:03.013 [FXGL Background Thread 1 ] WARN  FXGL.TextLevelParser - No producer found for character: 0
08:32:03.013 [FXGL Background Thread 1 ] WARN  FXGL.TextLevelParser - No producer found for character: 0
08:32:03.013 [FXGL Background Thread 1 ] WARN  FXGL.TextLevelParser - No producer found for character: 0
08:32:03.013 [FXGL Background Thread 1 ] WARN  FXGL.TextLevelParser - No producer found for character: 0
08:32:03.013 [FXGL Background Thread 1 ] WARN  FXGL.TextLevelParser - No producer found for character: 0
08:32:03.013 [FXGL Background Thread 1 ] WARN  FXGL.TextLevelParser - No producer found for character: 0
08:32:03.014 [FXGL Background Thread 1 ] WARN  FXGL.TextLevelParser - No producer found for character: 0
08:32:03.014 [FXGL Background Thread 1 ] WARN  FXGL.TextLevelParser - No producer found for character: 0
08:32:03.014 [FXGL Background Thread 1 ] WARN  FXGL.TextLevelParser - No producer found for character: 0
08:32:03.014 [FXGL Background Thread 1 ] WARN  FXGL.TextLevelParser - No producer found for character: 0
08:32:03.014 [FXGL Background Thread 1 ] WARN  FXGL.TextLevelParser - No producer found for character: 0
08:32:03.015 [FXGL Background Thread 1 ] WARN  FXGL.TextLevelParser - No producer found for character: 0
08:32:03.015 [FXGL Background Thread 1 ] WARN  FXGL.TextLevelParser - No producer found for character: 0
08:32:03.015 [FXGL Background Thread 1 ] WARN  FXGL.TextLevelParser - No producer found for character: 0
08:32:03.049 [FXGL Background Thread 1 ] DEBUG AssetLoader          - Loading from disk: /assets/textures/brick1.png
08:32:03.063 [FXGL Background Thread 1 ] WARN  FXGL.TextLevelParser - No producer found for character: 0
08:32:03.063 [FXGL Background Thread 1 ] WARN  FXGL.TextLevelParser - No producer found for character: 0
08:32:03.063 [FXGL Background Thread 1 ] WARN  FXGL.TextLevelParser - No producer found for character: 0
08:32:03.063 [FXGL Background Thread 1 ] WARN  FXGL.TextLevelParser - No producer found for character: 0
08:32:03.064 [FXGL Background Thread 1 ] WARN  FXGL.TextLevelParser - No producer found for character: 0
08:32:03.064 [FXGL Background Thread 1 ] WARN  FXGL.TextLevelParser - No producer found for character: 0
08:32:03.064 [FXGL Background Thread 1 ] WARN  FXGL.TextLevelParser - No producer found for character: 0
08:32:03.065 [FXGL Background Thread 1 ] DEBUG AssetLoader          - Loading from cache: /assets/textures/brick1.png@50.0x24.0
08:32:03.066 [FXGL Background Thread 1 ] WARN  FXGL.TextLevelParser - No producer found for character: 0
08:32:03.066 [FXGL Background Thread 1 ] WARN  FXGL.TextLevelParser - No producer found for character: 0
08:32:03.066 [FXGL Background Thread 1 ] WARN  FXGL.TextLevelParser - No producer found for character: 0
08:32:03.066 [FXGL Background Thread 1 ] WARN  FXGL.TextLevelParser - No producer found for character: 0
08:32:03.067 [FXGL Background Thread 1 ] WARN  FXGL.TextLevelParser - No producer found for character: 0
08:32:03.067 [FXGL Background Thread 1 ] WARN  FXGL.TextLevelParser - No producer found for character: 0
08:32:03.067 [FXGL Background Thread 1 ] WARN  FXGL.TextLevelParser - No producer found for character: 0
08:32:03.067 [FXGL Background Thread 1 ] WARN  FXGL.TextLevelParser - No producer found for character: 0
08:32:03.067 [FXGL Background Thread 1 ] WARN  FXGL.TextLevelParser - No producer found for character: 0
08:32:03.067 [FXGL Background Thread 1 ] WARN  FXGL.TextLevelParser - No producer found for character: 0
08:32:03.067 [FXGL Background Thread 1 ] WARN  FXGL.TextLevelParser - No producer found for character: 0
08:32:03.068 [FXGL Background Thread 1 ] WARN  FXGL.TextLevelParser - No producer found for character: 0
08:32:03.068 [FXGL Background Thread 1 ] WARN  FXGL.TextLevelParser - No producer found for character: 0
08:32:03.068 [FXGL Background Thread 1 ] WARN  FXGL.TextLevelParser - No producer found for character: 0
08:32:03.068 [FXGL Background Thread 1 ] WARN  FXGL.TextLevelParser - No producer found for character: 0
08:32:03.068 [FXGL Background Thread 1 ] WARN  FXGL.TextLevelParser - No producer found for character: 0
08:32:03.068 [FXGL Background Thread 1 ] WARN  FXGL.TextLevelParser - No producer found for character: 0
08:32:03.068 [FXGL Background Thread 1 ] WARN  FXGL.TextLevelParser - No producer found for character: 0
08:32:03.069 [FXGL Background Thread 1 ] WARN  FXGL.TextLevelParser - No producer found for character: 0
08:32:03.069 [FXGL Background Thread 1 ] WARN  FXGL.TextLevelParser - No producer found for character: 0
08:32:03.069 [FXGL Background Thread 1 ] WARN  FXGL.TextLevelParser - No producer found for character: 0
08:32:03.069 [FXGL Background Thread 1 ] WARN  FXGL.TextLevelParser - No producer found for character: 0
08:32:03.070 [FXGL Background Thread 1 ] WARN  FXGL.TextLevelParser - No producer found for character: 0
08:32:03.070 [FXGL Background Thread 1 ] WARN  FXGL.TextLevelParser - No producer found for character: 0
08:32:03.070 [FXGL Background Thread 1 ] WARN  FXGL.TextLevelParser - No producer found for character: 0
08:32:03.070 [FXGL Background Thread 1 ] WARN  FXGL.TextLevelParser - No producer found for character: 0
08:32:03.070 [FXGL Background Thread 1 ] WARN  FXGL.TextLevelParser - No producer found for character: 0
08:32:03.070 [FXGL Background Thread 1 ] WARN  FXGL.TextLevelParser - No producer found for character: 0
08:32:03.070 [FXGL Background Thread 1 ] WARN  FXGL.TextLevelParser - No producer found for character: 0
08:32:03.071 [FXGL Background Thread 1 ] WARN  FXGL.TextLevelParser - No producer found for character: 0
08:32:03.071 [FXGL Background Thread 1 ] WARN  FXGL.TextLevelParser - No producer found for character: 0
08:32:03.071 [FXGL Background Thread 1 ] WARN  FXGL.TextLevelParser - No producer found for character: 0
08:32:03.071 [FXGL Background Thread 1 ] WARN  FXGL.TextLevelParser - No producer found for character: 0
08:32:03.071 [FXGL Background Thread 1 ] WARN  FXGL.TextLevelParser - No producer found for character: 0
08:32:03.071 [FXGL Background Thread 1 ] WARN  FXGL.TextLevelParser - No producer found for character: 0
08:32:03.072 [FXGL Background Thread 1 ] WARN  FXGL.TextLevelParser - No producer found for character: 0
08:32:03.072 [FXGL Background Thread 1 ] WARN  FXGL.TextLevelParser - No producer found for character: 0
08:32:03.072 [FXGL Background Thread 1 ] WARN  FXGL.TextLevelParser - No producer found for character: 0
08:32:03.072 [FXGL Background Thread 1 ] WARN  FXGL.TextLevelParser - No producer found for character: 0
08:32:03.072 [FXGL Background Thread 1 ] WARN  FXGL.TextLevelParser - No producer found for character: 0
08:32:03.072 [FXGL Background Thread 1 ] WARN  FXGL.TextLevelParser - No producer found for character: 0
08:32:03.072 [FXGL Background Thread 1 ] WARN  FXGL.TextLevelParser - No producer found for character: 0
08:32:03.073 [FXGL Background Thread 1 ] WARN  FXGL.TextLevelParser - No producer found for character: 0
08:32:03.073 [FXGL Background Thread 1 ] WARN  FXGL.TextLevelParser - No producer found for character: 0
08:32:03.073 [FXGL Background Thread 1 ] WARN  FXGL.TextLevelParser - No producer found for character: 0
08:32:03.073 [FXGL Background Thread 1 ] WARN  FXGL.TextLevelParser - No producer found for character: 0
08:32:03.073 [FXGL Background Thread 1 ] WARN  FXGL.TextLevelParser - No producer found for character: 0
08:32:03.074 [FXGL Background Thread 1 ] WARN  FXGL.TextLevelParser - No producer found for character: 0
08:32:03.074 [FXGL Background Thread 1 ] WARN  FXGL.TextLevelParser - No producer found for character: 0
08:32:03.074 [FXGL Background Thread 1 ] WARN  FXGL.TextLevelParser - No producer found for character: 0
08:32:03.074 [FXGL Background Thread 1 ] WARN  FXGL.TextLevelParser - No producer found for character: 0
08:32:03.074 [FXGL Background Thread 1 ] WARN  FXGL.TextLevelParser - No producer found for character: 0
08:32:03.075 [FXGL Background Thread 1 ] WARN  FXGL.TextLevelParser - No producer found for character: 0
08:32:03.075 [FXGL Background Thread 1 ] WARN  FXGL.TextLevelParser - No producer found for character: 0
08:32:03.075 [FXGL Background Thread 1 ] WARN  FXGL.TextLevelParser - No producer found for character: 0
08:32:03.075 [FXGL Background Thread 1 ] WARN  FXGL.TextLevelParser - No producer found for character: 0
08:32:03.075 [FXGL Background Thread 1 ] WARN  FXGL.TextLevelParser - No producer found for character: 0
08:32:03.076 [FXGL Background Thread 1 ] WARN  FXGL.TextLevelParser - No producer found for character: 0
08:32:03.076 [FXGL Background Thread 1 ] WARN  FXGL.TextLevelParser - No producer found for character: 0
08:32:03.076 [FXGL Background Thread 1 ] WARN  FXGL.TextLevelParser - No producer found for character: 0
08:32:03.076 [FXGL Background Thread 1 ] WARN  FXGL.TextLevelParser - No producer found for character: 0
08:32:03.077 [FXGL Background Thread 1 ] WARN  FXGL.TextLevelParser - No producer found for character: 0
08:32:03.077 [FXGL Background Thread 1 ] WARN  FXGL.TextLevelParser - No producer found for character: 0
08:32:03.077 [FXGL Background Thread 1 ] WARN  FXGL.TextLevelParser - No producer found for character: 0
08:32:03.077 [FXGL Background Thread 1 ] WARN  FXGL.TextLevelParser - No producer found for character: 0
08:32:03.077 [FXGL Background Thread 1 ] WARN  FXGL.TextLevelParser - No producer found for character: 0
08:32:03.077 [FXGL Background Thread 1 ] WARN  FXGL.TextLevelParser - No producer found for character: 0
08:32:03.077 [FXGL Background Thread 1 ] WARN  FXGL.TextLevelParser - No producer found for character: 0
08:32:03.084 [FXGL Background Thread 1 ] WARN  FXGL.TextLevelParser - No producer found for character: 0
08:32:03.084 [FXGL Background Thread 1 ] WARN  FXGL.TextLevelParser - No producer found for character: 0
08:32:03.085 [FXGL Background Thread 1 ] WARN  FXGL.TextLevelParser - No producer found for character: 0
08:32:03.085 [FXGL Background Thread 1 ] WARN  FXGL.TextLevelParser - No producer found for character: 0
08:32:03.086 [FXGL Background Thread 1 ] WARN  FXGL.TextLevelParser - No producer found for character: 0
08:32:03.086 [FXGL Background Thread 1 ] WARN  FXGL.TextLevelParser - No producer found for character: 0
08:32:03.086 [FXGL Background Thread 1 ] WARN  FXGL.TextLevelParser - No producer found for character: 0
08:32:03.086 [FXGL Background Thread 1 ] WARN  FXGL.TextLevelParser - No producer found for character: 0
08:32:03.086 [FXGL Background Thread 1 ] WARN  FXGL.TextLevelParser - No producer found for character: 0
08:32:03.087 [FXGL Background Thread 1 ] WARN  FXGL.TextLevelParser - No producer found for character: 0
08:32:03.087 [FXGL Background Thread 1 ] WARN  FXGL.TextLevelParser - No producer found for character: 0
08:32:03.087 [FXGL Background Thread 1 ] WARN  FXGL.TextLevelParser - No producer found for character: 0
08:32:03.087 [FXGL Background Thread 1 ] WARN  FXGL.TextLevelParser - No producer found for character: 0
08:32:03.087 [FXGL Background Thread 1 ] WARN  FXGL.TextLevelParser - No producer found for character: 0
08:32:03.087 [FXGL Background Thread 1 ] WARN  FXGL.TextLevelParser - No producer found for character: 0
08:32:03.087 [FXGL Background Thread 1 ] WARN  FXGL.TextLevelParser - No producer found for character: 0
08:32:03.088 [FXGL Background Thread 1 ] WARN  FXGL.TextLevelParser - No producer found for character: 0
08:32:03.088 [FXGL Background Thread 1 ] WARN  FXGL.TextLevelParser - No producer found for character: 0
08:32:03.088 [FXGL Background Thread 1 ] WARN  FXGL.TextLevelParser - No producer found for character: 0
08:32:03.088 [FXGL Background Thread 1 ] WARN  FXGL.TextLevelParser - No producer found for character: 0
08:32:03.088 [FXGL Background Thread 1 ] WARN  FXGL.TextLevelParser - No producer found for character: 0
08:32:03.088 [FXGL Background Thread 1 ] WARN  FXGL.TextLevelParser - No producer found for character: 0
08:32:03.089 [FXGL Background Thread 1 ] WARN  FXGL.TextLevelParser - No producer found for character: 0
08:32:03.089 [FXGL Background Thread 1 ] WARN  FXGL.TextLevelParser - No producer found for character: 0
08:32:03.089 [FXGL Background Thread 1 ] WARN  FXGL.TextLevelParser - No producer found for character: 0
08:32:03.089 [FXGL Background Thread 1 ] WARN  FXGL.TextLevelParser - No producer found for character: 0
08:32:03.089 [FXGL Background Thread 1 ] WARN  FXGL.TextLevelParser - No producer found for character: 0
08:32:03.089 [FXGL Background Thread 1 ] WARN  FXGL.TextLevelParser - No producer found for character: 0
08:32:03.089 [FXGL Background Thread 1 ] WARN  FXGL.TextLevelParser - No producer found for character: 0
08:32:03.090 [FXGL Background Thread 1 ] WARN  FXGL.TextLevelParser - No producer found for character: 0
08:32:03.090 [FXGL Background Thread 1 ] WARN  FXGL.TextLevelParser - No producer found for character: 0
08:32:03.090 [FXGL Background Thread 1 ] WARN  FXGL.TextLevelParser - No producer found for character: 0
08:32:03.090 [FXGL Background Thread 1 ] WARN  FXGL.TextLevelParser - No producer found for character: 0
08:32:03.090 [FXGL Background Thread 1 ] WARN  FXGL.TextLevelParser - No producer found for character: 0
08:32:03.090 [FXGL Background Thread 1 ] WARN  FXGL.TextLevelParser - No producer found for character: 0
08:32:03.090 [FXGL Background Thread 1 ] WARN  FXGL.TextLevelParser - No producer found for character: 0
08:32:03.091 [FXGL Background Thread 1 ] WARN  FXGL.TextLevelParser - No producer found for character: 0
08:32:03.091 [FXGL Background Thread 1 ] WARN  FXGL.TextLevelParser - No producer found for character: 0
08:32:03.091 [FXGL Background Thread 1 ] WARN  FXGL.TextLevelParser - No producer found for character: 0
08:32:03.091 [FXGL Background Thread 1 ] WARN  FXGL.TextLevelParser - No producer found for character: 0
08:32:03.092 [FXGL Background Thread 1 ] WARN  FXGL.TextLevelParser - No producer found for character: 0
08:32:03.092 [FXGL Background Thread 1 ] WARN  FXGL.TextLevelParser - No producer found for character: 0
08:32:03.092 [FXGL Background Thread 1 ] WARN  FXGL.TextLevelParser - No producer found for character: 0
08:32:03.092 [FXGL Background Thread 1 ] WARN  FXGL.TextLevelParser - No producer found for character: 0
08:32:03.092 [FXGL Background Thread 1 ] WARN  FXGL.TextLevelParser - No producer found for character: 0
08:32:03.092 [FXGL Background Thread 1 ] WARN  FXGL.TextLevelParser - No producer found for character: 0
08:32:03.093 [FXGL Background Thread 1 ] WARN  FXGL.TextLevelParser - No producer found for character: 0
08:32:03.093 [FXGL Background Thread 1 ] WARN  FXGL.TextLevelParser - No producer found for character: 0
08:32:03.093 [FXGL Background Thread 1 ] WARN  FXGL.TextLevelParser - No producer found for character: 0
08:32:03.093 [FXGL Background Thread 1 ] WARN  FXGL.TextLevelParser - No producer found for character: 0
08:32:03.093 [FXGL Background Thread 1 ] WARN  FXGL.TextLevelParser - No producer found for character: 0
08:32:03.094 [FXGL Background Thread 1 ] WARN  FXGL.TextLevelParser - No producer found for character: 0
08:32:03.094 [FXGL Background Thread 1 ] WARN  FXGL.TextLevelParser - No producer found for character: 0
08:32:03.094 [FXGL Background Thread 1 ] WARN  FXGL.TextLevelParser - No producer found for character: 0
08:32:03.095 [FXGL Background Thread 1 ] WARN  FXGL.TextLevelParser - No producer found for character: 0
08:32:03.095 [FXGL Background Thread 1 ] WARN  FXGL.TextLevelParser - No producer found for character: 0
08:32:03.095 [FXGL Background Thread 1 ] WARN  FXGL.TextLevelParser - No producer found for character: 0
08:32:03.095 [FXGL Background Thread 1 ] WARN  FXGL.TextLevelParser - No producer found for character: 0
08:32:03.095 [FXGL Background Thread 1 ] WARN  FXGL.TextLevelParser - No producer found for character: 0
08:32:03.095 [FXGL Background Thread 1 ] WARN  FXGL.TextLevelParser - No producer found for character: 0
08:32:03.095 [FXGL Background Thread 1 ] WARN  FXGL.TextLevelParser - No producer found for character: 0
08:32:03.095 [FXGL Background Thread 1 ] WARN  FXGL.TextLevelParser - No producer found for character: 0
08:32:03.095 [FXGL Background Thread 1 ] WARN  FXGL.TextLevelParser - No producer found for character: 0
08:32:03.096 [FXGL Background Thread 1 ] WARN  FXGL.TextLevelParser - No producer found for character: 0
08:32:03.096 [FXGL Background Thread 1 ] WARN  FXGL.TextLevelParser - No producer found for character: 0
08:32:03.096 [FXGL Background Thread 1 ] WARN  FXGL.TextLevelParser - No producer found for character: 0
08:32:03.096 [FXGL Background Thread 1 ] WARN  FXGL.TextLevelParser - No producer found for character: 0
08:32:03.096 [FXGL Background Thread 1 ] WARN  FXGL.TextLevelParser - No producer found for character: 0
08:32:03.096 [FXGL Background Thread 1 ] WARN  FXGL.TextLevelParser - No producer found for character: 0
08:32:03.096 [FXGL Background Thread 1 ] WARN  FXGL.TextLevelParser - No producer found for character: 0
08:32:03.096 [FXGL Background Thread 1 ] WARN  FXGL.TextLevelParser - No producer found for character: 0
08:32:03.097 [FXGL Background Thread 1 ] WARN  FXGL.TextLevelParser - No producer found for character: 0
08:32:03.097 [FXGL Background Thread 1 ] WARN  FXGL.TextLevelParser - No producer found for character: 0
08:32:03.097 [FXGL Background Thread 1 ] WARN  FXGL.TextLevelParser - No producer found for character: 0
08:32:03.097 [FXGL Background Thread 1 ] WARN  FXGL.TextLevelParser - No producer found for character: 0
08:32:03.097 [FXGL Background Thread 1 ] WARN  FXGL.TextLevelParser - No producer found for character: 0
08:32:03.097 [FXGL Background Thread 1 ] WARN  FXGL.TextLevelParser - No producer found for character: 0
08:32:03.097 [FXGL Background Thread 1 ] WARN  FXGL.TextLevelParser - No producer found for character: 0
08:32:03.097 [FXGL Background Thread 1 ] WARN  FXGL.TextLevelParser - No producer found for character: 0
08:32:03.098 [FXGL Background Thread 1 ] WARN  FXGL.TextLevelParser - No producer found for character: 0
08:32:03.098 [FXGL Background Thread 1 ] WARN  FXGL.TextLevelParser - No producer found for character: 0
08:32:03.098 [FXGL Background Thread 1 ] WARN  FXGL.TextLevelParser - No producer found for character: 0
08:32:03.098 [FXGL Background Thread 1 ] WARN  FXGL.TextLevelParser - No producer found for character: 0
08:32:03.098 [FXGL Background Thread 1 ] WARN  FXGL.TextLevelParser - No producer found for character: 0
08:32:03.098 [FXGL Background Thread 1 ] WARN  FXGL.TextLevelParser - No producer found for character: 0
08:32:03.098 [FXGL Background Thread 1 ] WARN  FXGL.TextLevelParser - No producer found for character: 0
08:32:03.098 [FXGL Background Thread 1 ] WARN  FXGL.TextLevelParser - No producer found for character: 0
08:32:03.098 [FXGL Background Thread 1 ] WARN  FXGL.TextLevelParser - No producer found for character: 0
08:32:03.099 [FXGL Background Thread 1 ] WARN  FXGL.TextLevelParser - No producer found for character: 0
08:32:03.099 [FXGL Background Thread 1 ] WARN  FXGL.TextLevelParser - No producer found for character: 0
08:32:03.099 [FXGL Background Thread 1 ] WARN  FXGL.TextLevelParser - No producer found for character: 0
08:32:03.099 [FXGL Background Thread 1 ] WARN  FXGL.TextLevelParser - No producer found for character: 0
08:32:03.099 [FXGL Background Thread 1 ] WARN  FXGL.TextLevelParser - No producer found for character: 0
08:32:03.099 [FXGL Background Thread 1 ] WARN  FXGL.TextLevelParser - No producer found for character: 0
08:32:03.099 [FXGL Background Thread 1 ] WARN  FXGL.TextLevelParser - No producer found for character: 0
08:32:03.099 [FXGL Background Thread 1 ] WARN  FXGL.TextLevelParser - No producer found for character: 0
08:32:03.099 [FXGL Background Thread 1 ] WARN  FXGL.TextLevelParser - No producer found for character: 0
08:32:03.100 [FXGL Background Thread 1 ] WARN  FXGL.TextLevelParser - No producer found for character: 0
08:32:03.100 [FXGL Background Thread 1 ] WARN  FXGL.TextLevelParser - No producer found for character: 0
08:32:03.100 [FXGL Background Thread 1 ] WARN  FXGL.TextLevelParser - No producer found for character: 0
08:32:03.100 [FXGL Background Thread 1 ] WARN  FXGL.TextLevelParser - No producer found for character: 0
08:32:03.100 [FXGL Background Thread 1 ] WARN  FXGL.TextLevelParser - No producer found for character: 0
08:32:03.100 [FXGL Background Thread 1 ] WARN  FXGL.TextLevelParser - No producer found for character: 0
08:32:03.100 [FXGL Background Thread 1 ] WARN  FXGL.TextLevelParser - No producer found for character: 0
08:32:03.100 [FXGL Background Thread 1 ] WARN  FXGL.TextLevelParser - No producer found for character: 0
08:32:03.100 [FXGL Background Thread 1 ] WARN  FXGL.TextLevelParser - No producer found for character: 0
08:32:03.101 [FXGL Background Thread 1 ] WARN  FXGL.TextLevelParser - No producer found for character: 0
08:32:03.101 [FXGL Background Thread 1 ] WARN  FXGL.TextLevelParser - No producer found for character: 0
08:32:03.101 [FXGL Background Thread 1 ] WARN  FXGL.TextLevelParser - No producer found for character: 0
08:32:03.101 [FXGL Background Thread 1 ] WARN  FXGL.TextLevelParser - No producer found for character: 0
08:32:03.101 [FXGL Background Thread 1 ] WARN  FXGL.TextLevelParser - No producer found for character: 0
08:32:03.101 [FXGL Background Thread 1 ] WARN  FXGL.TextLevelParser - No producer found for character: 0
08:32:03.101 [FXGL Background Thread 1 ] WARN  FXGL.TextLevelParser - No producer found for character: 0
08:32:03.101 [FXGL Background Thread 1 ] WARN  FXGL.TextLevelParser - No producer found for character: 0
08:32:03.101 [FXGL Background Thread 1 ] WARN  FXGL.TextLevelParser - No producer found for character: 0
08:32:03.101 [FXGL Background Thread 1 ] WARN  FXGL.TextLevelParser - No producer found for character: 0
08:32:03.102 [FXGL Background Thread 1 ] WARN  FXGL.TextLevelParser - No producer found for character: 0
08:32:03.102 [FXGL Background Thread 1 ] WARN  FXGL.TextLevelParser - No producer found for character: 0
08:32:03.102 [FXGL Background Thread 1 ] WARN  FXGL.TextLevelParser - No producer found for character: 0
08:32:03.102 [FXGL Background Thread 1 ] WARN  FXGL.TextLevelParser - No producer found for character: 0
08:32:03.102 [FXGL Background Thread 1 ] WARN  FXGL.TextLevelParser - No producer found for character: 0
08:32:03.102 [FXGL Background Thread 1 ] WARN  FXGL.TextLevelParser - No producer found for character: 0
08:32:03.102 [FXGL Background Thread 1 ] WARN  FXGL.TextLevelParser - No producer found for character: 0
08:32:03.103 [FXGL Background Thread 1 ] WARN  FXGL.TextLevelParser - No producer found for character: 0
08:32:03.103 [FXGL Background Thread 1 ] WARN  FXGL.TextLevelParser - No producer found for character: 0
08:32:03.103 [FXGL Background Thread 1 ] WARN  FXGL.TextLevelParser - No producer found for character: 0
08:32:03.103 [FXGL Background Thread 1 ] WARN  FXGL.TextLevelParser - No producer found for character: 0
08:32:03.103 [FXGL Background Thread 1 ] WARN  FXGL.TextLevelParser - No producer found for character: 0
08:32:03.103 [FXGL Background Thread 1 ] WARN  FXGL.TextLevelParser - No producer found for character: 0
08:32:03.103 [FXGL Background Thread 1 ] WARN  FXGL.TextLevelParser - No producer found for character: 0
08:32:03.103 [FXGL Background Thread 1 ] WARN  FXGL.TextLevelParser - No producer found for character: 0
08:32:03.104 [FXGL Background Thread 1 ] WARN  FXGL.TextLevelParser - No producer found for character: 0
08:32:03.104 [FXGL Background Thread 1 ] WARN  FXGL.TextLevelParser - No producer found for character: 0
08:32:03.104 [FXGL Background Thread 1 ] WARN  FXGL.TextLevelParser - No producer found for character: 0
08:32:03.104 [FXGL Background Thread 1 ] WARN  FXGL.TextLevelParser - No producer found for character: 0
08:32:03.104 [FXGL Background Thread 1 ] WARN  FXGL.TextLevelParser - No producer found for character: 0
08:32:03.105 [FXGL Background Thread 1 ] WARN  FXGL.TextLevelParser - No producer found for character: 0
08:32:03.105 [FXGL Background Thread 1 ] WARN  FXGL.TextLevelParser - No producer found for character: 0
08:32:03.105 [FXGL Background Thread 1 ] WARN  FXGL.TextLevelParser - No producer found for character: 0
08:32:03.105 [FXGL Background Thread 1 ] WARN  FXGL.TextLevelParser - No producer found for character: 0
08:32:03.105 [FXGL Background Thread 1 ] WARN  FXGL.TextLevelParser - No producer found for character: 0
08:32:03.105 [FXGL Background Thread 1 ] WARN  FXGL.TextLevelParser - No producer found for character: 0
08:32:03.105 [FXGL Background Thread 1 ] WARN  FXGL.TextLevelParser - No producer found for character: 0
08:32:03.105 [FXGL Background Thread 1 ] WARN  FXGL.TextLevelParser - No producer found for character: 0
08:32:03.105 [FXGL Background Thread 1 ] WARN  FXGL.TextLevelParser - No producer found for character: 0
08:32:03.106 [FXGL Background Thread 1 ] WARN  FXGL.TextLevelParser - No producer found for character: 0
08:32:03.106 [FXGL Background Thread 1 ] WARN  FXGL.TextLevelParser - No producer found for character: 0
08:32:03.106 [FXGL Background Thread 1 ] WARN  FXGL.TextLevelParser - No producer found for character: 0
08:32:03.106 [FXGL Background Thread 1 ] WARN  FXGL.TextLevelParser - No producer found for character: 0
08:32:03.106 [FXGL Background Thread 1 ] WARN  FXGL.TextLevelParser - No producer found for character: 0
08:32:03.106 [FXGL Background Thread 1 ] WARN  FXGL.TextLevelParser - No producer found for character: 0
08:32:03.106 [FXGL Background Thread 1 ] WARN  FXGL.TextLevelParser - No producer found for character: 0
08:32:03.106 [FXGL Background Thread 1 ] WARN  FXGL.TextLevelParser - No producer found for character: 0
08:32:03.106 [FXGL Background Thread 1 ] WARN  FXGL.TextLevelParser - No producer found for character: 0
08:32:03.107 [FXGL Background Thread 1 ] WARN  FXGL.TextLevelParser - No producer found for character: 0
08:32:03.107 [FXGL Background Thread 1 ] WARN  FXGL.TextLevelParser - No producer found for character: 0
08:32:03.107 [FXGL Background Thread 1 ] WARN  FXGL.TextLevelParser - No producer found for character: 0
08:32:03.107 [FXGL Background Thread 1 ] WARN  FXGL.TextLevelParser - No producer found for character: 0
08:32:03.107 [FXGL Background Thread 1 ] WARN  FXGL.TextLevelParser - No producer found for character: 0
08:32:03.107 [FXGL Background Thread 1 ] WARN  FXGL.TextLevelParser - No producer found for character: 0
08:32:03.107 [FXGL Background Thread 1 ] WARN  FXGL.TextLevelParser - No producer found for character: 0
08:32:03.107 [FXGL Background Thread 1 ] WARN  FXGL.TextLevelParser - No producer found for character: 0
08:32:03.107 [FXGL Background Thread 1 ] WARN  FXGL.TextLevelParser - No producer found for character: 0
08:32:03.107 [FXGL Background Thread 1 ] WARN  FXGL.TextLevelParser - No producer found for character: 0
08:32:03.108 [FXGL Background Thread 1 ] WARN  FXGL.TextLevelParser - No producer found for character: 0
08:32:03.108 [FXGL Background Thread 1 ] WARN  FXGL.TextLevelParser - No producer found for character: 0
08:32:03.108 [FXGL Background Thread 1 ] WARN  FXGL.TextLevelParser - No producer found for character: 0
08:32:03.108 [FXGL Background Thread 1 ] WARN  FXGL.TextLevelParser - No producer found for character: 0
08:32:03.108 [FXGL Background Thread 1 ] WARN  FXGL.TextLevelParser - No producer found for character: 0
08:32:03.108 [FXGL Background Thread 1 ] WARN  FXGL.TextLevelParser - No producer found for character: 0
08:32:03.108 [FXGL Background Thread 1 ] WARN  FXGL.TextLevelParser - No producer found for character: 0
08:32:03.108 [FXGL Background Thread 1 ] WARN  FXGL.TextLevelParser - No producer found for character: 0
08:32:03.108 [FXGL Background Thread 1 ] WARN  FXGL.TextLevelParser - No producer found for character: 0
08:32:03.108 [FXGL Background Thread 1 ] WARN  FXGL.TextLevelParser - No producer found for character: 0
08:32:03.108 [FXGL Background Thread 1 ] WARN  FXGL.TextLevelParser - No producer found for character: 0
08:32:03.109 [FXGL Background Thread 1 ] WARN  FXGL.TextLevelParser - No producer found for character: 0
08:32:03.109 [FXGL Background Thread 1 ] WARN  FXGL.TextLevelParser - No producer found for character: 0
08:32:03.110 [FXGL Background Thread 1 ] DEBUG AssetLoader          - Loading from disk: /assets/textures/bar.png
08:32:03.111 [FXGL Background Thread 1 ] WARN  FXGL.TextLevelParser - No producer found for character: 0
08:32:03.112 [FXGL Background Thread 1 ] WARN  FXGL.TextLevelParser - No producer found for character: 0
08:32:03.112 [FXGL Background Thread 1 ] WARN  FXGL.TextLevelParser - No producer found for character: 0
08:32:03.112 [FXGL Background Thread 1 ] WARN  FXGL.TextLevelParser - No producer found for character: 0
08:32:03.112 [FXGL Background Thread 1 ] WARN  FXGL.TextLevelParser - No producer found for character: 0
08:32:03.112 [FXGL Background Thread 1 ] WARN  FXGL.TextLevelParser - No producer found for character: 0
08:32:03.112 [FXGL Background Thread 1 ] WARN  FXGL.TextLevelParser - No producer found for character: 0
08:32:03.112 [FXGL Background Thread 1 ] WARN  FXGL.TextLevelParser - No producer found for character: 0
08:32:03.112 [FXGL Background Thread 1 ] WARN  FXGL.TextLevelParser - No producer found for character: 0
08:32:03.112 [FXGL Background Thread 1 ] WARN  FXGL.TextLevelParser - No producer found for character: 0
08:32:03.112 [FXGL Background Thread 1 ] WARN  FXGL.TextLevelParser - No producer found for character: 0
08:32:03.112 [FXGL Background Thread 1 ] WARN  FXGL.TextLevelParser - No producer found for character: 0
08:32:03.112 [FXGL Background Thread 1 ] WARN  FXGL.TextLevelParser - No producer found for character: 0
08:32:03.112 [FXGL Background Thread 1 ] WARN  FXGL.TextLevelParser - No producer found for character: 0
08:32:03.112 [FXGL Background Thread 1 ] WARN  FXGL.TextLevelParser - No producer found for character: 0
08:32:03.113 [FXGL Background Thread 1 ] WARN  FXGL.TextLevelParser - No producer found for character: 0
08:32:03.113 [FXGL Background Thread 1 ] WARN  FXGL.TextLevelParser - No producer found for character: 0
08:32:03.113 [FXGL Background Thread 1 ] WARN  FXGL.TextLevelParser - No producer found for character: 0
08:32:03.113 [FXGL Background Thread 1 ] WARN  FXGL.TextLevelParser - No producer found for character: 0
08:32:03.113 [FXGL Background Thread 1 ] WARN  FXGL.TextLevelParser - No producer found for character: 0
08:32:03.113 [FXGL Background Thread 1 ] WARN  FXGL.TextLevelParser - No producer found for character: 0
08:32:03.113 [FXGL Background Thread 1 ] WARN  FXGL.TextLevelParser - No producer found for character: 0
08:32:03.113 [FXGL Background Thread 1 ] WARN  FXGL.TextLevelParser - No producer found for character: 0
08:32:03.113 [FXGL Background Thread 1 ] WARN  FXGL.TextLevelParser - No producer found for character: 0
08:32:03.113 [FXGL Background Thread 1 ] WARN  FXGL.TextLevelParser - No producer found for character: 0
08:32:03.113 [FXGL Background Thread 1 ] WARN  FXGL.TextLevelParser - No producer found for character: 0
08:32:03.114 [FXGL Background Thread 1 ] DEBUG AssetLoader          - Loading from disk: /assets/textures/fire.png
08:32:03.120 [FXGL Background Thread 1 ] WARN  FXGL.TextLevelParser - No producer found for character: 0
08:32:03.120 [FXGL Background Thread 1 ] DEBUG AssetLoader          - Loading from cache: /assets/textures/fire.png@100.0x80.0
08:32:03.121 [FXGL Background Thread 1 ] WARN  FXGL.TextLevelParser - No producer found for character: 0
08:32:03.122 [FXGL Background Thread 1 ] DEBUG AssetLoader          - Loading from cache: /assets/textures/fire.png@100.0x80.0
08:32:03.123 [FXGL Background Thread 1 ] WARN  FXGL.TextLevelParser - No producer found for character: 0
08:32:03.123 [FXGL Background Thread 1 ] DEBUG AssetLoader          - Loading from cache: /assets/textures/fire.png@100.0x80.0
08:32:03.124 [FXGL Background Thread 1 ] WARN  FXGL.TextLevelParser - No producer found for character: 0
08:32:03.125 [FXGL Background Thread 1 ] DEBUG AssetLoader          - Loading from cache: /assets/textures/fire.png@100.0x80.0
08:32:03.126 [FXGL Background Thread 1 ] WARN  FXGL.TextLevelParser - No producer found for character: 0
08:32:03.127 [FXGL Background Thread 1 ] DEBUG AssetLoader          - Loading from cache: /assets/textures/fire.png@100.0x80.0
08:32:03.128 [FXGL Background Thread 1 ] WARN  FXGL.TextLevelParser - No producer found for character: 0
08:32:03.128 [FXGL Background Thread 1 ] DEBUG AssetLoader          - Loading from cache: /assets/textures/fire.png@100.0x80.0
08:32:03.128 [FXGL Background Thread 1 ] WARN  FXGL.TextLevelParser - No producer found for character: 0
08:32:03.129 [FXGL Background Thread 1 ] DEBUG AssetLoader          - Loading from cache: /assets/textures/fire.png@100.0x80.0
08:32:03.129 [FXGL Background Thread 1 ] WARN  FXGL.TextLevelParser - No producer found for character: 0
08:32:03.130 [FXGL Background Thread 1 ] DEBUG AssetLoader          - Loading from cache: /assets/textures/fire.png@100.0x80.0
08:32:03.130 [FXGL Background Thread 1 ] WARN  FXGL.TextLevelParser - No producer found for character: 0
08:32:03.131 [FXGL Background Thread 1 ] DEBUG GameWorld            - Clearing removable entities
08:32:03.131 [FXGL Background Thread 1 ] DEBUG GameWorld            - Setting level: com.almasb.fxgl.entity.Level@67861c36
08:32:03.157 [FXGL Background Thread 1 ] DEBUG GameScene            - Creating render group for layer: DEFAULT(100000)
08:32:03.171 [FXGL Background Thread 1 ] DEBUG GameScene            - Creating render group for layer: BACKGROUND(1000)
08:32:03.173 [FXGL Background Thread 1 ] DEBUG InitAppTask          - Initializing Physics
08:32:03.174 [FXGL Background Thread 1 ] DEBUG InitAppTask          - Initializing UI
08:32:03.177 [FXGL Background Thread 1 ] DEBUG InitAppTask          - Initialization Complete
08:32:03.177 [FXGL Background Thread 1 ] INFO  InitAppTask          - Game initialization took: 0,213 sec
08:32:03.181 [JavaFX Application Thread] DEBUG Input                - Clearing active input actions
08:32:03.194 [JavaFX Application Thread] DEBUG AppStateMachine      - LoadingState -> PlayState
08:32:14.271 [JavaFX Application Thread] DEBUG GameApplication      - Exiting game application
08:32:14.272 [JavaFX Application Thread] DEBUG GameApplication      - Shutting down background threads
08:32:14.272 [JavaFX Application Thread] DEBUG GameApplication      - Exiting FXGL
08:32:14.272 [JavaFX Application Thread] DEBUG FXGL                 - Saving FXGL system data
08:32:14.274 [JavaFX Application Thread] DEBUG FS                   - Writing to: system\fxgl.bundle
08:32:14.278 [JavaFX Application Thread] DEBUG GameApplication      - Closing logger and exiting JavaFX
