11:24:34.070 [JavaFX Application Thread] DEBUG GameApplication      - Logger initialized
11:24:34.089 [JavaFX Application Thread] DEBUG GameApplication      - Logging settings
Title: Breakout
Version: 0.1
Width: 800
Height: 600
Fullscreen: false
Intro: false
Menus: false
Profiling: false
Single step:false
App Mode: DEVELOPER
Menu Key: ESCAPE
Stage Style: DECORATED
Scene Factory: class com.almasb.fxgl.scene.SceneFactory
Dialog Factory: class com.almasb.fxgl.ui.FXGLDialogFactory
UI Factory: class com.almasb.fxgl.ui.FXGLUIFactory
Notification Service: class com.almasb.fxgl.gameplay.notification.XboxNotificationView
Exception Handler: class com.almasb.fxgl.app.FXGLExceptionHandler
11:24:34.089 [JavaFX Application Thread] DEBUG GameApplication      - Starting FXGL
11:24:34.100 [JavaFX Application Thread] INFO  FXGL                 - FXGL-0.5.4 on DESKTOP
11:24:34.100 [JavaFX Application Thread] INFO  FXGL                 - Source code and latest versions at: https://github.com/AlmasB/FXGL
11:24:34.100 [JavaFX Application Thread] INFO  FXGL                 -              Join the FXGL chat at: https://gitter.im/AlmasB/FXGL
11:24:34.101 [JavaFX Application Thread] DEBUG FXGL                 - FXGL started
11:24:34.101 [JavaFX Application Thread] DEBUG FXGL                 - Initializing FXGL
11:24:34.149 [JavaFX Application Thread] DEBUG AssetLoader          - Loading from disk: /assets/ui/cursors/fxgl_default.png
11:24:34.235 [JavaFX Application Thread] DEBUG AssetLoader          - Loading from disk: /assets/ui/fonts/VarelaRound-Regular.ttf
11:24:34.484 [JavaFX Application Thread] DEBUG MainWindow           - Creating a JavaFX scene
11:24:34.515 [JavaFX Application Thread] DEBUG MainWindow           - Target settings size: 800.0 x 600.0
11:24:34.515 [JavaFX Application Thread] DEBUG MainWindow           - Scaled scene size:    800.0 x 600.0
11:24:34.515 [JavaFX Application Thread] DEBUG MainWindow           - Scaled ratio: (1.0, 1.0)
11:24:34.517 [JavaFX Application Thread] DEBUG AssetLoader          - Loading from disk: /assets/ui/css/fxgl_dark.css
11:24:34.521 [JavaFX Application Thread] DEBUG AssetLoader          - Loading from disk: /assets/textures/fxgl_icon.png
11:24:34.538 [JavaFX Application Thread] DEBUG MainWindow           - Opening main window
11:24:34.679 [JavaFX Application Thread] DEBUG MainWindow           - Window border size: (14.4000244140625, 37.5999755859375)
11:24:34.680 [JavaFX Application Thread] DEBUG MainWindow           - Scaled size: 800.0 x 600.0
11:24:34.680 [JavaFX Application Thread] DEBUG MainWindow           - Scaled ratio: (1.0, 1.0)
11:24:34.680 [JavaFX Application Thread] DEBUG MainWindow           - Scene size: 800.0 x 600.0
11:24:34.681 [JavaFX Application Thread] DEBUG MainWindow           - Stage size: 814.4000244140625 x 637.5999755859375
11:24:34.748 [ForkJoinPool.commonPool-worker-9] DEBUG FS                   - Loaded DesktopFSService
11:24:34.748 [ForkJoinPool.commonPool-worker-9] DEBUG FXGL                 - Loading FXGL system data
11:24:34.757 [ForkJoinPool.commonPool-worker-9] DEBUG DesktopFSService     - Reading from: system\fxgl.bundle
11:24:34.774 [ForkJoinPool.commonPool-worker-9] DEBUG Bundle               - Logging bundle: FXGL
11:24:34.775 [ForkJoinPool.commonPool-worker-9] DEBUG Bundle               - FXGL.offline.timer.version.check=2019-01-24T08:55:57.713219300
11:24:34.776 [ForkJoinPool.commonPool-worker-9] DEBUG FXGL                 - Initializing state machine and application states
11:24:34.778 [ForkJoinPool.commonPool-worker-9] DEBUG AssetLoader          - Loading from disk: /assets/ui/cursors/fxgl_default.png
11:24:34.788 [ForkJoinPool.commonPool-worker-9] DEBUG AssetLoader          - Loading from disk: /assets/ui/cursors/fxgl_default.png
11:24:34.796 [ForkJoinPool.commonPool-worker-9] DEBUG AssetLoader          - Loading from cache: /assets/ui/fonts/VarelaRound-Regular.ttf
11:24:34.800 [ForkJoinPool.commonPool-worker-9] DEBUG AssetLoader          - Loading from disk: /assets/ui/cursors/fxgl_default.png
11:24:34.805 [ForkJoinPool.commonPool-worker-9] DEBUG GameScene            - Game scene initialized: 800x600
11:24:34.813 [ForkJoinPool.commonPool-worker-9] DEBUG GameWorld            - Game world initialized
11:24:34.895 [ForkJoinPool.commonPool-worker-9] DEBUG PhysicsWorld         - Physics world initialized: appHeight=600, physics.ppm=50,0
11:24:34.917 [ForkJoinPool.commonPool-worker-9] DEBUG Input                - Registered new binding: Pause - Esc
11:24:34.990 [JavaFX Application Thread] DEBUG FXGL                 - Running preInit()
11:24:34.992 [JavaFX Application Thread] DEBUG Input                - Registered new binding: Screenshot - P
11:24:34.993 [JavaFX Application Thread] DEBUG Input                - Registered new binding: Dev Options - CTRL+0
11:24:34.993 [JavaFX Application Thread] DEBUG Input                - Registered new binding: System info dump - CTRL+9
11:24:34.994 [JavaFX Application Thread] DEBUG Input                - Registered new binding: Restart - CTRL+R
11:24:34.995 [JavaFX Application Thread] INFO  FXGL                 - FXGL initialization took: 0,893 sec
11:24:34.995 [JavaFX Application Thread] DEBUG LoopRunner           - Starting loop
11:24:34.996 [JavaFX Application Thread] DEBUG StartupState         - STARTUP
11:24:34.996 [JavaFX Application Thread] DEBUG GameApplication      - Starting new game
11:24:34.997 [JavaFX Application Thread] DEBUG Input                - Clearing active input actions
11:24:34.998 [JavaFX Application Thread] DEBUG AssetLoader          - Loading from disk: /assets/ui/css/fxgl_dark.css
11:24:35.008 [JavaFX Application Thread] DEBUG AppStateMachine      - StartupState -> LoadingState
11:24:35.015 [FXGL Background Thread 1 ] DEBUG InitAppTask          - Clearing previous game
11:24:35.015 [FXGL Background Thread 1 ] DEBUG GameWorld            - Clearing game world
11:24:35.015 [FXGL Background Thread 1 ] DEBUG PhysicsWorld         - Clearing physics world
11:24:35.016 [FXGL Background Thread 1 ] DEBUG GameScene            - Clearing game scene
11:24:35.017 [FXGL Background Thread 1 ] DEBUG InitAppTask          - Initializing Game
11:24:35.039 [FXGL Background Thread 1 ] DEBUG AssetLoader          - Loading from disk: /assets/text/levels/somebricks.txt
11:24:35.047 [FXGL Background Thread 1 ] WARN  TextLevelParser      - No producer found for character: 0
11:24:35.047 [FXGL Background Thread 1 ] WARN  TextLevelParser      - No producer found for character: 0
11:24:35.047 [FXGL Background Thread 1 ] WARN  TextLevelParser      - No producer found for character: 0
11:24:35.047 [FXGL Background Thread 1 ] WARN  TextLevelParser      - No producer found for character: 0
11:24:35.047 [FXGL Background Thread 1 ] WARN  TextLevelParser      - No producer found for character: 0
11:24:35.048 [FXGL Background Thread 1 ] WARN  TextLevelParser      - No producer found for character: 0
11:24:35.048 [FXGL Background Thread 1 ] WARN  TextLevelParser      - No producer found for character: 0
11:24:35.048 [FXGL Background Thread 1 ] WARN  TextLevelParser      - No producer found for character: 0
11:24:35.048 [FXGL Background Thread 1 ] WARN  TextLevelParser      - No producer found for character: 0
11:24:35.048 [FXGL Background Thread 1 ] WARN  TextLevelParser      - No producer found for character: 0
11:24:35.048 [FXGL Background Thread 1 ] WARN  TextLevelParser      - No producer found for character: 0
11:24:35.049 [FXGL Background Thread 1 ] WARN  TextLevelParser      - No producer found for character: 0
11:24:35.049 [FXGL Background Thread 1 ] WARN  TextLevelParser      - No producer found for character: 0
11:24:35.049 [FXGL Background Thread 1 ] WARN  TextLevelParser      - No producer found for character: 0
11:24:35.075 [FXGL Background Thread 1 ] DEBUG AssetLoader          - Loading from disk: /assets/textures/brick1.png
11:24:35.086 [FXGL Background Thread 1 ] WARN  TextLevelParser      - No producer found for character: 0
11:24:35.086 [FXGL Background Thread 1 ] DEBUG AssetLoader          - Loading from cache: /assets/textures/brick1.png
11:24:35.088 [FXGL Background Thread 1 ] WARN  TextLevelParser      - No producer found for character: 0
11:24:35.088 [FXGL Background Thread 1 ] DEBUG AssetLoader          - Loading from cache: /assets/textures/brick1.png
11:24:35.089 [FXGL Background Thread 1 ] WARN  TextLevelParser      - No producer found for character: 0
11:24:35.090 [FXGL Background Thread 1 ] DEBUG AssetLoader          - Loading from cache: /assets/textures/brick1.png
11:24:35.091 [FXGL Background Thread 1 ] WARN  TextLevelParser      - No producer found for character: 0
11:24:35.092 [FXGL Background Thread 1 ] DEBUG AssetLoader          - Loading from cache: /assets/textures/brick1.png
11:24:35.093 [FXGL Background Thread 1 ] WARN  TextLevelParser      - No producer found for character: 0
11:24:35.094 [FXGL Background Thread 1 ] DEBUG AssetLoader          - Loading from cache: /assets/textures/brick1.png
11:24:35.095 [FXGL Background Thread 1 ] WARN  TextLevelParser      - No producer found for character: 0
11:24:35.096 [FXGL Background Thread 1 ] DEBUG AssetLoader          - Loading from cache: /assets/textures/brick1.png
11:24:35.097 [FXGL Background Thread 1 ] WARN  TextLevelParser      - No producer found for character: 0
11:24:35.098 [FXGL Background Thread 1 ] DEBUG AssetLoader          - Loading from cache: /assets/textures/brick1.png
11:24:35.099 [FXGL Background Thread 1 ] WARN  TextLevelParser      - No producer found for character: 0
11:24:35.100 [FXGL Background Thread 1 ] DEBUG AssetLoader          - Loading from cache: /assets/textures/brick1.png
11:24:35.101 [FXGL Background Thread 1 ] WARN  TextLevelParser      - No producer found for character: 0
11:24:35.101 [FXGL Background Thread 1 ] WARN  TextLevelParser      - No producer found for character: 0
11:24:35.101 [FXGL Background Thread 1 ] WARN  TextLevelParser      - No producer found for character: 0
11:24:35.101 [FXGL Background Thread 1 ] WARN  TextLevelParser      - No producer found for character: 0
11:24:35.102 [FXGL Background Thread 1 ] WARN  TextLevelParser      - No producer found for character: 0
11:24:35.102 [FXGL Background Thread 1 ] WARN  TextLevelParser      - No producer found for character: 0
11:24:35.102 [FXGL Background Thread 1 ] WARN  TextLevelParser      - No producer found for character: 0
11:24:35.102 [FXGL Background Thread 1 ] WARN  TextLevelParser      - No producer found for character: 0
11:24:35.102 [FXGL Background Thread 1 ] WARN  TextLevelParser      - No producer found for character: 0
11:24:35.102 [FXGL Background Thread 1 ] WARN  TextLevelParser      - No producer found for character: 0
11:24:35.103 [FXGL Background Thread 1 ] WARN  TextLevelParser      - No producer found for character: 0
11:24:35.103 [FXGL Background Thread 1 ] WARN  TextLevelParser      - No producer found for character: 0
11:24:35.103 [FXGL Background Thread 1 ] WARN  TextLevelParser      - No producer found for character: 0
11:24:35.103 [FXGL Background Thread 1 ] WARN  TextLevelParser      - No producer found for character: 0
11:24:35.103 [FXGL Background Thread 1 ] WARN  TextLevelParser      - No producer found for character: 0
11:24:35.104 [FXGL Background Thread 1 ] WARN  TextLevelParser      - No producer found for character: 0
11:24:35.104 [FXGL Background Thread 1 ] WARN  TextLevelParser      - No producer found for character: 0
11:24:35.104 [FXGL Background Thread 1 ] WARN  TextLevelParser      - No producer found for character: 0
11:24:35.105 [FXGL Background Thread 1 ] WARN  TextLevelParser      - No producer found for character: 0
11:24:35.105 [FXGL Background Thread 1 ] WARN  TextLevelParser      - No producer found for character: 0
11:24:35.105 [FXGL Background Thread 1 ] WARN  TextLevelParser      - No producer found for character: 0
11:24:35.105 [FXGL Background Thread 1 ] WARN  TextLevelParser      - No producer found for character: 0
11:24:35.106 [FXGL Background Thread 1 ] WARN  TextLevelParser      - No producer found for character: 0
11:24:35.106 [FXGL Background Thread 1 ] WARN  TextLevelParser      - No producer found for character: 0
11:24:35.106 [FXGL Background Thread 1 ] WARN  TextLevelParser      - No producer found for character: 0
11:24:35.106 [FXGL Background Thread 1 ] WARN  TextLevelParser      - No producer found for character: 0
11:24:35.106 [FXGL Background Thread 1 ] WARN  TextLevelParser      - No producer found for character: 0
11:24:35.107 [FXGL Background Thread 1 ] WARN  TextLevelParser      - No producer found for character: 0
11:24:35.107 [FXGL Background Thread 1 ] WARN  TextLevelParser      - No producer found for character: 0
11:24:35.107 [FXGL Background Thread 1 ] WARN  TextLevelParser      - No producer found for character: 0
11:24:35.107 [FXGL Background Thread 1 ] WARN  TextLevelParser      - No producer found for character: 0
11:24:35.107 [FXGL Background Thread 1 ] WARN  TextLevelParser      - No producer found for character: 0
11:24:35.107 [FXGL Background Thread 1 ] WARN  TextLevelParser      - No producer found for character: 0
11:24:35.107 [FXGL Background Thread 1 ] WARN  TextLevelParser      - No producer found for character: 0
11:24:35.107 [FXGL Background Thread 1 ] WARN  TextLevelParser      - No producer found for character: 0
11:24:35.108 [FXGL Background Thread 1 ] WARN  TextLevelParser      - No producer found for character: 0
11:24:35.108 [FXGL Background Thread 1 ] WARN  TextLevelParser      - No producer found for character: 0
11:24:35.108 [FXGL Background Thread 1 ] WARN  TextLevelParser      - No producer found for character: 0
11:24:35.108 [FXGL Background Thread 1 ] WARN  TextLevelParser      - No producer found for character: 0
11:24:35.108 [FXGL Background Thread 1 ] WARN  TextLevelParser      - No producer found for character: 0
11:24:35.108 [FXGL Background Thread 1 ] WARN  TextLevelParser      - No producer found for character: 0
11:24:35.108 [FXGL Background Thread 1 ] WARN  TextLevelParser      - No producer found for character: 0
11:24:35.109 [FXGL Background Thread 1 ] WARN  TextLevelParser      - No producer found for character: 0
11:24:35.109 [FXGL Background Thread 1 ] WARN  TextLevelParser      - No producer found for character: 0
11:24:35.109 [FXGL Background Thread 1 ] WARN  TextLevelParser      - No producer found for character: 0
11:24:35.109 [FXGL Background Thread 1 ] WARN  TextLevelParser      - No producer found for character: 0
11:24:35.109 [FXGL Background Thread 1 ] WARN  TextLevelParser      - No producer found for character: 0
11:24:35.109 [FXGL Background Thread 1 ] WARN  TextLevelParser      - No producer found for character: 0
11:24:35.110 [FXGL Background Thread 1 ] WARN  TextLevelParser      - No producer found for character: 0
11:24:35.110 [FXGL Background Thread 1 ] WARN  TextLevelParser      - No producer found for character: 0
11:24:35.110 [FXGL Background Thread 1 ] WARN  TextLevelParser      - No producer found for character: 0
11:24:35.110 [FXGL Background Thread 1 ] WARN  TextLevelParser      - No producer found for character: 0
11:24:35.110 [FXGL Background Thread 1 ] WARN  TextLevelParser      - No producer found for character: 0
11:24:35.110 [FXGL Background Thread 1 ] WARN  TextLevelParser      - No producer found for character: 0
11:24:35.110 [FXGL Background Thread 1 ] WARN  TextLevelParser      - No producer found for character: 0
11:24:35.110 [FXGL Background Thread 1 ] WARN  TextLevelParser      - No producer found for character: 0
11:24:35.110 [FXGL Background Thread 1 ] WARN  TextLevelParser      - No producer found for character: 0
11:24:35.111 [FXGL Background Thread 1 ] WARN  TextLevelParser      - No producer found for character: 0
11:24:35.111 [FXGL Background Thread 1 ] WARN  TextLevelParser      - No producer found for character: 0
11:24:35.111 [FXGL Background Thread 1 ] WARN  TextLevelParser      - No producer found for character: 0
11:24:35.111 [FXGL Background Thread 1 ] WARN  TextLevelParser      - No producer found for character: 0
11:24:35.111 [FXGL Background Thread 1 ] WARN  TextLevelParser      - No producer found for character: 0
11:24:35.111 [FXGL Background Thread 1 ] WARN  TextLevelParser      - No producer found for character: 0
11:24:35.111 [FXGL Background Thread 1 ] WARN  TextLevelParser      - No producer found for character: 0
11:24:35.112 [FXGL Background Thread 1 ] WARN  TextLevelParser      - No producer found for character: 0
11:24:35.112 [FXGL Background Thread 1 ] WARN  TextLevelParser      - No producer found for character: 0
11:24:35.112 [FXGL Background Thread 1 ] WARN  TextLevelParser      - No producer found for character: 0
11:24:35.112 [FXGL Background Thread 1 ] WARN  TextLevelParser      - No producer found for character: 0
11:24:35.112 [FXGL Background Thread 1 ] WARN  TextLevelParser      - No producer found for character: 0
11:24:35.112 [FXGL Background Thread 1 ] WARN  TextLevelParser      - No producer found for character: 0
11:24:35.112 [FXGL Background Thread 1 ] WARN  TextLevelParser      - No producer found for character: 0
11:24:35.113 [FXGL Background Thread 1 ] WARN  TextLevelParser      - No producer found for character: 0
11:24:35.113 [FXGL Background Thread 1 ] WARN  TextLevelParser      - No producer found for character: 0
11:24:35.113 [FXGL Background Thread 1 ] WARN  TextLevelParser      - No producer found for character: 0
11:24:35.113 [FXGL Background Thread 1 ] WARN  TextLevelParser      - No producer found for character: 0
11:24:35.113 [FXGL Background Thread 1 ] WARN  TextLevelParser      - No producer found for character: 0
11:24:35.113 [FXGL Background Thread 1 ] WARN  TextLevelParser      - No producer found for character: 0
11:24:35.113 [FXGL Background Thread 1 ] WARN  TextLevelParser      - No producer found for character: 0
11:24:35.113 [FXGL Background Thread 1 ] WARN  TextLevelParser      - No producer found for character: 0
11:24:35.114 [FXGL Background Thread 1 ] WARN  TextLevelParser      - No producer found for character: 0
11:24:35.114 [FXGL Background Thread 1 ] WARN  TextLevelParser      - No producer found for character: 0
11:24:35.114 [FXGL Background Thread 1 ] WARN  TextLevelParser      - No producer found for character: 0
11:24:35.114 [FXGL Background Thread 1 ] WARN  TextLevelParser      - No producer found for character: 0
11:24:35.114 [FXGL Background Thread 1 ] WARN  TextLevelParser      - No producer found for character: 0
11:24:35.114 [FXGL Background Thread 1 ] WARN  TextLevelParser      - No producer found for character: 0
11:24:35.114 [FXGL Background Thread 1 ] WARN  TextLevelParser      - No producer found for character: 0
11:24:35.115 [FXGL Background Thread 1 ] WARN  TextLevelParser      - No producer found for character: 0
11:24:35.115 [FXGL Background Thread 1 ] WARN  TextLevelParser      - No producer found for character: 0
11:24:35.115 [FXGL Background Thread 1 ] WARN  TextLevelParser      - No producer found for character: 0
11:24:35.115 [FXGL Background Thread 1 ] WARN  TextLevelParser      - No producer found for character: 0
11:24:35.115 [FXGL Background Thread 1 ] WARN  TextLevelParser      - No producer found for character: 0
11:24:35.115 [FXGL Background Thread 1 ] WARN  TextLevelParser      - No producer found for character: 0
11:24:35.115 [FXGL Background Thread 1 ] WARN  TextLevelParser      - No producer found for character: 0
11:24:35.115 [FXGL Background Thread 1 ] WARN  TextLevelParser      - No producer found for character: 0
11:24:35.115 [FXGL Background Thread 1 ] WARN  TextLevelParser      - No producer found for character: 0
11:24:35.115 [FXGL Background Thread 1 ] WARN  TextLevelParser      - No producer found for character: 0
11:24:35.116 [FXGL Background Thread 1 ] WARN  TextLevelParser      - No producer found for character: 0
11:24:35.116 [FXGL Background Thread 1 ] WARN  TextLevelParser      - No producer found for character: 0
11:24:35.116 [FXGL Background Thread 1 ] WARN  TextLevelParser      - No producer found for character: 0
11:24:35.116 [FXGL Background Thread 1 ] WARN  TextLevelParser      - No producer found for character: 0
11:24:35.116 [FXGL Background Thread 1 ] WARN  TextLevelParser      - No producer found for character: 0
11:24:35.116 [FXGL Background Thread 1 ] WARN  TextLevelParser      - No producer found for character: 0
11:24:35.116 [FXGL Background Thread 1 ] WARN  TextLevelParser      - No producer found for character: 0
11:24:35.116 [FXGL Background Thread 1 ] WARN  TextLevelParser      - No producer found for character: 0
11:24:35.116 [FXGL Background Thread 1 ] WARN  TextLevelParser      - No producer found for character: 0
11:24:35.117 [FXGL Background Thread 1 ] WARN  TextLevelParser      - No producer found for character: 0
11:24:35.117 [FXGL Background Thread 1 ] WARN  TextLevelParser      - No producer found for character: 0
11:24:35.117 [FXGL Background Thread 1 ] WARN  TextLevelParser      - No producer found for character: 0
11:24:35.117 [FXGL Background Thread 1 ] WARN  TextLevelParser      - No producer found for character: 0
11:24:35.117 [FXGL Background Thread 1 ] WARN  TextLevelParser      - No producer found for character: 0
11:24:35.117 [FXGL Background Thread 1 ] WARN  TextLevelParser      - No producer found for character: 0
11:24:35.117 [FXGL Background Thread 1 ] WARN  TextLevelParser      - No producer found for character: 0
11:24:35.117 [FXGL Background Thread 1 ] WARN  TextLevelParser      - No producer found for character: 0
11:24:35.118 [FXGL Background Thread 1 ] WARN  TextLevelParser      - No producer found for character: 0
11:24:35.118 [FXGL Background Thread 1 ] WARN  TextLevelParser      - No producer found for character: 0
11:24:35.118 [FXGL Background Thread 1 ] WARN  TextLevelParser      - No producer found for character: 0
11:24:35.118 [FXGL Background Thread 1 ] WARN  TextLevelParser      - No producer found for character: 0
11:24:35.118 [FXGL Background Thread 1 ] WARN  TextLevelParser      - No producer found for character: 0
11:24:35.118 [FXGL Background Thread 1 ] WARN  TextLevelParser      - No producer found for character: 0
11:24:35.118 [FXGL Background Thread 1 ] WARN  TextLevelParser      - No producer found for character: 0
11:24:35.118 [FXGL Background Thread 1 ] WARN  TextLevelParser      - No producer found for character: 0
11:24:35.120 [FXGL Background Thread 1 ] WARN  TextLevelParser      - No producer found for character: 0
11:24:35.120 [FXGL Background Thread 1 ] WARN  TextLevelParser      - No producer found for character: 0
11:24:35.120 [FXGL Background Thread 1 ] WARN  TextLevelParser      - No producer found for character: 0
11:24:35.120 [FXGL Background Thread 1 ] WARN  TextLevelParser      - No producer found for character: 0
11:24:35.120 [FXGL Background Thread 1 ] WARN  TextLevelParser      - No producer found for character: 0
11:24:35.121 [FXGL Background Thread 1 ] WARN  TextLevelParser      - No producer found for character: 0
11:24:35.121 [FXGL Background Thread 1 ] WARN  TextLevelParser      - No producer found for character: 0
11:24:35.121 [FXGL Background Thread 1 ] WARN  TextLevelParser      - No producer found for character: 0
11:24:35.121 [FXGL Background Thread 1 ] WARN  TextLevelParser      - No producer found for character: 0
11:24:35.121 [FXGL Background Thread 1 ] WARN  TextLevelParser      - No producer found for character: 0
11:24:35.121 [FXGL Background Thread 1 ] WARN  TextLevelParser      - No producer found for character: 0
11:24:35.121 [FXGL Background Thread 1 ] WARN  TextLevelParser      - No producer found for character: 0
11:24:35.121 [FXGL Background Thread 1 ] WARN  TextLevelParser      - No producer found for character: 0
11:24:35.122 [FXGL Background Thread 1 ] WARN  TextLevelParser      - No producer found for character: 0
11:24:35.122 [FXGL Background Thread 1 ] WARN  TextLevelParser      - No producer found for character: 0
11:24:35.122 [FXGL Background Thread 1 ] WARN  TextLevelParser      - No producer found for character: 0
11:24:35.122 [FXGL Background Thread 1 ] WARN  TextLevelParser      - No producer found for character: 0
11:24:35.122 [FXGL Background Thread 1 ] WARN  TextLevelParser      - No producer found for character: 0
11:24:35.122 [FXGL Background Thread 1 ] WARN  TextLevelParser      - No producer found for character: 0
11:24:35.122 [FXGL Background Thread 1 ] WARN  TextLevelParser      - No producer found for character: 0
11:24:35.122 [FXGL Background Thread 1 ] WARN  TextLevelParser      - No producer found for character: 0
11:24:35.123 [FXGL Background Thread 1 ] WARN  TextLevelParser      - No producer found for character: 0
11:24:35.123 [FXGL Background Thread 1 ] WARN  TextLevelParser      - No producer found for character: 0
11:24:35.123 [FXGL Background Thread 1 ] WARN  TextLevelParser      - No producer found for character: 0
11:24:35.123 [FXGL Background Thread 1 ] WARN  TextLevelParser      - No producer found for character: 0
11:24:35.123 [FXGL Background Thread 1 ] WARN  TextLevelParser      - No producer found for character: 0
11:24:35.123 [FXGL Background Thread 1 ] WARN  TextLevelParser      - No producer found for character: 0
11:24:35.123 [FXGL Background Thread 1 ] WARN  TextLevelParser      - No producer found for character: 0
11:24:35.123 [FXGL Background Thread 1 ] WARN  TextLevelParser      - No producer found for character: 0
11:24:35.124 [FXGL Background Thread 1 ] WARN  TextLevelParser      - No producer found for character: 0
11:24:35.124 [FXGL Background Thread 1 ] WARN  TextLevelParser      - No producer found for character: 0
11:24:35.124 [FXGL Background Thread 1 ] WARN  TextLevelParser      - No producer found for character: 0
11:24:35.124 [FXGL Background Thread 1 ] WARN  TextLevelParser      - No producer found for character: 0
11:24:35.124 [FXGL Background Thread 1 ] WARN  TextLevelParser      - No producer found for character: 0
11:24:35.124 [FXGL Background Thread 1 ] WARN  TextLevelParser      - No producer found for character: 0
11:24:35.124 [FXGL Background Thread 1 ] WARN  TextLevelParser      - No producer found for character: 0
11:24:35.124 [FXGL Background Thread 1 ] WARN  TextLevelParser      - No producer found for character: 0
11:24:35.125 [FXGL Background Thread 1 ] WARN  TextLevelParser      - No producer found for character: 0
11:24:35.125 [FXGL Background Thread 1 ] WARN  TextLevelParser      - No producer found for character: 0
11:24:35.125 [FXGL Background Thread 1 ] WARN  TextLevelParser      - No producer found for character: 0
11:24:35.125 [FXGL Background Thread 1 ] WARN  TextLevelParser      - No producer found for character: 0
11:24:35.125 [FXGL Background Thread 1 ] WARN  TextLevelParser      - No producer found for character: 0
11:24:35.125 [FXGL Background Thread 1 ] WARN  TextLevelParser      - No producer found for character: 0
11:24:35.125 [FXGL Background Thread 1 ] WARN  TextLevelParser      - No producer found for character: 0
11:24:35.125 [FXGL Background Thread 1 ] WARN  TextLevelParser      - No producer found for character: 0
11:24:35.125 [FXGL Background Thread 1 ] WARN  TextLevelParser      - No producer found for character: 0
11:24:35.126 [FXGL Background Thread 1 ] WARN  TextLevelParser      - No producer found for character: 0
11:24:35.126 [FXGL Background Thread 1 ] WARN  TextLevelParser      - No producer found for character: 0
11:24:35.126 [FXGL Background Thread 1 ] WARN  TextLevelParser      - No producer found for character: 0
11:24:35.126 [FXGL Background Thread 1 ] WARN  TextLevelParser      - No producer found for character: 0
11:24:35.126 [FXGL Background Thread 1 ] WARN  TextLevelParser      - No producer found for character: 0
11:24:35.126 [FXGL Background Thread 1 ] WARN  TextLevelParser      - No producer found for character: 0
11:24:35.126 [FXGL Background Thread 1 ] WARN  TextLevelParser      - No producer found for character: 0
11:24:35.127 [FXGL Background Thread 1 ] WARN  TextLevelParser      - No producer found for character: 0
11:24:35.127 [FXGL Background Thread 1 ] WARN  TextLevelParser      - No producer found for character: 0
11:24:35.127 [FXGL Background Thread 1 ] WARN  TextLevelParser      - No producer found for character: 0
11:24:35.127 [FXGL Background Thread 1 ] WARN  TextLevelParser      - No producer found for character: 0
11:24:35.127 [FXGL Background Thread 1 ] WARN  TextLevelParser      - No producer found for character: 0
11:24:35.127 [FXGL Background Thread 1 ] WARN  TextLevelParser      - No producer found for character: 0
11:24:35.127 [FXGL Background Thread 1 ] WARN  TextLevelParser      - No producer found for character: 0
11:24:35.127 [FXGL Background Thread 1 ] WARN  TextLevelParser      - No producer found for character: 0
11:24:35.127 [FXGL Background Thread 1 ] WARN  TextLevelParser      - No producer found for character: 0
11:24:35.128 [FXGL Background Thread 1 ] WARN  TextLevelParser      - No producer found for character: 0
11:24:35.128 [FXGL Background Thread 1 ] WARN  TextLevelParser      - No producer found for character: 0
11:24:35.128 [FXGL Background Thread 1 ] WARN  TextLevelParser      - No producer found for character: 0
11:24:35.128 [FXGL Background Thread 1 ] WARN  TextLevelParser      - No producer found for character: 0
11:24:35.128 [FXGL Background Thread 1 ] WARN  TextLevelParser      - No producer found for character: 0
11:24:35.128 [FXGL Background Thread 1 ] WARN  TextLevelParser      - No producer found for character: 0
11:24:35.129 [FXGL Background Thread 1 ] WARN  TextLevelParser      - No producer found for character: 0
11:24:35.129 [FXGL Background Thread 1 ] WARN  TextLevelParser      - No producer found for character: 0
11:24:35.129 [FXGL Background Thread 1 ] WARN  TextLevelParser      - No producer found for character: 0
11:24:35.129 [FXGL Background Thread 1 ] WARN  TextLevelParser      - No producer found for character: 0
11:24:35.129 [FXGL Background Thread 1 ] WARN  TextLevelParser      - No producer found for character: 0
11:24:35.130 [FXGL Background Thread 1 ] WARN  TextLevelParser      - No producer found for character: 0
11:24:35.130 [FXGL Background Thread 1 ] WARN  TextLevelParser      - No producer found for character: 0
11:24:35.130 [FXGL Background Thread 1 ] WARN  TextLevelParser      - No producer found for character: 0
11:24:35.130 [FXGL Background Thread 1 ] WARN  TextLevelParser      - No producer found for character: 0
11:24:35.130 [FXGL Background Thread 1 ] WARN  TextLevelParser      - No producer found for character: 0
11:24:35.130 [FXGL Background Thread 1 ] WARN  TextLevelParser      - No producer found for character: 0
11:24:35.130 [FXGL Background Thread 1 ] WARN  TextLevelParser      - No producer found for character: 0
11:24:35.130 [FXGL Background Thread 1 ] WARN  TextLevelParser      - No producer found for character: 0
11:24:35.130 [FXGL Background Thread 1 ] WARN  TextLevelParser      - No producer found for character: 0
11:24:35.131 [FXGL Background Thread 1 ] WARN  TextLevelParser      - No producer found for character: 0
11:24:35.131 [FXGL Background Thread 1 ] WARN  TextLevelParser      - No producer found for character: 0
11:24:35.131 [FXGL Background Thread 1 ] WARN  TextLevelParser      - No producer found for character: 0
11:24:35.131 [FXGL Background Thread 1 ] WARN  TextLevelParser      - No producer found for character: 0
11:24:35.131 [FXGL Background Thread 1 ] WARN  TextLevelParser      - No producer found for character: 0
11:24:35.131 [FXGL Background Thread 1 ] WARN  TextLevelParser      - No producer found for character: 0
11:24:35.131 [FXGL Background Thread 1 ] WARN  TextLevelParser      - No producer found for character: 0
11:24:35.131 [FXGL Background Thread 1 ] WARN  TextLevelParser      - No producer found for character: 0
11:24:35.131 [FXGL Background Thread 1 ] WARN  TextLevelParser      - No producer found for character: 0
11:24:35.132 [FXGL Background Thread 1 ] WARN  TextLevelParser      - No producer found for character: 0
11:24:35.132 [FXGL Background Thread 1 ] WARN  TextLevelParser      - No producer found for character: 0
11:24:35.132 [FXGL Background Thread 1 ] WARN  TextLevelParser      - No producer found for character: 0
11:24:35.132 [FXGL Background Thread 1 ] WARN  TextLevelParser      - No producer found for character: 0
11:24:35.132 [FXGL Background Thread 1 ] WARN  TextLevelParser      - No producer found for character: 0
11:24:35.132 [FXGL Background Thread 1 ] WARN  TextLevelParser      - No producer found for character: 0
11:24:35.132 [FXGL Background Thread 1 ] WARN  TextLevelParser      - No producer found for character: 0
11:24:35.132 [FXGL Background Thread 1 ] WARN  TextLevelParser      - No producer found for character: 0
11:24:35.132 [FXGL Background Thread 1 ] WARN  TextLevelParser      - No producer found for character: 0
11:24:35.133 [FXGL Background Thread 1 ] WARN  TextLevelParser      - No producer found for character: 0
11:24:35.133 [FXGL Background Thread 1 ] WARN  TextLevelParser      - No producer found for character: 0
11:24:35.133 [FXGL Background Thread 1 ] WARN  TextLevelParser      - No producer found for character: 0
11:24:35.133 [FXGL Background Thread 1 ] WARN  TextLevelParser      - No producer found for character: 0
11:24:35.133 [FXGL Background Thread 1 ] WARN  TextLevelParser      - No producer found for character: 0
11:24:35.133 [FXGL Background Thread 1 ] WARN  TextLevelParser      - No producer found for character: 0
11:24:35.133 [FXGL Background Thread 1 ] WARN  TextLevelParser      - No producer found for character: 0
11:24:35.133 [FXGL Background Thread 1 ] WARN  TextLevelParser      - No producer found for character: 0
11:24:35.133 [FXGL Background Thread 1 ] WARN  TextLevelParser      - No producer found for character: 0
11:24:35.134 [FXGL Background Thread 1 ] DEBUG AssetLoader          - Loading from disk: /assets/textures/bar.png
11:24:35.137 [FXGL Background Thread 1 ] WARN  TextLevelParser      - No producer found for character: 0
11:24:35.137 [FXGL Background Thread 1 ] WARN  TextLevelParser      - No producer found for character: 0
11:24:35.137 [FXGL Background Thread 1 ] WARN  TextLevelParser      - No producer found for character: 0
11:24:35.138 [FXGL Background Thread 1 ] WARN  TextLevelParser      - No producer found for character: 0
11:24:35.138 [FXGL Background Thread 1 ] WARN  TextLevelParser      - No producer found for character: 0
11:24:35.138 [FXGL Background Thread 1 ] WARN  TextLevelParser      - No producer found for character: 0
11:24:35.138 [FXGL Background Thread 1 ] WARN  TextLevelParser      - No producer found for character: 0
11:24:35.138 [FXGL Background Thread 1 ] WARN  TextLevelParser      - No producer found for character: 0
11:24:35.138 [FXGL Background Thread 1 ] WARN  TextLevelParser      - No producer found for character: 0
11:24:35.138 [FXGL Background Thread 1 ] WARN  TextLevelParser      - No producer found for character: 0
11:24:35.138 [FXGL Background Thread 1 ] WARN  TextLevelParser      - No producer found for character: 0
11:24:35.138 [FXGL Background Thread 1 ] WARN  TextLevelParser      - No producer found for character: 0
11:24:35.138 [FXGL Background Thread 1 ] WARN  TextLevelParser      - No producer found for character: 0
11:24:35.138 [FXGL Background Thread 1 ] WARN  TextLevelParser      - No producer found for character: 0
11:24:35.138 [FXGL Background Thread 1 ] WARN  TextLevelParser      - No producer found for character: 0
11:24:35.138 [FXGL Background Thread 1 ] WARN  TextLevelParser      - No producer found for character: 0
11:24:35.138 [FXGL Background Thread 1 ] WARN  TextLevelParser      - No producer found for character: 0
11:24:35.139 [FXGL Background Thread 1 ] WARN  TextLevelParser      - No producer found for character: 0
11:24:35.139 [FXGL Background Thread 1 ] WARN  TextLevelParser      - No producer found for character: 0
11:24:35.139 [FXGL Background Thread 1 ] WARN  TextLevelParser      - No producer found for character: 0
11:24:35.139 [FXGL Background Thread 1 ] WARN  TextLevelParser      - No producer found for character: 0
11:24:35.139 [FXGL Background Thread 1 ] DEBUG GameWorld            - Clearing removable entities
11:24:35.139 [FXGL Background Thread 1 ] DEBUG GameWorld            - Setting level: com.almasb.fxgl.entity.Level@3e64fe10
11:24:35.157 [FXGL Background Thread 1 ] DEBUG GameScene            - Creating render group for layer: DEFAULT(100000)
11:24:35.161 [FXGL Background Thread 1 ] DEBUG InitAppTask          - Initializing Physics
11:24:35.161 [FXGL Background Thread 1 ] DEBUG InitAppTask          - Initializing UI
11:24:35.161 [FXGL Background Thread 1 ] DEBUG InitAppTask          - Initialization Complete
11:24:35.162 [FXGL Background Thread 1 ] INFO  InitAppTask          - Game initialization took: 0,147 sec
11:24:35.172 [JavaFX Application Thread] DEBUG Input                - Clearing active input actions
11:24:35.172 [JavaFX Application Thread] DEBUG AssetLoader          - Loading from disk: /assets/ui/css/fxgl_dark.css
11:24:35.184 [JavaFX Application Thread] DEBUG AppStateMachine      - LoadingState -> PlayState
11:25:30.519 [JavaFX Application Thread] DEBUG FXGL                 - Exiting FXGL
11:25:30.519 [JavaFX Application Thread] DEBUG FXGL                 - Shutting down background threads
11:25:30.519 [JavaFX Application Thread] DEBUG FXGL                 - Saving FXGL system data
11:25:30.522 [JavaFX Application Thread] DEBUG DesktopFSService     - Writing to: system\fxgl.bundle
11:25:30.526 [JavaFX Application Thread] DEBUG FXGL                 - Closing logger and exiting JavaFX
