11:11:06.551 [JavaFX Application Thread] DEBUG GameApplication      - Logger initialized
11:11:06.566 [JavaFX Application Thread] DEBUG GameApplication      - Logging settings
Title: Breakout
Version: 0.1
Width: 800
Height: 600
Fullscreen: false
Intro: true
Menus: false
Profiling: false
Single step:false
App Mode: DEVELOPER
Menu Key: ESCAPE
Stage Style: DECORATED
Scene Factory: class com.almasb.fxgl.scene.SceneFactory
Dialog Factory: class com.almasb.fxgl.ui.FXGLDialogFactory
UI Factory: class com.almasb.fxgl.ui.FXGLUIFactory
Notification Service: class com.almasb.fxgl.gameplay.notification.XboxNotificationView
Exception Handler: class com.almasb.fxgl.app.FXGLExceptionHandler
11:11:06.566 [JavaFX Application Thread] DEBUG GameApplication      - Starting FXGL
11:11:06.576 [JavaFX Application Thread] INFO  FXGL                 - FXGL-0.5.4 on DESKTOP
11:11:06.576 [JavaFX Application Thread] INFO  FXGL                 - Source code and latest versions at: https://github.com/AlmasB/FXGL
11:11:06.577 [JavaFX Application Thread] INFO  FXGL                 -              Join the FXGL chat at: https://gitter.im/AlmasB/FXGL
11:11:06.577 [JavaFX Application Thread] DEBUG FXGL                 - FXGL started
11:11:06.577 [JavaFX Application Thread] DEBUG FXGL                 - Initializing FXGL
11:11:06.617 [JavaFX Application Thread] DEBUG AssetLoader          - Loading from disk: /assets/ui/cursors/fxgl_default.png
11:11:06.696 [JavaFX Application Thread] DEBUG AssetLoader          - Loading from disk: /assets/ui/fonts/VarelaRound-Regular.ttf
11:11:06.920 [JavaFX Application Thread] DEBUG MainWindow           - Creating a JavaFX scene
11:11:06.947 [JavaFX Application Thread] DEBUG MainWindow           - Target settings size: 800.0 x 600.0
11:11:06.947 [JavaFX Application Thread] DEBUG MainWindow           - Scaled scene size:    800.0 x 600.0
11:11:06.948 [JavaFX Application Thread] DEBUG MainWindow           - Scaled ratio: (1.0, 1.0)
11:11:06.949 [JavaFX Application Thread] DEBUG AssetLoader          - Loading from disk: /assets/ui/css/fxgl_dark.css
11:11:06.952 [JavaFX Application Thread] DEBUG AssetLoader          - Loading from disk: /assets/textures/fxgl_icon.png
11:11:06.968 [JavaFX Application Thread] DEBUG MainWindow           - Opening main window
11:11:07.104 [JavaFX Application Thread] DEBUG MainWindow           - Window border size: (14.4000244140625, 37.5999755859375)
11:11:07.104 [JavaFX Application Thread] DEBUG MainWindow           - Scaled size: 800.0 x 600.0
11:11:07.104 [JavaFX Application Thread] DEBUG MainWindow           - Scaled ratio: (1.0, 1.0)
11:11:07.104 [JavaFX Application Thread] DEBUG MainWindow           - Scene size: 800.0 x 600.0
11:11:07.105 [JavaFX Application Thread] DEBUG MainWindow           - Stage size: 814.4000244140625 x 637.5999755859375
11:11:07.170 [ForkJoinPool.commonPool-worker-9] DEBUG FS                   - Loaded DesktopFSService
11:11:07.171 [ForkJoinPool.commonPool-worker-9] DEBUG FXGL                 - Loading FXGL system data
11:11:07.180 [ForkJoinPool.commonPool-worker-9] DEBUG DesktopFSService     - Reading from: system\fxgl.bundle
11:11:07.195 [ForkJoinPool.commonPool-worker-9] DEBUG Bundle               - Logging bundle: FXGL
11:11:07.195 [ForkJoinPool.commonPool-worker-9] DEBUG Bundle               - FXGL.offline.timer.version.check=2019-01-24T08:55:57.713219300
11:11:07.197 [ForkJoinPool.commonPool-worker-9] DEBUG FXGL                 - Initializing state machine and application states
11:11:07.199 [ForkJoinPool.commonPool-worker-9] DEBUG AssetLoader          - Loading from disk: /assets/ui/cursors/fxgl_default.png
11:11:07.209 [ForkJoinPool.commonPool-worker-9] DEBUG AssetLoader          - Loading from disk: /assets/ui/cursors/fxgl_default.png
11:11:07.216 [ForkJoinPool.commonPool-worker-9] DEBUG AssetLoader          - Loading from cache: /assets/ui/fonts/VarelaRound-Regular.ttf
11:11:07.220 [ForkJoinPool.commonPool-worker-9] DEBUG AssetLoader          - Loading from disk: /assets/ui/cursors/fxgl_default.png
11:11:07.225 [ForkJoinPool.commonPool-worker-9] DEBUG GameScene            - Game scene initialized: 800x600
11:11:07.232 [ForkJoinPool.commonPool-worker-9] DEBUG GameWorld            - Game world initialized
11:11:07.303 [ForkJoinPool.commonPool-worker-9] DEBUG PhysicsWorld         - Physics world initialized: appHeight=600, physics.ppm=50,0
11:11:07.321 [ForkJoinPool.commonPool-worker-9] DEBUG Input                - Registered new binding: Pause - Esc
11:11:07.341 [ForkJoinPool.commonPool-worker-9] DEBUG AssetLoader          - Loading from disk: /assets/ui/cursors/fxgl_default.png
11:11:07.347 [ForkJoinPool.commonPool-worker-9] DEBUG AssetLoader          - Loading from disk: /assets/textures/particles/explosion.png
11:11:07.402 [ForkJoinPool.commonPool-worker-9] DEBUG AssetLoader          - Loading from cache: /assets/ui/fonts/VarelaRound-Regular.ttf
11:11:07.404 [ForkJoinPool.commonPool-worker-9] DEBUG AssetLoader          - Loading from cache: /assets/ui/fonts/VarelaRound-Regular.ttf
11:11:07.405 [ForkJoinPool.commonPool-worker-9] DEBUG AssetLoader          - Loading from cache: /assets/ui/fonts/VarelaRound-Regular.ttf
11:11:07.405 [ForkJoinPool.commonPool-worker-9] DEBUG AssetLoader          - Loading from cache: /assets/ui/fonts/VarelaRound-Regular.ttf
11:11:07.459 [JavaFX Application Thread] DEBUG FXGL                 - Running preInit()
11:11:07.460 [JavaFX Application Thread] DEBUG Input                - Registered new binding: Screenshot - P
11:11:07.461 [JavaFX Application Thread] DEBUG Input                - Registered new binding: Dev Options - CTRL+0
11:11:07.461 [JavaFX Application Thread] DEBUG Input                - Registered new binding: System info dump - CTRL+9
11:11:07.462 [JavaFX Application Thread] DEBUG Input                - Registered new binding: Restart - CTRL+R
11:11:07.462 [JavaFX Application Thread] INFO  FXGL                 - FXGL initialization took: 0,885 sec
11:11:07.462 [JavaFX Application Thread] DEBUG LoopRunner           - Starting loop
11:11:07.463 [JavaFX Application Thread] DEBUG StartupState         - STARTUP
11:11:07.463 [JavaFX Application Thread] DEBUG Input                - Clearing active input actions
11:11:07.464 [JavaFX Application Thread] DEBUG AssetLoader          - Loading from disk: /assets/ui/css/fxgl_dark.css
11:11:07.474 [JavaFX Application Thread] DEBUG AppStateMachine      - StartupState -> IntroState
11:11:12.019 [JavaFX Application Thread] DEBUG EventBus             - Firing event: IntroFinishedEvent
11:11:12.022 [JavaFX Application Thread] DEBUG GameApplication      - Starting new game
11:11:12.023 [JavaFX Application Thread] DEBUG Input                - Clearing active input actions
11:11:12.023 [JavaFX Application Thread] DEBUG AssetLoader          - Loading from disk: /assets/ui/css/fxgl_dark.css
11:11:12.033 [JavaFX Application Thread] DEBUG AppStateMachine      - IntroState -> LoadingState
11:11:12.039 [FXGL Background Thread 1 ] DEBUG InitAppTask          - Clearing previous game
11:11:12.039 [FXGL Background Thread 1 ] DEBUG GameWorld            - Clearing game world
11:11:12.039 [FXGL Background Thread 1 ] DEBUG PhysicsWorld         - Clearing physics world
11:11:12.039 [FXGL Background Thread 1 ] DEBUG GameScene            - Clearing game scene
11:11:12.042 [FXGL Background Thread 1 ] DEBUG InitAppTask          - Initializing Game
11:11:12.059 [FXGL Background Thread 1 ] DEBUG AssetLoader          - Loading from disk: /assets/text/levels/onlybar.txt
11:11:12.068 [FXGL Background Thread 1 ] WARN  TextLevelParser      - No producer found for character: 0
11:11:12.068 [FXGL Background Thread 1 ] WARN  TextLevelParser      - No producer found for character: 0
11:11:12.068 [FXGL Background Thread 1 ] WARN  TextLevelParser      - No producer found for character: 0
11:11:12.068 [FXGL Background Thread 1 ] WARN  TextLevelParser      - No producer found for character: 0
11:11:12.068 [FXGL Background Thread 1 ] WARN  TextLevelParser      - No producer found for character: 0
11:11:12.068 [FXGL Background Thread 1 ] WARN  TextLevelParser      - No producer found for character: 0
11:11:12.069 [FXGL Background Thread 1 ] WARN  TextLevelParser      - No producer found for character: 0
11:11:12.069 [FXGL Background Thread 1 ] WARN  TextLevelParser      - No producer found for character: 0
11:11:12.069 [FXGL Background Thread 1 ] WARN  TextLevelParser      - No producer found for character: 0
11:11:12.069 [FXGL Background Thread 1 ] WARN  TextLevelParser      - No producer found for character: 0
11:11:12.069 [FXGL Background Thread 1 ] WARN  TextLevelParser      - No producer found for character: 0
11:11:12.069 [FXGL Background Thread 1 ] WARN  TextLevelParser      - No producer found for character: 0
11:11:12.069 [FXGL Background Thread 1 ] WARN  TextLevelParser      - No producer found for character: 0
11:11:12.070 [FXGL Background Thread 1 ] WARN  TextLevelParser      - No producer found for character: 0
11:11:12.070 [FXGL Background Thread 1 ] WARN  TextLevelParser      - No producer found for character: 0
11:11:12.070 [FXGL Background Thread 1 ] WARN  TextLevelParser      - No producer found for character: 0
11:11:12.070 [FXGL Background Thread 1 ] WARN  TextLevelParser      - No producer found for character: 0
11:11:12.070 [FXGL Background Thread 1 ] WARN  TextLevelParser      - No producer found for character: 0
11:11:12.070 [FXGL Background Thread 1 ] WARN  TextLevelParser      - No producer found for character: 0
11:11:12.071 [FXGL Background Thread 1 ] WARN  TextLevelParser      - No producer found for character: 0
11:11:12.107 [FXGL Background Thread 1 ] DEBUG AssetLoader          - Loading from disk: /assets/textures/bar.png
11:11:12.112 [FXGL Background Thread 1 ] WARN  TextLevelParser      - No producer found for character: 0
11:11:12.112 [FXGL Background Thread 1 ] WARN  TextLevelParser      - No producer found for character: 0
11:11:12.112 [FXGL Background Thread 1 ] WARN  TextLevelParser      - No producer found for character: 0
11:11:12.112 [FXGL Background Thread 1 ] WARN  TextLevelParser      - No producer found for character: 0
11:11:12.112 [FXGL Background Thread 1 ] WARN  TextLevelParser      - No producer found for character: 0
11:11:12.113 [FXGL Background Thread 1 ] WARN  TextLevelParser      - No producer found for character: 0
11:11:12.113 [FXGL Background Thread 1 ] WARN  TextLevelParser      - No producer found for character: 0
11:11:12.113 [FXGL Background Thread 1 ] WARN  TextLevelParser      - No producer found for character: 0
11:11:12.113 [FXGL Background Thread 1 ] WARN  TextLevelParser      - No producer found for character: 0
11:11:12.113 [FXGL Background Thread 1 ] WARN  TextLevelParser      - No producer found for character: 0
11:11:12.114 [FXGL Background Thread 1 ] DEBUG AssetLoader          - Loading from cache: /assets/textures/bar.png
11:11:12.115 [FXGL Background Thread 1 ] WARN  TextLevelParser      - No producer found for character: 0
11:11:12.115 [FXGL Background Thread 1 ] WARN  TextLevelParser      - No producer found for character: 0
11:11:12.115 [FXGL Background Thread 1 ] WARN  TextLevelParser      - No producer found for character: 0
11:11:12.115 [FXGL Background Thread 1 ] WARN  TextLevelParser      - No producer found for character: 0
11:11:12.115 [FXGL Background Thread 1 ] WARN  TextLevelParser      - No producer found for character: 0
11:11:12.116 [FXGL Background Thread 1 ] WARN  TextLevelParser      - No producer found for character: 0
11:11:12.116 [FXGL Background Thread 1 ] WARN  TextLevelParser      - No producer found for character: 0
11:11:12.116 [FXGL Background Thread 1 ] WARN  TextLevelParser      - No producer found for character: 0
11:11:12.116 [FXGL Background Thread 1 ] WARN  TextLevelParser      - No producer found for character: 0
11:11:12.116 [FXGL Background Thread 1 ] WARN  TextLevelParser      - No producer found for character: 0
11:11:12.116 [FXGL Background Thread 1 ] WARN  TextLevelParser      - No producer found for character: 0
11:11:12.116 [FXGL Background Thread 1 ] WARN  TextLevelParser      - No producer found for character: 0
11:11:12.117 [FXGL Background Thread 1 ] WARN  TextLevelParser      - No producer found for character: 0
11:11:12.117 [FXGL Background Thread 1 ] WARN  TextLevelParser      - No producer found for character: 0
11:11:12.117 [FXGL Background Thread 1 ] WARN  TextLevelParser      - No producer found for character: 0
11:11:12.117 [FXGL Background Thread 1 ] WARN  TextLevelParser      - No producer found for character: 0
11:11:12.117 [FXGL Background Thread 1 ] WARN  TextLevelParser      - No producer found for character: 0
11:11:12.117 [FXGL Background Thread 1 ] WARN  TextLevelParser      - No producer found for character: 0
11:11:12.117 [FXGL Background Thread 1 ] WARN  TextLevelParser      - No producer found for character: 0
11:11:12.117 [FXGL Background Thread 1 ] WARN  TextLevelParser      - No producer found for character: 0
11:11:12.117 [FXGL Background Thread 1 ] WARN  TextLevelParser      - No producer found for character: 0
11:11:12.117 [FXGL Background Thread 1 ] WARN  TextLevelParser      - No producer found for character: 0
11:11:12.118 [FXGL Background Thread 1 ] WARN  TextLevelParser      - No producer found for character: 0
11:11:12.118 [FXGL Background Thread 1 ] WARN  TextLevelParser      - No producer found for character: 0
11:11:12.118 [FXGL Background Thread 1 ] WARN  TextLevelParser      - No producer found for character: 0
11:11:12.118 [FXGL Background Thread 1 ] WARN  TextLevelParser      - No producer found for character: 0
11:11:12.118 [FXGL Background Thread 1 ] WARN  TextLevelParser      - No producer found for character: 0
11:11:12.118 [FXGL Background Thread 1 ] WARN  TextLevelParser      - No producer found for character: 0
11:11:12.118 [FXGL Background Thread 1 ] WARN  TextLevelParser      - No producer found for character: 0
11:11:12.118 [FXGL Background Thread 1 ] WARN  TextLevelParser      - No producer found for character: 0
11:11:12.119 [FXGL Background Thread 1 ] WARN  TextLevelParser      - No producer found for character: 0
11:11:12.119 [FXGL Background Thread 1 ] WARN  TextLevelParser      - No producer found for character: 0
11:11:12.119 [FXGL Background Thread 1 ] WARN  TextLevelParser      - No producer found for character: 0
11:11:12.120 [FXGL Background Thread 1 ] WARN  TextLevelParser      - No producer found for character: 0
11:11:12.120 [FXGL Background Thread 1 ] WARN  TextLevelParser      - No producer found for character: 0
11:11:12.120 [FXGL Background Thread 1 ] WARN  TextLevelParser      - No producer found for character: 0
11:11:12.120 [FXGL Background Thread 1 ] WARN  TextLevelParser      - No producer found for character: 0
11:11:12.121 [FXGL Background Thread 1 ] WARN  TextLevelParser      - No producer found for character: 0
11:11:12.121 [FXGL Background Thread 1 ] WARN  TextLevelParser      - No producer found for character: 0
11:11:12.121 [FXGL Background Thread 1 ] WARN  TextLevelParser      - No producer found for character: 0
11:11:12.121 [FXGL Background Thread 1 ] WARN  TextLevelParser      - No producer found for character: 0
11:11:12.121 [FXGL Background Thread 1 ] WARN  TextLevelParser      - No producer found for character: 0
11:11:12.121 [FXGL Background Thread 1 ] WARN  TextLevelParser      - No producer found for character: 0
11:11:12.121 [FXGL Background Thread 1 ] WARN  TextLevelParser      - No producer found for character: 0
11:11:12.121 [FXGL Background Thread 1 ] WARN  TextLevelParser      - No producer found for character: 0
11:11:12.121 [FXGL Background Thread 1 ] WARN  TextLevelParser      - No producer found for character: 0
11:11:12.122 [FXGL Background Thread 1 ] WARN  TextLevelParser      - No producer found for character: 0
11:11:12.122 [FXGL Background Thread 1 ] WARN  TextLevelParser      - No producer found for character: 0
11:11:12.122 [FXGL Background Thread 1 ] WARN  TextLevelParser      - No producer found for character: 0
11:11:12.122 [FXGL Background Thread 1 ] WARN  TextLevelParser      - No producer found for character: 0
11:11:12.122 [FXGL Background Thread 1 ] WARN  TextLevelParser      - No producer found for character: 0
11:11:12.122 [FXGL Background Thread 1 ] WARN  TextLevelParser      - No producer found for character: 0
11:11:12.122 [FXGL Background Thread 1 ] WARN  TextLevelParser      - No producer found for character: 0
11:11:12.122 [FXGL Background Thread 1 ] WARN  TextLevelParser      - No producer found for character: 0
11:11:12.122 [FXGL Background Thread 1 ] WARN  TextLevelParser      - No producer found for character: 0
11:11:12.123 [FXGL Background Thread 1 ] WARN  TextLevelParser      - No producer found for character: 0
11:11:12.123 [FXGL Background Thread 1 ] WARN  TextLevelParser      - No producer found for character: 0
11:11:12.123 [FXGL Background Thread 1 ] WARN  TextLevelParser      - No producer found for character: 0
11:11:12.123 [FXGL Background Thread 1 ] WARN  TextLevelParser      - No producer found for character: 0
11:11:12.123 [FXGL Background Thread 1 ] WARN  TextLevelParser      - No producer found for character: 0
11:11:12.123 [FXGL Background Thread 1 ] WARN  TextLevelParser      - No producer found for character: 0
11:11:12.123 [FXGL Background Thread 1 ] WARN  TextLevelParser      - No producer found for character: 0
11:11:12.124 [FXGL Background Thread 1 ] WARN  TextLevelParser      - No producer found for character: 0
11:11:12.124 [FXGL Background Thread 1 ] WARN  TextLevelParser      - No producer found for character: 0
11:11:12.124 [FXGL Background Thread 1 ] WARN  TextLevelParser      - No producer found for character: 0
11:11:12.124 [FXGL Background Thread 1 ] WARN  TextLevelParser      - No producer found for character: 0
11:11:12.124 [FXGL Background Thread 1 ] WARN  TextLevelParser      - No producer found for character: 0
11:11:12.124 [FXGL Background Thread 1 ] WARN  TextLevelParser      - No producer found for character: 0
11:11:12.124 [FXGL Background Thread 1 ] WARN  TextLevelParser      - No producer found for character: 0
11:11:12.125 [FXGL Background Thread 1 ] WARN  TextLevelParser      - No producer found for character: 0
11:11:12.125 [FXGL Background Thread 1 ] WARN  TextLevelParser      - No producer found for character: 0
11:11:12.125 [FXGL Background Thread 1 ] WARN  TextLevelParser      - No producer found for character: 0
11:11:12.125 [FXGL Background Thread 1 ] WARN  TextLevelParser      - No producer found for character: 0
11:11:12.125 [FXGL Background Thread 1 ] WARN  TextLevelParser      - No producer found for character: 0
11:11:12.125 [FXGL Background Thread 1 ] WARN  TextLevelParser      - No producer found for character: 0
11:11:12.125 [FXGL Background Thread 1 ] WARN  TextLevelParser      - No producer found for character: 0
11:11:12.126 [FXGL Background Thread 1 ] WARN  TextLevelParser      - No producer found for character: 0
11:11:12.126 [FXGL Background Thread 1 ] WARN  TextLevelParser      - No producer found for character: 0
11:11:12.126 [FXGL Background Thread 1 ] WARN  TextLevelParser      - No producer found for character: 0
11:11:12.126 [FXGL Background Thread 1 ] WARN  TextLevelParser      - No producer found for character: 0
11:11:12.126 [FXGL Background Thread 1 ] WARN  TextLevelParser      - No producer found for character: 0
11:11:12.126 [FXGL Background Thread 1 ] WARN  TextLevelParser      - No producer found for character: 0
11:11:12.126 [FXGL Background Thread 1 ] WARN  TextLevelParser      - No producer found for character: 0
11:11:12.127 [FXGL Background Thread 1 ] WARN  TextLevelParser      - No producer found for character: 0
11:11:12.127 [FXGL Background Thread 1 ] WARN  TextLevelParser      - No producer found for character: 0
11:11:12.127 [FXGL Background Thread 1 ] WARN  TextLevelParser      - No producer found for character: 0
11:11:12.127 [FXGL Background Thread 1 ] WARN  TextLevelParser      - No producer found for character: 0
11:11:12.127 [FXGL Background Thread 1 ] WARN  TextLevelParser      - No producer found for character: 0
11:11:12.127 [FXGL Background Thread 1 ] WARN  TextLevelParser      - No producer found for character: 0
11:11:12.127 [FXGL Background Thread 1 ] WARN  TextLevelParser      - No producer found for character: 0
11:11:12.127 [FXGL Background Thread 1 ] WARN  TextLevelParser      - No producer found for character: 0
11:11:12.128 [FXGL Background Thread 1 ] WARN  TextLevelParser      - No producer found for character: 0
11:11:12.128 [FXGL Background Thread 1 ] WARN  TextLevelParser      - No producer found for character: 0
11:11:12.128 [FXGL Background Thread 1 ] WARN  TextLevelParser      - No producer found for character: 0
11:11:12.128 [FXGL Background Thread 1 ] WARN  TextLevelParser      - No producer found for character: 0
11:11:12.128 [FXGL Background Thread 1 ] WARN  TextLevelParser      - No producer found for character: 0
11:11:12.128 [FXGL Background Thread 1 ] WARN  TextLevelParser      - No producer found for character: 0
11:11:12.128 [FXGL Background Thread 1 ] WARN  TextLevelParser      - No producer found for character: 0
11:11:12.128 [FXGL Background Thread 1 ] WARN  TextLevelParser      - No producer found for character: 0
11:11:12.129 [FXGL Background Thread 1 ] WARN  TextLevelParser      - No producer found for character: 0
11:11:12.129 [FXGL Background Thread 1 ] WARN  TextLevelParser      - No producer found for character: 0
11:11:12.129 [FXGL Background Thread 1 ] WARN  TextLevelParser      - No producer found for character: 0
11:11:12.129 [FXGL Background Thread 1 ] WARN  TextLevelParser      - No producer found for character: 0
11:11:12.129 [FXGL Background Thread 1 ] WARN  TextLevelParser      - No producer found for character: 0
11:11:12.129 [FXGL Background Thread 1 ] WARN  TextLevelParser      - No producer found for character: 0
11:11:12.129 [FXGL Background Thread 1 ] WARN  TextLevelParser      - No producer found for character: 0
11:11:12.129 [FXGL Background Thread 1 ] WARN  TextLevelParser      - No producer found for character: 0
11:11:12.129 [FXGL Background Thread 1 ] WARN  TextLevelParser      - No producer found for character: 0
11:11:12.129 [FXGL Background Thread 1 ] WARN  TextLevelParser      - No producer found for character: 0
11:11:12.129 [FXGL Background Thread 1 ] WARN  TextLevelParser      - No producer found for character: 0
11:11:12.129 [FXGL Background Thread 1 ] WARN  TextLevelParser      - No producer found for character: 0
11:11:12.129 [FXGL Background Thread 1 ] WARN  TextLevelParser      - No producer found for character: 0
11:11:12.130 [FXGL Background Thread 1 ] WARN  TextLevelParser      - No producer found for character: 0
11:11:12.130 [FXGL Background Thread 1 ] WARN  TextLevelParser      - No producer found for character: 0
11:11:12.130 [FXGL Background Thread 1 ] WARN  TextLevelParser      - No producer found for character: 0
11:11:12.130 [FXGL Background Thread 1 ] WARN  TextLevelParser      - No producer found for character: 0
11:11:12.130 [FXGL Background Thread 1 ] WARN  TextLevelParser      - No producer found for character: 0
11:11:12.130 [FXGL Background Thread 1 ] WARN  TextLevelParser      - No producer found for character: 0
11:11:12.130 [FXGL Background Thread 1 ] WARN  TextLevelParser      - No producer found for character: 0
11:11:12.130 [FXGL Background Thread 1 ] WARN  TextLevelParser      - No producer found for character: 0
11:11:12.130 [FXGL Background Thread 1 ] WARN  TextLevelParser      - No producer found for character: 0
11:11:12.130 [FXGL Background Thread 1 ] WARN  TextLevelParser      - No producer found for character: 0
11:11:12.130 [FXGL Background Thread 1 ] WARN  TextLevelParser      - No producer found for character: 0
11:11:12.130 [FXGL Background Thread 1 ] WARN  TextLevelParser      - No producer found for character: 0
11:11:12.130 [FXGL Background Thread 1 ] WARN  TextLevelParser      - No producer found for character: 0
11:11:12.131 [FXGL Background Thread 1 ] WARN  TextLevelParser      - No producer found for character: 0
11:11:12.131 [FXGL Background Thread 1 ] WARN  TextLevelParser      - No producer found for character: 0
11:11:12.131 [FXGL Background Thread 1 ] WARN  TextLevelParser      - No producer found for character: 0
11:11:12.131 [FXGL Background Thread 1 ] WARN  TextLevelParser      - No producer found for character: 0
11:11:12.131 [FXGL Background Thread 1 ] WARN  TextLevelParser      - No producer found for character: 0
11:11:12.131 [FXGL Background Thread 1 ] WARN  TextLevelParser      - No producer found for character: 0
11:11:12.131 [FXGL Background Thread 1 ] WARN  TextLevelParser      - No producer found for character: 0
11:11:12.131 [FXGL Background Thread 1 ] WARN  TextLevelParser      - No producer found for character: 0
11:11:12.131 [FXGL Background Thread 1 ] WARN  TextLevelParser      - No producer found for character: 0
11:11:12.131 [FXGL Background Thread 1 ] WARN  TextLevelParser      - No producer found for character: 0
11:11:12.131 [FXGL Background Thread 1 ] WARN  TextLevelParser      - No producer found for character: 0
11:11:12.131 [FXGL Background Thread 1 ] WARN  TextLevelParser      - No producer found for character: 0
11:11:12.131 [FXGL Background Thread 1 ] WARN  TextLevelParser      - No producer found for character: 0
11:11:12.131 [FXGL Background Thread 1 ] WARN  TextLevelParser      - No producer found for character: 0
11:11:12.132 [FXGL Background Thread 1 ] WARN  TextLevelParser      - No producer found for character: 0
11:11:12.132 [FXGL Background Thread 1 ] WARN  TextLevelParser      - No producer found for character: 0
11:11:12.132 [FXGL Background Thread 1 ] WARN  TextLevelParser      - No producer found for character: 0
11:11:12.132 [FXGL Background Thread 1 ] WARN  TextLevelParser      - No producer found for character: 0
11:11:12.132 [FXGL Background Thread 1 ] WARN  TextLevelParser      - No producer found for character: 0
11:11:12.132 [FXGL Background Thread 1 ] WARN  TextLevelParser      - No producer found for character: 0
11:11:12.132 [FXGL Background Thread 1 ] WARN  TextLevelParser      - No producer found for character: 0
11:11:12.132 [FXGL Background Thread 1 ] WARN  TextLevelParser      - No producer found for character: 0
11:11:12.132 [FXGL Background Thread 1 ] WARN  TextLevelParser      - No producer found for character: 0
11:11:12.133 [FXGL Background Thread 1 ] DEBUG AssetLoader          - Loading from cache: /assets/textures/bar.png
11:11:12.133 [FXGL Background Thread 1 ] WARN  TextLevelParser      - No producer found for character: 0
11:11:12.133 [FXGL Background Thread 1 ] WARN  TextLevelParser      - No producer found for character: 0
11:11:12.133 [FXGL Background Thread 1 ] WARN  TextLevelParser      - No producer found for character: 0
11:11:12.133 [FXGL Background Thread 1 ] WARN  TextLevelParser      - No producer found for character: 0
11:11:12.133 [FXGL Background Thread 1 ] WARN  TextLevelParser      - No producer found for character: 0
11:11:12.134 [FXGL Background Thread 1 ] WARN  TextLevelParser      - No producer found for character: 0
11:11:12.134 [FXGL Background Thread 1 ] WARN  TextLevelParser      - No producer found for character: 0
11:11:12.134 [FXGL Background Thread 1 ] WARN  TextLevelParser      - No producer found for character: 0
11:11:12.134 [FXGL Background Thread 1 ] WARN  TextLevelParser      - No producer found for character: 0
11:11:12.134 [FXGL Background Thread 1 ] WARN  TextLevelParser      - No producer found for character: 0
11:11:12.134 [FXGL Background Thread 1 ] WARN  TextLevelParser      - No producer found for character: 0
11:11:12.134 [FXGL Background Thread 1 ] WARN  TextLevelParser      - No producer found for character: 0
11:11:12.134 [FXGL Background Thread 1 ] WARN  TextLevelParser      - No producer found for character: 0
11:11:12.134 [FXGL Background Thread 1 ] WARN  TextLevelParser      - No producer found for character: 0
11:11:12.134 [FXGL Background Thread 1 ] WARN  TextLevelParser      - No producer found for character: 0
11:11:12.134 [FXGL Background Thread 1 ] WARN  TextLevelParser      - No producer found for character: 0
11:11:12.134 [FXGL Background Thread 1 ] WARN  TextLevelParser      - No producer found for character: 0
11:11:12.135 [FXGL Background Thread 1 ] WARN  TextLevelParser      - No producer found for character: 0
11:11:12.135 [FXGL Background Thread 1 ] WARN  TextLevelParser      - No producer found for character: 0
11:11:12.135 [FXGL Background Thread 1 ] WARN  TextLevelParser      - No producer found for character: 0
11:11:12.135 [FXGL Background Thread 1 ] WARN  TextLevelParser      - No producer found for character: 0
11:11:12.135 [FXGL Background Thread 1 ] WARN  TextLevelParser      - No producer found for character: 0
11:11:12.135 [FXGL Background Thread 1 ] WARN  TextLevelParser      - No producer found for character: 0
11:11:12.135 [FXGL Background Thread 1 ] WARN  TextLevelParser      - No producer found for character: 0
11:11:12.135 [FXGL Background Thread 1 ] WARN  TextLevelParser      - No producer found for character: 0
11:11:12.135 [FXGL Background Thread 1 ] WARN  TextLevelParser      - No producer found for character: 0
11:11:12.135 [FXGL Background Thread 1 ] WARN  TextLevelParser      - No producer found for character: 0
11:11:12.135 [FXGL Background Thread 1 ] WARN  TextLevelParser      - No producer found for character: 0
11:11:12.135 [FXGL Background Thread 1 ] WARN  TextLevelParser      - No producer found for character: 0
11:11:12.135 [FXGL Background Thread 1 ] WARN  TextLevelParser      - No producer found for character: 0
11:11:12.135 [FXGL Background Thread 1 ] WARN  TextLevelParser      - No producer found for character: 0
11:11:12.136 [FXGL Background Thread 1 ] WARN  TextLevelParser      - No producer found for character: 0
11:11:12.136 [FXGL Background Thread 1 ] WARN  TextLevelParser      - No producer found for character: 0
11:11:12.136 [FXGL Background Thread 1 ] WARN  TextLevelParser      - No producer found for character: 0
11:11:12.136 [FXGL Background Thread 1 ] WARN  TextLevelParser      - No producer found for character: 0
11:11:12.136 [FXGL Background Thread 1 ] WARN  TextLevelParser      - No producer found for character: 0
11:11:12.136 [FXGL Background Thread 1 ] WARN  TextLevelParser      - No producer found for character: 0
11:11:12.136 [FXGL Background Thread 1 ] WARN  TextLevelParser      - No producer found for character: 0
11:11:12.136 [FXGL Background Thread 1 ] WARN  TextLevelParser      - No producer found for character: 0
11:11:12.137 [FXGL Background Thread 1 ] WARN  TextLevelParser      - No producer found for character: 0
11:11:12.137 [FXGL Background Thread 1 ] WARN  TextLevelParser      - No producer found for character: 0
11:11:12.137 [FXGL Background Thread 1 ] WARN  TextLevelParser      - No producer found for character: 0
11:11:12.137 [FXGL Background Thread 1 ] WARN  TextLevelParser      - No producer found for character: 0
11:11:12.137 [FXGL Background Thread 1 ] WARN  TextLevelParser      - No producer found for character: 0
11:11:12.137 [FXGL Background Thread 1 ] WARN  TextLevelParser      - No producer found for character: 0
11:11:12.137 [FXGL Background Thread 1 ] WARN  TextLevelParser      - No producer found for character: 0
11:11:12.137 [FXGL Background Thread 1 ] WARN  TextLevelParser      - No producer found for character: 0
11:11:12.137 [FXGL Background Thread 1 ] WARN  TextLevelParser      - No producer found for character: 0
11:11:12.137 [FXGL Background Thread 1 ] WARN  TextLevelParser      - No producer found for character: 0
11:11:12.138 [FXGL Background Thread 1 ] WARN  TextLevelParser      - No producer found for character: 0
11:11:12.138 [FXGL Background Thread 1 ] WARN  TextLevelParser      - No producer found for character: 0
11:11:12.138 [FXGL Background Thread 1 ] WARN  TextLevelParser      - No producer found for character: 0
11:11:12.138 [FXGL Background Thread 1 ] WARN  TextLevelParser      - No producer found for character: 0
11:11:12.138 [FXGL Background Thread 1 ] WARN  TextLevelParser      - No producer found for character: 0
11:11:12.138 [FXGL Background Thread 1 ] WARN  TextLevelParser      - No producer found for character: 0
11:11:12.138 [FXGL Background Thread 1 ] WARN  TextLevelParser      - No producer found for character: 0
11:11:12.138 [FXGL Background Thread 1 ] WARN  TextLevelParser      - No producer found for character: 0
11:11:12.138 [FXGL Background Thread 1 ] WARN  TextLevelParser      - No producer found for character: 0
11:11:12.138 [FXGL Background Thread 1 ] WARN  TextLevelParser      - No producer found for character: 0
11:11:12.139 [FXGL Background Thread 1 ] WARN  TextLevelParser      - No producer found for character: 0
11:11:12.139 [FXGL Background Thread 1 ] WARN  TextLevelParser      - No producer found for character: 0
11:11:12.139 [FXGL Background Thread 1 ] WARN  TextLevelParser      - No producer found for character: 0
11:11:12.139 [FXGL Background Thread 1 ] WARN  TextLevelParser      - No producer found for character: 0
11:11:12.139 [FXGL Background Thread 1 ] WARN  TextLevelParser      - No producer found for character: 0
11:11:12.139 [FXGL Background Thread 1 ] WARN  TextLevelParser      - No producer found for character: 0
11:11:12.139 [FXGL Background Thread 1 ] WARN  TextLevelParser      - No producer found for character: 0
11:11:12.139 [FXGL Background Thread 1 ] WARN  TextLevelParser      - No producer found for character: 0
11:11:12.139 [FXGL Background Thread 1 ] WARN  TextLevelParser      - No producer found for character: 0
11:11:12.139 [FXGL Background Thread 1 ] WARN  TextLevelParser      - No producer found for character: 0
11:11:12.139 [FXGL Background Thread 1 ] WARN  TextLevelParser      - No producer found for character: 0
11:11:12.139 [FXGL Background Thread 1 ] WARN  TextLevelParser      - No producer found for character: 0
11:11:12.139 [FXGL Background Thread 1 ] WARN  TextLevelParser      - No producer found for character: 0
11:11:12.139 [FXGL Background Thread 1 ] WARN  TextLevelParser      - No producer found for character: 0
11:11:12.140 [FXGL Background Thread 1 ] WARN  TextLevelParser      - No producer found for character: 0
11:11:12.140 [FXGL Background Thread 1 ] WARN  TextLevelParser      - No producer found for character: 0
11:11:12.140 [FXGL Background Thread 1 ] WARN  TextLevelParser      - No producer found for character: 0
11:11:12.140 [FXGL Background Thread 1 ] WARN  TextLevelParser      - No producer found for character: 0
11:11:12.140 [FXGL Background Thread 1 ] WARN  TextLevelParser      - No producer found for character: 0
11:11:12.140 [FXGL Background Thread 1 ] WARN  TextLevelParser      - No producer found for character: 0
11:11:12.140 [FXGL Background Thread 1 ] WARN  TextLevelParser      - No producer found for character: 0
11:11:12.141 [FXGL Background Thread 1 ] WARN  TextLevelParser      - No producer found for character: 0
11:11:12.141 [FXGL Background Thread 1 ] WARN  TextLevelParser      - No producer found for character: 0
11:11:12.141 [FXGL Background Thread 1 ] WARN  TextLevelParser      - No producer found for character: 0
11:11:12.141 [FXGL Background Thread 1 ] WARN  TextLevelParser      - No producer found for character: 0
11:11:12.141 [FXGL Background Thread 1 ] WARN  TextLevelParser      - No producer found for character: 0
11:11:12.141 [FXGL Background Thread 1 ] WARN  TextLevelParser      - No producer found for character: 0
11:11:12.141 [FXGL Background Thread 1 ] WARN  TextLevelParser      - No producer found for character: 0
11:11:12.141 [FXGL Background Thread 1 ] WARN  TextLevelParser      - No producer found for character: 0
11:11:12.141 [FXGL Background Thread 1 ] WARN  TextLevelParser      - No producer found for character: 0
11:11:12.142 [FXGL Background Thread 1 ] WARN  TextLevelParser      - No producer found for character: 0
11:11:12.142 [FXGL Background Thread 1 ] WARN  TextLevelParser      - No producer found for character: 0
11:11:12.142 [FXGL Background Thread 1 ] WARN  TextLevelParser      - No producer found for character: 0
11:11:12.142 [FXGL Background Thread 1 ] WARN  TextLevelParser      - No producer found for character: 0
11:11:12.142 [FXGL Background Thread 1 ] WARN  TextLevelParser      - No producer found for character: 0
11:11:12.142 [FXGL Background Thread 1 ] WARN  TextLevelParser      - No producer found for character: 0
11:11:12.142 [FXGL Background Thread 1 ] WARN  TextLevelParser      - No producer found for character: 0
11:11:12.142 [FXGL Background Thread 1 ] WARN  TextLevelParser      - No producer found for character: 0
11:11:12.142 [FXGL Background Thread 1 ] WARN  TextLevelParser      - No producer found for character: 0
11:11:12.142 [FXGL Background Thread 1 ] WARN  TextLevelParser      - No producer found for character: 0
11:11:12.142 [FXGL Background Thread 1 ] WARN  TextLevelParser      - No producer found for character: 0
11:11:12.143 [FXGL Background Thread 1 ] WARN  TextLevelParser      - No producer found for character: 0
11:11:12.143 [FXGL Background Thread 1 ] WARN  TextLevelParser      - No producer found for character: 0
11:11:12.143 [FXGL Background Thread 1 ] WARN  TextLevelParser      - No producer found for character: 0
11:11:12.143 [FXGL Background Thread 1 ] DEBUG GameWorld            - Clearing removable entities
11:11:12.143 [FXGL Background Thread 1 ] DEBUG GameWorld            - Setting level: com.almasb.fxgl.entity.Level@39859ed0
11:11:12.164 [FXGL Background Thread 1 ] DEBUG GameScene            - Creating render group for layer: DEFAULT(100000)
11:11:12.166 [FXGL Background Thread 1 ] DEBUG InitAppTask          - Initializing Physics
11:11:12.166 [FXGL Background Thread 1 ] DEBUG InitAppTask          - Initializing UI
11:11:12.166 [FXGL Background Thread 1 ] DEBUG InitAppTask          - Initialization Complete
11:11:12.166 [FXGL Background Thread 1 ] INFO  InitAppTask          - Game initialization took: 0,127 sec
11:11:12.180 [JavaFX Application Thread] DEBUG Input                - Clearing active input actions
11:11:12.180 [JavaFX Application Thread] DEBUG AssetLoader          - Loading from disk: /assets/ui/css/fxgl_dark.css
11:11:12.187 [JavaFX Application Thread] DEBUG AppStateMachine      - LoadingState -> PlayState
11:11:18.792 [JavaFX Application Thread] DEBUG FXGL                 - Exiting FXGL
11:11:18.792 [JavaFX Application Thread] DEBUG FXGL                 - Shutting down background threads
11:11:18.792 [JavaFX Application Thread] DEBUG FXGL                 - Saving FXGL system data
11:11:18.795 [JavaFX Application Thread] DEBUG DesktopFSService     - Writing to: system\fxgl.bundle
11:11:18.800 [JavaFX Application Thread] DEBUG FXGL                 - Closing logger and exiting JavaFX
