20:28:51.961 [JavaFX Application Thread] DEBUG GameApplication      - Logger initialized
20:28:51.977 [JavaFX Application Thread] DEBUG MainWindow           - Creating a JavaFX scene
20:28:52.091 [JavaFX Application Thread] DEBUG MainWindow           - Target settings size: 800.0 x 600.0
20:28:52.091 [JavaFX Application Thread] DEBUG MainWindow           - Scaled scene size:    800.0 x 600.0
20:28:52.091 [JavaFX Application Thread] DEBUG MainWindow           - Scaled ratio: (1.0, 1.0)
20:28:52.095 [JavaFX Application Thread] DEBUG GameApplication      - Starting FXGL
20:28:52.113 [FXGL Launcher Thread     ] INFO  FXGL                 - FXGL-0.5.0 on DESKTOP
20:28:52.114 [FXGL Launcher Thread     ] INFO  FXGL                 - Source code and latest versions at: https://github.com/AlmasB/FXGL
20:28:52.114 [FXGL Launcher Thread     ] INFO  FXGL                 -              Join the FXGL chat at: https://gitter.im/AlmasB/FXGL
20:28:52.120 [FXGL Launcher Thread     ] DEBUG FXGL                 - Loading FXGL system data
20:28:52.130 [FXGL Launcher Thread     ] DEBUG FS                   - Reading from: system\fxgl.bundle
20:28:52.139 [FXGL Launcher Thread     ] DEBUG Bundle               - Logging bundle: FXGL
20:28:52.140 [FXGL Launcher Thread     ] DEBUG Bundle               - FXGL.offline.timer.version.check=2019-01-24T08:55:57.713219300
20:28:52.169 [FXGL Launcher Thread     ] DEBUG GameApplication      - FXGL started
20:28:52.169 [FXGL Launcher Thread     ] DEBUG GameApplication      - Logging game settings
Title: Breakout
Version: 0.1
Width: 800
Height: 600
Fullscreen: false
Intro: false
Menus: false
Profiling: false
Single step:false
App Mode: DEVELOPER
Menu Key: ESCAPE
Stage Style: DECORATED
Scene Factory: class com.almasb.fxgl.scene.SceneFactory
Dialog Factory: class com.almasb.fxgl.ui.FXGLDialogFactory
UI Factory: class com.almasb.fxgl.ui.FXGLUIFactory
Notification Service: class com.almasb.fxgl.gameplay.notification.XboxNotificationView
Exception Handler: class com.almasb.fxgl.app.FXGLExceptionHandler
20:28:52.171 [FXGL Launcher Thread     ] DEBUG GameApplication      - Configuring GameApplication
20:28:52.172 [FXGL Launcher Thread     ] DEBUG GameApplication      - Initializing state machine and application states
20:28:52.184 [FXGL Launcher Thread     ] DEBUG AssetLoader          - Loading from disk: /assets/ui/cursors/fxgl_default.png
20:28:52.198 [FXGL Launcher Thread     ] DEBUG AssetLoader          - Loading from disk: /assets/ui/cursors/fxgl_default.png
20:28:52.219 [FXGL Launcher Thread     ] DEBUG FXGLAssets           - Loading FXGLAssets
20:28:52.247 [FXGL Launcher Thread     ] DEBUG AssetLoader          - Loading from disk: /assets/ui/fonts/VarelaRound-Regular.ttf
20:28:52.419 [FXGL Launcher Thread     ] DEBUG AssetLoader          - Loading from disk: /assets/ui/fonts/lucida_console.ttf
20:28:52.423 [FXGL Launcher Thread     ] DEBUG AssetLoader          - Loading from disk: /assets/ui/css/fxgl_dark.css
20:28:52.424 [FXGL Launcher Thread     ] DEBUG AssetLoader          - Loading from disk: /assets/ui/icons/fxgl_icon.png
20:28:52.460 [FXGL Launcher Thread     ] DEBUG AssetLoader          - Loading from disk: /assets/ui/cursors/fxgl_default.png
20:28:52.467 [FXGL Launcher Thread     ] DEBUG AssetLoader          - Loading from disk: /assets/ui/cursors/fxgl_default.png
20:28:52.493 [FXGL Launcher Thread     ] DEBUG GameScene            - Game scene initialized: 800x600
20:28:52.500 [FXGL Launcher Thread     ] DEBUG GameWorld            - Game world initialized
20:28:52.560 [FXGL Launcher Thread     ] DEBUG PhysicsWorld         - Physics world initialized: appHeight=600, physics.ppm=50,0
20:28:52.576 [FXGL Launcher Thread     ] DEBUG Input                - Registered new binding: Pause - Esc
20:28:52.594 [FXGL Launcher Thread     ] DEBUG Input                - Clearing active input actions
20:28:52.634 [FXGL Launcher Thread     ] DEBUG AppStateMachine      - StartupState -> StartupState
20:28:52.641 [FXGL Launcher Thread     ] INFO  GameApplication      - Game configuration took:  0,470 sec
20:28:52.649 [JavaFX Application Thread] DEBUG MainWindow           - Opening main window
20:28:52.744 [JavaFX Application Thread] DEBUG MainWindow           - Window border size: (14.4000244140625, 37.5999755859375)
20:28:52.745 [JavaFX Application Thread] DEBUG MainWindow           - Scaled size: 800.0 x 600.0
20:28:52.745 [JavaFX Application Thread] DEBUG MainWindow           - Scaled ratio: (1.0, 1.0)
20:28:52.745 [JavaFX Application Thread] DEBUG MainWindow           - Scene size: 800.0 x 600.0
20:28:52.745 [JavaFX Application Thread] DEBUG MainWindow           - Stage size: 814.4000244140625 x 637.5999755859375
20:28:52.745 [JavaFX Application Thread] DEBUG GameApplication      - Running preInit()
20:28:52.747 [JavaFX Application Thread] DEBUG Input                - Registered new binding: Screenshot - P
20:28:52.747 [JavaFX Application Thread] DEBUG Input                - Registered new binding: Dev Options - CTRL+0
20:28:52.748 [JavaFX Application Thread] DEBUG Input                - Registered new binding: System info dump - CTRL+9
20:28:52.748 [JavaFX Application Thread] DEBUG Input                - Registered new binding: Restart - CTRL+R
20:28:52.748 [JavaFX Application Thread] DEBUG Input                - Registered new binding: Move Left - A
20:28:52.748 [JavaFX Application Thread] DEBUG Input                - Registered new binding: Move Right - D
20:28:52.767 [JavaFX Application Thread] DEBUG GameApplication      - Starting main loop
20:28:52.769 [JavaFX Application Thread] DEBUG StartupState         - STARTUP
20:28:52.769 [JavaFX Application Thread] DEBUG GameApplication      - Starting new game
20:28:52.769 [JavaFX Application Thread] DEBUG Input                - Clearing active input actions
20:28:52.779 [JavaFX Application Thread] DEBUG AppStateMachine      - StartupState -> LoadingState
20:28:52.781 [FXGL Background Thread 1 ] DEBUG InitAppTask          - Clearing previous game
20:28:52.781 [FXGL Background Thread 1 ] DEBUG GameWorld            - Clearing game world
20:28:52.782 [FXGL Background Thread 1 ] DEBUG PhysicsWorld         - Clearing physics world
20:28:52.782 [FXGL Background Thread 1 ] DEBUG GameScene            - Clearing game scene
20:28:52.783 [FXGL Background Thread 1 ] DEBUG InitAppTask          - Initializing Game
20:28:52.817 [FXGL Background Thread 1 ] DEBUG AssetLoader          - Loading from disk: /assets/text/levels/bricksballbar.txt
20:28:52.818 [FXGL Background Thread 1 ] WARN  FXGL.TextLevelParser - No producer found for character: 0
20:28:52.819 [FXGL Background Thread 1 ] WARN  FXGL.TextLevelParser - No producer found for character: 0
20:28:52.819 [FXGL Background Thread 1 ] WARN  FXGL.TextLevelParser - No producer found for character: 0
20:28:52.819 [FXGL Background Thread 1 ] WARN  FXGL.TextLevelParser - No producer found for character: 0
20:28:52.819 [FXGL Background Thread 1 ] WARN  FXGL.TextLevelParser - No producer found for character: 0
20:28:52.819 [FXGL Background Thread 1 ] WARN  FXGL.TextLevelParser - No producer found for character: 0
20:28:52.819 [FXGL Background Thread 1 ] WARN  FXGL.TextLevelParser - No producer found for character: 0
20:28:52.820 [FXGL Background Thread 1 ] WARN  FXGL.TextLevelParser - No producer found for character: 0
20:28:52.820 [FXGL Background Thread 1 ] WARN  FXGL.TextLevelParser - No producer found for character: 0
20:28:52.820 [FXGL Background Thread 1 ] WARN  FXGL.TextLevelParser - No producer found for character: 0
20:28:52.820 [FXGL Background Thread 1 ] WARN  FXGL.TextLevelParser - No producer found for character: 0
20:28:52.820 [FXGL Background Thread 1 ] WARN  FXGL.TextLevelParser - No producer found for character: 0
20:28:52.821 [FXGL Background Thread 1 ] WARN  FXGL.TextLevelParser - No producer found for character: 0
20:28:52.821 [FXGL Background Thread 1 ] WARN  FXGL.TextLevelParser - No producer found for character: 0
20:28:52.821 [FXGL Background Thread 1 ] WARN  FXGL.TextLevelParser - No producer found for character: 0
20:28:52.821 [FXGL Background Thread 1 ] WARN  FXGL.TextLevelParser - No producer found for character: 0
20:28:52.822 [FXGL Background Thread 1 ] WARN  FXGL.TextLevelParser - No producer found for character: 0
20:28:52.822 [FXGL Background Thread 1 ] WARN  FXGL.TextLevelParser - No producer found for character: 0
20:28:52.822 [FXGL Background Thread 1 ] WARN  FXGL.TextLevelParser - No producer found for character: 0
20:28:52.856 [FXGL Background Thread 1 ] DEBUG AssetLoader          - Loading from disk: /assets/textures/brick1.png
20:28:52.868 [FXGL Background Thread 1 ] WARN  FXGL.TextLevelParser - No producer found for character: 0
20:28:52.869 [FXGL Background Thread 1 ] DEBUG AssetLoader          - Loading from cache: /assets/textures/brick1.png
20:28:52.871 [FXGL Background Thread 1 ] WARN  FXGL.TextLevelParser - No producer found for character: 0
20:28:52.872 [FXGL Background Thread 1 ] DEBUG AssetLoader          - Loading from cache: /assets/textures/brick1.png
20:28:52.873 [FXGL Background Thread 1 ] WARN  FXGL.TextLevelParser - No producer found for character: 0
20:28:52.874 [FXGL Background Thread 1 ] DEBUG AssetLoader          - Loading from cache: /assets/textures/brick1.png
20:28:52.874 [FXGL Background Thread 1 ] WARN  FXGL.TextLevelParser - No producer found for character: 0
20:28:52.875 [FXGL Background Thread 1 ] DEBUG AssetLoader          - Loading from cache: /assets/textures/brick1.png
20:28:52.876 [FXGL Background Thread 1 ] WARN  FXGL.TextLevelParser - No producer found for character: 0
20:28:52.877 [FXGL Background Thread 1 ] DEBUG AssetLoader          - Loading from cache: /assets/textures/brick1.png
20:28:52.878 [FXGL Background Thread 1 ] WARN  FXGL.TextLevelParser - No producer found for character: 0
20:28:52.879 [FXGL Background Thread 1 ] DEBUG AssetLoader          - Loading from cache: /assets/textures/brick1.png
20:28:52.879 [FXGL Background Thread 1 ] WARN  FXGL.TextLevelParser - No producer found for character: 0
20:28:52.880 [FXGL Background Thread 1 ] DEBUG AssetLoader          - Loading from cache: /assets/textures/brick1.png
20:28:52.881 [FXGL Background Thread 1 ] WARN  FXGL.TextLevelParser - No producer found for character: 0
20:28:52.882 [FXGL Background Thread 1 ] DEBUG AssetLoader          - Loading from cache: /assets/textures/brick1.png
20:28:52.882 [FXGL Background Thread 1 ] WARN  FXGL.TextLevelParser - No producer found for character: 0
20:28:52.883 [FXGL Background Thread 1 ] DEBUG AssetLoader          - Loading from cache: /assets/textures/brick1.png
20:28:52.884 [FXGL Background Thread 1 ] WARN  FXGL.TextLevelParser - No producer found for character: 0
20:28:52.884 [FXGL Background Thread 1 ] WARN  FXGL.TextLevelParser - No producer found for character: 0
20:28:52.884 [FXGL Background Thread 1 ] WARN  FXGL.TextLevelParser - No producer found for character: 0
20:28:52.885 [FXGL Background Thread 1 ] WARN  FXGL.TextLevelParser - No producer found for character: 0
20:28:52.885 [FXGL Background Thread 1 ] WARN  FXGL.TextLevelParser - No producer found for character: 0
20:28:52.885 [FXGL Background Thread 1 ] WARN  FXGL.TextLevelParser - No producer found for character: 0
20:28:52.885 [FXGL Background Thread 1 ] WARN  FXGL.TextLevelParser - No producer found for character: 0
20:28:52.885 [FXGL Background Thread 1 ] WARN  FXGL.TextLevelParser - No producer found for character: 0
20:28:52.885 [FXGL Background Thread 1 ] WARN  FXGL.TextLevelParser - No producer found for character: 0
20:28:52.885 [FXGL Background Thread 1 ] WARN  FXGL.TextLevelParser - No producer found for character: 0
20:28:52.886 [FXGL Background Thread 1 ] WARN  FXGL.TextLevelParser - No producer found for character: 0
20:28:52.886 [FXGL Background Thread 1 ] WARN  FXGL.TextLevelParser - No producer found for character: 0
20:28:52.886 [FXGL Background Thread 1 ] WARN  FXGL.TextLevelParser - No producer found for character: 0
20:28:52.886 [FXGL Background Thread 1 ] WARN  FXGL.TextLevelParser - No producer found for character: 0
20:28:52.886 [FXGL Background Thread 1 ] WARN  FXGL.TextLevelParser - No producer found for character: 0
20:28:52.886 [FXGL Background Thread 1 ] WARN  FXGL.TextLevelParser - No producer found for character: 0
20:28:52.886 [FXGL Background Thread 1 ] WARN  FXGL.TextLevelParser - No producer found for character: 0
20:28:52.887 [FXGL Background Thread 1 ] WARN  FXGL.TextLevelParser - No producer found for character: 0
20:28:52.887 [FXGL Background Thread 1 ] WARN  FXGL.TextLevelParser - No producer found for character: 0
20:28:52.887 [FXGL Background Thread 1 ] WARN  FXGL.TextLevelParser - No producer found for character: 0
20:28:52.887 [FXGL Background Thread 1 ] WARN  FXGL.TextLevelParser - No producer found for character: 0
20:28:52.887 [FXGL Background Thread 1 ] WARN  FXGL.TextLevelParser - No producer found for character: 0
20:28:52.888 [FXGL Background Thread 1 ] WARN  FXGL.TextLevelParser - No producer found for character: 0
20:28:52.888 [FXGL Background Thread 1 ] WARN  FXGL.TextLevelParser - No producer found for character: 0
20:28:52.888 [FXGL Background Thread 1 ] WARN  FXGL.TextLevelParser - No producer found for character: 0
20:28:52.889 [FXGL Background Thread 1 ] WARN  FXGL.TextLevelParser - No producer found for character: 0
20:28:52.889 [FXGL Background Thread 1 ] WARN  FXGL.TextLevelParser - No producer found for character: 0
20:28:52.889 [FXGL Background Thread 1 ] WARN  FXGL.TextLevelParser - No producer found for character: 0
20:28:52.890 [FXGL Background Thread 1 ] WARN  FXGL.TextLevelParser - No producer found for character: 0
20:28:52.890 [FXGL Background Thread 1 ] WARN  FXGL.TextLevelParser - No producer found for character: 0
20:28:52.890 [FXGL Background Thread 1 ] WARN  FXGL.TextLevelParser - No producer found for character: 0
20:28:52.890 [FXGL Background Thread 1 ] WARN  FXGL.TextLevelParser - No producer found for character: 0
20:28:52.890 [FXGL Background Thread 1 ] WARN  FXGL.TextLevelParser - No producer found for character: 0
20:28:52.891 [FXGL Background Thread 1 ] WARN  FXGL.TextLevelParser - No producer found for character: 0
20:28:52.891 [FXGL Background Thread 1 ] WARN  FXGL.TextLevelParser - No producer found for character: 0
20:28:52.891 [FXGL Background Thread 1 ] WARN  FXGL.TextLevelParser - No producer found for character: 0
20:28:52.891 [FXGL Background Thread 1 ] WARN  FXGL.TextLevelParser - No producer found for character: 0
20:28:52.891 [FXGL Background Thread 1 ] WARN  FXGL.TextLevelParser - No producer found for character: 0
20:28:52.891 [FXGL Background Thread 1 ] WARN  FXGL.TextLevelParser - No producer found for character: 0
20:28:52.892 [FXGL Background Thread 1 ] WARN  FXGL.TextLevelParser - No producer found for character: 0
20:28:52.892 [FXGL Background Thread 1 ] WARN  FXGL.TextLevelParser - No producer found for character: 0
20:28:52.892 [FXGL Background Thread 1 ] WARN  FXGL.TextLevelParser - No producer found for character: 0
20:28:52.892 [FXGL Background Thread 1 ] WARN  FXGL.TextLevelParser - No producer found for character: 0
20:28:52.892 [FXGL Background Thread 1 ] WARN  FXGL.TextLevelParser - No producer found for character: 0
20:28:52.892 [FXGL Background Thread 1 ] WARN  FXGL.TextLevelParser - No producer found for character: 0
20:28:52.892 [FXGL Background Thread 1 ] WARN  FXGL.TextLevelParser - No producer found for character: 0
20:28:52.893 [FXGL Background Thread 1 ] WARN  FXGL.TextLevelParser - No producer found for character: 0
20:28:52.893 [FXGL Background Thread 1 ] WARN  FXGL.TextLevelParser - No producer found for character: 0
20:28:52.893 [FXGL Background Thread 1 ] WARN  FXGL.TextLevelParser - No producer found for character: 0
20:28:52.893 [FXGL Background Thread 1 ] WARN  FXGL.TextLevelParser - No producer found for character: 0
20:28:52.893 [FXGL Background Thread 1 ] WARN  FXGL.TextLevelParser - No producer found for character: 0
20:28:52.893 [FXGL Background Thread 1 ] WARN  FXGL.TextLevelParser - No producer found for character: 0
20:28:52.894 [FXGL Background Thread 1 ] WARN  FXGL.TextLevelParser - No producer found for character: 0
20:28:52.894 [FXGL Background Thread 1 ] WARN  FXGL.TextLevelParser - No producer found for character: 0
20:28:52.894 [FXGL Background Thread 1 ] WARN  FXGL.TextLevelParser - No producer found for character: 0
20:28:52.894 [FXGL Background Thread 1 ] WARN  FXGL.TextLevelParser - No producer found for character: 0
20:28:52.894 [FXGL Background Thread 1 ] WARN  FXGL.TextLevelParser - No producer found for character: 0
20:28:52.894 [FXGL Background Thread 1 ] WARN  FXGL.TextLevelParser - No producer found for character: 0
20:28:52.894 [FXGL Background Thread 1 ] WARN  FXGL.TextLevelParser - No producer found for character: 0
20:28:52.895 [FXGL Background Thread 1 ] WARN  FXGL.TextLevelParser - No producer found for character: 0
20:28:52.895 [FXGL Background Thread 1 ] WARN  FXGL.TextLevelParser - No producer found for character: 0
20:28:52.895 [FXGL Background Thread 1 ] WARN  FXGL.TextLevelParser - No producer found for character: 0
20:28:52.895 [FXGL Background Thread 1 ] WARN  FXGL.TextLevelParser - No producer found for character: 0
20:28:52.895 [FXGL Background Thread 1 ] WARN  FXGL.TextLevelParser - No producer found for character: 0
20:28:52.895 [FXGL Background Thread 1 ] WARN  FXGL.TextLevelParser - No producer found for character: 0
20:28:52.896 [FXGL Background Thread 1 ] WARN  FXGL.TextLevelParser - No producer found for character: 0
20:28:52.896 [FXGL Background Thread 1 ] WARN  FXGL.TextLevelParser - No producer found for character: 0
20:28:52.896 [FXGL Background Thread 1 ] WARN  FXGL.TextLevelParser - No producer found for character: 0
20:28:52.896 [FXGL Background Thread 1 ] WARN  FXGL.TextLevelParser - No producer found for character: 0
20:28:52.896 [FXGL Background Thread 1 ] WARN  FXGL.TextLevelParser - No producer found for character: 0
20:28:52.896 [FXGL Background Thread 1 ] WARN  FXGL.TextLevelParser - No producer found for character: 0
20:28:52.896 [FXGL Background Thread 1 ] WARN  FXGL.TextLevelParser - No producer found for character: 0
20:28:52.897 [FXGL Background Thread 1 ] WARN  FXGL.TextLevelParser - No producer found for character: 0
20:28:52.897 [FXGL Background Thread 1 ] WARN  FXGL.TextLevelParser - No producer found for character: 0
20:28:52.897 [FXGL Background Thread 1 ] WARN  FXGL.TextLevelParser - No producer found for character: 0
20:28:52.897 [FXGL Background Thread 1 ] WARN  FXGL.TextLevelParser - No producer found for character: 0
20:28:52.898 [FXGL Background Thread 1 ] WARN  FXGL.TextLevelParser - No producer found for character: 0
20:28:52.898 [FXGL Background Thread 1 ] WARN  FXGL.TextLevelParser - No producer found for character: 0
20:28:52.898 [FXGL Background Thread 1 ] WARN  FXGL.TextLevelParser - No producer found for character: 0
20:28:52.898 [FXGL Background Thread 1 ] WARN  FXGL.TextLevelParser - No producer found for character: 0
20:28:52.898 [FXGL Background Thread 1 ] WARN  FXGL.TextLevelParser - No producer found for character: 0
20:28:52.898 [FXGL Background Thread 1 ] WARN  FXGL.TextLevelParser - No producer found for character: 0
20:28:52.898 [FXGL Background Thread 1 ] WARN  FXGL.TextLevelParser - No producer found for character: 0
20:28:52.899 [FXGL Background Thread 1 ] WARN  FXGL.TextLevelParser - No producer found for character: 0
20:28:52.899 [FXGL Background Thread 1 ] WARN  FXGL.TextLevelParser - No producer found for character: 0
20:28:52.906 [FXGL Background Thread 1 ] WARN  FXGL.TextLevelParser - No producer found for character: 0
20:28:52.906 [FXGL Background Thread 1 ] WARN  FXGL.TextLevelParser - No producer found for character: 0
20:28:52.907 [FXGL Background Thread 1 ] WARN  FXGL.TextLevelParser - No producer found for character: 0
20:28:52.907 [FXGL Background Thread 1 ] WARN  FXGL.TextLevelParser - No producer found for character: 0
20:28:52.907 [FXGL Background Thread 1 ] WARN  FXGL.TextLevelParser - No producer found for character: 0
20:28:52.907 [FXGL Background Thread 1 ] DEBUG AssetLoader          - Loading from cache: /assets/textures/brick1.png
20:28:52.908 [FXGL Background Thread 1 ] WARN  FXGL.TextLevelParser - No producer found for character: 0
20:28:52.908 [FXGL Background Thread 1 ] WARN  FXGL.TextLevelParser - No producer found for character: 0
20:28:52.908 [FXGL Background Thread 1 ] WARN  FXGL.TextLevelParser - No producer found for character: 0
20:28:52.909 [FXGL Background Thread 1 ] WARN  FXGL.TextLevelParser - No producer found for character: 0
20:28:52.909 [FXGL Background Thread 1 ] WARN  FXGL.TextLevelParser - No producer found for character: 0
20:28:52.909 [FXGL Background Thread 1 ] WARN  FXGL.TextLevelParser - No producer found for character: 0
20:28:52.909 [FXGL Background Thread 1 ] WARN  FXGL.TextLevelParser - No producer found for character: 0
20:28:52.909 [FXGL Background Thread 1 ] WARN  FXGL.TextLevelParser - No producer found for character: 0
20:28:52.909 [FXGL Background Thread 1 ] WARN  FXGL.TextLevelParser - No producer found for character: 0
20:28:52.909 [FXGL Background Thread 1 ] WARN  FXGL.TextLevelParser - No producer found for character: 0
20:28:52.910 [FXGL Background Thread 1 ] WARN  FXGL.TextLevelParser - No producer found for character: 0
20:28:52.910 [FXGL Background Thread 1 ] WARN  FXGL.TextLevelParser - No producer found for character: 0
20:28:52.910 [FXGL Background Thread 1 ] WARN  FXGL.TextLevelParser - No producer found for character: 0
20:28:52.910 [FXGL Background Thread 1 ] WARN  FXGL.TextLevelParser - No producer found for character: 0
20:28:52.910 [FXGL Background Thread 1 ] WARN  FXGL.TextLevelParser - No producer found for character: 0
20:28:52.910 [FXGL Background Thread 1 ] WARN  FXGL.TextLevelParser - No producer found for character: 0
20:28:52.910 [FXGL Background Thread 1 ] WARN  FXGL.TextLevelParser - No producer found for character: 0
20:28:52.910 [FXGL Background Thread 1 ] WARN  FXGL.TextLevelParser - No producer found for character: 0
20:28:52.911 [FXGL Background Thread 1 ] WARN  FXGL.TextLevelParser - No producer found for character: 0
20:28:52.911 [FXGL Background Thread 1 ] WARN  FXGL.TextLevelParser - No producer found for character: 0
20:28:52.911 [FXGL Background Thread 1 ] WARN  FXGL.TextLevelParser - No producer found for character: 0
20:28:52.911 [FXGL Background Thread 1 ] WARN  FXGL.TextLevelParser - No producer found for character: 0
20:28:52.911 [FXGL Background Thread 1 ] WARN  FXGL.TextLevelParser - No producer found for character: 0
20:28:52.911 [FXGL Background Thread 1 ] WARN  FXGL.TextLevelParser - No producer found for character: 0
20:28:52.911 [FXGL Background Thread 1 ] WARN  FXGL.TextLevelParser - No producer found for character: 0
20:28:52.911 [FXGL Background Thread 1 ] WARN  FXGL.TextLevelParser - No producer found for character: 0
20:28:52.911 [FXGL Background Thread 1 ] WARN  FXGL.TextLevelParser - No producer found for character: 0
20:28:52.912 [FXGL Background Thread 1 ] WARN  FXGL.TextLevelParser - No producer found for character: 0
20:28:52.912 [FXGL Background Thread 1 ] WARN  FXGL.TextLevelParser - No producer found for character: 0
20:28:52.912 [FXGL Background Thread 1 ] WARN  FXGL.TextLevelParser - No producer found for character: 0
20:28:52.912 [FXGL Background Thread 1 ] WARN  FXGL.TextLevelParser - No producer found for character: 0
20:28:52.912 [FXGL Background Thread 1 ] WARN  FXGL.TextLevelParser - No producer found for character: 0
20:28:52.912 [FXGL Background Thread 1 ] WARN  FXGL.TextLevelParser - No producer found for character: 0
20:28:52.912 [FXGL Background Thread 1 ] WARN  FXGL.TextLevelParser - No producer found for character: 0
20:28:52.912 [FXGL Background Thread 1 ] WARN  FXGL.TextLevelParser - No producer found for character: 0
20:28:52.912 [FXGL Background Thread 1 ] WARN  FXGL.TextLevelParser - No producer found for character: 0
20:28:52.913 [FXGL Background Thread 1 ] WARN  FXGL.TextLevelParser - No producer found for character: 0
20:28:52.913 [FXGL Background Thread 1 ] WARN  FXGL.TextLevelParser - No producer found for character: 0
20:28:52.913 [FXGL Background Thread 1 ] WARN  FXGL.TextLevelParser - No producer found for character: 0
20:28:52.913 [FXGL Background Thread 1 ] WARN  FXGL.TextLevelParser - No producer found for character: 0
20:28:52.913 [FXGL Background Thread 1 ] WARN  FXGL.TextLevelParser - No producer found for character: 0
20:28:52.913 [FXGL Background Thread 1 ] WARN  FXGL.TextLevelParser - No producer found for character: 0
20:28:52.913 [FXGL Background Thread 1 ] WARN  FXGL.TextLevelParser - No producer found for character: 0
20:28:52.913 [FXGL Background Thread 1 ] WARN  FXGL.TextLevelParser - No producer found for character: 0
20:28:52.914 [FXGL Background Thread 1 ] WARN  FXGL.TextLevelParser - No producer found for character: 0
20:28:52.914 [FXGL Background Thread 1 ] WARN  FXGL.TextLevelParser - No producer found for character: 0
20:28:52.914 [FXGL Background Thread 1 ] WARN  FXGL.TextLevelParser - No producer found for character: 0
20:28:52.914 [FXGL Background Thread 1 ] WARN  FXGL.TextLevelParser - No producer found for character: 0
20:28:52.914 [FXGL Background Thread 1 ] WARN  FXGL.TextLevelParser - No producer found for character: 0
20:28:52.914 [FXGL Background Thread 1 ] WARN  FXGL.TextLevelParser - No producer found for character: 0
20:28:52.914 [FXGL Background Thread 1 ] WARN  FXGL.TextLevelParser - No producer found for character: 0
20:28:52.915 [FXGL Background Thread 1 ] WARN  FXGL.TextLevelParser - No producer found for character: 0
20:28:52.915 [FXGL Background Thread 1 ] WARN  FXGL.TextLevelParser - No producer found for character: 0
20:28:52.915 [FXGL Background Thread 1 ] WARN  FXGL.TextLevelParser - No producer found for character: 0
20:28:52.915 [FXGL Background Thread 1 ] WARN  FXGL.TextLevelParser - No producer found for character: 0
20:28:52.915 [FXGL Background Thread 1 ] WARN  FXGL.TextLevelParser - No producer found for character: 0
20:28:52.915 [FXGL Background Thread 1 ] WARN  FXGL.TextLevelParser - No producer found for character: 0
20:28:52.915 [FXGL Background Thread 1 ] WARN  FXGL.TextLevelParser - No producer found for character: 0
20:28:52.915 [FXGL Background Thread 1 ] WARN  FXGL.TextLevelParser - No producer found for character: 0
20:28:52.915 [FXGL Background Thread 1 ] WARN  FXGL.TextLevelParser - No producer found for character: 0
20:28:52.916 [FXGL Background Thread 1 ] WARN  FXGL.TextLevelParser - No producer found for character: 0
20:28:52.916 [FXGL Background Thread 1 ] WARN  FXGL.TextLevelParser - No producer found for character: 0
20:28:52.916 [FXGL Background Thread 1 ] WARN  FXGL.TextLevelParser - No producer found for character: 0
20:28:52.916 [FXGL Background Thread 1 ] WARN  FXGL.TextLevelParser - No producer found for character: 0
20:28:52.916 [FXGL Background Thread 1 ] WARN  FXGL.TextLevelParser - No producer found for character: 0
20:28:52.916 [FXGL Background Thread 1 ] WARN  FXGL.TextLevelParser - No producer found for character: 0
20:28:52.916 [FXGL Background Thread 1 ] WARN  FXGL.TextLevelParser - No producer found for character: 0
20:28:52.916 [FXGL Background Thread 1 ] WARN  FXGL.TextLevelParser - No producer found for character: 0
20:28:52.917 [FXGL Background Thread 1 ] WARN  FXGL.TextLevelParser - No producer found for character: 0
20:28:52.917 [FXGL Background Thread 1 ] WARN  FXGL.TextLevelParser - No producer found for character: 0
20:28:52.917 [FXGL Background Thread 1 ] WARN  FXGL.TextLevelParser - No producer found for character: 0
20:28:52.917 [FXGL Background Thread 1 ] WARN  FXGL.TextLevelParser - No producer found for character: 0
20:28:52.917 [FXGL Background Thread 1 ] WARN  FXGL.TextLevelParser - No producer found for character: 0
20:28:52.917 [FXGL Background Thread 1 ] WARN  FXGL.TextLevelParser - No producer found for character: 0
20:28:52.918 [FXGL Background Thread 1 ] WARN  FXGL.TextLevelParser - No producer found for character: 0
20:28:52.918 [FXGL Background Thread 1 ] WARN  FXGL.TextLevelParser - No producer found for character: 0
20:28:52.918 [FXGL Background Thread 1 ] WARN  FXGL.TextLevelParser - No producer found for character: 0
20:28:52.918 [FXGL Background Thread 1 ] WARN  FXGL.TextLevelParser - No producer found for character: 0
20:28:52.918 [FXGL Background Thread 1 ] WARN  FXGL.TextLevelParser - No producer found for character: 0
20:28:52.918 [FXGL Background Thread 1 ] WARN  FXGL.TextLevelParser - No producer found for character: 0
20:28:52.918 [FXGL Background Thread 1 ] WARN  FXGL.TextLevelParser - No producer found for character: 0
20:28:52.919 [FXGL Background Thread 1 ] WARN  FXGL.TextLevelParser - No producer found for character: 0
20:28:52.919 [FXGL Background Thread 1 ] WARN  FXGL.TextLevelParser - No producer found for character: 0
20:28:52.919 [FXGL Background Thread 1 ] WARN  FXGL.TextLevelParser - No producer found for character: 0
20:28:52.919 [FXGL Background Thread 1 ] WARN  FXGL.TextLevelParser - No producer found for character: 0
20:28:52.919 [FXGL Background Thread 1 ] WARN  FXGL.TextLevelParser - No producer found for character: 0
20:28:52.919 [FXGL Background Thread 1 ] WARN  FXGL.TextLevelParser - No producer found for character: 0
20:28:52.919 [FXGL Background Thread 1 ] WARN  FXGL.TextLevelParser - No producer found for character: 0
20:28:52.920 [FXGL Background Thread 1 ] WARN  FXGL.TextLevelParser - No producer found for character: 0
20:28:52.920 [FXGL Background Thread 1 ] WARN  FXGL.TextLevelParser - No producer found for character: 0
20:28:52.920 [FXGL Background Thread 1 ] WARN  FXGL.TextLevelParser - No producer found for character: 0
20:28:52.920 [FXGL Background Thread 1 ] WARN  FXGL.TextLevelParser - No producer found for character: 0
20:28:52.920 [FXGL Background Thread 1 ] WARN  FXGL.TextLevelParser - No producer found for character: 0
20:28:52.920 [FXGL Background Thread 1 ] WARN  FXGL.TextLevelParser - No producer found for character: 0
20:28:52.920 [FXGL Background Thread 1 ] WARN  FXGL.TextLevelParser - No producer found for character: 0
20:28:52.920 [FXGL Background Thread 1 ] WARN  FXGL.TextLevelParser - No producer found for character: 0
20:28:52.921 [FXGL Background Thread 1 ] WARN  FXGL.TextLevelParser - No producer found for character: 0
20:28:52.921 [FXGL Background Thread 1 ] WARN  FXGL.TextLevelParser - No producer found for character: 0
20:28:52.921 [FXGL Background Thread 1 ] WARN  FXGL.TextLevelParser - No producer found for character: 0
20:28:52.921 [FXGL Background Thread 1 ] WARN  FXGL.TextLevelParser - No producer found for character: 0
20:28:52.921 [FXGL Background Thread 1 ] WARN  FXGL.TextLevelParser - No producer found for character: 0
20:28:52.921 [FXGL Background Thread 1 ] WARN  FXGL.TextLevelParser - No producer found for character: 0
20:28:52.921 [FXGL Background Thread 1 ] WARN  FXGL.TextLevelParser - No producer found for character: 0
20:28:52.921 [FXGL Background Thread 1 ] WARN  FXGL.TextLevelParser - No producer found for character: 0
20:28:52.921 [FXGL Background Thread 1 ] WARN  FXGL.TextLevelParser - No producer found for character: 0
20:28:52.922 [FXGL Background Thread 1 ] WARN  FXGL.TextLevelParser - No producer found for character: 0
20:28:52.922 [FXGL Background Thread 1 ] WARN  FXGL.TextLevelParser - No producer found for character: 0
20:28:52.922 [FXGL Background Thread 1 ] DEBUG AssetLoader          - Loading from disk: /assets/textures/bar.png
20:28:52.924 [FXGL Background Thread 1 ] WARN  FXGL.TextLevelParser - No producer found for character: 0
20:28:52.924 [FXGL Background Thread 1 ] WARN  FXGL.TextLevelParser - No producer found for character: 0
20:28:52.924 [FXGL Background Thread 1 ] WARN  FXGL.TextLevelParser - No producer found for character: 0
20:28:52.924 [FXGL Background Thread 1 ] WARN  FXGL.TextLevelParser - No producer found for character: 0
20:28:52.925 [FXGL Background Thread 1 ] WARN  FXGL.TextLevelParser - No producer found for character: 0
20:28:52.925 [FXGL Background Thread 1 ] WARN  FXGL.TextLevelParser - No producer found for character: 0
20:28:52.925 [FXGL Background Thread 1 ] WARN  FXGL.TextLevelParser - No producer found for character: 0
20:28:52.925 [FXGL Background Thread 1 ] WARN  FXGL.TextLevelParser - No producer found for character: 0
20:28:52.925 [FXGL Background Thread 1 ] WARN  FXGL.TextLevelParser - No producer found for character: 0
20:28:52.925 [FXGL Background Thread 1 ] WARN  FXGL.TextLevelParser - No producer found for character: 0
20:28:52.925 [FXGL Background Thread 1 ] WARN  FXGL.TextLevelParser - No producer found for character: 0
20:28:52.925 [FXGL Background Thread 1 ] WARN  FXGL.TextLevelParser - No producer found for character: 0
20:28:52.925 [FXGL Background Thread 1 ] WARN  FXGL.TextLevelParser - No producer found for character: 0
20:28:52.926 [FXGL Background Thread 1 ] WARN  FXGL.TextLevelParser - No producer found for character: 0
20:28:52.926 [FXGL Background Thread 1 ] WARN  FXGL.TextLevelParser - No producer found for character: 0
20:28:52.926 [FXGL Background Thread 1 ] WARN  FXGL.TextLevelParser - No producer found for character: 0
20:28:52.926 [FXGL Background Thread 1 ] WARN  FXGL.TextLevelParser - No producer found for character: 0
20:28:52.926 [FXGL Background Thread 1 ] WARN  FXGL.TextLevelParser - No producer found for character: 0
20:28:52.926 [FXGL Background Thread 1 ] WARN  FXGL.TextLevelParser - No producer found for character: 0
20:28:52.926 [FXGL Background Thread 1 ] WARN  FXGL.TextLevelParser - No producer found for character: 0
20:28:52.926 [FXGL Background Thread 1 ] WARN  FXGL.TextLevelParser - No producer found for character: 0
20:28:52.926 [FXGL Background Thread 1 ] WARN  FXGL.TextLevelParser - No producer found for character: 0
20:28:52.926 [FXGL Background Thread 1 ] WARN  FXGL.TextLevelParser - No producer found for character: 0
20:28:52.927 [FXGL Background Thread 1 ] WARN  FXGL.TextLevelParser - No producer found for character: 0
20:28:52.927 [FXGL Background Thread 1 ] WARN  FXGL.TextLevelParser - No producer found for character: 0
20:28:52.927 [FXGL Background Thread 1 ] WARN  FXGL.TextLevelParser - No producer found for character: 0
20:28:52.927 [FXGL Background Thread 1 ] WARN  FXGL.TextLevelParser - No producer found for character: 0
20:28:52.927 [FXGL Background Thread 1 ] WARN  FXGL.TextLevelParser - No producer found for character: 0
20:28:52.928 [FXGL Background Thread 1 ] DEBUG GameWorld            - Clearing removable entities
20:28:52.928 [FXGL Background Thread 1 ] DEBUG GameWorld            - Setting level: com.almasb.fxgl.entity.Level@5164123c
20:28:52.955 [FXGL Background Thread 1 ] DEBUG GameScene            - Creating render group for layer: DEFAULT(100000)
20:28:52.961 [FXGL Background Thread 1 ] DEBUG InitAppTask          - Initializing Physics
20:28:52.961 [FXGL Background Thread 1 ] DEBUG InitAppTask          - Initializing UI
20:28:52.966 [FXGL Background Thread 1 ] DEBUG InitAppTask          - Initialization Complete
20:28:52.967 [FXGL Background Thread 1 ] INFO  InitAppTask          - Game initialization took: 0,186 sec
20:28:52.969 [JavaFX Application Thread] DEBUG Input                - Clearing active input actions
20:28:52.983 [JavaFX Application Thread] DEBUG AppStateMachine      - LoadingState -> PlayState
20:28:59.582 [JavaFX Application Thread] DEBUG GameApplication      - Exiting game application
20:28:59.583 [JavaFX Application Thread] DEBUG GameApplication      - Shutting down background threads
20:28:59.583 [JavaFX Application Thread] DEBUG GameApplication      - Exiting FXGL
20:28:59.583 [JavaFX Application Thread] DEBUG FXGL                 - Saving FXGL system data
20:28:59.586 [JavaFX Application Thread] DEBUG FS                   - Writing to: system\fxgl.bundle
20:28:59.590 [JavaFX Application Thread] DEBUG GameApplication      - Closing logger and exiting JavaFX
