08:35:36.076 [JavaFX Application Thread] DEBUG GameApplication      - Logger initialized
08:35:36.095 [JavaFX Application Thread] DEBUG MainWindow           - Creating a JavaFX scene
08:35:36.201 [JavaFX Application Thread] DEBUG MainWindow           - Target settings size: 900.0 x 780.0
08:35:36.201 [JavaFX Application Thread] DEBUG MainWindow           - Scaled scene size:    900.0 x 780.0
08:35:36.202 [JavaFX Application Thread] DEBUG MainWindow           - Scaled ratio: (1.0, 1.0)
08:35:36.205 [JavaFX Application Thread] DEBUG GameApplication      - Starting FXGL
08:35:36.224 [FXGL Launcher Thread     ] INFO  FXGL                 - FXGL-0.5.0 on DESKTOP
08:35:36.224 [FXGL Launcher Thread     ] INFO  FXGL                 - Source code and latest versions at: https://github.com/AlmasB/FXGL
08:35:36.224 [FXGL Launcher Thread     ] INFO  FXGL                 -              Join the FXGL chat at: https://gitter.im/AlmasB/FXGL
08:35:36.229 [FXGL Launcher Thread     ] DEBUG FXGL                 - Loading FXGL system data
08:35:36.239 [FXGL Launcher Thread     ] DEBUG FS                   - Reading from: system\fxgl.bundle
08:35:36.248 [FXGL Launcher Thread     ] DEBUG Bundle               - Logging bundle: FXGL
08:35:36.249 [FXGL Launcher Thread     ] DEBUG Bundle               - FXGL.offline.timer.version.check=2019-01-24T08:55:57.713219300
08:35:36.280 [FXGL Launcher Thread     ] DEBUG GameApplication      - FXGL started
08:35:36.282 [FXGL Launcher Thread     ] DEBUG GameApplication      - Logging game settings
Title: Breakout
Version: 0.1
Width: 900
Height: 780
Fullscreen: false
Intro: false
Menus: false
Profiling: false
Single step:false
App Mode: DEVELOPER
Menu Key: ESCAPE
Stage Style: DECORATED
Scene Factory: class com.almasb.fxgl.scene.SceneFactory
Dialog Factory: class com.almasb.fxgl.ui.FXGLDialogFactory
UI Factory: class com.almasb.fxgl.ui.FXGLUIFactory
Notification Service: class com.almasb.fxgl.gameplay.notification.XboxNotificationView
Exception Handler: class com.almasb.fxgl.app.FXGLExceptionHandler
08:35:36.285 [FXGL Launcher Thread     ] DEBUG GameApplication      - Configuring GameApplication
08:35:36.285 [FXGL Launcher Thread     ] DEBUG GameApplication      - Initializing state machine and application states
08:35:36.296 [FXGL Launcher Thread     ] DEBUG AssetLoader          - Loading from disk: /assets/ui/cursors/fxgl_default.png
08:35:36.312 [FXGL Launcher Thread     ] DEBUG AssetLoader          - Loading from disk: /assets/ui/cursors/fxgl_default.png
08:35:36.333 [FXGL Launcher Thread     ] DEBUG FXGLAssets           - Loading FXGLAssets
08:35:36.362 [FXGL Launcher Thread     ] DEBUG AssetLoader          - Loading from disk: /assets/ui/fonts/VarelaRound-Regular.ttf
08:35:36.534 [FXGL Launcher Thread     ] DEBUG AssetLoader          - Loading from disk: /assets/ui/fonts/lucida_console.ttf
08:35:36.539 [FXGL Launcher Thread     ] DEBUG AssetLoader          - Loading from disk: /assets/ui/css/fxgl_dark.css
08:35:36.539 [FXGL Launcher Thread     ] DEBUG AssetLoader          - Loading from disk: /assets/ui/icons/fxgl_icon.png
08:35:36.577 [FXGL Launcher Thread     ] DEBUG AssetLoader          - Loading from disk: /assets/ui/cursors/fxgl_default.png
08:35:36.585 [FXGL Launcher Thread     ] DEBUG AssetLoader          - Loading from disk: /assets/ui/cursors/fxgl_default.png
08:35:36.615 [FXGL Launcher Thread     ] DEBUG GameScene            - Game scene initialized: 900x780
08:35:36.637 [FXGL Launcher Thread     ] DEBUG GameWorld            - Game world initialized
08:35:36.698 [FXGL Launcher Thread     ] DEBUG PhysicsWorld         - Physics world initialized: appHeight=780, physics.ppm=50,0
08:35:36.715 [FXGL Launcher Thread     ] DEBUG Input                - Registered new binding: Pause - Esc
08:35:36.730 [FXGL Launcher Thread     ] DEBUG Input                - Clearing active input actions
08:35:36.767 [FXGL Launcher Thread     ] DEBUG AppStateMachine      - StartupState -> StartupState
08:35:36.771 [FXGL Launcher Thread     ] INFO  GameApplication      - Game configuration took:  0,486 sec
08:35:36.774 [JavaFX Application Thread] DEBUG MainWindow           - Opening main window
08:35:36.870 [JavaFX Application Thread] DEBUG MainWindow           - Window border size: (14.4000244140625, 37.5999755859375)
08:35:36.870 [JavaFX Application Thread] DEBUG MainWindow           - Scaled size: 900.0 x 780.0
08:35:36.870 [JavaFX Application Thread] DEBUG MainWindow           - Scaled ratio: (1.0, 1.0)
08:35:36.870 [JavaFX Application Thread] DEBUG MainWindow           - Scene size: 900.0 x 780.0
08:35:36.870 [JavaFX Application Thread] DEBUG MainWindow           - Stage size: 914.4000244140625 x 817.5999755859375
08:35:36.871 [JavaFX Application Thread] DEBUG GameApplication      - Running preInit()
08:35:36.873 [JavaFX Application Thread] DEBUG Input                - Registered new binding: Screenshot - P
08:35:36.873 [JavaFX Application Thread] DEBUG Input                - Registered new binding: Dev Options - CTRL+0
08:35:36.874 [JavaFX Application Thread] DEBUG Input                - Registered new binding: System info dump - CTRL+9
08:35:36.874 [JavaFX Application Thread] DEBUG Input                - Registered new binding: Restart - CTRL+R
08:35:36.874 [JavaFX Application Thread] DEBUG Input                - Registered new binding: Move Left - A
08:35:36.875 [JavaFX Application Thread] DEBUG Input                - Registered new binding: Move Right - D
08:35:36.893 [JavaFX Application Thread] DEBUG GameApplication      - Starting main loop
08:35:36.895 [JavaFX Application Thread] DEBUG StartupState         - STARTUP
08:35:36.895 [JavaFX Application Thread] DEBUG GameApplication      - Starting new game
08:35:36.895 [JavaFX Application Thread] DEBUG Input                - Clearing active input actions
08:35:36.906 [JavaFX Application Thread] DEBUG AppStateMachine      - StartupState -> LoadingState
08:35:36.909 [FXGL Background Thread 1 ] DEBUG InitAppTask          - Clearing previous game
08:35:36.909 [FXGL Background Thread 1 ] DEBUG GameWorld            - Clearing game world
08:35:36.909 [FXGL Background Thread 1 ] DEBUG PhysicsWorld         - Clearing physics world
08:35:36.909 [FXGL Background Thread 1 ] DEBUG GameScene            - Clearing game scene
08:35:36.910 [FXGL Background Thread 1 ] DEBUG InitAppTask          - Initializing Game
08:35:36.954 [FXGL Background Thread 1 ] DEBUG AssetLoader          - Loading from disk: /assets/text/levels/level1.txt
08:35:36.956 [FXGL Background Thread 1 ] WARN  FXGL.TextLevelParser - No producer found for character: 0
08:35:36.956 [FXGL Background Thread 1 ] WARN  FXGL.TextLevelParser - No producer found for character: 0
08:35:36.956 [FXGL Background Thread 1 ] WARN  FXGL.TextLevelParser - No producer found for character: 0
08:35:36.956 [FXGL Background Thread 1 ] WARN  FXGL.TextLevelParser - No producer found for character: 0
08:35:36.957 [FXGL Background Thread 1 ] WARN  FXGL.TextLevelParser - No producer found for character: 0
08:35:36.957 [FXGL Background Thread 1 ] WARN  FXGL.TextLevelParser - No producer found for character: 0
08:35:36.957 [FXGL Background Thread 1 ] WARN  FXGL.TextLevelParser - No producer found for character: 0
08:35:36.957 [FXGL Background Thread 1 ] WARN  FXGL.TextLevelParser - No producer found for character: 0
08:35:36.957 [FXGL Background Thread 1 ] WARN  FXGL.TextLevelParser - No producer found for character: 0
08:35:36.957 [FXGL Background Thread 1 ] WARN  FXGL.TextLevelParser - No producer found for character: 0
08:35:36.958 [FXGL Background Thread 1 ] WARN  FXGL.TextLevelParser - No producer found for character: 0
08:35:36.958 [FXGL Background Thread 1 ] WARN  FXGL.TextLevelParser - No producer found for character: 0
08:35:36.958 [FXGL Background Thread 1 ] WARN  FXGL.TextLevelParser - No producer found for character: 0
08:35:36.958 [FXGL Background Thread 1 ] WARN  FXGL.TextLevelParser - No producer found for character: 0
08:35:36.958 [FXGL Background Thread 1 ] WARN  FXGL.TextLevelParser - No producer found for character: 0
08:35:36.958 [FXGL Background Thread 1 ] WARN  FXGL.TextLevelParser - No producer found for character: 0
08:35:36.958 [FXGL Background Thread 1 ] WARN  FXGL.TextLevelParser - No producer found for character: 0
08:35:36.959 [FXGL Background Thread 1 ] WARN  FXGL.TextLevelParser - No producer found for character: 0
08:35:36.959 [FXGL Background Thread 1 ] WARN  FXGL.TextLevelParser - No producer found for character: 0
08:35:36.959 [FXGL Background Thread 1 ] WARN  FXGL.TextLevelParser - No producer found for character: 0
08:35:36.959 [FXGL Background Thread 1 ] WARN  FXGL.TextLevelParser - No producer found for character: 0
08:35:36.959 [FXGL Background Thread 1 ] WARN  FXGL.TextLevelParser - No producer found for character: 0
08:35:36.959 [FXGL Background Thread 1 ] WARN  FXGL.TextLevelParser - No producer found for character: 0
08:35:36.959 [FXGL Background Thread 1 ] WARN  FXGL.TextLevelParser - No producer found for character: 0
08:35:36.960 [FXGL Background Thread 1 ] WARN  FXGL.TextLevelParser - No producer found for character: 0
08:35:36.960 [FXGL Background Thread 1 ] WARN  FXGL.TextLevelParser - No producer found for character: 0
08:35:36.960 [FXGL Background Thread 1 ] WARN  FXGL.TextLevelParser - No producer found for character: 0
08:35:36.960 [FXGL Background Thread 1 ] WARN  FXGL.TextLevelParser - No producer found for character: 0
08:35:36.960 [FXGL Background Thread 1 ] WARN  FXGL.TextLevelParser - No producer found for character: 0
08:35:36.960 [FXGL Background Thread 1 ] WARN  FXGL.TextLevelParser - No producer found for character: 0
08:35:36.960 [FXGL Background Thread 1 ] WARN  FXGL.TextLevelParser - No producer found for character: 0
08:35:36.961 [FXGL Background Thread 1 ] WARN  FXGL.TextLevelParser - No producer found for character: 0
08:35:36.961 [FXGL Background Thread 1 ] WARN  FXGL.TextLevelParser - No producer found for character: 0
08:35:36.961 [FXGL Background Thread 1 ] WARN  FXGL.TextLevelParser - No producer found for character: 0
08:35:36.961 [FXGL Background Thread 1 ] WARN  FXGL.TextLevelParser - No producer found for character: 0
08:35:36.961 [FXGL Background Thread 1 ] WARN  FXGL.TextLevelParser - No producer found for character: 0
08:35:36.961 [FXGL Background Thread 1 ] WARN  FXGL.TextLevelParser - No producer found for character: 0
08:35:36.962 [FXGL Background Thread 1 ] WARN  FXGL.TextLevelParser - No producer found for character: 0
08:35:36.962 [FXGL Background Thread 1 ] WARN  FXGL.TextLevelParser - No producer found for character: 0
08:35:36.964 [FXGL Background Thread 1 ] WARN  FXGL.TextLevelParser - No producer found for character: 0
08:35:36.965 [FXGL Background Thread 1 ] WARN  FXGL.TextLevelParser - No producer found for character: 0
08:35:36.965 [FXGL Background Thread 1 ] WARN  FXGL.TextLevelParser - No producer found for character: 0
08:35:37.002 [FXGL Background Thread 1 ] DEBUG AssetLoader          - Loading from disk: /assets/textures/brick1.png
08:35:37.016 [FXGL Background Thread 1 ] WARN  FXGL.TextLevelParser - No producer found for character: 0
08:35:37.016 [FXGL Background Thread 1 ] WARN  FXGL.TextLevelParser - No producer found for character: 0
08:35:37.016 [FXGL Background Thread 1 ] WARN  FXGL.TextLevelParser - No producer found for character: 0
08:35:37.017 [FXGL Background Thread 1 ] WARN  FXGL.TextLevelParser - No producer found for character: 0
08:35:37.017 [FXGL Background Thread 1 ] WARN  FXGL.TextLevelParser - No producer found for character: 0
08:35:37.017 [FXGL Background Thread 1 ] WARN  FXGL.TextLevelParser - No producer found for character: 0
08:35:37.017 [FXGL Background Thread 1 ] WARN  FXGL.TextLevelParser - No producer found for character: 0
08:35:37.018 [FXGL Background Thread 1 ] DEBUG AssetLoader          - Loading from cache: /assets/textures/brick1.png@50.0x24.0
08:35:37.019 [FXGL Background Thread 1 ] WARN  FXGL.TextLevelParser - No producer found for character: 0
08:35:37.019 [FXGL Background Thread 1 ] WARN  FXGL.TextLevelParser - No producer found for character: 0
08:35:37.019 [FXGL Background Thread 1 ] WARN  FXGL.TextLevelParser - No producer found for character: 0
08:35:37.020 [FXGL Background Thread 1 ] WARN  FXGL.TextLevelParser - No producer found for character: 0
08:35:37.020 [FXGL Background Thread 1 ] WARN  FXGL.TextLevelParser - No producer found for character: 0
08:35:37.020 [FXGL Background Thread 1 ] WARN  FXGL.TextLevelParser - No producer found for character: 0
08:35:37.020 [FXGL Background Thread 1 ] WARN  FXGL.TextLevelParser - No producer found for character: 0
08:35:37.020 [FXGL Background Thread 1 ] WARN  FXGL.TextLevelParser - No producer found for character: 0
08:35:37.020 [FXGL Background Thread 1 ] WARN  FXGL.TextLevelParser - No producer found for character: 0
08:35:37.020 [FXGL Background Thread 1 ] WARN  FXGL.TextLevelParser - No producer found for character: 0
08:35:37.021 [FXGL Background Thread 1 ] WARN  FXGL.TextLevelParser - No producer found for character: 0
08:35:37.021 [FXGL Background Thread 1 ] WARN  FXGL.TextLevelParser - No producer found for character: 0
08:35:37.021 [FXGL Background Thread 1 ] WARN  FXGL.TextLevelParser - No producer found for character: 0
08:35:37.021 [FXGL Background Thread 1 ] WARN  FXGL.TextLevelParser - No producer found for character: 0
08:35:37.021 [FXGL Background Thread 1 ] WARN  FXGL.TextLevelParser - No producer found for character: 0
08:35:37.021 [FXGL Background Thread 1 ] WARN  FXGL.TextLevelParser - No producer found for character: 0
08:35:37.021 [FXGL Background Thread 1 ] WARN  FXGL.TextLevelParser - No producer found for character: 0
08:35:37.021 [FXGL Background Thread 1 ] WARN  FXGL.TextLevelParser - No producer found for character: 0
08:35:37.022 [FXGL Background Thread 1 ] WARN  FXGL.TextLevelParser - No producer found for character: 0
08:35:37.022 [FXGL Background Thread 1 ] WARN  FXGL.TextLevelParser - No producer found for character: 0
08:35:37.022 [FXGL Background Thread 1 ] WARN  FXGL.TextLevelParser - No producer found for character: 0
08:35:37.022 [FXGL Background Thread 1 ] WARN  FXGL.TextLevelParser - No producer found for character: 0
08:35:37.022 [FXGL Background Thread 1 ] WARN  FXGL.TextLevelParser - No producer found for character: 0
08:35:37.022 [FXGL Background Thread 1 ] WARN  FXGL.TextLevelParser - No producer found for character: 0
08:35:37.022 [FXGL Background Thread 1 ] WARN  FXGL.TextLevelParser - No producer found for character: 0
08:35:37.023 [FXGL Background Thread 1 ] WARN  FXGL.TextLevelParser - No producer found for character: 0
08:35:37.023 [FXGL Background Thread 1 ] WARN  FXGL.TextLevelParser - No producer found for character: 0
08:35:37.023 [FXGL Background Thread 1 ] WARN  FXGL.TextLevelParser - No producer found for character: 0
08:35:37.023 [FXGL Background Thread 1 ] WARN  FXGL.TextLevelParser - No producer found for character: 0
08:35:37.023 [FXGL Background Thread 1 ] WARN  FXGL.TextLevelParser - No producer found for character: 0
08:35:37.023 [FXGL Background Thread 1 ] WARN  FXGL.TextLevelParser - No producer found for character: 0
08:35:37.023 [FXGL Background Thread 1 ] WARN  FXGL.TextLevelParser - No producer found for character: 0
08:35:37.024 [FXGL Background Thread 1 ] WARN  FXGL.TextLevelParser - No producer found for character: 0
08:35:37.024 [FXGL Background Thread 1 ] WARN  FXGL.TextLevelParser - No producer found for character: 0
08:35:37.024 [FXGL Background Thread 1 ] WARN  FXGL.TextLevelParser - No producer found for character: 0
08:35:37.024 [FXGL Background Thread 1 ] WARN  FXGL.TextLevelParser - No producer found for character: 0
08:35:37.024 [FXGL Background Thread 1 ] WARN  FXGL.TextLevelParser - No producer found for character: 0
08:35:37.024 [FXGL Background Thread 1 ] WARN  FXGL.TextLevelParser - No producer found for character: 0
08:35:37.024 [FXGL Background Thread 1 ] WARN  FXGL.TextLevelParser - No producer found for character: 0
08:35:37.025 [FXGL Background Thread 1 ] WARN  FXGL.TextLevelParser - No producer found for character: 0
08:35:37.025 [FXGL Background Thread 1 ] WARN  FXGL.TextLevelParser - No producer found for character: 0
08:35:37.025 [FXGL Background Thread 1 ] WARN  FXGL.TextLevelParser - No producer found for character: 0
08:35:37.025 [FXGL Background Thread 1 ] WARN  FXGL.TextLevelParser - No producer found for character: 0
08:35:37.025 [FXGL Background Thread 1 ] WARN  FXGL.TextLevelParser - No producer found for character: 0
08:35:37.025 [FXGL Background Thread 1 ] WARN  FXGL.TextLevelParser - No producer found for character: 0
08:35:37.026 [FXGL Background Thread 1 ] WARN  FXGL.TextLevelParser - No producer found for character: 0
08:35:37.026 [FXGL Background Thread 1 ] WARN  FXGL.TextLevelParser - No producer found for character: 0
08:35:37.026 [FXGL Background Thread 1 ] WARN  FXGL.TextLevelParser - No producer found for character: 0
08:35:37.026 [FXGL Background Thread 1 ] WARN  FXGL.TextLevelParser - No producer found for character: 0
08:35:37.026 [FXGL Background Thread 1 ] WARN  FXGL.TextLevelParser - No producer found for character: 0
08:35:37.026 [FXGL Background Thread 1 ] WARN  FXGL.TextLevelParser - No producer found for character: 0
08:35:37.026 [FXGL Background Thread 1 ] WARN  FXGL.TextLevelParser - No producer found for character: 0
08:35:37.026 [FXGL Background Thread 1 ] WARN  FXGL.TextLevelParser - No producer found for character: 0
08:35:37.027 [FXGL Background Thread 1 ] WARN  FXGL.TextLevelParser - No producer found for character: 0
08:35:37.027 [FXGL Background Thread 1 ] WARN  FXGL.TextLevelParser - No producer found for character: 0
08:35:37.027 [FXGL Background Thread 1 ] WARN  FXGL.TextLevelParser - No producer found for character: 0
08:35:37.027 [FXGL Background Thread 1 ] WARN  FXGL.TextLevelParser - No producer found for character: 0
08:35:37.027 [FXGL Background Thread 1 ] WARN  FXGL.TextLevelParser - No producer found for character: 0
08:35:37.027 [FXGL Background Thread 1 ] WARN  FXGL.TextLevelParser - No producer found for character: 0
08:35:37.028 [FXGL Background Thread 1 ] WARN  FXGL.TextLevelParser - No producer found for character: 0
08:35:37.028 [FXGL Background Thread 1 ] WARN  FXGL.TextLevelParser - No producer found for character: 0
08:35:37.028 [FXGL Background Thread 1 ] WARN  FXGL.TextLevelParser - No producer found for character: 0
08:35:37.028 [FXGL Background Thread 1 ] WARN  FXGL.TextLevelParser - No producer found for character: 0
08:35:37.029 [FXGL Background Thread 1 ] WARN  FXGL.TextLevelParser - No producer found for character: 0
08:35:37.029 [FXGL Background Thread 1 ] WARN  FXGL.TextLevelParser - No producer found for character: 0
08:35:37.029 [FXGL Background Thread 1 ] WARN  FXGL.TextLevelParser - No producer found for character: 0
08:35:37.029 [FXGL Background Thread 1 ] WARN  FXGL.TextLevelParser - No producer found for character: 0
08:35:37.029 [FXGL Background Thread 1 ] WARN  FXGL.TextLevelParser - No producer found for character: 0
08:35:37.035 [FXGL Background Thread 1 ] WARN  FXGL.TextLevelParser - No producer found for character: 0
08:35:37.035 [FXGL Background Thread 1 ] WARN  FXGL.TextLevelParser - No producer found for character: 0
08:35:37.035 [FXGL Background Thread 1 ] WARN  FXGL.TextLevelParser - No producer found for character: 0
08:35:37.035 [FXGL Background Thread 1 ] WARN  FXGL.TextLevelParser - No producer found for character: 0
08:35:37.035 [FXGL Background Thread 1 ] WARN  FXGL.TextLevelParser - No producer found for character: 0
08:35:37.036 [FXGL Background Thread 1 ] WARN  FXGL.TextLevelParser - No producer found for character: 0
08:35:37.036 [FXGL Background Thread 1 ] WARN  FXGL.TextLevelParser - No producer found for character: 0
08:35:37.036 [FXGL Background Thread 1 ] WARN  FXGL.TextLevelParser - No producer found for character: 0
08:35:37.036 [FXGL Background Thread 1 ] WARN  FXGL.TextLevelParser - No producer found for character: 0
08:35:37.037 [FXGL Background Thread 1 ] WARN  FXGL.TextLevelParser - No producer found for character: 0
08:35:37.037 [FXGL Background Thread 1 ] WARN  FXGL.TextLevelParser - No producer found for character: 0
08:35:37.037 [FXGL Background Thread 1 ] WARN  FXGL.TextLevelParser - No producer found for character: 0
08:35:37.037 [FXGL Background Thread 1 ] WARN  FXGL.TextLevelParser - No producer found for character: 0
08:35:37.038 [FXGL Background Thread 1 ] WARN  FXGL.TextLevelParser - No producer found for character: 0
08:35:37.038 [FXGL Background Thread 1 ] WARN  FXGL.TextLevelParser - No producer found for character: 0
08:35:37.038 [FXGL Background Thread 1 ] WARN  FXGL.TextLevelParser - No producer found for character: 0
08:35:37.038 [FXGL Background Thread 1 ] WARN  FXGL.TextLevelParser - No producer found for character: 0
08:35:37.039 [FXGL Background Thread 1 ] WARN  FXGL.TextLevelParser - No producer found for character: 0
08:35:37.039 [FXGL Background Thread 1 ] WARN  FXGL.TextLevelParser - No producer found for character: 0
08:35:37.039 [FXGL Background Thread 1 ] WARN  FXGL.TextLevelParser - No producer found for character: 0
08:35:37.040 [FXGL Background Thread 1 ] WARN  FXGL.TextLevelParser - No producer found for character: 0
08:35:37.040 [FXGL Background Thread 1 ] WARN  FXGL.TextLevelParser - No producer found for character: 0
08:35:37.040 [FXGL Background Thread 1 ] WARN  FXGL.TextLevelParser - No producer found for character: 0
08:35:37.040 [FXGL Background Thread 1 ] WARN  FXGL.TextLevelParser - No producer found for character: 0
08:35:37.040 [FXGL Background Thread 1 ] WARN  FXGL.TextLevelParser - No producer found for character: 0
08:35:37.040 [FXGL Background Thread 1 ] WARN  FXGL.TextLevelParser - No producer found for character: 0
08:35:37.040 [FXGL Background Thread 1 ] WARN  FXGL.TextLevelParser - No producer found for character: 0
08:35:37.041 [FXGL Background Thread 1 ] WARN  FXGL.TextLevelParser - No producer found for character: 0
08:35:37.041 [FXGL Background Thread 1 ] WARN  FXGL.TextLevelParser - No producer found for character: 0
08:35:37.041 [FXGL Background Thread 1 ] WARN  FXGL.TextLevelParser - No producer found for character: 0
08:35:37.041 [FXGL Background Thread 1 ] WARN  FXGL.TextLevelParser - No producer found for character: 0
08:35:37.041 [FXGL Background Thread 1 ] WARN  FXGL.TextLevelParser - No producer found for character: 0
08:35:37.041 [FXGL Background Thread 1 ] WARN  FXGL.TextLevelParser - No producer found for character: 0
08:35:37.041 [FXGL Background Thread 1 ] WARN  FXGL.TextLevelParser - No producer found for character: 0
08:35:37.042 [FXGL Background Thread 1 ] WARN  FXGL.TextLevelParser - No producer found for character: 0
08:35:37.042 [FXGL Background Thread 1 ] WARN  FXGL.TextLevelParser - No producer found for character: 0
08:35:37.042 [FXGL Background Thread 1 ] WARN  FXGL.TextLevelParser - No producer found for character: 0
08:35:37.042 [FXGL Background Thread 1 ] WARN  FXGL.TextLevelParser - No producer found for character: 0
08:35:37.042 [FXGL Background Thread 1 ] WARN  FXGL.TextLevelParser - No producer found for character: 0
08:35:37.044 [FXGL Background Thread 1 ] WARN  FXGL.TextLevelParser - No producer found for character: 0
08:35:37.044 [FXGL Background Thread 1 ] WARN  FXGL.TextLevelParser - No producer found for character: 0
08:35:37.044 [FXGL Background Thread 1 ] WARN  FXGL.TextLevelParser - No producer found for character: 0
08:35:37.044 [FXGL Background Thread 1 ] WARN  FXGL.TextLevelParser - No producer found for character: 0
08:35:37.044 [FXGL Background Thread 1 ] WARN  FXGL.TextLevelParser - No producer found for character: 0
08:35:37.044 [FXGL Background Thread 1 ] WARN  FXGL.TextLevelParser - No producer found for character: 0
08:35:37.044 [FXGL Background Thread 1 ] WARN  FXGL.TextLevelParser - No producer found for character: 0
08:35:37.045 [FXGL Background Thread 1 ] WARN  FXGL.TextLevelParser - No producer found for character: 0
08:35:37.045 [FXGL Background Thread 1 ] WARN  FXGL.TextLevelParser - No producer found for character: 0
08:35:37.045 [FXGL Background Thread 1 ] WARN  FXGL.TextLevelParser - No producer found for character: 0
08:35:37.045 [FXGL Background Thread 1 ] WARN  FXGL.TextLevelParser - No producer found for character: 0
08:35:37.045 [FXGL Background Thread 1 ] WARN  FXGL.TextLevelParser - No producer found for character: 0
08:35:37.045 [FXGL Background Thread 1 ] WARN  FXGL.TextLevelParser - No producer found for character: 0
08:35:37.045 [FXGL Background Thread 1 ] WARN  FXGL.TextLevelParser - No producer found for character: 0
08:35:37.045 [FXGL Background Thread 1 ] WARN  FXGL.TextLevelParser - No producer found for character: 0
08:35:37.046 [FXGL Background Thread 1 ] WARN  FXGL.TextLevelParser - No producer found for character: 0
08:35:37.046 [FXGL Background Thread 1 ] WARN  FXGL.TextLevelParser - No producer found for character: 0
08:35:37.046 [FXGL Background Thread 1 ] WARN  FXGL.TextLevelParser - No producer found for character: 0
08:35:37.046 [FXGL Background Thread 1 ] WARN  FXGL.TextLevelParser - No producer found for character: 0
08:35:37.046 [FXGL Background Thread 1 ] WARN  FXGL.TextLevelParser - No producer found for character: 0
08:35:37.046 [FXGL Background Thread 1 ] WARN  FXGL.TextLevelParser - No producer found for character: 0
08:35:37.046 [FXGL Background Thread 1 ] WARN  FXGL.TextLevelParser - No producer found for character: 0
08:35:37.047 [FXGL Background Thread 1 ] WARN  FXGL.TextLevelParser - No producer found for character: 0
08:35:37.047 [FXGL Background Thread 1 ] WARN  FXGL.TextLevelParser - No producer found for character: 0
08:35:37.047 [FXGL Background Thread 1 ] WARN  FXGL.TextLevelParser - No producer found for character: 0
08:35:37.047 [FXGL Background Thread 1 ] WARN  FXGL.TextLevelParser - No producer found for character: 0
08:35:37.047 [FXGL Background Thread 1 ] WARN  FXGL.TextLevelParser - No producer found for character: 0
08:35:37.047 [FXGL Background Thread 1 ] WARN  FXGL.TextLevelParser - No producer found for character: 0
08:35:37.048 [FXGL Background Thread 1 ] WARN  FXGL.TextLevelParser - No producer found for character: 0
08:35:37.048 [FXGL Background Thread 1 ] WARN  FXGL.TextLevelParser - No producer found for character: 0
08:35:37.048 [FXGL Background Thread 1 ] WARN  FXGL.TextLevelParser - No producer found for character: 0
08:35:37.048 [FXGL Background Thread 1 ] WARN  FXGL.TextLevelParser - No producer found for character: 0
08:35:37.048 [FXGL Background Thread 1 ] WARN  FXGL.TextLevelParser - No producer found for character: 0
08:35:37.048 [FXGL Background Thread 1 ] WARN  FXGL.TextLevelParser - No producer found for character: 0
08:35:37.048 [FXGL Background Thread 1 ] WARN  FXGL.TextLevelParser - No producer found for character: 0
08:35:37.049 [FXGL Background Thread 1 ] WARN  FXGL.TextLevelParser - No producer found for character: 0
08:35:37.049 [FXGL Background Thread 1 ] WARN  FXGL.TextLevelParser - No producer found for character: 0
08:35:37.049 [FXGL Background Thread 1 ] WARN  FXGL.TextLevelParser - No producer found for character: 0
08:35:37.049 [FXGL Background Thread 1 ] WARN  FXGL.TextLevelParser - No producer found for character: 0
08:35:37.050 [FXGL Background Thread 1 ] WARN  FXGL.TextLevelParser - No producer found for character: 0
08:35:37.050 [FXGL Background Thread 1 ] WARN  FXGL.TextLevelParser - No producer found for character: 0
08:35:37.050 [FXGL Background Thread 1 ] WARN  FXGL.TextLevelParser - No producer found for character: 0
08:35:37.050 [FXGL Background Thread 1 ] WARN  FXGL.TextLevelParser - No producer found for character: 0
08:35:37.050 [FXGL Background Thread 1 ] WARN  FXGL.TextLevelParser - No producer found for character: 0
08:35:37.050 [FXGL Background Thread 1 ] WARN  FXGL.TextLevelParser - No producer found for character: 0
08:35:37.051 [FXGL Background Thread 1 ] WARN  FXGL.TextLevelParser - No producer found for character: 0
08:35:37.051 [FXGL Background Thread 1 ] WARN  FXGL.TextLevelParser - No producer found for character: 0
08:35:37.051 [FXGL Background Thread 1 ] WARN  FXGL.TextLevelParser - No producer found for character: 0
08:35:37.051 [FXGL Background Thread 1 ] WARN  FXGL.TextLevelParser - No producer found for character: 0
08:35:37.051 [FXGL Background Thread 1 ] WARN  FXGL.TextLevelParser - No producer found for character: 0
08:35:37.051 [FXGL Background Thread 1 ] WARN  FXGL.TextLevelParser - No producer found for character: 0
08:35:37.051 [FXGL Background Thread 1 ] WARN  FXGL.TextLevelParser - No producer found for character: 0
08:35:37.051 [FXGL Background Thread 1 ] WARN  FXGL.TextLevelParser - No producer found for character: 0
08:35:37.051 [FXGL Background Thread 1 ] WARN  FXGL.TextLevelParser - No producer found for character: 0
08:35:37.051 [FXGL Background Thread 1 ] WARN  FXGL.TextLevelParser - No producer found for character: 0
08:35:37.052 [FXGL Background Thread 1 ] WARN  FXGL.TextLevelParser - No producer found for character: 0
08:35:37.052 [FXGL Background Thread 1 ] WARN  FXGL.TextLevelParser - No producer found for character: 0
08:35:37.053 [FXGL Background Thread 1 ] WARN  FXGL.TextLevelParser - No producer found for character: 0
08:35:37.053 [FXGL Background Thread 1 ] WARN  FXGL.TextLevelParser - No producer found for character: 0
08:35:37.053 [FXGL Background Thread 1 ] WARN  FXGL.TextLevelParser - No producer found for character: 0
08:35:37.054 [FXGL Background Thread 1 ] WARN  FXGL.TextLevelParser - No producer found for character: 0
08:35:37.054 [FXGL Background Thread 1 ] WARN  FXGL.TextLevelParser - No producer found for character: 0
08:35:37.054 [FXGL Background Thread 1 ] WARN  FXGL.TextLevelParser - No producer found for character: 0
08:35:37.054 [FXGL Background Thread 1 ] WARN  FXGL.TextLevelParser - No producer found for character: 0
08:35:37.054 [FXGL Background Thread 1 ] WARN  FXGL.TextLevelParser - No producer found for character: 0
08:35:37.054 [FXGL Background Thread 1 ] WARN  FXGL.TextLevelParser - No producer found for character: 0
08:35:37.054 [FXGL Background Thread 1 ] WARN  FXGL.TextLevelParser - No producer found for character: 0
08:35:37.054 [FXGL Background Thread 1 ] WARN  FXGL.TextLevelParser - No producer found for character: 0
08:35:37.054 [FXGL Background Thread 1 ] WARN  FXGL.TextLevelParser - No producer found for character: 0
08:35:37.054 [FXGL Background Thread 1 ] WARN  FXGL.TextLevelParser - No producer found for character: 0
08:35:37.055 [FXGL Background Thread 1 ] WARN  FXGL.TextLevelParser - No producer found for character: 0
08:35:37.055 [FXGL Background Thread 1 ] WARN  FXGL.TextLevelParser - No producer found for character: 0
08:35:37.055 [FXGL Background Thread 1 ] WARN  FXGL.TextLevelParser - No producer found for character: 0
08:35:37.055 [FXGL Background Thread 1 ] WARN  FXGL.TextLevelParser - No producer found for character: 0
08:35:37.055 [FXGL Background Thread 1 ] WARN  FXGL.TextLevelParser - No producer found for character: 0
08:35:37.055 [FXGL Background Thread 1 ] WARN  FXGL.TextLevelParser - No producer found for character: 0
08:35:37.055 [FXGL Background Thread 1 ] WARN  FXGL.TextLevelParser - No producer found for character: 0
08:35:37.055 [FXGL Background Thread 1 ] WARN  FXGL.TextLevelParser - No producer found for character: 0
08:35:37.055 [FXGL Background Thread 1 ] WARN  FXGL.TextLevelParser - No producer found for character: 0
08:35:37.056 [FXGL Background Thread 1 ] WARN  FXGL.TextLevelParser - No producer found for character: 0
08:35:37.056 [FXGL Background Thread 1 ] WARN  FXGL.TextLevelParser - No producer found for character: 0
08:35:37.056 [FXGL Background Thread 1 ] WARN  FXGL.TextLevelParser - No producer found for character: 0
08:35:37.056 [FXGL Background Thread 1 ] WARN  FXGL.TextLevelParser - No producer found for character: 0
08:35:37.056 [FXGL Background Thread 1 ] WARN  FXGL.TextLevelParser - No producer found for character: 0
08:35:37.056 [FXGL Background Thread 1 ] WARN  FXGL.TextLevelParser - No producer found for character: 0
08:35:37.056 [FXGL Background Thread 1 ] WARN  FXGL.TextLevelParser - No producer found for character: 0
08:35:37.056 [FXGL Background Thread 1 ] WARN  FXGL.TextLevelParser - No producer found for character: 0
08:35:37.057 [FXGL Background Thread 1 ] WARN  FXGL.TextLevelParser - No producer found for character: 0
08:35:37.057 [FXGL Background Thread 1 ] WARN  FXGL.TextLevelParser - No producer found for character: 0
08:35:37.057 [FXGL Background Thread 1 ] WARN  FXGL.TextLevelParser - No producer found for character: 0
08:35:37.057 [FXGL Background Thread 1 ] WARN  FXGL.TextLevelParser - No producer found for character: 0
08:35:37.057 [FXGL Background Thread 1 ] WARN  FXGL.TextLevelParser - No producer found for character: 0
08:35:37.057 [FXGL Background Thread 1 ] WARN  FXGL.TextLevelParser - No producer found for character: 0
08:35:37.057 [FXGL Background Thread 1 ] WARN  FXGL.TextLevelParser - No producer found for character: 0
08:35:37.057 [FXGL Background Thread 1 ] WARN  FXGL.TextLevelParser - No producer found for character: 0
08:35:37.057 [FXGL Background Thread 1 ] WARN  FXGL.TextLevelParser - No producer found for character: 0
08:35:37.058 [FXGL Background Thread 1 ] WARN  FXGL.TextLevelParser - No producer found for character: 0
08:35:37.058 [FXGL Background Thread 1 ] WARN  FXGL.TextLevelParser - No producer found for character: 0
08:35:37.058 [FXGL Background Thread 1 ] WARN  FXGL.TextLevelParser - No producer found for character: 0
08:35:37.058 [FXGL Background Thread 1 ] WARN  FXGL.TextLevelParser - No producer found for character: 0
08:35:37.058 [FXGL Background Thread 1 ] WARN  FXGL.TextLevelParser - No producer found for character: 0
08:35:37.058 [FXGL Background Thread 1 ] WARN  FXGL.TextLevelParser - No producer found for character: 0
08:35:37.058 [FXGL Background Thread 1 ] WARN  FXGL.TextLevelParser - No producer found for character: 0
08:35:37.058 [FXGL Background Thread 1 ] WARN  FXGL.TextLevelParser - No producer found for character: 0
08:35:37.059 [FXGL Background Thread 1 ] WARN  FXGL.TextLevelParser - No producer found for character: 0
08:35:37.059 [FXGL Background Thread 1 ] WARN  FXGL.TextLevelParser - No producer found for character: 0
08:35:37.059 [FXGL Background Thread 1 ] WARN  FXGL.TextLevelParser - No producer found for character: 0
08:35:37.059 [FXGL Background Thread 1 ] WARN  FXGL.TextLevelParser - No producer found for character: 0
08:35:37.059 [FXGL Background Thread 1 ] WARN  FXGL.TextLevelParser - No producer found for character: 0
08:35:37.059 [FXGL Background Thread 1 ] WARN  FXGL.TextLevelParser - No producer found for character: 0
08:35:37.059 [FXGL Background Thread 1 ] WARN  FXGL.TextLevelParser - No producer found for character: 0
08:35:37.059 [FXGL Background Thread 1 ] WARN  FXGL.TextLevelParser - No producer found for character: 0
08:35:37.059 [FXGL Background Thread 1 ] WARN  FXGL.TextLevelParser - No producer found for character: 0
08:35:37.060 [FXGL Background Thread 1 ] WARN  FXGL.TextLevelParser - No producer found for character: 0
08:35:37.060 [FXGL Background Thread 1 ] WARN  FXGL.TextLevelParser - No producer found for character: 0
08:35:37.060 [FXGL Background Thread 1 ] WARN  FXGL.TextLevelParser - No producer found for character: 0
08:35:37.060 [FXGL Background Thread 1 ] WARN  FXGL.TextLevelParser - No producer found for character: 0
08:35:37.060 [FXGL Background Thread 1 ] WARN  FXGL.TextLevelParser - No producer found for character: 0
08:35:37.060 [FXGL Background Thread 1 ] WARN  FXGL.TextLevelParser - No producer found for character: 0
08:35:37.060 [FXGL Background Thread 1 ] WARN  FXGL.TextLevelParser - No producer found for character: 0
08:35:37.060 [FXGL Background Thread 1 ] WARN  FXGL.TextLevelParser - No producer found for character: 0
08:35:37.060 [FXGL Background Thread 1 ] WARN  FXGL.TextLevelParser - No producer found for character: 0
08:35:37.060 [FXGL Background Thread 1 ] WARN  FXGL.TextLevelParser - No producer found for character: 0
08:35:37.060 [FXGL Background Thread 1 ] WARN  FXGL.TextLevelParser - No producer found for character: 0
08:35:37.061 [FXGL Background Thread 1 ] WARN  FXGL.TextLevelParser - No producer found for character: 0
08:35:37.061 [FXGL Background Thread 1 ] WARN  FXGL.TextLevelParser - No producer found for character: 0
08:35:37.061 [FXGL Background Thread 1 ] WARN  FXGL.TextLevelParser - No producer found for character: 0
08:35:37.061 [FXGL Background Thread 1 ] WARN  FXGL.TextLevelParser - No producer found for character: 0
08:35:37.061 [FXGL Background Thread 1 ] WARN  FXGL.TextLevelParser - No producer found for character: 0
08:35:37.061 [FXGL Background Thread 1 ] WARN  FXGL.TextLevelParser - No producer found for character: 0
08:35:37.061 [FXGL Background Thread 1 ] WARN  FXGL.TextLevelParser - No producer found for character: 0
08:35:37.061 [FXGL Background Thread 1 ] WARN  FXGL.TextLevelParser - No producer found for character: 0
08:35:37.061 [FXGL Background Thread 1 ] WARN  FXGL.TextLevelParser - No producer found for character: 0
08:35:37.062 [FXGL Background Thread 1 ] WARN  FXGL.TextLevelParser - No producer found for character: 0
08:35:37.062 [FXGL Background Thread 1 ] WARN  FXGL.TextLevelParser - No producer found for character: 0
08:35:37.062 [FXGL Background Thread 1 ] WARN  FXGL.TextLevelParser - No producer found for character: 0
08:35:37.062 [FXGL Background Thread 1 ] WARN  FXGL.TextLevelParser - No producer found for character: 0
08:35:37.062 [FXGL Background Thread 1 ] WARN  FXGL.TextLevelParser - No producer found for character: 0
08:35:37.063 [FXGL Background Thread 1 ] DEBUG AssetLoader          - Loading from disk: /assets/textures/bar.png
08:35:37.066 [FXGL Background Thread 1 ] WARN  FXGL.TextLevelParser - No producer found for character: 0
08:35:37.066 [FXGL Background Thread 1 ] WARN  FXGL.TextLevelParser - No producer found for character: 0
08:35:37.067 [FXGL Background Thread 1 ] WARN  FXGL.TextLevelParser - No producer found for character: 0
08:35:37.067 [FXGL Background Thread 1 ] WARN  FXGL.TextLevelParser - No producer found for character: 0
08:35:37.067 [FXGL Background Thread 1 ] WARN  FXGL.TextLevelParser - No producer found for character: 0
08:35:37.067 [FXGL Background Thread 1 ] WARN  FXGL.TextLevelParser - No producer found for character: 0
08:35:37.067 [FXGL Background Thread 1 ] WARN  FXGL.TextLevelParser - No producer found for character: 0
08:35:37.067 [FXGL Background Thread 1 ] WARN  FXGL.TextLevelParser - No producer found for character: 0
08:35:37.067 [FXGL Background Thread 1 ] WARN  FXGL.TextLevelParser - No producer found for character: 0
08:35:37.067 [FXGL Background Thread 1 ] WARN  FXGL.TextLevelParser - No producer found for character: 0
08:35:37.068 [FXGL Background Thread 1 ] WARN  FXGL.TextLevelParser - No producer found for character: 0
08:35:37.068 [FXGL Background Thread 1 ] WARN  FXGL.TextLevelParser - No producer found for character: 0
08:35:37.068 [FXGL Background Thread 1 ] WARN  FXGL.TextLevelParser - No producer found for character: 0
08:35:37.068 [FXGL Background Thread 1 ] WARN  FXGL.TextLevelParser - No producer found for character: 0
08:35:37.068 [FXGL Background Thread 1 ] WARN  FXGL.TextLevelParser - No producer found for character: 0
08:35:37.068 [FXGL Background Thread 1 ] WARN  FXGL.TextLevelParser - No producer found for character: 0
08:35:37.068 [FXGL Background Thread 1 ] WARN  FXGL.TextLevelParser - No producer found for character: 0
08:35:37.068 [FXGL Background Thread 1 ] WARN  FXGL.TextLevelParser - No producer found for character: 0
08:35:37.068 [FXGL Background Thread 1 ] WARN  FXGL.TextLevelParser - No producer found for character: 0
08:35:37.069 [FXGL Background Thread 1 ] WARN  FXGL.TextLevelParser - No producer found for character: 0
08:35:37.069 [FXGL Background Thread 1 ] WARN  FXGL.TextLevelParser - No producer found for character: 0
08:35:37.069 [FXGL Background Thread 1 ] WARN  FXGL.TextLevelParser - No producer found for character: 0
08:35:37.069 [FXGL Background Thread 1 ] WARN  FXGL.TextLevelParser - No producer found for character: 0
08:35:37.069 [FXGL Background Thread 1 ] WARN  FXGL.TextLevelParser - No producer found for character: 0
08:35:37.069 [FXGL Background Thread 1 ] WARN  FXGL.TextLevelParser - No producer found for character: 0
08:35:37.069 [FXGL Background Thread 1 ] WARN  FXGL.TextLevelParser - No producer found for character: 0
08:35:37.070 [FXGL Background Thread 1 ] DEBUG AssetLoader          - Loading from disk: /assets/textures/fire.png
08:35:37.084 [FXGL Background Thread 1 ] WARN  FXGL.TextLevelParser - No producer found for character: 0
08:35:37.085 [FXGL Background Thread 1 ] DEBUG AssetLoader          - Loading from cache: /assets/textures/fire.png@100.0x80.0
08:35:37.085 [FXGL Background Thread 1 ] WARN  FXGL.TextLevelParser - No producer found for character: 0
08:35:37.086 [FXGL Background Thread 1 ] DEBUG AssetLoader          - Loading from cache: /assets/textures/fire.png@100.0x80.0
08:35:37.087 [FXGL Background Thread 1 ] WARN  FXGL.TextLevelParser - No producer found for character: 0
08:35:37.088 [FXGL Background Thread 1 ] DEBUG AssetLoader          - Loading from cache: /assets/textures/fire.png@100.0x80.0
08:35:37.089 [FXGL Background Thread 1 ] WARN  FXGL.TextLevelParser - No producer found for character: 0
08:35:37.089 [FXGL Background Thread 1 ] DEBUG AssetLoader          - Loading from cache: /assets/textures/fire.png@100.0x80.0
08:35:37.090 [FXGL Background Thread 1 ] WARN  FXGL.TextLevelParser - No producer found for character: 0
08:35:37.091 [FXGL Background Thread 1 ] DEBUG AssetLoader          - Loading from cache: /assets/textures/fire.png@100.0x80.0
08:35:37.091 [FXGL Background Thread 1 ] WARN  FXGL.TextLevelParser - No producer found for character: 0
08:35:37.092 [FXGL Background Thread 1 ] DEBUG AssetLoader          - Loading from cache: /assets/textures/fire.png@100.0x80.0
08:35:37.093 [FXGL Background Thread 1 ] WARN  FXGL.TextLevelParser - No producer found for character: 0
08:35:37.093 [FXGL Background Thread 1 ] DEBUG AssetLoader          - Loading from cache: /assets/textures/fire.png@100.0x80.0
08:35:37.094 [FXGL Background Thread 1 ] WARN  FXGL.TextLevelParser - No producer found for character: 0
08:35:37.095 [FXGL Background Thread 1 ] DEBUG AssetLoader          - Loading from cache: /assets/textures/fire.png@100.0x80.0
08:35:37.095 [FXGL Background Thread 1 ] WARN  FXGL.TextLevelParser - No producer found for character: 0
08:35:37.096 [FXGL Background Thread 1 ] DEBUG GameWorld            - Clearing removable entities
08:35:37.097 [FXGL Background Thread 1 ] DEBUG GameWorld            - Setting level: com.almasb.fxgl.entity.Level@704e24a5
08:35:37.127 [FXGL Background Thread 1 ] DEBUG GameScene            - Creating render group for layer: DEFAULT(100000)
08:35:37.134 [JavaFX Application Thread] FATAL GameApplication      - Uncaught Exception:

Fatal exception occurred: java.lang.NullPointerException : null
E: com.dalphs.BreakoutApp.nextLevel(BreakoutApp.java:172)
E: com.dalphs.BreakoutApp.initLevel(BreakoutApp.java:61)
E: com.dalphs.BreakoutApp.initGame(BreakoutApp.java:56)
E: com.almasb.fxgl.app.GameApplication.internalInitGame(GameApplication.java:468)
E: com.almasb.fxgl.app.LoadingState$InitAppTask.initGame(AppStates.kt:163)
E: com.almasb.fxgl.app.LoadingState$InitAppTask.call(AppStates.kt:133)
E: com.almasb.fxgl.app.LoadingState$InitAppTask.call(AppStates.kt:122)
E: javafx.graphics/javafx.concurrent.Task$TaskCallable.call(Task.java:1425)
E: java.base/java.util.concurrent.FutureTask.run(FutureTask.java:264)
E: java.base/java.util.concurrent.Executors$RunnableAdapter.call(Executors.java:514)
E: java.base/java.util.concurrent.FutureTask.run(FutureTask.java:264)
E: java.base/java.util.concurrent.ThreadPoolExecutor.runWorker(ThreadPoolExecutor.java:1135)
E: java.base/java.util.concurrent.ThreadPoolExecutor$Worker.run(ThreadPoolExecutor.java:635)
E: java.base/java.lang.Thread.run(Thread.java:844)

08:35:37.134 [JavaFX Application Thread] FATAL GameApplication      - Application will now exit
08:35:37.134 [JavaFX Application Thread] DEBUG GameApplication      - Stopping main loop
08:35:43.354 [JavaFX Application Thread] DEBUG GameApplication      - Exiting game application
08:35:43.355 [JavaFX Application Thread] DEBUG GameApplication      - Shutting down background threads
08:35:43.355 [JavaFX Application Thread] DEBUG GameApplication      - Exiting FXGL
08:35:43.355 [JavaFX Application Thread] DEBUG FXGL                 - Saving FXGL system data
08:35:43.358 [JavaFX Application Thread] DEBUG FS                   - Writing to: system\fxgl.bundle
08:35:43.362 [JavaFX Application Thread] DEBUG GameApplication      - Closing logger and exiting JavaFX
