10:17:00.254 [JavaFX Application Thread] DEBUG GameApplication      - Logger initialized
10:17:00.270 [JavaFX Application Thread] DEBUG MainWindow           - Creating a JavaFX scene
10:17:00.373 [JavaFX Application Thread] DEBUG MainWindow           - Target settings size: 900.0 x 780.0
10:17:00.373 [JavaFX Application Thread] DEBUG MainWindow           - Scaled scene size:    900.0 x 780.0
10:17:00.373 [JavaFX Application Thread] DEBUG MainWindow           - Scaled ratio: (1.0, 1.0)
10:17:00.377 [JavaFX Application Thread] DEBUG GameApplication      - Starting FXGL
10:17:00.398 [FXGL Launcher Thread     ] INFO  FXGL                 - FXGL-0.5.0 on DESKTOP
10:17:00.398 [FXGL Launcher Thread     ] INFO  FXGL                 - Source code and latest versions at: https://github.com/AlmasB/FXGL
10:17:00.398 [FXGL Launcher Thread     ] INFO  FXGL                 -              Join the FXGL chat at: https://gitter.im/AlmasB/FXGL
10:17:00.403 [FXGL Launcher Thread     ] DEBUG FXGL                 - Loading FXGL system data
10:17:00.414 [FXGL Launcher Thread     ] DEBUG FS                   - Reading from: system\fxgl.bundle
10:17:00.424 [FXGL Launcher Thread     ] DEBUG Bundle               - Logging bundle: FXGL
10:17:00.424 [FXGL Launcher Thread     ] DEBUG Bundle               - FXGL.offline.timer.version.check=2019-01-24T08:55:57.713219300
10:17:00.452 [FXGL Launcher Thread     ] DEBUG GameApplication      - FXGL started
10:17:00.452 [FXGL Launcher Thread     ] DEBUG GameApplication      - Logging game settings
Title: Breakout
Version: 0.1
Width: 900
Height: 780
Fullscreen: false
Intro: false
Menus: false
Profiling: false
Single step:false
App Mode: DEVELOPER
Menu Key: ESCAPE
Stage Style: DECORATED
Scene Factory: class com.almasb.fxgl.scene.SceneFactory
Dialog Factory: class com.almasb.fxgl.ui.FXGLDialogFactory
UI Factory: class com.almasb.fxgl.ui.FXGLUIFactory
Notification Service: class com.almasb.fxgl.gameplay.notification.XboxNotificationView
Exception Handler: class com.almasb.fxgl.app.FXGLExceptionHandler
10:17:00.454 [FXGL Launcher Thread     ] DEBUG GameApplication      - Configuring GameApplication
10:17:00.454 [FXGL Launcher Thread     ] DEBUG GameApplication      - Initializing state machine and application states
10:17:00.468 [FXGL Launcher Thread     ] DEBUG AssetLoader          - Loading from disk: /assets/ui/cursors/fxgl_default.png
10:17:00.483 [FXGL Launcher Thread     ] DEBUG AssetLoader          - Loading from disk: /assets/ui/cursors/fxgl_default.png
10:17:00.503 [FXGL Launcher Thread     ] DEBUG FXGLAssets           - Loading FXGLAssets
10:17:00.529 [FXGL Launcher Thread     ] DEBUG AssetLoader          - Loading from disk: /assets/ui/fonts/VarelaRound-Regular.ttf
10:17:00.727 [FXGL Launcher Thread     ] DEBUG AssetLoader          - Loading from disk: /assets/ui/fonts/lucida_console.ttf
10:17:00.731 [FXGL Launcher Thread     ] DEBUG AssetLoader          - Loading from disk: /assets/ui/css/fxgl_dark.css
10:17:00.732 [FXGL Launcher Thread     ] DEBUG AssetLoader          - Loading from disk: /assets/ui/icons/fxgl_icon.png
10:17:00.769 [FXGL Launcher Thread     ] DEBUG AssetLoader          - Loading from disk: /assets/ui/cursors/fxgl_default.png
10:17:00.778 [FXGL Launcher Thread     ] DEBUG AssetLoader          - Loading from disk: /assets/ui/cursors/fxgl_default.png
10:17:00.843 [FXGL Launcher Thread     ] DEBUG GameScene            - Game scene initialized: 900x780
10:17:00.849 [FXGL Launcher Thread     ] DEBUG GameWorld            - Game world initialized
10:17:00.912 [FXGL Launcher Thread     ] DEBUG PhysicsWorld         - Physics world initialized: appHeight=780, physics.ppm=50,0
10:17:00.933 [FXGL Launcher Thread     ] DEBUG Input                - Registered new binding: Pause - Esc
10:17:00.954 [FXGL Launcher Thread     ] DEBUG Input                - Clearing active input actions
10:17:00.998 [FXGL Launcher Thread     ] DEBUG AppStateMachine      - StartupState -> StartupState
10:17:01.011 [FXGL Launcher Thread     ] INFO  GameApplication      - Game configuration took:  0,556 sec
10:17:01.015 [JavaFX Application Thread] DEBUG MainWindow           - Opening main window
10:17:01.098 [JavaFX Application Thread] DEBUG MainWindow           - Window border size: (14.4000244140625, 37.5999755859375)
10:17:01.098 [JavaFX Application Thread] DEBUG MainWindow           - Scaled size: 900.0 x 780.0
10:17:01.099 [JavaFX Application Thread] DEBUG MainWindow           - Scaled ratio: (1.0, 1.0)
10:17:01.099 [JavaFX Application Thread] DEBUG MainWindow           - Scene size: 900.0 x 780.0
10:17:01.099 [JavaFX Application Thread] DEBUG MainWindow           - Stage size: 914.4000244140625 x 817.5999755859375
10:17:01.099 [JavaFX Application Thread] DEBUG GameApplication      - Running preInit()
10:17:01.101 [JavaFX Application Thread] DEBUG Input                - Registered new binding: Screenshot - P
10:17:01.102 [JavaFX Application Thread] DEBUG Input                - Registered new binding: Dev Options - CTRL+0
10:17:01.102 [JavaFX Application Thread] DEBUG Input                - Registered new binding: System info dump - CTRL+9
10:17:01.103 [JavaFX Application Thread] DEBUG Input                - Registered new binding: Restart - CTRL+R
10:17:01.103 [JavaFX Application Thread] DEBUG Input                - Registered new binding: Move Left - A
10:17:01.103 [JavaFX Application Thread] DEBUG Input                - Registered new binding: Move Right - D
10:17:01.123 [JavaFX Application Thread] DEBUG GameApplication      - Starting main loop
10:17:01.126 [JavaFX Application Thread] DEBUG StartupState         - STARTUP
10:17:01.126 [JavaFX Application Thread] DEBUG GameApplication      - Starting new game
10:17:01.126 [JavaFX Application Thread] DEBUG Input                - Clearing active input actions
10:17:01.136 [JavaFX Application Thread] DEBUG AppStateMachine      - StartupState -> LoadingState
10:17:01.140 [FXGL Background Thread 1 ] DEBUG InitAppTask          - Clearing previous game
10:17:01.140 [FXGL Background Thread 1 ] DEBUG GameWorld            - Clearing game world
10:17:01.141 [FXGL Background Thread 1 ] DEBUG PhysicsWorld         - Clearing physics world
10:17:01.141 [FXGL Background Thread 1 ] DEBUG GameScene            - Clearing game scene
10:17:01.142 [FXGL Background Thread 1 ] DEBUG InitAppTask          - Initializing Game
10:17:01.184 [FXGL Background Thread 1 ] DEBUG AssetLoader          - Loading from disk: /assets/text/levels/level1.txt
10:17:01.186 [FXGL Background Thread 1 ] WARN  FXGL.TextLevelParser - No producer found for character: 0
10:17:01.186 [FXGL Background Thread 1 ] WARN  FXGL.TextLevelParser - No producer found for character: 0
10:17:01.186 [FXGL Background Thread 1 ] WARN  FXGL.TextLevelParser - No producer found for character: 0
10:17:01.186 [FXGL Background Thread 1 ] WARN  FXGL.TextLevelParser - No producer found for character: 0
10:17:01.186 [FXGL Background Thread 1 ] WARN  FXGL.TextLevelParser - No producer found for character: 0
10:17:01.187 [FXGL Background Thread 1 ] WARN  FXGL.TextLevelParser - No producer found for character: 0
10:17:01.187 [FXGL Background Thread 1 ] WARN  FXGL.TextLevelParser - No producer found for character: 0
10:17:01.187 [FXGL Background Thread 1 ] WARN  FXGL.TextLevelParser - No producer found for character: 0
10:17:01.188 [FXGL Background Thread 1 ] WARN  FXGL.TextLevelParser - No producer found for character: 0
10:17:01.189 [FXGL Background Thread 1 ] WARN  FXGL.TextLevelParser - No producer found for character: 0
10:17:01.189 [FXGL Background Thread 1 ] WARN  FXGL.TextLevelParser - No producer found for character: 0
10:17:01.189 [FXGL Background Thread 1 ] WARN  FXGL.TextLevelParser - No producer found for character: 0
10:17:01.190 [FXGL Background Thread 1 ] WARN  FXGL.TextLevelParser - No producer found for character: 0
10:17:01.190 [FXGL Background Thread 1 ] WARN  FXGL.TextLevelParser - No producer found for character: 0
10:17:01.190 [FXGL Background Thread 1 ] WARN  FXGL.TextLevelParser - No producer found for character: 0
10:17:01.190 [FXGL Background Thread 1 ] WARN  FXGL.TextLevelParser - No producer found for character: 0
10:17:01.190 [FXGL Background Thread 1 ] WARN  FXGL.TextLevelParser - No producer found for character: 0
10:17:01.191 [FXGL Background Thread 1 ] WARN  FXGL.TextLevelParser - No producer found for character: 0
10:17:01.191 [FXGL Background Thread 1 ] WARN  FXGL.TextLevelParser - No producer found for character: 0
10:17:01.192 [FXGL Background Thread 1 ] WARN  FXGL.TextLevelParser - No producer found for character: 0
10:17:01.192 [FXGL Background Thread 1 ] WARN  FXGL.TextLevelParser - No producer found for character: 0
10:17:01.192 [FXGL Background Thread 1 ] WARN  FXGL.TextLevelParser - No producer found for character: 0
10:17:01.193 [FXGL Background Thread 1 ] WARN  FXGL.TextLevelParser - No producer found for character: 0
10:17:01.193 [FXGL Background Thread 1 ] WARN  FXGL.TextLevelParser - No producer found for character: 0
10:17:01.193 [FXGL Background Thread 1 ] WARN  FXGL.TextLevelParser - No producer found for character: 0
10:17:01.193 [FXGL Background Thread 1 ] WARN  FXGL.TextLevelParser - No producer found for character: 0
10:17:01.193 [FXGL Background Thread 1 ] WARN  FXGL.TextLevelParser - No producer found for character: 0
10:17:01.194 [FXGL Background Thread 1 ] WARN  FXGL.TextLevelParser - No producer found for character: 0
10:17:01.194 [FXGL Background Thread 1 ] WARN  FXGL.TextLevelParser - No producer found for character: 0
10:17:01.194 [FXGL Background Thread 1 ] WARN  FXGL.TextLevelParser - No producer found for character: 0
10:17:01.194 [FXGL Background Thread 1 ] WARN  FXGL.TextLevelParser - No producer found for character: 0
10:17:01.194 [FXGL Background Thread 1 ] WARN  FXGL.TextLevelParser - No producer found for character: 0
10:17:01.194 [FXGL Background Thread 1 ] WARN  FXGL.TextLevelParser - No producer found for character: 0
10:17:01.195 [FXGL Background Thread 1 ] WARN  FXGL.TextLevelParser - No producer found for character: 0
10:17:01.195 [FXGL Background Thread 1 ] WARN  FXGL.TextLevelParser - No producer found for character: 0
10:17:01.195 [FXGL Background Thread 1 ] WARN  FXGL.TextLevelParser - No producer found for character: 0
10:17:01.195 [FXGL Background Thread 1 ] WARN  FXGL.TextLevelParser - No producer found for character: 0
10:17:01.195 [FXGL Background Thread 1 ] WARN  FXGL.TextLevelParser - No producer found for character: 0
10:17:01.195 [FXGL Background Thread 1 ] WARN  FXGL.TextLevelParser - No producer found for character: 0
10:17:01.196 [FXGL Background Thread 1 ] WARN  FXGL.TextLevelParser - No producer found for character: 0
10:17:01.196 [FXGL Background Thread 1 ] WARN  FXGL.TextLevelParser - No producer found for character: 0
10:17:01.196 [FXGL Background Thread 1 ] WARN  FXGL.TextLevelParser - No producer found for character: 0
10:17:01.229 [FXGL Background Thread 1 ] DEBUG AssetLoader          - Loading from disk: /assets/textures/brick1.png
10:17:01.242 [FXGL Background Thread 1 ] WARN  FXGL.TextLevelParser - No producer found for character: 0
10:17:01.243 [FXGL Background Thread 1 ] WARN  FXGL.TextLevelParser - No producer found for character: 0
10:17:01.243 [FXGL Background Thread 1 ] WARN  FXGL.TextLevelParser - No producer found for character: 0
10:17:01.243 [FXGL Background Thread 1 ] WARN  FXGL.TextLevelParser - No producer found for character: 0
10:17:01.243 [FXGL Background Thread 1 ] WARN  FXGL.TextLevelParser - No producer found for character: 0
10:17:01.243 [FXGL Background Thread 1 ] WARN  FXGL.TextLevelParser - No producer found for character: 0
10:17:01.244 [FXGL Background Thread 1 ] WARN  FXGL.TextLevelParser - No producer found for character: 0
10:17:01.245 [FXGL Background Thread 1 ] DEBUG AssetLoader          - Loading from cache: /assets/textures/brick1.png@50.0x24.0
10:17:01.246 [FXGL Background Thread 1 ] WARN  FXGL.TextLevelParser - No producer found for character: 0
10:17:01.247 [FXGL Background Thread 1 ] WARN  FXGL.TextLevelParser - No producer found for character: 0
10:17:01.247 [FXGL Background Thread 1 ] WARN  FXGL.TextLevelParser - No producer found for character: 0
10:17:01.247 [FXGL Background Thread 1 ] WARN  FXGL.TextLevelParser - No producer found for character: 0
10:17:01.247 [FXGL Background Thread 1 ] WARN  FXGL.TextLevelParser - No producer found for character: 0
10:17:01.247 [FXGL Background Thread 1 ] WARN  FXGL.TextLevelParser - No producer found for character: 0
10:17:01.248 [FXGL Background Thread 1 ] WARN  FXGL.TextLevelParser - No producer found for character: 0
10:17:01.248 [FXGL Background Thread 1 ] WARN  FXGL.TextLevelParser - No producer found for character: 0
10:17:01.248 [FXGL Background Thread 1 ] WARN  FXGL.TextLevelParser - No producer found for character: 0
10:17:01.249 [FXGL Background Thread 1 ] WARN  FXGL.TextLevelParser - No producer found for character: 0
10:17:01.249 [FXGL Background Thread 1 ] WARN  FXGL.TextLevelParser - No producer found for character: 0
10:17:01.249 [FXGL Background Thread 1 ] WARN  FXGL.TextLevelParser - No producer found for character: 0
10:17:01.249 [FXGL Background Thread 1 ] WARN  FXGL.TextLevelParser - No producer found for character: 0
10:17:01.249 [FXGL Background Thread 1 ] WARN  FXGL.TextLevelParser - No producer found for character: 0
10:17:01.250 [FXGL Background Thread 1 ] WARN  FXGL.TextLevelParser - No producer found for character: 0
10:17:01.250 [FXGL Background Thread 1 ] WARN  FXGL.TextLevelParser - No producer found for character: 0
10:17:01.250 [FXGL Background Thread 1 ] WARN  FXGL.TextLevelParser - No producer found for character: 0
10:17:01.250 [FXGL Background Thread 1 ] WARN  FXGL.TextLevelParser - No producer found for character: 0
10:17:01.250 [FXGL Background Thread 1 ] WARN  FXGL.TextLevelParser - No producer found for character: 0
10:17:01.251 [FXGL Background Thread 1 ] WARN  FXGL.TextLevelParser - No producer found for character: 0
10:17:01.251 [FXGL Background Thread 1 ] WARN  FXGL.TextLevelParser - No producer found for character: 0
10:17:01.251 [FXGL Background Thread 1 ] WARN  FXGL.TextLevelParser - No producer found for character: 0
10:17:01.251 [FXGL Background Thread 1 ] WARN  FXGL.TextLevelParser - No producer found for character: 0
10:17:01.251 [FXGL Background Thread 1 ] WARN  FXGL.TextLevelParser - No producer found for character: 0
10:17:01.252 [FXGL Background Thread 1 ] WARN  FXGL.TextLevelParser - No producer found for character: 0
10:17:01.252 [FXGL Background Thread 1 ] WARN  FXGL.TextLevelParser - No producer found for character: 0
10:17:01.252 [FXGL Background Thread 1 ] WARN  FXGL.TextLevelParser - No producer found for character: 0
10:17:01.252 [FXGL Background Thread 1 ] WARN  FXGL.TextLevelParser - No producer found for character: 0
10:17:01.252 [FXGL Background Thread 1 ] WARN  FXGL.TextLevelParser - No producer found for character: 0
10:17:01.252 [FXGL Background Thread 1 ] WARN  FXGL.TextLevelParser - No producer found for character: 0
10:17:01.252 [FXGL Background Thread 1 ] WARN  FXGL.TextLevelParser - No producer found for character: 0
10:17:01.253 [FXGL Background Thread 1 ] WARN  FXGL.TextLevelParser - No producer found for character: 0
10:17:01.253 [FXGL Background Thread 1 ] WARN  FXGL.TextLevelParser - No producer found for character: 0
10:17:01.253 [FXGL Background Thread 1 ] WARN  FXGL.TextLevelParser - No producer found for character: 0
10:17:01.253 [FXGL Background Thread 1 ] WARN  FXGL.TextLevelParser - No producer found for character: 0
10:17:01.253 [FXGL Background Thread 1 ] WARN  FXGL.TextLevelParser - No producer found for character: 0
10:17:01.253 [FXGL Background Thread 1 ] WARN  FXGL.TextLevelParser - No producer found for character: 0
10:17:01.254 [FXGL Background Thread 1 ] WARN  FXGL.TextLevelParser - No producer found for character: 0
10:17:01.254 [FXGL Background Thread 1 ] WARN  FXGL.TextLevelParser - No producer found for character: 0
10:17:01.254 [FXGL Background Thread 1 ] WARN  FXGL.TextLevelParser - No producer found for character: 0
10:17:01.254 [FXGL Background Thread 1 ] WARN  FXGL.TextLevelParser - No producer found for character: 0
10:17:01.254 [FXGL Background Thread 1 ] WARN  FXGL.TextLevelParser - No producer found for character: 0
10:17:01.254 [FXGL Background Thread 1 ] WARN  FXGL.TextLevelParser - No producer found for character: 0
10:17:01.255 [FXGL Background Thread 1 ] WARN  FXGL.TextLevelParser - No producer found for character: 0
10:17:01.255 [FXGL Background Thread 1 ] WARN  FXGL.TextLevelParser - No producer found for character: 0
10:17:01.255 [FXGL Background Thread 1 ] WARN  FXGL.TextLevelParser - No producer found for character: 0
10:17:01.255 [FXGL Background Thread 1 ] WARN  FXGL.TextLevelParser - No producer found for character: 0
10:17:01.255 [FXGL Background Thread 1 ] WARN  FXGL.TextLevelParser - No producer found for character: 0
10:17:01.256 [FXGL Background Thread 1 ] WARN  FXGL.TextLevelParser - No producer found for character: 0
10:17:01.256 [FXGL Background Thread 1 ] WARN  FXGL.TextLevelParser - No producer found for character: 0
10:17:01.256 [FXGL Background Thread 1 ] WARN  FXGL.TextLevelParser - No producer found for character: 0
10:17:01.256 [FXGL Background Thread 1 ] WARN  FXGL.TextLevelParser - No producer found for character: 0
10:17:01.256 [FXGL Background Thread 1 ] WARN  FXGL.TextLevelParser - No producer found for character: 0
10:17:01.256 [FXGL Background Thread 1 ] WARN  FXGL.TextLevelParser - No producer found for character: 0
10:17:01.257 [FXGL Background Thread 1 ] WARN  FXGL.TextLevelParser - No producer found for character: 0
10:17:01.257 [FXGL Background Thread 1 ] WARN  FXGL.TextLevelParser - No producer found for character: 0
10:17:01.257 [FXGL Background Thread 1 ] WARN  FXGL.TextLevelParser - No producer found for character: 0
10:17:01.257 [FXGL Background Thread 1 ] WARN  FXGL.TextLevelParser - No producer found for character: 0
10:17:01.257 [FXGL Background Thread 1 ] WARN  FXGL.TextLevelParser - No producer found for character: 0
10:17:01.257 [FXGL Background Thread 1 ] WARN  FXGL.TextLevelParser - No producer found for character: 0
10:17:01.258 [FXGL Background Thread 1 ] WARN  FXGL.TextLevelParser - No producer found for character: 0
10:17:01.258 [FXGL Background Thread 1 ] WARN  FXGL.TextLevelParser - No producer found for character: 0
10:17:01.258 [FXGL Background Thread 1 ] WARN  FXGL.TextLevelParser - No producer found for character: 0
10:17:01.258 [FXGL Background Thread 1 ] WARN  FXGL.TextLevelParser - No producer found for character: 0
10:17:01.259 [FXGL Background Thread 1 ] WARN  FXGL.TextLevelParser - No producer found for character: 0
10:17:01.259 [FXGL Background Thread 1 ] WARN  FXGL.TextLevelParser - No producer found for character: 0
10:17:01.259 [FXGL Background Thread 1 ] WARN  FXGL.TextLevelParser - No producer found for character: 0
10:17:01.259 [FXGL Background Thread 1 ] WARN  FXGL.TextLevelParser - No producer found for character: 0
10:17:01.268 [FXGL Background Thread 1 ] WARN  FXGL.TextLevelParser - No producer found for character: 0
10:17:01.268 [FXGL Background Thread 1 ] WARN  FXGL.TextLevelParser - No producer found for character: 0
10:17:01.268 [FXGL Background Thread 1 ] WARN  FXGL.TextLevelParser - No producer found for character: 0
10:17:01.268 [FXGL Background Thread 1 ] WARN  FXGL.TextLevelParser - No producer found for character: 0
10:17:01.268 [FXGL Background Thread 1 ] WARN  FXGL.TextLevelParser - No producer found for character: 0
10:17:01.269 [FXGL Background Thread 1 ] WARN  FXGL.TextLevelParser - No producer found for character: 0
10:17:01.269 [FXGL Background Thread 1 ] WARN  FXGL.TextLevelParser - No producer found for character: 0
10:17:01.269 [FXGL Background Thread 1 ] WARN  FXGL.TextLevelParser - No producer found for character: 0
10:17:01.269 [FXGL Background Thread 1 ] WARN  FXGL.TextLevelParser - No producer found for character: 0
10:17:01.269 [FXGL Background Thread 1 ] WARN  FXGL.TextLevelParser - No producer found for character: 0
10:17:01.269 [FXGL Background Thread 1 ] WARN  FXGL.TextLevelParser - No producer found for character: 0
10:17:01.269 [FXGL Background Thread 1 ] WARN  FXGL.TextLevelParser - No producer found for character: 0
10:17:01.270 [FXGL Background Thread 1 ] WARN  FXGL.TextLevelParser - No producer found for character: 0
10:17:01.270 [FXGL Background Thread 1 ] WARN  FXGL.TextLevelParser - No producer found for character: 0
10:17:01.270 [FXGL Background Thread 1 ] WARN  FXGL.TextLevelParser - No producer found for character: 0
10:17:01.270 [FXGL Background Thread 1 ] WARN  FXGL.TextLevelParser - No producer found for character: 0
10:17:01.270 [FXGL Background Thread 1 ] WARN  FXGL.TextLevelParser - No producer found for character: 0
10:17:01.270 [FXGL Background Thread 1 ] WARN  FXGL.TextLevelParser - No producer found for character: 0
10:17:01.270 [FXGL Background Thread 1 ] WARN  FXGL.TextLevelParser - No producer found for character: 0
10:17:01.270 [FXGL Background Thread 1 ] WARN  FXGL.TextLevelParser - No producer found for character: 0
10:17:01.271 [FXGL Background Thread 1 ] WARN  FXGL.TextLevelParser - No producer found for character: 0
10:17:01.271 [FXGL Background Thread 1 ] WARN  FXGL.TextLevelParser - No producer found for character: 0
10:17:01.271 [FXGL Background Thread 1 ] WARN  FXGL.TextLevelParser - No producer found for character: 0
10:17:01.271 [FXGL Background Thread 1 ] WARN  FXGL.TextLevelParser - No producer found for character: 0
10:17:01.271 [FXGL Background Thread 1 ] WARN  FXGL.TextLevelParser - No producer found for character: 0
10:17:01.271 [FXGL Background Thread 1 ] WARN  FXGL.TextLevelParser - No producer found for character: 0
10:17:01.274 [FXGL Background Thread 1 ] WARN  FXGL.TextLevelParser - No producer found for character: 0
10:17:01.274 [FXGL Background Thread 1 ] WARN  FXGL.TextLevelParser - No producer found for character: 0
10:17:01.274 [FXGL Background Thread 1 ] WARN  FXGL.TextLevelParser - No producer found for character: 0
10:17:01.275 [FXGL Background Thread 1 ] WARN  FXGL.TextLevelParser - No producer found for character: 0
10:17:01.275 [FXGL Background Thread 1 ] WARN  FXGL.TextLevelParser - No producer found for character: 0
10:17:01.275 [FXGL Background Thread 1 ] WARN  FXGL.TextLevelParser - No producer found for character: 0
10:17:01.275 [FXGL Background Thread 1 ] WARN  FXGL.TextLevelParser - No producer found for character: 0
10:17:01.276 [FXGL Background Thread 1 ] WARN  FXGL.TextLevelParser - No producer found for character: 0
10:17:01.276 [FXGL Background Thread 1 ] WARN  FXGL.TextLevelParser - No producer found for character: 0
10:17:01.276 [FXGL Background Thread 1 ] WARN  FXGL.TextLevelParser - No producer found for character: 0
10:17:01.276 [FXGL Background Thread 1 ] WARN  FXGL.TextLevelParser - No producer found for character: 0
10:17:01.276 [FXGL Background Thread 1 ] WARN  FXGL.TextLevelParser - No producer found for character: 0
10:17:01.277 [FXGL Background Thread 1 ] WARN  FXGL.TextLevelParser - No producer found for character: 0
10:17:01.277 [FXGL Background Thread 1 ] WARN  FXGL.TextLevelParser - No producer found for character: 0
10:17:01.277 [FXGL Background Thread 1 ] WARN  FXGL.TextLevelParser - No producer found for character: 0
10:17:01.277 [FXGL Background Thread 1 ] WARN  FXGL.TextLevelParser - No producer found for character: 0
10:17:01.277 [FXGL Background Thread 1 ] WARN  FXGL.TextLevelParser - No producer found for character: 0
10:17:01.277 [FXGL Background Thread 1 ] WARN  FXGL.TextLevelParser - No producer found for character: 0
10:17:01.277 [FXGL Background Thread 1 ] WARN  FXGL.TextLevelParser - No producer found for character: 0
10:17:01.277 [FXGL Background Thread 1 ] WARN  FXGL.TextLevelParser - No producer found for character: 0
10:17:01.277 [FXGL Background Thread 1 ] WARN  FXGL.TextLevelParser - No producer found for character: 0
10:17:01.278 [FXGL Background Thread 1 ] WARN  FXGL.TextLevelParser - No producer found for character: 0
10:17:01.278 [FXGL Background Thread 1 ] WARN  FXGL.TextLevelParser - No producer found for character: 0
10:17:01.278 [FXGL Background Thread 1 ] WARN  FXGL.TextLevelParser - No producer found for character: 0
10:17:01.278 [FXGL Background Thread 1 ] WARN  FXGL.TextLevelParser - No producer found for character: 0
10:17:01.278 [FXGL Background Thread 1 ] WARN  FXGL.TextLevelParser - No producer found for character: 0
10:17:01.278 [FXGL Background Thread 1 ] WARN  FXGL.TextLevelParser - No producer found for character: 0
10:17:01.278 [FXGL Background Thread 1 ] WARN  FXGL.TextLevelParser - No producer found for character: 0
10:17:01.278 [FXGL Background Thread 1 ] WARN  FXGL.TextLevelParser - No producer found for character: 0
10:17:01.279 [FXGL Background Thread 1 ] WARN  FXGL.TextLevelParser - No producer found for character: 0
10:17:01.279 [FXGL Background Thread 1 ] WARN  FXGL.TextLevelParser - No producer found for character: 0
10:17:01.279 [FXGL Background Thread 1 ] WARN  FXGL.TextLevelParser - No producer found for character: 0
10:17:01.279 [FXGL Background Thread 1 ] WARN  FXGL.TextLevelParser - No producer found for character: 0
10:17:01.279 [FXGL Background Thread 1 ] WARN  FXGL.TextLevelParser - No producer found for character: 0
10:17:01.279 [FXGL Background Thread 1 ] WARN  FXGL.TextLevelParser - No producer found for character: 0
10:17:01.279 [FXGL Background Thread 1 ] WARN  FXGL.TextLevelParser - No producer found for character: 0
10:17:01.279 [FXGL Background Thread 1 ] WARN  FXGL.TextLevelParser - No producer found for character: 0
10:17:01.279 [FXGL Background Thread 1 ] WARN  FXGL.TextLevelParser - No producer found for character: 0
10:17:01.280 [FXGL Background Thread 1 ] WARN  FXGL.TextLevelParser - No producer found for character: 0
10:17:01.280 [FXGL Background Thread 1 ] WARN  FXGL.TextLevelParser - No producer found for character: 0
10:17:01.280 [FXGL Background Thread 1 ] WARN  FXGL.TextLevelParser - No producer found for character: 0
10:17:01.280 [FXGL Background Thread 1 ] WARN  FXGL.TextLevelParser - No producer found for character: 0
10:17:01.280 [FXGL Background Thread 1 ] WARN  FXGL.TextLevelParser - No producer found for character: 0
10:17:01.280 [FXGL Background Thread 1 ] WARN  FXGL.TextLevelParser - No producer found for character: 0
10:17:01.280 [FXGL Background Thread 1 ] WARN  FXGL.TextLevelParser - No producer found for character: 0
10:17:01.281 [FXGL Background Thread 1 ] WARN  FXGL.TextLevelParser - No producer found for character: 0
10:17:01.281 [FXGL Background Thread 1 ] WARN  FXGL.TextLevelParser - No producer found for character: 0
10:17:01.281 [FXGL Background Thread 1 ] WARN  FXGL.TextLevelParser - No producer found for character: 0
10:17:01.281 [FXGL Background Thread 1 ] WARN  FXGL.TextLevelParser - No producer found for character: 0
10:17:01.281 [FXGL Background Thread 1 ] WARN  FXGL.TextLevelParser - No producer found for character: 0
10:17:01.281 [FXGL Background Thread 1 ] WARN  FXGL.TextLevelParser - No producer found for character: 0
10:17:01.282 [FXGL Background Thread 1 ] WARN  FXGL.TextLevelParser - No producer found for character: 0
10:17:01.282 [FXGL Background Thread 1 ] WARN  FXGL.TextLevelParser - No producer found for character: 0
10:17:01.282 [FXGL Background Thread 1 ] WARN  FXGL.TextLevelParser - No producer found for character: 0
10:17:01.282 [FXGL Background Thread 1 ] WARN  FXGL.TextLevelParser - No producer found for character: 0
10:17:01.282 [FXGL Background Thread 1 ] WARN  FXGL.TextLevelParser - No producer found for character: 0
10:17:01.282 [FXGL Background Thread 1 ] WARN  FXGL.TextLevelParser - No producer found for character: 0
10:17:01.282 [FXGL Background Thread 1 ] WARN  FXGL.TextLevelParser - No producer found for character: 0
10:17:01.283 [FXGL Background Thread 1 ] WARN  FXGL.TextLevelParser - No producer found for character: 0
10:17:01.283 [FXGL Background Thread 1 ] WARN  FXGL.TextLevelParser - No producer found for character: 0
10:17:01.283 [FXGL Background Thread 1 ] WARN  FXGL.TextLevelParser - No producer found for character: 0
10:17:01.283 [FXGL Background Thread 1 ] WARN  FXGL.TextLevelParser - No producer found for character: 0
10:17:01.283 [FXGL Background Thread 1 ] WARN  FXGL.TextLevelParser - No producer found for character: 0
10:17:01.283 [FXGL Background Thread 1 ] WARN  FXGL.TextLevelParser - No producer found for character: 0
10:17:01.283 [FXGL Background Thread 1 ] WARN  FXGL.TextLevelParser - No producer found for character: 0
10:17:01.283 [FXGL Background Thread 1 ] WARN  FXGL.TextLevelParser - No producer found for character: 0
10:17:01.283 [FXGL Background Thread 1 ] WARN  FXGL.TextLevelParser - No producer found for character: 0
10:17:01.284 [FXGL Background Thread 1 ] WARN  FXGL.TextLevelParser - No producer found for character: 0
10:17:01.284 [FXGL Background Thread 1 ] WARN  FXGL.TextLevelParser - No producer found for character: 0
10:17:01.284 [FXGL Background Thread 1 ] WARN  FXGL.TextLevelParser - No producer found for character: 0
10:17:01.284 [FXGL Background Thread 1 ] WARN  FXGL.TextLevelParser - No producer found for character: 0
10:17:01.284 [FXGL Background Thread 1 ] WARN  FXGL.TextLevelParser - No producer found for character: 0
10:17:01.284 [FXGL Background Thread 1 ] WARN  FXGL.TextLevelParser - No producer found for character: 0
10:17:01.284 [FXGL Background Thread 1 ] WARN  FXGL.TextLevelParser - No producer found for character: 0
10:17:01.284 [FXGL Background Thread 1 ] WARN  FXGL.TextLevelParser - No producer found for character: 0
10:17:01.285 [FXGL Background Thread 1 ] WARN  FXGL.TextLevelParser - No producer found for character: 0
10:17:01.285 [FXGL Background Thread 1 ] WARN  FXGL.TextLevelParser - No producer found for character: 0
10:17:01.285 [FXGL Background Thread 1 ] WARN  FXGL.TextLevelParser - No producer found for character: 0
10:17:01.285 [FXGL Background Thread 1 ] WARN  FXGL.TextLevelParser - No producer found for character: 0
10:17:01.285 [FXGL Background Thread 1 ] WARN  FXGL.TextLevelParser - No producer found for character: 0
10:17:01.285 [FXGL Background Thread 1 ] WARN  FXGL.TextLevelParser - No producer found for character: 0
10:17:01.285 [FXGL Background Thread 1 ] WARN  FXGL.TextLevelParser - No producer found for character: 0
10:17:01.285 [FXGL Background Thread 1 ] WARN  FXGL.TextLevelParser - No producer found for character: 0
10:17:01.286 [FXGL Background Thread 1 ] WARN  FXGL.TextLevelParser - No producer found for character: 0
10:17:01.286 [FXGL Background Thread 1 ] WARN  FXGL.TextLevelParser - No producer found for character: 0
10:17:01.286 [FXGL Background Thread 1 ] WARN  FXGL.TextLevelParser - No producer found for character: 0
10:17:01.286 [FXGL Background Thread 1 ] WARN  FXGL.TextLevelParser - No producer found for character: 0
10:17:01.286 [FXGL Background Thread 1 ] WARN  FXGL.TextLevelParser - No producer found for character: 0
10:17:01.286 [FXGL Background Thread 1 ] WARN  FXGL.TextLevelParser - No producer found for character: 0
10:17:01.286 [FXGL Background Thread 1 ] WARN  FXGL.TextLevelParser - No producer found for character: 0
10:17:01.286 [FXGL Background Thread 1 ] WARN  FXGL.TextLevelParser - No producer found for character: 0
10:17:01.286 [FXGL Background Thread 1 ] WARN  FXGL.TextLevelParser - No producer found for character: 0
10:17:01.287 [FXGL Background Thread 1 ] WARN  FXGL.TextLevelParser - No producer found for character: 0
10:17:01.287 [FXGL Background Thread 1 ] WARN  FXGL.TextLevelParser - No producer found for character: 0
10:17:01.287 [FXGL Background Thread 1 ] WARN  FXGL.TextLevelParser - No producer found for character: 0
10:17:01.287 [FXGL Background Thread 1 ] WARN  FXGL.TextLevelParser - No producer found for character: 0
10:17:01.287 [FXGL Background Thread 1 ] WARN  FXGL.TextLevelParser - No producer found for character: 0
10:17:01.287 [FXGL Background Thread 1 ] WARN  FXGL.TextLevelParser - No producer found for character: 0
10:17:01.287 [FXGL Background Thread 1 ] WARN  FXGL.TextLevelParser - No producer found for character: 0
10:17:01.287 [FXGL Background Thread 1 ] WARN  FXGL.TextLevelParser - No producer found for character: 0
10:17:01.287 [FXGL Background Thread 1 ] WARN  FXGL.TextLevelParser - No producer found for character: 0
10:17:01.288 [FXGL Background Thread 1 ] WARN  FXGL.TextLevelParser - No producer found for character: 0
10:17:01.288 [FXGL Background Thread 1 ] WARN  FXGL.TextLevelParser - No producer found for character: 0
10:17:01.288 [FXGL Background Thread 1 ] WARN  FXGL.TextLevelParser - No producer found for character: 0
10:17:01.288 [FXGL Background Thread 1 ] WARN  FXGL.TextLevelParser - No producer found for character: 0
10:17:01.288 [FXGL Background Thread 1 ] WARN  FXGL.TextLevelParser - No producer found for character: 0
10:17:01.288 [FXGL Background Thread 1 ] WARN  FXGL.TextLevelParser - No producer found for character: 0
10:17:01.288 [FXGL Background Thread 1 ] WARN  FXGL.TextLevelParser - No producer found for character: 0
10:17:01.288 [FXGL Background Thread 1 ] WARN  FXGL.TextLevelParser - No producer found for character: 0
10:17:01.289 [FXGL Background Thread 1 ] WARN  FXGL.TextLevelParser - No producer found for character: 0
10:17:01.289 [FXGL Background Thread 1 ] WARN  FXGL.TextLevelParser - No producer found for character: 0
10:17:01.289 [FXGL Background Thread 1 ] WARN  FXGL.TextLevelParser - No producer found for character: 0
10:17:01.289 [FXGL Background Thread 1 ] WARN  FXGL.TextLevelParser - No producer found for character: 0
10:17:01.290 [FXGL Background Thread 1 ] WARN  FXGL.TextLevelParser - No producer found for character: 0
10:17:01.290 [FXGL Background Thread 1 ] WARN  FXGL.TextLevelParser - No producer found for character: 0
10:17:01.290 [FXGL Background Thread 1 ] WARN  FXGL.TextLevelParser - No producer found for character: 0
10:17:01.290 [FXGL Background Thread 1 ] WARN  FXGL.TextLevelParser - No producer found for character: 0
10:17:01.290 [FXGL Background Thread 1 ] WARN  FXGL.TextLevelParser - No producer found for character: 0
10:17:01.290 [FXGL Background Thread 1 ] WARN  FXGL.TextLevelParser - No producer found for character: 0
10:17:01.290 [FXGL Background Thread 1 ] WARN  FXGL.TextLevelParser - No producer found for character: 0
10:17:01.291 [FXGL Background Thread 1 ] WARN  FXGL.TextLevelParser - No producer found for character: 0
10:17:01.295 [FXGL Background Thread 1 ] WARN  FXGL.TextLevelParser - No producer found for character: 0
10:17:01.296 [FXGL Background Thread 1 ] WARN  FXGL.TextLevelParser - No producer found for character: 0
10:17:01.296 [FXGL Background Thread 1 ] WARN  FXGL.TextLevelParser - No producer found for character: 0
10:17:01.296 [FXGL Background Thread 1 ] WARN  FXGL.TextLevelParser - No producer found for character: 0
10:17:01.296 [FXGL Background Thread 1 ] WARN  FXGL.TextLevelParser - No producer found for character: 0
10:17:01.296 [FXGL Background Thread 1 ] WARN  FXGL.TextLevelParser - No producer found for character: 0
10:17:01.296 [FXGL Background Thread 1 ] WARN  FXGL.TextLevelParser - No producer found for character: 0
10:17:01.296 [FXGL Background Thread 1 ] WARN  FXGL.TextLevelParser - No producer found for character: 0
10:17:01.296 [FXGL Background Thread 1 ] WARN  FXGL.TextLevelParser - No producer found for character: 0
10:17:01.296 [FXGL Background Thread 1 ] WARN  FXGL.TextLevelParser - No producer found for character: 0
10:17:01.296 [FXGL Background Thread 1 ] WARN  FXGL.TextLevelParser - No producer found for character: 0
10:17:01.297 [FXGL Background Thread 1 ] WARN  FXGL.TextLevelParser - No producer found for character: 0
10:17:01.297 [FXGL Background Thread 1 ] WARN  FXGL.TextLevelParser - No producer found for character: 0
10:17:01.297 [FXGL Background Thread 1 ] WARN  FXGL.TextLevelParser - No producer found for character: 0
10:17:01.297 [FXGL Background Thread 1 ] WARN  FXGL.TextLevelParser - No producer found for character: 0
10:17:01.297 [FXGL Background Thread 1 ] WARN  FXGL.TextLevelParser - No producer found for character: 0
10:17:01.297 [FXGL Background Thread 1 ] WARN  FXGL.TextLevelParser - No producer found for character: 0
10:17:01.297 [FXGL Background Thread 1 ] WARN  FXGL.TextLevelParser - No producer found for character: 0
10:17:01.297 [FXGL Background Thread 1 ] WARN  FXGL.TextLevelParser - No producer found for character: 0
10:17:01.297 [FXGL Background Thread 1 ] WARN  FXGL.TextLevelParser - No producer found for character: 0
10:17:01.297 [FXGL Background Thread 1 ] WARN  FXGL.TextLevelParser - No producer found for character: 0
10:17:01.298 [FXGL Background Thread 1 ] WARN  FXGL.TextLevelParser - No producer found for character: 0
10:17:01.298 [FXGL Background Thread 1 ] WARN  FXGL.TextLevelParser - No producer found for character: 0
10:17:01.298 [FXGL Background Thread 1 ] WARN  FXGL.TextLevelParser - No producer found for character: 0
10:17:01.298 [FXGL Background Thread 1 ] WARN  FXGL.TextLevelParser - No producer found for character: 0
10:17:01.298 [FXGL Background Thread 1 ] WARN  FXGL.TextLevelParser - No producer found for character: 0
10:17:01.298 [FXGL Background Thread 1 ] WARN  FXGL.TextLevelParser - No producer found for character: 0
10:17:01.298 [FXGL Background Thread 1 ] WARN  FXGL.TextLevelParser - No producer found for character: 0
10:17:01.298 [FXGL Background Thread 1 ] WARN  FXGL.TextLevelParser - No producer found for character: 0
10:17:01.298 [FXGL Background Thread 1 ] WARN  FXGL.TextLevelParser - No producer found for character: 0
10:17:01.299 [FXGL Background Thread 1 ] DEBUG AssetLoader          - Loading from disk: /assets/textures/bar.png
10:17:01.301 [FXGL Background Thread 1 ] WARN  FXGL.TextLevelParser - No producer found for character: 0
10:17:01.301 [FXGL Background Thread 1 ] WARN  FXGL.TextLevelParser - No producer found for character: 0
10:17:01.301 [FXGL Background Thread 1 ] WARN  FXGL.TextLevelParser - No producer found for character: 0
10:17:01.302 [FXGL Background Thread 1 ] WARN  FXGL.TextLevelParser - No producer found for character: 0
10:17:01.302 [FXGL Background Thread 1 ] WARN  FXGL.TextLevelParser - No producer found for character: 0
10:17:01.302 [FXGL Background Thread 1 ] WARN  FXGL.TextLevelParser - No producer found for character: 0
10:17:01.302 [FXGL Background Thread 1 ] WARN  FXGL.TextLevelParser - No producer found for character: 0
10:17:01.302 [FXGL Background Thread 1 ] WARN  FXGL.TextLevelParser - No producer found for character: 0
10:17:01.302 [FXGL Background Thread 1 ] WARN  FXGL.TextLevelParser - No producer found for character: 0
10:17:01.302 [FXGL Background Thread 1 ] WARN  FXGL.TextLevelParser - No producer found for character: 0
10:17:01.302 [FXGL Background Thread 1 ] WARN  FXGL.TextLevelParser - No producer found for character: 0
10:17:01.302 [FXGL Background Thread 1 ] WARN  FXGL.TextLevelParser - No producer found for character: 0
10:17:01.302 [FXGL Background Thread 1 ] WARN  FXGL.TextLevelParser - No producer found for character: 0
10:17:01.303 [FXGL Background Thread 1 ] WARN  FXGL.TextLevelParser - No producer found for character: 0
10:17:01.303 [FXGL Background Thread 1 ] WARN  FXGL.TextLevelParser - No producer found for character: 0
10:17:01.303 [FXGL Background Thread 1 ] WARN  FXGL.TextLevelParser - No producer found for character: 0
10:17:01.303 [FXGL Background Thread 1 ] WARN  FXGL.TextLevelParser - No producer found for character: 0
10:17:01.303 [FXGL Background Thread 1 ] WARN  FXGL.TextLevelParser - No producer found for character: 0
10:17:01.303 [FXGL Background Thread 1 ] WARN  FXGL.TextLevelParser - No producer found for character: 0
10:17:01.303 [FXGL Background Thread 1 ] WARN  FXGL.TextLevelParser - No producer found for character: 0
10:17:01.303 [FXGL Background Thread 1 ] WARN  FXGL.TextLevelParser - No producer found for character: 0
10:17:01.303 [FXGL Background Thread 1 ] WARN  FXGL.TextLevelParser - No producer found for character: 0
10:17:01.303 [FXGL Background Thread 1 ] WARN  FXGL.TextLevelParser - No producer found for character: 0
10:17:01.303 [FXGL Background Thread 1 ] WARN  FXGL.TextLevelParser - No producer found for character: 0
10:17:01.303 [FXGL Background Thread 1 ] WARN  FXGL.TextLevelParser - No producer found for character: 0
10:17:01.304 [FXGL Background Thread 1 ] WARN  FXGL.TextLevelParser - No producer found for character: 0
10:17:01.304 [FXGL Background Thread 1 ] DEBUG AssetLoader          - Loading from disk: /assets/textures/fire.png
10:17:01.319 [FXGL Background Thread 1 ] WARN  FXGL.TextLevelParser - No producer found for character: 0
10:17:01.320 [FXGL Background Thread 1 ] DEBUG AssetLoader          - Loading from cache: /assets/textures/fire.png@100.0x80.0
10:17:01.321 [FXGL Background Thread 1 ] WARN  FXGL.TextLevelParser - No producer found for character: 0
10:17:01.322 [FXGL Background Thread 1 ] DEBUG AssetLoader          - Loading from cache: /assets/textures/fire.png@100.0x80.0
10:17:01.324 [FXGL Background Thread 1 ] WARN  FXGL.TextLevelParser - No producer found for character: 0
10:17:01.325 [FXGL Background Thread 1 ] DEBUG AssetLoader          - Loading from cache: /assets/textures/fire.png@100.0x80.0
10:17:01.327 [FXGL Background Thread 1 ] WARN  FXGL.TextLevelParser - No producer found for character: 0
10:17:01.328 [FXGL Background Thread 1 ] DEBUG AssetLoader          - Loading from cache: /assets/textures/fire.png@100.0x80.0
10:17:01.329 [FXGL Background Thread 1 ] WARN  FXGL.TextLevelParser - No producer found for character: 0
10:17:01.330 [FXGL Background Thread 1 ] DEBUG AssetLoader          - Loading from cache: /assets/textures/fire.png@100.0x80.0
10:17:01.331 [FXGL Background Thread 1 ] WARN  FXGL.TextLevelParser - No producer found for character: 0
10:17:01.331 [FXGL Background Thread 1 ] DEBUG AssetLoader          - Loading from cache: /assets/textures/fire.png@100.0x80.0
10:17:01.332 [FXGL Background Thread 1 ] WARN  FXGL.TextLevelParser - No producer found for character: 0
10:17:01.334 [FXGL Background Thread 1 ] DEBUG AssetLoader          - Loading from cache: /assets/textures/fire.png@100.0x80.0
10:17:01.334 [FXGL Background Thread 1 ] WARN  FXGL.TextLevelParser - No producer found for character: 0
10:17:01.335 [FXGL Background Thread 1 ] DEBUG AssetLoader          - Loading from cache: /assets/textures/fire.png@100.0x80.0
10:17:01.336 [FXGL Background Thread 1 ] WARN  FXGL.TextLevelParser - No producer found for character: 0
10:17:01.337 [FXGL Background Thread 1 ] DEBUG GameWorld            - Clearing removable entities
10:17:01.337 [FXGL Background Thread 1 ] DEBUG GameWorld            - Setting level: com.almasb.fxgl.entity.Level@108ce59d
10:17:01.367 [FXGL Background Thread 1 ] DEBUG GameScene            - Creating render group for layer: DEFAULT(100000)
10:17:01.381 [FXGL Background Thread 1 ] DEBUG GameScene            - Creating render group for layer: BACKGROUND(1000)
10:17:01.382 [FXGL Background Thread 1 ] DEBUG InitAppTask          - Initializing Physics
10:17:01.383 [FXGL Background Thread 1 ] DEBUG InitAppTask          - Initializing UI
10:17:01.384 [FXGL Background Thread 1 ] DEBUG InitAppTask          - Initialization Complete
10:17:01.385 [FXGL Background Thread 1 ] INFO  InitAppTask          - Game initialization took: 0,244 sec
10:17:01.395 [JavaFX Application Thread] DEBUG Input                - Clearing active input actions
10:17:01.406 [JavaFX Application Thread] DEBUG AppStateMachine      - LoadingState -> PlayState
10:17:16.148 [JavaFX Application Thread] DEBUG AssetLoader          - Loading from disk: /assets/text/levels/level2.txt
10:17:16.150 [JavaFX Application Thread] WARN  FXGL.TextLevelParser - No producer found for character: 0
10:17:16.151 [JavaFX Application Thread] WARN  FXGL.TextLevelParser - No producer found for character: 0
10:17:16.151 [JavaFX Application Thread] WARN  FXGL.TextLevelParser - No producer found for character: 0
10:17:16.151 [JavaFX Application Thread] WARN  FXGL.TextLevelParser - No producer found for character: 0
10:17:16.152 [JavaFX Application Thread] WARN  FXGL.TextLevelParser - No producer found for character: 0
10:17:16.152 [JavaFX Application Thread] WARN  FXGL.TextLevelParser - No producer found for character: 0
10:17:16.152 [JavaFX Application Thread] WARN  FXGL.TextLevelParser - No producer found for character: 0
10:17:16.153 [JavaFX Application Thread] WARN  FXGL.TextLevelParser - No producer found for character: 0
10:17:16.153 [JavaFX Application Thread] WARN  FXGL.TextLevelParser - No producer found for character: 0
10:17:16.153 [JavaFX Application Thread] WARN  FXGL.TextLevelParser - No producer found for character: 0
10:17:16.154 [JavaFX Application Thread] WARN  FXGL.TextLevelParser - No producer found for character: 0
10:17:16.154 [JavaFX Application Thread] WARN  FXGL.TextLevelParser - No producer found for character: 0
10:17:16.154 [JavaFX Application Thread] WARN  FXGL.TextLevelParser - No producer found for character: 0
10:17:16.155 [JavaFX Application Thread] WARN  FXGL.TextLevelParser - No producer found for character: 0
10:17:16.155 [JavaFX Application Thread] WARN  FXGL.TextLevelParser - No producer found for character: 0
10:17:16.155 [JavaFX Application Thread] WARN  FXGL.TextLevelParser - No producer found for character: 0
10:17:16.156 [JavaFX Application Thread] WARN  FXGL.TextLevelParser - No producer found for character: 0
10:17:16.156 [JavaFX Application Thread] WARN  FXGL.TextLevelParser - No producer found for character: 0
10:17:16.158 [JavaFX Application Thread] DEBUG AssetLoader          - Loading from cache: /assets/textures/brick1.png@50.0x24.0
10:17:16.162 [JavaFX Application Thread] DEBUG AssetLoader          - Loading from cache: /assets/textures/brick1.png@50.0x24.0
10:17:16.164 [JavaFX Application Thread] DEBUG AssetLoader          - Loading from cache: /assets/textures/brick1.png@50.0x24.0
10:17:16.170 [JavaFX Application Thread] DEBUG AssetLoader          - Loading from cache: /assets/textures/brick1.png@50.0x24.0
10:17:16.173 [JavaFX Application Thread] DEBUG AssetLoader          - Loading from cache: /assets/textures/brick1.png@50.0x24.0
10:17:16.177 [JavaFX Application Thread] DEBUG AssetLoader          - Loading from cache: /assets/textures/brick1.png@50.0x24.0
10:17:16.179 [JavaFX Application Thread] DEBUG AssetLoader          - Loading from cache: /assets/textures/brick1.png@50.0x24.0
10:17:16.181 [JavaFX Application Thread] DEBUG AssetLoader          - Loading from cache: /assets/textures/brick1.png@50.0x24.0
10:17:16.183 [JavaFX Application Thread] DEBUG AssetLoader          - Loading from cache: /assets/textures/brick1.png@50.0x24.0
10:17:16.186 [JavaFX Application Thread] DEBUG AssetLoader          - Loading from cache: /assets/textures/brick1.png@50.0x24.0
10:17:16.188 [JavaFX Application Thread] DEBUG AssetLoader          - Loading from cache: /assets/textures/brick1.png@50.0x24.0
10:17:16.190 [JavaFX Application Thread] DEBUG AssetLoader          - Loading from cache: /assets/textures/brick1.png@50.0x24.0
10:17:16.192 [JavaFX Application Thread] DEBUG AssetLoader          - Loading from cache: /assets/textures/brick1.png@50.0x24.0
10:17:16.194 [JavaFX Application Thread] DEBUG AssetLoader          - Loading from cache: /assets/textures/brick1.png@50.0x24.0
10:17:16.195 [JavaFX Application Thread] DEBUG AssetLoader          - Loading from cache: /assets/textures/brick1.png@50.0x24.0
10:17:16.197 [JavaFX Application Thread] DEBUG AssetLoader          - Loading from cache: /assets/textures/brick1.png@50.0x24.0
10:17:16.198 [JavaFX Application Thread] DEBUG AssetLoader          - Loading from cache: /assets/textures/brick1.png@50.0x24.0
10:17:16.200 [JavaFX Application Thread] DEBUG AssetLoader          - Loading from cache: /assets/textures/brick1.png@50.0x24.0
10:17:16.201 [JavaFX Application Thread] DEBUG AssetLoader          - Loading from cache: /assets/textures/brick1.png@50.0x24.0
10:17:16.204 [JavaFX Application Thread] DEBUG AssetLoader          - Loading from cache: /assets/textures/brick1.png@50.0x24.0
10:17:16.205 [JavaFX Application Thread] DEBUG AssetLoader          - Loading from cache: /assets/textures/brick1.png@50.0x24.0
10:17:16.206 [JavaFX Application Thread] DEBUG AssetLoader          - Loading from cache: /assets/textures/brick1.png@50.0x24.0
10:17:16.208 [JavaFX Application Thread] DEBUG AssetLoader          - Loading from cache: /assets/textures/brick1.png@50.0x24.0
10:17:16.210 [JavaFX Application Thread] DEBUG AssetLoader          - Loading from cache: /assets/textures/brick1.png@50.0x24.0
10:17:16.211 [JavaFX Application Thread] DEBUG AssetLoader          - Loading from cache: /assets/textures/brick1.png@50.0x24.0
10:17:16.213 [JavaFX Application Thread] DEBUG AssetLoader          - Loading from cache: /assets/textures/brick1.png@50.0x24.0
10:17:16.214 [JavaFX Application Thread] DEBUG AssetLoader          - Loading from cache: /assets/textures/brick1.png@50.0x24.0
10:17:16.215 [JavaFX Application Thread] DEBUG AssetLoader          - Loading from cache: /assets/textures/brick1.png@50.0x24.0
10:17:16.217 [JavaFX Application Thread] DEBUG AssetLoader          - Loading from cache: /assets/textures/brick1.png@50.0x24.0
10:17:16.218 [JavaFX Application Thread] DEBUG AssetLoader          - Loading from cache: /assets/textures/brick1.png@50.0x24.0
10:17:16.219 [JavaFX Application Thread] DEBUG AssetLoader          - Loading from cache: /assets/textures/brick1.png@50.0x24.0
10:17:16.221 [JavaFX Application Thread] DEBUG AssetLoader          - Loading from cache: /assets/textures/brick1.png@50.0x24.0
10:17:16.222 [JavaFX Application Thread] DEBUG AssetLoader          - Loading from cache: /assets/textures/brick1.png@50.0x24.0
10:17:16.223 [JavaFX Application Thread] DEBUG AssetLoader          - Loading from cache: /assets/textures/brick1.png@50.0x24.0
10:17:16.224 [JavaFX Application Thread] DEBUG AssetLoader          - Loading from cache: /assets/textures/brick1.png@50.0x24.0
10:17:16.224 [JavaFX Application Thread] DEBUG AssetLoader          - Loading from cache: /assets/textures/brick1.png@50.0x24.0
10:17:16.225 [JavaFX Application Thread] WARN  FXGL.TextLevelParser - No producer found for character: 0
10:17:16.225 [JavaFX Application Thread] WARN  FXGL.TextLevelParser - No producer found for character: 0
10:17:16.225 [JavaFX Application Thread] WARN  FXGL.TextLevelParser - No producer found for character: 0
10:17:16.225 [JavaFX Application Thread] WARN  FXGL.TextLevelParser - No producer found for character: 0
10:17:16.225 [JavaFX Application Thread] WARN  FXGL.TextLevelParser - No producer found for character: 0
10:17:16.226 [JavaFX Application Thread] WARN  FXGL.TextLevelParser - No producer found for character: 0
10:17:16.226 [JavaFX Application Thread] WARN  FXGL.TextLevelParser - No producer found for character: 0
10:17:16.226 [JavaFX Application Thread] WARN  FXGL.TextLevelParser - No producer found for character: 0
10:17:16.226 [JavaFX Application Thread] WARN  FXGL.TextLevelParser - No producer found for character: 0
10:17:16.226 [JavaFX Application Thread] WARN  FXGL.TextLevelParser - No producer found for character: 0
10:17:16.226 [JavaFX Application Thread] WARN  FXGL.TextLevelParser - No producer found for character: 0
10:17:16.226 [JavaFX Application Thread] WARN  FXGL.TextLevelParser - No producer found for character: 0
10:17:16.226 [JavaFX Application Thread] WARN  FXGL.TextLevelParser - No producer found for character: 0
10:17:16.226 [JavaFX Application Thread] WARN  FXGL.TextLevelParser - No producer found for character: 0
10:17:16.227 [JavaFX Application Thread] WARN  FXGL.TextLevelParser - No producer found for character: 0
10:17:16.227 [JavaFX Application Thread] WARN  FXGL.TextLevelParser - No producer found for character: 0
10:17:16.227 [JavaFX Application Thread] WARN  FXGL.TextLevelParser - No producer found for character: 0
10:17:16.227 [JavaFX Application Thread] WARN  FXGL.TextLevelParser - No producer found for character: 0
10:17:16.227 [JavaFX Application Thread] WARN  FXGL.TextLevelParser - No producer found for character: 0
10:17:16.227 [JavaFX Application Thread] WARN  FXGL.TextLevelParser - No producer found for character: 0
10:17:16.227 [JavaFX Application Thread] WARN  FXGL.TextLevelParser - No producer found for character: 0
10:17:16.227 [JavaFX Application Thread] WARN  FXGL.TextLevelParser - No producer found for character: 0
10:17:16.228 [JavaFX Application Thread] WARN  FXGL.TextLevelParser - No producer found for character: 0
10:17:16.228 [JavaFX Application Thread] WARN  FXGL.TextLevelParser - No producer found for character: 0
10:17:16.228 [JavaFX Application Thread] WARN  FXGL.TextLevelParser - No producer found for character: 0
10:17:16.228 [JavaFX Application Thread] WARN  FXGL.TextLevelParser - No producer found for character: 0
10:17:16.228 [JavaFX Application Thread] WARN  FXGL.TextLevelParser - No producer found for character: 0
10:17:16.228 [JavaFX Application Thread] WARN  FXGL.TextLevelParser - No producer found for character: 0
10:17:16.228 [JavaFX Application Thread] WARN  FXGL.TextLevelParser - No producer found for character: 0
10:17:16.228 [JavaFX Application Thread] WARN  FXGL.TextLevelParser - No producer found for character: 0
10:17:16.228 [JavaFX Application Thread] WARN  FXGL.TextLevelParser - No producer found for character: 0
10:17:16.229 [JavaFX Application Thread] WARN  FXGL.TextLevelParser - No producer found for character: 0
10:17:16.229 [JavaFX Application Thread] WARN  FXGL.TextLevelParser - No producer found for character: 0
10:17:16.229 [JavaFX Application Thread] WARN  FXGL.TextLevelParser - No producer found for character: 0
10:17:16.229 [JavaFX Application Thread] WARN  FXGL.TextLevelParser - No producer found for character: 0
10:17:16.229 [JavaFX Application Thread] WARN  FXGL.TextLevelParser - No producer found for character: 0
10:17:16.229 [JavaFX Application Thread] WARN  FXGL.TextLevelParser - No producer found for character: 0
10:17:16.229 [JavaFX Application Thread] WARN  FXGL.TextLevelParser - No producer found for character: 0
10:17:16.230 [JavaFX Application Thread] WARN  FXGL.TextLevelParser - No producer found for character: 0
10:17:16.230 [JavaFX Application Thread] WARN  FXGL.TextLevelParser - No producer found for character: 0
10:17:16.230 [JavaFX Application Thread] WARN  FXGL.TextLevelParser - No producer found for character: 0
10:17:16.230 [JavaFX Application Thread] WARN  FXGL.TextLevelParser - No producer found for character: 0
10:17:16.230 [JavaFX Application Thread] WARN  FXGL.TextLevelParser - No producer found for character: 0
10:17:16.230 [JavaFX Application Thread] WARN  FXGL.TextLevelParser - No producer found for character: 0
10:17:16.230 [JavaFX Application Thread] WARN  FXGL.TextLevelParser - No producer found for character: 0
10:17:16.230 [JavaFX Application Thread] WARN  FXGL.TextLevelParser - No producer found for character: 0
10:17:16.231 [JavaFX Application Thread] WARN  FXGL.TextLevelParser - No producer found for character: 0
10:17:16.231 [JavaFX Application Thread] WARN  FXGL.TextLevelParser - No producer found for character: 0
10:17:16.231 [JavaFX Application Thread] WARN  FXGL.TextLevelParser - No producer found for character: 0
10:17:16.231 [JavaFX Application Thread] WARN  FXGL.TextLevelParser - No producer found for character: 0
10:17:16.232 [JavaFX Application Thread] WARN  FXGL.TextLevelParser - No producer found for character: 0
10:17:16.232 [JavaFX Application Thread] WARN  FXGL.TextLevelParser - No producer found for character: 0
10:17:16.232 [JavaFX Application Thread] WARN  FXGL.TextLevelParser - No producer found for character: 0
10:17:16.232 [JavaFX Application Thread] WARN  FXGL.TextLevelParser - No producer found for character: 0
10:17:16.232 [JavaFX Application Thread] WARN  FXGL.TextLevelParser - No producer found for character: 0
10:17:16.232 [JavaFX Application Thread] WARN  FXGL.TextLevelParser - No producer found for character: 0
10:17:16.232 [JavaFX Application Thread] WARN  FXGL.TextLevelParser - No producer found for character: 0
10:17:16.232 [JavaFX Application Thread] WARN  FXGL.TextLevelParser - No producer found for character: 0
10:17:16.232 [JavaFX Application Thread] WARN  FXGL.TextLevelParser - No producer found for character: 0
10:17:16.232 [JavaFX Application Thread] WARN  FXGL.TextLevelParser - No producer found for character: 0
10:17:16.233 [JavaFX Application Thread] WARN  FXGL.TextLevelParser - No producer found for character: 0
10:17:16.233 [JavaFX Application Thread] WARN  FXGL.TextLevelParser - No producer found for character: 0
10:17:16.233 [JavaFX Application Thread] WARN  FXGL.TextLevelParser - No producer found for character: 0
10:17:16.233 [JavaFX Application Thread] WARN  FXGL.TextLevelParser - No producer found for character: 0
10:17:16.233 [JavaFX Application Thread] WARN  FXGL.TextLevelParser - No producer found for character: 0
10:17:16.234 [JavaFX Application Thread] WARN  FXGL.TextLevelParser - No producer found for character: 0
10:17:16.235 [JavaFX Application Thread] WARN  FXGL.TextLevelParser - No producer found for character: 0
10:17:16.235 [JavaFX Application Thread] WARN  FXGL.TextLevelParser - No producer found for character: 0
10:17:16.235 [JavaFX Application Thread] WARN  FXGL.TextLevelParser - No producer found for character: 0
10:17:16.235 [JavaFX Application Thread] WARN  FXGL.TextLevelParser - No producer found for character: 0
10:17:16.235 [JavaFX Application Thread] WARN  FXGL.TextLevelParser - No producer found for character: 0
10:17:16.235 [JavaFX Application Thread] WARN  FXGL.TextLevelParser - No producer found for character: 0
10:17:16.235 [JavaFX Application Thread] WARN  FXGL.TextLevelParser - No producer found for character: 0
10:17:16.235 [JavaFX Application Thread] WARN  FXGL.TextLevelParser - No producer found for character: 0
10:17:16.235 [JavaFX Application Thread] WARN  FXGL.TextLevelParser - No producer found for character: 0
10:17:16.235 [JavaFX Application Thread] WARN  FXGL.TextLevelParser - No producer found for character: 0
10:17:16.236 [JavaFX Application Thread] WARN  FXGL.TextLevelParser - No producer found for character: 0
10:17:16.236 [JavaFX Application Thread] WARN  FXGL.TextLevelParser - No producer found for character: 0
10:17:16.236 [JavaFX Application Thread] WARN  FXGL.TextLevelParser - No producer found for character: 0
10:17:16.236 [JavaFX Application Thread] WARN  FXGL.TextLevelParser - No producer found for character: 0
10:17:16.236 [JavaFX Application Thread] WARN  FXGL.TextLevelParser - No producer found for character: 0
10:17:16.236 [JavaFX Application Thread] WARN  FXGL.TextLevelParser - No producer found for character: 0
10:17:16.236 [JavaFX Application Thread] WARN  FXGL.TextLevelParser - No producer found for character: 0
10:17:16.236 [JavaFX Application Thread] WARN  FXGL.TextLevelParser - No producer found for character: 0
10:17:16.236 [JavaFX Application Thread] WARN  FXGL.TextLevelParser - No producer found for character: 0
10:17:16.237 [JavaFX Application Thread] WARN  FXGL.TextLevelParser - No producer found for character: 0
10:17:16.237 [JavaFX Application Thread] WARN  FXGL.TextLevelParser - No producer found for character: 0
10:17:16.237 [JavaFX Application Thread] WARN  FXGL.TextLevelParser - No producer found for character: 0
10:17:16.237 [JavaFX Application Thread] WARN  FXGL.TextLevelParser - No producer found for character: 0
10:17:16.237 [JavaFX Application Thread] WARN  FXGL.TextLevelParser - No producer found for character: 0
10:17:16.237 [JavaFX Application Thread] WARN  FXGL.TextLevelParser - No producer found for character: 0
10:17:16.237 [JavaFX Application Thread] WARN  FXGL.TextLevelParser - No producer found for character: 0
10:17:16.237 [JavaFX Application Thread] WARN  FXGL.TextLevelParser - No producer found for character: 0
10:17:16.237 [JavaFX Application Thread] WARN  FXGL.TextLevelParser - No producer found for character: 0
10:17:16.238 [JavaFX Application Thread] WARN  FXGL.TextLevelParser - No producer found for character: 0
10:17:16.238 [JavaFX Application Thread] WARN  FXGL.TextLevelParser - No producer found for character: 0
10:17:16.238 [JavaFX Application Thread] WARN  FXGL.TextLevelParser - No producer found for character: 0
10:17:16.238 [JavaFX Application Thread] WARN  FXGL.TextLevelParser - No producer found for character: 0
10:17:16.238 [JavaFX Application Thread] WARN  FXGL.TextLevelParser - No producer found for character: 0
10:17:16.238 [JavaFX Application Thread] WARN  FXGL.TextLevelParser - No producer found for character: 0
10:17:16.238 [JavaFX Application Thread] WARN  FXGL.TextLevelParser - No producer found for character: 0
10:17:16.238 [JavaFX Application Thread] WARN  FXGL.TextLevelParser - No producer found for character: 0
10:17:16.238 [JavaFX Application Thread] WARN  FXGL.TextLevelParser - No producer found for character: 0
10:17:16.238 [JavaFX Application Thread] WARN  FXGL.TextLevelParser - No producer found for character: 0
10:17:16.238 [JavaFX Application Thread] WARN  FXGL.TextLevelParser - No producer found for character: 0
10:17:16.238 [JavaFX Application Thread] WARN  FXGL.TextLevelParser - No producer found for character: 0
10:17:16.239 [JavaFX Application Thread] WARN  FXGL.TextLevelParser - No producer found for character: 0
10:17:16.239 [JavaFX Application Thread] WARN  FXGL.TextLevelParser - No producer found for character: 0
10:17:16.239 [JavaFX Application Thread] WARN  FXGL.TextLevelParser - No producer found for character: 0
10:17:16.239 [JavaFX Application Thread] WARN  FXGL.TextLevelParser - No producer found for character: 0
10:17:16.239 [JavaFX Application Thread] WARN  FXGL.TextLevelParser - No producer found for character: 0
10:17:16.239 [JavaFX Application Thread] WARN  FXGL.TextLevelParser - No producer found for character: 0
10:17:16.239 [JavaFX Application Thread] WARN  FXGL.TextLevelParser - No producer found for character: 0
10:17:16.239 [JavaFX Application Thread] WARN  FXGL.TextLevelParser - No producer found for character: 0
10:17:16.239 [JavaFX Application Thread] WARN  FXGL.TextLevelParser - No producer found for character: 0
10:17:16.239 [JavaFX Application Thread] WARN  FXGL.TextLevelParser - No producer found for character: 0
10:17:16.240 [JavaFX Application Thread] WARN  FXGL.TextLevelParser - No producer found for character: 0
10:17:16.240 [JavaFX Application Thread] WARN  FXGL.TextLevelParser - No producer found for character: 0
10:17:16.240 [JavaFX Application Thread] WARN  FXGL.TextLevelParser - No producer found for character: 0
10:17:16.240 [JavaFX Application Thread] WARN  FXGL.TextLevelParser - No producer found for character: 0
10:17:16.240 [JavaFX Application Thread] WARN  FXGL.TextLevelParser - No producer found for character: 0
10:17:16.240 [JavaFX Application Thread] WARN  FXGL.TextLevelParser - No producer found for character: 0
10:17:16.240 [JavaFX Application Thread] WARN  FXGL.TextLevelParser - No producer found for character: 0
10:17:16.240 [JavaFX Application Thread] WARN  FXGL.TextLevelParser - No producer found for character: 0
10:17:16.240 [JavaFX Application Thread] WARN  FXGL.TextLevelParser - No producer found for character: 0
10:17:16.240 [JavaFX Application Thread] WARN  FXGL.TextLevelParser - No producer found for character: 0
10:17:16.241 [JavaFX Application Thread] WARN  FXGL.TextLevelParser - No producer found for character: 0
10:17:16.241 [JavaFX Application Thread] WARN  FXGL.TextLevelParser - No producer found for character: 0
10:17:16.241 [JavaFX Application Thread] WARN  FXGL.TextLevelParser - No producer found for character: 0
10:17:16.241 [JavaFX Application Thread] WARN  FXGL.TextLevelParser - No producer found for character: 0
10:17:16.241 [JavaFX Application Thread] WARN  FXGL.TextLevelParser - No producer found for character: 0
10:17:16.241 [JavaFX Application Thread] WARN  FXGL.TextLevelParser - No producer found for character: 0
10:17:16.241 [JavaFX Application Thread] WARN  FXGL.TextLevelParser - No producer found for character: 0
10:17:16.241 [JavaFX Application Thread] WARN  FXGL.TextLevelParser - No producer found for character: 0
10:17:16.241 [JavaFX Application Thread] WARN  FXGL.TextLevelParser - No producer found for character: 0
10:17:16.242 [JavaFX Application Thread] WARN  FXGL.TextLevelParser - No producer found for character: 0
10:17:16.242 [JavaFX Application Thread] WARN  FXGL.TextLevelParser - No producer found for character: 0
10:17:16.242 [JavaFX Application Thread] WARN  FXGL.TextLevelParser - No producer found for character: 0
10:17:16.242 [JavaFX Application Thread] WARN  FXGL.TextLevelParser - No producer found for character: 0
10:17:16.242 [JavaFX Application Thread] WARN  FXGL.TextLevelParser - No producer found for character: 0
10:17:16.242 [JavaFX Application Thread] WARN  FXGL.TextLevelParser - No producer found for character: 0
10:17:16.242 [JavaFX Application Thread] WARN  FXGL.TextLevelParser - No producer found for character: 0
10:17:16.242 [JavaFX Application Thread] WARN  FXGL.TextLevelParser - No producer found for character: 0
10:17:16.242 [JavaFX Application Thread] WARN  FXGL.TextLevelParser - No producer found for character: 0
10:17:16.242 [JavaFX Application Thread] WARN  FXGL.TextLevelParser - No producer found for character: 0
10:17:16.242 [JavaFX Application Thread] WARN  FXGL.TextLevelParser - No producer found for character: 0
10:17:16.242 [JavaFX Application Thread] WARN  FXGL.TextLevelParser - No producer found for character: 0
10:17:16.242 [JavaFX Application Thread] WARN  FXGL.TextLevelParser - No producer found for character: 0
10:17:16.243 [JavaFX Application Thread] WARN  FXGL.TextLevelParser - No producer found for character: 0
10:17:16.243 [JavaFX Application Thread] WARN  FXGL.TextLevelParser - No producer found for character: 0
10:17:16.243 [JavaFX Application Thread] WARN  FXGL.TextLevelParser - No producer found for character: 0
10:17:16.243 [JavaFX Application Thread] WARN  FXGL.TextLevelParser - No producer found for character: 0
10:17:16.243 [JavaFX Application Thread] WARN  FXGL.TextLevelParser - No producer found for character: 0
10:17:16.243 [JavaFX Application Thread] WARN  FXGL.TextLevelParser - No producer found for character: 0
10:17:16.243 [JavaFX Application Thread] WARN  FXGL.TextLevelParser - No producer found for character: 0
10:17:16.243 [JavaFX Application Thread] WARN  FXGL.TextLevelParser - No producer found for character: 0
10:17:16.243 [JavaFX Application Thread] WARN  FXGL.TextLevelParser - No producer found for character: 0
10:17:16.243 [JavaFX Application Thread] WARN  FXGL.TextLevelParser - No producer found for character: 0
10:17:16.243 [JavaFX Application Thread] WARN  FXGL.TextLevelParser - No producer found for character: 0
10:17:16.243 [JavaFX Application Thread] WARN  FXGL.TextLevelParser - No producer found for character: 0
10:17:16.243 [JavaFX Application Thread] WARN  FXGL.TextLevelParser - No producer found for character: 0
10:17:16.244 [JavaFX Application Thread] WARN  FXGL.TextLevelParser - No producer found for character: 0
10:17:16.244 [JavaFX Application Thread] WARN  FXGL.TextLevelParser - No producer found for character: 0
10:17:16.244 [JavaFX Application Thread] WARN  FXGL.TextLevelParser - No producer found for character: 0
10:17:16.244 [JavaFX Application Thread] WARN  FXGL.TextLevelParser - No producer found for character: 0
10:17:16.244 [JavaFX Application Thread] WARN  FXGL.TextLevelParser - No producer found for character: 0
10:17:16.244 [JavaFX Application Thread] WARN  FXGL.TextLevelParser - No producer found for character: 0
10:17:16.244 [JavaFX Application Thread] WARN  FXGL.TextLevelParser - No producer found for character: 0
10:17:16.244 [JavaFX Application Thread] WARN  FXGL.TextLevelParser - No producer found for character: 0
10:17:16.244 [JavaFX Application Thread] WARN  FXGL.TextLevelParser - No producer found for character: 0
10:17:16.244 [JavaFX Application Thread] WARN  FXGL.TextLevelParser - No producer found for character: 0
10:17:16.245 [JavaFX Application Thread] WARN  FXGL.TextLevelParser - No producer found for character: 0
10:17:16.245 [JavaFX Application Thread] WARN  FXGL.TextLevelParser - No producer found for character: 0
10:17:16.245 [JavaFX Application Thread] WARN  FXGL.TextLevelParser - No producer found for character: 0
10:17:16.245 [JavaFX Application Thread] WARN  FXGL.TextLevelParser - No producer found for character: 0
10:17:16.245 [JavaFX Application Thread] WARN  FXGL.TextLevelParser - No producer found for character: 0
10:17:16.245 [JavaFX Application Thread] WARN  FXGL.TextLevelParser - No producer found for character: 0
10:17:16.245 [JavaFX Application Thread] WARN  FXGL.TextLevelParser - No producer found for character: 0
10:17:16.245 [JavaFX Application Thread] WARN  FXGL.TextLevelParser - No producer found for character: 0
10:17:16.245 [JavaFX Application Thread] WARN  FXGL.TextLevelParser - No producer found for character: 0
10:17:16.245 [JavaFX Application Thread] WARN  FXGL.TextLevelParser - No producer found for character: 0
10:17:16.245 [JavaFX Application Thread] WARN  FXGL.TextLevelParser - No producer found for character: 0
10:17:16.245 [JavaFX Application Thread] WARN  FXGL.TextLevelParser - No producer found for character: 0
10:17:16.245 [JavaFX Application Thread] WARN  FXGL.TextLevelParser - No producer found for character: 0
10:17:16.246 [JavaFX Application Thread] WARN  FXGL.TextLevelParser - No producer found for character: 0
10:17:16.246 [JavaFX Application Thread] WARN  FXGL.TextLevelParser - No producer found for character: 0
10:17:16.246 [JavaFX Application Thread] WARN  FXGL.TextLevelParser - No producer found for character: 0
10:17:16.246 [JavaFX Application Thread] WARN  FXGL.TextLevelParser - No producer found for character: 0
10:17:16.246 [JavaFX Application Thread] WARN  FXGL.TextLevelParser - No producer found for character: 0
10:17:16.246 [JavaFX Application Thread] WARN  FXGL.TextLevelParser - No producer found for character: 0
10:17:16.246 [JavaFX Application Thread] WARN  FXGL.TextLevelParser - No producer found for character: 0
10:17:16.246 [JavaFX Application Thread] WARN  FXGL.TextLevelParser - No producer found for character: 0
10:17:16.246 [JavaFX Application Thread] WARN  FXGL.TextLevelParser - No producer found for character: 0
10:17:16.246 [JavaFX Application Thread] WARN  FXGL.TextLevelParser - No producer found for character: 0
10:17:16.246 [JavaFX Application Thread] WARN  FXGL.TextLevelParser - No producer found for character: 0
10:17:16.246 [JavaFX Application Thread] WARN  FXGL.TextLevelParser - No producer found for character: 0
10:17:16.246 [JavaFX Application Thread] WARN  FXGL.TextLevelParser - No producer found for character: 0
10:17:16.246 [JavaFX Application Thread] WARN  FXGL.TextLevelParser - No producer found for character: 0
10:17:16.246 [JavaFX Application Thread] WARN  FXGL.TextLevelParser - No producer found for character: 0
10:17:16.247 [JavaFX Application Thread] WARN  FXGL.TextLevelParser - No producer found for character: 0
10:17:16.247 [JavaFX Application Thread] WARN  FXGL.TextLevelParser - No producer found for character: 0
10:17:16.247 [JavaFX Application Thread] WARN  FXGL.TextLevelParser - No producer found for character: 0
10:17:16.247 [JavaFX Application Thread] WARN  FXGL.TextLevelParser - No producer found for character: 0
10:17:16.247 [JavaFX Application Thread] WARN  FXGL.TextLevelParser - No producer found for character: 0
10:17:16.247 [JavaFX Application Thread] WARN  FXGL.TextLevelParser - No producer found for character: 0
10:17:16.247 [JavaFX Application Thread] WARN  FXGL.TextLevelParser - No producer found for character: 0
10:17:16.247 [JavaFX Application Thread] WARN  FXGL.TextLevelParser - No producer found for character: 0
10:17:16.247 [JavaFX Application Thread] WARN  FXGL.TextLevelParser - No producer found for character: 0
10:17:16.247 [JavaFX Application Thread] WARN  FXGL.TextLevelParser - No producer found for character: 0
10:17:16.247 [JavaFX Application Thread] WARN  FXGL.TextLevelParser - No producer found for character: 0
10:17:16.247 [JavaFX Application Thread] WARN  FXGL.TextLevelParser - No producer found for character: 0
10:17:16.247 [JavaFX Application Thread] WARN  FXGL.TextLevelParser - No producer found for character: 0
10:17:16.247 [JavaFX Application Thread] WARN  FXGL.TextLevelParser - No producer found for character: 0
10:17:16.247 [JavaFX Application Thread] WARN  FXGL.TextLevelParser - No producer found for character: 0
10:17:16.248 [JavaFX Application Thread] WARN  FXGL.TextLevelParser - No producer found for character: 0
10:17:16.248 [JavaFX Application Thread] WARN  FXGL.TextLevelParser - No producer found for character: 0
10:17:16.248 [JavaFX Application Thread] WARN  FXGL.TextLevelParser - No producer found for character: 0
10:17:16.248 [JavaFX Application Thread] WARN  FXGL.TextLevelParser - No producer found for character: 0
10:17:16.248 [JavaFX Application Thread] WARN  FXGL.TextLevelParser - No producer found for character: 0
10:17:16.248 [JavaFX Application Thread] WARN  FXGL.TextLevelParser - No producer found for character: 0
10:17:16.248 [JavaFX Application Thread] WARN  FXGL.TextLevelParser - No producer found for character: 0
10:17:16.248 [JavaFX Application Thread] WARN  FXGL.TextLevelParser - No producer found for character: 0
10:17:16.248 [JavaFX Application Thread] WARN  FXGL.TextLevelParser - No producer found for character: 0
10:17:16.248 [JavaFX Application Thread] WARN  FXGL.TextLevelParser - No producer found for character: 0
10:17:16.248 [JavaFX Application Thread] WARN  FXGL.TextLevelParser - No producer found for character: 0
10:17:16.249 [JavaFX Application Thread] WARN  FXGL.TextLevelParser - No producer found for character: 0
10:17:16.249 [JavaFX Application Thread] WARN  FXGL.TextLevelParser - No producer found for character: 0
10:17:16.249 [JavaFX Application Thread] WARN  FXGL.TextLevelParser - No producer found for character: 0
10:17:16.249 [JavaFX Application Thread] WARN  FXGL.TextLevelParser - No producer found for character: 0
10:17:16.249 [JavaFX Application Thread] WARN  FXGL.TextLevelParser - No producer found for character: 0
10:17:16.249 [JavaFX Application Thread] WARN  FXGL.TextLevelParser - No producer found for character: 0
10:17:16.249 [JavaFX Application Thread] WARN  FXGL.TextLevelParser - No producer found for character: 0
10:17:16.249 [JavaFX Application Thread] WARN  FXGL.TextLevelParser - No producer found for character: 0
10:17:16.249 [JavaFX Application Thread] WARN  FXGL.TextLevelParser - No producer found for character: 0
10:17:16.249 [JavaFX Application Thread] WARN  FXGL.TextLevelParser - No producer found for character: 0
10:17:16.249 [JavaFX Application Thread] WARN  FXGL.TextLevelParser - No producer found for character: 0
10:17:16.249 [JavaFX Application Thread] WARN  FXGL.TextLevelParser - No producer found for character: 0
10:17:16.249 [JavaFX Application Thread] WARN  FXGL.TextLevelParser - No producer found for character: 0
10:17:16.250 [JavaFX Application Thread] WARN  FXGL.TextLevelParser - No producer found for character: 0
10:17:16.250 [JavaFX Application Thread] WARN  FXGL.TextLevelParser - No producer found for character: 0
10:17:16.250 [JavaFX Application Thread] WARN  FXGL.TextLevelParser - No producer found for character: 0
10:17:16.250 [JavaFX Application Thread] WARN  FXGL.TextLevelParser - No producer found for character: 0
10:17:16.250 [JavaFX Application Thread] DEBUG AssetLoader          - Loading from cache: /assets/textures/bar.png
10:17:16.251 [JavaFX Application Thread] WARN  FXGL.TextLevelParser - No producer found for character: 0
10:17:16.251 [JavaFX Application Thread] WARN  FXGL.TextLevelParser - No producer found for character: 0
10:17:16.251 [JavaFX Application Thread] WARN  FXGL.TextLevelParser - No producer found for character: 0
10:17:16.251 [JavaFX Application Thread] WARN  FXGL.TextLevelParser - No producer found for character: 0
10:17:16.251 [JavaFX Application Thread] WARN  FXGL.TextLevelParser - No producer found for character: 0
10:17:16.251 [JavaFX Application Thread] WARN  FXGL.TextLevelParser - No producer found for character: 0
10:17:16.251 [JavaFX Application Thread] WARN  FXGL.TextLevelParser - No producer found for character: 0
10:17:16.251 [JavaFX Application Thread] WARN  FXGL.TextLevelParser - No producer found for character: 0
10:17:16.252 [JavaFX Application Thread] WARN  FXGL.TextLevelParser - No producer found for character: 0
10:17:16.252 [JavaFX Application Thread] WARN  FXGL.TextLevelParser - No producer found for character: 0
10:17:16.252 [JavaFX Application Thread] WARN  FXGL.TextLevelParser - No producer found for character: 0
10:17:16.252 [JavaFX Application Thread] WARN  FXGL.TextLevelParser - No producer found for character: 0
10:17:16.252 [JavaFX Application Thread] WARN  FXGL.TextLevelParser - No producer found for character: 0
10:17:16.252 [JavaFX Application Thread] WARN  FXGL.TextLevelParser - No producer found for character: 0
10:17:16.252 [JavaFX Application Thread] WARN  FXGL.TextLevelParser - No producer found for character: 0
10:17:16.252 [JavaFX Application Thread] WARN  FXGL.TextLevelParser - No producer found for character: 0
10:17:16.252 [JavaFX Application Thread] WARN  FXGL.TextLevelParser - No producer found for character: 0
10:17:16.252 [JavaFX Application Thread] WARN  FXGL.TextLevelParser - No producer found for character: 0
10:17:16.252 [JavaFX Application Thread] WARN  FXGL.TextLevelParser - No producer found for character: 0
10:17:16.252 [JavaFX Application Thread] WARN  FXGL.TextLevelParser - No producer found for character: 0
10:17:16.252 [JavaFX Application Thread] WARN  FXGL.TextLevelParser - No producer found for character: 0
10:17:16.252 [JavaFX Application Thread] WARN  FXGL.TextLevelParser - No producer found for character: 0
10:17:16.252 [JavaFX Application Thread] WARN  FXGL.TextLevelParser - No producer found for character: 0
10:17:16.252 [JavaFX Application Thread] WARN  FXGL.TextLevelParser - No producer found for character: 0
10:17:16.252 [JavaFX Application Thread] WARN  FXGL.TextLevelParser - No producer found for character: 0
10:17:16.253 [JavaFX Application Thread] WARN  FXGL.TextLevelParser - No producer found for character: 0
10:17:16.253 [JavaFX Application Thread] DEBUG AssetLoader          - Loading from cache: /assets/textures/fire.png@100.0x80.0
10:17:16.253 [JavaFX Application Thread] WARN  FXGL.TextLevelParser - No producer found for character: 0
10:17:16.254 [JavaFX Application Thread] DEBUG AssetLoader          - Loading from cache: /assets/textures/fire.png@100.0x80.0
10:17:16.254 [JavaFX Application Thread] WARN  FXGL.TextLevelParser - No producer found for character: 0
10:17:16.255 [JavaFX Application Thread] DEBUG AssetLoader          - Loading from cache: /assets/textures/fire.png@100.0x80.0
10:17:16.255 [JavaFX Application Thread] WARN  FXGL.TextLevelParser - No producer found for character: 0
10:17:16.256 [JavaFX Application Thread] DEBUG AssetLoader          - Loading from cache: /assets/textures/fire.png@100.0x80.0
10:17:16.256 [JavaFX Application Thread] WARN  FXGL.TextLevelParser - No producer found for character: 0
10:17:16.256 [JavaFX Application Thread] DEBUG AssetLoader          - Loading from cache: /assets/textures/fire.png@100.0x80.0
10:17:16.257 [JavaFX Application Thread] WARN  FXGL.TextLevelParser - No producer found for character: 0
10:17:16.257 [JavaFX Application Thread] DEBUG AssetLoader          - Loading from cache: /assets/textures/fire.png@100.0x80.0
10:17:16.257 [JavaFX Application Thread] WARN  FXGL.TextLevelParser - No producer found for character: 0
10:17:16.258 [JavaFX Application Thread] DEBUG AssetLoader          - Loading from cache: /assets/textures/fire.png@100.0x80.0
10:17:16.258 [JavaFX Application Thread] WARN  FXGL.TextLevelParser - No producer found for character: 0
10:17:16.259 [JavaFX Application Thread] DEBUG AssetLoader          - Loading from cache: /assets/textures/fire.png@100.0x80.0
10:17:16.259 [JavaFX Application Thread] WARN  FXGL.TextLevelParser - No producer found for character: 0
10:17:16.260 [JavaFX Application Thread] DEBUG AssetLoader          - Loading from cache: /assets/textures/fire.png@100.0x80.0
10:17:16.260 [JavaFX Application Thread] WARN  FXGL.TextLevelParser - No producer found for character: 0
10:17:16.260 [JavaFX Application Thread] DEBUG GameWorld            - Clearing removable entities
10:17:16.262 [JavaFX Application Thread] DEBUG GameWorld            - Setting level: com.almasb.fxgl.entity.Level@4d8f7320
10:17:31.295 [JavaFX Application Thread] DEBUG GameApplication      - Exiting game application
10:17:31.296 [JavaFX Application Thread] DEBUG GameApplication      - Shutting down background threads
10:17:31.296 [JavaFX Application Thread] DEBUG GameApplication      - Exiting FXGL
10:17:31.296 [JavaFX Application Thread] DEBUG FXGL                 - Saving FXGL system data
10:17:31.299 [JavaFX Application Thread] DEBUG FS                   - Writing to: system\fxgl.bundle
10:17:31.303 [JavaFX Application Thread] DEBUG GameApplication      - Closing logger and exiting JavaFX
