12:56:22.700 [JavaFX Application Thread] DEBUG GameApplication      - Logger initialized
12:56:22.718 [JavaFX Application Thread] DEBUG GameApplication      - Logging settings
Title: Breakout
Version: 0.1
Width: 800
Height: 600
Fullscreen: false
Intro: false
Menus: false
Profiling: false
Single step:false
App Mode: DEVELOPER
Menu Key: ESCAPE
Stage Style: DECORATED
Scene Factory: class com.almasb.fxgl.scene.SceneFactory
Dialog Factory: class com.almasb.fxgl.ui.FXGLDialogFactory
UI Factory: class com.almasb.fxgl.ui.FXGLUIFactory
Notification Service: class com.almasb.fxgl.gameplay.notification.XboxNotificationView
Exception Handler: class com.almasb.fxgl.app.FXGLExceptionHandler
12:56:22.718 [JavaFX Application Thread] DEBUG GameApplication      - Starting FXGL
12:56:22.731 [JavaFX Application Thread] INFO  FXGL                 - FXGL-0.5.4 on DESKTOP
12:56:22.731 [JavaFX Application Thread] INFO  FXGL                 - Source code and latest versions at: https://github.com/AlmasB/FXGL
12:56:22.731 [JavaFX Application Thread] INFO  FXGL                 -              Join the FXGL chat at: https://gitter.im/AlmasB/FXGL
12:56:22.731 [JavaFX Application Thread] DEBUG FXGL                 - FXGL started
12:56:22.732 [JavaFX Application Thread] DEBUG FXGL                 - Initializing FXGL
12:56:22.774 [JavaFX Application Thread] DEBUG AssetLoader          - Loading from disk: /assets/ui/cursors/fxgl_default.png
12:56:22.855 [JavaFX Application Thread] DEBUG AssetLoader          - Loading from disk: /assets/ui/fonts/VarelaRound-Regular.ttf
12:56:23.068 [JavaFX Application Thread] DEBUG MainWindow           - Creating a JavaFX scene
12:56:23.100 [JavaFX Application Thread] DEBUG MainWindow           - Target settings size: 800.0 x 600.0
12:56:23.100 [JavaFX Application Thread] DEBUG MainWindow           - Scaled scene size:    800.0 x 600.0
12:56:23.101 [JavaFX Application Thread] DEBUG MainWindow           - Scaled ratio: (1.0, 1.0)
12:56:23.103 [JavaFX Application Thread] DEBUG AssetLoader          - Loading from disk: /assets/ui/css/fxgl_dark.css
12:56:23.106 [JavaFX Application Thread] DEBUG AssetLoader          - Loading from disk: /assets/textures/fxgl_icon.png
12:56:23.120 [JavaFX Application Thread] DEBUG MainWindow           - Opening main window
12:56:23.264 [JavaFX Application Thread] DEBUG MainWindow           - Window border size: (14.4000244140625, 37.5999755859375)
12:56:23.265 [JavaFX Application Thread] DEBUG MainWindow           - Scaled size: 800.0 x 600.0
12:56:23.265 [JavaFX Application Thread] DEBUG MainWindow           - Scaled ratio: (1.0, 1.0)
12:56:23.265 [JavaFX Application Thread] DEBUG MainWindow           - Scene size: 800.0 x 600.0
12:56:23.265 [JavaFX Application Thread] DEBUG MainWindow           - Stage size: 814.4000244140625 x 637.5999755859375
12:56:23.329 [ForkJoinPool.commonPool-worker-9] DEBUG FS                   - Loaded DesktopFSService
12:56:23.329 [ForkJoinPool.commonPool-worker-9] DEBUG FXGL                 - Loading FXGL system data
12:56:23.338 [ForkJoinPool.commonPool-worker-9] DEBUG DesktopFSService     - Reading from: system\fxgl.bundle
12:56:23.353 [ForkJoinPool.commonPool-worker-9] DEBUG Bundle               - Logging bundle: FXGL
12:56:23.354 [ForkJoinPool.commonPool-worker-9] DEBUG Bundle               - FXGL.offline.timer.version.check=2019-01-24T08:55:57.713219300
12:56:23.356 [ForkJoinPool.commonPool-worker-9] DEBUG FXGL                 - Initializing state machine and application states
12:56:23.358 [ForkJoinPool.commonPool-worker-9] DEBUG AssetLoader          - Loading from disk: /assets/ui/cursors/fxgl_default.png
12:56:23.370 [ForkJoinPool.commonPool-worker-9] DEBUG AssetLoader          - Loading from disk: /assets/ui/cursors/fxgl_default.png
12:56:23.378 [ForkJoinPool.commonPool-worker-9] DEBUG AssetLoader          - Loading from cache: /assets/ui/fonts/VarelaRound-Regular.ttf
12:56:23.382 [ForkJoinPool.commonPool-worker-9] DEBUG AssetLoader          - Loading from disk: /assets/ui/cursors/fxgl_default.png
12:56:23.390 [ForkJoinPool.commonPool-worker-9] DEBUG GameScene            - Game scene initialized: 800x600
12:56:23.398 [ForkJoinPool.commonPool-worker-9] DEBUG GameWorld            - Game world initialized
12:56:23.469 [ForkJoinPool.commonPool-worker-9] DEBUG PhysicsWorld         - Physics world initialized: appHeight=600, physics.ppm=50,0
12:56:23.495 [ForkJoinPool.commonPool-worker-9] DEBUG Input                - Registered new binding: Pause - Esc
12:56:23.570 [JavaFX Application Thread] DEBUG FXGL                 - Running preInit()
12:56:23.572 [JavaFX Application Thread] DEBUG Input                - Registered new binding: Screenshot - P
12:56:23.573 [JavaFX Application Thread] DEBUG Input                - Registered new binding: Dev Options - CTRL+0
12:56:23.573 [JavaFX Application Thread] DEBUG Input                - Registered new binding: System info dump - CTRL+9
12:56:23.574 [JavaFX Application Thread] DEBUG Input                - Registered new binding: Restart - CTRL+R
12:56:23.574 [JavaFX Application Thread] DEBUG Input                - Registered new binding: Move Left - A
12:56:23.574 [JavaFX Application Thread] DEBUG Input                - Registered new binding: Move Right - D
12:56:23.575 [JavaFX Application Thread] INFO  FXGL                 - FXGL initialization took: 0,844 sec
12:56:23.576 [JavaFX Application Thread] DEBUG LoopRunner           - Starting loop
12:56:23.577 [JavaFX Application Thread] DEBUG StartupState         - STARTUP
12:56:23.578 [JavaFX Application Thread] DEBUG GameApplication      - Starting new game
12:56:23.578 [JavaFX Application Thread] DEBUG Input                - Clearing active input actions
12:56:23.579 [JavaFX Application Thread] DEBUG AssetLoader          - Loading from disk: /assets/ui/css/fxgl_dark.css
12:56:23.589 [JavaFX Application Thread] DEBUG AppStateMachine      - StartupState -> LoadingState
12:56:23.593 [FXGL Background Thread 1 ] DEBUG InitAppTask          - Clearing previous game
12:56:23.593 [FXGL Background Thread 1 ] DEBUG GameWorld            - Clearing game world
12:56:23.593 [FXGL Background Thread 1 ] DEBUG PhysicsWorld         - Clearing physics world
12:56:23.594 [FXGL Background Thread 1 ] DEBUG GameScene            - Clearing game scene
12:56:23.595 [FXGL Background Thread 1 ] DEBUG InitAppTask          - Initializing Game
12:56:23.619 [FXGL Background Thread 1 ] DEBUG AssetLoader          - Loading from disk: /assets/text/levels/bricksballbar.txt
12:56:23.626 [FXGL Background Thread 1 ] WARN  TextLevelParser      - No producer found for character: 0
12:56:23.627 [FXGL Background Thread 1 ] WARN  TextLevelParser      - No producer found for character: 0
12:56:23.627 [FXGL Background Thread 1 ] WARN  TextLevelParser      - No producer found for character: 0
12:56:23.627 [FXGL Background Thread 1 ] WARN  TextLevelParser      - No producer found for character: 0
12:56:23.627 [FXGL Background Thread 1 ] WARN  TextLevelParser      - No producer found for character: 0
12:56:23.627 [FXGL Background Thread 1 ] WARN  TextLevelParser      - No producer found for character: 0
12:56:23.628 [FXGL Background Thread 1 ] WARN  TextLevelParser      - No producer found for character: 0
12:56:23.628 [FXGL Background Thread 1 ] WARN  TextLevelParser      - No producer found for character: 0
12:56:23.628 [FXGL Background Thread 1 ] WARN  TextLevelParser      - No producer found for character: 0
12:56:23.628 [FXGL Background Thread 1 ] WARN  TextLevelParser      - No producer found for character: 0
12:56:23.628 [FXGL Background Thread 1 ] WARN  TextLevelParser      - No producer found for character: 0
12:56:23.628 [FXGL Background Thread 1 ] WARN  TextLevelParser      - No producer found for character: 0
12:56:23.629 [FXGL Background Thread 1 ] WARN  TextLevelParser      - No producer found for character: 0
12:56:23.629 [FXGL Background Thread 1 ] WARN  TextLevelParser      - No producer found for character: 0
12:56:23.629 [FXGL Background Thread 1 ] WARN  TextLevelParser      - No producer found for character: 0
12:56:23.629 [FXGL Background Thread 1 ] WARN  TextLevelParser      - No producer found for character: 0
12:56:23.629 [FXGL Background Thread 1 ] WARN  TextLevelParser      - No producer found for character: 0
12:56:23.629 [FXGL Background Thread 1 ] WARN  TextLevelParser      - No producer found for character: 0
12:56:23.630 [FXGL Background Thread 1 ] WARN  TextLevelParser      - No producer found for character: 0
12:56:23.656 [FXGL Background Thread 1 ] DEBUG AssetLoader          - Loading from disk: /assets/textures/brick1.png
12:56:23.667 [FXGL Background Thread 1 ] WARN  TextLevelParser      - No producer found for character: 0
12:56:23.667 [FXGL Background Thread 1 ] DEBUG AssetLoader          - Loading from cache: /assets/textures/brick1.png
12:56:23.669 [FXGL Background Thread 1 ] WARN  TextLevelParser      - No producer found for character: 0
12:56:23.669 [FXGL Background Thread 1 ] DEBUG AssetLoader          - Loading from cache: /assets/textures/brick1.png
12:56:23.670 [FXGL Background Thread 1 ] WARN  TextLevelParser      - No producer found for character: 0
12:56:23.671 [FXGL Background Thread 1 ] DEBUG AssetLoader          - Loading from cache: /assets/textures/brick1.png
12:56:23.672 [FXGL Background Thread 1 ] WARN  TextLevelParser      - No producer found for character: 0
12:56:23.673 [FXGL Background Thread 1 ] DEBUG AssetLoader          - Loading from cache: /assets/textures/brick1.png
12:56:23.674 [FXGL Background Thread 1 ] WARN  TextLevelParser      - No producer found for character: 0
12:56:23.674 [FXGL Background Thread 1 ] DEBUG AssetLoader          - Loading from cache: /assets/textures/brick1.png
12:56:23.675 [FXGL Background Thread 1 ] WARN  TextLevelParser      - No producer found for character: 0
12:56:23.676 [FXGL Background Thread 1 ] DEBUG AssetLoader          - Loading from cache: /assets/textures/brick1.png
12:56:23.677 [FXGL Background Thread 1 ] WARN  TextLevelParser      - No producer found for character: 0
12:56:23.677 [FXGL Background Thread 1 ] DEBUG AssetLoader          - Loading from cache: /assets/textures/brick1.png
12:56:23.678 [FXGL Background Thread 1 ] WARN  TextLevelParser      - No producer found for character: 0
12:56:23.679 [FXGL Background Thread 1 ] DEBUG AssetLoader          - Loading from cache: /assets/textures/brick1.png
12:56:23.680 [FXGL Background Thread 1 ] WARN  TextLevelParser      - No producer found for character: 0
12:56:23.680 [FXGL Background Thread 1 ] DEBUG AssetLoader          - Loading from cache: /assets/textures/brick1.png
12:56:23.681 [FXGL Background Thread 1 ] WARN  TextLevelParser      - No producer found for character: 0
12:56:23.682 [FXGL Background Thread 1 ] WARN  TextLevelParser      - No producer found for character: 0
12:56:23.682 [FXGL Background Thread 1 ] WARN  TextLevelParser      - No producer found for character: 0
12:56:23.682 [FXGL Background Thread 1 ] WARN  TextLevelParser      - No producer found for character: 0
12:56:23.682 [FXGL Background Thread 1 ] WARN  TextLevelParser      - No producer found for character: 0
12:56:23.682 [FXGL Background Thread 1 ] WARN  TextLevelParser      - No producer found for character: 0
12:56:23.682 [FXGL Background Thread 1 ] WARN  TextLevelParser      - No producer found for character: 0
12:56:23.682 [FXGL Background Thread 1 ] WARN  TextLevelParser      - No producer found for character: 0
12:56:23.683 [FXGL Background Thread 1 ] WARN  TextLevelParser      - No producer found for character: 0
12:56:23.683 [FXGL Background Thread 1 ] WARN  TextLevelParser      - No producer found for character: 0
12:56:23.683 [FXGL Background Thread 1 ] WARN  TextLevelParser      - No producer found for character: 0
12:56:23.684 [FXGL Background Thread 1 ] WARN  TextLevelParser      - No producer found for character: 0
12:56:23.684 [FXGL Background Thread 1 ] WARN  TextLevelParser      - No producer found for character: 0
12:56:23.684 [FXGL Background Thread 1 ] WARN  TextLevelParser      - No producer found for character: 0
12:56:23.684 [FXGL Background Thread 1 ] WARN  TextLevelParser      - No producer found for character: 0
12:56:23.684 [FXGL Background Thread 1 ] WARN  TextLevelParser      - No producer found for character: 0
12:56:23.685 [FXGL Background Thread 1 ] WARN  TextLevelParser      - No producer found for character: 0
12:56:23.685 [FXGL Background Thread 1 ] WARN  TextLevelParser      - No producer found for character: 0
12:56:23.686 [FXGL Background Thread 1 ] WARN  TextLevelParser      - No producer found for character: 0
12:56:23.686 [FXGL Background Thread 1 ] WARN  TextLevelParser      - No producer found for character: 0
12:56:23.686 [FXGL Background Thread 1 ] WARN  TextLevelParser      - No producer found for character: 0
12:56:23.686 [FXGL Background Thread 1 ] WARN  TextLevelParser      - No producer found for character: 0
12:56:23.686 [FXGL Background Thread 1 ] WARN  TextLevelParser      - No producer found for character: 0
12:56:23.686 [FXGL Background Thread 1 ] WARN  TextLevelParser      - No producer found for character: 0
12:56:23.686 [FXGL Background Thread 1 ] WARN  TextLevelParser      - No producer found for character: 0
12:56:23.687 [FXGL Background Thread 1 ] WARN  TextLevelParser      - No producer found for character: 0
12:56:23.687 [FXGL Background Thread 1 ] WARN  TextLevelParser      - No producer found for character: 0
12:56:23.687 [FXGL Background Thread 1 ] WARN  TextLevelParser      - No producer found for character: 0
12:56:23.687 [FXGL Background Thread 1 ] WARN  TextLevelParser      - No producer found for character: 0
12:56:23.687 [FXGL Background Thread 1 ] WARN  TextLevelParser      - No producer found for character: 0
12:56:23.687 [FXGL Background Thread 1 ] WARN  TextLevelParser      - No producer found for character: 0
12:56:23.688 [FXGL Background Thread 1 ] WARN  TextLevelParser      - No producer found for character: 0
12:56:23.688 [FXGL Background Thread 1 ] WARN  TextLevelParser      - No producer found for character: 0
12:56:23.688 [FXGL Background Thread 1 ] WARN  TextLevelParser      - No producer found for character: 0
12:56:23.688 [FXGL Background Thread 1 ] WARN  TextLevelParser      - No producer found for character: 0
12:56:23.688 [FXGL Background Thread 1 ] WARN  TextLevelParser      - No producer found for character: 0
12:56:23.689 [FXGL Background Thread 1 ] WARN  TextLevelParser      - No producer found for character: 0
12:56:23.689 [FXGL Background Thread 1 ] WARN  TextLevelParser      - No producer found for character: 0
12:56:23.689 [FXGL Background Thread 1 ] WARN  TextLevelParser      - No producer found for character: 0
12:56:23.689 [FXGL Background Thread 1 ] WARN  TextLevelParser      - No producer found for character: 0
12:56:23.689 [FXGL Background Thread 1 ] WARN  TextLevelParser      - No producer found for character: 0
12:56:23.689 [FXGL Background Thread 1 ] WARN  TextLevelParser      - No producer found for character: 0
12:56:23.689 [FXGL Background Thread 1 ] WARN  TextLevelParser      - No producer found for character: 0
12:56:23.690 [FXGL Background Thread 1 ] WARN  TextLevelParser      - No producer found for character: 0
12:56:23.690 [FXGL Background Thread 1 ] WARN  TextLevelParser      - No producer found for character: 0
12:56:23.690 [FXGL Background Thread 1 ] WARN  TextLevelParser      - No producer found for character: 0
12:56:23.690 [FXGL Background Thread 1 ] WARN  TextLevelParser      - No producer found for character: 0
12:56:23.690 [FXGL Background Thread 1 ] WARN  TextLevelParser      - No producer found for character: 0
12:56:23.691 [FXGL Background Thread 1 ] WARN  TextLevelParser      - No producer found for character: 0
12:56:23.691 [FXGL Background Thread 1 ] WARN  TextLevelParser      - No producer found for character: 0
12:56:23.691 [FXGL Background Thread 1 ] WARN  TextLevelParser      - No producer found for character: 0
12:56:23.691 [FXGL Background Thread 1 ] WARN  TextLevelParser      - No producer found for character: 0
12:56:23.691 [FXGL Background Thread 1 ] WARN  TextLevelParser      - No producer found for character: 0
12:56:23.692 [FXGL Background Thread 1 ] WARN  TextLevelParser      - No producer found for character: 0
12:56:23.692 [FXGL Background Thread 1 ] WARN  TextLevelParser      - No producer found for character: 0
12:56:23.692 [FXGL Background Thread 1 ] WARN  TextLevelParser      - No producer found for character: 0
12:56:23.692 [FXGL Background Thread 1 ] WARN  TextLevelParser      - No producer found for character: 0
12:56:23.692 [FXGL Background Thread 1 ] WARN  TextLevelParser      - No producer found for character: 0
12:56:23.692 [FXGL Background Thread 1 ] WARN  TextLevelParser      - No producer found for character: 0
12:56:23.693 [FXGL Background Thread 1 ] WARN  TextLevelParser      - No producer found for character: 0
12:56:23.693 [FXGL Background Thread 1 ] WARN  TextLevelParser      - No producer found for character: 0
12:56:23.693 [FXGL Background Thread 1 ] WARN  TextLevelParser      - No producer found for character: 0
12:56:23.693 [FXGL Background Thread 1 ] WARN  TextLevelParser      - No producer found for character: 0
12:56:23.693 [FXGL Background Thread 1 ] WARN  TextLevelParser      - No producer found for character: 0
12:56:23.693 [FXGL Background Thread 1 ] WARN  TextLevelParser      - No producer found for character: 0
12:56:23.693 [FXGL Background Thread 1 ] WARN  TextLevelParser      - No producer found for character: 0
12:56:23.694 [FXGL Background Thread 1 ] WARN  TextLevelParser      - No producer found for character: 0
12:56:23.694 [FXGL Background Thread 1 ] WARN  TextLevelParser      - No producer found for character: 0
12:56:23.694 [FXGL Background Thread 1 ] WARN  TextLevelParser      - No producer found for character: 0
12:56:23.694 [FXGL Background Thread 1 ] WARN  TextLevelParser      - No producer found for character: 0
12:56:23.694 [FXGL Background Thread 1 ] WARN  TextLevelParser      - No producer found for character: 0
12:56:23.694 [FXGL Background Thread 1 ] WARN  TextLevelParser      - No producer found for character: 0
12:56:23.695 [FXGL Background Thread 1 ] WARN  TextLevelParser      - No producer found for character: 0
12:56:23.695 [FXGL Background Thread 1 ] WARN  TextLevelParser      - No producer found for character: 0
12:56:23.695 [FXGL Background Thread 1 ] WARN  TextLevelParser      - No producer found for character: 0
12:56:23.696 [FXGL Background Thread 1 ] WARN  TextLevelParser      - No producer found for character: 0
12:56:23.696 [FXGL Background Thread 1 ] WARN  TextLevelParser      - No producer found for character: 0
12:56:23.696 [FXGL Background Thread 1 ] WARN  TextLevelParser      - No producer found for character: 0
12:56:23.696 [FXGL Background Thread 1 ] WARN  TextLevelParser      - No producer found for character: 0
12:56:23.696 [FXGL Background Thread 1 ] WARN  TextLevelParser      - No producer found for character: 0
12:56:23.697 [FXGL Background Thread 1 ] WARN  TextLevelParser      - No producer found for character: 0
12:56:23.697 [FXGL Background Thread 1 ] WARN  TextLevelParser      - No producer found for character: 0
12:56:23.697 [FXGL Background Thread 1 ] WARN  TextLevelParser      - No producer found for character: 0
12:56:23.697 [FXGL Background Thread 1 ] WARN  TextLevelParser      - No producer found for character: 0
12:56:23.697 [FXGL Background Thread 1 ] WARN  TextLevelParser      - No producer found for character: 0
12:56:23.703 [FXGL Background Thread 1 ] DEBUG AssetLoader          - Loading from disk: /assets/textures/Ball.png
12:56:23.705 [FXGL Background Thread 1 ] WARN  TextLevelParser      - No producer found for character: 0
12:56:23.705 [FXGL Background Thread 1 ] WARN  TextLevelParser      - No producer found for character: 0
12:56:23.705 [FXGL Background Thread 1 ] WARN  TextLevelParser      - No producer found for character: 0
12:56:23.705 [FXGL Background Thread 1 ] WARN  TextLevelParser      - No producer found for character: 0
12:56:23.705 [FXGL Background Thread 1 ] WARN  TextLevelParser      - No producer found for character: 0
12:56:23.705 [FXGL Background Thread 1 ] WARN  TextLevelParser      - No producer found for character: 0
12:56:23.705 [FXGL Background Thread 1 ] WARN  TextLevelParser      - No producer found for character: 0
12:56:23.705 [FXGL Background Thread 1 ] WARN  TextLevelParser      - No producer found for character: 0
12:56:23.706 [FXGL Background Thread 1 ] WARN  TextLevelParser      - No producer found for character: 0
12:56:23.706 [FXGL Background Thread 1 ] WARN  TextLevelParser      - No producer found for character: 0
12:56:23.706 [FXGL Background Thread 1 ] WARN  TextLevelParser      - No producer found for character: 0
12:56:23.706 [FXGL Background Thread 1 ] WARN  TextLevelParser      - No producer found for character: 0
12:56:23.706 [FXGL Background Thread 1 ] WARN  TextLevelParser      - No producer found for character: 0
12:56:23.706 [FXGL Background Thread 1 ] WARN  TextLevelParser      - No producer found for character: 0
12:56:23.706 [FXGL Background Thread 1 ] WARN  TextLevelParser      - No producer found for character: 0
12:56:23.707 [FXGL Background Thread 1 ] WARN  TextLevelParser      - No producer found for character: 0
12:56:23.707 [FXGL Background Thread 1 ] WARN  TextLevelParser      - No producer found for character: 0
12:56:23.707 [FXGL Background Thread 1 ] WARN  TextLevelParser      - No producer found for character: 0
12:56:23.707 [FXGL Background Thread 1 ] WARN  TextLevelParser      - No producer found for character: 0
12:56:23.707 [FXGL Background Thread 1 ] WARN  TextLevelParser      - No producer found for character: 0
12:56:23.707 [FXGL Background Thread 1 ] WARN  TextLevelParser      - No producer found for character: 0
12:56:23.708 [FXGL Background Thread 1 ] WARN  TextLevelParser      - No producer found for character: 0
12:56:23.708 [FXGL Background Thread 1 ] WARN  TextLevelParser      - No producer found for character: 0
12:56:23.708 [FXGL Background Thread 1 ] WARN  TextLevelParser      - No producer found for character: 0
12:56:23.708 [FXGL Background Thread 1 ] WARN  TextLevelParser      - No producer found for character: 0
12:56:23.708 [FXGL Background Thread 1 ] WARN  TextLevelParser      - No producer found for character: 0
12:56:23.708 [FXGL Background Thread 1 ] WARN  TextLevelParser      - No producer found for character: 0
12:56:23.708 [FXGL Background Thread 1 ] WARN  TextLevelParser      - No producer found for character: 0
12:56:23.708 [FXGL Background Thread 1 ] WARN  TextLevelParser      - No producer found for character: 0
12:56:23.708 [FXGL Background Thread 1 ] WARN  TextLevelParser      - No producer found for character: 0
12:56:23.709 [FXGL Background Thread 1 ] WARN  TextLevelParser      - No producer found for character: 0
12:56:23.709 [FXGL Background Thread 1 ] WARN  TextLevelParser      - No producer found for character: 0
12:56:23.709 [FXGL Background Thread 1 ] WARN  TextLevelParser      - No producer found for character: 0
12:56:23.709 [FXGL Background Thread 1 ] WARN  TextLevelParser      - No producer found for character: 0
12:56:23.709 [FXGL Background Thread 1 ] WARN  TextLevelParser      - No producer found for character: 0
12:56:23.709 [FXGL Background Thread 1 ] WARN  TextLevelParser      - No producer found for character: 0
12:56:23.709 [FXGL Background Thread 1 ] WARN  TextLevelParser      - No producer found for character: 0
12:56:23.710 [FXGL Background Thread 1 ] WARN  TextLevelParser      - No producer found for character: 0
12:56:23.710 [FXGL Background Thread 1 ] WARN  TextLevelParser      - No producer found for character: 0
12:56:23.710 [FXGL Background Thread 1 ] WARN  TextLevelParser      - No producer found for character: 0
12:56:23.710 [FXGL Background Thread 1 ] WARN  TextLevelParser      - No producer found for character: 0
12:56:23.710 [FXGL Background Thread 1 ] WARN  TextLevelParser      - No producer found for character: 0
12:56:23.710 [FXGL Background Thread 1 ] WARN  TextLevelParser      - No producer found for character: 0
12:56:23.710 [FXGL Background Thread 1 ] WARN  TextLevelParser      - No producer found for character: 0
12:56:23.710 [FXGL Background Thread 1 ] WARN  TextLevelParser      - No producer found for character: 0
12:56:23.710 [FXGL Background Thread 1 ] WARN  TextLevelParser      - No producer found for character: 0
12:56:23.711 [FXGL Background Thread 1 ] WARN  TextLevelParser      - No producer found for character: 0
12:56:23.711 [FXGL Background Thread 1 ] WARN  TextLevelParser      - No producer found for character: 0
12:56:23.711 [FXGL Background Thread 1 ] WARN  TextLevelParser      - No producer found for character: 0
12:56:23.711 [FXGL Background Thread 1 ] WARN  TextLevelParser      - No producer found for character: 0
12:56:23.711 [FXGL Background Thread 1 ] WARN  TextLevelParser      - No producer found for character: 0
12:56:23.711 [FXGL Background Thread 1 ] WARN  TextLevelParser      - No producer found for character: 0
12:56:23.711 [FXGL Background Thread 1 ] WARN  TextLevelParser      - No producer found for character: 0
12:56:23.712 [FXGL Background Thread 1 ] WARN  TextLevelParser      - No producer found for character: 0
12:56:23.712 [FXGL Background Thread 1 ] WARN  TextLevelParser      - No producer found for character: 0
12:56:23.712 [FXGL Background Thread 1 ] WARN  TextLevelParser      - No producer found for character: 0
12:56:23.712 [FXGL Background Thread 1 ] WARN  TextLevelParser      - No producer found for character: 0
12:56:23.712 [FXGL Background Thread 1 ] WARN  TextLevelParser      - No producer found for character: 0
12:56:23.713 [FXGL Background Thread 1 ] WARN  TextLevelParser      - No producer found for character: 0
12:56:23.713 [FXGL Background Thread 1 ] WARN  TextLevelParser      - No producer found for character: 0
12:56:23.713 [FXGL Background Thread 1 ] WARN  TextLevelParser      - No producer found for character: 0
12:56:23.713 [FXGL Background Thread 1 ] WARN  TextLevelParser      - No producer found for character: 0
12:56:23.713 [FXGL Background Thread 1 ] WARN  TextLevelParser      - No producer found for character: 0
12:56:23.713 [FXGL Background Thread 1 ] WARN  TextLevelParser      - No producer found for character: 0
12:56:23.713 [FXGL Background Thread 1 ] WARN  TextLevelParser      - No producer found for character: 0
12:56:23.713 [FXGL Background Thread 1 ] WARN  TextLevelParser      - No producer found for character: 0
12:56:23.714 [FXGL Background Thread 1 ] WARN  TextLevelParser      - No producer found for character: 0
12:56:23.714 [FXGL Background Thread 1 ] WARN  TextLevelParser      - No producer found for character: 0
12:56:23.714 [FXGL Background Thread 1 ] WARN  TextLevelParser      - No producer found for character: 0
12:56:23.714 [FXGL Background Thread 1 ] WARN  TextLevelParser      - No producer found for character: 0
12:56:23.714 [FXGL Background Thread 1 ] WARN  TextLevelParser      - No producer found for character: 0
12:56:23.714 [FXGL Background Thread 1 ] WARN  TextLevelParser      - No producer found for character: 0
12:56:23.714 [FXGL Background Thread 1 ] WARN  TextLevelParser      - No producer found for character: 0
12:56:23.714 [FXGL Background Thread 1 ] WARN  TextLevelParser      - No producer found for character: 0
12:56:23.714 [FXGL Background Thread 1 ] WARN  TextLevelParser      - No producer found for character: 0
12:56:23.715 [FXGL Background Thread 1 ] WARN  TextLevelParser      - No producer found for character: 0
12:56:23.715 [FXGL Background Thread 1 ] WARN  TextLevelParser      - No producer found for character: 0
12:56:23.715 [FXGL Background Thread 1 ] WARN  TextLevelParser      - No producer found for character: 0
12:56:23.715 [FXGL Background Thread 1 ] WARN  TextLevelParser      - No producer found for character: 0
12:56:23.715 [FXGL Background Thread 1 ] WARN  TextLevelParser      - No producer found for character: 0
12:56:23.715 [FXGL Background Thread 1 ] WARN  TextLevelParser      - No producer found for character: 0
12:56:23.715 [FXGL Background Thread 1 ] WARN  TextLevelParser      - No producer found for character: 0
12:56:23.715 [FXGL Background Thread 1 ] WARN  TextLevelParser      - No producer found for character: 0
12:56:23.715 [FXGL Background Thread 1 ] WARN  TextLevelParser      - No producer found for character: 0
12:56:23.715 [FXGL Background Thread 1 ] WARN  TextLevelParser      - No producer found for character: 0
12:56:23.716 [FXGL Background Thread 1 ] WARN  TextLevelParser      - No producer found for character: 0
12:56:23.716 [FXGL Background Thread 1 ] WARN  TextLevelParser      - No producer found for character: 0
12:56:23.716 [FXGL Background Thread 1 ] WARN  TextLevelParser      - No producer found for character: 0
12:56:23.716 [FXGL Background Thread 1 ] WARN  TextLevelParser      - No producer found for character: 0
12:56:23.716 [FXGL Background Thread 1 ] WARN  TextLevelParser      - No producer found for character: 0
12:56:23.716 [FXGL Background Thread 1 ] WARN  TextLevelParser      - No producer found for character: 0
12:56:23.716 [FXGL Background Thread 1 ] WARN  TextLevelParser      - No producer found for character: 0
12:56:23.716 [FXGL Background Thread 1 ] WARN  TextLevelParser      - No producer found for character: 0
12:56:23.716 [FXGL Background Thread 1 ] WARN  TextLevelParser      - No producer found for character: 0
12:56:23.717 [FXGL Background Thread 1 ] WARN  TextLevelParser      - No producer found for character: 0
12:56:23.717 [FXGL Background Thread 1 ] WARN  TextLevelParser      - No producer found for character: 0
12:56:23.717 [FXGL Background Thread 1 ] WARN  TextLevelParser      - No producer found for character: 0
12:56:23.717 [FXGL Background Thread 1 ] WARN  TextLevelParser      - No producer found for character: 0
12:56:23.717 [FXGL Background Thread 1 ] WARN  TextLevelParser      - No producer found for character: 0
12:56:23.717 [FXGL Background Thread 1 ] WARN  TextLevelParser      - No producer found for character: 0
12:56:23.717 [FXGL Background Thread 1 ] WARN  TextLevelParser      - No producer found for character: 0
12:56:23.717 [FXGL Background Thread 1 ] WARN  TextLevelParser      - No producer found for character: 0
12:56:23.717 [FXGL Background Thread 1 ] WARN  TextLevelParser      - No producer found for character: 0
12:56:23.717 [FXGL Background Thread 1 ] WARN  TextLevelParser      - No producer found for character: 0
12:56:23.718 [FXGL Background Thread 1 ] WARN  TextLevelParser      - No producer found for character: 0
12:56:23.718 [FXGL Background Thread 1 ] WARN  TextLevelParser      - No producer found for character: 0
12:56:23.718 [FXGL Background Thread 1 ] WARN  TextLevelParser      - No producer found for character: 0
12:56:23.718 [FXGL Background Thread 1 ] WARN  TextLevelParser      - No producer found for character: 0
12:56:23.718 [FXGL Background Thread 1 ] WARN  TextLevelParser      - No producer found for character: 0
12:56:23.718 [FXGL Background Thread 1 ] WARN  TextLevelParser      - No producer found for character: 0
12:56:23.718 [FXGL Background Thread 1 ] WARN  TextLevelParser      - No producer found for character: 0
12:56:23.718 [FXGL Background Thread 1 ] WARN  TextLevelParser      - No producer found for character: 0
12:56:23.718 [FXGL Background Thread 1 ] WARN  TextLevelParser      - No producer found for character: 0
12:56:23.719 [FXGL Background Thread 1 ] DEBUG AssetLoader          - Loading from disk: /assets/textures/bar.png
12:56:23.722 [FXGL Background Thread 1 ] WARN  TextLevelParser      - No producer found for character: 0
12:56:23.722 [FXGL Background Thread 1 ] WARN  TextLevelParser      - No producer found for character: 0
12:56:23.722 [FXGL Background Thread 1 ] WARN  TextLevelParser      - No producer found for character: 0
12:56:23.722 [FXGL Background Thread 1 ] WARN  TextLevelParser      - No producer found for character: 0
12:56:23.722 [FXGL Background Thread 1 ] WARN  TextLevelParser      - No producer found for character: 0
12:56:23.722 [FXGL Background Thread 1 ] WARN  TextLevelParser      - No producer found for character: 0
12:56:23.723 [FXGL Background Thread 1 ] WARN  TextLevelParser      - No producer found for character: 0
12:56:23.723 [FXGL Background Thread 1 ] WARN  TextLevelParser      - No producer found for character: 0
12:56:23.723 [FXGL Background Thread 1 ] WARN  TextLevelParser      - No producer found for character: 0
12:56:23.723 [FXGL Background Thread 1 ] WARN  TextLevelParser      - No producer found for character: 0
12:56:23.723 [FXGL Background Thread 1 ] WARN  TextLevelParser      - No producer found for character: 0
12:56:23.723 [FXGL Background Thread 1 ] WARN  TextLevelParser      - No producer found for character: 0
12:56:23.723 [FXGL Background Thread 1 ] WARN  TextLevelParser      - No producer found for character: 0
12:56:23.723 [FXGL Background Thread 1 ] WARN  TextLevelParser      - No producer found for character: 0
12:56:23.723 [FXGL Background Thread 1 ] WARN  TextLevelParser      - No producer found for character: 0
12:56:23.723 [FXGL Background Thread 1 ] WARN  TextLevelParser      - No producer found for character: 0
12:56:23.724 [FXGL Background Thread 1 ] WARN  TextLevelParser      - No producer found for character: 0
12:56:23.724 [FXGL Background Thread 1 ] WARN  TextLevelParser      - No producer found for character: 0
12:56:23.725 [FXGL Background Thread 1 ] WARN  TextLevelParser      - No producer found for character: 0
12:56:23.725 [FXGL Background Thread 1 ] WARN  TextLevelParser      - No producer found for character: 0
12:56:23.725 [FXGL Background Thread 1 ] WARN  TextLevelParser      - No producer found for character: 0
12:56:23.725 [FXGL Background Thread 1 ] WARN  TextLevelParser      - No producer found for character: 0
12:56:23.725 [FXGL Background Thread 1 ] WARN  TextLevelParser      - No producer found for character: 0
12:56:23.725 [FXGL Background Thread 1 ] WARN  TextLevelParser      - No producer found for character: 0
12:56:23.726 [FXGL Background Thread 1 ] WARN  TextLevelParser      - No producer found for character: 0
12:56:23.726 [FXGL Background Thread 1 ] WARN  TextLevelParser      - No producer found for character: 0
12:56:23.726 [FXGL Background Thread 1 ] WARN  TextLevelParser      - No producer found for character: 0
12:56:23.726 [FXGL Background Thread 1 ] WARN  TextLevelParser      - No producer found for character: 0
12:56:23.727 [FXGL Background Thread 1 ] DEBUG GameWorld            - Clearing removable entities
12:56:23.727 [FXGL Background Thread 1 ] DEBUG GameWorld            - Setting level: com.almasb.fxgl.entity.Level@433fe066
12:56:23.759 [FXGL Background Thread 1 ] DEBUG GameScene            - Creating render group for layer: DEFAULT(100000)
12:56:23.764 [FXGL Background Thread 1 ] DEBUG InitAppTask          - Initializing Physics
12:56:23.765 [FXGL Background Thread 1 ] DEBUG InitAppTask          - Initializing UI
12:56:23.765 [FXGL Background Thread 1 ] DEBUG AssetLoader          - Loading from cache: /assets/ui/fonts/VarelaRound-Regular.ttf
12:56:23.768 [FXGL Background Thread 1 ] DEBUG InitAppTask          - Initialization Complete
12:56:23.769 [FXGL Background Thread 1 ] INFO  InitAppTask          - Game initialization took: 0,176 sec
12:56:23.778 [JavaFX Application Thread] DEBUG Input                - Clearing active input actions
12:56:23.778 [JavaFX Application Thread] DEBUG AssetLoader          - Loading from disk: /assets/ui/css/fxgl_dark.css
12:56:23.791 [JavaFX Application Thread] DEBUG AppStateMachine      - LoadingState -> PlayState
12:56:26.940 [JavaFX Application Thread] DEBUG FXGL                 - Exiting FXGL
12:56:26.940 [JavaFX Application Thread] DEBUG FXGL                 - Shutting down background threads
12:56:26.940 [JavaFX Application Thread] DEBUG FXGL                 - Saving FXGL system data
12:56:26.944 [JavaFX Application Thread] DEBUG DesktopFSService     - Writing to: system\fxgl.bundle
12:56:26.947 [JavaFX Application Thread] DEBUG FXGL                 - Closing logger and exiting JavaFX
