13:03:18.726 [JavaFX Application Thread] DEBUG GameApplication      - Logger initialized
13:03:18.744 [JavaFX Application Thread] DEBUG MainWindow           - Creating a JavaFX scene
13:03:18.853 [JavaFX Application Thread] DEBUG MainWindow           - Target settings size: 800.0 x 600.0
13:03:18.853 [JavaFX Application Thread] DEBUG MainWindow           - Scaled scene size:    800.0 x 600.0
13:03:18.853 [JavaFX Application Thread] DEBUG MainWindow           - Scaled ratio: (1.0, 1.0)
13:03:18.857 [JavaFX Application Thread] DEBUG GameApplication      - Starting FXGL
13:03:18.874 [FXGL Launcher Thread     ] INFO  FXGL                 - FXGL-0.5.0 on DESKTOP
13:03:18.875 [FXGL Launcher Thread     ] INFO  FXGL                 - Source code and latest versions at: https://github.com/AlmasB/FXGL
13:03:18.875 [FXGL Launcher Thread     ] INFO  FXGL                 -              Join the FXGL chat at: https://gitter.im/AlmasB/FXGL
13:03:18.879 [FXGL Launcher Thread     ] DEBUG FXGL                 - Loading FXGL system data
13:03:18.890 [FXGL Launcher Thread     ] DEBUG FS                   - Reading from: system\fxgl.bundle
13:03:18.900 [FXGL Launcher Thread     ] DEBUG Bundle               - Logging bundle: FXGL
13:03:18.900 [FXGL Launcher Thread     ] DEBUG Bundle               - FXGL.offline.timer.version.check=2019-01-24T08:55:57.713219300
13:03:18.929 [FXGL Launcher Thread     ] DEBUG GameApplication      - FXGL started
13:03:18.929 [FXGL Launcher Thread     ] DEBUG GameApplication      - Logging game settings
Title: Breakout
Version: 0.1
Width: 800
Height: 600
Fullscreen: false
Intro: false
Menus: false
Profiling: false
Single step:false
App Mode: DEVELOPER
Menu Key: ESCAPE
Stage Style: DECORATED
Scene Factory: class com.almasb.fxgl.scene.SceneFactory
Dialog Factory: class com.almasb.fxgl.ui.FXGLDialogFactory
UI Factory: class com.almasb.fxgl.ui.FXGLUIFactory
Notification Service: class com.almasb.fxgl.gameplay.notification.XboxNotificationView
Exception Handler: class com.almasb.fxgl.app.FXGLExceptionHandler
13:03:18.930 [FXGL Launcher Thread     ] DEBUG GameApplication      - Configuring GameApplication
13:03:18.931 [FXGL Launcher Thread     ] DEBUG GameApplication      - Initializing state machine and application states
13:03:18.947 [FXGL Launcher Thread     ] DEBUG AssetLoader          - Loading from disk: /assets/ui/cursors/fxgl_default.png
13:03:18.963 [FXGL Launcher Thread     ] DEBUG AssetLoader          - Loading from disk: /assets/ui/cursors/fxgl_default.png
13:03:18.985 [FXGL Launcher Thread     ] DEBUG FXGLAssets           - Loading FXGLAssets
13:03:19.013 [FXGL Launcher Thread     ] DEBUG AssetLoader          - Loading from disk: /assets/ui/fonts/VarelaRound-Regular.ttf
13:03:19.196 [FXGL Launcher Thread     ] DEBUG AssetLoader          - Loading from disk: /assets/ui/fonts/lucida_console.ttf
13:03:19.200 [FXGL Launcher Thread     ] DEBUG AssetLoader          - Loading from disk: /assets/ui/css/fxgl_dark.css
13:03:19.201 [FXGL Launcher Thread     ] DEBUG AssetLoader          - Loading from disk: /assets/ui/icons/fxgl_icon.png
13:03:19.242 [FXGL Launcher Thread     ] DEBUG AssetLoader          - Loading from disk: /assets/ui/cursors/fxgl_default.png
13:03:19.250 [FXGL Launcher Thread     ] DEBUG AssetLoader          - Loading from disk: /assets/ui/cursors/fxgl_default.png
13:03:19.275 [FXGL Launcher Thread     ] DEBUG GameScene            - Game scene initialized: 800x600
13:03:19.289 [FXGL Launcher Thread     ] DEBUG GameWorld            - Game world initialized
13:03:19.378 [FXGL Launcher Thread     ] DEBUG PhysicsWorld         - Physics world initialized: appHeight=600, physics.ppm=50,0
13:03:19.399 [FXGL Launcher Thread     ] DEBUG Input                - Registered new binding: Pause - Esc
13:03:19.420 [FXGL Launcher Thread     ] DEBUG Input                - Clearing active input actions
13:03:19.481 [FXGL Launcher Thread     ] DEBUG AppStateMachine      - StartupState -> StartupState
13:03:19.489 [FXGL Launcher Thread     ] INFO  GameApplication      - Game configuration took:  0,559 sec
13:03:19.493 [JavaFX Application Thread] DEBUG MainWindow           - Opening main window
13:03:19.586 [JavaFX Application Thread] DEBUG MainWindow           - Window border size: (14.4000244140625, 37.5999755859375)
13:03:19.586 [JavaFX Application Thread] DEBUG MainWindow           - Scaled size: 800.0 x 600.0
13:03:19.586 [JavaFX Application Thread] DEBUG MainWindow           - Scaled ratio: (1.0, 1.0)
13:03:19.586 [JavaFX Application Thread] DEBUG MainWindow           - Scene size: 800.0 x 600.0
13:03:19.586 [JavaFX Application Thread] DEBUG MainWindow           - Stage size: 814.4000244140625 x 637.5999755859375
13:03:19.586 [JavaFX Application Thread] DEBUG GameApplication      - Running preInit()
13:03:19.588 [JavaFX Application Thread] DEBUG Input                - Registered new binding: Screenshot - P
13:03:19.589 [JavaFX Application Thread] DEBUG Input                - Registered new binding: Dev Options - CTRL+0
13:03:19.589 [JavaFX Application Thread] DEBUG Input                - Registered new binding: System info dump - CTRL+9
13:03:19.590 [JavaFX Application Thread] DEBUG Input                - Registered new binding: Restart - CTRL+R
13:03:19.590 [JavaFX Application Thread] DEBUG Input                - Registered new binding: Move Left - A
13:03:19.590 [JavaFX Application Thread] DEBUG Input                - Registered new binding: Move Right - D
13:03:19.611 [JavaFX Application Thread] DEBUG GameApplication      - Starting main loop
13:03:19.613 [JavaFX Application Thread] DEBUG StartupState         - STARTUP
13:03:19.613 [JavaFX Application Thread] DEBUG GameApplication      - Starting new game
13:03:19.614 [JavaFX Application Thread] DEBUG Input                - Clearing active input actions
13:03:19.624 [JavaFX Application Thread] DEBUG AppStateMachine      - StartupState -> LoadingState
13:03:19.627 [FXGL Background Thread 1 ] DEBUG InitAppTask          - Clearing previous game
13:03:19.627 [FXGL Background Thread 1 ] DEBUG GameWorld            - Clearing game world
13:03:19.627 [FXGL Background Thread 1 ] DEBUG PhysicsWorld         - Clearing physics world
13:03:19.627 [FXGL Background Thread 1 ] DEBUG GameScene            - Clearing game scene
13:03:19.628 [FXGL Background Thread 1 ] DEBUG InitAppTask          - Initializing Game
13:03:19.669 [FXGL Background Thread 1 ] DEBUG AssetLoader          - Loading from disk: /assets/text/levels/bricksballbar.txt
13:03:19.671 [FXGL Background Thread 1 ] WARN  FXGL.TextLevelParser - No producer found for character: 0
13:03:19.671 [FXGL Background Thread 1 ] WARN  FXGL.TextLevelParser - No producer found for character: 0
13:03:19.671 [FXGL Background Thread 1 ] WARN  FXGL.TextLevelParser - No producer found for character: 0
13:03:19.671 [FXGL Background Thread 1 ] WARN  FXGL.TextLevelParser - No producer found for character: 0
13:03:19.671 [FXGL Background Thread 1 ] WARN  FXGL.TextLevelParser - No producer found for character: 0
13:03:19.672 [FXGL Background Thread 1 ] WARN  FXGL.TextLevelParser - No producer found for character: 0
13:03:19.672 [FXGL Background Thread 1 ] WARN  FXGL.TextLevelParser - No producer found for character: 0
13:03:19.672 [FXGL Background Thread 1 ] WARN  FXGL.TextLevelParser - No producer found for character: 0
13:03:19.672 [FXGL Background Thread 1 ] WARN  FXGL.TextLevelParser - No producer found for character: 0
13:03:19.672 [FXGL Background Thread 1 ] WARN  FXGL.TextLevelParser - No producer found for character: 0
13:03:19.672 [FXGL Background Thread 1 ] WARN  FXGL.TextLevelParser - No producer found for character: 0
13:03:19.673 [FXGL Background Thread 1 ] WARN  FXGL.TextLevelParser - No producer found for character: 0
13:03:19.673 [FXGL Background Thread 1 ] WARN  FXGL.TextLevelParser - No producer found for character: 0
13:03:19.673 [FXGL Background Thread 1 ] WARN  FXGL.TextLevelParser - No producer found for character: 0
13:03:19.673 [FXGL Background Thread 1 ] WARN  FXGL.TextLevelParser - No producer found for character: 0
13:03:19.673 [FXGL Background Thread 1 ] WARN  FXGL.TextLevelParser - No producer found for character: 0
13:03:19.673 [FXGL Background Thread 1 ] WARN  FXGL.TextLevelParser - No producer found for character: 0
13:03:19.674 [FXGL Background Thread 1 ] WARN  FXGL.TextLevelParser - No producer found for character: 0
13:03:19.674 [FXGL Background Thread 1 ] WARN  FXGL.TextLevelParser - No producer found for character: 0
13:03:19.710 [FXGL Background Thread 1 ] DEBUG AssetLoader          - Loading from disk: /assets/textures/brick1.png
13:03:19.724 [FXGL Background Thread 1 ] WARN  FXGL.TextLevelParser - No producer found for character: 0
13:03:19.725 [FXGL Background Thread 1 ] DEBUG AssetLoader          - Loading from cache: /assets/textures/brick1.png
13:03:19.726 [FXGL Background Thread 1 ] WARN  FXGL.TextLevelParser - No producer found for character: 0
13:03:19.727 [FXGL Background Thread 1 ] DEBUG AssetLoader          - Loading from cache: /assets/textures/brick1.png
13:03:19.728 [FXGL Background Thread 1 ] WARN  FXGL.TextLevelParser - No producer found for character: 0
13:03:19.728 [FXGL Background Thread 1 ] DEBUG AssetLoader          - Loading from cache: /assets/textures/brick1.png
13:03:19.729 [FXGL Background Thread 1 ] WARN  FXGL.TextLevelParser - No producer found for character: 0
13:03:19.730 [FXGL Background Thread 1 ] DEBUG AssetLoader          - Loading from cache: /assets/textures/brick1.png
13:03:19.732 [FXGL Background Thread 1 ] WARN  FXGL.TextLevelParser - No producer found for character: 0
13:03:19.733 [FXGL Background Thread 1 ] DEBUG AssetLoader          - Loading from cache: /assets/textures/brick1.png
13:03:19.734 [FXGL Background Thread 1 ] WARN  FXGL.TextLevelParser - No producer found for character: 0
13:03:19.734 [FXGL Background Thread 1 ] DEBUG AssetLoader          - Loading from cache: /assets/textures/brick1.png
13:03:19.736 [FXGL Background Thread 1 ] WARN  FXGL.TextLevelParser - No producer found for character: 0
13:03:19.737 [FXGL Background Thread 1 ] DEBUG AssetLoader          - Loading from cache: /assets/textures/brick1.png
13:03:19.738 [FXGL Background Thread 1 ] WARN  FXGL.TextLevelParser - No producer found for character: 0
13:03:19.739 [FXGL Background Thread 1 ] DEBUG AssetLoader          - Loading from cache: /assets/textures/brick1.png
13:03:19.740 [FXGL Background Thread 1 ] WARN  FXGL.TextLevelParser - No producer found for character: 0
13:03:19.741 [FXGL Background Thread 1 ] DEBUG AssetLoader          - Loading from cache: /assets/textures/brick1.png
13:03:19.742 [FXGL Background Thread 1 ] WARN  FXGL.TextLevelParser - No producer found for character: 0
13:03:19.742 [FXGL Background Thread 1 ] WARN  FXGL.TextLevelParser - No producer found for character: 0
13:03:19.742 [FXGL Background Thread 1 ] WARN  FXGL.TextLevelParser - No producer found for character: 0
13:03:19.742 [FXGL Background Thread 1 ] WARN  FXGL.TextLevelParser - No producer found for character: 0
13:03:19.742 [FXGL Background Thread 1 ] WARN  FXGL.TextLevelParser - No producer found for character: 0
13:03:19.743 [FXGL Background Thread 1 ] WARN  FXGL.TextLevelParser - No producer found for character: 0
13:03:19.743 [FXGL Background Thread 1 ] WARN  FXGL.TextLevelParser - No producer found for character: 0
13:03:19.743 [FXGL Background Thread 1 ] WARN  FXGL.TextLevelParser - No producer found for character: 0
13:03:19.743 [FXGL Background Thread 1 ] WARN  FXGL.TextLevelParser - No producer found for character: 0
13:03:19.743 [FXGL Background Thread 1 ] WARN  FXGL.TextLevelParser - No producer found for character: 0
13:03:19.743 [FXGL Background Thread 1 ] WARN  FXGL.TextLevelParser - No producer found for character: 0
13:03:19.744 [FXGL Background Thread 1 ] WARN  FXGL.TextLevelParser - No producer found for character: 0
13:03:19.744 [FXGL Background Thread 1 ] WARN  FXGL.TextLevelParser - No producer found for character: 0
13:03:19.744 [FXGL Background Thread 1 ] WARN  FXGL.TextLevelParser - No producer found for character: 0
13:03:19.744 [FXGL Background Thread 1 ] WARN  FXGL.TextLevelParser - No producer found for character: 0
13:03:19.744 [FXGL Background Thread 1 ] WARN  FXGL.TextLevelParser - No producer found for character: 0
13:03:19.744 [FXGL Background Thread 1 ] WARN  FXGL.TextLevelParser - No producer found for character: 0
13:03:19.744 [FXGL Background Thread 1 ] WARN  FXGL.TextLevelParser - No producer found for character: 0
13:03:19.744 [FXGL Background Thread 1 ] WARN  FXGL.TextLevelParser - No producer found for character: 0
13:03:19.745 [FXGL Background Thread 1 ] WARN  FXGL.TextLevelParser - No producer found for character: 0
13:03:19.745 [FXGL Background Thread 1 ] WARN  FXGL.TextLevelParser - No producer found for character: 0
13:03:19.745 [FXGL Background Thread 1 ] WARN  FXGL.TextLevelParser - No producer found for character: 0
13:03:19.745 [FXGL Background Thread 1 ] WARN  FXGL.TextLevelParser - No producer found for character: 0
13:03:19.745 [FXGL Background Thread 1 ] WARN  FXGL.TextLevelParser - No producer found for character: 0
13:03:19.745 [FXGL Background Thread 1 ] WARN  FXGL.TextLevelParser - No producer found for character: 0
13:03:19.745 [FXGL Background Thread 1 ] WARN  FXGL.TextLevelParser - No producer found for character: 0
13:03:19.746 [FXGL Background Thread 1 ] WARN  FXGL.TextLevelParser - No producer found for character: 0
13:03:19.746 [FXGL Background Thread 1 ] WARN  FXGL.TextLevelParser - No producer found for character: 0
13:03:19.746 [FXGL Background Thread 1 ] WARN  FXGL.TextLevelParser - No producer found for character: 0
13:03:19.746 [FXGL Background Thread 1 ] WARN  FXGL.TextLevelParser - No producer found for character: 0
13:03:19.746 [FXGL Background Thread 1 ] WARN  FXGL.TextLevelParser - No producer found for character: 0
13:03:19.747 [FXGL Background Thread 1 ] WARN  FXGL.TextLevelParser - No producer found for character: 0
13:03:19.747 [FXGL Background Thread 1 ] WARN  FXGL.TextLevelParser - No producer found for character: 0
13:03:19.749 [FXGL Background Thread 1 ] WARN  FXGL.TextLevelParser - No producer found for character: 0
13:03:19.749 [FXGL Background Thread 1 ] WARN  FXGL.TextLevelParser - No producer found for character: 0
13:03:19.750 [FXGL Background Thread 1 ] WARN  FXGL.TextLevelParser - No producer found for character: 0
13:03:19.750 [FXGL Background Thread 1 ] WARN  FXGL.TextLevelParser - No producer found for character: 0
13:03:19.750 [FXGL Background Thread 1 ] WARN  FXGL.TextLevelParser - No producer found for character: 0
13:03:19.750 [FXGL Background Thread 1 ] WARN  FXGL.TextLevelParser - No producer found for character: 0
13:03:19.750 [FXGL Background Thread 1 ] WARN  FXGL.TextLevelParser - No producer found for character: 0
13:03:19.750 [FXGL Background Thread 1 ] WARN  FXGL.TextLevelParser - No producer found for character: 0
13:03:19.751 [FXGL Background Thread 1 ] WARN  FXGL.TextLevelParser - No producer found for character: 0
13:03:19.751 [FXGL Background Thread 1 ] WARN  FXGL.TextLevelParser - No producer found for character: 0
13:03:19.751 [FXGL Background Thread 1 ] WARN  FXGL.TextLevelParser - No producer found for character: 0
13:03:19.751 [FXGL Background Thread 1 ] WARN  FXGL.TextLevelParser - No producer found for character: 0
13:03:19.751 [FXGL Background Thread 1 ] WARN  FXGL.TextLevelParser - No producer found for character: 0
13:03:19.751 [FXGL Background Thread 1 ] WARN  FXGL.TextLevelParser - No producer found for character: 0
13:03:19.751 [FXGL Background Thread 1 ] WARN  FXGL.TextLevelParser - No producer found for character: 0
13:03:19.752 [FXGL Background Thread 1 ] WARN  FXGL.TextLevelParser - No producer found for character: 0
13:03:19.752 [FXGL Background Thread 1 ] WARN  FXGL.TextLevelParser - No producer found for character: 0
13:03:19.752 [FXGL Background Thread 1 ] WARN  FXGL.TextLevelParser - No producer found for character: 0
13:03:19.752 [FXGL Background Thread 1 ] WARN  FXGL.TextLevelParser - No producer found for character: 0
13:03:19.753 [FXGL Background Thread 1 ] WARN  FXGL.TextLevelParser - No producer found for character: 0
13:03:19.753 [FXGL Background Thread 1 ] WARN  FXGL.TextLevelParser - No producer found for character: 0
13:03:19.753 [FXGL Background Thread 1 ] WARN  FXGL.TextLevelParser - No producer found for character: 0
13:03:19.753 [FXGL Background Thread 1 ] WARN  FXGL.TextLevelParser - No producer found for character: 0
13:03:19.753 [FXGL Background Thread 1 ] WARN  FXGL.TextLevelParser - No producer found for character: 0
13:03:19.753 [FXGL Background Thread 1 ] WARN  FXGL.TextLevelParser - No producer found for character: 0
13:03:19.753 [FXGL Background Thread 1 ] WARN  FXGL.TextLevelParser - No producer found for character: 0
13:03:19.754 [FXGL Background Thread 1 ] WARN  FXGL.TextLevelParser - No producer found for character: 0
13:03:19.754 [FXGL Background Thread 1 ] WARN  FXGL.TextLevelParser - No producer found for character: 0
13:03:19.754 [FXGL Background Thread 1 ] WARN  FXGL.TextLevelParser - No producer found for character: 0
13:03:19.754 [FXGL Background Thread 1 ] WARN  FXGL.TextLevelParser - No producer found for character: 0
13:03:19.754 [FXGL Background Thread 1 ] WARN  FXGL.TextLevelParser - No producer found for character: 0
13:03:19.754 [FXGL Background Thread 1 ] WARN  FXGL.TextLevelParser - No producer found for character: 0
13:03:19.755 [FXGL Background Thread 1 ] WARN  FXGL.TextLevelParser - No producer found for character: 0
13:03:19.755 [FXGL Background Thread 1 ] WARN  FXGL.TextLevelParser - No producer found for character: 0
13:03:19.755 [FXGL Background Thread 1 ] WARN  FXGL.TextLevelParser - No producer found for character: 0
13:03:19.755 [FXGL Background Thread 1 ] WARN  FXGL.TextLevelParser - No producer found for character: 0
13:03:19.755 [FXGL Background Thread 1 ] WARN  FXGL.TextLevelParser - No producer found for character: 0
13:03:19.756 [FXGL Background Thread 1 ] WARN  FXGL.TextLevelParser - No producer found for character: 0
13:03:19.756 [FXGL Background Thread 1 ] WARN  FXGL.TextLevelParser - No producer found for character: 0
13:03:19.756 [FXGL Background Thread 1 ] WARN  FXGL.TextLevelParser - No producer found for character: 0
13:03:19.756 [FXGL Background Thread 1 ] WARN  FXGL.TextLevelParser - No producer found for character: 0
13:03:19.756 [FXGL Background Thread 1 ] WARN  FXGL.TextLevelParser - No producer found for character: 0
13:03:19.756 [FXGL Background Thread 1 ] WARN  FXGL.TextLevelParser - No producer found for character: 0
13:03:19.756 [FXGL Background Thread 1 ] WARN  FXGL.TextLevelParser - No producer found for character: 0
13:03:19.756 [FXGL Background Thread 1 ] WARN  FXGL.TextLevelParser - No producer found for character: 0
13:03:19.756 [FXGL Background Thread 1 ] WARN  FXGL.TextLevelParser - No producer found for character: 0
13:03:19.757 [FXGL Background Thread 1 ] WARN  FXGL.TextLevelParser - No producer found for character: 0
13:03:19.757 [FXGL Background Thread 1 ] WARN  FXGL.TextLevelParser - No producer found for character: 0
13:03:19.757 [FXGL Background Thread 1 ] WARN  FXGL.TextLevelParser - No producer found for character: 0
13:03:19.757 [FXGL Background Thread 1 ] WARN  FXGL.TextLevelParser - No producer found for character: 0
13:03:19.757 [FXGL Background Thread 1 ] WARN  FXGL.TextLevelParser - No producer found for character: 0
13:03:19.757 [FXGL Background Thread 1 ] WARN  FXGL.TextLevelParser - No producer found for character: 0
13:03:19.763 [FXGL Background Thread 1 ] DEBUG AssetLoader          - Loading from disk: /assets/textures/Ball.png
13:03:19.766 [FXGL Background Thread 1 ] WARN  FXGL.TextLevelParser - No producer found for character: 0
13:03:19.766 [FXGL Background Thread 1 ] WARN  FXGL.TextLevelParser - No producer found for character: 0
13:03:19.766 [FXGL Background Thread 1 ] WARN  FXGL.TextLevelParser - No producer found for character: 0
13:03:19.766 [FXGL Background Thread 1 ] WARN  FXGL.TextLevelParser - No producer found for character: 0
13:03:19.766 [FXGL Background Thread 1 ] WARN  FXGL.TextLevelParser - No producer found for character: 0
13:03:19.767 [FXGL Background Thread 1 ] WARN  FXGL.TextLevelParser - No producer found for character: 0
13:03:19.767 [FXGL Background Thread 1 ] WARN  FXGL.TextLevelParser - No producer found for character: 0
13:03:19.767 [FXGL Background Thread 1 ] WARN  FXGL.TextLevelParser - No producer found for character: 0
13:03:19.767 [FXGL Background Thread 1 ] WARN  FXGL.TextLevelParser - No producer found for character: 0
13:03:19.767 [FXGL Background Thread 1 ] WARN  FXGL.TextLevelParser - No producer found for character: 0
13:03:19.767 [FXGL Background Thread 1 ] WARN  FXGL.TextLevelParser - No producer found for character: 0
13:03:19.767 [FXGL Background Thread 1 ] WARN  FXGL.TextLevelParser - No producer found for character: 0
13:03:19.768 [FXGL Background Thread 1 ] WARN  FXGL.TextLevelParser - No producer found for character: 0
13:03:19.768 [FXGL Background Thread 1 ] WARN  FXGL.TextLevelParser - No producer found for character: 0
13:03:19.768 [FXGL Background Thread 1 ] WARN  FXGL.TextLevelParser - No producer found for character: 0
13:03:19.768 [FXGL Background Thread 1 ] WARN  FXGL.TextLevelParser - No producer found for character: 0
13:03:19.768 [FXGL Background Thread 1 ] WARN  FXGL.TextLevelParser - No producer found for character: 0
13:03:19.768 [FXGL Background Thread 1 ] WARN  FXGL.TextLevelParser - No producer found for character: 0
13:03:19.768 [FXGL Background Thread 1 ] WARN  FXGL.TextLevelParser - No producer found for character: 0
13:03:19.768 [FXGL Background Thread 1 ] WARN  FXGL.TextLevelParser - No producer found for character: 0
13:03:19.768 [FXGL Background Thread 1 ] WARN  FXGL.TextLevelParser - No producer found for character: 0
13:03:19.769 [FXGL Background Thread 1 ] WARN  FXGL.TextLevelParser - No producer found for character: 0
13:03:19.769 [FXGL Background Thread 1 ] WARN  FXGL.TextLevelParser - No producer found for character: 0
13:03:19.769 [FXGL Background Thread 1 ] WARN  FXGL.TextLevelParser - No producer found for character: 0
13:03:19.769 [FXGL Background Thread 1 ] WARN  FXGL.TextLevelParser - No producer found for character: 0
13:03:19.769 [FXGL Background Thread 1 ] WARN  FXGL.TextLevelParser - No producer found for character: 0
13:03:19.769 [FXGL Background Thread 1 ] WARN  FXGL.TextLevelParser - No producer found for character: 0
13:03:19.769 [FXGL Background Thread 1 ] WARN  FXGL.TextLevelParser - No producer found for character: 0
13:03:19.769 [FXGL Background Thread 1 ] WARN  FXGL.TextLevelParser - No producer found for character: 0
13:03:19.770 [FXGL Background Thread 1 ] WARN  FXGL.TextLevelParser - No producer found for character: 0
13:03:19.770 [FXGL Background Thread 1 ] WARN  FXGL.TextLevelParser - No producer found for character: 0
13:03:19.770 [FXGL Background Thread 1 ] WARN  FXGL.TextLevelParser - No producer found for character: 0
13:03:19.770 [FXGL Background Thread 1 ] WARN  FXGL.TextLevelParser - No producer found for character: 0
13:03:19.770 [FXGL Background Thread 1 ] WARN  FXGL.TextLevelParser - No producer found for character: 0
13:03:19.770 [FXGL Background Thread 1 ] WARN  FXGL.TextLevelParser - No producer found for character: 0
13:03:19.770 [FXGL Background Thread 1 ] WARN  FXGL.TextLevelParser - No producer found for character: 0
13:03:19.770 [FXGL Background Thread 1 ] WARN  FXGL.TextLevelParser - No producer found for character: 0
13:03:19.770 [FXGL Background Thread 1 ] WARN  FXGL.TextLevelParser - No producer found for character: 0
13:03:19.771 [FXGL Background Thread 1 ] WARN  FXGL.TextLevelParser - No producer found for character: 0
13:03:19.777 [FXGL Background Thread 1 ] WARN  FXGL.TextLevelParser - No producer found for character: 0
13:03:19.778 [FXGL Background Thread 1 ] WARN  FXGL.TextLevelParser - No producer found for character: 0
13:03:19.778 [FXGL Background Thread 1 ] WARN  FXGL.TextLevelParser - No producer found for character: 0
13:03:19.778 [FXGL Background Thread 1 ] WARN  FXGL.TextLevelParser - No producer found for character: 0
13:03:19.778 [FXGL Background Thread 1 ] WARN  FXGL.TextLevelParser - No producer found for character: 0
13:03:19.778 [FXGL Background Thread 1 ] WARN  FXGL.TextLevelParser - No producer found for character: 0
13:03:19.778 [FXGL Background Thread 1 ] WARN  FXGL.TextLevelParser - No producer found for character: 0
13:03:19.778 [FXGL Background Thread 1 ] WARN  FXGL.TextLevelParser - No producer found for character: 0
13:03:19.778 [FXGL Background Thread 1 ] WARN  FXGL.TextLevelParser - No producer found for character: 0
13:03:19.779 [FXGL Background Thread 1 ] WARN  FXGL.TextLevelParser - No producer found for character: 0
13:03:19.779 [FXGL Background Thread 1 ] WARN  FXGL.TextLevelParser - No producer found for character: 0
13:03:19.779 [FXGL Background Thread 1 ] WARN  FXGL.TextLevelParser - No producer found for character: 0
13:03:19.779 [FXGL Background Thread 1 ] WARN  FXGL.TextLevelParser - No producer found for character: 0
13:03:19.779 [FXGL Background Thread 1 ] WARN  FXGL.TextLevelParser - No producer found for character: 0
13:03:19.779 [FXGL Background Thread 1 ] WARN  FXGL.TextLevelParser - No producer found for character: 0
13:03:19.779 [FXGL Background Thread 1 ] WARN  FXGL.TextLevelParser - No producer found for character: 0
13:03:19.779 [FXGL Background Thread 1 ] WARN  FXGL.TextLevelParser - No producer found for character: 0
13:03:19.779 [FXGL Background Thread 1 ] WARN  FXGL.TextLevelParser - No producer found for character: 0
13:03:19.780 [FXGL Background Thread 1 ] WARN  FXGL.TextLevelParser - No producer found for character: 0
13:03:19.780 [FXGL Background Thread 1 ] WARN  FXGL.TextLevelParser - No producer found for character: 0
13:03:19.780 [FXGL Background Thread 1 ] WARN  FXGL.TextLevelParser - No producer found for character: 0
13:03:19.780 [FXGL Background Thread 1 ] WARN  FXGL.TextLevelParser - No producer found for character: 0
13:03:19.780 [FXGL Background Thread 1 ] WARN  FXGL.TextLevelParser - No producer found for character: 0
13:03:19.780 [FXGL Background Thread 1 ] WARN  FXGL.TextLevelParser - No producer found for character: 0
13:03:19.780 [FXGL Background Thread 1 ] WARN  FXGL.TextLevelParser - No producer found for character: 0
13:03:19.780 [FXGL Background Thread 1 ] WARN  FXGL.TextLevelParser - No producer found for character: 0
13:03:19.780 [FXGL Background Thread 1 ] WARN  FXGL.TextLevelParser - No producer found for character: 0
13:03:19.781 [FXGL Background Thread 1 ] WARN  FXGL.TextLevelParser - No producer found for character: 0
13:03:19.781 [FXGL Background Thread 1 ] WARN  FXGL.TextLevelParser - No producer found for character: 0
13:03:19.781 [FXGL Background Thread 1 ] WARN  FXGL.TextLevelParser - No producer found for character: 0
13:03:19.781 [FXGL Background Thread 1 ] WARN  FXGL.TextLevelParser - No producer found for character: 0
13:03:19.781 [FXGL Background Thread 1 ] WARN  FXGL.TextLevelParser - No producer found for character: 0
13:03:19.781 [FXGL Background Thread 1 ] WARN  FXGL.TextLevelParser - No producer found for character: 0
13:03:19.782 [FXGL Background Thread 1 ] WARN  FXGL.TextLevelParser - No producer found for character: 0
13:03:19.782 [FXGL Background Thread 1 ] WARN  FXGL.TextLevelParser - No producer found for character: 0
13:03:19.782 [FXGL Background Thread 1 ] WARN  FXGL.TextLevelParser - No producer found for character: 0
13:03:19.782 [FXGL Background Thread 1 ] WARN  FXGL.TextLevelParser - No producer found for character: 0
13:03:19.782 [FXGL Background Thread 1 ] WARN  FXGL.TextLevelParser - No producer found for character: 0
13:03:19.782 [FXGL Background Thread 1 ] WARN  FXGL.TextLevelParser - No producer found for character: 0
13:03:19.782 [FXGL Background Thread 1 ] WARN  FXGL.TextLevelParser - No producer found for character: 0
13:03:19.782 [FXGL Background Thread 1 ] WARN  FXGL.TextLevelParser - No producer found for character: 0
13:03:19.783 [FXGL Background Thread 1 ] WARN  FXGL.TextLevelParser - No producer found for character: 0
13:03:19.783 [FXGL Background Thread 1 ] WARN  FXGL.TextLevelParser - No producer found for character: 0
13:03:19.783 [FXGL Background Thread 1 ] WARN  FXGL.TextLevelParser - No producer found for character: 0
13:03:19.783 [FXGL Background Thread 1 ] WARN  FXGL.TextLevelParser - No producer found for character: 0
13:03:19.783 [FXGL Background Thread 1 ] WARN  FXGL.TextLevelParser - No producer found for character: 0
13:03:19.783 [FXGL Background Thread 1 ] WARN  FXGL.TextLevelParser - No producer found for character: 0
13:03:19.783 [FXGL Background Thread 1 ] WARN  FXGL.TextLevelParser - No producer found for character: 0
13:03:19.783 [FXGL Background Thread 1 ] WARN  FXGL.TextLevelParser - No producer found for character: 0
13:03:19.783 [FXGL Background Thread 1 ] WARN  FXGL.TextLevelParser - No producer found for character: 0
13:03:19.784 [FXGL Background Thread 1 ] WARN  FXGL.TextLevelParser - No producer found for character: 0
13:03:19.784 [FXGL Background Thread 1 ] WARN  FXGL.TextLevelParser - No producer found for character: 0
13:03:19.784 [FXGL Background Thread 1 ] WARN  FXGL.TextLevelParser - No producer found for character: 0
13:03:19.784 [FXGL Background Thread 1 ] WARN  FXGL.TextLevelParser - No producer found for character: 0
13:03:19.784 [FXGL Background Thread 1 ] WARN  FXGL.TextLevelParser - No producer found for character: 0
13:03:19.784 [FXGL Background Thread 1 ] WARN  FXGL.TextLevelParser - No producer found for character: 0
13:03:19.784 [FXGL Background Thread 1 ] WARN  FXGL.TextLevelParser - No producer found for character: 0
13:03:19.784 [FXGL Background Thread 1 ] WARN  FXGL.TextLevelParser - No producer found for character: 0
13:03:19.784 [FXGL Background Thread 1 ] WARN  FXGL.TextLevelParser - No producer found for character: 0
13:03:19.784 [FXGL Background Thread 1 ] WARN  FXGL.TextLevelParser - No producer found for character: 0
13:03:19.785 [FXGL Background Thread 1 ] WARN  FXGL.TextLevelParser - No producer found for character: 0
13:03:19.785 [FXGL Background Thread 1 ] WARN  FXGL.TextLevelParser - No producer found for character: 0
13:03:19.785 [FXGL Background Thread 1 ] WARN  FXGL.TextLevelParser - No producer found for character: 0
13:03:19.785 [FXGL Background Thread 1 ] WARN  FXGL.TextLevelParser - No producer found for character: 0
13:03:19.785 [FXGL Background Thread 1 ] WARN  FXGL.TextLevelParser - No producer found for character: 0
13:03:19.785 [FXGL Background Thread 1 ] WARN  FXGL.TextLevelParser - No producer found for character: 0
13:03:19.785 [FXGL Background Thread 1 ] WARN  FXGL.TextLevelParser - No producer found for character: 0
13:03:19.785 [FXGL Background Thread 1 ] WARN  FXGL.TextLevelParser - No producer found for character: 0
13:03:19.785 [FXGL Background Thread 1 ] WARN  FXGL.TextLevelParser - No producer found for character: 0
13:03:19.786 [FXGL Background Thread 1 ] WARN  FXGL.TextLevelParser - No producer found for character: 0
13:03:19.786 [FXGL Background Thread 1 ] WARN  FXGL.TextLevelParser - No producer found for character: 0
13:03:19.786 [FXGL Background Thread 1 ] WARN  FXGL.TextLevelParser - No producer found for character: 0
13:03:19.786 [FXGL Background Thread 1 ] WARN  FXGL.TextLevelParser - No producer found for character: 0
13:03:19.786 [FXGL Background Thread 1 ] WARN  FXGL.TextLevelParser - No producer found for character: 0
13:03:19.787 [FXGL Background Thread 1 ] DEBUG AssetLoader          - Loading from disk: /assets/textures/bar.png
13:03:19.789 [FXGL Background Thread 1 ] WARN  FXGL.TextLevelParser - No producer found for character: 0
13:03:19.789 [FXGL Background Thread 1 ] WARN  FXGL.TextLevelParser - No producer found for character: 0
13:03:19.789 [FXGL Background Thread 1 ] WARN  FXGL.TextLevelParser - No producer found for character: 0
13:03:19.789 [FXGL Background Thread 1 ] WARN  FXGL.TextLevelParser - No producer found for character: 0
13:03:19.789 [FXGL Background Thread 1 ] WARN  FXGL.TextLevelParser - No producer found for character: 0
13:03:19.789 [FXGL Background Thread 1 ] WARN  FXGL.TextLevelParser - No producer found for character: 0
13:03:19.789 [FXGL Background Thread 1 ] WARN  FXGL.TextLevelParser - No producer found for character: 0
13:03:19.789 [FXGL Background Thread 1 ] WARN  FXGL.TextLevelParser - No producer found for character: 0
13:03:19.790 [FXGL Background Thread 1 ] WARN  FXGL.TextLevelParser - No producer found for character: 0
13:03:19.790 [FXGL Background Thread 1 ] WARN  FXGL.TextLevelParser - No producer found for character: 0
13:03:19.790 [FXGL Background Thread 1 ] WARN  FXGL.TextLevelParser - No producer found for character: 0
13:03:19.790 [FXGL Background Thread 1 ] WARN  FXGL.TextLevelParser - No producer found for character: 0
13:03:19.790 [FXGL Background Thread 1 ] WARN  FXGL.TextLevelParser - No producer found for character: 0
13:03:19.790 [FXGL Background Thread 1 ] WARN  FXGL.TextLevelParser - No producer found for character: 0
13:03:19.790 [FXGL Background Thread 1 ] WARN  FXGL.TextLevelParser - No producer found for character: 0
13:03:19.790 [FXGL Background Thread 1 ] WARN  FXGL.TextLevelParser - No producer found for character: 0
13:03:19.790 [FXGL Background Thread 1 ] WARN  FXGL.TextLevelParser - No producer found for character: 0
13:03:19.791 [FXGL Background Thread 1 ] WARN  FXGL.TextLevelParser - No producer found for character: 0
13:03:19.791 [FXGL Background Thread 1 ] WARN  FXGL.TextLevelParser - No producer found for character: 0
13:03:19.791 [FXGL Background Thread 1 ] WARN  FXGL.TextLevelParser - No producer found for character: 0
13:03:19.791 [FXGL Background Thread 1 ] WARN  FXGL.TextLevelParser - No producer found for character: 0
13:03:19.791 [FXGL Background Thread 1 ] WARN  FXGL.TextLevelParser - No producer found for character: 0
13:03:19.791 [FXGL Background Thread 1 ] WARN  FXGL.TextLevelParser - No producer found for character: 0
13:03:19.791 [FXGL Background Thread 1 ] WARN  FXGL.TextLevelParser - No producer found for character: 0
13:03:19.791 [FXGL Background Thread 1 ] WARN  FXGL.TextLevelParser - No producer found for character: 0
13:03:19.791 [FXGL Background Thread 1 ] WARN  FXGL.TextLevelParser - No producer found for character: 0
13:03:19.792 [FXGL Background Thread 1 ] WARN  FXGL.TextLevelParser - No producer found for character: 0
13:03:19.792 [FXGL Background Thread 1 ] WARN  FXGL.TextLevelParser - No producer found for character: 0
13:03:19.792 [FXGL Background Thread 1 ] DEBUG GameWorld            - Clearing removable entities
13:03:19.793 [FXGL Background Thread 1 ] DEBUG GameWorld            - Setting level: com.almasb.fxgl.entity.Level@282f1d21
13:03:19.814 [FXGL Background Thread 1 ] DEBUG GameScene            - Creating render group for layer: DEFAULT(100000)
13:03:19.819 [FXGL Background Thread 1 ] DEBUG InitAppTask          - Initializing Physics
13:03:19.820 [FXGL Background Thread 1 ] DEBUG InitAppTask          - Initializing UI
13:03:19.825 [FXGL Background Thread 1 ] DEBUG InitAppTask          - Initialization Complete
13:03:19.825 [FXGL Background Thread 1 ] INFO  InitAppTask          - Game initialization took: 0,198 sec
13:03:19.831 [JavaFX Application Thread] DEBUG Input                - Clearing active input actions
13:03:19.842 [JavaFX Application Thread] DEBUG AppStateMachine      - LoadingState -> PlayState
13:03:23.839 [JavaFX Application Thread] FATAL GameApplication      - Uncaught Exception:

Fatal exception occurred: java.lang.IllegalArgumentException : Component BallComponent not found!
E: com.almasb.fxgl.entity.Entity.getComponent(Entity.java:612)
E: com.dalphs.BreakoutApp.getBallControl(BreakoutApp.java:24)
E: com.dalphs.BreakoutApp.lambda$initUI$0(BreakoutApp.java:86)
E: javafx.graphics/javafx.animation.Animation.finished(Animation.java:1131)
E: javafx.graphics/javafx.animation.AnimationAccessorImpl.finished(AnimationAccessorImpl.java:49)
E: javafx.graphics/com.sun.scenario.animation.shared.SingleLoopClipEnvelope.timePulse(SingleLoopClipEnvelope.java:103)
E: javafx.graphics/javafx.animation.Animation.doTimePulse(Animation.java:1101)
E: javafx.graphics/javafx.animation.Animation$1.lambda$timePulse$0(Animation.java:186)
E: java.base/java.security.AccessController.doPrivileged(Native Method)
E: javafx.graphics/javafx.animation.Animation$1.timePulse(Animation.java:185)
E: javafx.graphics/com.sun.scenario.animation.AbstractMasterTimer.timePulseImpl(AbstractMasterTimer.java:344)
E: javafx.graphics/com.sun.scenario.animation.AbstractMasterTimer$MainLoop.run(AbstractMasterTimer.java:267)
E: javafx.graphics/com.sun.javafx.tk.quantum.QuantumToolkit.pulse(QuantumToolkit.java:514)
E: javafx.graphics/com.sun.javafx.tk.quantum.QuantumToolkit.pulse(QuantumToolkit.java:498)
E: javafx.graphics/com.sun.javafx.tk.quantum.QuantumToolkit.pulseFromQueue(QuantumToolkit.java:491)
E: javafx.graphics/com.sun.javafx.tk.quantum.QuantumToolkit.lambda$runToolkit$11(QuantumToolkit.java:319)
E: javafx.graphics/com.sun.glass.ui.InvokeLaterDispatcher$Future.run(InvokeLaterDispatcher.java:96)
E: javafx.graphics/com.sun.glass.ui.win.WinApplication._runLoop(Native Method)
E: javafx.graphics/com.sun.glass.ui.win.WinApplication.lambda$runLoop$3(WinApplication.java:175)
E: java.base/java.lang.Thread.run(Thread.java:844)

13:03:23.840 [JavaFX Application Thread] FATAL GameApplication      - Application will now exit
13:03:23.840 [JavaFX Application Thread] DEBUG GameApplication      - Stopping main loop
13:03:26.371 [JavaFX Application Thread] DEBUG GameApplication      - Exiting game application
13:03:26.372 [JavaFX Application Thread] DEBUG GameApplication      - Shutting down background threads
13:03:26.372 [JavaFX Application Thread] DEBUG GameApplication      - Exiting FXGL
13:03:26.372 [JavaFX Application Thread] DEBUG FXGL                 - Saving FXGL system data
13:03:26.375 [JavaFX Application Thread] DEBUG FS                   - Writing to: system\fxgl.bundle
13:03:26.380 [JavaFX Application Thread] DEBUG GameApplication      - Closing logger and exiting JavaFX
