08:50:09.868 [JavaFX Application Thread] DEBUG GameApplication      - Logger initialized
08:50:09.885 [JavaFX Application Thread] DEBUG MainWindow           - Creating a JavaFX scene
08:50:09.990 [JavaFX Application Thread] DEBUG MainWindow           - Target settings size: 900.0 x 780.0
08:50:09.991 [JavaFX Application Thread] DEBUG MainWindow           - Scaled scene size:    900.0 x 780.0
08:50:09.991 [JavaFX Application Thread] DEBUG MainWindow           - Scaled ratio: (1.0, 1.0)
08:50:09.994 [JavaFX Application Thread] DEBUG GameApplication      - Starting FXGL
08:50:10.015 [FXGL Launcher Thread     ] INFO  FXGL                 - FXGL-0.5.0 on DESKTOP
08:50:10.015 [FXGL Launcher Thread     ] INFO  FXGL                 - Source code and latest versions at: https://github.com/AlmasB/FXGL
08:50:10.015 [FXGL Launcher Thread     ] INFO  FXGL                 -              Join the FXGL chat at: https://gitter.im/AlmasB/FXGL
08:50:10.019 [FXGL Launcher Thread     ] DEBUG FXGL                 - Loading FXGL system data
08:50:10.032 [FXGL Launcher Thread     ] DEBUG FS                   - Reading from: system\fxgl.bundle
08:50:10.041 [FXGL Launcher Thread     ] DEBUG Bundle               - Logging bundle: FXGL
08:50:10.042 [FXGL Launcher Thread     ] DEBUG Bundle               - FXGL.offline.timer.version.check=2019-01-24T08:55:57.713219300
08:50:10.070 [FXGL Launcher Thread     ] DEBUG GameApplication      - FXGL started
08:50:10.071 [FXGL Launcher Thread     ] DEBUG GameApplication      - Logging game settings
Title: Breakout
Version: 0.1
Width: 900
Height: 780
Fullscreen: false
Intro: false
Menus: false
Profiling: false
Single step:false
App Mode: DEVELOPER
Menu Key: ESCAPE
Stage Style: DECORATED
Scene Factory: class com.almasb.fxgl.scene.SceneFactory
Dialog Factory: class com.almasb.fxgl.ui.FXGLDialogFactory
UI Factory: class com.almasb.fxgl.ui.FXGLUIFactory
Notification Service: class com.almasb.fxgl.gameplay.notification.XboxNotificationView
Exception Handler: class com.almasb.fxgl.app.FXGLExceptionHandler
08:50:10.072 [FXGL Launcher Thread     ] DEBUG GameApplication      - Configuring GameApplication
08:50:10.072 [FXGL Launcher Thread     ] DEBUG GameApplication      - Initializing state machine and application states
08:50:10.084 [FXGL Launcher Thread     ] DEBUG AssetLoader          - Loading from disk: /assets/ui/cursors/fxgl_default.png
08:50:10.102 [FXGL Launcher Thread     ] DEBUG AssetLoader          - Loading from disk: /assets/ui/cursors/fxgl_default.png
08:50:10.123 [FXGL Launcher Thread     ] DEBUG FXGLAssets           - Loading FXGLAssets
08:50:10.151 [FXGL Launcher Thread     ] DEBUG AssetLoader          - Loading from disk: /assets/ui/fonts/VarelaRound-Regular.ttf
08:50:10.323 [FXGL Launcher Thread     ] DEBUG AssetLoader          - Loading from disk: /assets/ui/fonts/lucida_console.ttf
08:50:10.328 [FXGL Launcher Thread     ] DEBUG AssetLoader          - Loading from disk: /assets/ui/css/fxgl_dark.css
08:50:10.328 [FXGL Launcher Thread     ] DEBUG AssetLoader          - Loading from disk: /assets/ui/icons/fxgl_icon.png
08:50:10.369 [FXGL Launcher Thread     ] DEBUG AssetLoader          - Loading from disk: /assets/ui/cursors/fxgl_default.png
08:50:10.377 [FXGL Launcher Thread     ] DEBUG AssetLoader          - Loading from disk: /assets/ui/cursors/fxgl_default.png
08:50:10.405 [FXGL Launcher Thread     ] DEBUG GameScene            - Game scene initialized: 900x780
08:50:10.412 [FXGL Launcher Thread     ] DEBUG GameWorld            - Game world initialized
08:50:10.487 [FXGL Launcher Thread     ] DEBUG PhysicsWorld         - Physics world initialized: appHeight=780, physics.ppm=50,0
08:50:10.508 [FXGL Launcher Thread     ] DEBUG Input                - Registered new binding: Pause - Esc
08:50:10.531 [FXGL Launcher Thread     ] DEBUG Input                - Clearing active input actions
08:50:10.584 [FXGL Launcher Thread     ] DEBUG AppStateMachine      - StartupState -> StartupState
08:50:10.590 [FXGL Launcher Thread     ] INFO  GameApplication      - Game configuration took:  0,519 sec
08:50:10.595 [JavaFX Application Thread] DEBUG MainWindow           - Opening main window
08:50:10.705 [JavaFX Application Thread] DEBUG MainWindow           - Window border size: (14.4000244140625, 37.5999755859375)
08:50:10.705 [JavaFX Application Thread] DEBUG MainWindow           - Scaled size: 900.0 x 780.0
08:50:10.705 [JavaFX Application Thread] DEBUG MainWindow           - Scaled ratio: (1.0, 1.0)
08:50:10.705 [JavaFX Application Thread] DEBUG MainWindow           - Scene size: 900.0 x 780.0
08:50:10.706 [JavaFX Application Thread] DEBUG MainWindow           - Stage size: 914.4000244140625 x 817.5999755859375
08:50:10.706 [JavaFX Application Thread] DEBUG GameApplication      - Running preInit()
08:50:10.708 [JavaFX Application Thread] DEBUG Input                - Registered new binding: Screenshot - P
08:50:10.709 [JavaFX Application Thread] DEBUG Input                - Registered new binding: Dev Options - CTRL+0
08:50:10.710 [JavaFX Application Thread] DEBUG Input                - Registered new binding: System info dump - CTRL+9
08:50:10.710 [JavaFX Application Thread] DEBUG Input                - Registered new binding: Restart - CTRL+R
08:50:10.711 [JavaFX Application Thread] DEBUG Input                - Registered new binding: Move Left - A
08:50:10.711 [JavaFX Application Thread] DEBUG Input                - Registered new binding: Move Right - D
08:50:10.730 [JavaFX Application Thread] DEBUG GameApplication      - Starting main loop
08:50:10.731 [JavaFX Application Thread] DEBUG StartupState         - STARTUP
08:50:10.731 [JavaFX Application Thread] DEBUG GameApplication      - Starting new game
08:50:10.731 [JavaFX Application Thread] DEBUG Input                - Clearing active input actions
08:50:10.741 [JavaFX Application Thread] DEBUG AppStateMachine      - StartupState -> LoadingState
08:50:10.744 [FXGL Background Thread 1 ] DEBUG InitAppTask          - Clearing previous game
08:50:10.744 [FXGL Background Thread 1 ] DEBUG GameWorld            - Clearing game world
08:50:10.744 [FXGL Background Thread 1 ] DEBUG PhysicsWorld         - Clearing physics world
08:50:10.744 [FXGL Background Thread 1 ] DEBUG GameScene            - Clearing game scene
08:50:10.745 [FXGL Background Thread 1 ] DEBUG InitAppTask          - Initializing Game
08:50:10.792 [FXGL Background Thread 1 ] DEBUG AssetLoader          - Loading from disk: /assets/text/levels/level1.txt
08:50:10.793 [FXGL Background Thread 1 ] WARN  FXGL.TextLevelParser - No producer found for character: 0
08:50:10.794 [FXGL Background Thread 1 ] WARN  FXGL.TextLevelParser - No producer found for character: 0
08:50:10.794 [FXGL Background Thread 1 ] WARN  FXGL.TextLevelParser - No producer found for character: 0
08:50:10.794 [FXGL Background Thread 1 ] WARN  FXGL.TextLevelParser - No producer found for character: 0
08:50:10.794 [FXGL Background Thread 1 ] WARN  FXGL.TextLevelParser - No producer found for character: 0
08:50:10.794 [FXGL Background Thread 1 ] WARN  FXGL.TextLevelParser - No producer found for character: 0
08:50:10.794 [FXGL Background Thread 1 ] WARN  FXGL.TextLevelParser - No producer found for character: 0
08:50:10.795 [FXGL Background Thread 1 ] WARN  FXGL.TextLevelParser - No producer found for character: 0
08:50:10.795 [FXGL Background Thread 1 ] WARN  FXGL.TextLevelParser - No producer found for character: 0
08:50:10.795 [FXGL Background Thread 1 ] WARN  FXGL.TextLevelParser - No producer found for character: 0
08:50:10.795 [FXGL Background Thread 1 ] WARN  FXGL.TextLevelParser - No producer found for character: 0
08:50:10.795 [FXGL Background Thread 1 ] WARN  FXGL.TextLevelParser - No producer found for character: 0
08:50:10.795 [FXGL Background Thread 1 ] WARN  FXGL.TextLevelParser - No producer found for character: 0
08:50:10.795 [FXGL Background Thread 1 ] WARN  FXGL.TextLevelParser - No producer found for character: 0
08:50:10.796 [FXGL Background Thread 1 ] WARN  FXGL.TextLevelParser - No producer found for character: 0
08:50:10.796 [FXGL Background Thread 1 ] WARN  FXGL.TextLevelParser - No producer found for character: 0
08:50:10.796 [FXGL Background Thread 1 ] WARN  FXGL.TextLevelParser - No producer found for character: 0
08:50:10.796 [FXGL Background Thread 1 ] WARN  FXGL.TextLevelParser - No producer found for character: 0
08:50:10.796 [FXGL Background Thread 1 ] WARN  FXGL.TextLevelParser - No producer found for character: 0
08:50:10.796 [FXGL Background Thread 1 ] WARN  FXGL.TextLevelParser - No producer found for character: 0
08:50:10.797 [FXGL Background Thread 1 ] WARN  FXGL.TextLevelParser - No producer found for character: 0
08:50:10.797 [FXGL Background Thread 1 ] WARN  FXGL.TextLevelParser - No producer found for character: 0
08:50:10.797 [FXGL Background Thread 1 ] WARN  FXGL.TextLevelParser - No producer found for character: 0
08:50:10.832 [FXGL Background Thread 1 ] DEBUG AssetLoader          - Loading from disk: /assets/textures/brick1.png
08:50:10.847 [FXGL Background Thread 1 ] DEBUG AssetLoader          - Loading from cache: /assets/textures/brick1.png@50.0x24.0
08:50:10.850 [FXGL Background Thread 1 ] DEBUG AssetLoader          - Loading from cache: /assets/textures/brick1.png@50.0x24.0
08:50:10.853 [FXGL Background Thread 1 ] DEBUG AssetLoader          - Loading from cache: /assets/textures/brick1.png@50.0x24.0
08:50:10.855 [FXGL Background Thread 1 ] DEBUG AssetLoader          - Loading from cache: /assets/textures/brick1.png@50.0x24.0
08:50:10.858 [FXGL Background Thread 1 ] DEBUG AssetLoader          - Loading from cache: /assets/textures/brick1.png@50.0x24.0
08:50:10.860 [FXGL Background Thread 1 ] DEBUG AssetLoader          - Loading from cache: /assets/textures/brick1.png@50.0x24.0
08:50:10.861 [FXGL Background Thread 1 ] DEBUG AssetLoader          - Loading from cache: /assets/textures/brick1.png@50.0x24.0
08:50:10.862 [FXGL Background Thread 1 ] WARN  FXGL.TextLevelParser - No producer found for character: 0
08:50:10.862 [FXGL Background Thread 1 ] WARN  FXGL.TextLevelParser - No producer found for character: 0
08:50:10.862 [FXGL Background Thread 1 ] WARN  FXGL.TextLevelParser - No producer found for character: 0
08:50:10.862 [FXGL Background Thread 1 ] WARN  FXGL.TextLevelParser - No producer found for character: 0
08:50:10.862 [FXGL Background Thread 1 ] WARN  FXGL.TextLevelParser - No producer found for character: 0
08:50:10.862 [FXGL Background Thread 1 ] WARN  FXGL.TextLevelParser - No producer found for character: 0
08:50:10.862 [FXGL Background Thread 1 ] WARN  FXGL.TextLevelParser - No producer found for character: 0
08:50:10.863 [FXGL Background Thread 1 ] WARN  FXGL.TextLevelParser - No producer found for character: 0
08:50:10.863 [FXGL Background Thread 1 ] WARN  FXGL.TextLevelParser - No producer found for character: 0
08:50:10.863 [FXGL Background Thread 1 ] DEBUG AssetLoader          - Loading from cache: /assets/textures/brick1.png@50.0x24.0
08:50:10.865 [FXGL Background Thread 1 ] DEBUG AssetLoader          - Loading from cache: /assets/textures/brick1.png@50.0x24.0
08:50:10.865 [FXGL Background Thread 1 ] WARN  FXGL.TextLevelParser - No producer found for character: 0
08:50:10.866 [FXGL Background Thread 1 ] WARN  FXGL.TextLevelParser - No producer found for character: 0
08:50:10.866 [FXGL Background Thread 1 ] WARN  FXGL.TextLevelParser - No producer found for character: 0
08:50:10.866 [FXGL Background Thread 1 ] WARN  FXGL.TextLevelParser - No producer found for character: 0
08:50:10.866 [FXGL Background Thread 1 ] WARN  FXGL.TextLevelParser - No producer found for character: 0
08:50:10.867 [FXGL Background Thread 1 ] WARN  FXGL.TextLevelParser - No producer found for character: 0
08:50:10.868 [FXGL Background Thread 1 ] DEBUG AssetLoader          - Loading from cache: /assets/textures/brick1.png@50.0x24.0
08:50:10.870 [FXGL Background Thread 1 ] DEBUG AssetLoader          - Loading from cache: /assets/textures/brick1.png@50.0x24.0
08:50:10.872 [FXGL Background Thread 1 ] WARN  FXGL.TextLevelParser - No producer found for character: 0
08:50:10.872 [FXGL Background Thread 1 ] WARN  FXGL.TextLevelParser - No producer found for character: 0
08:50:10.872 [FXGL Background Thread 1 ] WARN  FXGL.TextLevelParser - No producer found for character: 0
08:50:10.873 [FXGL Background Thread 1 ] WARN  FXGL.TextLevelParser - No producer found for character: 0
08:50:10.873 [FXGL Background Thread 1 ] WARN  FXGL.TextLevelParser - No producer found for character: 0
08:50:10.873 [FXGL Background Thread 1 ] WARN  FXGL.TextLevelParser - No producer found for character: 0
08:50:10.873 [FXGL Background Thread 1 ] WARN  FXGL.TextLevelParser - No producer found for character: 0
08:50:10.875 [FXGL Background Thread 1 ] DEBUG AssetLoader          - Loading from cache: /assets/textures/brick1.png@50.0x24.0
08:50:10.876 [FXGL Background Thread 1 ] DEBUG AssetLoader          - Loading from cache: /assets/textures/brick1.png@50.0x24.0
08:50:10.877 [FXGL Background Thread 1 ] WARN  FXGL.TextLevelParser - No producer found for character: 0
08:50:10.877 [FXGL Background Thread 1 ] WARN  FXGL.TextLevelParser - No producer found for character: 0
08:50:10.877 [FXGL Background Thread 1 ] WARN  FXGL.TextLevelParser - No producer found for character: 0
08:50:10.877 [FXGL Background Thread 1 ] WARN  FXGL.TextLevelParser - No producer found for character: 0
08:50:10.878 [FXGL Background Thread 1 ] WARN  FXGL.TextLevelParser - No producer found for character: 0
08:50:10.878 [FXGL Background Thread 1 ] WARN  FXGL.TextLevelParser - No producer found for character: 0
08:50:10.878 [FXGL Background Thread 1 ] WARN  FXGL.TextLevelParser - No producer found for character: 0
08:50:10.878 [FXGL Background Thread 1 ] WARN  FXGL.TextLevelParser - No producer found for character: 0
08:50:10.879 [FXGL Background Thread 1 ] DEBUG AssetLoader          - Loading from cache: /assets/textures/brick1.png@50.0x24.0
08:50:10.881 [FXGL Background Thread 1 ] DEBUG AssetLoader          - Loading from cache: /assets/textures/brick1.png@50.0x24.0
08:50:10.883 [FXGL Background Thread 1 ] WARN  FXGL.TextLevelParser - No producer found for character: 0
08:50:10.883 [FXGL Background Thread 1 ] WARN  FXGL.TextLevelParser - No producer found for character: 0
08:50:10.883 [FXGL Background Thread 1 ] WARN  FXGL.TextLevelParser - No producer found for character: 0
08:50:10.883 [FXGL Background Thread 1 ] WARN  FXGL.TextLevelParser - No producer found for character: 0
08:50:10.884 [FXGL Background Thread 1 ] WARN  FXGL.TextLevelParser - No producer found for character: 0
08:50:10.885 [FXGL Background Thread 1 ] DEBUG AssetLoader          - Loading from cache: /assets/textures/brick1.png@50.0x24.0
08:50:10.887 [FXGL Background Thread 1 ] DEBUG AssetLoader          - Loading from cache: /assets/textures/brick1.png@50.0x24.0
08:50:10.889 [FXGL Background Thread 1 ] WARN  FXGL.TextLevelParser - No producer found for character: 0
08:50:10.889 [FXGL Background Thread 1 ] WARN  FXGL.TextLevelParser - No producer found for character: 0
08:50:10.890 [FXGL Background Thread 1 ] DEBUG AssetLoader          - Loading from cache: /assets/textures/brick1.png@50.0x24.0
08:50:10.890 [FXGL Background Thread 1 ] WARN  FXGL.TextLevelParser - No producer found for character: 0
08:50:10.890 [FXGL Background Thread 1 ] WARN  FXGL.TextLevelParser - No producer found for character: 0
08:50:10.890 [FXGL Background Thread 1 ] WARN  FXGL.TextLevelParser - No producer found for character: 0
08:50:10.891 [FXGL Background Thread 1 ] DEBUG AssetLoader          - Loading from cache: /assets/textures/brick1.png@50.0x24.0
08:50:10.891 [FXGL Background Thread 1 ] WARN  FXGL.TextLevelParser - No producer found for character: 0
08:50:10.892 [FXGL Background Thread 1 ] WARN  FXGL.TextLevelParser - No producer found for character: 0
08:50:10.892 [FXGL Background Thread 1 ] WARN  FXGL.TextLevelParser - No producer found for character: 0
08:50:10.892 [FXGL Background Thread 1 ] DEBUG AssetLoader          - Loading from cache: /assets/textures/brick1.png@50.0x24.0
08:50:10.893 [FXGL Background Thread 1 ] DEBUG AssetLoader          - Loading from cache: /assets/textures/brick1.png@50.0x24.0
08:50:10.893 [FXGL Background Thread 1 ] WARN  FXGL.TextLevelParser - No producer found for character: 0
08:50:10.893 [FXGL Background Thread 1 ] WARN  FXGL.TextLevelParser - No producer found for character: 0
08:50:10.893 [FXGL Background Thread 1 ] WARN  FXGL.TextLevelParser - No producer found for character: 0
08:50:10.894 [FXGL Background Thread 1 ] DEBUG AssetLoader          - Loading from cache: /assets/textures/brick1.png@50.0x24.0
08:50:10.895 [FXGL Background Thread 1 ] DEBUG AssetLoader          - Loading from cache: /assets/textures/brick1.png@50.0x24.0
08:50:10.895 [FXGL Background Thread 1 ] WARN  FXGL.TextLevelParser - No producer found for character: 0
08:50:10.895 [FXGL Background Thread 1 ] WARN  FXGL.TextLevelParser - No producer found for character: 0
08:50:10.895 [FXGL Background Thread 1 ] WARN  FXGL.TextLevelParser - No producer found for character: 0
08:50:10.895 [FXGL Background Thread 1 ] WARN  FXGL.TextLevelParser - No producer found for character: 0
08:50:10.895 [FXGL Background Thread 1 ] WARN  FXGL.TextLevelParser - No producer found for character: 0
08:50:10.895 [FXGL Background Thread 1 ] WARN  FXGL.TextLevelParser - No producer found for character: 0
08:50:10.895 [FXGL Background Thread 1 ] WARN  FXGL.TextLevelParser - No producer found for character: 0
08:50:10.896 [FXGL Background Thread 1 ] WARN  FXGL.TextLevelParser - No producer found for character: 0
08:50:10.896 [FXGL Background Thread 1 ] WARN  FXGL.TextLevelParser - No producer found for character: 0
08:50:10.896 [FXGL Background Thread 1 ] WARN  FXGL.TextLevelParser - No producer found for character: 0
08:50:10.896 [FXGL Background Thread 1 ] WARN  FXGL.TextLevelParser - No producer found for character: 0
08:50:10.896 [FXGL Background Thread 1 ] WARN  FXGL.TextLevelParser - No producer found for character: 0
08:50:10.896 [FXGL Background Thread 1 ] DEBUG AssetLoader          - Loading from cache: /assets/textures/brick1.png@50.0x24.0
08:50:10.897 [FXGL Background Thread 1 ] DEBUG AssetLoader          - Loading from cache: /assets/textures/brick1.png@50.0x24.0
08:50:10.898 [FXGL Background Thread 1 ] WARN  FXGL.TextLevelParser - No producer found for character: 0
08:50:10.898 [FXGL Background Thread 1 ] WARN  FXGL.TextLevelParser - No producer found for character: 0
08:50:10.899 [FXGL Background Thread 1 ] DEBUG AssetLoader          - Loading from cache: /assets/textures/brick1.png@50.0x24.0
08:50:10.900 [FXGL Background Thread 1 ] DEBUG AssetLoader          - Loading from cache: /assets/textures/brick1.png@50.0x24.0
08:50:10.900 [FXGL Background Thread 1 ] WARN  FXGL.TextLevelParser - No producer found for character: 0
08:50:10.901 [FXGL Background Thread 1 ] WARN  FXGL.TextLevelParser - No producer found for character: 0
08:50:10.901 [FXGL Background Thread 1 ] DEBUG AssetLoader          - Loading from cache: /assets/textures/brick1.png@50.0x24.0
08:50:10.903 [FXGL Background Thread 1 ] DEBUG AssetLoader          - Loading from cache: /assets/textures/brick1.png@50.0x24.0
08:50:10.904 [FXGL Background Thread 1 ] WARN  FXGL.TextLevelParser - No producer found for character: 0
08:50:10.904 [FXGL Background Thread 1 ] WARN  FXGL.TextLevelParser - No producer found for character: 0
08:50:10.905 [FXGL Background Thread 1 ] WARN  FXGL.TextLevelParser - No producer found for character: 0
08:50:10.905 [FXGL Background Thread 1 ] DEBUG AssetLoader          - Loading from cache: /assets/textures/brick1.png@50.0x24.0
08:50:10.906 [FXGL Background Thread 1 ] DEBUG AssetLoader          - Loading from cache: /assets/textures/brick1.png@50.0x24.0
08:50:10.907 [FXGL Background Thread 1 ] WARN  FXGL.TextLevelParser - No producer found for character: 0
08:50:10.907 [FXGL Background Thread 1 ] WARN  FXGL.TextLevelParser - No producer found for character: 0
08:50:10.908 [FXGL Background Thread 1 ] DEBUG AssetLoader          - Loading from cache: /assets/textures/brick1.png@50.0x24.0
08:50:10.908 [FXGL Background Thread 1 ] DEBUG AssetLoader          - Loading from cache: /assets/textures/brick1.png@50.0x24.0
08:50:10.909 [FXGL Background Thread 1 ] WARN  FXGL.TextLevelParser - No producer found for character: 0
08:50:10.909 [FXGL Background Thread 1 ] WARN  FXGL.TextLevelParser - No producer found for character: 0
08:50:10.909 [FXGL Background Thread 1 ] WARN  FXGL.TextLevelParser - No producer found for character: 0
08:50:10.909 [FXGL Background Thread 1 ] WARN  FXGL.TextLevelParser - No producer found for character: 0
08:50:10.910 [FXGL Background Thread 1 ] DEBUG AssetLoader          - Loading from cache: /assets/textures/brick1.png@50.0x24.0
08:50:10.911 [FXGL Background Thread 1 ] DEBUG AssetLoader          - Loading from cache: /assets/textures/brick1.png@50.0x24.0
08:50:10.912 [FXGL Background Thread 1 ] WARN  FXGL.TextLevelParser - No producer found for character: 0
08:50:10.912 [FXGL Background Thread 1 ] WARN  FXGL.TextLevelParser - No producer found for character: 0
08:50:10.912 [FXGL Background Thread 1 ] DEBUG AssetLoader          - Loading from cache: /assets/textures/brick1.png@50.0x24.0
08:50:10.913 [FXGL Background Thread 1 ] DEBUG AssetLoader          - Loading from cache: /assets/textures/brick1.png@50.0x24.0
08:50:10.914 [FXGL Background Thread 1 ] DEBUG AssetLoader          - Loading from cache: /assets/textures/brick1.png@50.0x24.0
08:50:10.914 [FXGL Background Thread 1 ] DEBUG AssetLoader          - Loading from cache: /assets/textures/brick1.png@50.0x24.0
08:50:10.915 [FXGL Background Thread 1 ] DEBUG AssetLoader          - Loading from cache: /assets/textures/brick1.png@50.0x24.0
08:50:10.915 [FXGL Background Thread 1 ] WARN  FXGL.TextLevelParser - No producer found for character: 0
08:50:10.915 [FXGL Background Thread 1 ] WARN  FXGL.TextLevelParser - No producer found for character: 0
08:50:10.916 [FXGL Background Thread 1 ] DEBUG AssetLoader          - Loading from cache: /assets/textures/brick1.png@50.0x24.0
08:50:10.917 [FXGL Background Thread 1 ] DEBUG AssetLoader          - Loading from cache: /assets/textures/brick1.png@50.0x24.0
08:50:10.917 [FXGL Background Thread 1 ] WARN  FXGL.TextLevelParser - No producer found for character: 0
08:50:10.917 [FXGL Background Thread 1 ] WARN  FXGL.TextLevelParser - No producer found for character: 0
08:50:10.917 [FXGL Background Thread 1 ] WARN  FXGL.TextLevelParser - No producer found for character: 0
08:50:10.918 [FXGL Background Thread 1 ] WARN  FXGL.TextLevelParser - No producer found for character: 0
08:50:10.918 [FXGL Background Thread 1 ] WARN  FXGL.TextLevelParser - No producer found for character: 0
08:50:10.918 [FXGL Background Thread 1 ] WARN  FXGL.TextLevelParser - No producer found for character: 0
08:50:10.919 [FXGL Background Thread 1 ] DEBUG AssetLoader          - Loading from cache: /assets/textures/brick1.png@50.0x24.0
08:50:10.920 [FXGL Background Thread 1 ] DEBUG AssetLoader          - Loading from cache: /assets/textures/brick1.png@50.0x24.0
08:50:10.921 [FXGL Background Thread 1 ] WARN  FXGL.TextLevelParser - No producer found for character: 0
08:50:10.921 [FXGL Background Thread 1 ] WARN  FXGL.TextLevelParser - No producer found for character: 0
08:50:10.921 [FXGL Background Thread 1 ] WARN  FXGL.TextLevelParser - No producer found for character: 0
08:50:10.921 [FXGL Background Thread 1 ] WARN  FXGL.TextLevelParser - No producer found for character: 0
08:50:10.921 [FXGL Background Thread 1 ] WARN  FXGL.TextLevelParser - No producer found for character: 0
08:50:10.921 [FXGL Background Thread 1 ] WARN  FXGL.TextLevelParser - No producer found for character: 0
08:50:10.921 [FXGL Background Thread 1 ] WARN  FXGL.TextLevelParser - No producer found for character: 0
08:50:10.922 [FXGL Background Thread 1 ] DEBUG AssetLoader          - Loading from cache: /assets/textures/brick1.png@50.0x24.0
08:50:10.923 [FXGL Background Thread 1 ] DEBUG AssetLoader          - Loading from cache: /assets/textures/brick1.png@50.0x24.0
08:50:10.923 [FXGL Background Thread 1 ] WARN  FXGL.TextLevelParser - No producer found for character: 0
08:50:10.923 [FXGL Background Thread 1 ] WARN  FXGL.TextLevelParser - No producer found for character: 0
08:50:10.923 [FXGL Background Thread 1 ] WARN  FXGL.TextLevelParser - No producer found for character: 0
08:50:10.923 [FXGL Background Thread 1 ] WARN  FXGL.TextLevelParser - No producer found for character: 0
08:50:10.923 [FXGL Background Thread 1 ] WARN  FXGL.TextLevelParser - No producer found for character: 0
08:50:10.924 [FXGL Background Thread 1 ] WARN  FXGL.TextLevelParser - No producer found for character: 0
08:50:10.924 [FXGL Background Thread 1 ] WARN  FXGL.TextLevelParser - No producer found for character: 0
08:50:10.924 [FXGL Background Thread 1 ] WARN  FXGL.TextLevelParser - No producer found for character: 0
08:50:10.924 [FXGL Background Thread 1 ] DEBUG AssetLoader          - Loading from cache: /assets/textures/brick1.png@50.0x24.0
08:50:10.925 [FXGL Background Thread 1 ] DEBUG AssetLoader          - Loading from cache: /assets/textures/brick1.png@50.0x24.0
08:50:10.926 [FXGL Background Thread 1 ] DEBUG AssetLoader          - Loading from cache: /assets/textures/brick1.png@50.0x24.0
08:50:10.927 [FXGL Background Thread 1 ] DEBUG AssetLoader          - Loading from cache: /assets/textures/brick1.png@50.0x24.0
08:50:10.928 [FXGL Background Thread 1 ] DEBUG AssetLoader          - Loading from cache: /assets/textures/brick1.png@50.0x24.0
08:50:10.929 [FXGL Background Thread 1 ] DEBUG AssetLoader          - Loading from cache: /assets/textures/brick1.png@50.0x24.0
08:50:10.930 [FXGL Background Thread 1 ] DEBUG AssetLoader          - Loading from cache: /assets/textures/brick1.png@50.0x24.0
08:50:10.931 [FXGL Background Thread 1 ] DEBUG AssetLoader          - Loading from cache: /assets/textures/brick1.png@50.0x24.0
08:50:10.931 [FXGL Background Thread 1 ] DEBUG AssetLoader          - Loading from cache: /assets/textures/brick1.png@50.0x24.0
08:50:10.932 [FXGL Background Thread 1 ] WARN  FXGL.TextLevelParser - No producer found for character: 0
08:50:10.932 [FXGL Background Thread 1 ] WARN  FXGL.TextLevelParser - No producer found for character: 0
08:50:10.932 [FXGL Background Thread 1 ] WARN  FXGL.TextLevelParser - No producer found for character: 0
08:50:10.932 [FXGL Background Thread 1 ] WARN  FXGL.TextLevelParser - No producer found for character: 0
08:50:10.932 [FXGL Background Thread 1 ] WARN  FXGL.TextLevelParser - No producer found for character: 0
08:50:10.933 [FXGL Background Thread 1 ] WARN  FXGL.TextLevelParser - No producer found for character: 0
08:50:10.933 [FXGL Background Thread 1 ] WARN  FXGL.TextLevelParser - No producer found for character: 0
08:50:10.933 [FXGL Background Thread 1 ] WARN  FXGL.TextLevelParser - No producer found for character: 0
08:50:10.933 [FXGL Background Thread 1 ] WARN  FXGL.TextLevelParser - No producer found for character: 0
08:50:10.933 [FXGL Background Thread 1 ] WARN  FXGL.TextLevelParser - No producer found for character: 0
08:50:10.933 [FXGL Background Thread 1 ] WARN  FXGL.TextLevelParser - No producer found for character: 0
08:50:10.933 [FXGL Background Thread 1 ] WARN  FXGL.TextLevelParser - No producer found for character: 0
08:50:10.933 [FXGL Background Thread 1 ] WARN  FXGL.TextLevelParser - No producer found for character: 0
08:50:10.933 [FXGL Background Thread 1 ] WARN  FXGL.TextLevelParser - No producer found for character: 0
08:50:10.933 [FXGL Background Thread 1 ] WARN  FXGL.TextLevelParser - No producer found for character: 0
08:50:10.933 [FXGL Background Thread 1 ] WARN  FXGL.TextLevelParser - No producer found for character: 0
08:50:10.933 [FXGL Background Thread 1 ] WARN  FXGL.TextLevelParser - No producer found for character: 0
08:50:10.933 [FXGL Background Thread 1 ] WARN  FXGL.TextLevelParser - No producer found for character: 0
08:50:10.934 [FXGL Background Thread 1 ] WARN  FXGL.TextLevelParser - No producer found for character: 0
08:50:10.934 [FXGL Background Thread 1 ] WARN  FXGL.TextLevelParser - No producer found for character: 0
08:50:10.934 [FXGL Background Thread 1 ] WARN  FXGL.TextLevelParser - No producer found for character: 0
08:50:10.934 [FXGL Background Thread 1 ] WARN  FXGL.TextLevelParser - No producer found for character: 0
08:50:10.934 [FXGL Background Thread 1 ] WARN  FXGL.TextLevelParser - No producer found for character: 0
08:50:10.934 [FXGL Background Thread 1 ] WARN  FXGL.TextLevelParser - No producer found for character: 0
08:50:10.934 [FXGL Background Thread 1 ] WARN  FXGL.TextLevelParser - No producer found for character: 0
08:50:10.934 [FXGL Background Thread 1 ] WARN  FXGL.TextLevelParser - No producer found for character: 0
08:50:10.934 [FXGL Background Thread 1 ] WARN  FXGL.TextLevelParser - No producer found for character: 0
08:50:10.935 [FXGL Background Thread 1 ] WARN  FXGL.TextLevelParser - No producer found for character: 0
08:50:10.935 [FXGL Background Thread 1 ] WARN  FXGL.TextLevelParser - No producer found for character: 0
08:50:10.935 [FXGL Background Thread 1 ] WARN  FXGL.TextLevelParser - No producer found for character: 0
08:50:10.935 [FXGL Background Thread 1 ] WARN  FXGL.TextLevelParser - No producer found for character: 0
08:50:10.935 [FXGL Background Thread 1 ] WARN  FXGL.TextLevelParser - No producer found for character: 0
08:50:10.935 [FXGL Background Thread 1 ] WARN  FXGL.TextLevelParser - No producer found for character: 0
08:50:10.935 [FXGL Background Thread 1 ] WARN  FXGL.TextLevelParser - No producer found for character: 0
08:50:10.935 [FXGL Background Thread 1 ] WARN  FXGL.TextLevelParser - No producer found for character: 0
08:50:10.936 [FXGL Background Thread 1 ] WARN  FXGL.TextLevelParser - No producer found for character: 0
08:50:10.936 [FXGL Background Thread 1 ] WARN  FXGL.TextLevelParser - No producer found for character: 0
08:50:10.936 [FXGL Background Thread 1 ] WARN  FXGL.TextLevelParser - No producer found for character: 0
08:50:10.936 [FXGL Background Thread 1 ] WARN  FXGL.TextLevelParser - No producer found for character: 0
08:50:10.936 [FXGL Background Thread 1 ] WARN  FXGL.TextLevelParser - No producer found for character: 0
08:50:10.936 [FXGL Background Thread 1 ] WARN  FXGL.TextLevelParser - No producer found for character: 0
08:50:10.936 [FXGL Background Thread 1 ] WARN  FXGL.TextLevelParser - No producer found for character: 0
08:50:10.937 [FXGL Background Thread 1 ] WARN  FXGL.TextLevelParser - No producer found for character: 0
08:50:10.937 [FXGL Background Thread 1 ] WARN  FXGL.TextLevelParser - No producer found for character: 0
08:50:10.937 [FXGL Background Thread 1 ] WARN  FXGL.TextLevelParser - No producer found for character: 0
08:50:10.937 [FXGL Background Thread 1 ] WARN  FXGL.TextLevelParser - No producer found for character: 0
08:50:10.937 [FXGL Background Thread 1 ] WARN  FXGL.TextLevelParser - No producer found for character: 0
08:50:10.937 [FXGL Background Thread 1 ] WARN  FXGL.TextLevelParser - No producer found for character: 0
08:50:10.938 [FXGL Background Thread 1 ] WARN  FXGL.TextLevelParser - No producer found for character: 0
08:50:10.938 [FXGL Background Thread 1 ] WARN  FXGL.TextLevelParser - No producer found for character: 0
08:50:10.938 [FXGL Background Thread 1 ] WARN  FXGL.TextLevelParser - No producer found for character: 0
08:50:10.938 [FXGL Background Thread 1 ] WARN  FXGL.TextLevelParser - No producer found for character: 0
08:50:10.938 [FXGL Background Thread 1 ] WARN  FXGL.TextLevelParser - No producer found for character: 0
08:50:10.938 [FXGL Background Thread 1 ] WARN  FXGL.TextLevelParser - No producer found for character: 0
08:50:10.938 [FXGL Background Thread 1 ] WARN  FXGL.TextLevelParser - No producer found for character: 0
08:50:10.939 [FXGL Background Thread 1 ] WARN  FXGL.TextLevelParser - No producer found for character: 0
08:50:10.939 [FXGL Background Thread 1 ] WARN  FXGL.TextLevelParser - No producer found for character: 0
08:50:10.939 [FXGL Background Thread 1 ] WARN  FXGL.TextLevelParser - No producer found for character: 0
08:50:10.939 [FXGL Background Thread 1 ] WARN  FXGL.TextLevelParser - No producer found for character: 0
08:50:10.939 [FXGL Background Thread 1 ] WARN  FXGL.TextLevelParser - No producer found for character: 0
08:50:10.939 [FXGL Background Thread 1 ] WARN  FXGL.TextLevelParser - No producer found for character: 0
08:50:10.939 [FXGL Background Thread 1 ] WARN  FXGL.TextLevelParser - No producer found for character: 0
08:50:10.939 [FXGL Background Thread 1 ] WARN  FXGL.TextLevelParser - No producer found for character: 0
08:50:10.939 [FXGL Background Thread 1 ] WARN  FXGL.TextLevelParser - No producer found for character: 0
08:50:10.939 [FXGL Background Thread 1 ] WARN  FXGL.TextLevelParser - No producer found for character: 0
08:50:10.939 [FXGL Background Thread 1 ] WARN  FXGL.TextLevelParser - No producer found for character: 0
08:50:10.939 [FXGL Background Thread 1 ] WARN  FXGL.TextLevelParser - No producer found for character: 0
08:50:10.940 [FXGL Background Thread 1 ] WARN  FXGL.TextLevelParser - No producer found for character: 0
08:50:10.940 [FXGL Background Thread 1 ] WARN  FXGL.TextLevelParser - No producer found for character: 0
08:50:10.940 [FXGL Background Thread 1 ] WARN  FXGL.TextLevelParser - No producer found for character: 0
08:50:10.940 [FXGL Background Thread 1 ] WARN  FXGL.TextLevelParser - No producer found for character: 0
08:50:10.940 [FXGL Background Thread 1 ] WARN  FXGL.TextLevelParser - No producer found for character: 0
08:50:10.940 [FXGL Background Thread 1 ] WARN  FXGL.TextLevelParser - No producer found for character: 0
08:50:10.940 [FXGL Background Thread 1 ] WARN  FXGL.TextLevelParser - No producer found for character: 0
08:50:10.940 [FXGL Background Thread 1 ] WARN  FXGL.TextLevelParser - No producer found for character: 0
08:50:10.940 [FXGL Background Thread 1 ] WARN  FXGL.TextLevelParser - No producer found for character: 0
08:50:10.941 [FXGL Background Thread 1 ] WARN  FXGL.TextLevelParser - No producer found for character: 0
08:50:10.941 [FXGL Background Thread 1 ] WARN  FXGL.TextLevelParser - No producer found for character: 0
08:50:10.941 [FXGL Background Thread 1 ] WARN  FXGL.TextLevelParser - No producer found for character: 0
08:50:10.941 [FXGL Background Thread 1 ] WARN  FXGL.TextLevelParser - No producer found for character: 0
08:50:10.941 [FXGL Background Thread 1 ] WARN  FXGL.TextLevelParser - No producer found for character: 0
08:50:10.941 [FXGL Background Thread 1 ] WARN  FXGL.TextLevelParser - No producer found for character: 0
08:50:10.941 [FXGL Background Thread 1 ] WARN  FXGL.TextLevelParser - No producer found for character: 0
08:50:10.941 [FXGL Background Thread 1 ] WARN  FXGL.TextLevelParser - No producer found for character: 0
08:50:10.941 [FXGL Background Thread 1 ] WARN  FXGL.TextLevelParser - No producer found for character: 0
08:50:10.941 [FXGL Background Thread 1 ] WARN  FXGL.TextLevelParser - No producer found for character: 0
08:50:10.942 [FXGL Background Thread 1 ] WARN  FXGL.TextLevelParser - No producer found for character: 0
08:50:10.942 [FXGL Background Thread 1 ] WARN  FXGL.TextLevelParser - No producer found for character: 0
08:50:10.942 [FXGL Background Thread 1 ] WARN  FXGL.TextLevelParser - No producer found for character: 0
08:50:10.942 [FXGL Background Thread 1 ] WARN  FXGL.TextLevelParser - No producer found for character: 0
08:50:10.942 [FXGL Background Thread 1 ] WARN  FXGL.TextLevelParser - No producer found for character: 0
08:50:10.942 [FXGL Background Thread 1 ] WARN  FXGL.TextLevelParser - No producer found for character: 0
08:50:10.942 [FXGL Background Thread 1 ] WARN  FXGL.TextLevelParser - No producer found for character: 0
08:50:10.942 [FXGL Background Thread 1 ] WARN  FXGL.TextLevelParser - No producer found for character: 0
08:50:10.943 [FXGL Background Thread 1 ] WARN  FXGL.TextLevelParser - No producer found for character: 0
08:50:10.943 [FXGL Background Thread 1 ] WARN  FXGL.TextLevelParser - No producer found for character: 0
08:50:10.943 [FXGL Background Thread 1 ] WARN  FXGL.TextLevelParser - No producer found for character: 0
08:50:10.943 [FXGL Background Thread 1 ] WARN  FXGL.TextLevelParser - No producer found for character: 0
08:50:10.943 [FXGL Background Thread 1 ] WARN  FXGL.TextLevelParser - No producer found for character: 0
08:50:10.943 [FXGL Background Thread 1 ] WARN  FXGL.TextLevelParser - No producer found for character: 0
08:50:10.943 [FXGL Background Thread 1 ] WARN  FXGL.TextLevelParser - No producer found for character: 0
08:50:10.943 [FXGL Background Thread 1 ] WARN  FXGL.TextLevelParser - No producer found for character: 0
08:50:10.944 [FXGL Background Thread 1 ] WARN  FXGL.TextLevelParser - No producer found for character: 0
08:50:10.949 [FXGL Background Thread 1 ] WARN  FXGL.TextLevelParser - No producer found for character: 0
08:50:10.949 [FXGL Background Thread 1 ] WARN  FXGL.TextLevelParser - No producer found for character: 0
08:50:10.949 [FXGL Background Thread 1 ] WARN  FXGL.TextLevelParser - No producer found for character: 0
08:50:10.949 [FXGL Background Thread 1 ] WARN  FXGL.TextLevelParser - No producer found for character: 0
08:50:10.949 [FXGL Background Thread 1 ] WARN  FXGL.TextLevelParser - No producer found for character: 0
08:50:10.949 [FXGL Background Thread 1 ] WARN  FXGL.TextLevelParser - No producer found for character: 0
08:50:10.949 [FXGL Background Thread 1 ] WARN  FXGL.TextLevelParser - No producer found for character: 0
08:50:10.949 [FXGL Background Thread 1 ] WARN  FXGL.TextLevelParser - No producer found for character: 0
08:50:10.950 [FXGL Background Thread 1 ] WARN  FXGL.TextLevelParser - No producer found for character: 0
08:50:10.950 [FXGL Background Thread 1 ] WARN  FXGL.TextLevelParser - No producer found for character: 0
08:50:10.950 [FXGL Background Thread 1 ] WARN  FXGL.TextLevelParser - No producer found for character: 0
08:50:10.950 [FXGL Background Thread 1 ] WARN  FXGL.TextLevelParser - No producer found for character: 0
08:50:10.950 [FXGL Background Thread 1 ] WARN  FXGL.TextLevelParser - No producer found for character: 0
08:50:10.950 [FXGL Background Thread 1 ] WARN  FXGL.TextLevelParser - No producer found for character: 0
08:50:10.950 [FXGL Background Thread 1 ] WARN  FXGL.TextLevelParser - No producer found for character: 0
08:50:10.950 [FXGL Background Thread 1 ] WARN  FXGL.TextLevelParser - No producer found for character: 0
08:50:10.951 [FXGL Background Thread 1 ] WARN  FXGL.TextLevelParser - No producer found for character: 0
08:50:10.951 [FXGL Background Thread 1 ] WARN  FXGL.TextLevelParser - No producer found for character: 0
08:50:10.952 [FXGL Background Thread 1 ] DEBUG AssetLoader          - Loading from disk: /assets/textures/bar.png
08:50:10.954 [FXGL Background Thread 1 ] WARN  FXGL.TextLevelParser - No producer found for character: 0
08:50:10.954 [FXGL Background Thread 1 ] WARN  FXGL.TextLevelParser - No producer found for character: 0
08:50:10.955 [FXGL Background Thread 1 ] WARN  FXGL.TextLevelParser - No producer found for character: 0
08:50:10.955 [FXGL Background Thread 1 ] WARN  FXGL.TextLevelParser - No producer found for character: 0
08:50:10.955 [FXGL Background Thread 1 ] WARN  FXGL.TextLevelParser - No producer found for character: 0
08:50:10.955 [FXGL Background Thread 1 ] WARN  FXGL.TextLevelParser - No producer found for character: 0
08:50:10.955 [FXGL Background Thread 1 ] WARN  FXGL.TextLevelParser - No producer found for character: 0
08:50:10.955 [FXGL Background Thread 1 ] WARN  FXGL.TextLevelParser - No producer found for character: 0
08:50:10.955 [FXGL Background Thread 1 ] WARN  FXGL.TextLevelParser - No producer found for character: 0
08:50:10.955 [FXGL Background Thread 1 ] WARN  FXGL.TextLevelParser - No producer found for character: 0
08:50:10.955 [FXGL Background Thread 1 ] WARN  FXGL.TextLevelParser - No producer found for character: 0
08:50:10.955 [FXGL Background Thread 1 ] WARN  FXGL.TextLevelParser - No producer found for character: 0
08:50:10.956 [FXGL Background Thread 1 ] WARN  FXGL.TextLevelParser - No producer found for character: 0
08:50:10.956 [FXGL Background Thread 1 ] WARN  FXGL.TextLevelParser - No producer found for character: 0
08:50:10.956 [FXGL Background Thread 1 ] WARN  FXGL.TextLevelParser - No producer found for character: 0
08:50:10.956 [FXGL Background Thread 1 ] WARN  FXGL.TextLevelParser - No producer found for character: 0
08:50:10.956 [FXGL Background Thread 1 ] WARN  FXGL.TextLevelParser - No producer found for character: 0
08:50:10.956 [FXGL Background Thread 1 ] WARN  FXGL.TextLevelParser - No producer found for character: 0
08:50:10.956 [FXGL Background Thread 1 ] WARN  FXGL.TextLevelParser - No producer found for character: 0
08:50:10.956 [FXGL Background Thread 1 ] WARN  FXGL.TextLevelParser - No producer found for character: 0
08:50:10.956 [FXGL Background Thread 1 ] WARN  FXGL.TextLevelParser - No producer found for character: 0
08:50:10.956 [FXGL Background Thread 1 ] WARN  FXGL.TextLevelParser - No producer found for character: 0
08:50:10.956 [FXGL Background Thread 1 ] WARN  FXGL.TextLevelParser - No producer found for character: 0
08:50:10.957 [FXGL Background Thread 1 ] WARN  FXGL.TextLevelParser - No producer found for character: 0
08:50:10.957 [FXGL Background Thread 1 ] WARN  FXGL.TextLevelParser - No producer found for character: 0
08:50:10.957 [FXGL Background Thread 1 ] WARN  FXGL.TextLevelParser - No producer found for character: 0
08:50:10.957 [FXGL Background Thread 1 ] DEBUG AssetLoader          - Loading from disk: /assets/textures/fire.png
08:50:10.962 [FXGL Background Thread 1 ] WARN  FXGL.TextLevelParser - No producer found for character: 0
08:50:10.963 [FXGL Background Thread 1 ] DEBUG AssetLoader          - Loading from cache: /assets/textures/fire.png@100.0x80.0
08:50:10.964 [FXGL Background Thread 1 ] WARN  FXGL.TextLevelParser - No producer found for character: 0
08:50:10.964 [FXGL Background Thread 1 ] DEBUG AssetLoader          - Loading from cache: /assets/textures/fire.png@100.0x80.0
08:50:10.965 [FXGL Background Thread 1 ] WARN  FXGL.TextLevelParser - No producer found for character: 0
08:50:10.965 [FXGL Background Thread 1 ] DEBUG AssetLoader          - Loading from cache: /assets/textures/fire.png@100.0x80.0
08:50:10.966 [FXGL Background Thread 1 ] WARN  FXGL.TextLevelParser - No producer found for character: 0
08:50:10.966 [FXGL Background Thread 1 ] DEBUG AssetLoader          - Loading from cache: /assets/textures/fire.png@100.0x80.0
08:50:10.967 [FXGL Background Thread 1 ] WARN  FXGL.TextLevelParser - No producer found for character: 0
08:50:10.968 [FXGL Background Thread 1 ] DEBUG AssetLoader          - Loading from cache: /assets/textures/fire.png@100.0x80.0
08:50:10.969 [FXGL Background Thread 1 ] WARN  FXGL.TextLevelParser - No producer found for character: 0
08:50:10.971 [FXGL Background Thread 1 ] DEBUG AssetLoader          - Loading from cache: /assets/textures/fire.png@100.0x80.0
08:50:10.972 [FXGL Background Thread 1 ] WARN  FXGL.TextLevelParser - No producer found for character: 0
08:50:10.972 [FXGL Background Thread 1 ] DEBUG AssetLoader          - Loading from cache: /assets/textures/fire.png@100.0x80.0
08:50:10.973 [FXGL Background Thread 1 ] WARN  FXGL.TextLevelParser - No producer found for character: 0
08:50:10.973 [FXGL Background Thread 1 ] DEBUG AssetLoader          - Loading from cache: /assets/textures/fire.png@100.0x80.0
08:50:10.974 [FXGL Background Thread 1 ] WARN  FXGL.TextLevelParser - No producer found for character: 0
08:50:10.974 [FXGL Background Thread 1 ] DEBUG GameWorld            - Clearing removable entities
08:50:10.975 [FXGL Background Thread 1 ] DEBUG GameWorld            - Setting level: com.almasb.fxgl.entity.Level@7fd82cab
08:50:10.997 [FXGL Background Thread 1 ] DEBUG GameScene            - Creating render group for layer: DEFAULT(100000)
08:50:11.016 [FXGL Background Thread 1 ] DEBUG GameScene            - Creating render group for layer: BACKGROUND(1000)
08:50:11.017 [FXGL Background Thread 1 ] DEBUG InitAppTask          - Initializing Physics
08:50:11.018 [FXGL Background Thread 1 ] DEBUG InitAppTask          - Initializing UI
08:50:11.019 [FXGL Background Thread 1 ] DEBUG InitAppTask          - Initialization Complete
08:50:11.019 [FXGL Background Thread 1 ] INFO  InitAppTask          - Game initialization took: 0,276 sec
08:50:11.030 [JavaFX Application Thread] DEBUG Input                - Clearing active input actions
08:50:11.051 [JavaFX Application Thread] DEBUG AppStateMachine      - LoadingState -> PlayState
08:52:07.304 [JavaFX Application Thread] DEBUG AssetLoader          - Loading from disk: /assets/text/levels/level2.txt
08:52:07.307 [JavaFX Application Thread] WARN  FXGL.TextLevelParser - No producer found for character: 0
08:52:07.308 [JavaFX Application Thread] WARN  FXGL.TextLevelParser - No producer found for character: 0
08:52:07.308 [JavaFX Application Thread] WARN  FXGL.TextLevelParser - No producer found for character: 0
08:52:07.309 [JavaFX Application Thread] WARN  FXGL.TextLevelParser - No producer found for character: 0
08:52:07.309 [JavaFX Application Thread] WARN  FXGL.TextLevelParser - No producer found for character: 0
08:52:07.309 [JavaFX Application Thread] WARN  FXGL.TextLevelParser - No producer found for character: 0
08:52:07.310 [JavaFX Application Thread] WARN  FXGL.TextLevelParser - No producer found for character: 0
08:52:07.310 [JavaFX Application Thread] WARN  FXGL.TextLevelParser - No producer found for character: 0
08:52:07.310 [JavaFX Application Thread] WARN  FXGL.TextLevelParser - No producer found for character: 0
08:52:07.311 [JavaFX Application Thread] WARN  FXGL.TextLevelParser - No producer found for character: 0
08:52:07.311 [JavaFX Application Thread] WARN  FXGL.TextLevelParser - No producer found for character: 0
08:52:07.311 [JavaFX Application Thread] WARN  FXGL.TextLevelParser - No producer found for character: 0
08:52:07.311 [JavaFX Application Thread] WARN  FXGL.TextLevelParser - No producer found for character: 0
08:52:07.312 [JavaFX Application Thread] WARN  FXGL.TextLevelParser - No producer found for character: 0
08:52:07.312 [JavaFX Application Thread] WARN  FXGL.TextLevelParser - No producer found for character: 0
08:52:07.312 [JavaFX Application Thread] WARN  FXGL.TextLevelParser - No producer found for character: 0
08:52:07.312 [JavaFX Application Thread] WARN  FXGL.TextLevelParser - No producer found for character: 0
08:52:07.313 [JavaFX Application Thread] WARN  FXGL.TextLevelParser - No producer found for character: 0
08:52:07.314 [JavaFX Application Thread] DEBUG AssetLoader          - Loading from cache: /assets/textures/brick1.png@50.0x24.0
08:52:07.315 [JavaFX Application Thread] WARN  FXGL.TextLevelParser - No producer found for character: 0
08:52:07.316 [JavaFX Application Thread] WARN  FXGL.TextLevelParser - No producer found for character: 0
08:52:07.316 [JavaFX Application Thread] WARN  FXGL.TextLevelParser - No producer found for character: 0
08:52:07.316 [JavaFX Application Thread] WARN  FXGL.TextLevelParser - No producer found for character: 0
08:52:07.316 [JavaFX Application Thread] WARN  FXGL.TextLevelParser - No producer found for character: 0
08:52:07.317 [JavaFX Application Thread] WARN  FXGL.TextLevelParser - No producer found for character: 0
08:52:07.317 [JavaFX Application Thread] WARN  FXGL.TextLevelParser - No producer found for character: 0
08:52:07.317 [JavaFX Application Thread] WARN  FXGL.TextLevelParser - No producer found for character: 0
08:52:07.317 [JavaFX Application Thread] WARN  FXGL.TextLevelParser - No producer found for character: 0
08:52:07.318 [JavaFX Application Thread] WARN  FXGL.TextLevelParser - No producer found for character: 0
08:52:07.318 [JavaFX Application Thread] WARN  FXGL.TextLevelParser - No producer found for character: 0
08:52:07.318 [JavaFX Application Thread] WARN  FXGL.TextLevelParser - No producer found for character: 0
08:52:07.318 [JavaFX Application Thread] WARN  FXGL.TextLevelParser - No producer found for character: 0
08:52:07.319 [JavaFX Application Thread] WARN  FXGL.TextLevelParser - No producer found for character: 0
08:52:07.319 [JavaFX Application Thread] WARN  FXGL.TextLevelParser - No producer found for character: 0
08:52:07.319 [JavaFX Application Thread] WARN  FXGL.TextLevelParser - No producer found for character: 0
08:52:07.320 [JavaFX Application Thread] DEBUG AssetLoader          - Loading from cache: /assets/textures/brick1.png@50.0x24.0
08:52:07.322 [JavaFX Application Thread] WARN  FXGL.TextLevelParser - No producer found for character: 0
08:52:07.323 [JavaFX Application Thread] DEBUG AssetLoader          - Loading from cache: /assets/textures/brick1.png@50.0x24.0
08:52:07.324 [JavaFX Application Thread] WARN  FXGL.TextLevelParser - No producer found for character: 0
08:52:07.324 [JavaFX Application Thread] WARN  FXGL.TextLevelParser - No producer found for character: 0
08:52:07.324 [JavaFX Application Thread] WARN  FXGL.TextLevelParser - No producer found for character: 0
08:52:07.324 [JavaFX Application Thread] WARN  FXGL.TextLevelParser - No producer found for character: 0
08:52:07.325 [JavaFX Application Thread] WARN  FXGL.TextLevelParser - No producer found for character: 0
08:52:07.325 [JavaFX Application Thread] WARN  FXGL.TextLevelParser - No producer found for character: 0
08:52:07.326 [JavaFX Application Thread] DEBUG AssetLoader          - Loading from cache: /assets/textures/brick1.png@50.0x24.0
08:52:07.327 [JavaFX Application Thread] DEBUG AssetLoader          - Loading from cache: /assets/textures/brick1.png@50.0x24.0
08:52:07.328 [JavaFX Application Thread] WARN  FXGL.TextLevelParser - No producer found for character: 0
08:52:07.329 [JavaFX Application Thread] WARN  FXGL.TextLevelParser - No producer found for character: 0
08:52:07.329 [JavaFX Application Thread] WARN  FXGL.TextLevelParser - No producer found for character: 0
08:52:07.329 [JavaFX Application Thread] WARN  FXGL.TextLevelParser - No producer found for character: 0
08:52:07.329 [JavaFX Application Thread] WARN  FXGL.TextLevelParser - No producer found for character: 0
08:52:07.329 [JavaFX Application Thread] WARN  FXGL.TextLevelParser - No producer found for character: 0
08:52:07.330 [JavaFX Application Thread] DEBUG AssetLoader          - Loading from cache: /assets/textures/brick1.png@50.0x24.0
08:52:07.331 [JavaFX Application Thread] WARN  FXGL.TextLevelParser - No producer found for character: 0
08:52:07.331 [JavaFX Application Thread] WARN  FXGL.TextLevelParser - No producer found for character: 0
08:52:07.331 [JavaFX Application Thread] WARN  FXGL.TextLevelParser - No producer found for character: 0
08:52:07.332 [JavaFX Application Thread] DEBUG AssetLoader          - Loading from cache: /assets/textures/brick1.png@50.0x24.0
08:52:07.333 [JavaFX Application Thread] WARN  FXGL.TextLevelParser - No producer found for character: 0
08:52:07.333 [JavaFX Application Thread] WARN  FXGL.TextLevelParser - No producer found for character: 0
08:52:07.333 [JavaFX Application Thread] WARN  FXGL.TextLevelParser - No producer found for character: 0
08:52:07.333 [JavaFX Application Thread] WARN  FXGL.TextLevelParser - No producer found for character: 0
08:52:07.334 [JavaFX Application Thread] DEBUG AssetLoader          - Loading from cache: /assets/textures/brick1.png@50.0x24.0
08:52:07.336 [JavaFX Application Thread] DEBUG AssetLoader          - Loading from cache: /assets/textures/brick1.png@50.0x24.0
08:52:07.337 [JavaFX Application Thread] DEBUG AssetLoader          - Loading from cache: /assets/textures/brick1.png@50.0x24.0
08:52:07.338 [JavaFX Application Thread] DEBUG AssetLoader          - Loading from cache: /assets/textures/brick1.png@50.0x24.0
08:52:07.339 [JavaFX Application Thread] WARN  FXGL.TextLevelParser - No producer found for character: 0
08:52:07.339 [JavaFX Application Thread] WARN  FXGL.TextLevelParser - No producer found for character: 0
08:52:07.339 [JavaFX Application Thread] WARN  FXGL.TextLevelParser - No producer found for character: 0
08:52:07.340 [JavaFX Application Thread] WARN  FXGL.TextLevelParser - No producer found for character: 0
08:52:07.340 [JavaFX Application Thread] DEBUG AssetLoader          - Loading from cache: /assets/textures/brick1.png@50.0x24.0
08:52:07.341 [JavaFX Application Thread] WARN  FXGL.TextLevelParser - No producer found for character: 0
08:52:07.341 [JavaFX Application Thread] WARN  FXGL.TextLevelParser - No producer found for character: 0
08:52:07.341 [JavaFX Application Thread] WARN  FXGL.TextLevelParser - No producer found for character: 0
08:52:07.341 [JavaFX Application Thread] WARN  FXGL.TextLevelParser - No producer found for character: 0
08:52:07.341 [JavaFX Application Thread] WARN  FXGL.TextLevelParser - No producer found for character: 0
08:52:07.342 [JavaFX Application Thread] DEBUG AssetLoader          - Loading from cache: /assets/textures/brick1.png@50.0x24.0
08:52:07.342 [JavaFX Application Thread] WARN  FXGL.TextLevelParser - No producer found for character: 0
08:52:07.343 [JavaFX Application Thread] DEBUG AssetLoader          - Loading from cache: /assets/textures/brick1.png@50.0x24.0
08:52:07.343 [JavaFX Application Thread] DEBUG AssetLoader          - Loading from cache: /assets/textures/brick1.png@50.0x24.0
08:52:07.344 [JavaFX Application Thread] DEBUG AssetLoader          - Loading from cache: /assets/textures/brick1.png@50.0x24.0
08:52:07.345 [JavaFX Application Thread] DEBUG AssetLoader          - Loading from cache: /assets/textures/brick1.png@50.0x24.0
08:52:07.345 [JavaFX Application Thread] DEBUG AssetLoader          - Loading from cache: /assets/textures/brick1.png@50.0x24.0
08:52:07.346 [JavaFX Application Thread] DEBUG AssetLoader          - Loading from cache: /assets/textures/brick1.png@50.0x24.0
08:52:07.347 [JavaFX Application Thread] DEBUG AssetLoader          - Loading from cache: /assets/textures/brick1.png@50.0x24.0
08:52:07.348 [JavaFX Application Thread] DEBUG AssetLoader          - Loading from cache: /assets/textures/brick1.png@50.0x24.0
08:52:07.348 [JavaFX Application Thread] WARN  FXGL.TextLevelParser - No producer found for character: 0
08:52:07.348 [JavaFX Application Thread] DEBUG AssetLoader          - Loading from cache: /assets/textures/brick1.png@50.0x24.0
08:52:07.349 [JavaFX Application Thread] WARN  FXGL.TextLevelParser - No producer found for character: 0
08:52:07.349 [JavaFX Application Thread] WARN  FXGL.TextLevelParser - No producer found for character: 0
08:52:07.349 [JavaFX Application Thread] WARN  FXGL.TextLevelParser - No producer found for character: 0
08:52:07.349 [JavaFX Application Thread] WARN  FXGL.TextLevelParser - No producer found for character: 0
08:52:07.349 [JavaFX Application Thread] WARN  FXGL.TextLevelParser - No producer found for character: 0
08:52:07.349 [JavaFX Application Thread] WARN  FXGL.TextLevelParser - No producer found for character: 0
08:52:07.350 [JavaFX Application Thread] WARN  FXGL.TextLevelParser - No producer found for character: 0
08:52:07.350 [JavaFX Application Thread] DEBUG AssetLoader          - Loading from cache: /assets/textures/brick1.png@50.0x24.0
08:52:07.350 [JavaFX Application Thread] WARN  FXGL.TextLevelParser - No producer found for character: 0
08:52:07.351 [JavaFX Application Thread] WARN  FXGL.TextLevelParser - No producer found for character: 0
08:52:07.351 [JavaFX Application Thread] WARN  FXGL.TextLevelParser - No producer found for character: 0
08:52:07.351 [JavaFX Application Thread] WARN  FXGL.TextLevelParser - No producer found for character: 0
08:52:07.351 [JavaFX Application Thread] WARN  FXGL.TextLevelParser - No producer found for character: 0
08:52:07.351 [JavaFX Application Thread] WARN  FXGL.TextLevelParser - No producer found for character: 0
08:52:07.351 [JavaFX Application Thread] WARN  FXGL.TextLevelParser - No producer found for character: 0
08:52:07.352 [JavaFX Application Thread] WARN  FXGL.TextLevelParser - No producer found for character: 0
08:52:07.352 [JavaFX Application Thread] DEBUG AssetLoader          - Loading from cache: /assets/textures/brick1.png@50.0x24.0
08:52:07.353 [JavaFX Application Thread] WARN  FXGL.TextLevelParser - No producer found for character: 0
08:52:07.353 [JavaFX Application Thread] WARN  FXGL.TextLevelParser - No producer found for character: 0
08:52:07.353 [JavaFX Application Thread] WARN  FXGL.TextLevelParser - No producer found for character: 0
08:52:07.353 [JavaFX Application Thread] WARN  FXGL.TextLevelParser - No producer found for character: 0
08:52:07.353 [JavaFX Application Thread] WARN  FXGL.TextLevelParser - No producer found for character: 0
08:52:07.353 [JavaFX Application Thread] WARN  FXGL.TextLevelParser - No producer found for character: 0
08:52:07.354 [JavaFX Application Thread] WARN  FXGL.TextLevelParser - No producer found for character: 0
08:52:07.354 [JavaFX Application Thread] WARN  FXGL.TextLevelParser - No producer found for character: 0
08:52:07.354 [JavaFX Application Thread] WARN  FXGL.TextLevelParser - No producer found for character: 0
08:52:07.354 [JavaFX Application Thread] DEBUG AssetLoader          - Loading from cache: /assets/textures/brick1.png@50.0x24.0
08:52:07.355 [JavaFX Application Thread] DEBUG AssetLoader          - Loading from cache: /assets/textures/brick1.png@50.0x24.0
08:52:07.356 [JavaFX Application Thread] DEBUG AssetLoader          - Loading from cache: /assets/textures/brick1.png@50.0x24.0
08:52:07.356 [JavaFX Application Thread] DEBUG AssetLoader          - Loading from cache: /assets/textures/brick1.png@50.0x24.0
08:52:07.357 [JavaFX Application Thread] DEBUG AssetLoader          - Loading from cache: /assets/textures/brick1.png@50.0x24.0
08:52:07.357 [JavaFX Application Thread] DEBUG AssetLoader          - Loading from cache: /assets/textures/brick1.png@50.0x24.0
08:52:07.358 [JavaFX Application Thread] DEBUG AssetLoader          - Loading from cache: /assets/textures/brick1.png@50.0x24.0
08:52:07.359 [JavaFX Application Thread] DEBUG AssetLoader          - Loading from cache: /assets/textures/brick1.png@50.0x24.0
08:52:07.359 [JavaFX Application Thread] WARN  FXGL.TextLevelParser - No producer found for character: 0
08:52:07.359 [JavaFX Application Thread] WARN  FXGL.TextLevelParser - No producer found for character: 0
08:52:07.359 [JavaFX Application Thread] WARN  FXGL.TextLevelParser - No producer found for character: 0
08:52:07.360 [JavaFX Application Thread] WARN  FXGL.TextLevelParser - No producer found for character: 0
08:52:07.360 [JavaFX Application Thread] WARN  FXGL.TextLevelParser - No producer found for character: 0
08:52:07.360 [JavaFX Application Thread] WARN  FXGL.TextLevelParser - No producer found for character: 0
08:52:07.360 [JavaFX Application Thread] WARN  FXGL.TextLevelParser - No producer found for character: 0
08:52:07.360 [JavaFX Application Thread] WARN  FXGL.TextLevelParser - No producer found for character: 0
08:52:07.360 [JavaFX Application Thread] WARN  FXGL.TextLevelParser - No producer found for character: 0
08:52:07.360 [JavaFX Application Thread] WARN  FXGL.TextLevelParser - No producer found for character: 0
08:52:07.360 [JavaFX Application Thread] WARN  FXGL.TextLevelParser - No producer found for character: 0
08:52:07.360 [JavaFX Application Thread] WARN  FXGL.TextLevelParser - No producer found for character: 0
08:52:07.361 [JavaFX Application Thread] WARN  FXGL.TextLevelParser - No producer found for character: 0
08:52:07.361 [JavaFX Application Thread] WARN  FXGL.TextLevelParser - No producer found for character: 0
08:52:07.361 [JavaFX Application Thread] WARN  FXGL.TextLevelParser - No producer found for character: 0
08:52:07.361 [JavaFX Application Thread] WARN  FXGL.TextLevelParser - No producer found for character: 0
08:52:07.361 [JavaFX Application Thread] WARN  FXGL.TextLevelParser - No producer found for character: 0
08:52:07.361 [JavaFX Application Thread] WARN  FXGL.TextLevelParser - No producer found for character: 0
08:52:07.361 [JavaFX Application Thread] WARN  FXGL.TextLevelParser - No producer found for character: 0
08:52:07.361 [JavaFX Application Thread] WARN  FXGL.TextLevelParser - No producer found for character: 0
08:52:07.361 [JavaFX Application Thread] WARN  FXGL.TextLevelParser - No producer found for character: 0
08:52:07.362 [JavaFX Application Thread] WARN  FXGL.TextLevelParser - No producer found for character: 0
08:52:07.362 [JavaFX Application Thread] WARN  FXGL.TextLevelParser - No producer found for character: 0
08:52:07.362 [JavaFX Application Thread] WARN  FXGL.TextLevelParser - No producer found for character: 0
08:52:07.362 [JavaFX Application Thread] WARN  FXGL.TextLevelParser - No producer found for character: 0
08:52:07.362 [JavaFX Application Thread] WARN  FXGL.TextLevelParser - No producer found for character: 0
08:52:07.362 [JavaFX Application Thread] WARN  FXGL.TextLevelParser - No producer found for character: 0
08:52:07.362 [JavaFX Application Thread] WARN  FXGL.TextLevelParser - No producer found for character: 0
08:52:07.362 [JavaFX Application Thread] WARN  FXGL.TextLevelParser - No producer found for character: 0
08:52:07.362 [JavaFX Application Thread] WARN  FXGL.TextLevelParser - No producer found for character: 0
08:52:07.362 [JavaFX Application Thread] WARN  FXGL.TextLevelParser - No producer found for character: 0
08:52:07.363 [JavaFX Application Thread] WARN  FXGL.TextLevelParser - No producer found for character: 0
08:52:07.363 [JavaFX Application Thread] WARN  FXGL.TextLevelParser - No producer found for character: 0
08:52:07.363 [JavaFX Application Thread] WARN  FXGL.TextLevelParser - No producer found for character: 0
08:52:07.363 [JavaFX Application Thread] WARN  FXGL.TextLevelParser - No producer found for character: 0
08:52:07.363 [JavaFX Application Thread] WARN  FXGL.TextLevelParser - No producer found for character: 0
08:52:07.363 [JavaFX Application Thread] WARN  FXGL.TextLevelParser - No producer found for character: 0
08:52:07.363 [JavaFX Application Thread] WARN  FXGL.TextLevelParser - No producer found for character: 0
08:52:07.363 [JavaFX Application Thread] WARN  FXGL.TextLevelParser - No producer found for character: 0
08:52:07.364 [JavaFX Application Thread] WARN  FXGL.TextLevelParser - No producer found for character: 0
08:52:07.364 [JavaFX Application Thread] WARN  FXGL.TextLevelParser - No producer found for character: 0
08:52:07.364 [JavaFX Application Thread] WARN  FXGL.TextLevelParser - No producer found for character: 0
08:52:07.364 [JavaFX Application Thread] WARN  FXGL.TextLevelParser - No producer found for character: 0
08:52:07.364 [JavaFX Application Thread] WARN  FXGL.TextLevelParser - No producer found for character: 0
08:52:07.364 [JavaFX Application Thread] WARN  FXGL.TextLevelParser - No producer found for character: 0
08:52:07.364 [JavaFX Application Thread] WARN  FXGL.TextLevelParser - No producer found for character: 0
08:52:07.365 [JavaFX Application Thread] WARN  FXGL.TextLevelParser - No producer found for character: 0
08:52:07.365 [JavaFX Application Thread] WARN  FXGL.TextLevelParser - No producer found for character: 0
08:52:07.365 [JavaFX Application Thread] WARN  FXGL.TextLevelParser - No producer found for character: 0
08:52:07.365 [JavaFX Application Thread] WARN  FXGL.TextLevelParser - No producer found for character: 0
08:52:07.365 [JavaFX Application Thread] WARN  FXGL.TextLevelParser - No producer found for character: 0
08:52:07.365 [JavaFX Application Thread] WARN  FXGL.TextLevelParser - No producer found for character: 0
08:52:07.365 [JavaFX Application Thread] WARN  FXGL.TextLevelParser - No producer found for character: 0
08:52:07.365 [JavaFX Application Thread] WARN  FXGL.TextLevelParser - No producer found for character: 0
08:52:07.365 [JavaFX Application Thread] WARN  FXGL.TextLevelParser - No producer found for character: 0
08:52:07.365 [JavaFX Application Thread] WARN  FXGL.TextLevelParser - No producer found for character: 0
08:52:07.366 [JavaFX Application Thread] WARN  FXGL.TextLevelParser - No producer found for character: 0
08:52:07.366 [JavaFX Application Thread] WARN  FXGL.TextLevelParser - No producer found for character: 0
08:52:07.366 [JavaFX Application Thread] WARN  FXGL.TextLevelParser - No producer found for character: 0
08:52:07.366 [JavaFX Application Thread] WARN  FXGL.TextLevelParser - No producer found for character: 0
08:52:07.366 [JavaFX Application Thread] WARN  FXGL.TextLevelParser - No producer found for character: 0
08:52:07.366 [JavaFX Application Thread] WARN  FXGL.TextLevelParser - No producer found for character: 0
08:52:07.367 [JavaFX Application Thread] WARN  FXGL.TextLevelParser - No producer found for character: 0
08:52:07.367 [JavaFX Application Thread] WARN  FXGL.TextLevelParser - No producer found for character: 0
08:52:07.367 [JavaFX Application Thread] WARN  FXGL.TextLevelParser - No producer found for character: 0
08:52:07.367 [JavaFX Application Thread] WARN  FXGL.TextLevelParser - No producer found for character: 0
08:52:07.367 [JavaFX Application Thread] WARN  FXGL.TextLevelParser - No producer found for character: 0
08:52:07.367 [JavaFX Application Thread] WARN  FXGL.TextLevelParser - No producer found for character: 0
08:52:07.367 [JavaFX Application Thread] WARN  FXGL.TextLevelParser - No producer found for character: 0
08:52:07.367 [JavaFX Application Thread] WARN  FXGL.TextLevelParser - No producer found for character: 0
08:52:07.368 [JavaFX Application Thread] WARN  FXGL.TextLevelParser - No producer found for character: 0
08:52:07.368 [JavaFX Application Thread] WARN  FXGL.TextLevelParser - No producer found for character: 0
08:52:07.368 [JavaFX Application Thread] WARN  FXGL.TextLevelParser - No producer found for character: 0
08:52:07.368 [JavaFX Application Thread] WARN  FXGL.TextLevelParser - No producer found for character: 0
08:52:07.368 [JavaFX Application Thread] WARN  FXGL.TextLevelParser - No producer found for character: 0
08:52:07.368 [JavaFX Application Thread] WARN  FXGL.TextLevelParser - No producer found for character: 0
08:52:07.368 [JavaFX Application Thread] WARN  FXGL.TextLevelParser - No producer found for character: 0
08:52:07.368 [JavaFX Application Thread] WARN  FXGL.TextLevelParser - No producer found for character: 0
08:52:07.368 [JavaFX Application Thread] WARN  FXGL.TextLevelParser - No producer found for character: 0
08:52:07.369 [JavaFX Application Thread] WARN  FXGL.TextLevelParser - No producer found for character: 0
08:52:07.369 [JavaFX Application Thread] WARN  FXGL.TextLevelParser - No producer found for character: 0
08:52:07.369 [JavaFX Application Thread] WARN  FXGL.TextLevelParser - No producer found for character: 0
08:52:07.369 [JavaFX Application Thread] WARN  FXGL.TextLevelParser - No producer found for character: 0
08:52:07.369 [JavaFX Application Thread] WARN  FXGL.TextLevelParser - No producer found for character: 0
08:52:07.369 [JavaFX Application Thread] WARN  FXGL.TextLevelParser - No producer found for character: 0
08:52:07.369 [JavaFX Application Thread] WARN  FXGL.TextLevelParser - No producer found for character: 0
08:52:07.370 [JavaFX Application Thread] WARN  FXGL.TextLevelParser - No producer found for character: 0
08:52:07.370 [JavaFX Application Thread] WARN  FXGL.TextLevelParser - No producer found for character: 0
08:52:07.370 [JavaFX Application Thread] WARN  FXGL.TextLevelParser - No producer found for character: 0
08:52:07.370 [JavaFX Application Thread] WARN  FXGL.TextLevelParser - No producer found for character: 0
08:52:07.370 [JavaFX Application Thread] WARN  FXGL.TextLevelParser - No producer found for character: 0
08:52:07.370 [JavaFX Application Thread] WARN  FXGL.TextLevelParser - No producer found for character: 0
08:52:07.370 [JavaFX Application Thread] WARN  FXGL.TextLevelParser - No producer found for character: 0
08:52:07.370 [JavaFX Application Thread] WARN  FXGL.TextLevelParser - No producer found for character: 0
08:52:07.371 [JavaFX Application Thread] WARN  FXGL.TextLevelParser - No producer found for character: 0
08:52:07.371 [JavaFX Application Thread] WARN  FXGL.TextLevelParser - No producer found for character: 0
08:52:07.371 [JavaFX Application Thread] WARN  FXGL.TextLevelParser - No producer found for character: 0
08:52:07.371 [JavaFX Application Thread] WARN  FXGL.TextLevelParser - No producer found for character: 0
08:52:07.371 [JavaFX Application Thread] WARN  FXGL.TextLevelParser - No producer found for character: 0
08:52:07.371 [JavaFX Application Thread] WARN  FXGL.TextLevelParser - No producer found for character: 0
08:52:07.371 [JavaFX Application Thread] WARN  FXGL.TextLevelParser - No producer found for character: 0
08:52:07.371 [JavaFX Application Thread] WARN  FXGL.TextLevelParser - No producer found for character: 0
08:52:07.371 [JavaFX Application Thread] WARN  FXGL.TextLevelParser - No producer found for character: 0
08:52:07.371 [JavaFX Application Thread] WARN  FXGL.TextLevelParser - No producer found for character: 0
08:52:07.371 [JavaFX Application Thread] WARN  FXGL.TextLevelParser - No producer found for character: 0
08:52:07.371 [JavaFX Application Thread] WARN  FXGL.TextLevelParser - No producer found for character: 0
08:52:07.371 [JavaFX Application Thread] WARN  FXGL.TextLevelParser - No producer found for character: 0
08:52:07.371 [JavaFX Application Thread] WARN  FXGL.TextLevelParser - No producer found for character: 0
08:52:07.371 [JavaFX Application Thread] WARN  FXGL.TextLevelParser - No producer found for character: 0
08:52:07.372 [JavaFX Application Thread] WARN  FXGL.TextLevelParser - No producer found for character: 0
08:52:07.372 [JavaFX Application Thread] WARN  FXGL.TextLevelParser - No producer found for character: 0
08:52:07.372 [JavaFX Application Thread] WARN  FXGL.TextLevelParser - No producer found for character: 0
08:52:07.372 [JavaFX Application Thread] WARN  FXGL.TextLevelParser - No producer found for character: 0
08:52:07.372 [JavaFX Application Thread] WARN  FXGL.TextLevelParser - No producer found for character: 0
08:52:07.372 [JavaFX Application Thread] WARN  FXGL.TextLevelParser - No producer found for character: 0
08:52:07.372 [JavaFX Application Thread] WARN  FXGL.TextLevelParser - No producer found for character: 0
08:52:07.372 [JavaFX Application Thread] WARN  FXGL.TextLevelParser - No producer found for character: 0
08:52:07.372 [JavaFX Application Thread] WARN  FXGL.TextLevelParser - No producer found for character: 0
08:52:07.372 [JavaFX Application Thread] WARN  FXGL.TextLevelParser - No producer found for character: 0
08:52:07.372 [JavaFX Application Thread] WARN  FXGL.TextLevelParser - No producer found for character: 0
08:52:07.372 [JavaFX Application Thread] WARN  FXGL.TextLevelParser - No producer found for character: 0
08:52:07.372 [JavaFX Application Thread] WARN  FXGL.TextLevelParser - No producer found for character: 0
08:52:07.372 [JavaFX Application Thread] WARN  FXGL.TextLevelParser - No producer found for character: 0
08:52:07.372 [JavaFX Application Thread] WARN  FXGL.TextLevelParser - No producer found for character: 0
08:52:07.372 [JavaFX Application Thread] WARN  FXGL.TextLevelParser - No producer found for character: 0
08:52:07.373 [JavaFX Application Thread] WARN  FXGL.TextLevelParser - No producer found for character: 0
08:52:07.373 [JavaFX Application Thread] WARN  FXGL.TextLevelParser - No producer found for character: 0
08:52:07.373 [JavaFX Application Thread] WARN  FXGL.TextLevelParser - No producer found for character: 0
08:52:07.373 [JavaFX Application Thread] WARN  FXGL.TextLevelParser - No producer found for character: 0
08:52:07.373 [JavaFX Application Thread] WARN  FXGL.TextLevelParser - No producer found for character: 0
08:52:07.373 [JavaFX Application Thread] WARN  FXGL.TextLevelParser - No producer found for character: 0
08:52:07.373 [JavaFX Application Thread] WARN  FXGL.TextLevelParser - No producer found for character: 0
08:52:07.373 [JavaFX Application Thread] WARN  FXGL.TextLevelParser - No producer found for character: 0
08:52:07.373 [JavaFX Application Thread] WARN  FXGL.TextLevelParser - No producer found for character: 0
08:52:07.373 [JavaFX Application Thread] WARN  FXGL.TextLevelParser - No producer found for character: 0
08:52:07.373 [JavaFX Application Thread] WARN  FXGL.TextLevelParser - No producer found for character: 0
08:52:07.373 [JavaFX Application Thread] WARN  FXGL.TextLevelParser - No producer found for character: 0
08:52:07.374 [JavaFX Application Thread] WARN  FXGL.TextLevelParser - No producer found for character: 0
08:52:07.374 [JavaFX Application Thread] WARN  FXGL.TextLevelParser - No producer found for character: 0
08:52:07.374 [JavaFX Application Thread] WARN  FXGL.TextLevelParser - No producer found for character: 0
08:52:07.375 [JavaFX Application Thread] WARN  FXGL.TextLevelParser - No producer found for character: 0
08:52:07.375 [JavaFX Application Thread] WARN  FXGL.TextLevelParser - No producer found for character: 0
08:52:07.375 [JavaFX Application Thread] WARN  FXGL.TextLevelParser - No producer found for character: 0
08:52:07.375 [JavaFX Application Thread] WARN  FXGL.TextLevelParser - No producer found for character: 0
08:52:07.375 [JavaFX Application Thread] WARN  FXGL.TextLevelParser - No producer found for character: 0
08:52:07.375 [JavaFX Application Thread] WARN  FXGL.TextLevelParser - No producer found for character: 0
08:52:07.375 [JavaFX Application Thread] WARN  FXGL.TextLevelParser - No producer found for character: 0
08:52:07.375 [JavaFX Application Thread] WARN  FXGL.TextLevelParser - No producer found for character: 0
08:52:07.375 [JavaFX Application Thread] WARN  FXGL.TextLevelParser - No producer found for character: 0
08:52:07.375 [JavaFX Application Thread] WARN  FXGL.TextLevelParser - No producer found for character: 0
08:52:07.375 [JavaFX Application Thread] WARN  FXGL.TextLevelParser - No producer found for character: 0
08:52:07.376 [JavaFX Application Thread] WARN  FXGL.TextLevelParser - No producer found for character: 0
08:52:07.376 [JavaFX Application Thread] WARN  FXGL.TextLevelParser - No producer found for character: 0
08:52:07.376 [JavaFX Application Thread] WARN  FXGL.TextLevelParser - No producer found for character: 0
08:52:07.376 [JavaFX Application Thread] WARN  FXGL.TextLevelParser - No producer found for character: 0
08:52:07.376 [JavaFX Application Thread] WARN  FXGL.TextLevelParser - No producer found for character: 0
08:52:07.376 [JavaFX Application Thread] WARN  FXGL.TextLevelParser - No producer found for character: 0
08:52:07.376 [JavaFX Application Thread] DEBUG AssetLoader          - Loading from cache: /assets/textures/bar.png
08:52:07.377 [JavaFX Application Thread] WARN  FXGL.TextLevelParser - No producer found for character: 0
08:52:07.377 [JavaFX Application Thread] WARN  FXGL.TextLevelParser - No producer found for character: 0
08:52:07.377 [JavaFX Application Thread] WARN  FXGL.TextLevelParser - No producer found for character: 0
08:52:07.377 [JavaFX Application Thread] WARN  FXGL.TextLevelParser - No producer found for character: 0
08:52:07.377 [JavaFX Application Thread] WARN  FXGL.TextLevelParser - No producer found for character: 0
08:52:07.377 [JavaFX Application Thread] WARN  FXGL.TextLevelParser - No producer found for character: 0
08:52:07.378 [JavaFX Application Thread] WARN  FXGL.TextLevelParser - No producer found for character: 0
08:52:07.378 [JavaFX Application Thread] WARN  FXGL.TextLevelParser - No producer found for character: 0
08:52:07.378 [JavaFX Application Thread] WARN  FXGL.TextLevelParser - No producer found for character: 0
08:52:07.378 [JavaFX Application Thread] WARN  FXGL.TextLevelParser - No producer found for character: 0
08:52:07.378 [JavaFX Application Thread] WARN  FXGL.TextLevelParser - No producer found for character: 0
08:52:07.378 [JavaFX Application Thread] WARN  FXGL.TextLevelParser - No producer found for character: 0
08:52:07.378 [JavaFX Application Thread] WARN  FXGL.TextLevelParser - No producer found for character: 0
08:52:07.378 [JavaFX Application Thread] WARN  FXGL.TextLevelParser - No producer found for character: 0
08:52:07.378 [JavaFX Application Thread] WARN  FXGL.TextLevelParser - No producer found for character: 0
08:52:07.378 [JavaFX Application Thread] WARN  FXGL.TextLevelParser - No producer found for character: 0
08:52:07.378 [JavaFX Application Thread] WARN  FXGL.TextLevelParser - No producer found for character: 0
08:52:07.378 [JavaFX Application Thread] WARN  FXGL.TextLevelParser - No producer found for character: 0
08:52:07.378 [JavaFX Application Thread] WARN  FXGL.TextLevelParser - No producer found for character: 0
08:52:07.378 [JavaFX Application Thread] WARN  FXGL.TextLevelParser - No producer found for character: 0
08:52:07.379 [JavaFX Application Thread] WARN  FXGL.TextLevelParser - No producer found for character: 0
08:52:07.379 [JavaFX Application Thread] WARN  FXGL.TextLevelParser - No producer found for character: 0
08:52:07.379 [JavaFX Application Thread] WARN  FXGL.TextLevelParser - No producer found for character: 0
08:52:07.379 [JavaFX Application Thread] WARN  FXGL.TextLevelParser - No producer found for character: 0
08:52:07.379 [JavaFX Application Thread] WARN  FXGL.TextLevelParser - No producer found for character: 0
08:52:07.379 [JavaFX Application Thread] WARN  FXGL.TextLevelParser - No producer found for character: 0
08:52:07.379 [JavaFX Application Thread] DEBUG AssetLoader          - Loading from cache: /assets/textures/fire.png@100.0x80.0
08:52:07.380 [JavaFX Application Thread] WARN  FXGL.TextLevelParser - No producer found for character: 0
08:52:07.380 [JavaFX Application Thread] DEBUG AssetLoader          - Loading from cache: /assets/textures/fire.png@100.0x80.0
08:52:07.380 [JavaFX Application Thread] WARN  FXGL.TextLevelParser - No producer found for character: 0
08:52:07.380 [JavaFX Application Thread] DEBUG AssetLoader          - Loading from cache: /assets/textures/fire.png@100.0x80.0
08:52:07.381 [JavaFX Application Thread] WARN  FXGL.TextLevelParser - No producer found for character: 0
08:52:07.381 [JavaFX Application Thread] DEBUG AssetLoader          - Loading from cache: /assets/textures/fire.png@100.0x80.0
08:52:07.381 [JavaFX Application Thread] WARN  FXGL.TextLevelParser - No producer found for character: 0
08:52:07.381 [JavaFX Application Thread] DEBUG AssetLoader          - Loading from cache: /assets/textures/fire.png@100.0x80.0
08:52:07.382 [JavaFX Application Thread] WARN  FXGL.TextLevelParser - No producer found for character: 0
08:52:07.382 [JavaFX Application Thread] DEBUG AssetLoader          - Loading from cache: /assets/textures/fire.png@100.0x80.0
08:52:07.382 [JavaFX Application Thread] WARN  FXGL.TextLevelParser - No producer found for character: 0
08:52:07.383 [JavaFX Application Thread] DEBUG AssetLoader          - Loading from cache: /assets/textures/fire.png@100.0x80.0
08:52:07.383 [JavaFX Application Thread] WARN  FXGL.TextLevelParser - No producer found for character: 0
08:52:07.384 [JavaFX Application Thread] DEBUG AssetLoader          - Loading from cache: /assets/textures/fire.png@100.0x80.0
08:52:07.384 [JavaFX Application Thread] WARN  FXGL.TextLevelParser - No producer found for character: 0
08:52:07.384 [JavaFX Application Thread] DEBUG AssetLoader          - Loading from cache: /assets/textures/fire.png@100.0x80.0
08:52:07.385 [JavaFX Application Thread] WARN  FXGL.TextLevelParser - No producer found for character: 0
08:52:07.385 [JavaFX Application Thread] DEBUG GameWorld            - Clearing removable entities
08:52:07.386 [JavaFX Application Thread] DEBUG GameWorld            - Setting level: com.almasb.fxgl.entity.Level@44e843ce
08:52:18.750 [JavaFX Application Thread] DEBUG GameApplication      - Exiting game application
08:52:18.750 [JavaFX Application Thread] DEBUG GameApplication      - Shutting down background threads
08:52:18.751 [JavaFX Application Thread] DEBUG GameApplication      - Exiting FXGL
08:52:18.751 [JavaFX Application Thread] DEBUG FXGL                 - Saving FXGL system data
08:52:18.753 [JavaFX Application Thread] DEBUG FS                   - Writing to: system\fxgl.bundle
08:52:18.757 [JavaFX Application Thread] DEBUG GameApplication      - Closing logger and exiting JavaFX
