12:59:27.425 [JavaFX Application Thread] DEBUG GameApplication      - Logger initialized
12:59:27.442 [JavaFX Application Thread] DEBUG GameApplication      - Logging settings
Title: Breakout
Version: 0.1
Width: 800
Height: 600
Fullscreen: false
Intro: false
Menus: false
Profiling: false
Single step:false
App Mode: DEVELOPER
Menu Key: ESCAPE
Stage Style: DECORATED
Scene Factory: class com.almasb.fxgl.scene.SceneFactory
Dialog Factory: class com.almasb.fxgl.ui.FXGLDialogFactory
UI Factory: class com.almasb.fxgl.ui.FXGLUIFactory
Notification Service: class com.almasb.fxgl.gameplay.notification.XboxNotificationView
Exception Handler: class com.almasb.fxgl.app.FXGLExceptionHandler
12:59:27.442 [JavaFX Application Thread] DEBUG GameApplication      - Starting FXGL
12:59:27.454 [JavaFX Application Thread] INFO  FXGL                 - FXGL-0.5.4 on DESKTOP
12:59:27.455 [JavaFX Application Thread] INFO  FXGL                 - Source code and latest versions at: https://github.com/AlmasB/FXGL
12:59:27.455 [JavaFX Application Thread] INFO  FXGL                 -              Join the FXGL chat at: https://gitter.im/AlmasB/FXGL
12:59:27.455 [JavaFX Application Thread] DEBUG FXGL                 - FXGL started
12:59:27.456 [JavaFX Application Thread] DEBUG FXGL                 - Initializing FXGL
12:59:27.500 [JavaFX Application Thread] DEBUG AssetLoader          - Loading from disk: /assets/ui/cursors/fxgl_default.png
12:59:27.593 [JavaFX Application Thread] DEBUG AssetLoader          - Loading from disk: /assets/ui/fonts/VarelaRound-Regular.ttf
12:59:27.807 [JavaFX Application Thread] DEBUG MainWindow           - Creating a JavaFX scene
12:59:27.839 [JavaFX Application Thread] DEBUG MainWindow           - Target settings size: 800.0 x 600.0
12:59:27.839 [JavaFX Application Thread] DEBUG MainWindow           - Scaled scene size:    800.0 x 600.0
12:59:27.840 [JavaFX Application Thread] DEBUG MainWindow           - Scaled ratio: (1.0, 1.0)
12:59:27.843 [JavaFX Application Thread] DEBUG AssetLoader          - Loading from disk: /assets/ui/css/fxgl_dark.css
12:59:27.846 [JavaFX Application Thread] DEBUG AssetLoader          - Loading from disk: /assets/textures/fxgl_icon.png
12:59:27.860 [JavaFX Application Thread] DEBUG MainWindow           - Opening main window
12:59:27.985 [JavaFX Application Thread] DEBUG MainWindow           - Window border size: (14.4000244140625, 37.5999755859375)
12:59:27.986 [JavaFX Application Thread] DEBUG MainWindow           - Scaled size: 800.0 x 600.0
12:59:27.986 [JavaFX Application Thread] DEBUG MainWindow           - Scaled ratio: (1.0, 1.0)
12:59:27.986 [JavaFX Application Thread] DEBUG MainWindow           - Scene size: 800.0 x 600.0
12:59:27.986 [JavaFX Application Thread] DEBUG MainWindow           - Stage size: 814.4000244140625 x 637.5999755859375
12:59:28.052 [ForkJoinPool.commonPool-worker-9] DEBUG FS                   - Loaded DesktopFSService
12:59:28.053 [ForkJoinPool.commonPool-worker-9] DEBUG FXGL                 - Loading FXGL system data
12:59:28.065 [ForkJoinPool.commonPool-worker-9] DEBUG DesktopFSService     - Reading from: system\fxgl.bundle
12:59:28.080 [ForkJoinPool.commonPool-worker-9] DEBUG Bundle               - Logging bundle: FXGL
12:59:28.081 [ForkJoinPool.commonPool-worker-9] DEBUG Bundle               - FXGL.offline.timer.version.check=2019-01-24T08:55:57.713219300
12:59:28.082 [ForkJoinPool.commonPool-worker-9] DEBUG FXGL                 - Initializing state machine and application states
12:59:28.084 [ForkJoinPool.commonPool-worker-9] DEBUG AssetLoader          - Loading from disk: /assets/ui/cursors/fxgl_default.png
12:59:28.092 [ForkJoinPool.commonPool-worker-9] DEBUG AssetLoader          - Loading from disk: /assets/ui/cursors/fxgl_default.png
12:59:28.101 [ForkJoinPool.commonPool-worker-9] DEBUG AssetLoader          - Loading from cache: /assets/ui/fonts/VarelaRound-Regular.ttf
12:59:28.105 [ForkJoinPool.commonPool-worker-9] DEBUG AssetLoader          - Loading from disk: /assets/ui/cursors/fxgl_default.png
12:59:28.108 [ForkJoinPool.commonPool-worker-9] DEBUG GameScene            - Game scene initialized: 800x600
12:59:28.116 [ForkJoinPool.commonPool-worker-9] DEBUG GameWorld            - Game world initialized
12:59:28.200 [ForkJoinPool.commonPool-worker-9] DEBUG PhysicsWorld         - Physics world initialized: appHeight=600, physics.ppm=50,0
12:59:28.223 [ForkJoinPool.commonPool-worker-9] DEBUG Input                - Registered new binding: Pause - Esc
12:59:28.279 [JavaFX Application Thread] DEBUG FXGL                 - Running preInit()
12:59:28.281 [JavaFX Application Thread] DEBUG Input                - Registered new binding: Screenshot - P
12:59:28.282 [JavaFX Application Thread] DEBUG Input                - Registered new binding: Dev Options - CTRL+0
12:59:28.282 [JavaFX Application Thread] DEBUG Input                - Registered new binding: System info dump - CTRL+9
12:59:28.283 [JavaFX Application Thread] DEBUG Input                - Registered new binding: Restart - CTRL+R
12:59:28.283 [JavaFX Application Thread] DEBUG Input                - Registered new binding: Move Left - A
12:59:28.284 [JavaFX Application Thread] DEBUG Input                - Registered new binding: Move Right - D
12:59:28.284 [JavaFX Application Thread] INFO  FXGL                 - FXGL initialization took: 0,829 sec
12:59:28.285 [JavaFX Application Thread] DEBUG LoopRunner           - Starting loop
12:59:28.288 [JavaFX Application Thread] DEBUG StartupState         - STARTUP
12:59:28.289 [JavaFX Application Thread] DEBUG GameApplication      - Starting new game
12:59:28.289 [JavaFX Application Thread] DEBUG Input                - Clearing active input actions
12:59:28.290 [JavaFX Application Thread] DEBUG AssetLoader          - Loading from disk: /assets/ui/css/fxgl_dark.css
12:59:28.301 [JavaFX Application Thread] DEBUG AppStateMachine      - StartupState -> LoadingState
12:59:28.314 [FXGL Background Thread 1 ] DEBUG InitAppTask          - Clearing previous game
12:59:28.314 [FXGL Background Thread 1 ] DEBUG GameWorld            - Clearing game world
12:59:28.314 [FXGL Background Thread 1 ] DEBUG PhysicsWorld         - Clearing physics world
12:59:28.315 [FXGL Background Thread 1 ] DEBUG GameScene            - Clearing game scene
12:59:28.318 [FXGL Background Thread 1 ] DEBUG InitAppTask          - Initializing Game
12:59:28.343 [FXGL Background Thread 1 ] DEBUG AssetLoader          - Loading from disk: /assets/text/levels/bricksballbar.txt
12:59:28.351 [FXGL Background Thread 1 ] WARN  TextLevelParser      - No producer found for character: 0
12:59:28.351 [FXGL Background Thread 1 ] WARN  TextLevelParser      - No producer found for character: 0
12:59:28.351 [FXGL Background Thread 1 ] WARN  TextLevelParser      - No producer found for character: 0
12:59:28.352 [FXGL Background Thread 1 ] WARN  TextLevelParser      - No producer found for character: 0
12:59:28.352 [FXGL Background Thread 1 ] WARN  TextLevelParser      - No producer found for character: 0
12:59:28.352 [FXGL Background Thread 1 ] WARN  TextLevelParser      - No producer found for character: 0
12:59:28.352 [FXGL Background Thread 1 ] WARN  TextLevelParser      - No producer found for character: 0
12:59:28.352 [FXGL Background Thread 1 ] WARN  TextLevelParser      - No producer found for character: 0
12:59:28.352 [FXGL Background Thread 1 ] WARN  TextLevelParser      - No producer found for character: 0
12:59:28.353 [FXGL Background Thread 1 ] WARN  TextLevelParser      - No producer found for character: 0
12:59:28.353 [FXGL Background Thread 1 ] WARN  TextLevelParser      - No producer found for character: 0
12:59:28.353 [FXGL Background Thread 1 ] WARN  TextLevelParser      - No producer found for character: 0
12:59:28.353 [FXGL Background Thread 1 ] WARN  TextLevelParser      - No producer found for character: 0
12:59:28.353 [FXGL Background Thread 1 ] WARN  TextLevelParser      - No producer found for character: 0
12:59:28.353 [FXGL Background Thread 1 ] WARN  TextLevelParser      - No producer found for character: 0
12:59:28.353 [FXGL Background Thread 1 ] WARN  TextLevelParser      - No producer found for character: 0
12:59:28.354 [FXGL Background Thread 1 ] WARN  TextLevelParser      - No producer found for character: 0
12:59:28.354 [FXGL Background Thread 1 ] WARN  TextLevelParser      - No producer found for character: 0
12:59:28.354 [FXGL Background Thread 1 ] WARN  TextLevelParser      - No producer found for character: 0
12:59:28.381 [FXGL Background Thread 1 ] DEBUG AssetLoader          - Loading from disk: /assets/textures/brick1.png
12:59:28.393 [FXGL Background Thread 1 ] WARN  TextLevelParser      - No producer found for character: 0
12:59:28.394 [FXGL Background Thread 1 ] DEBUG AssetLoader          - Loading from cache: /assets/textures/brick1.png
12:59:28.395 [FXGL Background Thread 1 ] WARN  TextLevelParser      - No producer found for character: 0
12:59:28.396 [FXGL Background Thread 1 ] DEBUG AssetLoader          - Loading from cache: /assets/textures/brick1.png
12:59:28.397 [FXGL Background Thread 1 ] WARN  TextLevelParser      - No producer found for character: 0
12:59:28.397 [FXGL Background Thread 1 ] DEBUG AssetLoader          - Loading from cache: /assets/textures/brick1.png
12:59:28.398 [FXGL Background Thread 1 ] WARN  TextLevelParser      - No producer found for character: 0
12:59:28.399 [FXGL Background Thread 1 ] DEBUG AssetLoader          - Loading from cache: /assets/textures/brick1.png
12:59:28.400 [FXGL Background Thread 1 ] WARN  TextLevelParser      - No producer found for character: 0
12:59:28.401 [FXGL Background Thread 1 ] DEBUG AssetLoader          - Loading from cache: /assets/textures/brick1.png
12:59:28.402 [FXGL Background Thread 1 ] WARN  TextLevelParser      - No producer found for character: 0
12:59:28.403 [FXGL Background Thread 1 ] DEBUG AssetLoader          - Loading from cache: /assets/textures/brick1.png
12:59:28.403 [FXGL Background Thread 1 ] WARN  TextLevelParser      - No producer found for character: 0
12:59:28.404 [FXGL Background Thread 1 ] DEBUG AssetLoader          - Loading from cache: /assets/textures/brick1.png
12:59:28.405 [FXGL Background Thread 1 ] WARN  TextLevelParser      - No producer found for character: 0
12:59:28.406 [FXGL Background Thread 1 ] DEBUG AssetLoader          - Loading from cache: /assets/textures/brick1.png
12:59:28.406 [FXGL Background Thread 1 ] WARN  TextLevelParser      - No producer found for character: 0
12:59:28.407 [FXGL Background Thread 1 ] DEBUG AssetLoader          - Loading from cache: /assets/textures/brick1.png
12:59:28.408 [FXGL Background Thread 1 ] WARN  TextLevelParser      - No producer found for character: 0
12:59:28.408 [FXGL Background Thread 1 ] WARN  TextLevelParser      - No producer found for character: 0
12:59:28.408 [FXGL Background Thread 1 ] WARN  TextLevelParser      - No producer found for character: 0
12:59:28.408 [FXGL Background Thread 1 ] WARN  TextLevelParser      - No producer found for character: 0
12:59:28.408 [FXGL Background Thread 1 ] WARN  TextLevelParser      - No producer found for character: 0
12:59:28.408 [FXGL Background Thread 1 ] WARN  TextLevelParser      - No producer found for character: 0
12:59:28.409 [FXGL Background Thread 1 ] WARN  TextLevelParser      - No producer found for character: 0
12:59:28.409 [FXGL Background Thread 1 ] WARN  TextLevelParser      - No producer found for character: 0
12:59:28.409 [FXGL Background Thread 1 ] WARN  TextLevelParser      - No producer found for character: 0
12:59:28.409 [FXGL Background Thread 1 ] WARN  TextLevelParser      - No producer found for character: 0
12:59:28.409 [FXGL Background Thread 1 ] WARN  TextLevelParser      - No producer found for character: 0
12:59:28.410 [FXGL Background Thread 1 ] WARN  TextLevelParser      - No producer found for character: 0
12:59:28.410 [FXGL Background Thread 1 ] WARN  TextLevelParser      - No producer found for character: 0
12:59:28.410 [FXGL Background Thread 1 ] WARN  TextLevelParser      - No producer found for character: 0
12:59:28.410 [FXGL Background Thread 1 ] WARN  TextLevelParser      - No producer found for character: 0
12:59:28.410 [FXGL Background Thread 1 ] WARN  TextLevelParser      - No producer found for character: 0
12:59:28.410 [FXGL Background Thread 1 ] WARN  TextLevelParser      - No producer found for character: 0
12:59:28.410 [FXGL Background Thread 1 ] WARN  TextLevelParser      - No producer found for character: 0
12:59:28.411 [FXGL Background Thread 1 ] WARN  TextLevelParser      - No producer found for character: 0
12:59:28.411 [FXGL Background Thread 1 ] WARN  TextLevelParser      - No producer found for character: 0
12:59:28.411 [FXGL Background Thread 1 ] WARN  TextLevelParser      - No producer found for character: 0
12:59:28.411 [FXGL Background Thread 1 ] WARN  TextLevelParser      - No producer found for character: 0
12:59:28.411 [FXGL Background Thread 1 ] WARN  TextLevelParser      - No producer found for character: 0
12:59:28.411 [FXGL Background Thread 1 ] WARN  TextLevelParser      - No producer found for character: 0
12:59:28.411 [FXGL Background Thread 1 ] WARN  TextLevelParser      - No producer found for character: 0
12:59:28.411 [FXGL Background Thread 1 ] WARN  TextLevelParser      - No producer found for character: 0
12:59:28.411 [FXGL Background Thread 1 ] WARN  TextLevelParser      - No producer found for character: 0
12:59:28.412 [FXGL Background Thread 1 ] WARN  TextLevelParser      - No producer found for character: 0
12:59:28.412 [FXGL Background Thread 1 ] WARN  TextLevelParser      - No producer found for character: 0
12:59:28.412 [FXGL Background Thread 1 ] WARN  TextLevelParser      - No producer found for character: 0
12:59:28.412 [FXGL Background Thread 1 ] WARN  TextLevelParser      - No producer found for character: 0
12:59:28.412 [FXGL Background Thread 1 ] WARN  TextLevelParser      - No producer found for character: 0
12:59:28.413 [FXGL Background Thread 1 ] WARN  TextLevelParser      - No producer found for character: 0
12:59:28.413 [FXGL Background Thread 1 ] WARN  TextLevelParser      - No producer found for character: 0
12:59:28.413 [FXGL Background Thread 1 ] WARN  TextLevelParser      - No producer found for character: 0
12:59:28.413 [FXGL Background Thread 1 ] WARN  TextLevelParser      - No producer found for character: 0
12:59:28.413 [FXGL Background Thread 1 ] WARN  TextLevelParser      - No producer found for character: 0
12:59:28.413 [FXGL Background Thread 1 ] WARN  TextLevelParser      - No producer found for character: 0
12:59:28.414 [FXGL Background Thread 1 ] WARN  TextLevelParser      - No producer found for character: 0
12:59:28.414 [FXGL Background Thread 1 ] WARN  TextLevelParser      - No producer found for character: 0
12:59:28.414 [FXGL Background Thread 1 ] WARN  TextLevelParser      - No producer found for character: 0
12:59:28.414 [FXGL Background Thread 1 ] WARN  TextLevelParser      - No producer found for character: 0
12:59:28.414 [FXGL Background Thread 1 ] WARN  TextLevelParser      - No producer found for character: 0
12:59:28.414 [FXGL Background Thread 1 ] WARN  TextLevelParser      - No producer found for character: 0
12:59:28.414 [FXGL Background Thread 1 ] WARN  TextLevelParser      - No producer found for character: 0
12:59:28.414 [FXGL Background Thread 1 ] WARN  TextLevelParser      - No producer found for character: 0
12:59:28.414 [FXGL Background Thread 1 ] WARN  TextLevelParser      - No producer found for character: 0
12:59:28.415 [FXGL Background Thread 1 ] WARN  TextLevelParser      - No producer found for character: 0
12:59:28.415 [FXGL Background Thread 1 ] WARN  TextLevelParser      - No producer found for character: 0
12:59:28.415 [FXGL Background Thread 1 ] WARN  TextLevelParser      - No producer found for character: 0
12:59:28.415 [FXGL Background Thread 1 ] WARN  TextLevelParser      - No producer found for character: 0
12:59:28.415 [FXGL Background Thread 1 ] WARN  TextLevelParser      - No producer found for character: 0
12:59:28.415 [FXGL Background Thread 1 ] WARN  TextLevelParser      - No producer found for character: 0
12:59:28.415 [FXGL Background Thread 1 ] WARN  TextLevelParser      - No producer found for character: 0
12:59:28.415 [FXGL Background Thread 1 ] WARN  TextLevelParser      - No producer found for character: 0
12:59:28.415 [FXGL Background Thread 1 ] WARN  TextLevelParser      - No producer found for character: 0
12:59:28.415 [FXGL Background Thread 1 ] WARN  TextLevelParser      - No producer found for character: 0
12:59:28.416 [FXGL Background Thread 1 ] WARN  TextLevelParser      - No producer found for character: 0
12:59:28.416 [FXGL Background Thread 1 ] WARN  TextLevelParser      - No producer found for character: 0
12:59:28.416 [FXGL Background Thread 1 ] WARN  TextLevelParser      - No producer found for character: 0
12:59:28.416 [FXGL Background Thread 1 ] WARN  TextLevelParser      - No producer found for character: 0
12:59:28.416 [FXGL Background Thread 1 ] WARN  TextLevelParser      - No producer found for character: 0
12:59:28.416 [FXGL Background Thread 1 ] WARN  TextLevelParser      - No producer found for character: 0
12:59:28.416 [FXGL Background Thread 1 ] WARN  TextLevelParser      - No producer found for character: 0
12:59:28.416 [FXGL Background Thread 1 ] WARN  TextLevelParser      - No producer found for character: 0
12:59:28.416 [FXGL Background Thread 1 ] WARN  TextLevelParser      - No producer found for character: 0
12:59:28.417 [FXGL Background Thread 1 ] WARN  TextLevelParser      - No producer found for character: 0
12:59:28.417 [FXGL Background Thread 1 ] WARN  TextLevelParser      - No producer found for character: 0
12:59:28.417 [FXGL Background Thread 1 ] WARN  TextLevelParser      - No producer found for character: 0
12:59:28.417 [FXGL Background Thread 1 ] WARN  TextLevelParser      - No producer found for character: 0
12:59:28.417 [FXGL Background Thread 1 ] WARN  TextLevelParser      - No producer found for character: 0
12:59:28.417 [FXGL Background Thread 1 ] WARN  TextLevelParser      - No producer found for character: 0
12:59:28.417 [FXGL Background Thread 1 ] WARN  TextLevelParser      - No producer found for character: 0
12:59:28.417 [FXGL Background Thread 1 ] WARN  TextLevelParser      - No producer found for character: 0
12:59:28.418 [FXGL Background Thread 1 ] WARN  TextLevelParser      - No producer found for character: 0
12:59:28.418 [FXGL Background Thread 1 ] WARN  TextLevelParser      - No producer found for character: 0
12:59:28.418 [FXGL Background Thread 1 ] WARN  TextLevelParser      - No producer found for character: 0
12:59:28.418 [FXGL Background Thread 1 ] WARN  TextLevelParser      - No producer found for character: 0
12:59:28.418 [FXGL Background Thread 1 ] WARN  TextLevelParser      - No producer found for character: 0
12:59:28.418 [FXGL Background Thread 1 ] WARN  TextLevelParser      - No producer found for character: 0
12:59:28.418 [FXGL Background Thread 1 ] WARN  TextLevelParser      - No producer found for character: 0
12:59:28.419 [FXGL Background Thread 1 ] WARN  TextLevelParser      - No producer found for character: 0
12:59:28.419 [FXGL Background Thread 1 ] WARN  TextLevelParser      - No producer found for character: 0
12:59:28.419 [FXGL Background Thread 1 ] WARN  TextLevelParser      - No producer found for character: 0
12:59:28.419 [FXGL Background Thread 1 ] WARN  TextLevelParser      - No producer found for character: 0
12:59:28.424 [FXGL Background Thread 1 ] DEBUG AssetLoader          - Loading from disk: /assets/textures/Ball.png
12:59:28.425 [FXGL Background Thread 1 ] WARN  TextLevelParser      - No producer found for character: 0
12:59:28.425 [FXGL Background Thread 1 ] WARN  TextLevelParser      - No producer found for character: 0
12:59:28.425 [FXGL Background Thread 1 ] WARN  TextLevelParser      - No producer found for character: 0
12:59:28.425 [FXGL Background Thread 1 ] WARN  TextLevelParser      - No producer found for character: 0
12:59:28.426 [FXGL Background Thread 1 ] WARN  TextLevelParser      - No producer found for character: 0
12:59:28.426 [FXGL Background Thread 1 ] WARN  TextLevelParser      - No producer found for character: 0
12:59:28.426 [FXGL Background Thread 1 ] WARN  TextLevelParser      - No producer found for character: 0
12:59:28.426 [FXGL Background Thread 1 ] WARN  TextLevelParser      - No producer found for character: 0
12:59:28.426 [FXGL Background Thread 1 ] WARN  TextLevelParser      - No producer found for character: 0
12:59:28.426 [FXGL Background Thread 1 ] WARN  TextLevelParser      - No producer found for character: 0
12:59:28.426 [FXGL Background Thread 1 ] WARN  TextLevelParser      - No producer found for character: 0
12:59:28.427 [FXGL Background Thread 1 ] WARN  TextLevelParser      - No producer found for character: 0
12:59:28.427 [FXGL Background Thread 1 ] WARN  TextLevelParser      - No producer found for character: 0
12:59:28.427 [FXGL Background Thread 1 ] WARN  TextLevelParser      - No producer found for character: 0
12:59:28.427 [FXGL Background Thread 1 ] WARN  TextLevelParser      - No producer found for character: 0
12:59:28.427 [FXGL Background Thread 1 ] WARN  TextLevelParser      - No producer found for character: 0
12:59:28.427 [FXGL Background Thread 1 ] WARN  TextLevelParser      - No producer found for character: 0
12:59:28.427 [FXGL Background Thread 1 ] WARN  TextLevelParser      - No producer found for character: 0
12:59:28.427 [FXGL Background Thread 1 ] WARN  TextLevelParser      - No producer found for character: 0
12:59:28.428 [FXGL Background Thread 1 ] WARN  TextLevelParser      - No producer found for character: 0
12:59:28.428 [FXGL Background Thread 1 ] WARN  TextLevelParser      - No producer found for character: 0
12:59:28.428 [FXGL Background Thread 1 ] WARN  TextLevelParser      - No producer found for character: 0
12:59:28.428 [FXGL Background Thread 1 ] WARN  TextLevelParser      - No producer found for character: 0
12:59:28.428 [FXGL Background Thread 1 ] WARN  TextLevelParser      - No producer found for character: 0
12:59:28.428 [FXGL Background Thread 1 ] WARN  TextLevelParser      - No producer found for character: 0
12:59:28.428 [FXGL Background Thread 1 ] WARN  TextLevelParser      - No producer found for character: 0
12:59:28.428 [FXGL Background Thread 1 ] WARN  TextLevelParser      - No producer found for character: 0
12:59:28.428 [FXGL Background Thread 1 ] WARN  TextLevelParser      - No producer found for character: 0
12:59:28.428 [FXGL Background Thread 1 ] WARN  TextLevelParser      - No producer found for character: 0
12:59:28.429 [FXGL Background Thread 1 ] WARN  TextLevelParser      - No producer found for character: 0
12:59:28.429 [FXGL Background Thread 1 ] WARN  TextLevelParser      - No producer found for character: 0
12:59:28.429 [FXGL Background Thread 1 ] WARN  TextLevelParser      - No producer found for character: 0
12:59:28.429 [FXGL Background Thread 1 ] WARN  TextLevelParser      - No producer found for character: 0
12:59:28.429 [FXGL Background Thread 1 ] WARN  TextLevelParser      - No producer found for character: 0
12:59:28.429 [FXGL Background Thread 1 ] WARN  TextLevelParser      - No producer found for character: 0
12:59:28.429 [FXGL Background Thread 1 ] WARN  TextLevelParser      - No producer found for character: 0
12:59:28.429 [FXGL Background Thread 1 ] WARN  TextLevelParser      - No producer found for character: 0
12:59:28.430 [FXGL Background Thread 1 ] WARN  TextLevelParser      - No producer found for character: 0
12:59:28.430 [FXGL Background Thread 1 ] WARN  TextLevelParser      - No producer found for character: 0
12:59:28.430 [FXGL Background Thread 1 ] WARN  TextLevelParser      - No producer found for character: 0
12:59:28.430 [FXGL Background Thread 1 ] WARN  TextLevelParser      - No producer found for character: 0
12:59:28.430 [FXGL Background Thread 1 ] WARN  TextLevelParser      - No producer found for character: 0
12:59:28.430 [FXGL Background Thread 1 ] WARN  TextLevelParser      - No producer found for character: 0
12:59:28.430 [FXGL Background Thread 1 ] WARN  TextLevelParser      - No producer found for character: 0
12:59:28.430 [FXGL Background Thread 1 ] WARN  TextLevelParser      - No producer found for character: 0
12:59:28.430 [FXGL Background Thread 1 ] WARN  TextLevelParser      - No producer found for character: 0
12:59:28.430 [FXGL Background Thread 1 ] WARN  TextLevelParser      - No producer found for character: 0
12:59:28.431 [FXGL Background Thread 1 ] WARN  TextLevelParser      - No producer found for character: 0
12:59:28.431 [FXGL Background Thread 1 ] WARN  TextLevelParser      - No producer found for character: 0
12:59:28.431 [FXGL Background Thread 1 ] WARN  TextLevelParser      - No producer found for character: 0
12:59:28.431 [FXGL Background Thread 1 ] WARN  TextLevelParser      - No producer found for character: 0
12:59:28.431 [FXGL Background Thread 1 ] WARN  TextLevelParser      - No producer found for character: 0
12:59:28.431 [FXGL Background Thread 1 ] WARN  TextLevelParser      - No producer found for character: 0
12:59:28.431 [FXGL Background Thread 1 ] WARN  TextLevelParser      - No producer found for character: 0
12:59:28.431 [FXGL Background Thread 1 ] WARN  TextLevelParser      - No producer found for character: 0
12:59:28.431 [FXGL Background Thread 1 ] WARN  TextLevelParser      - No producer found for character: 0
12:59:28.431 [FXGL Background Thread 1 ] WARN  TextLevelParser      - No producer found for character: 0
12:59:28.432 [FXGL Background Thread 1 ] WARN  TextLevelParser      - No producer found for character: 0
12:59:28.432 [FXGL Background Thread 1 ] WARN  TextLevelParser      - No producer found for character: 0
12:59:28.432 [FXGL Background Thread 1 ] WARN  TextLevelParser      - No producer found for character: 0
12:59:28.432 [FXGL Background Thread 1 ] WARN  TextLevelParser      - No producer found for character: 0
12:59:28.432 [FXGL Background Thread 1 ] WARN  TextLevelParser      - No producer found for character: 0
12:59:28.432 [FXGL Background Thread 1 ] WARN  TextLevelParser      - No producer found for character: 0
12:59:28.432 [FXGL Background Thread 1 ] WARN  TextLevelParser      - No producer found for character: 0
12:59:28.432 [FXGL Background Thread 1 ] WARN  TextLevelParser      - No producer found for character: 0
12:59:28.432 [FXGL Background Thread 1 ] WARN  TextLevelParser      - No producer found for character: 0
12:59:28.432 [FXGL Background Thread 1 ] WARN  TextLevelParser      - No producer found for character: 0
12:59:28.433 [FXGL Background Thread 1 ] WARN  TextLevelParser      - No producer found for character: 0
12:59:28.433 [FXGL Background Thread 1 ] WARN  TextLevelParser      - No producer found for character: 0
12:59:28.433 [FXGL Background Thread 1 ] WARN  TextLevelParser      - No producer found for character: 0
12:59:28.433 [FXGL Background Thread 1 ] WARN  TextLevelParser      - No producer found for character: 0
12:59:28.433 [FXGL Background Thread 1 ] WARN  TextLevelParser      - No producer found for character: 0
12:59:28.433 [FXGL Background Thread 1 ] WARN  TextLevelParser      - No producer found for character: 0
12:59:28.433 [FXGL Background Thread 1 ] WARN  TextLevelParser      - No producer found for character: 0
12:59:28.433 [FXGL Background Thread 1 ] WARN  TextLevelParser      - No producer found for character: 0
12:59:28.433 [FXGL Background Thread 1 ] WARN  TextLevelParser      - No producer found for character: 0
12:59:28.434 [FXGL Background Thread 1 ] WARN  TextLevelParser      - No producer found for character: 0
12:59:28.434 [FXGL Background Thread 1 ] WARN  TextLevelParser      - No producer found for character: 0
12:59:28.434 [FXGL Background Thread 1 ] WARN  TextLevelParser      - No producer found for character: 0
12:59:28.434 [FXGL Background Thread 1 ] WARN  TextLevelParser      - No producer found for character: 0
12:59:28.434 [FXGL Background Thread 1 ] WARN  TextLevelParser      - No producer found for character: 0
12:59:28.434 [FXGL Background Thread 1 ] WARN  TextLevelParser      - No producer found for character: 0
12:59:28.434 [FXGL Background Thread 1 ] WARN  TextLevelParser      - No producer found for character: 0
12:59:28.434 [FXGL Background Thread 1 ] WARN  TextLevelParser      - No producer found for character: 0
12:59:28.434 [FXGL Background Thread 1 ] WARN  TextLevelParser      - No producer found for character: 0
12:59:28.434 [FXGL Background Thread 1 ] WARN  TextLevelParser      - No producer found for character: 0
12:59:28.435 [FXGL Background Thread 1 ] WARN  TextLevelParser      - No producer found for character: 0
12:59:28.435 [FXGL Background Thread 1 ] WARN  TextLevelParser      - No producer found for character: 0
12:59:28.435 [FXGL Background Thread 1 ] WARN  TextLevelParser      - No producer found for character: 0
12:59:28.435 [FXGL Background Thread 1 ] WARN  TextLevelParser      - No producer found for character: 0
12:59:28.435 [FXGL Background Thread 1 ] WARN  TextLevelParser      - No producer found for character: 0
12:59:28.435 [FXGL Background Thread 1 ] WARN  TextLevelParser      - No producer found for character: 0
12:59:28.435 [FXGL Background Thread 1 ] WARN  TextLevelParser      - No producer found for character: 0
12:59:28.435 [FXGL Background Thread 1 ] WARN  TextLevelParser      - No producer found for character: 0
12:59:28.435 [FXGL Background Thread 1 ] WARN  TextLevelParser      - No producer found for character: 0
12:59:28.436 [FXGL Background Thread 1 ] WARN  TextLevelParser      - No producer found for character: 0
12:59:28.436 [FXGL Background Thread 1 ] WARN  TextLevelParser      - No producer found for character: 0
12:59:28.436 [FXGL Background Thread 1 ] WARN  TextLevelParser      - No producer found for character: 0
12:59:28.436 [FXGL Background Thread 1 ] WARN  TextLevelParser      - No producer found for character: 0
12:59:28.436 [FXGL Background Thread 1 ] WARN  TextLevelParser      - No producer found for character: 0
12:59:28.436 [FXGL Background Thread 1 ] WARN  TextLevelParser      - No producer found for character: 0
12:59:28.436 [FXGL Background Thread 1 ] WARN  TextLevelParser      - No producer found for character: 0
12:59:28.436 [FXGL Background Thread 1 ] WARN  TextLevelParser      - No producer found for character: 0
12:59:28.436 [FXGL Background Thread 1 ] WARN  TextLevelParser      - No producer found for character: 0
12:59:28.437 [FXGL Background Thread 1 ] WARN  TextLevelParser      - No producer found for character: 0
12:59:28.437 [FXGL Background Thread 1 ] WARN  TextLevelParser      - No producer found for character: 0
12:59:28.437 [FXGL Background Thread 1 ] WARN  TextLevelParser      - No producer found for character: 0
12:59:28.437 [FXGL Background Thread 1 ] WARN  TextLevelParser      - No producer found for character: 0
12:59:28.437 [FXGL Background Thread 1 ] WARN  TextLevelParser      - No producer found for character: 0
12:59:28.437 [FXGL Background Thread 1 ] WARN  TextLevelParser      - No producer found for character: 0
12:59:28.437 [FXGL Background Thread 1 ] WARN  TextLevelParser      - No producer found for character: 0
12:59:28.437 [FXGL Background Thread 1 ] WARN  TextLevelParser      - No producer found for character: 0
12:59:28.437 [FXGL Background Thread 1 ] WARN  TextLevelParser      - No producer found for character: 0
12:59:28.438 [FXGL Background Thread 1 ] DEBUG AssetLoader          - Loading from disk: /assets/textures/bar.png
12:59:28.440 [FXGL Background Thread 1 ] WARN  TextLevelParser      - No producer found for character: 0
12:59:28.440 [FXGL Background Thread 1 ] WARN  TextLevelParser      - No producer found for character: 0
12:59:28.440 [FXGL Background Thread 1 ] WARN  TextLevelParser      - No producer found for character: 0
12:59:28.441 [FXGL Background Thread 1 ] WARN  TextLevelParser      - No producer found for character: 0
12:59:28.441 [FXGL Background Thread 1 ] WARN  TextLevelParser      - No producer found for character: 0
12:59:28.441 [FXGL Background Thread 1 ] WARN  TextLevelParser      - No producer found for character: 0
12:59:28.441 [FXGL Background Thread 1 ] WARN  TextLevelParser      - No producer found for character: 0
12:59:28.441 [FXGL Background Thread 1 ] WARN  TextLevelParser      - No producer found for character: 0
12:59:28.441 [FXGL Background Thread 1 ] WARN  TextLevelParser      - No producer found for character: 0
12:59:28.441 [FXGL Background Thread 1 ] WARN  TextLevelParser      - No producer found for character: 0
12:59:28.441 [FXGL Background Thread 1 ] WARN  TextLevelParser      - No producer found for character: 0
12:59:28.441 [FXGL Background Thread 1 ] WARN  TextLevelParser      - No producer found for character: 0
12:59:28.442 [FXGL Background Thread 1 ] WARN  TextLevelParser      - No producer found for character: 0
12:59:28.442 [FXGL Background Thread 1 ] WARN  TextLevelParser      - No producer found for character: 0
12:59:28.442 [FXGL Background Thread 1 ] WARN  TextLevelParser      - No producer found for character: 0
12:59:28.442 [FXGL Background Thread 1 ] WARN  TextLevelParser      - No producer found for character: 0
12:59:28.442 [FXGL Background Thread 1 ] WARN  TextLevelParser      - No producer found for character: 0
12:59:28.442 [FXGL Background Thread 1 ] WARN  TextLevelParser      - No producer found for character: 0
12:59:28.442 [FXGL Background Thread 1 ] WARN  TextLevelParser      - No producer found for character: 0
12:59:28.442 [FXGL Background Thread 1 ] WARN  TextLevelParser      - No producer found for character: 0
12:59:28.442 [FXGL Background Thread 1 ] WARN  TextLevelParser      - No producer found for character: 0
12:59:28.443 [FXGL Background Thread 1 ] WARN  TextLevelParser      - No producer found for character: 0
12:59:28.443 [FXGL Background Thread 1 ] WARN  TextLevelParser      - No producer found for character: 0
12:59:28.443 [FXGL Background Thread 1 ] WARN  TextLevelParser      - No producer found for character: 0
12:59:28.443 [FXGL Background Thread 1 ] WARN  TextLevelParser      - No producer found for character: 0
12:59:28.443 [FXGL Background Thread 1 ] WARN  TextLevelParser      - No producer found for character: 0
12:59:28.443 [FXGL Background Thread 1 ] WARN  TextLevelParser      - No producer found for character: 0
12:59:28.444 [FXGL Background Thread 1 ] WARN  TextLevelParser      - No producer found for character: 0
12:59:28.444 [FXGL Background Thread 1 ] DEBUG GameWorld            - Clearing removable entities
12:59:28.444 [FXGL Background Thread 1 ] DEBUG GameWorld            - Setting level: com.almasb.fxgl.entity.Level@38ce3dd7
12:59:28.463 [FXGL Background Thread 1 ] DEBUG GameScene            - Creating render group for layer: DEFAULT(100000)
12:59:28.467 [FXGL Background Thread 1 ] DEBUG InitAppTask          - Initializing Physics
12:59:28.468 [FXGL Background Thread 1 ] DEBUG InitAppTask          - Initializing UI
12:59:28.468 [FXGL Background Thread 1 ] DEBUG AssetLoader          - Loading from cache: /assets/ui/fonts/VarelaRound-Regular.ttf
12:59:28.473 [FXGL Background Thread 1 ] DEBUG InitAppTask          - Initialization Complete
12:59:28.473 [FXGL Background Thread 1 ] INFO  InitAppTask          - Game initialization took: 0,160 sec
12:59:28.479 [JavaFX Application Thread] DEBUG Input                - Clearing active input actions
12:59:28.479 [JavaFX Application Thread] DEBUG AssetLoader          - Loading from disk: /assets/ui/css/fxgl_dark.css
12:59:28.493 [JavaFX Application Thread] DEBUG AppStateMachine      - LoadingState -> PlayState
12:59:32.481 [JavaFX Application Thread] FATAL FXGL                 - Uncaught Exception:

Fatal exception occurred: java.lang.IllegalArgumentException : Component BallComponent not found!
E: com.almasb.fxgl.entity.Entity.getComponent(Entity.java:276)
E: com.dalphs.BreakoutApp.getBallControl(BreakoutApp.java:24)
E: com.dalphs.BreakoutApp.lambda$initUI$0(BreakoutApp.java:86)
E: javafx.graphics/javafx.animation.Animation.finished(Animation.java:1131)
E: javafx.graphics/javafx.animation.AnimationAccessorImpl.finished(AnimationAccessorImpl.java:49)
E: javafx.graphics/com.sun.scenario.animation.shared.SingleLoopClipEnvelope.timePulse(SingleLoopClipEnvelope.java:103)
E: javafx.graphics/javafx.animation.Animation.doTimePulse(Animation.java:1101)
E: javafx.graphics/javafx.animation.Animation$1.lambda$timePulse$0(Animation.java:186)
E: java.base/java.security.AccessController.doPrivileged(Native Method)
E: javafx.graphics/javafx.animation.Animation$1.timePulse(Animation.java:185)
E: javafx.graphics/com.sun.scenario.animation.AbstractMasterTimer.timePulseImpl(AbstractMasterTimer.java:344)
E: javafx.graphics/com.sun.scenario.animation.AbstractMasterTimer$MainLoop.run(AbstractMasterTimer.java:267)
E: javafx.graphics/com.sun.javafx.tk.quantum.QuantumToolkit.pulse(QuantumToolkit.java:514)
E: javafx.graphics/com.sun.javafx.tk.quantum.QuantumToolkit.pulse(QuantumToolkit.java:498)
E: javafx.graphics/com.sun.javafx.tk.quantum.QuantumToolkit.pulseFromQueue(QuantumToolkit.java:491)
E: javafx.graphics/com.sun.javafx.tk.quantum.QuantumToolkit.lambda$runToolkit$11(QuantumToolkit.java:319)
E: javafx.graphics/com.sun.glass.ui.InvokeLaterDispatcher$Future.run(InvokeLaterDispatcher.java:96)
E: javafx.graphics/com.sun.glass.ui.win.WinApplication._runLoop(Native Method)
E: javafx.graphics/com.sun.glass.ui.win.WinApplication.lambda$runLoop$3(WinApplication.java:175)
E: java.base/java.lang.Thread.run(Thread.java:844)

12:59:32.481 [JavaFX Application Thread] FATAL FXGL                 - Application will now exit
12:59:32.481 [JavaFX Application Thread] DEBUG LoopRunner           - Stopping loop
12:59:38.319 [JavaFX Application Thread] DEBUG FXGL                 - Exiting FXGL
12:59:38.319 [JavaFX Application Thread] DEBUG FXGL                 - Shutting down background threads
12:59:38.319 [JavaFX Application Thread] DEBUG FXGL                 - Saving FXGL system data
12:59:38.323 [JavaFX Application Thread] DEBUG DesktopFSService     - Writing to: system\fxgl.bundle
12:59:38.327 [JavaFX Application Thread] DEBUG FXGL                 - Closing logger and exiting JavaFX
