10:19:00.772 [JavaFX Application Thread] DEBUG GameApplication      - Logger initialized
10:19:00.788 [JavaFX Application Thread] DEBUG MainWindow           - Creating a JavaFX scene
10:19:00.888 [JavaFX Application Thread] DEBUG MainWindow           - Target settings size: 900.0 x 780.0
10:19:00.888 [JavaFX Application Thread] DEBUG MainWindow           - Scaled scene size:    900.0 x 780.0
10:19:00.888 [JavaFX Application Thread] DEBUG MainWindow           - Scaled ratio: (1.0, 1.0)
10:19:00.892 [JavaFX Application Thread] DEBUG GameApplication      - Starting FXGL
10:19:00.909 [FXGL Launcher Thread     ] INFO  FXGL                 - FXGL-0.5.0 on DESKTOP
10:19:00.910 [FXGL Launcher Thread     ] INFO  FXGL                 - Source code and latest versions at: https://github.com/AlmasB/FXGL
10:19:00.910 [FXGL Launcher Thread     ] INFO  FXGL                 -              Join the FXGL chat at: https://gitter.im/AlmasB/FXGL
10:19:00.916 [FXGL Launcher Thread     ] DEBUG FXGL                 - Loading FXGL system data
10:19:00.928 [FXGL Launcher Thread     ] DEBUG FS                   - Reading from: system\fxgl.bundle
10:19:00.937 [FXGL Launcher Thread     ] DEBUG Bundle               - Logging bundle: FXGL
10:19:00.938 [FXGL Launcher Thread     ] DEBUG Bundle               - FXGL.offline.timer.version.check=2019-01-24T08:55:57.713219300
10:19:00.970 [FXGL Launcher Thread     ] DEBUG GameApplication      - FXGL started
10:19:00.971 [FXGL Launcher Thread     ] DEBUG GameApplication      - Logging game settings
Title: Breakout
Version: 0.1
Width: 900
Height: 780
Fullscreen: false
Intro: false
Menus: false
Profiling: false
Single step:false
App Mode: DEVELOPER
Menu Key: ESCAPE
Stage Style: DECORATED
Scene Factory: class com.almasb.fxgl.scene.SceneFactory
Dialog Factory: class com.almasb.fxgl.ui.FXGLDialogFactory
UI Factory: class com.almasb.fxgl.ui.FXGLUIFactory
Notification Service: class com.almasb.fxgl.gameplay.notification.XboxNotificationView
Exception Handler: class com.almasb.fxgl.app.FXGLExceptionHandler
10:19:00.972 [FXGL Launcher Thread     ] DEBUG GameApplication      - Configuring GameApplication
10:19:00.973 [FXGL Launcher Thread     ] DEBUG GameApplication      - Initializing state machine and application states
10:19:00.985 [FXGL Launcher Thread     ] DEBUG AssetLoader          - Loading from disk: /assets/ui/cursors/fxgl_default.png
10:19:01.000 [FXGL Launcher Thread     ] DEBUG AssetLoader          - Loading from disk: /assets/ui/cursors/fxgl_default.png
10:19:01.021 [FXGL Launcher Thread     ] DEBUG FXGLAssets           - Loading FXGLAssets
10:19:01.048 [FXGL Launcher Thread     ] DEBUG AssetLoader          - Loading from disk: /assets/ui/fonts/VarelaRound-Regular.ttf
10:19:01.254 [FXGL Launcher Thread     ] DEBUG AssetLoader          - Loading from disk: /assets/ui/fonts/lucida_console.ttf
10:19:01.259 [FXGL Launcher Thread     ] DEBUG AssetLoader          - Loading from disk: /assets/ui/css/fxgl_dark.css
10:19:01.259 [FXGL Launcher Thread     ] DEBUG AssetLoader          - Loading from disk: /assets/ui/icons/fxgl_icon.png
10:19:01.307 [FXGL Launcher Thread     ] DEBUG AssetLoader          - Loading from disk: /assets/ui/cursors/fxgl_default.png
10:19:01.319 [FXGL Launcher Thread     ] DEBUG AssetLoader          - Loading from disk: /assets/ui/cursors/fxgl_default.png
10:19:01.366 [FXGL Launcher Thread     ] DEBUG GameScene            - Game scene initialized: 900x780
10:19:01.380 [FXGL Launcher Thread     ] DEBUG GameWorld            - Game world initialized
10:19:01.454 [FXGL Launcher Thread     ] DEBUG PhysicsWorld         - Physics world initialized: appHeight=780, physics.ppm=50,0
10:19:01.471 [FXGL Launcher Thread     ] DEBUG Input                - Registered new binding: Pause - Esc
10:19:01.489 [FXGL Launcher Thread     ] DEBUG Input                - Clearing active input actions
10:19:01.529 [FXGL Launcher Thread     ] DEBUG AppStateMachine      - StartupState -> StartupState
10:19:01.537 [FXGL Launcher Thread     ] INFO  GameApplication      - Game configuration took:  0,564 sec
10:19:01.539 [JavaFX Application Thread] DEBUG MainWindow           - Opening main window
10:19:01.619 [JavaFX Application Thread] DEBUG MainWindow           - Window border size: (14.4000244140625, 37.5999755859375)
10:19:01.619 [JavaFX Application Thread] DEBUG MainWindow           - Scaled size: 900.0 x 780.0
10:19:01.619 [JavaFX Application Thread] DEBUG MainWindow           - Scaled ratio: (1.0, 1.0)
10:19:01.619 [JavaFX Application Thread] DEBUG MainWindow           - Scene size: 900.0 x 780.0
10:19:01.619 [JavaFX Application Thread] DEBUG MainWindow           - Stage size: 914.4000244140625 x 817.5999755859375
10:19:01.619 [JavaFX Application Thread] DEBUG GameApplication      - Running preInit()
10:19:01.621 [JavaFX Application Thread] DEBUG Input                - Registered new binding: Screenshot - P
10:19:01.622 [JavaFX Application Thread] DEBUG Input                - Registered new binding: Dev Options - CTRL+0
10:19:01.622 [JavaFX Application Thread] DEBUG Input                - Registered new binding: System info dump - CTRL+9
10:19:01.623 [JavaFX Application Thread] DEBUG Input                - Registered new binding: Restart - CTRL+R
10:19:01.623 [JavaFX Application Thread] DEBUG Input                - Registered new binding: Move Left - A
10:19:01.623 [JavaFX Application Thread] DEBUG Input                - Registered new binding: Move Right - D
10:19:01.643 [JavaFX Application Thread] DEBUG GameApplication      - Starting main loop
10:19:01.645 [JavaFX Application Thread] DEBUG StartupState         - STARTUP
10:19:01.645 [JavaFX Application Thread] DEBUG GameApplication      - Starting new game
10:19:01.646 [JavaFX Application Thread] DEBUG Input                - Clearing active input actions
10:19:01.658 [JavaFX Application Thread] DEBUG AppStateMachine      - StartupState -> LoadingState
10:19:01.662 [FXGL Background Thread 1 ] DEBUG InitAppTask          - Clearing previous game
10:19:01.663 [FXGL Background Thread 1 ] DEBUG GameWorld            - Clearing game world
10:19:01.663 [FXGL Background Thread 1 ] DEBUG PhysicsWorld         - Clearing physics world
10:19:01.663 [FXGL Background Thread 1 ] DEBUG GameScene            - Clearing game scene
10:19:01.664 [FXGL Background Thread 1 ] DEBUG InitAppTask          - Initializing Game
10:19:01.703 [FXGL Background Thread 1 ] DEBUG AssetLoader          - Loading from disk: /assets/text/levels/level1.txt
10:19:01.704 [FXGL Background Thread 1 ] WARN  FXGL.TextLevelParser - No producer found for character: 0
10:19:01.705 [FXGL Background Thread 1 ] WARN  FXGL.TextLevelParser - No producer found for character: 0
10:19:01.705 [FXGL Background Thread 1 ] WARN  FXGL.TextLevelParser - No producer found for character: 0
10:19:01.705 [FXGL Background Thread 1 ] WARN  FXGL.TextLevelParser - No producer found for character: 0
10:19:01.705 [FXGL Background Thread 1 ] WARN  FXGL.TextLevelParser - No producer found for character: 0
10:19:01.705 [FXGL Background Thread 1 ] WARN  FXGL.TextLevelParser - No producer found for character: 0
10:19:01.706 [FXGL Background Thread 1 ] WARN  FXGL.TextLevelParser - No producer found for character: 0
10:19:01.706 [FXGL Background Thread 1 ] WARN  FXGL.TextLevelParser - No producer found for character: 0
10:19:01.706 [FXGL Background Thread 1 ] WARN  FXGL.TextLevelParser - No producer found for character: 0
10:19:01.706 [FXGL Background Thread 1 ] WARN  FXGL.TextLevelParser - No producer found for character: 0
10:19:01.706 [FXGL Background Thread 1 ] WARN  FXGL.TextLevelParser - No producer found for character: 0
10:19:01.706 [FXGL Background Thread 1 ] WARN  FXGL.TextLevelParser - No producer found for character: 0
10:19:01.707 [FXGL Background Thread 1 ] WARN  FXGL.TextLevelParser - No producer found for character: 0
10:19:01.707 [FXGL Background Thread 1 ] WARN  FXGL.TextLevelParser - No producer found for character: 0
10:19:01.707 [FXGL Background Thread 1 ] WARN  FXGL.TextLevelParser - No producer found for character: 0
10:19:01.707 [FXGL Background Thread 1 ] WARN  FXGL.TextLevelParser - No producer found for character: 0
10:19:01.707 [FXGL Background Thread 1 ] WARN  FXGL.TextLevelParser - No producer found for character: 0
10:19:01.708 [FXGL Background Thread 1 ] WARN  FXGL.TextLevelParser - No producer found for character: 0
10:19:01.708 [FXGL Background Thread 1 ] WARN  FXGL.TextLevelParser - No producer found for character: 0
10:19:01.708 [FXGL Background Thread 1 ] WARN  FXGL.TextLevelParser - No producer found for character: 0
10:19:01.708 [FXGL Background Thread 1 ] WARN  FXGL.TextLevelParser - No producer found for character: 0
10:19:01.708 [FXGL Background Thread 1 ] WARN  FXGL.TextLevelParser - No producer found for character: 0
10:19:01.709 [FXGL Background Thread 1 ] WARN  FXGL.TextLevelParser - No producer found for character: 0
10:19:01.709 [FXGL Background Thread 1 ] WARN  FXGL.TextLevelParser - No producer found for character: 0
10:19:01.709 [FXGL Background Thread 1 ] WARN  FXGL.TextLevelParser - No producer found for character: 0
10:19:01.709 [FXGL Background Thread 1 ] WARN  FXGL.TextLevelParser - No producer found for character: 0
10:19:01.710 [FXGL Background Thread 1 ] WARN  FXGL.TextLevelParser - No producer found for character: 0
10:19:01.710 [FXGL Background Thread 1 ] WARN  FXGL.TextLevelParser - No producer found for character: 0
10:19:01.711 [FXGL Background Thread 1 ] WARN  FXGL.TextLevelParser - No producer found for character: 0
10:19:01.711 [FXGL Background Thread 1 ] WARN  FXGL.TextLevelParser - No producer found for character: 0
10:19:01.711 [FXGL Background Thread 1 ] WARN  FXGL.TextLevelParser - No producer found for character: 0
10:19:01.711 [FXGL Background Thread 1 ] WARN  FXGL.TextLevelParser - No producer found for character: 0
10:19:01.711 [FXGL Background Thread 1 ] WARN  FXGL.TextLevelParser - No producer found for character: 0
10:19:01.712 [FXGL Background Thread 1 ] WARN  FXGL.TextLevelParser - No producer found for character: 0
10:19:01.712 [FXGL Background Thread 1 ] WARN  FXGL.TextLevelParser - No producer found for character: 0
10:19:01.712 [FXGL Background Thread 1 ] WARN  FXGL.TextLevelParser - No producer found for character: 0
10:19:01.712 [FXGL Background Thread 1 ] WARN  FXGL.TextLevelParser - No producer found for character: 0
10:19:01.712 [FXGL Background Thread 1 ] WARN  FXGL.TextLevelParser - No producer found for character: 0
10:19:01.713 [FXGL Background Thread 1 ] WARN  FXGL.TextLevelParser - No producer found for character: 0
10:19:01.713 [FXGL Background Thread 1 ] WARN  FXGL.TextLevelParser - No producer found for character: 0
10:19:01.713 [FXGL Background Thread 1 ] WARN  FXGL.TextLevelParser - No producer found for character: 0
10:19:01.713 [FXGL Background Thread 1 ] WARN  FXGL.TextLevelParser - No producer found for character: 0
10:19:01.743 [FXGL Background Thread 1 ] DEBUG AssetLoader          - Loading from disk: /assets/textures/brick1.png
10:19:01.756 [FXGL Background Thread 1 ] WARN  FXGL.TextLevelParser - No producer found for character: 0
10:19:01.757 [FXGL Background Thread 1 ] WARN  FXGL.TextLevelParser - No producer found for character: 0
10:19:01.757 [FXGL Background Thread 1 ] WARN  FXGL.TextLevelParser - No producer found for character: 0
10:19:01.759 [FXGL Background Thread 1 ] WARN  FXGL.TextLevelParser - No producer found for character: 0
10:19:01.760 [FXGL Background Thread 1 ] WARN  FXGL.TextLevelParser - No producer found for character: 0
10:19:01.760 [FXGL Background Thread 1 ] WARN  FXGL.TextLevelParser - No producer found for character: 0
10:19:01.761 [FXGL Background Thread 1 ] WARN  FXGL.TextLevelParser - No producer found for character: 0
10:19:01.761 [FXGL Background Thread 1 ] DEBUG AssetLoader          - Loading from cache: /assets/textures/brick1.png@50.0x24.0
10:19:01.767 [FXGL Background Thread 1 ] WARN  FXGL.TextLevelParser - No producer found for character: 0
10:19:01.767 [FXGL Background Thread 1 ] WARN  FXGL.TextLevelParser - No producer found for character: 0
10:19:01.767 [FXGL Background Thread 1 ] WARN  FXGL.TextLevelParser - No producer found for character: 0
10:19:01.767 [FXGL Background Thread 1 ] WARN  FXGL.TextLevelParser - No producer found for character: 0
10:19:01.767 [FXGL Background Thread 1 ] WARN  FXGL.TextLevelParser - No producer found for character: 0
10:19:01.768 [FXGL Background Thread 1 ] WARN  FXGL.TextLevelParser - No producer found for character: 0
10:19:01.768 [FXGL Background Thread 1 ] WARN  FXGL.TextLevelParser - No producer found for character: 0
10:19:01.768 [FXGL Background Thread 1 ] WARN  FXGL.TextLevelParser - No producer found for character: 0
10:19:01.768 [FXGL Background Thread 1 ] WARN  FXGL.TextLevelParser - No producer found for character: 0
10:19:01.768 [FXGL Background Thread 1 ] WARN  FXGL.TextLevelParser - No producer found for character: 0
10:19:01.768 [FXGL Background Thread 1 ] WARN  FXGL.TextLevelParser - No producer found for character: 0
10:19:01.769 [FXGL Background Thread 1 ] WARN  FXGL.TextLevelParser - No producer found for character: 0
10:19:01.769 [FXGL Background Thread 1 ] WARN  FXGL.TextLevelParser - No producer found for character: 0
10:19:01.769 [FXGL Background Thread 1 ] WARN  FXGL.TextLevelParser - No producer found for character: 0
10:19:01.769 [FXGL Background Thread 1 ] WARN  FXGL.TextLevelParser - No producer found for character: 0
10:19:01.769 [FXGL Background Thread 1 ] WARN  FXGL.TextLevelParser - No producer found for character: 0
10:19:01.769 [FXGL Background Thread 1 ] WARN  FXGL.TextLevelParser - No producer found for character: 0
10:19:01.770 [FXGL Background Thread 1 ] WARN  FXGL.TextLevelParser - No producer found for character: 0
10:19:01.770 [FXGL Background Thread 1 ] WARN  FXGL.TextLevelParser - No producer found for character: 0
10:19:01.770 [FXGL Background Thread 1 ] WARN  FXGL.TextLevelParser - No producer found for character: 0
10:19:01.771 [FXGL Background Thread 1 ] WARN  FXGL.TextLevelParser - No producer found for character: 0
10:19:01.771 [FXGL Background Thread 1 ] WARN  FXGL.TextLevelParser - No producer found for character: 0
10:19:01.771 [FXGL Background Thread 1 ] WARN  FXGL.TextLevelParser - No producer found for character: 0
10:19:01.771 [FXGL Background Thread 1 ] WARN  FXGL.TextLevelParser - No producer found for character: 0
10:19:01.771 [FXGL Background Thread 1 ] WARN  FXGL.TextLevelParser - No producer found for character: 0
10:19:01.772 [FXGL Background Thread 1 ] WARN  FXGL.TextLevelParser - No producer found for character: 0
10:19:01.772 [FXGL Background Thread 1 ] WARN  FXGL.TextLevelParser - No producer found for character: 0
10:19:01.772 [FXGL Background Thread 1 ] WARN  FXGL.TextLevelParser - No producer found for character: 0
10:19:01.772 [FXGL Background Thread 1 ] WARN  FXGL.TextLevelParser - No producer found for character: 0
10:19:01.772 [FXGL Background Thread 1 ] WARN  FXGL.TextLevelParser - No producer found for character: 0
10:19:01.772 [FXGL Background Thread 1 ] WARN  FXGL.TextLevelParser - No producer found for character: 0
10:19:01.773 [FXGL Background Thread 1 ] WARN  FXGL.TextLevelParser - No producer found for character: 0
10:19:01.773 [FXGL Background Thread 1 ] WARN  FXGL.TextLevelParser - No producer found for character: 0
10:19:01.773 [FXGL Background Thread 1 ] WARN  FXGL.TextLevelParser - No producer found for character: 0
10:19:01.773 [FXGL Background Thread 1 ] WARN  FXGL.TextLevelParser - No producer found for character: 0
10:19:01.773 [FXGL Background Thread 1 ] WARN  FXGL.TextLevelParser - No producer found for character: 0
10:19:01.773 [FXGL Background Thread 1 ] WARN  FXGL.TextLevelParser - No producer found for character: 0
10:19:01.777 [FXGL Background Thread 1 ] WARN  FXGL.TextLevelParser - No producer found for character: 0
10:19:01.777 [FXGL Background Thread 1 ] WARN  FXGL.TextLevelParser - No producer found for character: 0
10:19:01.777 [FXGL Background Thread 1 ] WARN  FXGL.TextLevelParser - No producer found for character: 0
10:19:01.777 [FXGL Background Thread 1 ] WARN  FXGL.TextLevelParser - No producer found for character: 0
10:19:01.777 [FXGL Background Thread 1 ] WARN  FXGL.TextLevelParser - No producer found for character: 0
10:19:01.777 [FXGL Background Thread 1 ] WARN  FXGL.TextLevelParser - No producer found for character: 0
10:19:01.778 [FXGL Background Thread 1 ] WARN  FXGL.TextLevelParser - No producer found for character: 0
10:19:01.779 [FXGL Background Thread 1 ] WARN  FXGL.TextLevelParser - No producer found for character: 0
10:19:01.779 [FXGL Background Thread 1 ] WARN  FXGL.TextLevelParser - No producer found for character: 0
10:19:01.779 [FXGL Background Thread 1 ] WARN  FXGL.TextLevelParser - No producer found for character: 0
10:19:01.779 [FXGL Background Thread 1 ] WARN  FXGL.TextLevelParser - No producer found for character: 0
10:19:01.779 [FXGL Background Thread 1 ] WARN  FXGL.TextLevelParser - No producer found for character: 0
10:19:01.779 [FXGL Background Thread 1 ] WARN  FXGL.TextLevelParser - No producer found for character: 0
10:19:01.779 [FXGL Background Thread 1 ] WARN  FXGL.TextLevelParser - No producer found for character: 0
10:19:01.779 [FXGL Background Thread 1 ] WARN  FXGL.TextLevelParser - No producer found for character: 0
10:19:01.780 [FXGL Background Thread 1 ] WARN  FXGL.TextLevelParser - No producer found for character: 0
10:19:01.780 [FXGL Background Thread 1 ] WARN  FXGL.TextLevelParser - No producer found for character: 0
10:19:01.780 [FXGL Background Thread 1 ] WARN  FXGL.TextLevelParser - No producer found for character: 0
10:19:01.780 [FXGL Background Thread 1 ] WARN  FXGL.TextLevelParser - No producer found for character: 0
10:19:01.780 [FXGL Background Thread 1 ] WARN  FXGL.TextLevelParser - No producer found for character: 0
10:19:01.780 [FXGL Background Thread 1 ] WARN  FXGL.TextLevelParser - No producer found for character: 0
10:19:01.780 [FXGL Background Thread 1 ] WARN  FXGL.TextLevelParser - No producer found for character: 0
10:19:01.781 [FXGL Background Thread 1 ] WARN  FXGL.TextLevelParser - No producer found for character: 0
10:19:01.781 [FXGL Background Thread 1 ] WARN  FXGL.TextLevelParser - No producer found for character: 0
10:19:01.781 [FXGL Background Thread 1 ] WARN  FXGL.TextLevelParser - No producer found for character: 0
10:19:01.781 [FXGL Background Thread 1 ] WARN  FXGL.TextLevelParser - No producer found for character: 0
10:19:01.781 [FXGL Background Thread 1 ] WARN  FXGL.TextLevelParser - No producer found for character: 0
10:19:01.781 [FXGL Background Thread 1 ] WARN  FXGL.TextLevelParser - No producer found for character: 0
10:19:01.782 [FXGL Background Thread 1 ] WARN  FXGL.TextLevelParser - No producer found for character: 0
10:19:01.782 [FXGL Background Thread 1 ] WARN  FXGL.TextLevelParser - No producer found for character: 0
10:19:01.782 [FXGL Background Thread 1 ] WARN  FXGL.TextLevelParser - No producer found for character: 0
10:19:01.789 [FXGL Background Thread 1 ] WARN  FXGL.TextLevelParser - No producer found for character: 0
10:19:01.789 [FXGL Background Thread 1 ] WARN  FXGL.TextLevelParser - No producer found for character: 0
10:19:01.789 [FXGL Background Thread 1 ] WARN  FXGL.TextLevelParser - No producer found for character: 0
10:19:01.789 [FXGL Background Thread 1 ] WARN  FXGL.TextLevelParser - No producer found for character: 0
10:19:01.789 [FXGL Background Thread 1 ] WARN  FXGL.TextLevelParser - No producer found for character: 0
10:19:01.790 [FXGL Background Thread 1 ] WARN  FXGL.TextLevelParser - No producer found for character: 0
10:19:01.790 [FXGL Background Thread 1 ] WARN  FXGL.TextLevelParser - No producer found for character: 0
10:19:01.790 [FXGL Background Thread 1 ] WARN  FXGL.TextLevelParser - No producer found for character: 0
10:19:01.790 [FXGL Background Thread 1 ] WARN  FXGL.TextLevelParser - No producer found for character: 0
10:19:01.790 [FXGL Background Thread 1 ] WARN  FXGL.TextLevelParser - No producer found for character: 0
10:19:01.790 [FXGL Background Thread 1 ] WARN  FXGL.TextLevelParser - No producer found for character: 0
10:19:01.791 [FXGL Background Thread 1 ] WARN  FXGL.TextLevelParser - No producer found for character: 0
10:19:01.791 [FXGL Background Thread 1 ] WARN  FXGL.TextLevelParser - No producer found for character: 0
10:19:01.791 [FXGL Background Thread 1 ] WARN  FXGL.TextLevelParser - No producer found for character: 0
10:19:01.791 [FXGL Background Thread 1 ] WARN  FXGL.TextLevelParser - No producer found for character: 0
10:19:01.791 [FXGL Background Thread 1 ] WARN  FXGL.TextLevelParser - No producer found for character: 0
10:19:01.792 [FXGL Background Thread 1 ] WARN  FXGL.TextLevelParser - No producer found for character: 0
10:19:01.792 [FXGL Background Thread 1 ] WARN  FXGL.TextLevelParser - No producer found for character: 0
10:19:01.792 [FXGL Background Thread 1 ] WARN  FXGL.TextLevelParser - No producer found for character: 0
10:19:01.792 [FXGL Background Thread 1 ] WARN  FXGL.TextLevelParser - No producer found for character: 0
10:19:01.792 [FXGL Background Thread 1 ] WARN  FXGL.TextLevelParser - No producer found for character: 0
10:19:01.793 [FXGL Background Thread 1 ] WARN  FXGL.TextLevelParser - No producer found for character: 0
10:19:01.793 [FXGL Background Thread 1 ] WARN  FXGL.TextLevelParser - No producer found for character: 0
10:19:01.793 [FXGL Background Thread 1 ] WARN  FXGL.TextLevelParser - No producer found for character: 0
10:19:01.794 [FXGL Background Thread 1 ] WARN  FXGL.TextLevelParser - No producer found for character: 0
10:19:01.794 [FXGL Background Thread 1 ] WARN  FXGL.TextLevelParser - No producer found for character: 0
10:19:01.794 [FXGL Background Thread 1 ] WARN  FXGL.TextLevelParser - No producer found for character: 0
10:19:01.794 [FXGL Background Thread 1 ] WARN  FXGL.TextLevelParser - No producer found for character: 0
10:19:01.794 [FXGL Background Thread 1 ] WARN  FXGL.TextLevelParser - No producer found for character: 0
10:19:01.794 [FXGL Background Thread 1 ] WARN  FXGL.TextLevelParser - No producer found for character: 0
10:19:01.794 [FXGL Background Thread 1 ] WARN  FXGL.TextLevelParser - No producer found for character: 0
10:19:01.795 [FXGL Background Thread 1 ] WARN  FXGL.TextLevelParser - No producer found for character: 0
10:19:01.795 [FXGL Background Thread 1 ] WARN  FXGL.TextLevelParser - No producer found for character: 0
10:19:01.795 [FXGL Background Thread 1 ] WARN  FXGL.TextLevelParser - No producer found for character: 0
10:19:01.795 [FXGL Background Thread 1 ] WARN  FXGL.TextLevelParser - No producer found for character: 0
10:19:01.795 [FXGL Background Thread 1 ] WARN  FXGL.TextLevelParser - No producer found for character: 0
10:19:01.795 [FXGL Background Thread 1 ] WARN  FXGL.TextLevelParser - No producer found for character: 0
10:19:01.795 [FXGL Background Thread 1 ] WARN  FXGL.TextLevelParser - No producer found for character: 0
10:19:01.795 [FXGL Background Thread 1 ] WARN  FXGL.TextLevelParser - No producer found for character: 0
10:19:01.796 [FXGL Background Thread 1 ] WARN  FXGL.TextLevelParser - No producer found for character: 0
10:19:01.796 [FXGL Background Thread 1 ] WARN  FXGL.TextLevelParser - No producer found for character: 0
10:19:01.796 [FXGL Background Thread 1 ] WARN  FXGL.TextLevelParser - No producer found for character: 0
10:19:01.796 [FXGL Background Thread 1 ] WARN  FXGL.TextLevelParser - No producer found for character: 0
10:19:01.796 [FXGL Background Thread 1 ] WARN  FXGL.TextLevelParser - No producer found for character: 0
10:19:01.796 [FXGL Background Thread 1 ] WARN  FXGL.TextLevelParser - No producer found for character: 0
10:19:01.796 [FXGL Background Thread 1 ] WARN  FXGL.TextLevelParser - No producer found for character: 0
10:19:01.796 [FXGL Background Thread 1 ] WARN  FXGL.TextLevelParser - No producer found for character: 0
10:19:01.797 [FXGL Background Thread 1 ] WARN  FXGL.TextLevelParser - No producer found for character: 0
10:19:01.797 [FXGL Background Thread 1 ] WARN  FXGL.TextLevelParser - No producer found for character: 0
10:19:01.797 [FXGL Background Thread 1 ] WARN  FXGL.TextLevelParser - No producer found for character: 0
10:19:01.797 [FXGL Background Thread 1 ] WARN  FXGL.TextLevelParser - No producer found for character: 0
10:19:01.797 [FXGL Background Thread 1 ] WARN  FXGL.TextLevelParser - No producer found for character: 0
10:19:01.797 [FXGL Background Thread 1 ] WARN  FXGL.TextLevelParser - No producer found for character: 0
10:19:01.797 [FXGL Background Thread 1 ] WARN  FXGL.TextLevelParser - No producer found for character: 0
10:19:01.797 [FXGL Background Thread 1 ] WARN  FXGL.TextLevelParser - No producer found for character: 0
10:19:01.798 [FXGL Background Thread 1 ] WARN  FXGL.TextLevelParser - No producer found for character: 0
10:19:01.798 [FXGL Background Thread 1 ] WARN  FXGL.TextLevelParser - No producer found for character: 0
10:19:01.798 [FXGL Background Thread 1 ] WARN  FXGL.TextLevelParser - No producer found for character: 0
10:19:01.798 [FXGL Background Thread 1 ] WARN  FXGL.TextLevelParser - No producer found for character: 0
10:19:01.798 [FXGL Background Thread 1 ] WARN  FXGL.TextLevelParser - No producer found for character: 0
10:19:01.798 [FXGL Background Thread 1 ] WARN  FXGL.TextLevelParser - No producer found for character: 0
10:19:01.798 [FXGL Background Thread 1 ] WARN  FXGL.TextLevelParser - No producer found for character: 0
10:19:01.799 [FXGL Background Thread 1 ] WARN  FXGL.TextLevelParser - No producer found for character: 0
10:19:01.799 [FXGL Background Thread 1 ] WARN  FXGL.TextLevelParser - No producer found for character: 0
10:19:01.799 [FXGL Background Thread 1 ] WARN  FXGL.TextLevelParser - No producer found for character: 0
10:19:01.799 [FXGL Background Thread 1 ] WARN  FXGL.TextLevelParser - No producer found for character: 0
10:19:01.799 [FXGL Background Thread 1 ] WARN  FXGL.TextLevelParser - No producer found for character: 0
10:19:01.799 [FXGL Background Thread 1 ] WARN  FXGL.TextLevelParser - No producer found for character: 0
10:19:01.799 [FXGL Background Thread 1 ] WARN  FXGL.TextLevelParser - No producer found for character: 0
10:19:01.799 [FXGL Background Thread 1 ] WARN  FXGL.TextLevelParser - No producer found for character: 0
10:19:01.800 [FXGL Background Thread 1 ] WARN  FXGL.TextLevelParser - No producer found for character: 0
10:19:01.800 [FXGL Background Thread 1 ] WARN  FXGL.TextLevelParser - No producer found for character: 0
10:19:01.800 [FXGL Background Thread 1 ] WARN  FXGL.TextLevelParser - No producer found for character: 0
10:19:01.800 [FXGL Background Thread 1 ] WARN  FXGL.TextLevelParser - No producer found for character: 0
10:19:01.800 [FXGL Background Thread 1 ] WARN  FXGL.TextLevelParser - No producer found for character: 0
10:19:01.800 [FXGL Background Thread 1 ] WARN  FXGL.TextLevelParser - No producer found for character: 0
10:19:01.800 [FXGL Background Thread 1 ] WARN  FXGL.TextLevelParser - No producer found for character: 0
10:19:01.800 [FXGL Background Thread 1 ] WARN  FXGL.TextLevelParser - No producer found for character: 0
10:19:01.801 [FXGL Background Thread 1 ] WARN  FXGL.TextLevelParser - No producer found for character: 0
10:19:01.801 [FXGL Background Thread 1 ] WARN  FXGL.TextLevelParser - No producer found for character: 0
10:19:01.801 [FXGL Background Thread 1 ] WARN  FXGL.TextLevelParser - No producer found for character: 0
10:19:01.801 [FXGL Background Thread 1 ] WARN  FXGL.TextLevelParser - No producer found for character: 0
10:19:01.801 [FXGL Background Thread 1 ] WARN  FXGL.TextLevelParser - No producer found for character: 0
10:19:01.801 [FXGL Background Thread 1 ] WARN  FXGL.TextLevelParser - No producer found for character: 0
10:19:01.801 [FXGL Background Thread 1 ] WARN  FXGL.TextLevelParser - No producer found for character: 0
10:19:01.801 [FXGL Background Thread 1 ] WARN  FXGL.TextLevelParser - No producer found for character: 0
10:19:01.801 [FXGL Background Thread 1 ] WARN  FXGL.TextLevelParser - No producer found for character: 0
10:19:01.801 [FXGL Background Thread 1 ] WARN  FXGL.TextLevelParser - No producer found for character: 0
10:19:01.801 [FXGL Background Thread 1 ] WARN  FXGL.TextLevelParser - No producer found for character: 0
10:19:01.802 [FXGL Background Thread 1 ] WARN  FXGL.TextLevelParser - No producer found for character: 0
10:19:01.802 [FXGL Background Thread 1 ] WARN  FXGL.TextLevelParser - No producer found for character: 0
10:19:01.802 [FXGL Background Thread 1 ] WARN  FXGL.TextLevelParser - No producer found for character: 0
10:19:01.802 [FXGL Background Thread 1 ] WARN  FXGL.TextLevelParser - No producer found for character: 0
10:19:01.802 [FXGL Background Thread 1 ] WARN  FXGL.TextLevelParser - No producer found for character: 0
10:19:01.802 [FXGL Background Thread 1 ] WARN  FXGL.TextLevelParser - No producer found for character: 0
10:19:01.802 [FXGL Background Thread 1 ] WARN  FXGL.TextLevelParser - No producer found for character: 0
10:19:01.802 [FXGL Background Thread 1 ] WARN  FXGL.TextLevelParser - No producer found for character: 0
10:19:01.802 [FXGL Background Thread 1 ] WARN  FXGL.TextLevelParser - No producer found for character: 0
10:19:01.802 [FXGL Background Thread 1 ] WARN  FXGL.TextLevelParser - No producer found for character: 0
10:19:01.803 [FXGL Background Thread 1 ] WARN  FXGL.TextLevelParser - No producer found for character: 0
10:19:01.803 [FXGL Background Thread 1 ] WARN  FXGL.TextLevelParser - No producer found for character: 0
10:19:01.803 [FXGL Background Thread 1 ] WARN  FXGL.TextLevelParser - No producer found for character: 0
10:19:01.803 [FXGL Background Thread 1 ] WARN  FXGL.TextLevelParser - No producer found for character: 0
10:19:01.803 [FXGL Background Thread 1 ] WARN  FXGL.TextLevelParser - No producer found for character: 0
10:19:01.803 [FXGL Background Thread 1 ] WARN  FXGL.TextLevelParser - No producer found for character: 0
10:19:01.803 [FXGL Background Thread 1 ] WARN  FXGL.TextLevelParser - No producer found for character: 0
10:19:01.803 [FXGL Background Thread 1 ] WARN  FXGL.TextLevelParser - No producer found for character: 0
10:19:01.803 [FXGL Background Thread 1 ] WARN  FXGL.TextLevelParser - No producer found for character: 0
10:19:01.803 [FXGL Background Thread 1 ] WARN  FXGL.TextLevelParser - No producer found for character: 0
10:19:01.804 [FXGL Background Thread 1 ] WARN  FXGL.TextLevelParser - No producer found for character: 0
10:19:01.804 [FXGL Background Thread 1 ] WARN  FXGL.TextLevelParser - No producer found for character: 0
10:19:01.804 [FXGL Background Thread 1 ] WARN  FXGL.TextLevelParser - No producer found for character: 0
10:19:01.804 [FXGL Background Thread 1 ] WARN  FXGL.TextLevelParser - No producer found for character: 0
10:19:01.804 [FXGL Background Thread 1 ] WARN  FXGL.TextLevelParser - No producer found for character: 0
10:19:01.804 [FXGL Background Thread 1 ] WARN  FXGL.TextLevelParser - No producer found for character: 0
10:19:01.805 [FXGL Background Thread 1 ] WARN  FXGL.TextLevelParser - No producer found for character: 0
10:19:01.805 [FXGL Background Thread 1 ] WARN  FXGL.TextLevelParser - No producer found for character: 0
10:19:01.805 [FXGL Background Thread 1 ] WARN  FXGL.TextLevelParser - No producer found for character: 0
10:19:01.805 [FXGL Background Thread 1 ] WARN  FXGL.TextLevelParser - No producer found for character: 0
10:19:01.805 [FXGL Background Thread 1 ] WARN  FXGL.TextLevelParser - No producer found for character: 0
10:19:01.805 [FXGL Background Thread 1 ] WARN  FXGL.TextLevelParser - No producer found for character: 0
10:19:01.805 [FXGL Background Thread 1 ] WARN  FXGL.TextLevelParser - No producer found for character: 0
10:19:01.805 [FXGL Background Thread 1 ] WARN  FXGL.TextLevelParser - No producer found for character: 0
10:19:01.805 [FXGL Background Thread 1 ] WARN  FXGL.TextLevelParser - No producer found for character: 0
10:19:01.806 [FXGL Background Thread 1 ] WARN  FXGL.TextLevelParser - No producer found for character: 0
10:19:01.806 [FXGL Background Thread 1 ] WARN  FXGL.TextLevelParser - No producer found for character: 0
10:19:01.806 [FXGL Background Thread 1 ] WARN  FXGL.TextLevelParser - No producer found for character: 0
10:19:01.806 [FXGL Background Thread 1 ] WARN  FXGL.TextLevelParser - No producer found for character: 0
10:19:01.806 [FXGL Background Thread 1 ] WARN  FXGL.TextLevelParser - No producer found for character: 0
10:19:01.806 [FXGL Background Thread 1 ] WARN  FXGL.TextLevelParser - No producer found for character: 0
10:19:01.806 [FXGL Background Thread 1 ] WARN  FXGL.TextLevelParser - No producer found for character: 0
10:19:01.806 [FXGL Background Thread 1 ] WARN  FXGL.TextLevelParser - No producer found for character: 0
10:19:01.806 [FXGL Background Thread 1 ] WARN  FXGL.TextLevelParser - No producer found for character: 0
10:19:01.807 [FXGL Background Thread 1 ] WARN  FXGL.TextLevelParser - No producer found for character: 0
10:19:01.807 [FXGL Background Thread 1 ] WARN  FXGL.TextLevelParser - No producer found for character: 0
10:19:01.807 [FXGL Background Thread 1 ] WARN  FXGL.TextLevelParser - No producer found for character: 0
10:19:01.807 [FXGL Background Thread 1 ] WARN  FXGL.TextLevelParser - No producer found for character: 0
10:19:01.808 [FXGL Background Thread 1 ] WARN  FXGL.TextLevelParser - No producer found for character: 0
10:19:01.808 [FXGL Background Thread 1 ] WARN  FXGL.TextLevelParser - No producer found for character: 0
10:19:01.808 [FXGL Background Thread 1 ] WARN  FXGL.TextLevelParser - No producer found for character: 0
10:19:01.808 [FXGL Background Thread 1 ] WARN  FXGL.TextLevelParser - No producer found for character: 0
10:19:01.808 [FXGL Background Thread 1 ] WARN  FXGL.TextLevelParser - No producer found for character: 0
10:19:01.808 [FXGL Background Thread 1 ] WARN  FXGL.TextLevelParser - No producer found for character: 0
10:19:01.809 [FXGL Background Thread 1 ] WARN  FXGL.TextLevelParser - No producer found for character: 0
10:19:01.809 [FXGL Background Thread 1 ] WARN  FXGL.TextLevelParser - No producer found for character: 0
10:19:01.809 [FXGL Background Thread 1 ] WARN  FXGL.TextLevelParser - No producer found for character: 0
10:19:01.809 [FXGL Background Thread 1 ] WARN  FXGL.TextLevelParser - No producer found for character: 0
10:19:01.809 [FXGL Background Thread 1 ] WARN  FXGL.TextLevelParser - No producer found for character: 0
10:19:01.810 [FXGL Background Thread 1 ] WARN  FXGL.TextLevelParser - No producer found for character: 0
10:19:01.810 [FXGL Background Thread 1 ] WARN  FXGL.TextLevelParser - No producer found for character: 0
10:19:01.810 [FXGL Background Thread 1 ] WARN  FXGL.TextLevelParser - No producer found for character: 0
10:19:01.810 [FXGL Background Thread 1 ] WARN  FXGL.TextLevelParser - No producer found for character: 0
10:19:01.810 [FXGL Background Thread 1 ] WARN  FXGL.TextLevelParser - No producer found for character: 0
10:19:01.810 [FXGL Background Thread 1 ] WARN  FXGL.TextLevelParser - No producer found for character: 0
10:19:01.810 [FXGL Background Thread 1 ] WARN  FXGL.TextLevelParser - No producer found for character: 0
10:19:01.811 [FXGL Background Thread 1 ] WARN  FXGL.TextLevelParser - No producer found for character: 0
10:19:01.811 [FXGL Background Thread 1 ] WARN  FXGL.TextLevelParser - No producer found for character: 0
10:19:01.811 [FXGL Background Thread 1 ] WARN  FXGL.TextLevelParser - No producer found for character: 0
10:19:01.811 [FXGL Background Thread 1 ] WARN  FXGL.TextLevelParser - No producer found for character: 0
10:19:01.811 [FXGL Background Thread 1 ] WARN  FXGL.TextLevelParser - No producer found for character: 0
10:19:01.811 [FXGL Background Thread 1 ] WARN  FXGL.TextLevelParser - No producer found for character: 0
10:19:01.811 [FXGL Background Thread 1 ] WARN  FXGL.TextLevelParser - No producer found for character: 0
10:19:01.811 [FXGL Background Thread 1 ] WARN  FXGL.TextLevelParser - No producer found for character: 0
10:19:01.811 [FXGL Background Thread 1 ] WARN  FXGL.TextLevelParser - No producer found for character: 0
10:19:01.812 [FXGL Background Thread 1 ] WARN  FXGL.TextLevelParser - No producer found for character: 0
10:19:01.812 [FXGL Background Thread 1 ] WARN  FXGL.TextLevelParser - No producer found for character: 0
10:19:01.812 [FXGL Background Thread 1 ] WARN  FXGL.TextLevelParser - No producer found for character: 0
10:19:01.812 [FXGL Background Thread 1 ] WARN  FXGL.TextLevelParser - No producer found for character: 0
10:19:01.812 [FXGL Background Thread 1 ] WARN  FXGL.TextLevelParser - No producer found for character: 0
10:19:01.812 [FXGL Background Thread 1 ] WARN  FXGL.TextLevelParser - No producer found for character: 0
10:19:01.812 [FXGL Background Thread 1 ] WARN  FXGL.TextLevelParser - No producer found for character: 0
10:19:01.812 [FXGL Background Thread 1 ] WARN  FXGL.TextLevelParser - No producer found for character: 0
10:19:01.813 [FXGL Background Thread 1 ] WARN  FXGL.TextLevelParser - No producer found for character: 0
10:19:01.813 [FXGL Background Thread 1 ] WARN  FXGL.TextLevelParser - No producer found for character: 0
10:19:01.813 [FXGL Background Thread 1 ] WARN  FXGL.TextLevelParser - No producer found for character: 0
10:19:01.813 [FXGL Background Thread 1 ] WARN  FXGL.TextLevelParser - No producer found for character: 0
10:19:01.813 [FXGL Background Thread 1 ] WARN  FXGL.TextLevelParser - No producer found for character: 0
10:19:01.814 [FXGL Background Thread 1 ] DEBUG AssetLoader          - Loading from disk: /assets/textures/bar.png
10:19:01.816 [FXGL Background Thread 1 ] WARN  FXGL.TextLevelParser - No producer found for character: 0
10:19:01.816 [FXGL Background Thread 1 ] WARN  FXGL.TextLevelParser - No producer found for character: 0
10:19:01.817 [FXGL Background Thread 1 ] WARN  FXGL.TextLevelParser - No producer found for character: 0
10:19:01.817 [FXGL Background Thread 1 ] WARN  FXGL.TextLevelParser - No producer found for character: 0
10:19:01.817 [FXGL Background Thread 1 ] WARN  FXGL.TextLevelParser - No producer found for character: 0
10:19:01.817 [FXGL Background Thread 1 ] WARN  FXGL.TextLevelParser - No producer found for character: 0
10:19:01.817 [FXGL Background Thread 1 ] WARN  FXGL.TextLevelParser - No producer found for character: 0
10:19:01.817 [FXGL Background Thread 1 ] WARN  FXGL.TextLevelParser - No producer found for character: 0
10:19:01.817 [FXGL Background Thread 1 ] WARN  FXGL.TextLevelParser - No producer found for character: 0
10:19:01.817 [FXGL Background Thread 1 ] WARN  FXGL.TextLevelParser - No producer found for character: 0
10:19:01.817 [FXGL Background Thread 1 ] WARN  FXGL.TextLevelParser - No producer found for character: 0
10:19:01.818 [FXGL Background Thread 1 ] WARN  FXGL.TextLevelParser - No producer found for character: 0
10:19:01.818 [FXGL Background Thread 1 ] WARN  FXGL.TextLevelParser - No producer found for character: 0
10:19:01.818 [FXGL Background Thread 1 ] WARN  FXGL.TextLevelParser - No producer found for character: 0
10:19:01.818 [FXGL Background Thread 1 ] WARN  FXGL.TextLevelParser - No producer found for character: 0
10:19:01.818 [FXGL Background Thread 1 ] WARN  FXGL.TextLevelParser - No producer found for character: 0
10:19:01.818 [FXGL Background Thread 1 ] WARN  FXGL.TextLevelParser - No producer found for character: 0
10:19:01.818 [FXGL Background Thread 1 ] WARN  FXGL.TextLevelParser - No producer found for character: 0
10:19:01.818 [FXGL Background Thread 1 ] WARN  FXGL.TextLevelParser - No producer found for character: 0
10:19:01.818 [FXGL Background Thread 1 ] WARN  FXGL.TextLevelParser - No producer found for character: 0
10:19:01.818 [FXGL Background Thread 1 ] WARN  FXGL.TextLevelParser - No producer found for character: 0
10:19:01.819 [FXGL Background Thread 1 ] WARN  FXGL.TextLevelParser - No producer found for character: 0
10:19:01.819 [FXGL Background Thread 1 ] WARN  FXGL.TextLevelParser - No producer found for character: 0
10:19:01.819 [FXGL Background Thread 1 ] WARN  FXGL.TextLevelParser - No producer found for character: 0
10:19:01.819 [FXGL Background Thread 1 ] WARN  FXGL.TextLevelParser - No producer found for character: 0
10:19:01.819 [FXGL Background Thread 1 ] WARN  FXGL.TextLevelParser - No producer found for character: 0
10:19:01.820 [FXGL Background Thread 1 ] DEBUG AssetLoader          - Loading from disk: /assets/textures/fire.png
10:19:01.834 [FXGL Background Thread 1 ] WARN  FXGL.TextLevelParser - No producer found for character: 0
10:19:01.835 [FXGL Background Thread 1 ] DEBUG AssetLoader          - Loading from cache: /assets/textures/fire.png@100.0x80.0
10:19:01.836 [FXGL Background Thread 1 ] WARN  FXGL.TextLevelParser - No producer found for character: 0
10:19:01.836 [FXGL Background Thread 1 ] DEBUG AssetLoader          - Loading from cache: /assets/textures/fire.png@100.0x80.0
10:19:01.837 [FXGL Background Thread 1 ] WARN  FXGL.TextLevelParser - No producer found for character: 0
10:19:01.838 [FXGL Background Thread 1 ] DEBUG AssetLoader          - Loading from cache: /assets/textures/fire.png@100.0x80.0
10:19:01.838 [FXGL Background Thread 1 ] WARN  FXGL.TextLevelParser - No producer found for character: 0
10:19:01.839 [FXGL Background Thread 1 ] DEBUG AssetLoader          - Loading from cache: /assets/textures/fire.png@100.0x80.0
10:19:01.840 [FXGL Background Thread 1 ] WARN  FXGL.TextLevelParser - No producer found for character: 0
10:19:01.841 [FXGL Background Thread 1 ] DEBUG AssetLoader          - Loading from cache: /assets/textures/fire.png@100.0x80.0
10:19:01.842 [FXGL Background Thread 1 ] WARN  FXGL.TextLevelParser - No producer found for character: 0
10:19:01.844 [FXGL Background Thread 1 ] DEBUG AssetLoader          - Loading from cache: /assets/textures/fire.png@100.0x80.0
10:19:01.845 [FXGL Background Thread 1 ] WARN  FXGL.TextLevelParser - No producer found for character: 0
10:19:01.846 [FXGL Background Thread 1 ] DEBUG AssetLoader          - Loading from cache: /assets/textures/fire.png@100.0x80.0
10:19:01.847 [FXGL Background Thread 1 ] WARN  FXGL.TextLevelParser - No producer found for character: 0
10:19:01.847 [FXGL Background Thread 1 ] DEBUG AssetLoader          - Loading from cache: /assets/textures/fire.png@100.0x80.0
10:19:01.848 [FXGL Background Thread 1 ] WARN  FXGL.TextLevelParser - No producer found for character: 0
10:19:01.849 [FXGL Background Thread 1 ] DEBUG GameWorld            - Clearing removable entities
10:19:01.850 [FXGL Background Thread 1 ] DEBUG GameWorld            - Setting level: com.almasb.fxgl.entity.Level@454d11db
10:19:01.870 [FXGL Background Thread 1 ] DEBUG GameScene            - Creating render group for layer: DEFAULT(100000)
10:19:01.884 [FXGL Background Thread 1 ] DEBUG GameScene            - Creating render group for layer: BACKGROUND(1000)
10:19:01.886 [FXGL Background Thread 1 ] DEBUG InitAppTask          - Initializing Physics
10:19:01.886 [FXGL Background Thread 1 ] DEBUG InitAppTask          - Initializing UI
10:19:01.887 [FXGL Background Thread 1 ] DEBUG InitAppTask          - Initialization Complete
10:19:01.888 [FXGL Background Thread 1 ] INFO  InitAppTask          - Game initialization took: 0,226 sec
10:19:01.900 [JavaFX Application Thread] DEBUG Input                - Clearing active input actions
10:19:01.913 [JavaFX Application Thread] DEBUG AppStateMachine      - LoadingState -> PlayState
10:20:01.503 [JavaFX Application Thread] DEBUG AssetLoader          - Loading from disk: /assets/text/levels/level2.txt
10:20:01.505 [JavaFX Application Thread] WARN  FXGL.TextLevelParser - No producer found for character: 0
10:20:01.505 [JavaFX Application Thread] WARN  FXGL.TextLevelParser - No producer found for character: 0
10:20:01.505 [JavaFX Application Thread] WARN  FXGL.TextLevelParser - No producer found for character: 0
10:20:01.505 [JavaFX Application Thread] WARN  FXGL.TextLevelParser - No producer found for character: 0
10:20:01.506 [JavaFX Application Thread] WARN  FXGL.TextLevelParser - No producer found for character: 0
10:20:01.506 [JavaFX Application Thread] WARN  FXGL.TextLevelParser - No producer found for character: 0
10:20:01.506 [JavaFX Application Thread] WARN  FXGL.TextLevelParser - No producer found for character: 0
10:20:01.506 [JavaFX Application Thread] WARN  FXGL.TextLevelParser - No producer found for character: 0
10:20:01.506 [JavaFX Application Thread] WARN  FXGL.TextLevelParser - No producer found for character: 0
10:20:01.507 [JavaFX Application Thread] WARN  FXGL.TextLevelParser - No producer found for character: 0
10:20:01.507 [JavaFX Application Thread] WARN  FXGL.TextLevelParser - No producer found for character: 0
10:20:01.507 [JavaFX Application Thread] WARN  FXGL.TextLevelParser - No producer found for character: 0
10:20:01.507 [JavaFX Application Thread] WARN  FXGL.TextLevelParser - No producer found for character: 0
10:20:01.507 [JavaFX Application Thread] WARN  FXGL.TextLevelParser - No producer found for character: 0
10:20:01.507 [JavaFX Application Thread] WARN  FXGL.TextLevelParser - No producer found for character: 0
10:20:01.508 [JavaFX Application Thread] WARN  FXGL.TextLevelParser - No producer found for character: 0
10:20:01.508 [JavaFX Application Thread] WARN  FXGL.TextLevelParser - No producer found for character: 0
10:20:01.508 [JavaFX Application Thread] WARN  FXGL.TextLevelParser - No producer found for character: 0
10:20:01.510 [JavaFX Application Thread] DEBUG AssetLoader          - Loading from cache: /assets/textures/brick1.png@50.0x24.0
10:20:01.512 [JavaFX Application Thread] DEBUG AssetLoader          - Loading from cache: /assets/textures/brick1.png@50.0x24.0
10:20:01.514 [JavaFX Application Thread] DEBUG AssetLoader          - Loading from cache: /assets/textures/brick1.png@50.0x24.0
10:20:01.519 [JavaFX Application Thread] DEBUG AssetLoader          - Loading from cache: /assets/textures/brick1.png@50.0x24.0
10:20:01.522 [JavaFX Application Thread] DEBUG AssetLoader          - Loading from cache: /assets/textures/brick1.png@50.0x24.0
10:20:01.525 [JavaFX Application Thread] DEBUG AssetLoader          - Loading from cache: /assets/textures/brick1.png@50.0x24.0
10:20:01.527 [JavaFX Application Thread] DEBUG AssetLoader          - Loading from cache: /assets/textures/brick1.png@50.0x24.0
10:20:01.529 [JavaFX Application Thread] DEBUG AssetLoader          - Loading from cache: /assets/textures/brick1.png@50.0x24.0
10:20:01.531 [JavaFX Application Thread] DEBUG AssetLoader          - Loading from cache: /assets/textures/brick1.png@50.0x24.0
10:20:01.534 [JavaFX Application Thread] DEBUG AssetLoader          - Loading from cache: /assets/textures/brick1.png@50.0x24.0
10:20:01.537 [JavaFX Application Thread] DEBUG AssetLoader          - Loading from cache: /assets/textures/brick1.png@50.0x24.0
10:20:01.538 [JavaFX Application Thread] DEBUG AssetLoader          - Loading from cache: /assets/textures/brick1.png@50.0x24.0
10:20:01.540 [JavaFX Application Thread] DEBUG AssetLoader          - Loading from cache: /assets/textures/brick1.png@50.0x24.0
10:20:01.543 [JavaFX Application Thread] DEBUG AssetLoader          - Loading from cache: /assets/textures/brick1.png@50.0x24.0
10:20:01.545 [JavaFX Application Thread] DEBUG AssetLoader          - Loading from cache: /assets/textures/brick1.png@50.0x24.0
10:20:01.547 [JavaFX Application Thread] DEBUG AssetLoader          - Loading from cache: /assets/textures/brick1.png@50.0x24.0
10:20:01.549 [JavaFX Application Thread] DEBUG AssetLoader          - Loading from cache: /assets/textures/brick1.png@50.0x24.0
10:20:01.550 [JavaFX Application Thread] DEBUG AssetLoader          - Loading from cache: /assets/textures/brick1.png@50.0x24.0
10:20:01.552 [JavaFX Application Thread] DEBUG AssetLoader          - Loading from cache: /assets/textures/brick1.png@50.0x24.0
10:20:01.553 [JavaFX Application Thread] DEBUG AssetLoader          - Loading from cache: /assets/textures/brick1.png@50.0x24.0
10:20:01.554 [JavaFX Application Thread] DEBUG AssetLoader          - Loading from cache: /assets/textures/brick1.png@50.0x24.0
10:20:01.555 [JavaFX Application Thread] DEBUG AssetLoader          - Loading from cache: /assets/textures/brick1.png@50.0x24.0
10:20:01.556 [JavaFX Application Thread] DEBUG AssetLoader          - Loading from cache: /assets/textures/brick1.png@50.0x24.0
10:20:01.557 [JavaFX Application Thread] DEBUG AssetLoader          - Loading from cache: /assets/textures/brick1.png@50.0x24.0
10:20:01.558 [JavaFX Application Thread] DEBUG AssetLoader          - Loading from cache: /assets/textures/brick1.png@50.0x24.0
10:20:01.559 [JavaFX Application Thread] DEBUG AssetLoader          - Loading from cache: /assets/textures/brick1.png@50.0x24.0
10:20:01.560 [JavaFX Application Thread] DEBUG AssetLoader          - Loading from cache: /assets/textures/brick1.png@50.0x24.0
10:20:01.561 [JavaFX Application Thread] DEBUG AssetLoader          - Loading from cache: /assets/textures/brick1.png@50.0x24.0
10:20:01.563 [JavaFX Application Thread] DEBUG AssetLoader          - Loading from cache: /assets/textures/brick1.png@50.0x24.0
10:20:01.564 [JavaFX Application Thread] DEBUG AssetLoader          - Loading from cache: /assets/textures/brick1.png@50.0x24.0
10:20:01.565 [JavaFX Application Thread] DEBUG AssetLoader          - Loading from cache: /assets/textures/brick1.png@50.0x24.0
10:20:01.566 [JavaFX Application Thread] DEBUG AssetLoader          - Loading from cache: /assets/textures/brick1.png@50.0x24.0
10:20:01.567 [JavaFX Application Thread] DEBUG AssetLoader          - Loading from cache: /assets/textures/brick1.png@50.0x24.0
10:20:01.568 [JavaFX Application Thread] DEBUG AssetLoader          - Loading from cache: /assets/textures/brick1.png@50.0x24.0
10:20:01.569 [JavaFX Application Thread] DEBUG AssetLoader          - Loading from cache: /assets/textures/brick1.png@50.0x24.0
10:20:01.570 [JavaFX Application Thread] DEBUG AssetLoader          - Loading from cache: /assets/textures/brick1.png@50.0x24.0
10:20:01.571 [JavaFX Application Thread] WARN  FXGL.TextLevelParser - No producer found for character: 0
10:20:01.571 [JavaFX Application Thread] WARN  FXGL.TextLevelParser - No producer found for character: 0
10:20:01.572 [JavaFX Application Thread] WARN  FXGL.TextLevelParser - No producer found for character: 0
10:20:01.572 [JavaFX Application Thread] WARN  FXGL.TextLevelParser - No producer found for character: 0
10:20:01.572 [JavaFX Application Thread] WARN  FXGL.TextLevelParser - No producer found for character: 0
10:20:01.572 [JavaFX Application Thread] WARN  FXGL.TextLevelParser - No producer found for character: 0
10:20:01.572 [JavaFX Application Thread] WARN  FXGL.TextLevelParser - No producer found for character: 0
10:20:01.572 [JavaFX Application Thread] WARN  FXGL.TextLevelParser - No producer found for character: 0
10:20:01.572 [JavaFX Application Thread] WARN  FXGL.TextLevelParser - No producer found for character: 0
10:20:01.572 [JavaFX Application Thread] WARN  FXGL.TextLevelParser - No producer found for character: 0
10:20:01.572 [JavaFX Application Thread] WARN  FXGL.TextLevelParser - No producer found for character: 0
10:20:01.572 [JavaFX Application Thread] WARN  FXGL.TextLevelParser - No producer found for character: 0
10:20:01.573 [JavaFX Application Thread] WARN  FXGL.TextLevelParser - No producer found for character: 0
10:20:01.573 [JavaFX Application Thread] WARN  FXGL.TextLevelParser - No producer found for character: 0
10:20:01.573 [JavaFX Application Thread] WARN  FXGL.TextLevelParser - No producer found for character: 0
10:20:01.573 [JavaFX Application Thread] WARN  FXGL.TextLevelParser - No producer found for character: 0
10:20:01.573 [JavaFX Application Thread] WARN  FXGL.TextLevelParser - No producer found for character: 0
10:20:01.573 [JavaFX Application Thread] WARN  FXGL.TextLevelParser - No producer found for character: 0
10:20:01.573 [JavaFX Application Thread] WARN  FXGL.TextLevelParser - No producer found for character: 0
10:20:01.573 [JavaFX Application Thread] WARN  FXGL.TextLevelParser - No producer found for character: 0
10:20:01.573 [JavaFX Application Thread] WARN  FXGL.TextLevelParser - No producer found for character: 0
10:20:01.574 [JavaFX Application Thread] WARN  FXGL.TextLevelParser - No producer found for character: 0
10:20:01.574 [JavaFX Application Thread] WARN  FXGL.TextLevelParser - No producer found for character: 0
10:20:01.574 [JavaFX Application Thread] WARN  FXGL.TextLevelParser - No producer found for character: 0
10:20:01.574 [JavaFX Application Thread] WARN  FXGL.TextLevelParser - No producer found for character: 0
10:20:01.574 [JavaFX Application Thread] WARN  FXGL.TextLevelParser - No producer found for character: 0
10:20:01.574 [JavaFX Application Thread] WARN  FXGL.TextLevelParser - No producer found for character: 0
10:20:01.574 [JavaFX Application Thread] WARN  FXGL.TextLevelParser - No producer found for character: 0
10:20:01.575 [JavaFX Application Thread] WARN  FXGL.TextLevelParser - No producer found for character: 0
10:20:01.575 [JavaFX Application Thread] WARN  FXGL.TextLevelParser - No producer found for character: 0
10:20:01.575 [JavaFX Application Thread] WARN  FXGL.TextLevelParser - No producer found for character: 0
10:20:01.575 [JavaFX Application Thread] WARN  FXGL.TextLevelParser - No producer found for character: 0
10:20:01.575 [JavaFX Application Thread] WARN  FXGL.TextLevelParser - No producer found for character: 0
10:20:01.575 [JavaFX Application Thread] WARN  FXGL.TextLevelParser - No producer found for character: 0
10:20:01.575 [JavaFX Application Thread] WARN  FXGL.TextLevelParser - No producer found for character: 0
10:20:01.575 [JavaFX Application Thread] WARN  FXGL.TextLevelParser - No producer found for character: 0
10:20:01.575 [JavaFX Application Thread] WARN  FXGL.TextLevelParser - No producer found for character: 0
10:20:01.576 [JavaFX Application Thread] WARN  FXGL.TextLevelParser - No producer found for character: 0
10:20:01.576 [JavaFX Application Thread] WARN  FXGL.TextLevelParser - No producer found for character: 0
10:20:01.576 [JavaFX Application Thread] WARN  FXGL.TextLevelParser - No producer found for character: 0
10:20:01.576 [JavaFX Application Thread] WARN  FXGL.TextLevelParser - No producer found for character: 0
10:20:01.576 [JavaFX Application Thread] WARN  FXGL.TextLevelParser - No producer found for character: 0
10:20:01.576 [JavaFX Application Thread] WARN  FXGL.TextLevelParser - No producer found for character: 0
10:20:01.576 [JavaFX Application Thread] WARN  FXGL.TextLevelParser - No producer found for character: 0
10:20:01.577 [JavaFX Application Thread] WARN  FXGL.TextLevelParser - No producer found for character: 0
10:20:01.577 [JavaFX Application Thread] WARN  FXGL.TextLevelParser - No producer found for character: 0
10:20:01.577 [JavaFX Application Thread] WARN  FXGL.TextLevelParser - No producer found for character: 0
10:20:01.577 [JavaFX Application Thread] WARN  FXGL.TextLevelParser - No producer found for character: 0
10:20:01.577 [JavaFX Application Thread] WARN  FXGL.TextLevelParser - No producer found for character: 0
10:20:01.577 [JavaFX Application Thread] WARN  FXGL.TextLevelParser - No producer found for character: 0
10:20:01.578 [JavaFX Application Thread] WARN  FXGL.TextLevelParser - No producer found for character: 0
10:20:01.578 [JavaFX Application Thread] WARN  FXGL.TextLevelParser - No producer found for character: 0
10:20:01.578 [JavaFX Application Thread] WARN  FXGL.TextLevelParser - No producer found for character: 0
10:20:01.578 [JavaFX Application Thread] WARN  FXGL.TextLevelParser - No producer found for character: 0
10:20:01.578 [JavaFX Application Thread] WARN  FXGL.TextLevelParser - No producer found for character: 0
10:20:01.578 [JavaFX Application Thread] WARN  FXGL.TextLevelParser - No producer found for character: 0
10:20:01.578 [JavaFX Application Thread] WARN  FXGL.TextLevelParser - No producer found for character: 0
10:20:01.579 [JavaFX Application Thread] WARN  FXGL.TextLevelParser - No producer found for character: 0
10:20:01.579 [JavaFX Application Thread] WARN  FXGL.TextLevelParser - No producer found for character: 0
10:20:01.579 [JavaFX Application Thread] WARN  FXGL.TextLevelParser - No producer found for character: 0
10:20:01.579 [JavaFX Application Thread] WARN  FXGL.TextLevelParser - No producer found for character: 0
10:20:01.579 [JavaFX Application Thread] WARN  FXGL.TextLevelParser - No producer found for character: 0
10:20:01.579 [JavaFX Application Thread] WARN  FXGL.TextLevelParser - No producer found for character: 0
10:20:01.579 [JavaFX Application Thread] WARN  FXGL.TextLevelParser - No producer found for character: 0
10:20:01.579 [JavaFX Application Thread] WARN  FXGL.TextLevelParser - No producer found for character: 0
10:20:01.580 [JavaFX Application Thread] WARN  FXGL.TextLevelParser - No producer found for character: 0
10:20:01.580 [JavaFX Application Thread] WARN  FXGL.TextLevelParser - No producer found for character: 0
10:20:01.581 [JavaFX Application Thread] WARN  FXGL.TextLevelParser - No producer found for character: 0
10:20:01.581 [JavaFX Application Thread] WARN  FXGL.TextLevelParser - No producer found for character: 0
10:20:01.581 [JavaFX Application Thread] WARN  FXGL.TextLevelParser - No producer found for character: 0
10:20:01.581 [JavaFX Application Thread] WARN  FXGL.TextLevelParser - No producer found for character: 0
10:20:01.581 [JavaFX Application Thread] WARN  FXGL.TextLevelParser - No producer found for character: 0
10:20:01.581 [JavaFX Application Thread] WARN  FXGL.TextLevelParser - No producer found for character: 0
10:20:01.581 [JavaFX Application Thread] WARN  FXGL.TextLevelParser - No producer found for character: 0
10:20:01.581 [JavaFX Application Thread] WARN  FXGL.TextLevelParser - No producer found for character: 0
10:20:01.581 [JavaFX Application Thread] WARN  FXGL.TextLevelParser - No producer found for character: 0
10:20:01.581 [JavaFX Application Thread] WARN  FXGL.TextLevelParser - No producer found for character: 0
10:20:01.581 [JavaFX Application Thread] WARN  FXGL.TextLevelParser - No producer found for character: 0
10:20:01.581 [JavaFX Application Thread] WARN  FXGL.TextLevelParser - No producer found for character: 0
10:20:01.581 [JavaFX Application Thread] WARN  FXGL.TextLevelParser - No producer found for character: 0
10:20:01.581 [JavaFX Application Thread] WARN  FXGL.TextLevelParser - No producer found for character: 0
10:20:01.581 [JavaFX Application Thread] WARN  FXGL.TextLevelParser - No producer found for character: 0
10:20:01.581 [JavaFX Application Thread] WARN  FXGL.TextLevelParser - No producer found for character: 0
10:20:01.581 [JavaFX Application Thread] WARN  FXGL.TextLevelParser - No producer found for character: 0
10:20:01.582 [JavaFX Application Thread] WARN  FXGL.TextLevelParser - No producer found for character: 0
10:20:01.582 [JavaFX Application Thread] WARN  FXGL.TextLevelParser - No producer found for character: 0
10:20:01.582 [JavaFX Application Thread] WARN  FXGL.TextLevelParser - No producer found for character: 0
10:20:01.582 [JavaFX Application Thread] WARN  FXGL.TextLevelParser - No producer found for character: 0
10:20:01.582 [JavaFX Application Thread] WARN  FXGL.TextLevelParser - No producer found for character: 0
10:20:01.582 [JavaFX Application Thread] WARN  FXGL.TextLevelParser - No producer found for character: 0
10:20:01.582 [JavaFX Application Thread] WARN  FXGL.TextLevelParser - No producer found for character: 0
10:20:01.582 [JavaFX Application Thread] WARN  FXGL.TextLevelParser - No producer found for character: 0
10:20:01.582 [JavaFX Application Thread] WARN  FXGL.TextLevelParser - No producer found for character: 0
10:20:01.582 [JavaFX Application Thread] WARN  FXGL.TextLevelParser - No producer found for character: 0
10:20:01.582 [JavaFX Application Thread] WARN  FXGL.TextLevelParser - No producer found for character: 0
10:20:01.582 [JavaFX Application Thread] WARN  FXGL.TextLevelParser - No producer found for character: 0
10:20:01.582 [JavaFX Application Thread] WARN  FXGL.TextLevelParser - No producer found for character: 0
10:20:01.582 [JavaFX Application Thread] WARN  FXGL.TextLevelParser - No producer found for character: 0
10:20:01.582 [JavaFX Application Thread] WARN  FXGL.TextLevelParser - No producer found for character: 0
10:20:01.582 [JavaFX Application Thread] WARN  FXGL.TextLevelParser - No producer found for character: 0
10:20:01.582 [JavaFX Application Thread] WARN  FXGL.TextLevelParser - No producer found for character: 0
10:20:01.583 [JavaFX Application Thread] WARN  FXGL.TextLevelParser - No producer found for character: 0
10:20:01.583 [JavaFX Application Thread] WARN  FXGL.TextLevelParser - No producer found for character: 0
10:20:01.583 [JavaFX Application Thread] WARN  FXGL.TextLevelParser - No producer found for character: 0
10:20:01.583 [JavaFX Application Thread] WARN  FXGL.TextLevelParser - No producer found for character: 0
10:20:01.583 [JavaFX Application Thread] WARN  FXGL.TextLevelParser - No producer found for character: 0
10:20:01.583 [JavaFX Application Thread] WARN  FXGL.TextLevelParser - No producer found for character: 0
10:20:01.583 [JavaFX Application Thread] WARN  FXGL.TextLevelParser - No producer found for character: 0
10:20:01.583 [JavaFX Application Thread] WARN  FXGL.TextLevelParser - No producer found for character: 0
10:20:01.583 [JavaFX Application Thread] WARN  FXGL.TextLevelParser - No producer found for character: 0
10:20:01.583 [JavaFX Application Thread] WARN  FXGL.TextLevelParser - No producer found for character: 0
10:20:01.583 [JavaFX Application Thread] WARN  FXGL.TextLevelParser - No producer found for character: 0
10:20:01.583 [JavaFX Application Thread] WARN  FXGL.TextLevelParser - No producer found for character: 0
10:20:01.583 [JavaFX Application Thread] WARN  FXGL.TextLevelParser - No producer found for character: 0
10:20:01.583 [JavaFX Application Thread] WARN  FXGL.TextLevelParser - No producer found for character: 0
10:20:01.583 [JavaFX Application Thread] WARN  FXGL.TextLevelParser - No producer found for character: 0
10:20:01.583 [JavaFX Application Thread] WARN  FXGL.TextLevelParser - No producer found for character: 0
10:20:01.583 [JavaFX Application Thread] WARN  FXGL.TextLevelParser - No producer found for character: 0
10:20:01.583 [JavaFX Application Thread] WARN  FXGL.TextLevelParser - No producer found for character: 0
10:20:01.584 [JavaFX Application Thread] WARN  FXGL.TextLevelParser - No producer found for character: 0
10:20:01.584 [JavaFX Application Thread] WARN  FXGL.TextLevelParser - No producer found for character: 0
10:20:01.584 [JavaFX Application Thread] WARN  FXGL.TextLevelParser - No producer found for character: 0
10:20:01.584 [JavaFX Application Thread] WARN  FXGL.TextLevelParser - No producer found for character: 0
10:20:01.584 [JavaFX Application Thread] WARN  FXGL.TextLevelParser - No producer found for character: 0
10:20:01.584 [JavaFX Application Thread] WARN  FXGL.TextLevelParser - No producer found for character: 0
10:20:01.584 [JavaFX Application Thread] WARN  FXGL.TextLevelParser - No producer found for character: 0
10:20:01.584 [JavaFX Application Thread] WARN  FXGL.TextLevelParser - No producer found for character: 0
10:20:01.584 [JavaFX Application Thread] WARN  FXGL.TextLevelParser - No producer found for character: 0
10:20:01.584 [JavaFX Application Thread] WARN  FXGL.TextLevelParser - No producer found for character: 0
10:20:01.584 [JavaFX Application Thread] WARN  FXGL.TextLevelParser - No producer found for character: 0
10:20:01.584 [JavaFX Application Thread] WARN  FXGL.TextLevelParser - No producer found for character: 0
10:20:01.584 [JavaFX Application Thread] WARN  FXGL.TextLevelParser - No producer found for character: 0
10:20:01.584 [JavaFX Application Thread] WARN  FXGL.TextLevelParser - No producer found for character: 0
10:20:01.584 [JavaFX Application Thread] WARN  FXGL.TextLevelParser - No producer found for character: 0
10:20:01.584 [JavaFX Application Thread] WARN  FXGL.TextLevelParser - No producer found for character: 0
10:20:01.584 [JavaFX Application Thread] WARN  FXGL.TextLevelParser - No producer found for character: 0
10:20:01.585 [JavaFX Application Thread] WARN  FXGL.TextLevelParser - No producer found for character: 0
10:20:01.585 [JavaFX Application Thread] WARN  FXGL.TextLevelParser - No producer found for character: 0
10:20:01.585 [JavaFX Application Thread] WARN  FXGL.TextLevelParser - No producer found for character: 0
10:20:01.585 [JavaFX Application Thread] WARN  FXGL.TextLevelParser - No producer found for character: 0
10:20:01.585 [JavaFX Application Thread] WARN  FXGL.TextLevelParser - No producer found for character: 0
10:20:01.585 [JavaFX Application Thread] WARN  FXGL.TextLevelParser - No producer found for character: 0
10:20:01.585 [JavaFX Application Thread] WARN  FXGL.TextLevelParser - No producer found for character: 0
10:20:01.585 [JavaFX Application Thread] WARN  FXGL.TextLevelParser - No producer found for character: 0
10:20:01.585 [JavaFX Application Thread] WARN  FXGL.TextLevelParser - No producer found for character: 0
10:20:01.585 [JavaFX Application Thread] WARN  FXGL.TextLevelParser - No producer found for character: 0
10:20:01.585 [JavaFX Application Thread] WARN  FXGL.TextLevelParser - No producer found for character: 0
10:20:01.585 [JavaFX Application Thread] WARN  FXGL.TextLevelParser - No producer found for character: 0
10:20:01.585 [JavaFX Application Thread] WARN  FXGL.TextLevelParser - No producer found for character: 0
10:20:01.585 [JavaFX Application Thread] WARN  FXGL.TextLevelParser - No producer found for character: 0
10:20:01.585 [JavaFX Application Thread] WARN  FXGL.TextLevelParser - No producer found for character: 0
10:20:01.585 [JavaFX Application Thread] WARN  FXGL.TextLevelParser - No producer found for character: 0
10:20:01.585 [JavaFX Application Thread] WARN  FXGL.TextLevelParser - No producer found for character: 0
10:20:01.585 [JavaFX Application Thread] WARN  FXGL.TextLevelParser - No producer found for character: 0
10:20:01.585 [JavaFX Application Thread] WARN  FXGL.TextLevelParser - No producer found for character: 0
10:20:01.586 [JavaFX Application Thread] WARN  FXGL.TextLevelParser - No producer found for character: 0
10:20:01.586 [JavaFX Application Thread] WARN  FXGL.TextLevelParser - No producer found for character: 0
10:20:01.586 [JavaFX Application Thread] WARN  FXGL.TextLevelParser - No producer found for character: 0
10:20:01.586 [JavaFX Application Thread] WARN  FXGL.TextLevelParser - No producer found for character: 0
10:20:01.586 [JavaFX Application Thread] WARN  FXGL.TextLevelParser - No producer found for character: 0
10:20:01.586 [JavaFX Application Thread] WARN  FXGL.TextLevelParser - No producer found for character: 0
10:20:01.586 [JavaFX Application Thread] WARN  FXGL.TextLevelParser - No producer found for character: 0
10:20:01.586 [JavaFX Application Thread] WARN  FXGL.TextLevelParser - No producer found for character: 0
10:20:01.586 [JavaFX Application Thread] WARN  FXGL.TextLevelParser - No producer found for character: 0
10:20:01.586 [JavaFX Application Thread] WARN  FXGL.TextLevelParser - No producer found for character: 0
10:20:01.586 [JavaFX Application Thread] WARN  FXGL.TextLevelParser - No producer found for character: 0
10:20:01.586 [JavaFX Application Thread] WARN  FXGL.TextLevelParser - No producer found for character: 0
10:20:01.586 [JavaFX Application Thread] WARN  FXGL.TextLevelParser - No producer found for character: 0
10:20:01.587 [JavaFX Application Thread] WARN  FXGL.TextLevelParser - No producer found for character: 0
10:20:01.587 [JavaFX Application Thread] WARN  FXGL.TextLevelParser - No producer found for character: 0
10:20:01.587 [JavaFX Application Thread] WARN  FXGL.TextLevelParser - No producer found for character: 0
10:20:01.587 [JavaFX Application Thread] WARN  FXGL.TextLevelParser - No producer found for character: 0
10:20:01.587 [JavaFX Application Thread] WARN  FXGL.TextLevelParser - No producer found for character: 0
10:20:01.587 [JavaFX Application Thread] WARN  FXGL.TextLevelParser - No producer found for character: 0
10:20:01.587 [JavaFX Application Thread] WARN  FXGL.TextLevelParser - No producer found for character: 0
10:20:01.587 [JavaFX Application Thread] WARN  FXGL.TextLevelParser - No producer found for character: 0
10:20:01.587 [JavaFX Application Thread] WARN  FXGL.TextLevelParser - No producer found for character: 0
10:20:01.587 [JavaFX Application Thread] WARN  FXGL.TextLevelParser - No producer found for character: 0
10:20:01.587 [JavaFX Application Thread] WARN  FXGL.TextLevelParser - No producer found for character: 0
10:20:01.587 [JavaFX Application Thread] WARN  FXGL.TextLevelParser - No producer found for character: 0
10:20:01.587 [JavaFX Application Thread] WARN  FXGL.TextLevelParser - No producer found for character: 0
10:20:01.587 [JavaFX Application Thread] WARN  FXGL.TextLevelParser - No producer found for character: 0
10:20:01.587 [JavaFX Application Thread] WARN  FXGL.TextLevelParser - No producer found for character: 0
10:20:01.587 [JavaFX Application Thread] WARN  FXGL.TextLevelParser - No producer found for character: 0
10:20:01.587 [JavaFX Application Thread] WARN  FXGL.TextLevelParser - No producer found for character: 0
10:20:01.587 [JavaFX Application Thread] WARN  FXGL.TextLevelParser - No producer found for character: 0
10:20:01.588 [JavaFX Application Thread] WARN  FXGL.TextLevelParser - No producer found for character: 0
10:20:01.588 [JavaFX Application Thread] WARN  FXGL.TextLevelParser - No producer found for character: 0
10:20:01.588 [JavaFX Application Thread] WARN  FXGL.TextLevelParser - No producer found for character: 0
10:20:01.588 [JavaFX Application Thread] WARN  FXGL.TextLevelParser - No producer found for character: 0
10:20:01.588 [JavaFX Application Thread] WARN  FXGL.TextLevelParser - No producer found for character: 0
10:20:01.588 [JavaFX Application Thread] WARN  FXGL.TextLevelParser - No producer found for character: 0
10:20:01.588 [JavaFX Application Thread] WARN  FXGL.TextLevelParser - No producer found for character: 0
10:20:01.588 [JavaFX Application Thread] WARN  FXGL.TextLevelParser - No producer found for character: 0
10:20:01.588 [JavaFX Application Thread] WARN  FXGL.TextLevelParser - No producer found for character: 0
10:20:01.588 [JavaFX Application Thread] WARN  FXGL.TextLevelParser - No producer found for character: 0
10:20:01.588 [JavaFX Application Thread] WARN  FXGL.TextLevelParser - No producer found for character: 0
10:20:01.588 [JavaFX Application Thread] WARN  FXGL.TextLevelParser - No producer found for character: 0
10:20:01.588 [JavaFX Application Thread] WARN  FXGL.TextLevelParser - No producer found for character: 0
10:20:01.588 [JavaFX Application Thread] WARN  FXGL.TextLevelParser - No producer found for character: 0
10:20:01.588 [JavaFX Application Thread] WARN  FXGL.TextLevelParser - No producer found for character: 0
10:20:01.588 [JavaFX Application Thread] WARN  FXGL.TextLevelParser - No producer found for character: 0
10:20:01.588 [JavaFX Application Thread] WARN  FXGL.TextLevelParser - No producer found for character: 0
10:20:01.589 [JavaFX Application Thread] WARN  FXGL.TextLevelParser - No producer found for character: 0
10:20:01.589 [JavaFX Application Thread] WARN  FXGL.TextLevelParser - No producer found for character: 0
10:20:01.589 [JavaFX Application Thread] WARN  FXGL.TextLevelParser - No producer found for character: 0
10:20:01.589 [JavaFX Application Thread] WARN  FXGL.TextLevelParser - No producer found for character: 0
10:20:01.589 [JavaFX Application Thread] WARN  FXGL.TextLevelParser - No producer found for character: 0
10:20:01.589 [JavaFX Application Thread] WARN  FXGL.TextLevelParser - No producer found for character: 0
10:20:01.589 [JavaFX Application Thread] WARN  FXGL.TextLevelParser - No producer found for character: 0
10:20:01.589 [JavaFX Application Thread] WARN  FXGL.TextLevelParser - No producer found for character: 0
10:20:01.589 [JavaFX Application Thread] WARN  FXGL.TextLevelParser - No producer found for character: 0
10:20:01.589 [JavaFX Application Thread] WARN  FXGL.TextLevelParser - No producer found for character: 0
10:20:01.589 [JavaFX Application Thread] WARN  FXGL.TextLevelParser - No producer found for character: 0
10:20:01.589 [JavaFX Application Thread] WARN  FXGL.TextLevelParser - No producer found for character: 0
10:20:01.589 [JavaFX Application Thread] WARN  FXGL.TextLevelParser - No producer found for character: 0
10:20:01.589 [JavaFX Application Thread] WARN  FXGL.TextLevelParser - No producer found for character: 0
10:20:01.589 [JavaFX Application Thread] WARN  FXGL.TextLevelParser - No producer found for character: 0
10:20:01.589 [JavaFX Application Thread] WARN  FXGL.TextLevelParser - No producer found for character: 0
10:20:01.589 [JavaFX Application Thread] WARN  FXGL.TextLevelParser - No producer found for character: 0
10:20:01.589 [JavaFX Application Thread] WARN  FXGL.TextLevelParser - No producer found for character: 0
10:20:01.589 [JavaFX Application Thread] WARN  FXGL.TextLevelParser - No producer found for character: 0
10:20:01.590 [JavaFX Application Thread] WARN  FXGL.TextLevelParser - No producer found for character: 0
10:20:01.590 [JavaFX Application Thread] WARN  FXGL.TextLevelParser - No producer found for character: 0
10:20:01.590 [JavaFX Application Thread] WARN  FXGL.TextLevelParser - No producer found for character: 0
10:20:01.590 [JavaFX Application Thread] WARN  FXGL.TextLevelParser - No producer found for character: 0
10:20:01.590 [JavaFX Application Thread] WARN  FXGL.TextLevelParser - No producer found for character: 0
10:20:01.590 [JavaFX Application Thread] WARN  FXGL.TextLevelParser - No producer found for character: 0
10:20:01.590 [JavaFX Application Thread] WARN  FXGL.TextLevelParser - No producer found for character: 0
10:20:01.590 [JavaFX Application Thread] WARN  FXGL.TextLevelParser - No producer found for character: 0
10:20:01.590 [JavaFX Application Thread] WARN  FXGL.TextLevelParser - No producer found for character: 0
10:20:01.590 [JavaFX Application Thread] WARN  FXGL.TextLevelParser - No producer found for character: 0
10:20:01.590 [JavaFX Application Thread] WARN  FXGL.TextLevelParser - No producer found for character: 0
10:20:01.591 [JavaFX Application Thread] WARN  FXGL.TextLevelParser - No producer found for character: 0
10:20:01.591 [JavaFX Application Thread] WARN  FXGL.TextLevelParser - No producer found for character: 0
10:20:01.591 [JavaFX Application Thread] WARN  FXGL.TextLevelParser - No producer found for character: 0
10:20:01.591 [JavaFX Application Thread] WARN  FXGL.TextLevelParser - No producer found for character: 0
10:20:01.591 [JavaFX Application Thread] WARN  FXGL.TextLevelParser - No producer found for character: 0
10:20:01.591 [JavaFX Application Thread] WARN  FXGL.TextLevelParser - No producer found for character: 0
10:20:01.591 [JavaFX Application Thread] WARN  FXGL.TextLevelParser - No producer found for character: 0
10:20:01.591 [JavaFX Application Thread] WARN  FXGL.TextLevelParser - No producer found for character: 0
10:20:01.591 [JavaFX Application Thread] WARN  FXGL.TextLevelParser - No producer found for character: 0
10:20:01.592 [JavaFX Application Thread] DEBUG AssetLoader          - Loading from cache: /assets/textures/bar.png
10:20:01.592 [JavaFX Application Thread] WARN  FXGL.TextLevelParser - No producer found for character: 0
10:20:01.593 [JavaFX Application Thread] WARN  FXGL.TextLevelParser - No producer found for character: 0
10:20:01.593 [JavaFX Application Thread] WARN  FXGL.TextLevelParser - No producer found for character: 0
10:20:01.593 [JavaFX Application Thread] WARN  FXGL.TextLevelParser - No producer found for character: 0
10:20:01.593 [JavaFX Application Thread] WARN  FXGL.TextLevelParser - No producer found for character: 0
10:20:01.593 [JavaFX Application Thread] WARN  FXGL.TextLevelParser - No producer found for character: 0
10:20:01.593 [JavaFX Application Thread] WARN  FXGL.TextLevelParser - No producer found for character: 0
10:20:01.593 [JavaFX Application Thread] WARN  FXGL.TextLevelParser - No producer found for character: 0
10:20:01.593 [JavaFX Application Thread] WARN  FXGL.TextLevelParser - No producer found for character: 0
10:20:01.593 [JavaFX Application Thread] WARN  FXGL.TextLevelParser - No producer found for character: 0
10:20:01.593 [JavaFX Application Thread] WARN  FXGL.TextLevelParser - No producer found for character: 0
10:20:01.593 [JavaFX Application Thread] WARN  FXGL.TextLevelParser - No producer found for character: 0
10:20:01.593 [JavaFX Application Thread] WARN  FXGL.TextLevelParser - No producer found for character: 0
10:20:01.593 [JavaFX Application Thread] WARN  FXGL.TextLevelParser - No producer found for character: 0
10:20:01.594 [JavaFX Application Thread] WARN  FXGL.TextLevelParser - No producer found for character: 0
10:20:01.594 [JavaFX Application Thread] WARN  FXGL.TextLevelParser - No producer found for character: 0
10:20:01.594 [JavaFX Application Thread] WARN  FXGL.TextLevelParser - No producer found for character: 0
10:20:01.594 [JavaFX Application Thread] WARN  FXGL.TextLevelParser - No producer found for character: 0
10:20:01.594 [JavaFX Application Thread] WARN  FXGL.TextLevelParser - No producer found for character: 0
10:20:01.594 [JavaFX Application Thread] WARN  FXGL.TextLevelParser - No producer found for character: 0
10:20:01.594 [JavaFX Application Thread] WARN  FXGL.TextLevelParser - No producer found for character: 0
10:20:01.594 [JavaFX Application Thread] WARN  FXGL.TextLevelParser - No producer found for character: 0
10:20:01.594 [JavaFX Application Thread] WARN  FXGL.TextLevelParser - No producer found for character: 0
10:20:01.594 [JavaFX Application Thread] WARN  FXGL.TextLevelParser - No producer found for character: 0
10:20:01.594 [JavaFX Application Thread] WARN  FXGL.TextLevelParser - No producer found for character: 0
10:20:01.594 [JavaFX Application Thread] WARN  FXGL.TextLevelParser - No producer found for character: 0
10:20:01.595 [JavaFX Application Thread] DEBUG AssetLoader          - Loading from cache: /assets/textures/fire.png@100.0x80.0
10:20:01.595 [JavaFX Application Thread] WARN  FXGL.TextLevelParser - No producer found for character: 0
10:20:01.596 [JavaFX Application Thread] DEBUG AssetLoader          - Loading from cache: /assets/textures/fire.png@100.0x80.0
10:20:01.596 [JavaFX Application Thread] WARN  FXGL.TextLevelParser - No producer found for character: 0
10:20:01.597 [JavaFX Application Thread] DEBUG AssetLoader          - Loading from cache: /assets/textures/fire.png@100.0x80.0
10:20:01.597 [JavaFX Application Thread] WARN  FXGL.TextLevelParser - No producer found for character: 0
10:20:01.597 [JavaFX Application Thread] DEBUG AssetLoader          - Loading from cache: /assets/textures/fire.png@100.0x80.0
10:20:01.598 [JavaFX Application Thread] WARN  FXGL.TextLevelParser - No producer found for character: 0
10:20:01.598 [JavaFX Application Thread] DEBUG AssetLoader          - Loading from cache: /assets/textures/fire.png@100.0x80.0
10:20:01.598 [JavaFX Application Thread] WARN  FXGL.TextLevelParser - No producer found for character: 0
10:20:01.599 [JavaFX Application Thread] DEBUG AssetLoader          - Loading from cache: /assets/textures/fire.png@100.0x80.0
10:20:01.599 [JavaFX Application Thread] WARN  FXGL.TextLevelParser - No producer found for character: 0
10:20:01.600 [JavaFX Application Thread] DEBUG AssetLoader          - Loading from cache: /assets/textures/fire.png@100.0x80.0
10:20:01.600 [JavaFX Application Thread] WARN  FXGL.TextLevelParser - No producer found for character: 0
10:20:01.600 [JavaFX Application Thread] DEBUG AssetLoader          - Loading from cache: /assets/textures/fire.png@100.0x80.0
10:20:01.601 [JavaFX Application Thread] WARN  FXGL.TextLevelParser - No producer found for character: 0
10:20:01.601 [JavaFX Application Thread] DEBUG AssetLoader          - Loading from cache: /assets/textures/fire.png@100.0x80.0
10:20:01.601 [JavaFX Application Thread] WARN  FXGL.TextLevelParser - No producer found for character: 0
10:20:01.601 [JavaFX Application Thread] DEBUG GameWorld            - Clearing removable entities
10:20:01.604 [JavaFX Application Thread] DEBUG GameWorld            - Setting level: com.almasb.fxgl.entity.Level@115435b
10:20:08.119 [JavaFX Application Thread] DEBUG GameApplication      - Exiting game application
10:20:08.120 [JavaFX Application Thread] DEBUG GameApplication      - Shutting down background threads
10:20:08.121 [JavaFX Application Thread] DEBUG GameApplication      - Exiting FXGL
10:20:08.121 [JavaFX Application Thread] DEBUG FXGL                 - Saving FXGL system data
10:20:08.124 [JavaFX Application Thread] DEBUG FS                   - Writing to: system\fxgl.bundle
10:20:08.127 [JavaFX Application Thread] DEBUG GameApplication      - Closing logger and exiting JavaFX
