16:52:20.514 [JavaFX Application Thread] DEBUG GameApplication      - Logger initialized
16:52:20.531 [JavaFX Application Thread] DEBUG MainWindow           - Creating a JavaFX scene
16:52:20.644 [JavaFX Application Thread] DEBUG MainWindow           - Target settings size: 900.0 x 780.0
16:52:20.644 [JavaFX Application Thread] DEBUG MainWindow           - Scaled scene size:    900.0 x 780.0
16:52:20.644 [JavaFX Application Thread] DEBUG MainWindow           - Scaled ratio: (1.0, 1.0)
16:52:20.648 [JavaFX Application Thread] DEBUG GameApplication      - Starting FXGL
16:52:20.668 [FXGL Launcher Thread     ] INFO  FXGL                 - FXGL-0.5.0 on DESKTOP
16:52:20.669 [FXGL Launcher Thread     ] INFO  FXGL                 - Source code and latest versions at: https://github.com/AlmasB/FXGL
16:52:20.670 [FXGL Launcher Thread     ] INFO  FXGL                 -              Join the FXGL chat at: https://gitter.im/AlmasB/FXGL
16:52:20.675 [FXGL Launcher Thread     ] DEBUG FXGL                 - Loading FXGL system data
16:52:20.686 [FXGL Launcher Thread     ] DEBUG FS                   - Reading from: system\fxgl.bundle
16:52:20.695 [FXGL Launcher Thread     ] DEBUG Bundle               - Logging bundle: FXGL
16:52:20.696 [FXGL Launcher Thread     ] DEBUG Bundle               - FXGL.offline.timer.version.check=2019-01-24T08:55:57.713219300
16:52:20.729 [FXGL Launcher Thread     ] DEBUG GameApplication      - FXGL started
16:52:20.729 [FXGL Launcher Thread     ] DEBUG GameApplication      - Logging game settings
Title: Breakout
Version: 0.1
Width: 900
Height: 780
Fullscreen: false
Intro: false
Menus: false
Profiling: false
Single step:false
App Mode: DEVELOPER
Menu Key: ESCAPE
Stage Style: DECORATED
Scene Factory: class com.almasb.fxgl.scene.SceneFactory
Dialog Factory: class com.almasb.fxgl.ui.FXGLDialogFactory
UI Factory: class com.almasb.fxgl.ui.FXGLUIFactory
Notification Service: class com.almasb.fxgl.gameplay.notification.XboxNotificationView
Exception Handler: class com.almasb.fxgl.app.FXGLExceptionHandler
16:52:20.730 [FXGL Launcher Thread     ] DEBUG GameApplication      - Configuring GameApplication
16:52:20.730 [FXGL Launcher Thread     ] DEBUG GameApplication      - Initializing state machine and application states
16:52:20.747 [FXGL Launcher Thread     ] DEBUG AssetLoader          - Loading from disk: /assets/ui/cursors/fxgl_default.png
16:52:20.762 [FXGL Launcher Thread     ] DEBUG AssetLoader          - Loading from disk: /assets/ui/cursors/fxgl_default.png
16:52:20.786 [FXGL Launcher Thread     ] DEBUG FXGLAssets           - Loading FXGLAssets
16:52:20.821 [FXGL Launcher Thread     ] DEBUG AssetLoader          - Loading from disk: /assets/ui/fonts/VarelaRound-Regular.ttf
16:52:20.998 [FXGL Launcher Thread     ] DEBUG AssetLoader          - Loading from disk: /assets/ui/fonts/lucida_console.ttf
16:52:21.003 [FXGL Launcher Thread     ] DEBUG AssetLoader          - Loading from disk: /assets/ui/css/fxgl_dark.css
16:52:21.003 [FXGL Launcher Thread     ] DEBUG AssetLoader          - Loading from disk: /assets/ui/icons/fxgl_icon.png
16:52:21.041 [FXGL Launcher Thread     ] DEBUG AssetLoader          - Loading from disk: /assets/ui/cursors/fxgl_default.png
16:52:21.048 [FXGL Launcher Thread     ] DEBUG AssetLoader          - Loading from disk: /assets/ui/cursors/fxgl_default.png
16:52:21.107 [FXGL Launcher Thread     ] DEBUG GameScene            - Game scene initialized: 900x780
16:52:21.113 [FXGL Launcher Thread     ] DEBUG GameWorld            - Game world initialized
16:52:21.191 [FXGL Launcher Thread     ] DEBUG PhysicsWorld         - Physics world initialized: appHeight=780, physics.ppm=50,0
16:52:21.214 [FXGL Launcher Thread     ] DEBUG Input                - Registered new binding: Pause - Esc
16:52:21.239 [FXGL Launcher Thread     ] DEBUG Input                - Clearing active input actions
16:52:21.296 [FXGL Launcher Thread     ] DEBUG AppStateMachine      - StartupState -> StartupState
16:52:21.304 [FXGL Launcher Thread     ] INFO  GameApplication      - Game configuration took:  0,574 sec
16:52:21.311 [JavaFX Application Thread] DEBUG MainWindow           - Opening main window
16:52:21.438 [JavaFX Application Thread] DEBUG MainWindow           - Window border size: (14.4000244140625, 37.5999755859375)
16:52:21.438 [JavaFX Application Thread] DEBUG MainWindow           - Scaled size: 900.0 x 780.0
16:52:21.438 [JavaFX Application Thread] DEBUG MainWindow           - Scaled ratio: (1.0, 1.0)
16:52:21.438 [JavaFX Application Thread] DEBUG MainWindow           - Scene size: 900.0 x 780.0
16:52:21.439 [JavaFX Application Thread] DEBUG MainWindow           - Stage size: 914.4000244140625 x 817.5999755859375
16:52:21.439 [JavaFX Application Thread] DEBUG GameApplication      - Running preInit()
16:52:21.441 [JavaFX Application Thread] DEBUG Input                - Registered new binding: Screenshot - P
16:52:21.442 [JavaFX Application Thread] DEBUG Input                - Registered new binding: Dev Options - CTRL+0
16:52:21.443 [JavaFX Application Thread] DEBUG Input                - Registered new binding: System info dump - CTRL+9
16:52:21.444 [JavaFX Application Thread] DEBUG Input                - Registered new binding: Restart - CTRL+R
16:52:21.444 [JavaFX Application Thread] DEBUG Input                - Registered new binding: Move Left - A
16:52:21.444 [JavaFX Application Thread] DEBUG Input                - Registered new binding: Move Right - D
16:52:21.465 [JavaFX Application Thread] DEBUG GameApplication      - Starting main loop
16:52:21.468 [JavaFX Application Thread] DEBUG StartupState         - STARTUP
16:52:21.468 [JavaFX Application Thread] DEBUG GameApplication      - Starting new game
16:52:21.469 [JavaFX Application Thread] DEBUG Input                - Clearing active input actions
16:52:21.478 [JavaFX Application Thread] DEBUG AppStateMachine      - StartupState -> LoadingState
16:52:21.482 [FXGL Background Thread 1 ] DEBUG InitAppTask          - Clearing previous game
16:52:21.483 [FXGL Background Thread 1 ] DEBUG GameWorld            - Clearing game world
16:52:21.483 [FXGL Background Thread 1 ] DEBUG PhysicsWorld         - Clearing physics world
16:52:21.483 [FXGL Background Thread 1 ] DEBUG GameScene            - Clearing game scene
16:52:21.486 [FXGL Background Thread 1 ] DEBUG InitAppTask          - Initializing Game
16:52:21.535 [FXGL Background Thread 1 ] DEBUG AssetLoader          - Loading from disk: /assets/text/levels/level1.txt
16:52:21.538 [FXGL Background Thread 1 ] WARN  FXGL.TextLevelParser - No producer found for character: 0
16:52:21.538 [FXGL Background Thread 1 ] WARN  FXGL.TextLevelParser - No producer found for character: 0
16:52:21.538 [FXGL Background Thread 1 ] WARN  FXGL.TextLevelParser - No producer found for character: 0
16:52:21.539 [FXGL Background Thread 1 ] WARN  FXGL.TextLevelParser - No producer found for character: 0
16:52:21.539 [FXGL Background Thread 1 ] WARN  FXGL.TextLevelParser - No producer found for character: 0
16:52:21.539 [FXGL Background Thread 1 ] WARN  FXGL.TextLevelParser - No producer found for character: 0
16:52:21.539 [FXGL Background Thread 1 ] WARN  FXGL.TextLevelParser - No producer found for character: 0
16:52:21.539 [FXGL Background Thread 1 ] WARN  FXGL.TextLevelParser - No producer found for character: 0
16:52:21.540 [FXGL Background Thread 1 ] WARN  FXGL.TextLevelParser - No producer found for character: 0
16:52:21.540 [FXGL Background Thread 1 ] WARN  FXGL.TextLevelParser - No producer found for character: 0
16:52:21.540 [FXGL Background Thread 1 ] WARN  FXGL.TextLevelParser - No producer found for character: 0
16:52:21.540 [FXGL Background Thread 1 ] WARN  FXGL.TextLevelParser - No producer found for character: 0
16:52:21.540 [FXGL Background Thread 1 ] WARN  FXGL.TextLevelParser - No producer found for character: 0
16:52:21.540 [FXGL Background Thread 1 ] WARN  FXGL.TextLevelParser - No producer found for character: 0
16:52:21.541 [FXGL Background Thread 1 ] WARN  FXGL.TextLevelParser - No producer found for character: 0
16:52:21.541 [FXGL Background Thread 1 ] WARN  FXGL.TextLevelParser - No producer found for character: 0
16:52:21.541 [FXGL Background Thread 1 ] WARN  FXGL.TextLevelParser - No producer found for character: 0
16:52:21.541 [FXGL Background Thread 1 ] WARN  FXGL.TextLevelParser - No producer found for character: 0
16:52:21.576 [FXGL Background Thread 1 ] DEBUG AssetLoader          - Loading from disk: /assets/textures/brick1.png
16:52:21.614 [FXGL Background Thread 1 ] WARN  FXGL.TextLevelParser - No producer found for character: 0
16:52:21.614 [FXGL Background Thread 1 ] WARN  FXGL.TextLevelParser - No producer found for character: 0
16:52:21.614 [FXGL Background Thread 1 ] WARN  FXGL.TextLevelParser - No producer found for character: 0
16:52:21.614 [FXGL Background Thread 1 ] WARN  FXGL.TextLevelParser - No producer found for character: 0
16:52:21.614 [FXGL Background Thread 1 ] WARN  FXGL.TextLevelParser - No producer found for character: 0
16:52:21.615 [FXGL Background Thread 1 ] WARN  FXGL.TextLevelParser - No producer found for character: 0
16:52:21.615 [FXGL Background Thread 1 ] WARN  FXGL.TextLevelParser - No producer found for character: 0
16:52:21.615 [FXGL Background Thread 1 ] WARN  FXGL.TextLevelParser - No producer found for character: 0
16:52:21.615 [FXGL Background Thread 1 ] WARN  FXGL.TextLevelParser - No producer found for character: 0
16:52:21.615 [FXGL Background Thread 1 ] WARN  FXGL.TextLevelParser - No producer found for character: 0
16:52:21.615 [FXGL Background Thread 1 ] WARN  FXGL.TextLevelParser - No producer found for character: 0
16:52:21.615 [FXGL Background Thread 1 ] WARN  FXGL.TextLevelParser - No producer found for character: 0
16:52:21.616 [FXGL Background Thread 1 ] WARN  FXGL.TextLevelParser - No producer found for character: 0
16:52:21.616 [FXGL Background Thread 1 ] WARN  FXGL.TextLevelParser - No producer found for character: 0
16:52:21.616 [FXGL Background Thread 1 ] WARN  FXGL.TextLevelParser - No producer found for character: 0
16:52:21.616 [FXGL Background Thread 1 ] WARN  FXGL.TextLevelParser - No producer found for character: 0
16:52:21.617 [FXGL Background Thread 1 ] DEBUG AssetLoader          - Loading from cache: /assets/textures/brick1.png@50.0x24.0
16:52:21.618 [FXGL Background Thread 1 ] WARN  FXGL.TextLevelParser - No producer found for character: 0
16:52:21.620 [FXGL Background Thread 1 ] DEBUG AssetLoader          - Loading from cache: /assets/textures/brick1.png@50.0x24.0
16:52:21.622 [FXGL Background Thread 1 ] WARN  FXGL.TextLevelParser - No producer found for character: 0
16:52:21.622 [FXGL Background Thread 1 ] WARN  FXGL.TextLevelParser - No producer found for character: 0
16:52:21.623 [FXGL Background Thread 1 ] WARN  FXGL.TextLevelParser - No producer found for character: 0
16:52:21.623 [FXGL Background Thread 1 ] WARN  FXGL.TextLevelParser - No producer found for character: 0
16:52:21.623 [FXGL Background Thread 1 ] WARN  FXGL.TextLevelParser - No producer found for character: 0
16:52:21.623 [FXGL Background Thread 1 ] WARN  FXGL.TextLevelParser - No producer found for character: 0
16:52:21.624 [FXGL Background Thread 1 ] DEBUG AssetLoader          - Loading from cache: /assets/textures/brick1.png@50.0x24.0
16:52:21.625 [FXGL Background Thread 1 ] DEBUG AssetLoader          - Loading from cache: /assets/textures/brick1.png@50.0x24.0
16:52:21.626 [FXGL Background Thread 1 ] WARN  FXGL.TextLevelParser - No producer found for character: 0
16:52:21.626 [FXGL Background Thread 1 ] WARN  FXGL.TextLevelParser - No producer found for character: 0
16:52:21.626 [FXGL Background Thread 1 ] WARN  FXGL.TextLevelParser - No producer found for character: 0
16:52:21.626 [FXGL Background Thread 1 ] WARN  FXGL.TextLevelParser - No producer found for character: 0
16:52:21.627 [FXGL Background Thread 1 ] WARN  FXGL.TextLevelParser - No producer found for character: 0
16:52:21.627 [FXGL Background Thread 1 ] WARN  FXGL.TextLevelParser - No producer found for character: 0
16:52:21.628 [FXGL Background Thread 1 ] DEBUG AssetLoader          - Loading from cache: /assets/textures/brick1.png@50.0x24.0
16:52:21.628 [FXGL Background Thread 1 ] WARN  FXGL.TextLevelParser - No producer found for character: 0
16:52:21.629 [FXGL Background Thread 1 ] WARN  FXGL.TextLevelParser - No producer found for character: 0
16:52:21.629 [FXGL Background Thread 1 ] WARN  FXGL.TextLevelParser - No producer found for character: 0
16:52:21.630 [FXGL Background Thread 1 ] DEBUG AssetLoader          - Loading from cache: /assets/textures/brick1.png@50.0x24.0
16:52:21.630 [FXGL Background Thread 1 ] WARN  FXGL.TextLevelParser - No producer found for character: 0
16:52:21.631 [FXGL Background Thread 1 ] WARN  FXGL.TextLevelParser - No producer found for character: 0
16:52:21.631 [FXGL Background Thread 1 ] WARN  FXGL.TextLevelParser - No producer found for character: 0
16:52:21.631 [FXGL Background Thread 1 ] WARN  FXGL.TextLevelParser - No producer found for character: 0
16:52:21.632 [FXGL Background Thread 1 ] DEBUG AssetLoader          - Loading from cache: /assets/textures/brick1.png@50.0x24.0
16:52:21.633 [FXGL Background Thread 1 ] DEBUG AssetLoader          - Loading from cache: /assets/textures/brick1.png@50.0x24.0
16:52:21.637 [FXGL Background Thread 1 ] DEBUG AssetLoader          - Loading from cache: /assets/textures/brick1.png@50.0x24.0
16:52:21.639 [FXGL Background Thread 1 ] DEBUG AssetLoader          - Loading from cache: /assets/textures/brick1.png@50.0x24.0
16:52:21.640 [FXGL Background Thread 1 ] WARN  FXGL.TextLevelParser - No producer found for character: 0
16:52:21.641 [FXGL Background Thread 1 ] WARN  FXGL.TextLevelParser - No producer found for character: 0
16:52:21.641 [FXGL Background Thread 1 ] WARN  FXGL.TextLevelParser - No producer found for character: 0
16:52:21.661 [FXGL Background Thread 1 ] WARN  FXGL.TextLevelParser - No producer found for character: 0
16:52:21.662 [FXGL Background Thread 1 ] DEBUG AssetLoader          - Loading from cache: /assets/textures/brick1.png@50.0x24.0
16:52:21.663 [FXGL Background Thread 1 ] WARN  FXGL.TextLevelParser - No producer found for character: 0
16:52:21.664 [FXGL Background Thread 1 ] WARN  FXGL.TextLevelParser - No producer found for character: 0
16:52:21.664 [FXGL Background Thread 1 ] WARN  FXGL.TextLevelParser - No producer found for character: 0
16:52:21.664 [FXGL Background Thread 1 ] WARN  FXGL.TextLevelParser - No producer found for character: 0
16:52:21.664 [FXGL Background Thread 1 ] WARN  FXGL.TextLevelParser - No producer found for character: 0
16:52:21.665 [FXGL Background Thread 1 ] DEBUG AssetLoader          - Loading from cache: /assets/textures/brick1.png@50.0x24.0
16:52:21.666 [FXGL Background Thread 1 ] WARN  FXGL.TextLevelParser - No producer found for character: 0
16:52:21.666 [FXGL Background Thread 1 ] DEBUG AssetLoader          - Loading from cache: /assets/textures/brick1.png@50.0x24.0
16:52:21.667 [FXGL Background Thread 1 ] DEBUG AssetLoader          - Loading from cache: /assets/textures/brick1.png@50.0x24.0
16:52:21.668 [FXGL Background Thread 1 ] DEBUG AssetLoader          - Loading from cache: /assets/textures/brick1.png@50.0x24.0
16:52:21.671 [FXGL Background Thread 1 ] DEBUG AssetLoader          - Loading from cache: /assets/textures/brick1.png@50.0x24.0
16:52:21.672 [FXGL Background Thread 1 ] DEBUG AssetLoader          - Loading from cache: /assets/textures/brick1.png@50.0x24.0
16:52:21.673 [FXGL Background Thread 1 ] DEBUG AssetLoader          - Loading from cache: /assets/textures/brick1.png@50.0x24.0
16:52:21.674 [FXGL Background Thread 1 ] DEBUG AssetLoader          - Loading from cache: /assets/textures/brick1.png@50.0x24.0
16:52:21.676 [FXGL Background Thread 1 ] DEBUG AssetLoader          - Loading from cache: /assets/textures/brick1.png@50.0x24.0
16:52:21.676 [FXGL Background Thread 1 ] WARN  FXGL.TextLevelParser - No producer found for character: 0
16:52:21.677 [FXGL Background Thread 1 ] DEBUG AssetLoader          - Loading from cache: /assets/textures/brick1.png@50.0x24.0
16:52:21.678 [FXGL Background Thread 1 ] WARN  FXGL.TextLevelParser - No producer found for character: 0
16:52:21.678 [FXGL Background Thread 1 ] WARN  FXGL.TextLevelParser - No producer found for character: 0
16:52:21.678 [FXGL Background Thread 1 ] WARN  FXGL.TextLevelParser - No producer found for character: 0
16:52:21.678 [FXGL Background Thread 1 ] WARN  FXGL.TextLevelParser - No producer found for character: 0
16:52:21.679 [FXGL Background Thread 1 ] WARN  FXGL.TextLevelParser - No producer found for character: 0
16:52:21.679 [FXGL Background Thread 1 ] WARN  FXGL.TextLevelParser - No producer found for character: 0
16:52:21.679 [FXGL Background Thread 1 ] WARN  FXGL.TextLevelParser - No producer found for character: 0
16:52:21.680 [FXGL Background Thread 1 ] DEBUG AssetLoader          - Loading from cache: /assets/textures/brick1.png@50.0x24.0
16:52:21.681 [FXGL Background Thread 1 ] WARN  FXGL.TextLevelParser - No producer found for character: 0
16:52:21.681 [FXGL Background Thread 1 ] WARN  FXGL.TextLevelParser - No producer found for character: 0
16:52:21.681 [FXGL Background Thread 1 ] WARN  FXGL.TextLevelParser - No producer found for character: 0
16:52:21.681 [FXGL Background Thread 1 ] WARN  FXGL.TextLevelParser - No producer found for character: 0
16:52:21.681 [FXGL Background Thread 1 ] WARN  FXGL.TextLevelParser - No producer found for character: 0
16:52:21.682 [FXGL Background Thread 1 ] WARN  FXGL.TextLevelParser - No producer found for character: 0
16:52:21.682 [FXGL Background Thread 1 ] WARN  FXGL.TextLevelParser - No producer found for character: 0
16:52:21.682 [FXGL Background Thread 1 ] WARN  FXGL.TextLevelParser - No producer found for character: 0
16:52:21.683 [FXGL Background Thread 1 ] DEBUG AssetLoader          - Loading from cache: /assets/textures/brick1.png@50.0x24.0
16:52:21.684 [FXGL Background Thread 1 ] WARN  FXGL.TextLevelParser - No producer found for character: 0
16:52:21.684 [FXGL Background Thread 1 ] WARN  FXGL.TextLevelParser - No producer found for character: 0
16:52:21.685 [FXGL Background Thread 1 ] WARN  FXGL.TextLevelParser - No producer found for character: 0
16:52:21.685 [FXGL Background Thread 1 ] WARN  FXGL.TextLevelParser - No producer found for character: 0
16:52:21.685 [FXGL Background Thread 1 ] WARN  FXGL.TextLevelParser - No producer found for character: 0
16:52:21.685 [FXGL Background Thread 1 ] WARN  FXGL.TextLevelParser - No producer found for character: 0
16:52:21.685 [FXGL Background Thread 1 ] WARN  FXGL.TextLevelParser - No producer found for character: 0
16:52:21.685 [FXGL Background Thread 1 ] WARN  FXGL.TextLevelParser - No producer found for character: 0
16:52:21.685 [FXGL Background Thread 1 ] WARN  FXGL.TextLevelParser - No producer found for character: 0
16:52:21.687 [FXGL Background Thread 1 ] DEBUG AssetLoader          - Loading from cache: /assets/textures/brick1.png@50.0x24.0
16:52:21.689 [FXGL Background Thread 1 ] DEBUG AssetLoader          - Loading from cache: /assets/textures/brick1.png@50.0x24.0
16:52:21.690 [FXGL Background Thread 1 ] DEBUG AssetLoader          - Loading from cache: /assets/textures/brick1.png@50.0x24.0
16:52:21.692 [FXGL Background Thread 1 ] DEBUG AssetLoader          - Loading from cache: /assets/textures/brick1.png@50.0x24.0
16:52:21.693 [FXGL Background Thread 1 ] DEBUG AssetLoader          - Loading from cache: /assets/textures/brick1.png@50.0x24.0
16:52:21.694 [FXGL Background Thread 1 ] DEBUG AssetLoader          - Loading from cache: /assets/textures/brick1.png@50.0x24.0
16:52:21.696 [FXGL Background Thread 1 ] DEBUG AssetLoader          - Loading from cache: /assets/textures/brick1.png@50.0x24.0
16:52:21.697 [FXGL Background Thread 1 ] DEBUG AssetLoader          - Loading from cache: /assets/textures/brick1.png@50.0x24.0
16:52:21.698 [FXGL Background Thread 1 ] WARN  FXGL.TextLevelParser - No producer found for character: 0
16:52:21.698 [FXGL Background Thread 1 ] WARN  FXGL.TextLevelParser - No producer found for character: 0
16:52:21.698 [FXGL Background Thread 1 ] WARN  FXGL.TextLevelParser - No producer found for character: 0
16:52:21.698 [FXGL Background Thread 1 ] WARN  FXGL.TextLevelParser - No producer found for character: 0
16:52:21.698 [FXGL Background Thread 1 ] WARN  FXGL.TextLevelParser - No producer found for character: 0
16:52:21.698 [FXGL Background Thread 1 ] WARN  FXGL.TextLevelParser - No producer found for character: 0
16:52:21.698 [FXGL Background Thread 1 ] WARN  FXGL.TextLevelParser - No producer found for character: 0
16:52:21.698 [FXGL Background Thread 1 ] WARN  FXGL.TextLevelParser - No producer found for character: 0
16:52:21.699 [FXGL Background Thread 1 ] WARN  FXGL.TextLevelParser - No producer found for character: 0
16:52:21.699 [FXGL Background Thread 1 ] WARN  FXGL.TextLevelParser - No producer found for character: 0
16:52:21.699 [FXGL Background Thread 1 ] WARN  FXGL.TextLevelParser - No producer found for character: 0
16:52:21.699 [FXGL Background Thread 1 ] WARN  FXGL.TextLevelParser - No producer found for character: 0
16:52:21.699 [FXGL Background Thread 1 ] WARN  FXGL.TextLevelParser - No producer found for character: 0
16:52:21.699 [FXGL Background Thread 1 ] WARN  FXGL.TextLevelParser - No producer found for character: 0
16:52:21.699 [FXGL Background Thread 1 ] WARN  FXGL.TextLevelParser - No producer found for character: 0
16:52:21.699 [FXGL Background Thread 1 ] WARN  FXGL.TextLevelParser - No producer found for character: 0
16:52:21.699 [FXGL Background Thread 1 ] WARN  FXGL.TextLevelParser - No producer found for character: 0
16:52:21.699 [FXGL Background Thread 1 ] WARN  FXGL.TextLevelParser - No producer found for character: 0
16:52:21.700 [FXGL Background Thread 1 ] WARN  FXGL.TextLevelParser - No producer found for character: 0
16:52:21.700 [FXGL Background Thread 1 ] WARN  FXGL.TextLevelParser - No producer found for character: 0
16:52:21.700 [FXGL Background Thread 1 ] WARN  FXGL.TextLevelParser - No producer found for character: 0
16:52:21.700 [FXGL Background Thread 1 ] WARN  FXGL.TextLevelParser - No producer found for character: 0
16:52:21.700 [FXGL Background Thread 1 ] WARN  FXGL.TextLevelParser - No producer found for character: 0
16:52:21.700 [FXGL Background Thread 1 ] WARN  FXGL.TextLevelParser - No producer found for character: 0
16:52:21.700 [FXGL Background Thread 1 ] WARN  FXGL.TextLevelParser - No producer found for character: 0
16:52:21.700 [FXGL Background Thread 1 ] WARN  FXGL.TextLevelParser - No producer found for character: 0
16:52:21.700 [FXGL Background Thread 1 ] WARN  FXGL.TextLevelParser - No producer found for character: 0
16:52:21.700 [FXGL Background Thread 1 ] WARN  FXGL.TextLevelParser - No producer found for character: 0
16:52:21.701 [FXGL Background Thread 1 ] WARN  FXGL.TextLevelParser - No producer found for character: 0
16:52:21.701 [FXGL Background Thread 1 ] WARN  FXGL.TextLevelParser - No producer found for character: 0
16:52:21.701 [FXGL Background Thread 1 ] WARN  FXGL.TextLevelParser - No producer found for character: 0
16:52:21.701 [FXGL Background Thread 1 ] WARN  FXGL.TextLevelParser - No producer found for character: 0
16:52:21.701 [FXGL Background Thread 1 ] WARN  FXGL.TextLevelParser - No producer found for character: 0
16:52:21.702 [FXGL Background Thread 1 ] WARN  FXGL.TextLevelParser - No producer found for character: 0
16:52:21.702 [FXGL Background Thread 1 ] WARN  FXGL.TextLevelParser - No producer found for character: 0
16:52:21.702 [FXGL Background Thread 1 ] WARN  FXGL.TextLevelParser - No producer found for character: 0
16:52:21.702 [FXGL Background Thread 1 ] WARN  FXGL.TextLevelParser - No producer found for character: 0
16:52:21.702 [FXGL Background Thread 1 ] WARN  FXGL.TextLevelParser - No producer found for character: 0
16:52:21.702 [FXGL Background Thread 1 ] WARN  FXGL.TextLevelParser - No producer found for character: 0
16:52:21.702 [FXGL Background Thread 1 ] WARN  FXGL.TextLevelParser - No producer found for character: 0
16:52:21.703 [FXGL Background Thread 1 ] WARN  FXGL.TextLevelParser - No producer found for character: 0
16:52:21.703 [FXGL Background Thread 1 ] WARN  FXGL.TextLevelParser - No producer found for character: 0
16:52:21.703 [FXGL Background Thread 1 ] WARN  FXGL.TextLevelParser - No producer found for character: 0
16:52:21.703 [FXGL Background Thread 1 ] WARN  FXGL.TextLevelParser - No producer found for character: 0
16:52:21.703 [FXGL Background Thread 1 ] WARN  FXGL.TextLevelParser - No producer found for character: 0
16:52:21.703 [FXGL Background Thread 1 ] WARN  FXGL.TextLevelParser - No producer found for character: 0
16:52:21.704 [FXGL Background Thread 1 ] WARN  FXGL.TextLevelParser - No producer found for character: 0
16:52:21.704 [FXGL Background Thread 1 ] WARN  FXGL.TextLevelParser - No producer found for character: 0
16:52:21.704 [FXGL Background Thread 1 ] WARN  FXGL.TextLevelParser - No producer found for character: 0
16:52:21.704 [FXGL Background Thread 1 ] WARN  FXGL.TextLevelParser - No producer found for character: 0
16:52:21.705 [FXGL Background Thread 1 ] WARN  FXGL.TextLevelParser - No producer found for character: 0
16:52:21.705 [FXGL Background Thread 1 ] WARN  FXGL.TextLevelParser - No producer found for character: 0
16:52:21.705 [FXGL Background Thread 1 ] WARN  FXGL.TextLevelParser - No producer found for character: 0
16:52:21.705 [FXGL Background Thread 1 ] WARN  FXGL.TextLevelParser - No producer found for character: 0
16:52:21.705 [FXGL Background Thread 1 ] WARN  FXGL.TextLevelParser - No producer found for character: 0
16:52:21.705 [FXGL Background Thread 1 ] WARN  FXGL.TextLevelParser - No producer found for character: 0
16:52:21.705 [FXGL Background Thread 1 ] WARN  FXGL.TextLevelParser - No producer found for character: 0
16:52:21.705 [FXGL Background Thread 1 ] WARN  FXGL.TextLevelParser - No producer found for character: 0
16:52:21.705 [FXGL Background Thread 1 ] WARN  FXGL.TextLevelParser - No producer found for character: 0
16:52:21.706 [FXGL Background Thread 1 ] WARN  FXGL.TextLevelParser - No producer found for character: 0
16:52:21.706 [FXGL Background Thread 1 ] WARN  FXGL.TextLevelParser - No producer found for character: 0
16:52:21.706 [FXGL Background Thread 1 ] WARN  FXGL.TextLevelParser - No producer found for character: 0
16:52:21.706 [FXGL Background Thread 1 ] WARN  FXGL.TextLevelParser - No producer found for character: 0
16:52:21.706 [FXGL Background Thread 1 ] WARN  FXGL.TextLevelParser - No producer found for character: 0
16:52:21.706 [FXGL Background Thread 1 ] WARN  FXGL.TextLevelParser - No producer found for character: 0
16:52:21.706 [FXGL Background Thread 1 ] WARN  FXGL.TextLevelParser - No producer found for character: 0
16:52:21.706 [FXGL Background Thread 1 ] WARN  FXGL.TextLevelParser - No producer found for character: 0
16:52:21.706 [FXGL Background Thread 1 ] WARN  FXGL.TextLevelParser - No producer found for character: 0
16:52:21.706 [FXGL Background Thread 1 ] WARN  FXGL.TextLevelParser - No producer found for character: 0
16:52:21.706 [FXGL Background Thread 1 ] WARN  FXGL.TextLevelParser - No producer found for character: 0
16:52:21.707 [FXGL Background Thread 1 ] WARN  FXGL.TextLevelParser - No producer found for character: 0
16:52:21.707 [FXGL Background Thread 1 ] WARN  FXGL.TextLevelParser - No producer found for character: 0
16:52:21.707 [FXGL Background Thread 1 ] WARN  FXGL.TextLevelParser - No producer found for character: 0
16:52:21.707 [FXGL Background Thread 1 ] WARN  FXGL.TextLevelParser - No producer found for character: 0
16:52:21.707 [FXGL Background Thread 1 ] WARN  FXGL.TextLevelParser - No producer found for character: 0
16:52:21.707 [FXGL Background Thread 1 ] WARN  FXGL.TextLevelParser - No producer found for character: 0
16:52:21.707 [FXGL Background Thread 1 ] WARN  FXGL.TextLevelParser - No producer found for character: 0
16:52:21.707 [FXGL Background Thread 1 ] WARN  FXGL.TextLevelParser - No producer found for character: 0
16:52:21.707 [FXGL Background Thread 1 ] WARN  FXGL.TextLevelParser - No producer found for character: 0
16:52:21.707 [FXGL Background Thread 1 ] WARN  FXGL.TextLevelParser - No producer found for character: 0
16:52:21.707 [FXGL Background Thread 1 ] WARN  FXGL.TextLevelParser - No producer found for character: 0
16:52:21.708 [FXGL Background Thread 1 ] WARN  FXGL.TextLevelParser - No producer found for character: 0
16:52:21.708 [FXGL Background Thread 1 ] WARN  FXGL.TextLevelParser - No producer found for character: 0
16:52:21.708 [FXGL Background Thread 1 ] WARN  FXGL.TextLevelParser - No producer found for character: 0
16:52:21.708 [FXGL Background Thread 1 ] WARN  FXGL.TextLevelParser - No producer found for character: 0
16:52:21.708 [FXGL Background Thread 1 ] WARN  FXGL.TextLevelParser - No producer found for character: 0
16:52:21.708 [FXGL Background Thread 1 ] WARN  FXGL.TextLevelParser - No producer found for character: 0
16:52:21.708 [FXGL Background Thread 1 ] WARN  FXGL.TextLevelParser - No producer found for character: 0
16:52:21.708 [FXGL Background Thread 1 ] WARN  FXGL.TextLevelParser - No producer found for character: 0
16:52:21.708 [FXGL Background Thread 1 ] WARN  FXGL.TextLevelParser - No producer found for character: 0
16:52:21.708 [FXGL Background Thread 1 ] WARN  FXGL.TextLevelParser - No producer found for character: 0
16:52:21.709 [FXGL Background Thread 1 ] WARN  FXGL.TextLevelParser - No producer found for character: 0
16:52:21.709 [FXGL Background Thread 1 ] WARN  FXGL.TextLevelParser - No producer found for character: 0
16:52:21.709 [FXGL Background Thread 1 ] WARN  FXGL.TextLevelParser - No producer found for character: 0
16:52:21.709 [FXGL Background Thread 1 ] WARN  FXGL.TextLevelParser - No producer found for character: 0
16:52:21.709 [FXGL Background Thread 1 ] WARN  FXGL.TextLevelParser - No producer found for character: 0
16:52:21.709 [FXGL Background Thread 1 ] WARN  FXGL.TextLevelParser - No producer found for character: 0
16:52:21.709 [FXGL Background Thread 1 ] WARN  FXGL.TextLevelParser - No producer found for character: 0
16:52:21.709 [FXGL Background Thread 1 ] WARN  FXGL.TextLevelParser - No producer found for character: 0
16:52:21.709 [FXGL Background Thread 1 ] WARN  FXGL.TextLevelParser - No producer found for character: 0
16:52:21.709 [FXGL Background Thread 1 ] WARN  FXGL.TextLevelParser - No producer found for character: 0
16:52:21.710 [FXGL Background Thread 1 ] WARN  FXGL.TextLevelParser - No producer found for character: 0
16:52:21.710 [FXGL Background Thread 1 ] WARN  FXGL.TextLevelParser - No producer found for character: 0
16:52:21.710 [FXGL Background Thread 1 ] WARN  FXGL.TextLevelParser - No producer found for character: 0
16:52:21.710 [FXGL Background Thread 1 ] WARN  FXGL.TextLevelParser - No producer found for character: 0
16:52:21.710 [FXGL Background Thread 1 ] WARN  FXGL.TextLevelParser - No producer found for character: 0
16:52:21.710 [FXGL Background Thread 1 ] WARN  FXGL.TextLevelParser - No producer found for character: 0
16:52:21.710 [FXGL Background Thread 1 ] WARN  FXGL.TextLevelParser - No producer found for character: 0
16:52:21.710 [FXGL Background Thread 1 ] WARN  FXGL.TextLevelParser - No producer found for character: 0
16:52:21.710 [FXGL Background Thread 1 ] WARN  FXGL.TextLevelParser - No producer found for character: 0
16:52:21.710 [FXGL Background Thread 1 ] WARN  FXGL.TextLevelParser - No producer found for character: 0
16:52:21.710 [FXGL Background Thread 1 ] WARN  FXGL.TextLevelParser - No producer found for character: 0
16:52:21.711 [FXGL Background Thread 1 ] WARN  FXGL.TextLevelParser - No producer found for character: 0
16:52:21.711 [FXGL Background Thread 1 ] WARN  FXGL.TextLevelParser - No producer found for character: 0
16:52:21.711 [FXGL Background Thread 1 ] WARN  FXGL.TextLevelParser - No producer found for character: 0
16:52:21.711 [FXGL Background Thread 1 ] WARN  FXGL.TextLevelParser - No producer found for character: 0
16:52:21.711 [FXGL Background Thread 1 ] WARN  FXGL.TextLevelParser - No producer found for character: 0
16:52:21.711 [FXGL Background Thread 1 ] WARN  FXGL.TextLevelParser - No producer found for character: 0
16:52:21.711 [FXGL Background Thread 1 ] WARN  FXGL.TextLevelParser - No producer found for character: 0
16:52:21.711 [FXGL Background Thread 1 ] WARN  FXGL.TextLevelParser - No producer found for character: 0
16:52:21.711 [FXGL Background Thread 1 ] WARN  FXGL.TextLevelParser - No producer found for character: 0
16:52:21.711 [FXGL Background Thread 1 ] WARN  FXGL.TextLevelParser - No producer found for character: 0
16:52:21.711 [FXGL Background Thread 1 ] WARN  FXGL.TextLevelParser - No producer found for character: 0
16:52:21.712 [FXGL Background Thread 1 ] WARN  FXGL.TextLevelParser - No producer found for character: 0
16:52:21.712 [FXGL Background Thread 1 ] WARN  FXGL.TextLevelParser - No producer found for character: 0
16:52:21.712 [FXGL Background Thread 1 ] WARN  FXGL.TextLevelParser - No producer found for character: 0
16:52:21.712 [FXGL Background Thread 1 ] WARN  FXGL.TextLevelParser - No producer found for character: 0
16:52:21.712 [FXGL Background Thread 1 ] WARN  FXGL.TextLevelParser - No producer found for character: 0
16:52:21.712 [FXGL Background Thread 1 ] WARN  FXGL.TextLevelParser - No producer found for character: 0
16:52:21.713 [FXGL Background Thread 1 ] WARN  FXGL.TextLevelParser - No producer found for character: 0
16:52:21.713 [FXGL Background Thread 1 ] WARN  FXGL.TextLevelParser - No producer found for character: 0
16:52:21.713 [FXGL Background Thread 1 ] WARN  FXGL.TextLevelParser - No producer found for character: 0
16:52:21.713 [FXGL Background Thread 1 ] WARN  FXGL.TextLevelParser - No producer found for character: 0
16:52:21.713 [FXGL Background Thread 1 ] WARN  FXGL.TextLevelParser - No producer found for character: 0
16:52:21.713 [FXGL Background Thread 1 ] WARN  FXGL.TextLevelParser - No producer found for character: 0
16:52:21.713 [FXGL Background Thread 1 ] WARN  FXGL.TextLevelParser - No producer found for character: 0
16:52:21.713 [FXGL Background Thread 1 ] WARN  FXGL.TextLevelParser - No producer found for character: 0
16:52:21.713 [FXGL Background Thread 1 ] WARN  FXGL.TextLevelParser - No producer found for character: 0
16:52:21.713 [FXGL Background Thread 1 ] WARN  FXGL.TextLevelParser - No producer found for character: 0
16:52:21.714 [FXGL Background Thread 1 ] WARN  FXGL.TextLevelParser - No producer found for character: 0
16:52:21.722 [FXGL Background Thread 1 ] WARN  FXGL.TextLevelParser - No producer found for character: 0
16:52:21.722 [FXGL Background Thread 1 ] WARN  FXGL.TextLevelParser - No producer found for character: 0
16:52:21.722 [FXGL Background Thread 1 ] WARN  FXGL.TextLevelParser - No producer found for character: 0
16:52:21.722 [FXGL Background Thread 1 ] WARN  FXGL.TextLevelParser - No producer found for character: 0
16:52:21.722 [FXGL Background Thread 1 ] WARN  FXGL.TextLevelParser - No producer found for character: 0
16:52:21.722 [FXGL Background Thread 1 ] WARN  FXGL.TextLevelParser - No producer found for character: 0
16:52:21.722 [FXGL Background Thread 1 ] WARN  FXGL.TextLevelParser - No producer found for character: 0
16:52:21.724 [FXGL Background Thread 1 ] WARN  FXGL.TextLevelParser - No producer found for character: 0
16:52:21.724 [FXGL Background Thread 1 ] WARN  FXGL.TextLevelParser - No producer found for character: 0
16:52:21.724 [FXGL Background Thread 1 ] WARN  FXGL.TextLevelParser - No producer found for character: 0
16:52:21.724 [FXGL Background Thread 1 ] WARN  FXGL.TextLevelParser - No producer found for character: 0
16:52:21.724 [FXGL Background Thread 1 ] WARN  FXGL.TextLevelParser - No producer found for character: 0
16:52:21.724 [FXGL Background Thread 1 ] WARN  FXGL.TextLevelParser - No producer found for character: 0
16:52:21.724 [FXGL Background Thread 1 ] WARN  FXGL.TextLevelParser - No producer found for character: 0
16:52:21.724 [FXGL Background Thread 1 ] WARN  FXGL.TextLevelParser - No producer found for character: 0
16:52:21.724 [FXGL Background Thread 1 ] WARN  FXGL.TextLevelParser - No producer found for character: 0
16:52:21.724 [FXGL Background Thread 1 ] WARN  FXGL.TextLevelParser - No producer found for character: 0
16:52:21.725 [FXGL Background Thread 1 ] DEBUG AssetLoader          - Loading from disk: /assets/textures/bar.png
16:52:21.727 [FXGL Background Thread 1 ] WARN  FXGL.TextLevelParser - No producer found for character: 0
16:52:21.727 [FXGL Background Thread 1 ] WARN  FXGL.TextLevelParser - No producer found for character: 0
16:52:21.728 [FXGL Background Thread 1 ] WARN  FXGL.TextLevelParser - No producer found for character: 0
16:52:21.728 [FXGL Background Thread 1 ] WARN  FXGL.TextLevelParser - No producer found for character: 0
16:52:21.728 [FXGL Background Thread 1 ] WARN  FXGL.TextLevelParser - No producer found for character: 0
16:52:21.728 [FXGL Background Thread 1 ] WARN  FXGL.TextLevelParser - No producer found for character: 0
16:52:21.728 [FXGL Background Thread 1 ] WARN  FXGL.TextLevelParser - No producer found for character: 0
16:52:21.728 [FXGL Background Thread 1 ] WARN  FXGL.TextLevelParser - No producer found for character: 0
16:52:21.728 [FXGL Background Thread 1 ] WARN  FXGL.TextLevelParser - No producer found for character: 0
16:52:21.728 [FXGL Background Thread 1 ] WARN  FXGL.TextLevelParser - No producer found for character: 0
16:52:21.728 [FXGL Background Thread 1 ] WARN  FXGL.TextLevelParser - No producer found for character: 0
16:52:21.729 [FXGL Background Thread 1 ] WARN  FXGL.TextLevelParser - No producer found for character: 0
16:52:21.729 [FXGL Background Thread 1 ] WARN  FXGL.TextLevelParser - No producer found for character: 0
16:52:21.729 [FXGL Background Thread 1 ] WARN  FXGL.TextLevelParser - No producer found for character: 0
16:52:21.729 [FXGL Background Thread 1 ] WARN  FXGL.TextLevelParser - No producer found for character: 0
16:52:21.729 [FXGL Background Thread 1 ] WARN  FXGL.TextLevelParser - No producer found for character: 0
16:52:21.729 [FXGL Background Thread 1 ] WARN  FXGL.TextLevelParser - No producer found for character: 0
16:52:21.729 [FXGL Background Thread 1 ] WARN  FXGL.TextLevelParser - No producer found for character: 0
16:52:21.729 [FXGL Background Thread 1 ] WARN  FXGL.TextLevelParser - No producer found for character: 0
16:52:21.729 [FXGL Background Thread 1 ] WARN  FXGL.TextLevelParser - No producer found for character: 0
16:52:21.729 [FXGL Background Thread 1 ] WARN  FXGL.TextLevelParser - No producer found for character: 0
16:52:21.730 [FXGL Background Thread 1 ] WARN  FXGL.TextLevelParser - No producer found for character: 0
16:52:21.730 [FXGL Background Thread 1 ] WARN  FXGL.TextLevelParser - No producer found for character: 0
16:52:21.730 [FXGL Background Thread 1 ] WARN  FXGL.TextLevelParser - No producer found for character: 0
16:52:21.730 [FXGL Background Thread 1 ] WARN  FXGL.TextLevelParser - No producer found for character: 0
16:52:21.730 [FXGL Background Thread 1 ] WARN  FXGL.TextLevelParser - No producer found for character: 0
16:52:21.730 [FXGL Background Thread 1 ] WARN  FXGL.TextLevelParser - No producer found for character: 0
16:52:21.730 [FXGL Background Thread 1 ] WARN  FXGL.TextLevelParser - No producer found for character: 0
16:52:21.730 [FXGL Background Thread 1 ] WARN  FXGL.TextLevelParser - No producer found for character: 0
16:52:21.730 [FXGL Background Thread 1 ] WARN  FXGL.TextLevelParser - No producer found for character: 0
16:52:21.730 [FXGL Background Thread 1 ] WARN  FXGL.TextLevelParser - No producer found for character: 0
16:52:21.730 [FXGL Background Thread 1 ] WARN  FXGL.TextLevelParser - No producer found for character: 0
16:52:21.731 [FXGL Background Thread 1 ] WARN  FXGL.TextLevelParser - No producer found for character: 0
16:52:21.731 [FXGL Background Thread 1 ] WARN  FXGL.TextLevelParser - No producer found for character: 0
16:52:21.731 [FXGL Background Thread 1 ] WARN  FXGL.TextLevelParser - No producer found for character: 0
16:52:21.731 [FXGL Background Thread 1 ] WARN  FXGL.TextLevelParser - No producer found for character: 0
16:52:21.731 [FXGL Background Thread 1 ] WARN  FXGL.TextLevelParser - No producer found for character: 0
16:52:21.731 [FXGL Background Thread 1 ] WARN  FXGL.TextLevelParser - No producer found for character: 0
16:52:21.731 [FXGL Background Thread 1 ] WARN  FXGL.TextLevelParser - No producer found for character: 0
16:52:21.733 [FXGL Background Thread 1 ] WARN  FXGL.TextLevelParser - No producer found for character: 0
16:52:21.734 [FXGL Background Thread 1 ] WARN  FXGL.TextLevelParser - No producer found for character: 0
16:52:21.734 [FXGL Background Thread 1 ] WARN  FXGL.TextLevelParser - No producer found for character: 0
16:52:21.734 [FXGL Background Thread 1 ] WARN  FXGL.TextLevelParser - No producer found for character: 0
16:52:21.734 [FXGL Background Thread 1 ] WARN  FXGL.TextLevelParser - No producer found for character: 0
16:52:21.735 [FXGL Background Thread 1 ] DEBUG AssetLoader          - Loading from disk: /assets/textures/fire.png
16:52:21.761 [FXGL Background Thread 1 ] WARN  FXGL.TextLevelParser - No producer found for character: 0
16:52:21.762 [FXGL Background Thread 1 ] DEBUG AssetLoader          - Loading from cache: /assets/textures/fire.png@100.0x80.0
16:52:21.763 [FXGL Background Thread 1 ] WARN  FXGL.TextLevelParser - No producer found for character: 0
16:52:21.763 [FXGL Background Thread 1 ] DEBUG AssetLoader          - Loading from cache: /assets/textures/fire.png@100.0x80.0
16:52:21.764 [FXGL Background Thread 1 ] WARN  FXGL.TextLevelParser - No producer found for character: 0
16:52:21.765 [FXGL Background Thread 1 ] DEBUG AssetLoader          - Loading from cache: /assets/textures/fire.png@100.0x80.0
16:52:21.765 [FXGL Background Thread 1 ] WARN  FXGL.TextLevelParser - No producer found for character: 0
16:52:21.766 [FXGL Background Thread 1 ] DEBUG AssetLoader          - Loading from cache: /assets/textures/fire.png@100.0x80.0
16:52:21.767 [FXGL Background Thread 1 ] WARN  FXGL.TextLevelParser - No producer found for character: 0
16:52:21.768 [FXGL Background Thread 1 ] DEBUG AssetLoader          - Loading from cache: /assets/textures/fire.png@100.0x80.0
16:52:21.769 [FXGL Background Thread 1 ] WARN  FXGL.TextLevelParser - No producer found for character: 0
16:52:21.770 [FXGL Background Thread 1 ] DEBUG AssetLoader          - Loading from cache: /assets/textures/fire.png@100.0x80.0
16:52:21.770 [FXGL Background Thread 1 ] WARN  FXGL.TextLevelParser - No producer found for character: 0
16:52:21.771 [FXGL Background Thread 1 ] DEBUG AssetLoader          - Loading from cache: /assets/textures/fire.png@100.0x80.0
16:52:21.772 [FXGL Background Thread 1 ] WARN  FXGL.TextLevelParser - No producer found for character: 0
16:52:21.772 [FXGL Background Thread 1 ] DEBUG AssetLoader          - Loading from cache: /assets/textures/fire.png@100.0x80.0
16:52:21.773 [FXGL Background Thread 1 ] WARN  FXGL.TextLevelParser - No producer found for character: 0
16:52:21.774 [FXGL Background Thread 1 ] DEBUG GameWorld            - Clearing removable entities
16:52:21.774 [FXGL Background Thread 1 ] DEBUG GameWorld            - Setting level: com.almasb.fxgl.entity.Level@2d41a32b
16:52:21.808 [FXGL Background Thread 1 ] DEBUG GameScene            - Creating render group for layer: DEFAULT(100000)
16:52:21.827 [FXGL Background Thread 1 ] DEBUG GameScene            - Creating render group for layer: BACKGROUND(1000)
16:52:21.828 [FXGL Background Thread 1 ] DEBUG InitAppTask          - Initializing Physics
16:52:21.828 [FXGL Background Thread 1 ] DEBUG InitAppTask          - Initializing UI
16:52:21.830 [FXGL Background Thread 1 ] DEBUG InitAppTask          - Initialization Complete
16:52:21.830 [FXGL Background Thread 1 ] INFO  InitAppTask          - Game initialization took: 0,348 sec
16:52:21.832 [JavaFX Application Thread] DEBUG Input                - Clearing active input actions
16:52:21.851 [JavaFX Application Thread] DEBUG AppStateMachine      - LoadingState -> PlayState
16:52:47.475 [JavaFX Application Thread] DEBUG GameApplication      - Exiting game application
16:52:47.475 [JavaFX Application Thread] DEBUG GameApplication      - Shutting down background threads
16:52:47.475 [JavaFX Application Thread] DEBUG GameApplication      - Exiting FXGL
16:52:47.476 [JavaFX Application Thread] DEBUG FXGL                 - Saving FXGL system data
16:52:47.479 [JavaFX Application Thread] DEBUG FS                   - Writing to: system\fxgl.bundle
16:52:47.483 [JavaFX Application Thread] DEBUG GameApplication      - Closing logger and exiting JavaFX
