12:56:48.407 [JavaFX Application Thread] DEBUG GameApplication      - Logger initialized
12:56:48.425 [JavaFX Application Thread] DEBUG GameApplication      - Logging settings
Title: Breakout
Version: 0.1
Width: 800
Height: 600
Fullscreen: false
Intro: false
Menus: false
Profiling: false
Single step:false
App Mode: DEVELOPER
Menu Key: ESCAPE
Stage Style: DECORATED
Scene Factory: class com.almasb.fxgl.scene.SceneFactory
Dialog Factory: class com.almasb.fxgl.ui.FXGLDialogFactory
UI Factory: class com.almasb.fxgl.ui.FXGLUIFactory
Notification Service: class com.almasb.fxgl.gameplay.notification.XboxNotificationView
Exception Handler: class com.almasb.fxgl.app.FXGLExceptionHandler
12:56:48.425 [JavaFX Application Thread] DEBUG GameApplication      - Starting FXGL
12:56:48.437 [JavaFX Application Thread] INFO  FXGL                 - FXGL-0.5.4 on DESKTOP
12:56:48.437 [JavaFX Application Thread] INFO  FXGL                 - Source code and latest versions at: https://github.com/AlmasB/FXGL
12:56:48.438 [JavaFX Application Thread] INFO  FXGL                 -              Join the FXGL chat at: https://gitter.im/AlmasB/FXGL
12:56:48.438 [JavaFX Application Thread] DEBUG FXGL                 - FXGL started
12:56:48.438 [JavaFX Application Thread] DEBUG FXGL                 - Initializing FXGL
12:56:48.481 [JavaFX Application Thread] DEBUG AssetLoader          - Loading from disk: /assets/ui/cursors/fxgl_default.png
12:56:48.566 [JavaFX Application Thread] DEBUG AssetLoader          - Loading from disk: /assets/ui/fonts/VarelaRound-Regular.ttf
12:56:48.793 [JavaFX Application Thread] DEBUG MainWindow           - Creating a JavaFX scene
12:56:48.821 [JavaFX Application Thread] DEBUG MainWindow           - Target settings size: 800.0 x 600.0
12:56:48.821 [JavaFX Application Thread] DEBUG MainWindow           - Scaled scene size:    800.0 x 600.0
12:56:48.822 [JavaFX Application Thread] DEBUG MainWindow           - Scaled ratio: (1.0, 1.0)
12:56:48.824 [JavaFX Application Thread] DEBUG AssetLoader          - Loading from disk: /assets/ui/css/fxgl_dark.css
12:56:48.827 [JavaFX Application Thread] DEBUG AssetLoader          - Loading from disk: /assets/textures/fxgl_icon.png
12:56:48.843 [JavaFX Application Thread] DEBUG MainWindow           - Opening main window
12:56:48.977 [JavaFX Application Thread] DEBUG MainWindow           - Window border size: (14.4000244140625, 37.5999755859375)
12:56:48.977 [JavaFX Application Thread] DEBUG MainWindow           - Scaled size: 800.0 x 600.0
12:56:48.978 [JavaFX Application Thread] DEBUG MainWindow           - Scaled ratio: (1.0, 1.0)
12:56:48.978 [JavaFX Application Thread] DEBUG MainWindow           - Scene size: 800.0 x 600.0
12:56:48.978 [JavaFX Application Thread] DEBUG MainWindow           - Stage size: 814.4000244140625 x 637.5999755859375
12:56:49.048 [ForkJoinPool.commonPool-worker-9] DEBUG FS                   - Loaded DesktopFSService
12:56:49.049 [ForkJoinPool.commonPool-worker-9] DEBUG FXGL                 - Loading FXGL system data
12:56:49.055 [ForkJoinPool.commonPool-worker-9] DEBUG DesktopFSService     - Reading from: system\fxgl.bundle
12:56:49.069 [ForkJoinPool.commonPool-worker-9] DEBUG Bundle               - Logging bundle: FXGL
12:56:49.070 [ForkJoinPool.commonPool-worker-9] DEBUG Bundle               - FXGL.offline.timer.version.check=2019-01-24T08:55:57.713219300
12:56:49.072 [ForkJoinPool.commonPool-worker-9] DEBUG FXGL                 - Initializing state machine and application states
12:56:49.074 [ForkJoinPool.commonPool-worker-9] DEBUG AssetLoader          - Loading from disk: /assets/ui/cursors/fxgl_default.png
12:56:49.084 [ForkJoinPool.commonPool-worker-9] DEBUG AssetLoader          - Loading from disk: /assets/ui/cursors/fxgl_default.png
12:56:49.092 [ForkJoinPool.commonPool-worker-9] DEBUG AssetLoader          - Loading from cache: /assets/ui/fonts/VarelaRound-Regular.ttf
12:56:49.095 [ForkJoinPool.commonPool-worker-9] DEBUG AssetLoader          - Loading from disk: /assets/ui/cursors/fxgl_default.png
12:56:49.100 [ForkJoinPool.commonPool-worker-9] DEBUG GameScene            - Game scene initialized: 800x600
12:56:49.109 [ForkJoinPool.commonPool-worker-9] DEBUG GameWorld            - Game world initialized
12:56:49.190 [ForkJoinPool.commonPool-worker-9] DEBUG PhysicsWorld         - Physics world initialized: appHeight=600, physics.ppm=50,0
12:56:49.213 [ForkJoinPool.commonPool-worker-9] DEBUG Input                - Registered new binding: Pause - Esc
12:56:49.283 [JavaFX Application Thread] DEBUG FXGL                 - Running preInit()
12:56:49.285 [JavaFX Application Thread] DEBUG Input                - Registered new binding: Screenshot - P
12:56:49.285 [JavaFX Application Thread] DEBUG Input                - Registered new binding: Dev Options - CTRL+0
12:56:49.286 [JavaFX Application Thread] DEBUG Input                - Registered new binding: System info dump - CTRL+9
12:56:49.286 [JavaFX Application Thread] DEBUG Input                - Registered new binding: Restart - CTRL+R
12:56:49.287 [JavaFX Application Thread] DEBUG Input                - Registered new binding: Move Left - A
12:56:49.287 [JavaFX Application Thread] DEBUG Input                - Registered new binding: Move Right - D
12:56:49.288 [JavaFX Application Thread] INFO  FXGL                 - FXGL initialization took: 0,850 sec
12:56:49.288 [JavaFX Application Thread] DEBUG LoopRunner           - Starting loop
12:56:49.289 [JavaFX Application Thread] DEBUG StartupState         - STARTUP
12:56:49.289 [JavaFX Application Thread] DEBUG GameApplication      - Starting new game
12:56:49.289 [JavaFX Application Thread] DEBUG Input                - Clearing active input actions
12:56:49.290 [JavaFX Application Thread] DEBUG AssetLoader          - Loading from disk: /assets/ui/css/fxgl_dark.css
12:56:49.299 [JavaFX Application Thread] DEBUG AppStateMachine      - StartupState -> LoadingState
12:56:49.304 [FXGL Background Thread 1 ] DEBUG InitAppTask          - Clearing previous game
12:56:49.304 [FXGL Background Thread 1 ] DEBUG GameWorld            - Clearing game world
12:56:49.304 [FXGL Background Thread 1 ] DEBUG PhysicsWorld         - Clearing physics world
12:56:49.305 [FXGL Background Thread 1 ] DEBUG GameScene            - Clearing game scene
12:56:49.306 [FXGL Background Thread 1 ] DEBUG InitAppTask          - Initializing Game
12:56:49.331 [FXGL Background Thread 1 ] DEBUG AssetLoader          - Loading from disk: /assets/text/levels/bricksballbar.txt
12:56:49.339 [FXGL Background Thread 1 ] WARN  TextLevelParser      - No producer found for character: 0
12:56:49.340 [FXGL Background Thread 1 ] WARN  TextLevelParser      - No producer found for character: 0
12:56:49.340 [FXGL Background Thread 1 ] WARN  TextLevelParser      - No producer found for character: 0
12:56:49.340 [FXGL Background Thread 1 ] WARN  TextLevelParser      - No producer found for character: 0
12:56:49.340 [FXGL Background Thread 1 ] WARN  TextLevelParser      - No producer found for character: 0
12:56:49.340 [FXGL Background Thread 1 ] WARN  TextLevelParser      - No producer found for character: 0
12:56:49.341 [FXGL Background Thread 1 ] WARN  TextLevelParser      - No producer found for character: 0
12:56:49.341 [FXGL Background Thread 1 ] WARN  TextLevelParser      - No producer found for character: 0
12:56:49.341 [FXGL Background Thread 1 ] WARN  TextLevelParser      - No producer found for character: 0
12:56:49.341 [FXGL Background Thread 1 ] WARN  TextLevelParser      - No producer found for character: 0
12:56:49.341 [FXGL Background Thread 1 ] WARN  TextLevelParser      - No producer found for character: 0
12:56:49.341 [FXGL Background Thread 1 ] WARN  TextLevelParser      - No producer found for character: 0
12:56:49.342 [FXGL Background Thread 1 ] WARN  TextLevelParser      - No producer found for character: 0
12:56:49.342 [FXGL Background Thread 1 ] WARN  TextLevelParser      - No producer found for character: 0
12:56:49.342 [FXGL Background Thread 1 ] WARN  TextLevelParser      - No producer found for character: 0
12:56:49.342 [FXGL Background Thread 1 ] WARN  TextLevelParser      - No producer found for character: 0
12:56:49.342 [FXGL Background Thread 1 ] WARN  TextLevelParser      - No producer found for character: 0
12:56:49.342 [FXGL Background Thread 1 ] WARN  TextLevelParser      - No producer found for character: 0
12:56:49.343 [FXGL Background Thread 1 ] WARN  TextLevelParser      - No producer found for character: 0
12:56:49.368 [FXGL Background Thread 1 ] DEBUG AssetLoader          - Loading from disk: /assets/textures/brick1.png
12:56:49.379 [FXGL Background Thread 1 ] WARN  TextLevelParser      - No producer found for character: 0
12:56:49.380 [FXGL Background Thread 1 ] DEBUG AssetLoader          - Loading from cache: /assets/textures/brick1.png
12:56:49.381 [FXGL Background Thread 1 ] WARN  TextLevelParser      - No producer found for character: 0
12:56:49.382 [FXGL Background Thread 1 ] DEBUG AssetLoader          - Loading from cache: /assets/textures/brick1.png
12:56:49.383 [FXGL Background Thread 1 ] WARN  TextLevelParser      - No producer found for character: 0
12:56:49.384 [FXGL Background Thread 1 ] DEBUG AssetLoader          - Loading from cache: /assets/textures/brick1.png
12:56:49.385 [FXGL Background Thread 1 ] WARN  TextLevelParser      - No producer found for character: 0
12:56:49.385 [FXGL Background Thread 1 ] DEBUG AssetLoader          - Loading from cache: /assets/textures/brick1.png
12:56:49.386 [FXGL Background Thread 1 ] WARN  TextLevelParser      - No producer found for character: 0
12:56:49.387 [FXGL Background Thread 1 ] DEBUG AssetLoader          - Loading from cache: /assets/textures/brick1.png
12:56:49.387 [FXGL Background Thread 1 ] WARN  TextLevelParser      - No producer found for character: 0
12:56:49.388 [FXGL Background Thread 1 ] DEBUG AssetLoader          - Loading from cache: /assets/textures/brick1.png
12:56:49.388 [FXGL Background Thread 1 ] WARN  TextLevelParser      - No producer found for character: 0
12:56:49.389 [FXGL Background Thread 1 ] DEBUG AssetLoader          - Loading from cache: /assets/textures/brick1.png
12:56:49.389 [FXGL Background Thread 1 ] WARN  TextLevelParser      - No producer found for character: 0
12:56:49.389 [FXGL Background Thread 1 ] DEBUG AssetLoader          - Loading from cache: /assets/textures/brick1.png
12:56:49.390 [FXGL Background Thread 1 ] WARN  TextLevelParser      - No producer found for character: 0
12:56:49.390 [FXGL Background Thread 1 ] DEBUG AssetLoader          - Loading from cache: /assets/textures/brick1.png
12:56:49.390 [FXGL Background Thread 1 ] WARN  TextLevelParser      - No producer found for character: 0
12:56:49.391 [FXGL Background Thread 1 ] WARN  TextLevelParser      - No producer found for character: 0
12:56:49.391 [FXGL Background Thread 1 ] WARN  TextLevelParser      - No producer found for character: 0
12:56:49.391 [FXGL Background Thread 1 ] WARN  TextLevelParser      - No producer found for character: 0
12:56:49.391 [FXGL Background Thread 1 ] WARN  TextLevelParser      - No producer found for character: 0
12:56:49.391 [FXGL Background Thread 1 ] WARN  TextLevelParser      - No producer found for character: 0
12:56:49.391 [FXGL Background Thread 1 ] WARN  TextLevelParser      - No producer found for character: 0
12:56:49.391 [FXGL Background Thread 1 ] WARN  TextLevelParser      - No producer found for character: 0
12:56:49.391 [FXGL Background Thread 1 ] WARN  TextLevelParser      - No producer found for character: 0
12:56:49.391 [FXGL Background Thread 1 ] WARN  TextLevelParser      - No producer found for character: 0
12:56:49.392 [FXGL Background Thread 1 ] WARN  TextLevelParser      - No producer found for character: 0
12:56:49.392 [FXGL Background Thread 1 ] WARN  TextLevelParser      - No producer found for character: 0
12:56:49.392 [FXGL Background Thread 1 ] WARN  TextLevelParser      - No producer found for character: 0
12:56:49.392 [FXGL Background Thread 1 ] WARN  TextLevelParser      - No producer found for character: 0
12:56:49.392 [FXGL Background Thread 1 ] WARN  TextLevelParser      - No producer found for character: 0
12:56:49.392 [FXGL Background Thread 1 ] WARN  TextLevelParser      - No producer found for character: 0
12:56:49.392 [FXGL Background Thread 1 ] WARN  TextLevelParser      - No producer found for character: 0
12:56:49.392 [FXGL Background Thread 1 ] WARN  TextLevelParser      - No producer found for character: 0
12:56:49.392 [FXGL Background Thread 1 ] WARN  TextLevelParser      - No producer found for character: 0
12:56:49.393 [FXGL Background Thread 1 ] WARN  TextLevelParser      - No producer found for character: 0
12:56:49.393 [FXGL Background Thread 1 ] WARN  TextLevelParser      - No producer found for character: 0
12:56:49.393 [FXGL Background Thread 1 ] WARN  TextLevelParser      - No producer found for character: 0
12:56:49.393 [FXGL Background Thread 1 ] WARN  TextLevelParser      - No producer found for character: 0
12:56:49.393 [FXGL Background Thread 1 ] WARN  TextLevelParser      - No producer found for character: 0
12:56:49.393 [FXGL Background Thread 1 ] WARN  TextLevelParser      - No producer found for character: 0
12:56:49.393 [FXGL Background Thread 1 ] WARN  TextLevelParser      - No producer found for character: 0
12:56:49.393 [FXGL Background Thread 1 ] WARN  TextLevelParser      - No producer found for character: 0
12:56:49.393 [FXGL Background Thread 1 ] WARN  TextLevelParser      - No producer found for character: 0
12:56:49.393 [FXGL Background Thread 1 ] WARN  TextLevelParser      - No producer found for character: 0
12:56:49.394 [FXGL Background Thread 1 ] WARN  TextLevelParser      - No producer found for character: 0
12:56:49.394 [FXGL Background Thread 1 ] WARN  TextLevelParser      - No producer found for character: 0
12:56:49.394 [FXGL Background Thread 1 ] WARN  TextLevelParser      - No producer found for character: 0
12:56:49.394 [FXGL Background Thread 1 ] WARN  TextLevelParser      - No producer found for character: 0
12:56:49.394 [FXGL Background Thread 1 ] WARN  TextLevelParser      - No producer found for character: 0
12:56:49.394 [FXGL Background Thread 1 ] WARN  TextLevelParser      - No producer found for character: 0
12:56:49.395 [FXGL Background Thread 1 ] WARN  TextLevelParser      - No producer found for character: 0
12:56:49.395 [FXGL Background Thread 1 ] WARN  TextLevelParser      - No producer found for character: 0
12:56:49.395 [FXGL Background Thread 1 ] WARN  TextLevelParser      - No producer found for character: 0
12:56:49.395 [FXGL Background Thread 1 ] WARN  TextLevelParser      - No producer found for character: 0
12:56:49.395 [FXGL Background Thread 1 ] WARN  TextLevelParser      - No producer found for character: 0
12:56:49.395 [FXGL Background Thread 1 ] WARN  TextLevelParser      - No producer found for character: 0
12:56:49.395 [FXGL Background Thread 1 ] WARN  TextLevelParser      - No producer found for character: 0
12:56:49.396 [FXGL Background Thread 1 ] WARN  TextLevelParser      - No producer found for character: 0
12:56:49.396 [FXGL Background Thread 1 ] WARN  TextLevelParser      - No producer found for character: 0
12:56:49.396 [FXGL Background Thread 1 ] WARN  TextLevelParser      - No producer found for character: 0
12:56:49.396 [FXGL Background Thread 1 ] WARN  TextLevelParser      - No producer found for character: 0
12:56:49.396 [FXGL Background Thread 1 ] WARN  TextLevelParser      - No producer found for character: 0
12:56:49.396 [FXGL Background Thread 1 ] WARN  TextLevelParser      - No producer found for character: 0
12:56:49.396 [FXGL Background Thread 1 ] WARN  TextLevelParser      - No producer found for character: 0
12:56:49.397 [FXGL Background Thread 1 ] WARN  TextLevelParser      - No producer found for character: 0
12:56:49.397 [FXGL Background Thread 1 ] WARN  TextLevelParser      - No producer found for character: 0
12:56:49.397 [FXGL Background Thread 1 ] WARN  TextLevelParser      - No producer found for character: 0
12:56:49.397 [FXGL Background Thread 1 ] WARN  TextLevelParser      - No producer found for character: 0
12:56:49.397 [FXGL Background Thread 1 ] WARN  TextLevelParser      - No producer found for character: 0
12:56:49.397 [FXGL Background Thread 1 ] WARN  TextLevelParser      - No producer found for character: 0
12:56:49.398 [FXGL Background Thread 1 ] WARN  TextLevelParser      - No producer found for character: 0
12:56:49.398 [FXGL Background Thread 1 ] WARN  TextLevelParser      - No producer found for character: 0
12:56:49.398 [FXGL Background Thread 1 ] WARN  TextLevelParser      - No producer found for character: 0
12:56:49.399 [FXGL Background Thread 1 ] WARN  TextLevelParser      - No producer found for character: 0
12:56:49.399 [FXGL Background Thread 1 ] WARN  TextLevelParser      - No producer found for character: 0
12:56:49.399 [FXGL Background Thread 1 ] WARN  TextLevelParser      - No producer found for character: 0
12:56:49.399 [FXGL Background Thread 1 ] WARN  TextLevelParser      - No producer found for character: 0
12:56:49.399 [FXGL Background Thread 1 ] WARN  TextLevelParser      - No producer found for character: 0
12:56:49.399 [FXGL Background Thread 1 ] WARN  TextLevelParser      - No producer found for character: 0
12:56:49.399 [FXGL Background Thread 1 ] WARN  TextLevelParser      - No producer found for character: 0
12:56:49.399 [FXGL Background Thread 1 ] WARN  TextLevelParser      - No producer found for character: 0
12:56:49.400 [FXGL Background Thread 1 ] WARN  TextLevelParser      - No producer found for character: 0
12:56:49.400 [FXGL Background Thread 1 ] WARN  TextLevelParser      - No producer found for character: 0
12:56:49.400 [FXGL Background Thread 1 ] WARN  TextLevelParser      - No producer found for character: 0
12:56:49.400 [FXGL Background Thread 1 ] WARN  TextLevelParser      - No producer found for character: 0
12:56:49.400 [FXGL Background Thread 1 ] WARN  TextLevelParser      - No producer found for character: 0
12:56:49.400 [FXGL Background Thread 1 ] WARN  TextLevelParser      - No producer found for character: 0
12:56:49.400 [FXGL Background Thread 1 ] WARN  TextLevelParser      - No producer found for character: 0
12:56:49.400 [FXGL Background Thread 1 ] WARN  TextLevelParser      - No producer found for character: 0
12:56:49.401 [FXGL Background Thread 1 ] WARN  TextLevelParser      - No producer found for character: 0
12:56:49.401 [FXGL Background Thread 1 ] WARN  TextLevelParser      - No producer found for character: 0
12:56:49.401 [FXGL Background Thread 1 ] WARN  TextLevelParser      - No producer found for character: 0
12:56:49.401 [FXGL Background Thread 1 ] WARN  TextLevelParser      - No producer found for character: 0
12:56:49.401 [FXGL Background Thread 1 ] WARN  TextLevelParser      - No producer found for character: 0
12:56:49.401 [FXGL Background Thread 1 ] WARN  TextLevelParser      - No producer found for character: 0
12:56:49.401 [FXGL Background Thread 1 ] WARN  TextLevelParser      - No producer found for character: 0
12:56:49.401 [FXGL Background Thread 1 ] WARN  TextLevelParser      - No producer found for character: 0
12:56:49.402 [FXGL Background Thread 1 ] WARN  TextLevelParser      - No producer found for character: 0
12:56:49.402 [FXGL Background Thread 1 ] WARN  TextLevelParser      - No producer found for character: 0
12:56:49.402 [FXGL Background Thread 1 ] WARN  TextLevelParser      - No producer found for character: 0
12:56:49.407 [FXGL Background Thread 1 ] DEBUG AssetLoader          - Loading from disk: /assets/textures/Ball.png
12:56:49.408 [FXGL Background Thread 1 ] WARN  TextLevelParser      - No producer found for character: 0
12:56:49.409 [FXGL Background Thread 1 ] WARN  TextLevelParser      - No producer found for character: 0
12:56:49.409 [FXGL Background Thread 1 ] WARN  TextLevelParser      - No producer found for character: 0
12:56:49.409 [FXGL Background Thread 1 ] WARN  TextLevelParser      - No producer found for character: 0
12:56:49.409 [FXGL Background Thread 1 ] WARN  TextLevelParser      - No producer found for character: 0
12:56:49.409 [FXGL Background Thread 1 ] WARN  TextLevelParser      - No producer found for character: 0
12:56:49.409 [FXGL Background Thread 1 ] WARN  TextLevelParser      - No producer found for character: 0
12:56:49.409 [FXGL Background Thread 1 ] WARN  TextLevelParser      - No producer found for character: 0
12:56:49.409 [FXGL Background Thread 1 ] WARN  TextLevelParser      - No producer found for character: 0
12:56:49.410 [FXGL Background Thread 1 ] WARN  TextLevelParser      - No producer found for character: 0
12:56:49.410 [FXGL Background Thread 1 ] WARN  TextLevelParser      - No producer found for character: 0
12:56:49.410 [FXGL Background Thread 1 ] WARN  TextLevelParser      - No producer found for character: 0
12:56:49.411 [FXGL Background Thread 1 ] WARN  TextLevelParser      - No producer found for character: 0
12:56:49.411 [FXGL Background Thread 1 ] WARN  TextLevelParser      - No producer found for character: 0
12:56:49.411 [FXGL Background Thread 1 ] WARN  TextLevelParser      - No producer found for character: 0
12:56:49.411 [FXGL Background Thread 1 ] WARN  TextLevelParser      - No producer found for character: 0
12:56:49.411 [FXGL Background Thread 1 ] WARN  TextLevelParser      - No producer found for character: 0
12:56:49.411 [FXGL Background Thread 1 ] WARN  TextLevelParser      - No producer found for character: 0
12:56:49.411 [FXGL Background Thread 1 ] WARN  TextLevelParser      - No producer found for character: 0
12:56:49.411 [FXGL Background Thread 1 ] WARN  TextLevelParser      - No producer found for character: 0
12:56:49.411 [FXGL Background Thread 1 ] WARN  TextLevelParser      - No producer found for character: 0
12:56:49.411 [FXGL Background Thread 1 ] WARN  TextLevelParser      - No producer found for character: 0
12:56:49.411 [FXGL Background Thread 1 ] WARN  TextLevelParser      - No producer found for character: 0
12:56:49.412 [FXGL Background Thread 1 ] WARN  TextLevelParser      - No producer found for character: 0
12:56:49.412 [FXGL Background Thread 1 ] WARN  TextLevelParser      - No producer found for character: 0
12:56:49.412 [FXGL Background Thread 1 ] WARN  TextLevelParser      - No producer found for character: 0
12:56:49.412 [FXGL Background Thread 1 ] WARN  TextLevelParser      - No producer found for character: 0
12:56:49.412 [FXGL Background Thread 1 ] WARN  TextLevelParser      - No producer found for character: 0
12:56:49.412 [FXGL Background Thread 1 ] WARN  TextLevelParser      - No producer found for character: 0
12:56:49.412 [FXGL Background Thread 1 ] WARN  TextLevelParser      - No producer found for character: 0
12:56:49.412 [FXGL Background Thread 1 ] WARN  TextLevelParser      - No producer found for character: 0
12:56:49.413 [FXGL Background Thread 1 ] WARN  TextLevelParser      - No producer found for character: 0
12:56:49.413 [FXGL Background Thread 1 ] WARN  TextLevelParser      - No producer found for character: 0
12:56:49.413 [FXGL Background Thread 1 ] WARN  TextLevelParser      - No producer found for character: 0
12:56:49.413 [FXGL Background Thread 1 ] WARN  TextLevelParser      - No producer found for character: 0
12:56:49.413 [FXGL Background Thread 1 ] WARN  TextLevelParser      - No producer found for character: 0
12:56:49.413 [FXGL Background Thread 1 ] WARN  TextLevelParser      - No producer found for character: 0
12:56:49.414 [FXGL Background Thread 1 ] WARN  TextLevelParser      - No producer found for character: 0
12:56:49.414 [FXGL Background Thread 1 ] WARN  TextLevelParser      - No producer found for character: 0
12:56:49.414 [FXGL Background Thread 1 ] WARN  TextLevelParser      - No producer found for character: 0
12:56:49.414 [FXGL Background Thread 1 ] WARN  TextLevelParser      - No producer found for character: 0
12:56:49.414 [FXGL Background Thread 1 ] WARN  TextLevelParser      - No producer found for character: 0
12:56:49.414 [FXGL Background Thread 1 ] WARN  TextLevelParser      - No producer found for character: 0
12:56:49.414 [FXGL Background Thread 1 ] WARN  TextLevelParser      - No producer found for character: 0
12:56:49.415 [FXGL Background Thread 1 ] WARN  TextLevelParser      - No producer found for character: 0
12:56:49.415 [FXGL Background Thread 1 ] WARN  TextLevelParser      - No producer found for character: 0
12:56:49.415 [FXGL Background Thread 1 ] WARN  TextLevelParser      - No producer found for character: 0
12:56:49.415 [FXGL Background Thread 1 ] WARN  TextLevelParser      - No producer found for character: 0
12:56:49.415 [FXGL Background Thread 1 ] WARN  TextLevelParser      - No producer found for character: 0
12:56:49.415 [FXGL Background Thread 1 ] WARN  TextLevelParser      - No producer found for character: 0
12:56:49.415 [FXGL Background Thread 1 ] WARN  TextLevelParser      - No producer found for character: 0
12:56:49.415 [FXGL Background Thread 1 ] WARN  TextLevelParser      - No producer found for character: 0
12:56:49.416 [FXGL Background Thread 1 ] WARN  TextLevelParser      - No producer found for character: 0
12:56:49.416 [FXGL Background Thread 1 ] WARN  TextLevelParser      - No producer found for character: 0
12:56:49.416 [FXGL Background Thread 1 ] WARN  TextLevelParser      - No producer found for character: 0
12:56:49.416 [FXGL Background Thread 1 ] WARN  TextLevelParser      - No producer found for character: 0
12:56:49.416 [FXGL Background Thread 1 ] WARN  TextLevelParser      - No producer found for character: 0
12:56:49.416 [FXGL Background Thread 1 ] WARN  TextLevelParser      - No producer found for character: 0
12:56:49.416 [FXGL Background Thread 1 ] WARN  TextLevelParser      - No producer found for character: 0
12:56:49.416 [FXGL Background Thread 1 ] WARN  TextLevelParser      - No producer found for character: 0
12:56:49.416 [FXGL Background Thread 1 ] WARN  TextLevelParser      - No producer found for character: 0
12:56:49.417 [FXGL Background Thread 1 ] WARN  TextLevelParser      - No producer found for character: 0
12:56:49.417 [FXGL Background Thread 1 ] WARN  TextLevelParser      - No producer found for character: 0
12:56:49.417 [FXGL Background Thread 1 ] WARN  TextLevelParser      - No producer found for character: 0
12:56:49.417 [FXGL Background Thread 1 ] WARN  TextLevelParser      - No producer found for character: 0
12:56:49.417 [FXGL Background Thread 1 ] WARN  TextLevelParser      - No producer found for character: 0
12:56:49.417 [FXGL Background Thread 1 ] WARN  TextLevelParser      - No producer found for character: 0
12:56:49.417 [FXGL Background Thread 1 ] WARN  TextLevelParser      - No producer found for character: 0
12:56:49.417 [FXGL Background Thread 1 ] WARN  TextLevelParser      - No producer found for character: 0
12:56:49.417 [FXGL Background Thread 1 ] WARN  TextLevelParser      - No producer found for character: 0
12:56:49.418 [FXGL Background Thread 1 ] WARN  TextLevelParser      - No producer found for character: 0
12:56:49.418 [FXGL Background Thread 1 ] WARN  TextLevelParser      - No producer found for character: 0
12:56:49.418 [FXGL Background Thread 1 ] WARN  TextLevelParser      - No producer found for character: 0
12:56:49.418 [FXGL Background Thread 1 ] WARN  TextLevelParser      - No producer found for character: 0
12:56:49.418 [FXGL Background Thread 1 ] WARN  TextLevelParser      - No producer found for character: 0
12:56:49.418 [FXGL Background Thread 1 ] WARN  TextLevelParser      - No producer found for character: 0
12:56:49.418 [FXGL Background Thread 1 ] WARN  TextLevelParser      - No producer found for character: 0
12:56:49.418 [FXGL Background Thread 1 ] WARN  TextLevelParser      - No producer found for character: 0
12:56:49.419 [FXGL Background Thread 1 ] WARN  TextLevelParser      - No producer found for character: 0
12:56:49.419 [FXGL Background Thread 1 ] WARN  TextLevelParser      - No producer found for character: 0
12:56:49.419 [FXGL Background Thread 1 ] WARN  TextLevelParser      - No producer found for character: 0
12:56:49.419 [FXGL Background Thread 1 ] WARN  TextLevelParser      - No producer found for character: 0
12:56:49.419 [FXGL Background Thread 1 ] WARN  TextLevelParser      - No producer found for character: 0
12:56:49.419 [FXGL Background Thread 1 ] WARN  TextLevelParser      - No producer found for character: 0
12:56:49.419 [FXGL Background Thread 1 ] WARN  TextLevelParser      - No producer found for character: 0
12:56:49.419 [FXGL Background Thread 1 ] WARN  TextLevelParser      - No producer found for character: 0
12:56:49.419 [FXGL Background Thread 1 ] WARN  TextLevelParser      - No producer found for character: 0
12:56:49.419 [FXGL Background Thread 1 ] WARN  TextLevelParser      - No producer found for character: 0
12:56:49.419 [FXGL Background Thread 1 ] WARN  TextLevelParser      - No producer found for character: 0
12:56:49.420 [FXGL Background Thread 1 ] WARN  TextLevelParser      - No producer found for character: 0
12:56:49.420 [FXGL Background Thread 1 ] WARN  TextLevelParser      - No producer found for character: 0
12:56:49.420 [FXGL Background Thread 1 ] WARN  TextLevelParser      - No producer found for character: 0
12:56:49.420 [FXGL Background Thread 1 ] WARN  TextLevelParser      - No producer found for character: 0
12:56:49.420 [FXGL Background Thread 1 ] WARN  TextLevelParser      - No producer found for character: 0
12:56:49.421 [FXGL Background Thread 1 ] WARN  TextLevelParser      - No producer found for character: 0
12:56:49.421 [FXGL Background Thread 1 ] WARN  TextLevelParser      - No producer found for character: 0
12:56:49.421 [FXGL Background Thread 1 ] WARN  TextLevelParser      - No producer found for character: 0
12:56:49.421 [FXGL Background Thread 1 ] WARN  TextLevelParser      - No producer found for character: 0
12:56:49.421 [FXGL Background Thread 1 ] WARN  TextLevelParser      - No producer found for character: 0
12:56:49.421 [FXGL Background Thread 1 ] WARN  TextLevelParser      - No producer found for character: 0
12:56:49.421 [FXGL Background Thread 1 ] WARN  TextLevelParser      - No producer found for character: 0
12:56:49.421 [FXGL Background Thread 1 ] WARN  TextLevelParser      - No producer found for character: 0
12:56:49.421 [FXGL Background Thread 1 ] WARN  TextLevelParser      - No producer found for character: 0
12:56:49.421 [FXGL Background Thread 1 ] WARN  TextLevelParser      - No producer found for character: 0
12:56:49.421 [FXGL Background Thread 1 ] WARN  TextLevelParser      - No producer found for character: 0
12:56:49.421 [FXGL Background Thread 1 ] WARN  TextLevelParser      - No producer found for character: 0
12:56:49.422 [FXGL Background Thread 1 ] WARN  TextLevelParser      - No producer found for character: 0
12:56:49.422 [FXGL Background Thread 1 ] WARN  TextLevelParser      - No producer found for character: 0
12:56:49.422 [FXGL Background Thread 1 ] WARN  TextLevelParser      - No producer found for character: 0
12:56:49.422 [FXGL Background Thread 1 ] WARN  TextLevelParser      - No producer found for character: 0
12:56:49.422 [FXGL Background Thread 1 ] WARN  TextLevelParser      - No producer found for character: 0
12:56:49.422 [FXGL Background Thread 1 ] WARN  TextLevelParser      - No producer found for character: 0
12:56:49.422 [FXGL Background Thread 1 ] WARN  TextLevelParser      - No producer found for character: 0
12:56:49.423 [FXGL Background Thread 1 ] DEBUG AssetLoader          - Loading from disk: /assets/textures/bar.png
12:56:49.425 [FXGL Background Thread 1 ] WARN  TextLevelParser      - No producer found for character: 0
12:56:49.425 [FXGL Background Thread 1 ] WARN  TextLevelParser      - No producer found for character: 0
12:56:49.425 [FXGL Background Thread 1 ] WARN  TextLevelParser      - No producer found for character: 0
12:56:49.425 [FXGL Background Thread 1 ] WARN  TextLevelParser      - No producer found for character: 0
12:56:49.425 [FXGL Background Thread 1 ] WARN  TextLevelParser      - No producer found for character: 0
12:56:49.425 [FXGL Background Thread 1 ] WARN  TextLevelParser      - No producer found for character: 0
12:56:49.426 [FXGL Background Thread 1 ] WARN  TextLevelParser      - No producer found for character: 0
12:56:49.426 [FXGL Background Thread 1 ] WARN  TextLevelParser      - No producer found for character: 0
12:56:49.426 [FXGL Background Thread 1 ] WARN  TextLevelParser      - No producer found for character: 0
12:56:49.426 [FXGL Background Thread 1 ] WARN  TextLevelParser      - No producer found for character: 0
12:56:49.426 [FXGL Background Thread 1 ] WARN  TextLevelParser      - No producer found for character: 0
12:56:49.426 [FXGL Background Thread 1 ] WARN  TextLevelParser      - No producer found for character: 0
12:56:49.426 [FXGL Background Thread 1 ] WARN  TextLevelParser      - No producer found for character: 0
12:56:49.426 [FXGL Background Thread 1 ] WARN  TextLevelParser      - No producer found for character: 0
12:56:49.426 [FXGL Background Thread 1 ] WARN  TextLevelParser      - No producer found for character: 0
12:56:49.426 [FXGL Background Thread 1 ] WARN  TextLevelParser      - No producer found for character: 0
12:56:49.427 [FXGL Background Thread 1 ] WARN  TextLevelParser      - No producer found for character: 0
12:56:49.427 [FXGL Background Thread 1 ] WARN  TextLevelParser      - No producer found for character: 0
12:56:49.427 [FXGL Background Thread 1 ] WARN  TextLevelParser      - No producer found for character: 0
12:56:49.427 [FXGL Background Thread 1 ] WARN  TextLevelParser      - No producer found for character: 0
12:56:49.427 [FXGL Background Thread 1 ] WARN  TextLevelParser      - No producer found for character: 0
12:56:49.427 [FXGL Background Thread 1 ] WARN  TextLevelParser      - No producer found for character: 0
12:56:49.427 [FXGL Background Thread 1 ] WARN  TextLevelParser      - No producer found for character: 0
12:56:49.427 [FXGL Background Thread 1 ] WARN  TextLevelParser      - No producer found for character: 0
12:56:49.427 [FXGL Background Thread 1 ] WARN  TextLevelParser      - No producer found for character: 0
12:56:49.427 [FXGL Background Thread 1 ] WARN  TextLevelParser      - No producer found for character: 0
12:56:49.428 [FXGL Background Thread 1 ] WARN  TextLevelParser      - No producer found for character: 0
12:56:49.428 [FXGL Background Thread 1 ] WARN  TextLevelParser      - No producer found for character: 0
12:56:49.428 [FXGL Background Thread 1 ] DEBUG GameWorld            - Clearing removable entities
12:56:49.428 [FXGL Background Thread 1 ] DEBUG GameWorld            - Setting level: com.almasb.fxgl.entity.Level@1c13ac88
12:56:49.451 [FXGL Background Thread 1 ] DEBUG GameScene            - Creating render group for layer: DEFAULT(100000)
12:56:49.456 [FXGL Background Thread 1 ] DEBUG InitAppTask          - Initializing Physics
12:56:49.456 [FXGL Background Thread 1 ] DEBUG InitAppTask          - Initializing UI
12:56:49.457 [FXGL Background Thread 1 ] DEBUG AssetLoader          - Loading from cache: /assets/ui/fonts/VarelaRound-Regular.ttf
12:56:49.461 [FXGL Background Thread 1 ] DEBUG InitAppTask          - Initialization Complete
12:56:49.461 [FXGL Background Thread 1 ] INFO  InitAppTask          - Game initialization took: 0,156 sec
12:56:49.465 [JavaFX Application Thread] DEBUG Input                - Clearing active input actions
12:56:49.465 [JavaFX Application Thread] DEBUG AssetLoader          - Loading from disk: /assets/ui/css/fxgl_dark.css
12:56:49.478 [JavaFX Application Thread] DEBUG AppStateMachine      - LoadingState -> PlayState
12:57:15.855 [JavaFX Application Thread] DEBUG FXGL                 - Exiting FXGL
12:57:15.855 [JavaFX Application Thread] DEBUG FXGL                 - Shutting down background threads
12:57:15.856 [JavaFX Application Thread] DEBUG FXGL                 - Saving FXGL system data
12:57:15.859 [JavaFX Application Thread] DEBUG DesktopFSService     - Writing to: system\fxgl.bundle
12:57:15.863 [JavaFX Application Thread] DEBUG FXGL                 - Closing logger and exiting JavaFX
