20:46:04.540 [JavaFX Application Thread] DEBUG GameApplication      - Logger initialized
20:46:04.557 [JavaFX Application Thread] DEBUG MainWindow           - Creating a JavaFX scene
20:46:04.672 [JavaFX Application Thread] DEBUG MainWindow           - Target settings size: 800.0 x 600.0
20:46:04.672 [JavaFX Application Thread] DEBUG MainWindow           - Scaled scene size:    800.0 x 600.0
20:46:04.672 [JavaFX Application Thread] DEBUG MainWindow           - Scaled ratio: (1.0, 1.0)
20:46:04.676 [JavaFX Application Thread] DEBUG GameApplication      - Starting FXGL
20:46:04.695 [FXGL Launcher Thread     ] INFO  FXGL                 - FXGL-0.5.0 on DESKTOP
20:46:04.696 [FXGL Launcher Thread     ] INFO  FXGL                 - Source code and latest versions at: https://github.com/AlmasB/FXGL
20:46:04.696 [FXGL Launcher Thread     ] INFO  FXGL                 -              Join the FXGL chat at: https://gitter.im/AlmasB/FXGL
20:46:04.701 [FXGL Launcher Thread     ] DEBUG FXGL                 - Loading FXGL system data
20:46:04.713 [FXGL Launcher Thread     ] DEBUG FS                   - Reading from: system\fxgl.bundle
20:46:04.722 [FXGL Launcher Thread     ] DEBUG Bundle               - Logging bundle: FXGL
20:46:04.723 [FXGL Launcher Thread     ] DEBUG Bundle               - FXGL.offline.timer.version.check=2019-01-24T08:55:57.713219300
20:46:04.752 [FXGL Launcher Thread     ] DEBUG GameApplication      - FXGL started
20:46:04.753 [FXGL Launcher Thread     ] DEBUG GameApplication      - Logging game settings
Title: Breakout
Version: 0.1
Width: 800
Height: 600
Fullscreen: false
Intro: false
Menus: false
Profiling: false
Single step:false
App Mode: DEVELOPER
Menu Key: ESCAPE
Stage Style: DECORATED
Scene Factory: class com.almasb.fxgl.scene.SceneFactory
Dialog Factory: class com.almasb.fxgl.ui.FXGLDialogFactory
UI Factory: class com.almasb.fxgl.ui.FXGLUIFactory
Notification Service: class com.almasb.fxgl.gameplay.notification.XboxNotificationView
Exception Handler: class com.almasb.fxgl.app.FXGLExceptionHandler
20:46:04.754 [FXGL Launcher Thread     ] DEBUG GameApplication      - Configuring GameApplication
20:46:04.754 [FXGL Launcher Thread     ] DEBUG GameApplication      - Initializing state machine and application states
20:46:04.769 [FXGL Launcher Thread     ] DEBUG AssetLoader          - Loading from disk: /assets/ui/cursors/fxgl_default.png
20:46:04.788 [FXGL Launcher Thread     ] DEBUG AssetLoader          - Loading from disk: /assets/ui/cursors/fxgl_default.png
20:46:04.810 [FXGL Launcher Thread     ] DEBUG FXGLAssets           - Loading FXGLAssets
20:46:04.848 [FXGL Launcher Thread     ] DEBUG AssetLoader          - Loading from disk: /assets/ui/fonts/VarelaRound-Regular.ttf
20:46:05.032 [FXGL Launcher Thread     ] DEBUG AssetLoader          - Loading from disk: /assets/ui/fonts/lucida_console.ttf
20:46:05.037 [FXGL Launcher Thread     ] DEBUG AssetLoader          - Loading from disk: /assets/ui/css/fxgl_dark.css
20:46:05.037 [FXGL Launcher Thread     ] DEBUG AssetLoader          - Loading from disk: /assets/ui/icons/fxgl_icon.png
20:46:05.077 [FXGL Launcher Thread     ] DEBUG AssetLoader          - Loading from disk: /assets/ui/cursors/fxgl_default.png
20:46:05.084 [FXGL Launcher Thread     ] DEBUG AssetLoader          - Loading from disk: /assets/ui/cursors/fxgl_default.png
20:46:05.108 [FXGL Launcher Thread     ] DEBUG GameScene            - Game scene initialized: 800x600
20:46:05.115 [FXGL Launcher Thread     ] DEBUG GameWorld            - Game world initialized
20:46:05.188 [FXGL Launcher Thread     ] DEBUG PhysicsWorld         - Physics world initialized: appHeight=600, physics.ppm=50,0
20:46:05.209 [FXGL Launcher Thread     ] DEBUG Input                - Registered new binding: Pause - Esc
20:46:05.228 [FXGL Launcher Thread     ] DEBUG Input                - Clearing active input actions
20:46:05.270 [FXGL Launcher Thread     ] DEBUG AppStateMachine      - StartupState -> StartupState
20:46:05.280 [FXGL Launcher Thread     ] INFO  GameApplication      - Game configuration took:  0,525 sec
20:46:05.283 [JavaFX Application Thread] DEBUG MainWindow           - Opening main window
20:46:05.387 [JavaFX Application Thread] DEBUG MainWindow           - Window border size: (14.4000244140625, 37.5999755859375)
20:46:05.387 [JavaFX Application Thread] DEBUG MainWindow           - Scaled size: 800.0 x 600.0
20:46:05.387 [JavaFX Application Thread] DEBUG MainWindow           - Scaled ratio: (1.0, 1.0)
20:46:05.387 [JavaFX Application Thread] DEBUG MainWindow           - Scene size: 800.0 x 600.0
20:46:05.388 [JavaFX Application Thread] DEBUG MainWindow           - Stage size: 814.4000244140625 x 637.5999755859375
20:46:05.388 [JavaFX Application Thread] DEBUG GameApplication      - Running preInit()
20:46:05.391 [JavaFX Application Thread] DEBUG Input                - Registered new binding: Screenshot - P
20:46:05.391 [JavaFX Application Thread] DEBUG Input                - Registered new binding: Dev Options - CTRL+0
20:46:05.392 [JavaFX Application Thread] DEBUG Input                - Registered new binding: System info dump - CTRL+9
20:46:05.392 [JavaFX Application Thread] DEBUG Input                - Registered new binding: Restart - CTRL+R
20:46:05.392 [JavaFX Application Thread] DEBUG Input                - Registered new binding: Move Left - A
20:46:05.392 [JavaFX Application Thread] DEBUG Input                - Registered new binding: Move Right - D
20:46:05.413 [JavaFX Application Thread] DEBUG GameApplication      - Starting main loop
20:46:05.414 [JavaFX Application Thread] DEBUG StartupState         - STARTUP
20:46:05.414 [JavaFX Application Thread] DEBUG GameApplication      - Starting new game
20:46:05.415 [JavaFX Application Thread] DEBUG Input                - Clearing active input actions
20:46:05.429 [JavaFX Application Thread] DEBUG AppStateMachine      - StartupState -> LoadingState
20:46:05.432 [FXGL Background Thread 1 ] DEBUG InitAppTask          - Clearing previous game
20:46:05.432 [FXGL Background Thread 1 ] DEBUG GameWorld            - Clearing game world
20:46:05.433 [FXGL Background Thread 1 ] DEBUG PhysicsWorld         - Clearing physics world
20:46:05.433 [FXGL Background Thread 1 ] DEBUG GameScene            - Clearing game scene
20:46:05.434 [FXGL Background Thread 1 ] DEBUG InitAppTask          - Initializing Game
20:46:05.470 [FXGL Background Thread 1 ] DEBUG AssetLoader          - Loading from disk: /assets/text/levels/bricksballbar.txt
20:46:05.472 [FXGL Background Thread 1 ] WARN  FXGL.TextLevelParser - No producer found for character: 0
20:46:05.472 [FXGL Background Thread 1 ] WARN  FXGL.TextLevelParser - No producer found for character: 0
20:46:05.473 [FXGL Background Thread 1 ] WARN  FXGL.TextLevelParser - No producer found for character: 0
20:46:05.473 [FXGL Background Thread 1 ] WARN  FXGL.TextLevelParser - No producer found for character: 0
20:46:05.473 [FXGL Background Thread 1 ] WARN  FXGL.TextLevelParser - No producer found for character: 0
20:46:05.473 [FXGL Background Thread 1 ] WARN  FXGL.TextLevelParser - No producer found for character: 0
20:46:05.473 [FXGL Background Thread 1 ] WARN  FXGL.TextLevelParser - No producer found for character: 0
20:46:05.474 [FXGL Background Thread 1 ] WARN  FXGL.TextLevelParser - No producer found for character: 0
20:46:05.474 [FXGL Background Thread 1 ] WARN  FXGL.TextLevelParser - No producer found for character: 0
20:46:05.474 [FXGL Background Thread 1 ] WARN  FXGL.TextLevelParser - No producer found for character: 0
20:46:05.474 [FXGL Background Thread 1 ] WARN  FXGL.TextLevelParser - No producer found for character: 0
20:46:05.474 [FXGL Background Thread 1 ] WARN  FXGL.TextLevelParser - No producer found for character: 0
20:46:05.474 [FXGL Background Thread 1 ] WARN  FXGL.TextLevelParser - No producer found for character: 0
20:46:05.474 [FXGL Background Thread 1 ] WARN  FXGL.TextLevelParser - No producer found for character: 0
20:46:05.474 [FXGL Background Thread 1 ] WARN  FXGL.TextLevelParser - No producer found for character: 0
20:46:05.475 [FXGL Background Thread 1 ] WARN  FXGL.TextLevelParser - No producer found for character: 0
20:46:05.475 [FXGL Background Thread 1 ] WARN  FXGL.TextLevelParser - No producer found for character: 0
20:46:05.475 [FXGL Background Thread 1 ] WARN  FXGL.TextLevelParser - No producer found for character: 0
20:46:05.475 [FXGL Background Thread 1 ] WARN  FXGL.TextLevelParser - No producer found for character: 0
20:46:05.511 [FXGL Background Thread 1 ] DEBUG AssetLoader          - Loading from disk: /assets/textures/brick1.png
20:46:05.525 [FXGL Background Thread 1 ] WARN  FXGL.TextLevelParser - No producer found for character: 0
20:46:05.526 [FXGL Background Thread 1 ] DEBUG AssetLoader          - Loading from cache: /assets/textures/brick1.png
20:46:05.528 [FXGL Background Thread 1 ] WARN  FXGL.TextLevelParser - No producer found for character: 0
20:46:05.528 [FXGL Background Thread 1 ] DEBUG AssetLoader          - Loading from cache: /assets/textures/brick1.png
20:46:05.529 [FXGL Background Thread 1 ] WARN  FXGL.TextLevelParser - No producer found for character: 0
20:46:05.530 [FXGL Background Thread 1 ] DEBUG AssetLoader          - Loading from cache: /assets/textures/brick1.png
20:46:05.531 [FXGL Background Thread 1 ] WARN  FXGL.TextLevelParser - No producer found for character: 0
20:46:05.531 [FXGL Background Thread 1 ] DEBUG AssetLoader          - Loading from cache: /assets/textures/brick1.png
20:46:05.532 [FXGL Background Thread 1 ] WARN  FXGL.TextLevelParser - No producer found for character: 0
20:46:05.533 [FXGL Background Thread 1 ] DEBUG AssetLoader          - Loading from cache: /assets/textures/brick1.png
20:46:05.534 [FXGL Background Thread 1 ] WARN  FXGL.TextLevelParser - No producer found for character: 0
20:46:05.535 [FXGL Background Thread 1 ] DEBUG AssetLoader          - Loading from cache: /assets/textures/brick1.png
20:46:05.536 [FXGL Background Thread 1 ] WARN  FXGL.TextLevelParser - No producer found for character: 0
20:46:05.537 [FXGL Background Thread 1 ] DEBUG AssetLoader          - Loading from cache: /assets/textures/brick1.png
20:46:05.538 [FXGL Background Thread 1 ] WARN  FXGL.TextLevelParser - No producer found for character: 0
20:46:05.539 [FXGL Background Thread 1 ] DEBUG AssetLoader          - Loading from cache: /assets/textures/brick1.png
20:46:05.541 [FXGL Background Thread 1 ] WARN  FXGL.TextLevelParser - No producer found for character: 0
20:46:05.542 [FXGL Background Thread 1 ] DEBUG AssetLoader          - Loading from cache: /assets/textures/brick1.png
20:46:05.543 [FXGL Background Thread 1 ] WARN  FXGL.TextLevelParser - No producer found for character: 0
20:46:05.543 [FXGL Background Thread 1 ] WARN  FXGL.TextLevelParser - No producer found for character: 0
20:46:05.544 [FXGL Background Thread 1 ] WARN  FXGL.TextLevelParser - No producer found for character: 0
20:46:05.544 [FXGL Background Thread 1 ] WARN  FXGL.TextLevelParser - No producer found for character: 0
20:46:05.544 [FXGL Background Thread 1 ] WARN  FXGL.TextLevelParser - No producer found for character: 0
20:46:05.544 [FXGL Background Thread 1 ] WARN  FXGL.TextLevelParser - No producer found for character: 0
20:46:05.544 [FXGL Background Thread 1 ] WARN  FXGL.TextLevelParser - No producer found for character: 0
20:46:05.545 [FXGL Background Thread 1 ] WARN  FXGL.TextLevelParser - No producer found for character: 0
20:46:05.545 [FXGL Background Thread 1 ] WARN  FXGL.TextLevelParser - No producer found for character: 0
20:46:05.545 [FXGL Background Thread 1 ] WARN  FXGL.TextLevelParser - No producer found for character: 0
20:46:05.545 [FXGL Background Thread 1 ] WARN  FXGL.TextLevelParser - No producer found for character: 0
20:46:05.545 [FXGL Background Thread 1 ] WARN  FXGL.TextLevelParser - No producer found for character: 0
20:46:05.545 [FXGL Background Thread 1 ] WARN  FXGL.TextLevelParser - No producer found for character: 0
20:46:05.545 [FXGL Background Thread 1 ] WARN  FXGL.TextLevelParser - No producer found for character: 0
20:46:05.546 [FXGL Background Thread 1 ] WARN  FXGL.TextLevelParser - No producer found for character: 0
20:46:05.546 [FXGL Background Thread 1 ] WARN  FXGL.TextLevelParser - No producer found for character: 0
20:46:05.546 [FXGL Background Thread 1 ] WARN  FXGL.TextLevelParser - No producer found for character: 0
20:46:05.546 [FXGL Background Thread 1 ] WARN  FXGL.TextLevelParser - No producer found for character: 0
20:46:05.546 [FXGL Background Thread 1 ] WARN  FXGL.TextLevelParser - No producer found for character: 0
20:46:05.546 [FXGL Background Thread 1 ] WARN  FXGL.TextLevelParser - No producer found for character: 0
20:46:05.547 [FXGL Background Thread 1 ] WARN  FXGL.TextLevelParser - No producer found for character: 0
20:46:05.547 [FXGL Background Thread 1 ] WARN  FXGL.TextLevelParser - No producer found for character: 0
20:46:05.547 [FXGL Background Thread 1 ] WARN  FXGL.TextLevelParser - No producer found for character: 0
20:46:05.547 [FXGL Background Thread 1 ] WARN  FXGL.TextLevelParser - No producer found for character: 0
20:46:05.547 [FXGL Background Thread 1 ] WARN  FXGL.TextLevelParser - No producer found for character: 0
20:46:05.547 [FXGL Background Thread 1 ] WARN  FXGL.TextLevelParser - No producer found for character: 0
20:46:05.547 [FXGL Background Thread 1 ] WARN  FXGL.TextLevelParser - No producer found for character: 0
20:46:05.548 [FXGL Background Thread 1 ] WARN  FXGL.TextLevelParser - No producer found for character: 0
20:46:05.548 [FXGL Background Thread 1 ] WARN  FXGL.TextLevelParser - No producer found for character: 0
20:46:05.548 [FXGL Background Thread 1 ] WARN  FXGL.TextLevelParser - No producer found for character: 0
20:46:05.548 [FXGL Background Thread 1 ] WARN  FXGL.TextLevelParser - No producer found for character: 0
20:46:05.549 [FXGL Background Thread 1 ] WARN  FXGL.TextLevelParser - No producer found for character: 0
20:46:05.549 [FXGL Background Thread 1 ] WARN  FXGL.TextLevelParser - No producer found for character: 0
20:46:05.549 [FXGL Background Thread 1 ] WARN  FXGL.TextLevelParser - No producer found for character: 0
20:46:05.549 [FXGL Background Thread 1 ] WARN  FXGL.TextLevelParser - No producer found for character: 0
20:46:05.550 [FXGL Background Thread 1 ] WARN  FXGL.TextLevelParser - No producer found for character: 0
20:46:05.550 [FXGL Background Thread 1 ] WARN  FXGL.TextLevelParser - No producer found for character: 0
20:46:05.550 [FXGL Background Thread 1 ] WARN  FXGL.TextLevelParser - No producer found for character: 0
20:46:05.550 [FXGL Background Thread 1 ] WARN  FXGL.TextLevelParser - No producer found for character: 0
20:46:05.550 [FXGL Background Thread 1 ] WARN  FXGL.TextLevelParser - No producer found for character: 0
20:46:05.550 [FXGL Background Thread 1 ] WARN  FXGL.TextLevelParser - No producer found for character: 0
20:46:05.550 [FXGL Background Thread 1 ] WARN  FXGL.TextLevelParser - No producer found for character: 0
20:46:05.551 [FXGL Background Thread 1 ] WARN  FXGL.TextLevelParser - No producer found for character: 0
20:46:05.551 [FXGL Background Thread 1 ] WARN  FXGL.TextLevelParser - No producer found for character: 0
20:46:05.551 [FXGL Background Thread 1 ] WARN  FXGL.TextLevelParser - No producer found for character: 0
20:46:05.551 [FXGL Background Thread 1 ] WARN  FXGL.TextLevelParser - No producer found for character: 0
20:46:05.551 [FXGL Background Thread 1 ] WARN  FXGL.TextLevelParser - No producer found for character: 0
20:46:05.551 [FXGL Background Thread 1 ] WARN  FXGL.TextLevelParser - No producer found for character: 0
20:46:05.551 [FXGL Background Thread 1 ] WARN  FXGL.TextLevelParser - No producer found for character: 0
20:46:05.552 [FXGL Background Thread 1 ] WARN  FXGL.TextLevelParser - No producer found for character: 0
20:46:05.552 [FXGL Background Thread 1 ] WARN  FXGL.TextLevelParser - No producer found for character: 0
20:46:05.552 [FXGL Background Thread 1 ] WARN  FXGL.TextLevelParser - No producer found for character: 0
20:46:05.552 [FXGL Background Thread 1 ] WARN  FXGL.TextLevelParser - No producer found for character: 0
20:46:05.552 [FXGL Background Thread 1 ] WARN  FXGL.TextLevelParser - No producer found for character: 0
20:46:05.552 [FXGL Background Thread 1 ] WARN  FXGL.TextLevelParser - No producer found for character: 0
20:46:05.552 [FXGL Background Thread 1 ] WARN  FXGL.TextLevelParser - No producer found for character: 0
20:46:05.553 [FXGL Background Thread 1 ] WARN  FXGL.TextLevelParser - No producer found for character: 0
20:46:05.553 [FXGL Background Thread 1 ] WARN  FXGL.TextLevelParser - No producer found for character: 0
20:46:05.553 [FXGL Background Thread 1 ] WARN  FXGL.TextLevelParser - No producer found for character: 0
20:46:05.553 [FXGL Background Thread 1 ] WARN  FXGL.TextLevelParser - No producer found for character: 0
20:46:05.553 [FXGL Background Thread 1 ] WARN  FXGL.TextLevelParser - No producer found for character: 0
20:46:05.553 [FXGL Background Thread 1 ] WARN  FXGL.TextLevelParser - No producer found for character: 0
20:46:05.553 [FXGL Background Thread 1 ] WARN  FXGL.TextLevelParser - No producer found for character: 0
20:46:05.554 [FXGL Background Thread 1 ] WARN  FXGL.TextLevelParser - No producer found for character: 0
20:46:05.554 [FXGL Background Thread 1 ] WARN  FXGL.TextLevelParser - No producer found for character: 0
20:46:05.554 [FXGL Background Thread 1 ] WARN  FXGL.TextLevelParser - No producer found for character: 0
20:46:05.554 [FXGL Background Thread 1 ] WARN  FXGL.TextLevelParser - No producer found for character: 0
20:46:05.554 [FXGL Background Thread 1 ] WARN  FXGL.TextLevelParser - No producer found for character: 0
20:46:05.554 [FXGL Background Thread 1 ] WARN  FXGL.TextLevelParser - No producer found for character: 0
20:46:05.554 [FXGL Background Thread 1 ] WARN  FXGL.TextLevelParser - No producer found for character: 0
20:46:05.555 [FXGL Background Thread 1 ] WARN  FXGL.TextLevelParser - No producer found for character: 0
20:46:05.555 [FXGL Background Thread 1 ] WARN  FXGL.TextLevelParser - No producer found for character: 0
20:46:05.555 [FXGL Background Thread 1 ] WARN  FXGL.TextLevelParser - No producer found for character: 0
20:46:05.555 [FXGL Background Thread 1 ] WARN  FXGL.TextLevelParser - No producer found for character: 0
20:46:05.555 [FXGL Background Thread 1 ] WARN  FXGL.TextLevelParser - No producer found for character: 0
20:46:05.555 [FXGL Background Thread 1 ] WARN  FXGL.TextLevelParser - No producer found for character: 0
20:46:05.556 [FXGL Background Thread 1 ] WARN  FXGL.TextLevelParser - No producer found for character: 0
20:46:05.556 [FXGL Background Thread 1 ] WARN  FXGL.TextLevelParser - No producer found for character: 0
20:46:05.556 [FXGL Background Thread 1 ] WARN  FXGL.TextLevelParser - No producer found for character: 0
20:46:05.557 [FXGL Background Thread 1 ] WARN  FXGL.TextLevelParser - No producer found for character: 0
20:46:05.558 [FXGL Background Thread 1 ] WARN  FXGL.TextLevelParser - No producer found for character: 0
20:46:05.558 [FXGL Background Thread 1 ] WARN  FXGL.TextLevelParser - No producer found for character: 0
20:46:05.558 [FXGL Background Thread 1 ] WARN  FXGL.TextLevelParser - No producer found for character: 0
20:46:05.558 [FXGL Background Thread 1 ] WARN  FXGL.TextLevelParser - No producer found for character: 0
20:46:05.558 [FXGL Background Thread 1 ] WARN  FXGL.TextLevelParser - No producer found for character: 0
20:46:05.566 [FXGL Background Thread 1 ] WARN  FXGL.TextLevelParser - No producer found for character: 0
20:46:05.567 [FXGL Background Thread 1 ] WARN  FXGL.TextLevelParser - No producer found for character: 0
20:46:05.567 [FXGL Background Thread 1 ] WARN  FXGL.TextLevelParser - No producer found for character: 0
20:46:05.567 [FXGL Background Thread 1 ] WARN  FXGL.TextLevelParser - No producer found for character: 0
20:46:05.567 [FXGL Background Thread 1 ] WARN  FXGL.TextLevelParser - No producer found for character: 0
20:46:05.568 [FXGL Background Thread 1 ] DEBUG AssetLoader          - Loading from cache: /assets/textures/brick1.png
20:46:05.568 [FXGL Background Thread 1 ] WARN  FXGL.TextLevelParser - No producer found for character: 0
20:46:05.569 [FXGL Background Thread 1 ] WARN  FXGL.TextLevelParser - No producer found for character: 0
20:46:05.569 [FXGL Background Thread 1 ] WARN  FXGL.TextLevelParser - No producer found for character: 0
20:46:05.569 [FXGL Background Thread 1 ] WARN  FXGL.TextLevelParser - No producer found for character: 0
20:46:05.569 [FXGL Background Thread 1 ] WARN  FXGL.TextLevelParser - No producer found for character: 0
20:46:05.569 [FXGL Background Thread 1 ] WARN  FXGL.TextLevelParser - No producer found for character: 0
20:46:05.569 [FXGL Background Thread 1 ] WARN  FXGL.TextLevelParser - No producer found for character: 0
20:46:05.569 [FXGL Background Thread 1 ] WARN  FXGL.TextLevelParser - No producer found for character: 0
20:46:05.570 [FXGL Background Thread 1 ] WARN  FXGL.TextLevelParser - No producer found for character: 0
20:46:05.570 [FXGL Background Thread 1 ] WARN  FXGL.TextLevelParser - No producer found for character: 0
20:46:05.570 [FXGL Background Thread 1 ] WARN  FXGL.TextLevelParser - No producer found for character: 0
20:46:05.570 [FXGL Background Thread 1 ] WARN  FXGL.TextLevelParser - No producer found for character: 0
20:46:05.570 [FXGL Background Thread 1 ] WARN  FXGL.TextLevelParser - No producer found for character: 0
20:46:05.570 [FXGL Background Thread 1 ] WARN  FXGL.TextLevelParser - No producer found for character: 0
20:46:05.570 [FXGL Background Thread 1 ] WARN  FXGL.TextLevelParser - No producer found for character: 0
20:46:05.570 [FXGL Background Thread 1 ] WARN  FXGL.TextLevelParser - No producer found for character: 0
20:46:05.570 [FXGL Background Thread 1 ] WARN  FXGL.TextLevelParser - No producer found for character: 0
20:46:05.571 [FXGL Background Thread 1 ] WARN  FXGL.TextLevelParser - No producer found for character: 0
20:46:05.571 [FXGL Background Thread 1 ] WARN  FXGL.TextLevelParser - No producer found for character: 0
20:46:05.571 [FXGL Background Thread 1 ] WARN  FXGL.TextLevelParser - No producer found for character: 0
20:46:05.571 [FXGL Background Thread 1 ] WARN  FXGL.TextLevelParser - No producer found for character: 0
20:46:05.571 [FXGL Background Thread 1 ] WARN  FXGL.TextLevelParser - No producer found for character: 0
20:46:05.571 [FXGL Background Thread 1 ] WARN  FXGL.TextLevelParser - No producer found for character: 0
20:46:05.571 [FXGL Background Thread 1 ] WARN  FXGL.TextLevelParser - No producer found for character: 0
20:46:05.572 [FXGL Background Thread 1 ] WARN  FXGL.TextLevelParser - No producer found for character: 0
20:46:05.572 [FXGL Background Thread 1 ] WARN  FXGL.TextLevelParser - No producer found for character: 0
20:46:05.572 [FXGL Background Thread 1 ] WARN  FXGL.TextLevelParser - No producer found for character: 0
20:46:05.572 [FXGL Background Thread 1 ] WARN  FXGL.TextLevelParser - No producer found for character: 0
20:46:05.572 [FXGL Background Thread 1 ] WARN  FXGL.TextLevelParser - No producer found for character: 0
20:46:05.572 [FXGL Background Thread 1 ] WARN  FXGL.TextLevelParser - No producer found for character: 0
20:46:05.572 [FXGL Background Thread 1 ] WARN  FXGL.TextLevelParser - No producer found for character: 0
20:46:05.573 [FXGL Background Thread 1 ] WARN  FXGL.TextLevelParser - No producer found for character: 0
20:46:05.573 [FXGL Background Thread 1 ] WARN  FXGL.TextLevelParser - No producer found for character: 0
20:46:05.573 [FXGL Background Thread 1 ] WARN  FXGL.TextLevelParser - No producer found for character: 0
20:46:05.573 [FXGL Background Thread 1 ] WARN  FXGL.TextLevelParser - No producer found for character: 0
20:46:05.573 [FXGL Background Thread 1 ] WARN  FXGL.TextLevelParser - No producer found for character: 0
20:46:05.573 [FXGL Background Thread 1 ] WARN  FXGL.TextLevelParser - No producer found for character: 0
20:46:05.573 [FXGL Background Thread 1 ] WARN  FXGL.TextLevelParser - No producer found for character: 0
20:46:05.574 [FXGL Background Thread 1 ] WARN  FXGL.TextLevelParser - No producer found for character: 0
20:46:05.574 [FXGL Background Thread 1 ] WARN  FXGL.TextLevelParser - No producer found for character: 0
20:46:05.574 [FXGL Background Thread 1 ] WARN  FXGL.TextLevelParser - No producer found for character: 0
20:46:05.574 [FXGL Background Thread 1 ] WARN  FXGL.TextLevelParser - No producer found for character: 0
20:46:05.575 [FXGL Background Thread 1 ] WARN  FXGL.TextLevelParser - No producer found for character: 0
20:46:05.575 [FXGL Background Thread 1 ] WARN  FXGL.TextLevelParser - No producer found for character: 0
20:46:05.575 [FXGL Background Thread 1 ] WARN  FXGL.TextLevelParser - No producer found for character: 0
20:46:05.575 [FXGL Background Thread 1 ] WARN  FXGL.TextLevelParser - No producer found for character: 0
20:46:05.575 [FXGL Background Thread 1 ] WARN  FXGL.TextLevelParser - No producer found for character: 0
20:46:05.575 [FXGL Background Thread 1 ] WARN  FXGL.TextLevelParser - No producer found for character: 0
20:46:05.575 [FXGL Background Thread 1 ] WARN  FXGL.TextLevelParser - No producer found for character: 0
20:46:05.575 [FXGL Background Thread 1 ] WARN  FXGL.TextLevelParser - No producer found for character: 0
20:46:05.575 [FXGL Background Thread 1 ] WARN  FXGL.TextLevelParser - No producer found for character: 0
20:46:05.576 [FXGL Background Thread 1 ] WARN  FXGL.TextLevelParser - No producer found for character: 0
20:46:05.576 [FXGL Background Thread 1 ] WARN  FXGL.TextLevelParser - No producer found for character: 0
20:46:05.576 [FXGL Background Thread 1 ] WARN  FXGL.TextLevelParser - No producer found for character: 0
20:46:05.576 [FXGL Background Thread 1 ] WARN  FXGL.TextLevelParser - No producer found for character: 0
20:46:05.576 [FXGL Background Thread 1 ] WARN  FXGL.TextLevelParser - No producer found for character: 0
20:46:05.576 [FXGL Background Thread 1 ] WARN  FXGL.TextLevelParser - No producer found for character: 0
20:46:05.576 [FXGL Background Thread 1 ] WARN  FXGL.TextLevelParser - No producer found for character: 0
20:46:05.576 [FXGL Background Thread 1 ] WARN  FXGL.TextLevelParser - No producer found for character: 0
20:46:05.576 [FXGL Background Thread 1 ] WARN  FXGL.TextLevelParser - No producer found for character: 0
20:46:05.576 [FXGL Background Thread 1 ] WARN  FXGL.TextLevelParser - No producer found for character: 0
20:46:05.577 [FXGL Background Thread 1 ] WARN  FXGL.TextLevelParser - No producer found for character: 0
20:46:05.577 [FXGL Background Thread 1 ] WARN  FXGL.TextLevelParser - No producer found for character: 0
20:46:05.577 [FXGL Background Thread 1 ] WARN  FXGL.TextLevelParser - No producer found for character: 0
20:46:05.577 [FXGL Background Thread 1 ] WARN  FXGL.TextLevelParser - No producer found for character: 0
20:46:05.577 [FXGL Background Thread 1 ] WARN  FXGL.TextLevelParser - No producer found for character: 0
20:46:05.577 [FXGL Background Thread 1 ] WARN  FXGL.TextLevelParser - No producer found for character: 0
20:46:05.577 [FXGL Background Thread 1 ] WARN  FXGL.TextLevelParser - No producer found for character: 0
20:46:05.577 [FXGL Background Thread 1 ] WARN  FXGL.TextLevelParser - No producer found for character: 0
20:46:05.578 [FXGL Background Thread 1 ] WARN  FXGL.TextLevelParser - No producer found for character: 0
20:46:05.578 [FXGL Background Thread 1 ] WARN  FXGL.TextLevelParser - No producer found for character: 0
20:46:05.578 [FXGL Background Thread 1 ] WARN  FXGL.TextLevelParser - No producer found for character: 0
20:46:05.578 [FXGL Background Thread 1 ] WARN  FXGL.TextLevelParser - No producer found for character: 0
20:46:05.578 [FXGL Background Thread 1 ] WARN  FXGL.TextLevelParser - No producer found for character: 0
20:46:05.578 [FXGL Background Thread 1 ] WARN  FXGL.TextLevelParser - No producer found for character: 0
20:46:05.578 [FXGL Background Thread 1 ] WARN  FXGL.TextLevelParser - No producer found for character: 0
20:46:05.578 [FXGL Background Thread 1 ] WARN  FXGL.TextLevelParser - No producer found for character: 0
20:46:05.579 [FXGL Background Thread 1 ] WARN  FXGL.TextLevelParser - No producer found for character: 0
20:46:05.579 [FXGL Background Thread 1 ] WARN  FXGL.TextLevelParser - No producer found for character: 0
20:46:05.579 [FXGL Background Thread 1 ] WARN  FXGL.TextLevelParser - No producer found for character: 0
20:46:05.579 [FXGL Background Thread 1 ] WARN  FXGL.TextLevelParser - No producer found for character: 0
20:46:05.579 [FXGL Background Thread 1 ] WARN  FXGL.TextLevelParser - No producer found for character: 0
20:46:05.579 [FXGL Background Thread 1 ] WARN  FXGL.TextLevelParser - No producer found for character: 0
20:46:05.579 [FXGL Background Thread 1 ] WARN  FXGL.TextLevelParser - No producer found for character: 0
20:46:05.579 [FXGL Background Thread 1 ] WARN  FXGL.TextLevelParser - No producer found for character: 0
20:46:05.579 [FXGL Background Thread 1 ] WARN  FXGL.TextLevelParser - No producer found for character: 0
20:46:05.579 [FXGL Background Thread 1 ] WARN  FXGL.TextLevelParser - No producer found for character: 0
20:46:05.580 [FXGL Background Thread 1 ] WARN  FXGL.TextLevelParser - No producer found for character: 0
20:46:05.580 [FXGL Background Thread 1 ] WARN  FXGL.TextLevelParser - No producer found for character: 0
20:46:05.580 [FXGL Background Thread 1 ] WARN  FXGL.TextLevelParser - No producer found for character: 0
20:46:05.580 [FXGL Background Thread 1 ] WARN  FXGL.TextLevelParser - No producer found for character: 0
20:46:05.580 [FXGL Background Thread 1 ] WARN  FXGL.TextLevelParser - No producer found for character: 0
20:46:05.580 [FXGL Background Thread 1 ] WARN  FXGL.TextLevelParser - No producer found for character: 0
20:46:05.580 [FXGL Background Thread 1 ] WARN  FXGL.TextLevelParser - No producer found for character: 0
20:46:05.580 [FXGL Background Thread 1 ] WARN  FXGL.TextLevelParser - No producer found for character: 0
20:46:05.580 [FXGL Background Thread 1 ] WARN  FXGL.TextLevelParser - No producer found for character: 0
20:46:05.580 [FXGL Background Thread 1 ] WARN  FXGL.TextLevelParser - No producer found for character: 0
20:46:05.581 [FXGL Background Thread 1 ] WARN  FXGL.TextLevelParser - No producer found for character: 0
20:46:05.581 [FXGL Background Thread 1 ] WARN  FXGL.TextLevelParser - No producer found for character: 0
20:46:05.581 [FXGL Background Thread 1 ] WARN  FXGL.TextLevelParser - No producer found for character: 0
20:46:05.581 [FXGL Background Thread 1 ] WARN  FXGL.TextLevelParser - No producer found for character: 0
20:46:05.581 [FXGL Background Thread 1 ] WARN  FXGL.TextLevelParser - No producer found for character: 0
20:46:05.581 [FXGL Background Thread 1 ] WARN  FXGL.TextLevelParser - No producer found for character: 0
20:46:05.581 [FXGL Background Thread 1 ] WARN  FXGL.TextLevelParser - No producer found for character: 0
20:46:05.582 [FXGL Background Thread 1 ] WARN  FXGL.TextLevelParser - No producer found for character: 0
20:46:05.582 [FXGL Background Thread 1 ] WARN  FXGL.TextLevelParser - No producer found for character: 0
20:46:05.582 [FXGL Background Thread 1 ] WARN  FXGL.TextLevelParser - No producer found for character: 0
20:46:05.583 [FXGL Background Thread 1 ] DEBUG AssetLoader          - Loading from disk: /assets/textures/bar.png
20:46:05.584 [FXGL Background Thread 1 ] WARN  FXGL.TextLevelParser - No producer found for character: 0
20:46:05.585 [FXGL Background Thread 1 ] WARN  FXGL.TextLevelParser - No producer found for character: 0
20:46:05.585 [FXGL Background Thread 1 ] WARN  FXGL.TextLevelParser - No producer found for character: 0
20:46:05.585 [FXGL Background Thread 1 ] WARN  FXGL.TextLevelParser - No producer found for character: 0
20:46:05.585 [FXGL Background Thread 1 ] WARN  FXGL.TextLevelParser - No producer found for character: 0
20:46:05.585 [FXGL Background Thread 1 ] WARN  FXGL.TextLevelParser - No producer found for character: 0
20:46:05.585 [FXGL Background Thread 1 ] WARN  FXGL.TextLevelParser - No producer found for character: 0
20:46:05.585 [FXGL Background Thread 1 ] WARN  FXGL.TextLevelParser - No producer found for character: 0
20:46:05.585 [FXGL Background Thread 1 ] WARN  FXGL.TextLevelParser - No producer found for character: 0
20:46:05.585 [FXGL Background Thread 1 ] WARN  FXGL.TextLevelParser - No producer found for character: 0
20:46:05.586 [FXGL Background Thread 1 ] WARN  FXGL.TextLevelParser - No producer found for character: 0
20:46:05.586 [FXGL Background Thread 1 ] WARN  FXGL.TextLevelParser - No producer found for character: 0
20:46:05.586 [FXGL Background Thread 1 ] WARN  FXGL.TextLevelParser - No producer found for character: 0
20:46:05.586 [FXGL Background Thread 1 ] WARN  FXGL.TextLevelParser - No producer found for character: 0
20:46:05.586 [FXGL Background Thread 1 ] WARN  FXGL.TextLevelParser - No producer found for character: 0
20:46:05.586 [FXGL Background Thread 1 ] WARN  FXGL.TextLevelParser - No producer found for character: 0
20:46:05.586 [FXGL Background Thread 1 ] WARN  FXGL.TextLevelParser - No producer found for character: 0
20:46:05.586 [FXGL Background Thread 1 ] WARN  FXGL.TextLevelParser - No producer found for character: 0
20:46:05.586 [FXGL Background Thread 1 ] WARN  FXGL.TextLevelParser - No producer found for character: 0
20:46:05.586 [FXGL Background Thread 1 ] WARN  FXGL.TextLevelParser - No producer found for character: 0
20:46:05.587 [FXGL Background Thread 1 ] WARN  FXGL.TextLevelParser - No producer found for character: 0
20:46:05.587 [FXGL Background Thread 1 ] WARN  FXGL.TextLevelParser - No producer found for character: 0
20:46:05.587 [FXGL Background Thread 1 ] WARN  FXGL.TextLevelParser - No producer found for character: 0
20:46:05.587 [FXGL Background Thread 1 ] WARN  FXGL.TextLevelParser - No producer found for character: 0
20:46:05.587 [FXGL Background Thread 1 ] WARN  FXGL.TextLevelParser - No producer found for character: 0
20:46:05.587 [FXGL Background Thread 1 ] WARN  FXGL.TextLevelParser - No producer found for character: 0
20:46:05.587 [FXGL Background Thread 1 ] WARN  FXGL.TextLevelParser - No producer found for character: 0
20:46:05.587 [FXGL Background Thread 1 ] WARN  FXGL.TextLevelParser - No producer found for character: 0
20:46:05.588 [FXGL Background Thread 1 ] DEBUG GameWorld            - Clearing removable entities
20:46:05.588 [FXGL Background Thread 1 ] DEBUG GameWorld            - Setting level: com.almasb.fxgl.entity.Level@39c70cba
20:46:05.617 [FXGL Background Thread 1 ] DEBUG GameScene            - Creating render group for layer: DEFAULT(100000)
20:46:05.630 [FXGL Background Thread 1 ] DEBUG GameScene            - Creating render group for layer: BACKGROUND(1000)
20:46:05.632 [FXGL Background Thread 1 ] DEBUG InitAppTask          - Initializing Physics
20:46:05.632 [FXGL Background Thread 1 ] DEBUG InitAppTask          - Initializing UI
20:46:05.637 [FXGL Background Thread 1 ] DEBUG InitAppTask          - Initialization Complete
20:46:05.637 [FXGL Background Thread 1 ] INFO  InitAppTask          - Game initialization took: 0,204 sec
20:46:05.643 [JavaFX Application Thread] DEBUG Input                - Clearing active input actions
20:46:05.654 [JavaFX Application Thread] DEBUG AppStateMachine      - LoadingState -> PlayState
20:46:39.778 [JavaFX Application Thread] DEBUG GameApplication      - Exiting game application
20:46:39.779 [JavaFX Application Thread] DEBUG GameApplication      - Shutting down background threads
20:46:39.780 [JavaFX Application Thread] DEBUG GameApplication      - Exiting FXGL
20:46:39.780 [JavaFX Application Thread] DEBUG FXGL                 - Saving FXGL system data
20:46:39.782 [JavaFX Application Thread] DEBUG FS                   - Writing to: system\fxgl.bundle
20:46:39.788 [JavaFX Application Thread] DEBUG GameApplication      - Closing logger and exiting JavaFX
