17:08:36.198 [JavaFX Application Thread] DEBUG GameApplication      - Logger initialized
17:08:36.215 [JavaFX Application Thread] DEBUG MainWindow           - Creating a JavaFX scene
17:08:36.326 [JavaFX Application Thread] DEBUG MainWindow           - Target settings size: 900.0 x 780.0
17:08:36.326 [JavaFX Application Thread] DEBUG MainWindow           - Scaled scene size:    900.0 x 780.0
17:08:36.326 [JavaFX Application Thread] DEBUG MainWindow           - Scaled ratio: (1.0, 1.0)
17:08:36.330 [JavaFX Application Thread] DEBUG GameApplication      - Starting FXGL
17:08:36.348 [FXGL Launcher Thread     ] INFO  FXGL                 - FXGL-0.5.0 on DESKTOP
17:08:36.348 [FXGL Launcher Thread     ] INFO  FXGL                 - Source code and latest versions at: https://github.com/AlmasB/FXGL
17:08:36.349 [FXGL Launcher Thread     ] INFO  FXGL                 -              Join the FXGL chat at: https://gitter.im/AlmasB/FXGL
17:08:36.353 [FXGL Launcher Thread     ] DEBUG FXGL                 - Loading FXGL system data
17:08:36.363 [FXGL Launcher Thread     ] DEBUG FS                   - Reading from: system\fxgl.bundle
17:08:36.371 [FXGL Launcher Thread     ] DEBUG Bundle               - Logging bundle: FXGL
17:08:36.372 [FXGL Launcher Thread     ] DEBUG Bundle               - FXGL.offline.timer.version.check=2019-01-24T08:55:57.713219300
17:08:36.401 [FXGL Launcher Thread     ] DEBUG GameApplication      - FXGL started
17:08:36.401 [FXGL Launcher Thread     ] DEBUG GameApplication      - Logging game settings
Title: Breakout
Version: 0.1
Width: 900
Height: 780
Fullscreen: false
Intro: false
Menus: false
Profiling: false
Single step:false
App Mode: DEVELOPER
Menu Key: ESCAPE
Stage Style: DECORATED
Scene Factory: class com.almasb.fxgl.scene.SceneFactory
Dialog Factory: class com.almasb.fxgl.ui.FXGLDialogFactory
UI Factory: class com.almasb.fxgl.ui.FXGLUIFactory
Notification Service: class com.almasb.fxgl.gameplay.notification.XboxNotificationView
Exception Handler: class com.almasb.fxgl.app.FXGLExceptionHandler
17:08:36.402 [FXGL Launcher Thread     ] DEBUG GameApplication      - Configuring GameApplication
17:08:36.402 [FXGL Launcher Thread     ] DEBUG GameApplication      - Initializing state machine and application states
17:08:36.421 [FXGL Launcher Thread     ] DEBUG AssetLoader          - Loading from disk: /assets/ui/cursors/fxgl_default.png
17:08:36.437 [FXGL Launcher Thread     ] DEBUG AssetLoader          - Loading from disk: /assets/ui/cursors/fxgl_default.png
17:08:36.457 [FXGL Launcher Thread     ] DEBUG FXGLAssets           - Loading FXGLAssets
17:08:36.486 [FXGL Launcher Thread     ] DEBUG AssetLoader          - Loading from disk: /assets/ui/fonts/VarelaRound-Regular.ttf
17:08:36.670 [FXGL Launcher Thread     ] DEBUG AssetLoader          - Loading from disk: /assets/ui/fonts/lucida_console.ttf
17:08:36.674 [FXGL Launcher Thread     ] DEBUG AssetLoader          - Loading from disk: /assets/ui/css/fxgl_dark.css
17:08:36.675 [FXGL Launcher Thread     ] DEBUG AssetLoader          - Loading from disk: /assets/ui/icons/fxgl_icon.png
17:08:36.716 [FXGL Launcher Thread     ] DEBUG AssetLoader          - Loading from disk: /assets/ui/cursors/fxgl_default.png
17:08:36.723 [FXGL Launcher Thread     ] DEBUG AssetLoader          - Loading from disk: /assets/ui/cursors/fxgl_default.png
17:08:36.753 [FXGL Launcher Thread     ] DEBUG GameScene            - Game scene initialized: 900x780
17:08:36.760 [FXGL Launcher Thread     ] DEBUG GameWorld            - Game world initialized
17:08:36.863 [FXGL Launcher Thread     ] DEBUG PhysicsWorld         - Physics world initialized: appHeight=780, physics.ppm=50,0
17:08:36.886 [FXGL Launcher Thread     ] DEBUG Input                - Registered new binding: Pause - Esc
17:08:36.917 [FXGL Launcher Thread     ] DEBUG Input                - Clearing active input actions
17:08:36.957 [FXGL Launcher Thread     ] DEBUG AppStateMachine      - StartupState -> StartupState
17:08:36.970 [FXGL Launcher Thread     ] INFO  GameApplication      - Game configuration took:  0,568 sec
17:08:36.974 [JavaFX Application Thread] DEBUG MainWindow           - Opening main window
17:08:37.074 [JavaFX Application Thread] DEBUG MainWindow           - Window border size: (14.4000244140625, 37.5999755859375)
17:08:37.074 [JavaFX Application Thread] DEBUG MainWindow           - Scaled size: 900.0 x 780.0
17:08:37.074 [JavaFX Application Thread] DEBUG MainWindow           - Scaled ratio: (1.0, 1.0)
17:08:37.074 [JavaFX Application Thread] DEBUG MainWindow           - Scene size: 900.0 x 780.0
17:08:37.075 [JavaFX Application Thread] DEBUG MainWindow           - Stage size: 914.4000244140625 x 817.5999755859375
17:08:37.075 [JavaFX Application Thread] DEBUG GameApplication      - Running preInit()
17:08:37.079 [JavaFX Application Thread] DEBUG Input                - Registered new binding: Screenshot - P
17:08:37.080 [JavaFX Application Thread] DEBUG Input                - Registered new binding: Dev Options - CTRL+0
17:08:37.080 [JavaFX Application Thread] DEBUG Input                - Registered new binding: System info dump - CTRL+9
17:08:37.081 [JavaFX Application Thread] DEBUG Input                - Registered new binding: Restart - CTRL+R
17:08:37.081 [JavaFX Application Thread] DEBUG Input                - Registered new binding: Move Left - A
17:08:37.081 [JavaFX Application Thread] DEBUG Input                - Registered new binding: Move Right - D
17:08:37.101 [JavaFX Application Thread] DEBUG GameApplication      - Starting main loop
17:08:37.103 [JavaFX Application Thread] DEBUG StartupState         - STARTUP
17:08:37.103 [JavaFX Application Thread] DEBUG GameApplication      - Starting new game
17:08:37.104 [JavaFX Application Thread] DEBUG Input                - Clearing active input actions
17:08:37.115 [JavaFX Application Thread] DEBUG AppStateMachine      - StartupState -> LoadingState
17:08:37.121 [FXGL Background Thread 1 ] DEBUG InitAppTask          - Clearing previous game
17:08:37.122 [FXGL Background Thread 1 ] DEBUG GameWorld            - Clearing game world
17:08:37.122 [FXGL Background Thread 1 ] DEBUG PhysicsWorld         - Clearing physics world
17:08:37.122 [FXGL Background Thread 1 ] DEBUG GameScene            - Clearing game scene
17:08:37.123 [FXGL Background Thread 1 ] DEBUG InitAppTask          - Initializing Game
17:08:37.167 [FXGL Background Thread 1 ] DEBUG AssetLoader          - Loading from disk: /assets/text/levels/level1.txt
17:08:37.169 [FXGL Background Thread 1 ] WARN  FXGL.TextLevelParser - No producer found for character: 0
17:08:37.169 [FXGL Background Thread 1 ] WARN  FXGL.TextLevelParser - No producer found for character: 0
17:08:37.169 [FXGL Background Thread 1 ] WARN  FXGL.TextLevelParser - No producer found for character: 0
17:08:37.169 [FXGL Background Thread 1 ] WARN  FXGL.TextLevelParser - No producer found for character: 0
17:08:37.170 [FXGL Background Thread 1 ] WARN  FXGL.TextLevelParser - No producer found for character: 0
17:08:37.170 [FXGL Background Thread 1 ] WARN  FXGL.TextLevelParser - No producer found for character: 0
17:08:37.170 [FXGL Background Thread 1 ] WARN  FXGL.TextLevelParser - No producer found for character: 0
17:08:37.170 [FXGL Background Thread 1 ] WARN  FXGL.TextLevelParser - No producer found for character: 0
17:08:37.170 [FXGL Background Thread 1 ] WARN  FXGL.TextLevelParser - No producer found for character: 0
17:08:37.170 [FXGL Background Thread 1 ] WARN  FXGL.TextLevelParser - No producer found for character: 0
17:08:37.171 [FXGL Background Thread 1 ] WARN  FXGL.TextLevelParser - No producer found for character: 0
17:08:37.171 [FXGL Background Thread 1 ] WARN  FXGL.TextLevelParser - No producer found for character: 0
17:08:37.171 [FXGL Background Thread 1 ] WARN  FXGL.TextLevelParser - No producer found for character: 0
17:08:37.171 [FXGL Background Thread 1 ] WARN  FXGL.TextLevelParser - No producer found for character: 0
17:08:37.171 [FXGL Background Thread 1 ] WARN  FXGL.TextLevelParser - No producer found for character: 0
17:08:37.171 [FXGL Background Thread 1 ] WARN  FXGL.TextLevelParser - No producer found for character: 0
17:08:37.171 [FXGL Background Thread 1 ] WARN  FXGL.TextLevelParser - No producer found for character: 0
17:08:37.172 [FXGL Background Thread 1 ] WARN  FXGL.TextLevelParser - No producer found for character: 0
17:08:37.208 [FXGL Background Thread 1 ] DEBUG AssetLoader          - Loading from disk: /assets/textures/brick1.png
17:08:37.224 [FXGL Background Thread 1 ] WARN  FXGL.TextLevelParser - No producer found for character: 0
17:08:37.224 [FXGL Background Thread 1 ] WARN  FXGL.TextLevelParser - No producer found for character: 0
17:08:37.225 [FXGL Background Thread 1 ] WARN  FXGL.TextLevelParser - No producer found for character: 0
17:08:37.225 [FXGL Background Thread 1 ] WARN  FXGL.TextLevelParser - No producer found for character: 0
17:08:37.225 [FXGL Background Thread 1 ] WARN  FXGL.TextLevelParser - No producer found for character: 0
17:08:37.228 [FXGL Background Thread 1 ] WARN  FXGL.TextLevelParser - No producer found for character: 0
17:08:37.229 [FXGL Background Thread 1 ] WARN  FXGL.TextLevelParser - No producer found for character: 0
17:08:37.229 [FXGL Background Thread 1 ] WARN  FXGL.TextLevelParser - No producer found for character: 0
17:08:37.230 [FXGL Background Thread 1 ] WARN  FXGL.TextLevelParser - No producer found for character: 0
17:08:37.230 [FXGL Background Thread 1 ] WARN  FXGL.TextLevelParser - No producer found for character: 0
17:08:37.231 [FXGL Background Thread 1 ] WARN  FXGL.TextLevelParser - No producer found for character: 0
17:08:37.231 [FXGL Background Thread 1 ] WARN  FXGL.TextLevelParser - No producer found for character: 0
17:08:37.231 [FXGL Background Thread 1 ] WARN  FXGL.TextLevelParser - No producer found for character: 0
17:08:37.232 [FXGL Background Thread 1 ] WARN  FXGL.TextLevelParser - No producer found for character: 0
17:08:37.232 [FXGL Background Thread 1 ] WARN  FXGL.TextLevelParser - No producer found for character: 0
17:08:37.232 [FXGL Background Thread 1 ] WARN  FXGL.TextLevelParser - No producer found for character: 0
17:08:37.233 [FXGL Background Thread 1 ] DEBUG AssetLoader          - Loading from cache: /assets/textures/brick1.png@50.0x24.0
17:08:37.235 [FXGL Background Thread 1 ] WARN  FXGL.TextLevelParser - No producer found for character: 0
17:08:37.235 [FXGL Background Thread 1 ] DEBUG AssetLoader          - Loading from cache: /assets/textures/brick1.png@50.0x24.0
17:08:37.236 [FXGL Background Thread 1 ] WARN  FXGL.TextLevelParser - No producer found for character: 0
17:08:37.237 [FXGL Background Thread 1 ] WARN  FXGL.TextLevelParser - No producer found for character: 0
17:08:37.237 [FXGL Background Thread 1 ] WARN  FXGL.TextLevelParser - No producer found for character: 0
17:08:37.237 [FXGL Background Thread 1 ] WARN  FXGL.TextLevelParser - No producer found for character: 0
17:08:37.237 [FXGL Background Thread 1 ] WARN  FXGL.TextLevelParser - No producer found for character: 0
17:08:37.237 [FXGL Background Thread 1 ] WARN  FXGL.TextLevelParser - No producer found for character: 0
17:08:37.238 [FXGL Background Thread 1 ] DEBUG AssetLoader          - Loading from cache: /assets/textures/brick1.png@50.0x24.0
17:08:37.240 [FXGL Background Thread 1 ] DEBUG AssetLoader          - Loading from cache: /assets/textures/brick1.png@50.0x24.0
17:08:37.241 [FXGL Background Thread 1 ] WARN  FXGL.TextLevelParser - No producer found for character: 0
17:08:37.241 [FXGL Background Thread 1 ] WARN  FXGL.TextLevelParser - No producer found for character: 0
17:08:37.241 [FXGL Background Thread 1 ] WARN  FXGL.TextLevelParser - No producer found for character: 0
17:08:37.241 [FXGL Background Thread 1 ] WARN  FXGL.TextLevelParser - No producer found for character: 0
17:08:37.241 [FXGL Background Thread 1 ] WARN  FXGL.TextLevelParser - No producer found for character: 0
17:08:37.242 [FXGL Background Thread 1 ] WARN  FXGL.TextLevelParser - No producer found for character: 0
17:08:37.242 [FXGL Background Thread 1 ] DEBUG AssetLoader          - Loading from cache: /assets/textures/brick1.png@50.0x24.0
17:08:37.244 [FXGL Background Thread 1 ] WARN  FXGL.TextLevelParser - No producer found for character: 0
17:08:37.245 [FXGL Background Thread 1 ] WARN  FXGL.TextLevelParser - No producer found for character: 0
17:08:37.245 [FXGL Background Thread 1 ] WARN  FXGL.TextLevelParser - No producer found for character: 0
17:08:37.246 [FXGL Background Thread 1 ] DEBUG AssetLoader          - Loading from cache: /assets/textures/brick1.png@50.0x24.0
17:08:37.248 [FXGL Background Thread 1 ] WARN  FXGL.TextLevelParser - No producer found for character: 0
17:08:37.248 [FXGL Background Thread 1 ] WARN  FXGL.TextLevelParser - No producer found for character: 0
17:08:37.248 [FXGL Background Thread 1 ] WARN  FXGL.TextLevelParser - No producer found for character: 0
17:08:37.248 [FXGL Background Thread 1 ] WARN  FXGL.TextLevelParser - No producer found for character: 0
17:08:37.249 [FXGL Background Thread 1 ] DEBUG AssetLoader          - Loading from cache: /assets/textures/brick1.png@50.0x24.0
17:08:37.251 [FXGL Background Thread 1 ] DEBUG AssetLoader          - Loading from cache: /assets/textures/brick1.png@50.0x24.0
17:08:37.252 [FXGL Background Thread 1 ] DEBUG AssetLoader          - Loading from cache: /assets/textures/brick1.png@50.0x24.0
17:08:37.254 [FXGL Background Thread 1 ] DEBUG AssetLoader          - Loading from cache: /assets/textures/brick1.png@50.0x24.0
17:08:37.255 [FXGL Background Thread 1 ] WARN  FXGL.TextLevelParser - No producer found for character: 0
17:08:37.255 [FXGL Background Thread 1 ] WARN  FXGL.TextLevelParser - No producer found for character: 0
17:08:37.255 [FXGL Background Thread 1 ] WARN  FXGL.TextLevelParser - No producer found for character: 0
17:08:37.255 [FXGL Background Thread 1 ] WARN  FXGL.TextLevelParser - No producer found for character: 0
17:08:37.256 [FXGL Background Thread 1 ] DEBUG AssetLoader          - Loading from cache: /assets/textures/brick1.png@50.0x24.0
17:08:37.257 [FXGL Background Thread 1 ] WARN  FXGL.TextLevelParser - No producer found for character: 0
17:08:37.257 [FXGL Background Thread 1 ] WARN  FXGL.TextLevelParser - No producer found for character: 0
17:08:37.257 [FXGL Background Thread 1 ] WARN  FXGL.TextLevelParser - No producer found for character: 0
17:08:37.257 [FXGL Background Thread 1 ] WARN  FXGL.TextLevelParser - No producer found for character: 0
17:08:37.257 [FXGL Background Thread 1 ] WARN  FXGL.TextLevelParser - No producer found for character: 0
17:08:37.258 [FXGL Background Thread 1 ] DEBUG AssetLoader          - Loading from cache: /assets/textures/brick1.png@50.0x24.0
17:08:37.259 [FXGL Background Thread 1 ] WARN  FXGL.TextLevelParser - No producer found for character: 0
17:08:37.260 [FXGL Background Thread 1 ] DEBUG AssetLoader          - Loading from cache: /assets/textures/brick1.png@50.0x24.0
17:08:37.261 [FXGL Background Thread 1 ] DEBUG AssetLoader          - Loading from cache: /assets/textures/brick1.png@50.0x24.0
17:08:37.264 [FXGL Background Thread 1 ] DEBUG AssetLoader          - Loading from cache: /assets/textures/brick1.png@50.0x24.0
17:08:37.266 [FXGL Background Thread 1 ] DEBUG AssetLoader          - Loading from cache: /assets/textures/brick1.png@50.0x24.0
17:08:37.268 [FXGL Background Thread 1 ] DEBUG AssetLoader          - Loading from cache: /assets/textures/brick1.png@50.0x24.0
17:08:37.269 [FXGL Background Thread 1 ] DEBUG AssetLoader          - Loading from cache: /assets/textures/brick1.png@50.0x24.0
17:08:37.270 [FXGL Background Thread 1 ] DEBUG AssetLoader          - Loading from cache: /assets/textures/brick1.png@50.0x24.0
17:08:37.271 [FXGL Background Thread 1 ] DEBUG AssetLoader          - Loading from cache: /assets/textures/brick1.png@50.0x24.0
17:08:37.272 [FXGL Background Thread 1 ] WARN  FXGL.TextLevelParser - No producer found for character: 0
17:08:37.273 [FXGL Background Thread 1 ] DEBUG AssetLoader          - Loading from cache: /assets/textures/brick1.png@50.0x24.0
17:08:37.273 [FXGL Background Thread 1 ] WARN  FXGL.TextLevelParser - No producer found for character: 0
17:08:37.274 [FXGL Background Thread 1 ] WARN  FXGL.TextLevelParser - No producer found for character: 0
17:08:37.274 [FXGL Background Thread 1 ] WARN  FXGL.TextLevelParser - No producer found for character: 0
17:08:37.274 [FXGL Background Thread 1 ] WARN  FXGL.TextLevelParser - No producer found for character: 0
17:08:37.274 [FXGL Background Thread 1 ] WARN  FXGL.TextLevelParser - No producer found for character: 0
17:08:37.274 [FXGL Background Thread 1 ] WARN  FXGL.TextLevelParser - No producer found for character: 0
17:08:37.274 [FXGL Background Thread 1 ] WARN  FXGL.TextLevelParser - No producer found for character: 0
17:08:37.275 [FXGL Background Thread 1 ] DEBUG AssetLoader          - Loading from cache: /assets/textures/brick1.png@50.0x24.0
17:08:37.277 [FXGL Background Thread 1 ] WARN  FXGL.TextLevelParser - No producer found for character: 0
17:08:37.277 [FXGL Background Thread 1 ] WARN  FXGL.TextLevelParser - No producer found for character: 0
17:08:37.277 [FXGL Background Thread 1 ] WARN  FXGL.TextLevelParser - No producer found for character: 0
17:08:37.278 [FXGL Background Thread 1 ] WARN  FXGL.TextLevelParser - No producer found for character: 0
17:08:37.278 [FXGL Background Thread 1 ] WARN  FXGL.TextLevelParser - No producer found for character: 0
17:08:37.278 [FXGL Background Thread 1 ] WARN  FXGL.TextLevelParser - No producer found for character: 0
17:08:37.278 [FXGL Background Thread 1 ] WARN  FXGL.TextLevelParser - No producer found for character: 0
17:08:37.279 [FXGL Background Thread 1 ] WARN  FXGL.TextLevelParser - No producer found for character: 0
17:08:37.280 [FXGL Background Thread 1 ] DEBUG AssetLoader          - Loading from cache: /assets/textures/brick1.png@50.0x24.0
17:08:37.281 [FXGL Background Thread 1 ] WARN  FXGL.TextLevelParser - No producer found for character: 0
17:08:37.281 [FXGL Background Thread 1 ] WARN  FXGL.TextLevelParser - No producer found for character: 0
17:08:37.281 [FXGL Background Thread 1 ] WARN  FXGL.TextLevelParser - No producer found for character: 0
17:08:37.281 [FXGL Background Thread 1 ] WARN  FXGL.TextLevelParser - No producer found for character: 0
17:08:37.281 [FXGL Background Thread 1 ] WARN  FXGL.TextLevelParser - No producer found for character: 0
17:08:37.281 [FXGL Background Thread 1 ] WARN  FXGL.TextLevelParser - No producer found for character: 0
17:08:37.282 [FXGL Background Thread 1 ] WARN  FXGL.TextLevelParser - No producer found for character: 0
17:08:37.282 [FXGL Background Thread 1 ] WARN  FXGL.TextLevelParser - No producer found for character: 0
17:08:37.282 [FXGL Background Thread 1 ] WARN  FXGL.TextLevelParser - No producer found for character: 0
17:08:37.282 [FXGL Background Thread 1 ] DEBUG AssetLoader          - Loading from cache: /assets/textures/brick1.png@50.0x24.0
17:08:37.284 [FXGL Background Thread 1 ] DEBUG AssetLoader          - Loading from cache: /assets/textures/brick1.png@50.0x24.0
17:08:37.285 [FXGL Background Thread 1 ] DEBUG AssetLoader          - Loading from cache: /assets/textures/brick1.png@50.0x24.0
17:08:37.286 [FXGL Background Thread 1 ] DEBUG AssetLoader          - Loading from cache: /assets/textures/brick1.png@50.0x24.0
17:08:37.286 [FXGL Background Thread 1 ] DEBUG AssetLoader          - Loading from cache: /assets/textures/brick1.png@50.0x24.0
17:08:37.288 [FXGL Background Thread 1 ] DEBUG AssetLoader          - Loading from cache: /assets/textures/brick1.png@50.0x24.0
17:08:37.288 [FXGL Background Thread 1 ] DEBUG AssetLoader          - Loading from cache: /assets/textures/brick1.png@50.0x24.0
17:08:37.289 [FXGL Background Thread 1 ] DEBUG AssetLoader          - Loading from cache: /assets/textures/brick1.png@50.0x24.0
17:08:37.290 [FXGL Background Thread 1 ] WARN  FXGL.TextLevelParser - No producer found for character: 0
17:08:37.290 [FXGL Background Thread 1 ] WARN  FXGL.TextLevelParser - No producer found for character: 0
17:08:37.290 [FXGL Background Thread 1 ] WARN  FXGL.TextLevelParser - No producer found for character: 0
17:08:37.290 [FXGL Background Thread 1 ] WARN  FXGL.TextLevelParser - No producer found for character: 0
17:08:37.290 [FXGL Background Thread 1 ] WARN  FXGL.TextLevelParser - No producer found for character: 0
17:08:37.290 [FXGL Background Thread 1 ] WARN  FXGL.TextLevelParser - No producer found for character: 0
17:08:37.291 [FXGL Background Thread 1 ] WARN  FXGL.TextLevelParser - No producer found for character: 0
17:08:37.291 [FXGL Background Thread 1 ] WARN  FXGL.TextLevelParser - No producer found for character: 0
17:08:37.291 [FXGL Background Thread 1 ] WARN  FXGL.TextLevelParser - No producer found for character: 0
17:08:37.291 [FXGL Background Thread 1 ] WARN  FXGL.TextLevelParser - No producer found for character: 0
17:08:37.291 [FXGL Background Thread 1 ] WARN  FXGL.TextLevelParser - No producer found for character: 0
17:08:37.291 [FXGL Background Thread 1 ] WARN  FXGL.TextLevelParser - No producer found for character: 0
17:08:37.291 [FXGL Background Thread 1 ] WARN  FXGL.TextLevelParser - No producer found for character: 0
17:08:37.292 [FXGL Background Thread 1 ] WARN  FXGL.TextLevelParser - No producer found for character: 0
17:08:37.292 [FXGL Background Thread 1 ] WARN  FXGL.TextLevelParser - No producer found for character: 0
17:08:37.292 [FXGL Background Thread 1 ] WARN  FXGL.TextLevelParser - No producer found for character: 0
17:08:37.292 [FXGL Background Thread 1 ] WARN  FXGL.TextLevelParser - No producer found for character: 0
17:08:37.292 [FXGL Background Thread 1 ] WARN  FXGL.TextLevelParser - No producer found for character: 0
17:08:37.292 [FXGL Background Thread 1 ] WARN  FXGL.TextLevelParser - No producer found for character: 0
17:08:37.292 [FXGL Background Thread 1 ] WARN  FXGL.TextLevelParser - No producer found for character: 0
17:08:37.293 [FXGL Background Thread 1 ] WARN  FXGL.TextLevelParser - No producer found for character: 0
17:08:37.293 [FXGL Background Thread 1 ] WARN  FXGL.TextLevelParser - No producer found for character: 0
17:08:37.293 [FXGL Background Thread 1 ] WARN  FXGL.TextLevelParser - No producer found for character: 0
17:08:37.293 [FXGL Background Thread 1 ] WARN  FXGL.TextLevelParser - No producer found for character: 0
17:08:37.293 [FXGL Background Thread 1 ] WARN  FXGL.TextLevelParser - No producer found for character: 0
17:08:37.293 [FXGL Background Thread 1 ] WARN  FXGL.TextLevelParser - No producer found for character: 0
17:08:37.294 [FXGL Background Thread 1 ] WARN  FXGL.TextLevelParser - No producer found for character: 0
17:08:37.294 [FXGL Background Thread 1 ] WARN  FXGL.TextLevelParser - No producer found for character: 0
17:08:37.294 [FXGL Background Thread 1 ] WARN  FXGL.TextLevelParser - No producer found for character: 0
17:08:37.294 [FXGL Background Thread 1 ] WARN  FXGL.TextLevelParser - No producer found for character: 0
17:08:37.294 [FXGL Background Thread 1 ] WARN  FXGL.TextLevelParser - No producer found for character: 0
17:08:37.294 [FXGL Background Thread 1 ] WARN  FXGL.TextLevelParser - No producer found for character: 0
17:08:37.295 [FXGL Background Thread 1 ] WARN  FXGL.TextLevelParser - No producer found for character: 0
17:08:37.295 [FXGL Background Thread 1 ] WARN  FXGL.TextLevelParser - No producer found for character: 0
17:08:37.295 [FXGL Background Thread 1 ] WARN  FXGL.TextLevelParser - No producer found for character: 0
17:08:37.296 [FXGL Background Thread 1 ] WARN  FXGL.TextLevelParser - No producer found for character: 0
17:08:37.296 [FXGL Background Thread 1 ] WARN  FXGL.TextLevelParser - No producer found for character: 0
17:08:37.296 [FXGL Background Thread 1 ] WARN  FXGL.TextLevelParser - No producer found for character: 0
17:08:37.296 [FXGL Background Thread 1 ] WARN  FXGL.TextLevelParser - No producer found for character: 0
17:08:37.296 [FXGL Background Thread 1 ] WARN  FXGL.TextLevelParser - No producer found for character: 0
17:08:37.296 [FXGL Background Thread 1 ] WARN  FXGL.TextLevelParser - No producer found for character: 0
17:08:37.296 [FXGL Background Thread 1 ] WARN  FXGL.TextLevelParser - No producer found for character: 0
17:08:37.297 [FXGL Background Thread 1 ] WARN  FXGL.TextLevelParser - No producer found for character: 0
17:08:37.297 [FXGL Background Thread 1 ] WARN  FXGL.TextLevelParser - No producer found for character: 0
17:08:37.297 [FXGL Background Thread 1 ] WARN  FXGL.TextLevelParser - No producer found for character: 0
17:08:37.297 [FXGL Background Thread 1 ] WARN  FXGL.TextLevelParser - No producer found for character: 0
17:08:37.297 [FXGL Background Thread 1 ] WARN  FXGL.TextLevelParser - No producer found for character: 0
17:08:37.297 [FXGL Background Thread 1 ] WARN  FXGL.TextLevelParser - No producer found for character: 0
17:08:37.297 [FXGL Background Thread 1 ] WARN  FXGL.TextLevelParser - No producer found for character: 0
17:08:37.297 [FXGL Background Thread 1 ] WARN  FXGL.TextLevelParser - No producer found for character: 0
17:08:37.297 [FXGL Background Thread 1 ] WARN  FXGL.TextLevelParser - No producer found for character: 0
17:08:37.298 [FXGL Background Thread 1 ] WARN  FXGL.TextLevelParser - No producer found for character: 0
17:08:37.298 [FXGL Background Thread 1 ] WARN  FXGL.TextLevelParser - No producer found for character: 0
17:08:37.298 [FXGL Background Thread 1 ] WARN  FXGL.TextLevelParser - No producer found for character: 0
17:08:37.298 [FXGL Background Thread 1 ] WARN  FXGL.TextLevelParser - No producer found for character: 0
17:08:37.298 [FXGL Background Thread 1 ] WARN  FXGL.TextLevelParser - No producer found for character: 0
17:08:37.298 [FXGL Background Thread 1 ] WARN  FXGL.TextLevelParser - No producer found for character: 0
17:08:37.298 [FXGL Background Thread 1 ] WARN  FXGL.TextLevelParser - No producer found for character: 0
17:08:37.298 [FXGL Background Thread 1 ] WARN  FXGL.TextLevelParser - No producer found for character: 0
17:08:37.299 [FXGL Background Thread 1 ] WARN  FXGL.TextLevelParser - No producer found for character: 0
17:08:37.299 [FXGL Background Thread 1 ] WARN  FXGL.TextLevelParser - No producer found for character: 0
17:08:37.299 [FXGL Background Thread 1 ] WARN  FXGL.TextLevelParser - No producer found for character: 0
17:08:37.299 [FXGL Background Thread 1 ] WARN  FXGL.TextLevelParser - No producer found for character: 0
17:08:37.299 [FXGL Background Thread 1 ] WARN  FXGL.TextLevelParser - No producer found for character: 0
17:08:37.299 [FXGL Background Thread 1 ] WARN  FXGL.TextLevelParser - No producer found for character: 0
17:08:37.299 [FXGL Background Thread 1 ] WARN  FXGL.TextLevelParser - No producer found for character: 0
17:08:37.299 [FXGL Background Thread 1 ] WARN  FXGL.TextLevelParser - No producer found for character: 0
17:08:37.299 [FXGL Background Thread 1 ] WARN  FXGL.TextLevelParser - No producer found for character: 0
17:08:37.300 [FXGL Background Thread 1 ] WARN  FXGL.TextLevelParser - No producer found for character: 0
17:08:37.300 [FXGL Background Thread 1 ] WARN  FXGL.TextLevelParser - No producer found for character: 0
17:08:37.300 [FXGL Background Thread 1 ] WARN  FXGL.TextLevelParser - No producer found for character: 0
17:08:37.300 [FXGL Background Thread 1 ] WARN  FXGL.TextLevelParser - No producer found for character: 0
17:08:37.300 [FXGL Background Thread 1 ] WARN  FXGL.TextLevelParser - No producer found for character: 0
17:08:37.300 [FXGL Background Thread 1 ] WARN  FXGL.TextLevelParser - No producer found for character: 0
17:08:37.300 [FXGL Background Thread 1 ] WARN  FXGL.TextLevelParser - No producer found for character: 0
17:08:37.300 [FXGL Background Thread 1 ] WARN  FXGL.TextLevelParser - No producer found for character: 0
17:08:37.301 [FXGL Background Thread 1 ] WARN  FXGL.TextLevelParser - No producer found for character: 0
17:08:37.301 [FXGL Background Thread 1 ] WARN  FXGL.TextLevelParser - No producer found for character: 0
17:08:37.301 [FXGL Background Thread 1 ] WARN  FXGL.TextLevelParser - No producer found for character: 0
17:08:37.301 [FXGL Background Thread 1 ] WARN  FXGL.TextLevelParser - No producer found for character: 0
17:08:37.301 [FXGL Background Thread 1 ] WARN  FXGL.TextLevelParser - No producer found for character: 0
17:08:37.301 [FXGL Background Thread 1 ] WARN  FXGL.TextLevelParser - No producer found for character: 0
17:08:37.301 [FXGL Background Thread 1 ] WARN  FXGL.TextLevelParser - No producer found for character: 0
17:08:37.302 [FXGL Background Thread 1 ] WARN  FXGL.TextLevelParser - No producer found for character: 0
17:08:37.302 [FXGL Background Thread 1 ] WARN  FXGL.TextLevelParser - No producer found for character: 0
17:08:37.302 [FXGL Background Thread 1 ] WARN  FXGL.TextLevelParser - No producer found for character: 0
17:08:37.302 [FXGL Background Thread 1 ] WARN  FXGL.TextLevelParser - No producer found for character: 0
17:08:37.302 [FXGL Background Thread 1 ] WARN  FXGL.TextLevelParser - No producer found for character: 0
17:08:37.302 [FXGL Background Thread 1 ] WARN  FXGL.TextLevelParser - No producer found for character: 0
17:08:37.302 [FXGL Background Thread 1 ] WARN  FXGL.TextLevelParser - No producer found for character: 0
17:08:37.302 [FXGL Background Thread 1 ] WARN  FXGL.TextLevelParser - No producer found for character: 0
17:08:37.303 [FXGL Background Thread 1 ] WARN  FXGL.TextLevelParser - No producer found for character: 0
17:08:37.303 [FXGL Background Thread 1 ] WARN  FXGL.TextLevelParser - No producer found for character: 0
17:08:37.303 [FXGL Background Thread 1 ] WARN  FXGL.TextLevelParser - No producer found for character: 0
17:08:37.303 [FXGL Background Thread 1 ] WARN  FXGL.TextLevelParser - No producer found for character: 0
17:08:37.303 [FXGL Background Thread 1 ] WARN  FXGL.TextLevelParser - No producer found for character: 0
17:08:37.303 [FXGL Background Thread 1 ] WARN  FXGL.TextLevelParser - No producer found for character: 0
17:08:37.303 [FXGL Background Thread 1 ] WARN  FXGL.TextLevelParser - No producer found for character: 0
17:08:37.303 [FXGL Background Thread 1 ] WARN  FXGL.TextLevelParser - No producer found for character: 0
17:08:37.304 [FXGL Background Thread 1 ] WARN  FXGL.TextLevelParser - No producer found for character: 0
17:08:37.304 [FXGL Background Thread 1 ] WARN  FXGL.TextLevelParser - No producer found for character: 0
17:08:37.304 [FXGL Background Thread 1 ] WARN  FXGL.TextLevelParser - No producer found for character: 0
17:08:37.304 [FXGL Background Thread 1 ] WARN  FXGL.TextLevelParser - No producer found for character: 0
17:08:37.304 [FXGL Background Thread 1 ] WARN  FXGL.TextLevelParser - No producer found for character: 0
17:08:37.304 [FXGL Background Thread 1 ] WARN  FXGL.TextLevelParser - No producer found for character: 0
17:08:37.304 [FXGL Background Thread 1 ] WARN  FXGL.TextLevelParser - No producer found for character: 0
17:08:37.304 [FXGL Background Thread 1 ] WARN  FXGL.TextLevelParser - No producer found for character: 0
17:08:37.304 [FXGL Background Thread 1 ] WARN  FXGL.TextLevelParser - No producer found for character: 0
17:08:37.305 [FXGL Background Thread 1 ] WARN  FXGL.TextLevelParser - No producer found for character: 0
17:08:37.305 [FXGL Background Thread 1 ] WARN  FXGL.TextLevelParser - No producer found for character: 0
17:08:37.305 [FXGL Background Thread 1 ] WARN  FXGL.TextLevelParser - No producer found for character: 0
17:08:37.305 [FXGL Background Thread 1 ] WARN  FXGL.TextLevelParser - No producer found for character: 0
17:08:37.305 [FXGL Background Thread 1 ] WARN  FXGL.TextLevelParser - No producer found for character: 0
17:08:37.305 [FXGL Background Thread 1 ] WARN  FXGL.TextLevelParser - No producer found for character: 0
17:08:37.305 [FXGL Background Thread 1 ] WARN  FXGL.TextLevelParser - No producer found for character: 0
17:08:37.305 [FXGL Background Thread 1 ] WARN  FXGL.TextLevelParser - No producer found for character: 0
17:08:37.305 [FXGL Background Thread 1 ] WARN  FXGL.TextLevelParser - No producer found for character: 0
17:08:37.305 [FXGL Background Thread 1 ] WARN  FXGL.TextLevelParser - No producer found for character: 0
17:08:37.305 [FXGL Background Thread 1 ] WARN  FXGL.TextLevelParser - No producer found for character: 0
17:08:37.306 [FXGL Background Thread 1 ] WARN  FXGL.TextLevelParser - No producer found for character: 0
17:08:37.306 [FXGL Background Thread 1 ] WARN  FXGL.TextLevelParser - No producer found for character: 0
17:08:37.306 [FXGL Background Thread 1 ] WARN  FXGL.TextLevelParser - No producer found for character: 0
17:08:37.306 [FXGL Background Thread 1 ] WARN  FXGL.TextLevelParser - No producer found for character: 0
17:08:37.306 [FXGL Background Thread 1 ] WARN  FXGL.TextLevelParser - No producer found for character: 0
17:08:37.306 [FXGL Background Thread 1 ] WARN  FXGL.TextLevelParser - No producer found for character: 0
17:08:37.306 [FXGL Background Thread 1 ] WARN  FXGL.TextLevelParser - No producer found for character: 0
17:08:37.306 [FXGL Background Thread 1 ] WARN  FXGL.TextLevelParser - No producer found for character: 0
17:08:37.306 [FXGL Background Thread 1 ] WARN  FXGL.TextLevelParser - No producer found for character: 0
17:08:37.306 [FXGL Background Thread 1 ] WARN  FXGL.TextLevelParser - No producer found for character: 0
17:08:37.307 [FXGL Background Thread 1 ] WARN  FXGL.TextLevelParser - No producer found for character: 0
17:08:37.307 [FXGL Background Thread 1 ] WARN  FXGL.TextLevelParser - No producer found for character: 0
17:08:37.307 [FXGL Background Thread 1 ] WARN  FXGL.TextLevelParser - No producer found for character: 0
17:08:37.307 [FXGL Background Thread 1 ] WARN  FXGL.TextLevelParser - No producer found for character: 0
17:08:37.307 [FXGL Background Thread 1 ] WARN  FXGL.TextLevelParser - No producer found for character: 0
17:08:37.307 [FXGL Background Thread 1 ] WARN  FXGL.TextLevelParser - No producer found for character: 0
17:08:37.307 [FXGL Background Thread 1 ] WARN  FXGL.TextLevelParser - No producer found for character: 0
17:08:37.307 [FXGL Background Thread 1 ] WARN  FXGL.TextLevelParser - No producer found for character: 0
17:08:37.308 [FXGL Background Thread 1 ] WARN  FXGL.TextLevelParser - No producer found for character: 0
17:08:37.308 [FXGL Background Thread 1 ] WARN  FXGL.TextLevelParser - No producer found for character: 0
17:08:37.308 [FXGL Background Thread 1 ] WARN  FXGL.TextLevelParser - No producer found for character: 0
17:08:37.315 [FXGL Background Thread 1 ] WARN  FXGL.TextLevelParser - No producer found for character: 0
17:08:37.315 [FXGL Background Thread 1 ] WARN  FXGL.TextLevelParser - No producer found for character: 0
17:08:37.316 [FXGL Background Thread 1 ] WARN  FXGL.TextLevelParser - No producer found for character: 0
17:08:37.316 [FXGL Background Thread 1 ] WARN  FXGL.TextLevelParser - No producer found for character: 0
17:08:37.316 [FXGL Background Thread 1 ] WARN  FXGL.TextLevelParser - No producer found for character: 0
17:08:37.316 [FXGL Background Thread 1 ] WARN  FXGL.TextLevelParser - No producer found for character: 0
17:08:37.316 [FXGL Background Thread 1 ] WARN  FXGL.TextLevelParser - No producer found for character: 0
17:08:37.316 [FXGL Background Thread 1 ] WARN  FXGL.TextLevelParser - No producer found for character: 0
17:08:37.316 [FXGL Background Thread 1 ] WARN  FXGL.TextLevelParser - No producer found for character: 0
17:08:37.316 [FXGL Background Thread 1 ] WARN  FXGL.TextLevelParser - No producer found for character: 0
17:08:37.316 [FXGL Background Thread 1 ] WARN  FXGL.TextLevelParser - No producer found for character: 0
17:08:37.316 [FXGL Background Thread 1 ] WARN  FXGL.TextLevelParser - No producer found for character: 0
17:08:37.317 [FXGL Background Thread 1 ] WARN  FXGL.TextLevelParser - No producer found for character: 0
17:08:37.317 [FXGL Background Thread 1 ] WARN  FXGL.TextLevelParser - No producer found for character: 0
17:08:37.317 [FXGL Background Thread 1 ] WARN  FXGL.TextLevelParser - No producer found for character: 0
17:08:37.317 [FXGL Background Thread 1 ] WARN  FXGL.TextLevelParser - No producer found for character: 0
17:08:37.317 [FXGL Background Thread 1 ] WARN  FXGL.TextLevelParser - No producer found for character: 0
17:08:37.317 [FXGL Background Thread 1 ] DEBUG AssetLoader          - Loading from disk: /assets/textures/bar.png
17:08:37.319 [FXGL Background Thread 1 ] WARN  FXGL.TextLevelParser - No producer found for character: 0
17:08:37.319 [FXGL Background Thread 1 ] WARN  FXGL.TextLevelParser - No producer found for character: 0
17:08:37.320 [FXGL Background Thread 1 ] WARN  FXGL.TextLevelParser - No producer found for character: 0
17:08:37.320 [FXGL Background Thread 1 ] WARN  FXGL.TextLevelParser - No producer found for character: 0
17:08:37.320 [FXGL Background Thread 1 ] WARN  FXGL.TextLevelParser - No producer found for character: 0
17:08:37.320 [FXGL Background Thread 1 ] WARN  FXGL.TextLevelParser - No producer found for character: 0
17:08:37.320 [FXGL Background Thread 1 ] WARN  FXGL.TextLevelParser - No producer found for character: 0
17:08:37.320 [FXGL Background Thread 1 ] WARN  FXGL.TextLevelParser - No producer found for character: 0
17:08:37.320 [FXGL Background Thread 1 ] WARN  FXGL.TextLevelParser - No producer found for character: 0
17:08:37.320 [FXGL Background Thread 1 ] WARN  FXGL.TextLevelParser - No producer found for character: 0
17:08:37.320 [FXGL Background Thread 1 ] WARN  FXGL.TextLevelParser - No producer found for character: 0
17:08:37.320 [FXGL Background Thread 1 ] WARN  FXGL.TextLevelParser - No producer found for character: 0
17:08:37.321 [FXGL Background Thread 1 ] WARN  FXGL.TextLevelParser - No producer found for character: 0
17:08:37.321 [FXGL Background Thread 1 ] WARN  FXGL.TextLevelParser - No producer found for character: 0
17:08:37.321 [FXGL Background Thread 1 ] WARN  FXGL.TextLevelParser - No producer found for character: 0
17:08:37.321 [FXGL Background Thread 1 ] WARN  FXGL.TextLevelParser - No producer found for character: 0
17:08:37.321 [FXGL Background Thread 1 ] WARN  FXGL.TextLevelParser - No producer found for character: 0
17:08:37.321 [FXGL Background Thread 1 ] WARN  FXGL.TextLevelParser - No producer found for character: 0
17:08:37.321 [FXGL Background Thread 1 ] WARN  FXGL.TextLevelParser - No producer found for character: 0
17:08:37.321 [FXGL Background Thread 1 ] WARN  FXGL.TextLevelParser - No producer found for character: 0
17:08:37.321 [FXGL Background Thread 1 ] WARN  FXGL.TextLevelParser - No producer found for character: 0
17:08:37.321 [FXGL Background Thread 1 ] WARN  FXGL.TextLevelParser - No producer found for character: 0
17:08:37.321 [FXGL Background Thread 1 ] WARN  FXGL.TextLevelParser - No producer found for character: 0
17:08:37.322 [FXGL Background Thread 1 ] WARN  FXGL.TextLevelParser - No producer found for character: 0
17:08:37.322 [FXGL Background Thread 1 ] WARN  FXGL.TextLevelParser - No producer found for character: 0
17:08:37.322 [FXGL Background Thread 1 ] WARN  FXGL.TextLevelParser - No producer found for character: 0
17:08:37.322 [FXGL Background Thread 1 ] WARN  FXGL.TextLevelParser - No producer found for character: 0
17:08:37.322 [FXGL Background Thread 1 ] WARN  FXGL.TextLevelParser - No producer found for character: 0
17:08:37.322 [FXGL Background Thread 1 ] WARN  FXGL.TextLevelParser - No producer found for character: 0
17:08:37.322 [FXGL Background Thread 1 ] WARN  FXGL.TextLevelParser - No producer found for character: 0
17:08:37.322 [FXGL Background Thread 1 ] WARN  FXGL.TextLevelParser - No producer found for character: 0
17:08:37.322 [FXGL Background Thread 1 ] WARN  FXGL.TextLevelParser - No producer found for character: 0
17:08:37.322 [FXGL Background Thread 1 ] WARN  FXGL.TextLevelParser - No producer found for character: 0
17:08:37.322 [FXGL Background Thread 1 ] WARN  FXGL.TextLevelParser - No producer found for character: 0
17:08:37.322 [FXGL Background Thread 1 ] WARN  FXGL.TextLevelParser - No producer found for character: 0
17:08:37.323 [FXGL Background Thread 1 ] WARN  FXGL.TextLevelParser - No producer found for character: 0
17:08:37.323 [FXGL Background Thread 1 ] WARN  FXGL.TextLevelParser - No producer found for character: 0
17:08:37.323 [FXGL Background Thread 1 ] WARN  FXGL.TextLevelParser - No producer found for character: 0
17:08:37.323 [FXGL Background Thread 1 ] WARN  FXGL.TextLevelParser - No producer found for character: 0
17:08:37.323 [FXGL Background Thread 1 ] WARN  FXGL.TextLevelParser - No producer found for character: 0
17:08:37.323 [FXGL Background Thread 1 ] WARN  FXGL.TextLevelParser - No producer found for character: 0
17:08:37.323 [FXGL Background Thread 1 ] WARN  FXGL.TextLevelParser - No producer found for character: 0
17:08:37.323 [FXGL Background Thread 1 ] WARN  FXGL.TextLevelParser - No producer found for character: 0
17:08:37.323 [FXGL Background Thread 1 ] WARN  FXGL.TextLevelParser - No producer found for character: 0
17:08:37.324 [FXGL Background Thread 1 ] DEBUG AssetLoader          - Loading from disk: /assets/textures/fire.png
17:08:37.332 [FXGL Background Thread 1 ] WARN  FXGL.TextLevelParser - No producer found for character: 0
17:08:37.332 [FXGL Background Thread 1 ] DEBUG AssetLoader          - Loading from cache: /assets/textures/fire.png@100.0x80.0
17:08:37.333 [FXGL Background Thread 1 ] WARN  FXGL.TextLevelParser - No producer found for character: 0
17:08:37.334 [FXGL Background Thread 1 ] DEBUG AssetLoader          - Loading from cache: /assets/textures/fire.png@100.0x80.0
17:08:37.334 [FXGL Background Thread 1 ] WARN  FXGL.TextLevelParser - No producer found for character: 0
17:08:37.335 [FXGL Background Thread 1 ] DEBUG AssetLoader          - Loading from cache: /assets/textures/fire.png@100.0x80.0
17:08:37.336 [FXGL Background Thread 1 ] WARN  FXGL.TextLevelParser - No producer found for character: 0
17:08:37.336 [FXGL Background Thread 1 ] DEBUG AssetLoader          - Loading from cache: /assets/textures/fire.png@100.0x80.0
17:08:37.337 [FXGL Background Thread 1 ] WARN  FXGL.TextLevelParser - No producer found for character: 0
17:08:37.338 [FXGL Background Thread 1 ] DEBUG AssetLoader          - Loading from cache: /assets/textures/fire.png@100.0x80.0
17:08:37.339 [FXGL Background Thread 1 ] WARN  FXGL.TextLevelParser - No producer found for character: 0
17:08:37.339 [FXGL Background Thread 1 ] DEBUG AssetLoader          - Loading from cache: /assets/textures/fire.png@100.0x80.0
17:08:37.340 [FXGL Background Thread 1 ] WARN  FXGL.TextLevelParser - No producer found for character: 0
17:08:37.341 [FXGL Background Thread 1 ] DEBUG AssetLoader          - Loading from cache: /assets/textures/fire.png@100.0x80.0
17:08:37.342 [FXGL Background Thread 1 ] WARN  FXGL.TextLevelParser - No producer found for character: 0
17:08:37.343 [FXGL Background Thread 1 ] DEBUG AssetLoader          - Loading from cache: /assets/textures/fire.png@100.0x80.0
17:08:37.344 [FXGL Background Thread 1 ] WARN  FXGL.TextLevelParser - No producer found for character: 0
17:08:37.345 [FXGL Background Thread 1 ] DEBUG GameWorld            - Clearing removable entities
17:08:37.346 [FXGL Background Thread 1 ] DEBUG GameWorld            - Setting level: com.almasb.fxgl.entity.Level@1b3ae4a
17:08:37.379 [FXGL Background Thread 1 ] DEBUG GameScene            - Creating render group for layer: DEFAULT(100000)
17:08:37.401 [FXGL Background Thread 1 ] DEBUG GameScene            - Creating render group for layer: BACKGROUND(1000)
17:08:37.403 [FXGL Background Thread 1 ] DEBUG InitAppTask          - Initializing Physics
17:08:37.403 [FXGL Background Thread 1 ] DEBUG InitAppTask          - Initializing UI
17:08:37.405 [FXGL Background Thread 1 ] DEBUG InitAppTask          - Initialization Complete
17:08:37.405 [FXGL Background Thread 1 ] INFO  InitAppTask          - Game initialization took: 0,284 sec
17:08:37.413 [JavaFX Application Thread] DEBUG Input                - Clearing active input actions
17:08:37.436 [JavaFX Application Thread] DEBUG AppStateMachine      - LoadingState -> PlayState
17:08:52.877 [JavaFX Application Thread] FATAL GameApplication      - Uncaught Exception:

Fatal exception occurred: java.util.NoSuchElementException : No value present
E: com.almasb.fxgl.util.Optional.get(Optional.java:103)
E: com.dalphs.BreakoutApp.getBallControl(BreakoutApp.java:46)
E: com.dalphs.BreakoutApp.lambda$gameText$0(BreakoutApp.java:238)
E: javafx.graphics/javafx.animation.Animation.finished(Animation.java:1131)
E: javafx.graphics/javafx.animation.AnimationAccessorImpl.finished(AnimationAccessorImpl.java:49)
E: javafx.graphics/com.sun.scenario.animation.shared.SingleLoopClipEnvelope.timePulse(SingleLoopClipEnvelope.java:103)
E: javafx.graphics/javafx.animation.Animation.doTimePulse(Animation.java:1101)
E: javafx.graphics/javafx.animation.Animation$1.lambda$timePulse$0(Animation.java:186)
E: java.base/java.security.AccessController.doPrivileged(Native Method)
E: javafx.graphics/javafx.animation.Animation$1.timePulse(Animation.java:185)
E: javafx.graphics/com.sun.scenario.animation.AbstractMasterTimer.timePulseImpl(AbstractMasterTimer.java:344)
E: javafx.graphics/com.sun.scenario.animation.AbstractMasterTimer$MainLoop.run(AbstractMasterTimer.java:267)
E: javafx.graphics/com.sun.javafx.tk.quantum.QuantumToolkit.pulse(QuantumToolkit.java:514)
E: javafx.graphics/com.sun.javafx.tk.quantum.QuantumToolkit.pulse(QuantumToolkit.java:498)
E: javafx.graphics/com.sun.javafx.tk.quantum.QuantumToolkit.pulseFromQueue(QuantumToolkit.java:491)
E: javafx.graphics/com.sun.javafx.tk.quantum.QuantumToolkit.lambda$runToolkit$11(QuantumToolkit.java:319)
E: javafx.graphics/com.sun.glass.ui.InvokeLaterDispatcher$Future.run(InvokeLaterDispatcher.java:96)
E: javafx.graphics/com.sun.glass.ui.win.WinApplication._runLoop(Native Method)
E: javafx.graphics/com.sun.glass.ui.win.WinApplication.lambda$runLoop$3(WinApplication.java:175)
E: java.base/java.lang.Thread.run(Thread.java:844)

17:08:52.878 [JavaFX Application Thread] FATAL GameApplication      - Application will now exit
17:08:52.878 [JavaFX Application Thread] DEBUG GameApplication      - Stopping main loop
17:09:01.198 [JavaFX Application Thread] DEBUG GameScene            - Clearing game scene
17:09:01.199 [JavaFX Application Thread] DEBUG AssetLoader          - Loading from cache: /assets/text/levels/level1.txt
17:09:01.199 [JavaFX Application Thread] WARN  FXGL.TextLevelParser - No producer found for character: 0
17:09:01.199 [JavaFX Application Thread] WARN  FXGL.TextLevelParser - No producer found for character: 0
17:09:01.199 [JavaFX Application Thread] WARN  FXGL.TextLevelParser - No producer found for character: 0
17:09:01.199 [JavaFX Application Thread] WARN  FXGL.TextLevelParser - No producer found for character: 0
17:09:01.199 [JavaFX Application Thread] WARN  FXGL.TextLevelParser - No producer found for character: 0
17:09:01.200 [JavaFX Application Thread] WARN  FXGL.TextLevelParser - No producer found for character: 0
17:09:01.200 [JavaFX Application Thread] WARN  FXGL.TextLevelParser - No producer found for character: 0
17:09:01.200 [JavaFX Application Thread] WARN  FXGL.TextLevelParser - No producer found for character: 0
17:09:01.200 [JavaFX Application Thread] WARN  FXGL.TextLevelParser - No producer found for character: 0
17:09:01.200 [JavaFX Application Thread] WARN  FXGL.TextLevelParser - No producer found for character: 0
17:09:01.200 [JavaFX Application Thread] WARN  FXGL.TextLevelParser - No producer found for character: 0
17:09:01.200 [JavaFX Application Thread] WARN  FXGL.TextLevelParser - No producer found for character: 0
17:09:01.200 [JavaFX Application Thread] WARN  FXGL.TextLevelParser - No producer found for character: 0
17:09:01.200 [JavaFX Application Thread] WARN  FXGL.TextLevelParser - No producer found for character: 0
17:09:01.200 [JavaFX Application Thread] WARN  FXGL.TextLevelParser - No producer found for character: 0
17:09:01.200 [JavaFX Application Thread] WARN  FXGL.TextLevelParser - No producer found for character: 0
17:09:01.200 [JavaFX Application Thread] WARN  FXGL.TextLevelParser - No producer found for character: 0
17:09:01.200 [JavaFX Application Thread] WARN  FXGL.TextLevelParser - No producer found for character: 0
17:09:01.201 [JavaFX Application Thread] DEBUG AssetLoader          - Loading from cache: /assets/textures/brick1.png@50.0x24.0
17:09:01.201 [JavaFX Application Thread] WARN  FXGL.TextLevelParser - No producer found for character: 0
17:09:01.201 [JavaFX Application Thread] WARN  FXGL.TextLevelParser - No producer found for character: 0
17:09:01.201 [JavaFX Application Thread] WARN  FXGL.TextLevelParser - No producer found for character: 0
17:09:01.201 [JavaFX Application Thread] WARN  FXGL.TextLevelParser - No producer found for character: 0
17:09:01.201 [JavaFX Application Thread] WARN  FXGL.TextLevelParser - No producer found for character: 0
17:09:01.202 [JavaFX Application Thread] WARN  FXGL.TextLevelParser - No producer found for character: 0
17:09:01.202 [JavaFX Application Thread] WARN  FXGL.TextLevelParser - No producer found for character: 0
17:09:01.202 [JavaFX Application Thread] WARN  FXGL.TextLevelParser - No producer found for character: 0
17:09:01.202 [JavaFX Application Thread] WARN  FXGL.TextLevelParser - No producer found for character: 0
17:09:01.202 [JavaFX Application Thread] WARN  FXGL.TextLevelParser - No producer found for character: 0
17:09:01.202 [JavaFX Application Thread] WARN  FXGL.TextLevelParser - No producer found for character: 0
17:09:01.202 [JavaFX Application Thread] WARN  FXGL.TextLevelParser - No producer found for character: 0
17:09:01.202 [JavaFX Application Thread] WARN  FXGL.TextLevelParser - No producer found for character: 0
17:09:01.202 [JavaFX Application Thread] WARN  FXGL.TextLevelParser - No producer found for character: 0
17:09:01.202 [JavaFX Application Thread] WARN  FXGL.TextLevelParser - No producer found for character: 0
17:09:01.202 [JavaFX Application Thread] WARN  FXGL.TextLevelParser - No producer found for character: 0
17:09:01.202 [JavaFX Application Thread] DEBUG AssetLoader          - Loading from cache: /assets/textures/brick1.png@50.0x24.0
17:09:01.203 [JavaFX Application Thread] WARN  FXGL.TextLevelParser - No producer found for character: 0
17:09:01.203 [JavaFX Application Thread] DEBUG AssetLoader          - Loading from cache: /assets/textures/brick1.png@50.0x24.0
17:09:01.203 [JavaFX Application Thread] WARN  FXGL.TextLevelParser - No producer found for character: 0
17:09:01.203 [JavaFX Application Thread] WARN  FXGL.TextLevelParser - No producer found for character: 0
17:09:01.203 [JavaFX Application Thread] WARN  FXGL.TextLevelParser - No producer found for character: 0
17:09:01.203 [JavaFX Application Thread] WARN  FXGL.TextLevelParser - No producer found for character: 0
17:09:01.204 [JavaFX Application Thread] WARN  FXGL.TextLevelParser - No producer found for character: 0
17:09:01.204 [JavaFX Application Thread] WARN  FXGL.TextLevelParser - No producer found for character: 0
17:09:01.204 [JavaFX Application Thread] DEBUG AssetLoader          - Loading from cache: /assets/textures/brick1.png@50.0x24.0
17:09:01.204 [JavaFX Application Thread] DEBUG AssetLoader          - Loading from cache: /assets/textures/brick1.png@50.0x24.0
17:09:01.205 [JavaFX Application Thread] WARN  FXGL.TextLevelParser - No producer found for character: 0
17:09:01.205 [JavaFX Application Thread] WARN  FXGL.TextLevelParser - No producer found for character: 0
17:09:01.205 [JavaFX Application Thread] WARN  FXGL.TextLevelParser - No producer found for character: 0
17:09:01.205 [JavaFX Application Thread] WARN  FXGL.TextLevelParser - No producer found for character: 0
17:09:01.205 [JavaFX Application Thread] WARN  FXGL.TextLevelParser - No producer found for character: 0
17:09:01.205 [JavaFX Application Thread] WARN  FXGL.TextLevelParser - No producer found for character: 0
17:09:01.205 [JavaFX Application Thread] DEBUG AssetLoader          - Loading from cache: /assets/textures/brick1.png@50.0x24.0
17:09:01.206 [JavaFX Application Thread] WARN  FXGL.TextLevelParser - No producer found for character: 0
17:09:01.206 [JavaFX Application Thread] WARN  FXGL.TextLevelParser - No producer found for character: 0
17:09:01.206 [JavaFX Application Thread] WARN  FXGL.TextLevelParser - No producer found for character: 0
17:09:01.207 [JavaFX Application Thread] DEBUG AssetLoader          - Loading from cache: /assets/textures/brick1.png@50.0x24.0
17:09:01.207 [JavaFX Application Thread] WARN  FXGL.TextLevelParser - No producer found for character: 0
17:09:01.207 [JavaFX Application Thread] WARN  FXGL.TextLevelParser - No producer found for character: 0
17:09:01.207 [JavaFX Application Thread] WARN  FXGL.TextLevelParser - No producer found for character: 0
17:09:01.207 [JavaFX Application Thread] WARN  FXGL.TextLevelParser - No producer found for character: 0
17:09:01.208 [JavaFX Application Thread] DEBUG AssetLoader          - Loading from cache: /assets/textures/brick1.png@50.0x24.0
17:09:01.208 [JavaFX Application Thread] DEBUG AssetLoader          - Loading from cache: /assets/textures/brick1.png@50.0x24.0
17:09:01.209 [JavaFX Application Thread] DEBUG AssetLoader          - Loading from cache: /assets/textures/brick1.png@50.0x24.0
17:09:01.209 [JavaFX Application Thread] DEBUG AssetLoader          - Loading from cache: /assets/textures/brick1.png@50.0x24.0
17:09:01.209 [JavaFX Application Thread] WARN  FXGL.TextLevelParser - No producer found for character: 0
17:09:01.209 [JavaFX Application Thread] WARN  FXGL.TextLevelParser - No producer found for character: 0
17:09:01.209 [JavaFX Application Thread] WARN  FXGL.TextLevelParser - No producer found for character: 0
17:09:01.210 [JavaFX Application Thread] WARN  FXGL.TextLevelParser - No producer found for character: 0
17:09:01.210 [JavaFX Application Thread] DEBUG AssetLoader          - Loading from cache: /assets/textures/brick1.png@50.0x24.0
17:09:01.210 [JavaFX Application Thread] WARN  FXGL.TextLevelParser - No producer found for character: 0
17:09:01.210 [JavaFX Application Thread] WARN  FXGL.TextLevelParser - No producer found for character: 0
17:09:01.210 [JavaFX Application Thread] WARN  FXGL.TextLevelParser - No producer found for character: 0
17:09:01.210 [JavaFX Application Thread] WARN  FXGL.TextLevelParser - No producer found for character: 0
17:09:01.210 [JavaFX Application Thread] WARN  FXGL.TextLevelParser - No producer found for character: 0
17:09:01.210 [JavaFX Application Thread] DEBUG AssetLoader          - Loading from cache: /assets/textures/brick1.png@50.0x24.0
17:09:01.211 [JavaFX Application Thread] WARN  FXGL.TextLevelParser - No producer found for character: 0
17:09:01.211 [JavaFX Application Thread] DEBUG AssetLoader          - Loading from cache: /assets/textures/brick1.png@50.0x24.0
17:09:01.211 [JavaFX Application Thread] DEBUG AssetLoader          - Loading from cache: /assets/textures/brick1.png@50.0x24.0
17:09:01.212 [JavaFX Application Thread] DEBUG AssetLoader          - Loading from cache: /assets/textures/brick1.png@50.0x24.0
17:09:01.213 [JavaFX Application Thread] DEBUG AssetLoader          - Loading from cache: /assets/textures/brick1.png@50.0x24.0
17:09:01.214 [JavaFX Application Thread] DEBUG AssetLoader          - Loading from cache: /assets/textures/brick1.png@50.0x24.0
17:09:01.214 [JavaFX Application Thread] DEBUG AssetLoader          - Loading from cache: /assets/textures/brick1.png@50.0x24.0
17:09:01.215 [JavaFX Application Thread] DEBUG AssetLoader          - Loading from cache: /assets/textures/brick1.png@50.0x24.0
17:09:01.216 [JavaFX Application Thread] DEBUG AssetLoader          - Loading from cache: /assets/textures/brick1.png@50.0x24.0
17:09:01.216 [JavaFX Application Thread] WARN  FXGL.TextLevelParser - No producer found for character: 0
17:09:01.216 [JavaFX Application Thread] DEBUG AssetLoader          - Loading from cache: /assets/textures/brick1.png@50.0x24.0
17:09:01.217 [JavaFX Application Thread] WARN  FXGL.TextLevelParser - No producer found for character: 0
17:09:01.217 [JavaFX Application Thread] WARN  FXGL.TextLevelParser - No producer found for character: 0
17:09:01.217 [JavaFX Application Thread] WARN  FXGL.TextLevelParser - No producer found for character: 0
17:09:01.217 [JavaFX Application Thread] WARN  FXGL.TextLevelParser - No producer found for character: 0
17:09:01.217 [JavaFX Application Thread] WARN  FXGL.TextLevelParser - No producer found for character: 0
17:09:01.217 [JavaFX Application Thread] WARN  FXGL.TextLevelParser - No producer found for character: 0
17:09:01.217 [JavaFX Application Thread] WARN  FXGL.TextLevelParser - No producer found for character: 0
17:09:01.217 [JavaFX Application Thread] DEBUG AssetLoader          - Loading from cache: /assets/textures/brick1.png@50.0x24.0
17:09:01.217 [JavaFX Application Thread] WARN  FXGL.TextLevelParser - No producer found for character: 0
17:09:01.217 [JavaFX Application Thread] WARN  FXGL.TextLevelParser - No producer found for character: 0
17:09:01.217 [JavaFX Application Thread] WARN  FXGL.TextLevelParser - No producer found for character: 0
17:09:01.218 [JavaFX Application Thread] WARN  FXGL.TextLevelParser - No producer found for character: 0
17:09:01.218 [JavaFX Application Thread] WARN  FXGL.TextLevelParser - No producer found for character: 0
17:09:01.218 [JavaFX Application Thread] WARN  FXGL.TextLevelParser - No producer found for character: 0
17:09:01.218 [JavaFX Application Thread] WARN  FXGL.TextLevelParser - No producer found for character: 0
17:09:01.218 [JavaFX Application Thread] WARN  FXGL.TextLevelParser - No producer found for character: 0
17:09:01.218 [JavaFX Application Thread] DEBUG AssetLoader          - Loading from cache: /assets/textures/brick1.png@50.0x24.0
17:09:01.218 [JavaFX Application Thread] WARN  FXGL.TextLevelParser - No producer found for character: 0
17:09:01.218 [JavaFX Application Thread] WARN  FXGL.TextLevelParser - No producer found for character: 0
17:09:01.218 [JavaFX Application Thread] WARN  FXGL.TextLevelParser - No producer found for character: 0
17:09:01.218 [JavaFX Application Thread] WARN  FXGL.TextLevelParser - No producer found for character: 0
17:09:01.219 [JavaFX Application Thread] WARN  FXGL.TextLevelParser - No producer found for character: 0
17:09:01.219 [JavaFX Application Thread] WARN  FXGL.TextLevelParser - No producer found for character: 0
17:09:01.219 [JavaFX Application Thread] WARN  FXGL.TextLevelParser - No producer found for character: 0
17:09:01.219 [JavaFX Application Thread] WARN  FXGL.TextLevelParser - No producer found for character: 0
17:09:01.219 [JavaFX Application Thread] WARN  FXGL.TextLevelParser - No producer found for character: 0
17:09:01.219 [JavaFX Application Thread] DEBUG AssetLoader          - Loading from cache: /assets/textures/brick1.png@50.0x24.0
17:09:01.219 [JavaFX Application Thread] DEBUG AssetLoader          - Loading from cache: /assets/textures/brick1.png@50.0x24.0
17:09:01.220 [JavaFX Application Thread] DEBUG AssetLoader          - Loading from cache: /assets/textures/brick1.png@50.0x24.0
17:09:01.220 [JavaFX Application Thread] DEBUG AssetLoader          - Loading from cache: /assets/textures/brick1.png@50.0x24.0
17:09:01.220 [JavaFX Application Thread] DEBUG AssetLoader          - Loading from cache: /assets/textures/brick1.png@50.0x24.0
17:09:01.221 [JavaFX Application Thread] DEBUG AssetLoader          - Loading from cache: /assets/textures/brick1.png@50.0x24.0
17:09:01.221 [JavaFX Application Thread] DEBUG AssetLoader          - Loading from cache: /assets/textures/brick1.png@50.0x24.0
17:09:01.222 [JavaFX Application Thread] DEBUG AssetLoader          - Loading from cache: /assets/textures/brick1.png@50.0x24.0
17:09:01.222 [JavaFX Application Thread] WARN  FXGL.TextLevelParser - No producer found for character: 0
17:09:01.223 [JavaFX Application Thread] WARN  FXGL.TextLevelParser - No producer found for character: 0
17:09:01.223 [JavaFX Application Thread] WARN  FXGL.TextLevelParser - No producer found for character: 0
17:09:01.223 [JavaFX Application Thread] WARN  FXGL.TextLevelParser - No producer found for character: 0
17:09:01.223 [JavaFX Application Thread] WARN  FXGL.TextLevelParser - No producer found for character: 0
17:09:01.223 [JavaFX Application Thread] WARN  FXGL.TextLevelParser - No producer found for character: 0
17:09:01.223 [JavaFX Application Thread] WARN  FXGL.TextLevelParser - No producer found for character: 0
17:09:01.223 [JavaFX Application Thread] WARN  FXGL.TextLevelParser - No producer found for character: 0
17:09:01.223 [JavaFX Application Thread] WARN  FXGL.TextLevelParser - No producer found for character: 0
17:09:01.223 [JavaFX Application Thread] WARN  FXGL.TextLevelParser - No producer found for character: 0
17:09:01.223 [JavaFX Application Thread] WARN  FXGL.TextLevelParser - No producer found for character: 0
17:09:01.223 [JavaFX Application Thread] WARN  FXGL.TextLevelParser - No producer found for character: 0
17:09:01.223 [JavaFX Application Thread] WARN  FXGL.TextLevelParser - No producer found for character: 0
17:09:01.224 [JavaFX Application Thread] WARN  FXGL.TextLevelParser - No producer found for character: 0
17:09:01.224 [JavaFX Application Thread] WARN  FXGL.TextLevelParser - No producer found for character: 0
17:09:01.224 [JavaFX Application Thread] WARN  FXGL.TextLevelParser - No producer found for character: 0
17:09:01.224 [JavaFX Application Thread] WARN  FXGL.TextLevelParser - No producer found for character: 0
17:09:01.224 [JavaFX Application Thread] WARN  FXGL.TextLevelParser - No producer found for character: 0
17:09:01.224 [JavaFX Application Thread] WARN  FXGL.TextLevelParser - No producer found for character: 0
17:09:01.224 [JavaFX Application Thread] WARN  FXGL.TextLevelParser - No producer found for character: 0
17:09:01.224 [JavaFX Application Thread] WARN  FXGL.TextLevelParser - No producer found for character: 0
17:09:01.224 [JavaFX Application Thread] WARN  FXGL.TextLevelParser - No producer found for character: 0
17:09:01.224 [JavaFX Application Thread] WARN  FXGL.TextLevelParser - No producer found for character: 0
17:09:01.224 [JavaFX Application Thread] WARN  FXGL.TextLevelParser - No producer found for character: 0
17:09:01.224 [JavaFX Application Thread] WARN  FXGL.TextLevelParser - No producer found for character: 0
17:09:01.224 [JavaFX Application Thread] WARN  FXGL.TextLevelParser - No producer found for character: 0
17:09:01.224 [JavaFX Application Thread] WARN  FXGL.TextLevelParser - No producer found for character: 0
17:09:01.224 [JavaFX Application Thread] WARN  FXGL.TextLevelParser - No producer found for character: 0
17:09:01.224 [JavaFX Application Thread] WARN  FXGL.TextLevelParser - No producer found for character: 0
17:09:01.224 [JavaFX Application Thread] WARN  FXGL.TextLevelParser - No producer found for character: 0
17:09:01.224 [JavaFX Application Thread] WARN  FXGL.TextLevelParser - No producer found for character: 0
17:09:01.224 [JavaFX Application Thread] WARN  FXGL.TextLevelParser - No producer found for character: 0
17:09:01.225 [JavaFX Application Thread] WARN  FXGL.TextLevelParser - No producer found for character: 0
17:09:01.225 [JavaFX Application Thread] WARN  FXGL.TextLevelParser - No producer found for character: 0
17:09:01.225 [JavaFX Application Thread] WARN  FXGL.TextLevelParser - No producer found for character: 0
17:09:01.225 [JavaFX Application Thread] WARN  FXGL.TextLevelParser - No producer found for character: 0
17:09:01.225 [JavaFX Application Thread] WARN  FXGL.TextLevelParser - No producer found for character: 0
17:09:01.225 [JavaFX Application Thread] WARN  FXGL.TextLevelParser - No producer found for character: 0
17:09:01.225 [JavaFX Application Thread] WARN  FXGL.TextLevelParser - No producer found for character: 0
17:09:01.225 [JavaFX Application Thread] WARN  FXGL.TextLevelParser - No producer found for character: 0
17:09:01.225 [JavaFX Application Thread] WARN  FXGL.TextLevelParser - No producer found for character: 0
17:09:01.225 [JavaFX Application Thread] WARN  FXGL.TextLevelParser - No producer found for character: 0
17:09:01.225 [JavaFX Application Thread] WARN  FXGL.TextLevelParser - No producer found for character: 0
17:09:01.225 [JavaFX Application Thread] WARN  FXGL.TextLevelParser - No producer found for character: 0
17:09:01.225 [JavaFX Application Thread] WARN  FXGL.TextLevelParser - No producer found for character: 0
17:09:01.225 [JavaFX Application Thread] WARN  FXGL.TextLevelParser - No producer found for character: 0
17:09:01.225 [JavaFX Application Thread] WARN  FXGL.TextLevelParser - No producer found for character: 0
17:09:01.225 [JavaFX Application Thread] WARN  FXGL.TextLevelParser - No producer found for character: 0
17:09:01.225 [JavaFX Application Thread] WARN  FXGL.TextLevelParser - No producer found for character: 0
17:09:01.226 [JavaFX Application Thread] WARN  FXGL.TextLevelParser - No producer found for character: 0
17:09:01.226 [JavaFX Application Thread] WARN  FXGL.TextLevelParser - No producer found for character: 0
17:09:01.226 [JavaFX Application Thread] WARN  FXGL.TextLevelParser - No producer found for character: 0
17:09:01.226 [JavaFX Application Thread] WARN  FXGL.TextLevelParser - No producer found for character: 0
17:09:01.226 [JavaFX Application Thread] WARN  FXGL.TextLevelParser - No producer found for character: 0
17:09:01.226 [JavaFX Application Thread] WARN  FXGL.TextLevelParser - No producer found for character: 0
17:09:01.226 [JavaFX Application Thread] WARN  FXGL.TextLevelParser - No producer found for character: 0
17:09:01.226 [JavaFX Application Thread] WARN  FXGL.TextLevelParser - No producer found for character: 0
17:09:01.226 [JavaFX Application Thread] WARN  FXGL.TextLevelParser - No producer found for character: 0
17:09:01.226 [JavaFX Application Thread] WARN  FXGL.TextLevelParser - No producer found for character: 0
17:09:01.226 [JavaFX Application Thread] WARN  FXGL.TextLevelParser - No producer found for character: 0
17:09:01.226 [JavaFX Application Thread] WARN  FXGL.TextLevelParser - No producer found for character: 0
17:09:01.226 [JavaFX Application Thread] WARN  FXGL.TextLevelParser - No producer found for character: 0
17:09:01.226 [JavaFX Application Thread] WARN  FXGL.TextLevelParser - No producer found for character: 0
17:09:01.226 [JavaFX Application Thread] WARN  FXGL.TextLevelParser - No producer found for character: 0
17:09:01.226 [JavaFX Application Thread] WARN  FXGL.TextLevelParser - No producer found for character: 0
17:09:01.227 [JavaFX Application Thread] WARN  FXGL.TextLevelParser - No producer found for character: 0
17:09:01.227 [JavaFX Application Thread] WARN  FXGL.TextLevelParser - No producer found for character: 0
17:09:01.227 [JavaFX Application Thread] WARN  FXGL.TextLevelParser - No producer found for character: 0
17:09:01.227 [JavaFX Application Thread] WARN  FXGL.TextLevelParser - No producer found for character: 0
17:09:01.227 [JavaFX Application Thread] WARN  FXGL.TextLevelParser - No producer found for character: 0
17:09:01.227 [JavaFX Application Thread] WARN  FXGL.TextLevelParser - No producer found for character: 0
17:09:01.227 [JavaFX Application Thread] WARN  FXGL.TextLevelParser - No producer found for character: 0
17:09:01.227 [JavaFX Application Thread] WARN  FXGL.TextLevelParser - No producer found for character: 0
17:09:01.227 [JavaFX Application Thread] WARN  FXGL.TextLevelParser - No producer found for character: 0
17:09:01.227 [JavaFX Application Thread] WARN  FXGL.TextLevelParser - No producer found for character: 0
17:09:01.227 [JavaFX Application Thread] WARN  FXGL.TextLevelParser - No producer found for character: 0
17:09:01.227 [JavaFX Application Thread] WARN  FXGL.TextLevelParser - No producer found for character: 0
17:09:01.227 [JavaFX Application Thread] WARN  FXGL.TextLevelParser - No producer found for character: 0
17:09:01.227 [JavaFX Application Thread] WARN  FXGL.TextLevelParser - No producer found for character: 0
17:09:01.227 [JavaFX Application Thread] WARN  FXGL.TextLevelParser - No producer found for character: 0
17:09:01.227 [JavaFX Application Thread] WARN  FXGL.TextLevelParser - No producer found for character: 0
17:09:01.227 [JavaFX Application Thread] WARN  FXGL.TextLevelParser - No producer found for character: 0
17:09:01.227 [JavaFX Application Thread] WARN  FXGL.TextLevelParser - No producer found for character: 0
17:09:01.227 [JavaFX Application Thread] WARN  FXGL.TextLevelParser - No producer found for character: 0
17:09:01.228 [JavaFX Application Thread] WARN  FXGL.TextLevelParser - No producer found for character: 0
17:09:01.228 [JavaFX Application Thread] WARN  FXGL.TextLevelParser - No producer found for character: 0
17:09:01.228 [JavaFX Application Thread] WARN  FXGL.TextLevelParser - No producer found for character: 0
17:09:01.228 [JavaFX Application Thread] WARN  FXGL.TextLevelParser - No producer found for character: 0
17:09:01.228 [JavaFX Application Thread] WARN  FXGL.TextLevelParser - No producer found for character: 0
17:09:01.228 [JavaFX Application Thread] WARN  FXGL.TextLevelParser - No producer found for character: 0
17:09:01.228 [JavaFX Application Thread] WARN  FXGL.TextLevelParser - No producer found for character: 0
17:09:01.228 [JavaFX Application Thread] WARN  FXGL.TextLevelParser - No producer found for character: 0
17:09:01.228 [JavaFX Application Thread] WARN  FXGL.TextLevelParser - No producer found for character: 0
17:09:01.228 [JavaFX Application Thread] WARN  FXGL.TextLevelParser - No producer found for character: 0
17:09:01.228 [JavaFX Application Thread] WARN  FXGL.TextLevelParser - No producer found for character: 0
17:09:01.228 [JavaFX Application Thread] WARN  FXGL.TextLevelParser - No producer found for character: 0
17:09:01.228 [JavaFX Application Thread] WARN  FXGL.TextLevelParser - No producer found for character: 0
17:09:01.228 [JavaFX Application Thread] WARN  FXGL.TextLevelParser - No producer found for character: 0
17:09:01.228 [JavaFX Application Thread] WARN  FXGL.TextLevelParser - No producer found for character: 0
17:09:01.228 [JavaFX Application Thread] WARN  FXGL.TextLevelParser - No producer found for character: 0
17:09:01.228 [JavaFX Application Thread] WARN  FXGL.TextLevelParser - No producer found for character: 0
17:09:01.229 [JavaFX Application Thread] WARN  FXGL.TextLevelParser - No producer found for character: 0
17:09:01.229 [JavaFX Application Thread] WARN  FXGL.TextLevelParser - No producer found for character: 0
17:09:01.229 [JavaFX Application Thread] WARN  FXGL.TextLevelParser - No producer found for character: 0
17:09:01.233 [JavaFX Application Thread] WARN  FXGL.TextLevelParser - No producer found for character: 0
17:09:01.233 [JavaFX Application Thread] WARN  FXGL.TextLevelParser - No producer found for character: 0
17:09:01.233 [JavaFX Application Thread] WARN  FXGL.TextLevelParser - No producer found for character: 0
17:09:01.233 [JavaFX Application Thread] WARN  FXGL.TextLevelParser - No producer found for character: 0
17:09:01.233 [JavaFX Application Thread] WARN  FXGL.TextLevelParser - No producer found for character: 0
17:09:01.233 [JavaFX Application Thread] WARN  FXGL.TextLevelParser - No producer found for character: 0
17:09:01.233 [JavaFX Application Thread] WARN  FXGL.TextLevelParser - No producer found for character: 0
17:09:01.233 [JavaFX Application Thread] WARN  FXGL.TextLevelParser - No producer found for character: 0
17:09:01.233 [JavaFX Application Thread] WARN  FXGL.TextLevelParser - No producer found for character: 0
17:09:01.233 [JavaFX Application Thread] WARN  FXGL.TextLevelParser - No producer found for character: 0
17:09:01.234 [JavaFX Application Thread] WARN  FXGL.TextLevelParser - No producer found for character: 0
17:09:01.234 [JavaFX Application Thread] WARN  FXGL.TextLevelParser - No producer found for character: 0
17:09:01.234 [JavaFX Application Thread] WARN  FXGL.TextLevelParser - No producer found for character: 0
17:09:01.234 [JavaFX Application Thread] WARN  FXGL.TextLevelParser - No producer found for character: 0
17:09:01.234 [JavaFX Application Thread] WARN  FXGL.TextLevelParser - No producer found for character: 0
17:09:01.234 [JavaFX Application Thread] WARN  FXGL.TextLevelParser - No producer found for character: 0
17:09:01.234 [JavaFX Application Thread] WARN  FXGL.TextLevelParser - No producer found for character: 0
17:09:01.234 [JavaFX Application Thread] WARN  FXGL.TextLevelParser - No producer found for character: 0
17:09:01.234 [JavaFX Application Thread] WARN  FXGL.TextLevelParser - No producer found for character: 0
17:09:01.234 [JavaFX Application Thread] WARN  FXGL.TextLevelParser - No producer found for character: 0
17:09:01.234 [JavaFX Application Thread] WARN  FXGL.TextLevelParser - No producer found for character: 0
17:09:01.234 [JavaFX Application Thread] WARN  FXGL.TextLevelParser - No producer found for character: 0
17:09:01.234 [JavaFX Application Thread] WARN  FXGL.TextLevelParser - No producer found for character: 0
17:09:01.234 [JavaFX Application Thread] WARN  FXGL.TextLevelParser - No producer found for character: 0
17:09:01.234 [JavaFX Application Thread] WARN  FXGL.TextLevelParser - No producer found for character: 0
17:09:01.234 [JavaFX Application Thread] WARN  FXGL.TextLevelParser - No producer found for character: 0
17:09:01.234 [JavaFX Application Thread] WARN  FXGL.TextLevelParser - No producer found for character: 0
17:09:01.234 [JavaFX Application Thread] WARN  FXGL.TextLevelParser - No producer found for character: 0
17:09:01.234 [JavaFX Application Thread] WARN  FXGL.TextLevelParser - No producer found for character: 0
17:09:01.234 [JavaFX Application Thread] WARN  FXGL.TextLevelParser - No producer found for character: 0
17:09:01.234 [JavaFX Application Thread] WARN  FXGL.TextLevelParser - No producer found for character: 0
17:09:01.234 [JavaFX Application Thread] WARN  FXGL.TextLevelParser - No producer found for character: 0
17:09:01.234 [JavaFX Application Thread] WARN  FXGL.TextLevelParser - No producer found for character: 0
17:09:01.235 [JavaFX Application Thread] WARN  FXGL.TextLevelParser - No producer found for character: 0
17:09:01.235 [JavaFX Application Thread] WARN  FXGL.TextLevelParser - No producer found for character: 0
17:09:01.235 [JavaFX Application Thread] WARN  FXGL.TextLevelParser - No producer found for character: 0
17:09:01.235 [JavaFX Application Thread] WARN  FXGL.TextLevelParser - No producer found for character: 0
17:09:01.235 [JavaFX Application Thread] WARN  FXGL.TextLevelParser - No producer found for character: 0
17:09:01.235 [JavaFX Application Thread] WARN  FXGL.TextLevelParser - No producer found for character: 0
17:09:01.238 [JavaFX Application Thread] WARN  FXGL.TextLevelParser - No producer found for character: 0
17:09:01.238 [JavaFX Application Thread] WARN  FXGL.TextLevelParser - No producer found for character: 0
17:09:01.238 [JavaFX Application Thread] WARN  FXGL.TextLevelParser - No producer found for character: 0
17:09:01.238 [JavaFX Application Thread] WARN  FXGL.TextLevelParser - No producer found for character: 0
17:09:01.238 [JavaFX Application Thread] WARN  FXGL.TextLevelParser - No producer found for character: 0
17:09:01.238 [JavaFX Application Thread] WARN  FXGL.TextLevelParser - No producer found for character: 0
17:09:01.238 [JavaFX Application Thread] WARN  FXGL.TextLevelParser - No producer found for character: 0
17:09:01.238 [JavaFX Application Thread] WARN  FXGL.TextLevelParser - No producer found for character: 0
17:09:01.238 [JavaFX Application Thread] WARN  FXGL.TextLevelParser - No producer found for character: 0
17:09:01.238 [JavaFX Application Thread] WARN  FXGL.TextLevelParser - No producer found for character: 0
17:09:01.238 [JavaFX Application Thread] WARN  FXGL.TextLevelParser - No producer found for character: 0
17:09:01.238 [JavaFX Application Thread] WARN  FXGL.TextLevelParser - No producer found for character: 0
17:09:01.238 [JavaFX Application Thread] WARN  FXGL.TextLevelParser - No producer found for character: 0
17:09:01.238 [JavaFX Application Thread] WARN  FXGL.TextLevelParser - No producer found for character: 0
17:09:01.239 [JavaFX Application Thread] DEBUG AssetLoader          - Loading from cache: /assets/textures/bar.png
17:09:01.239 [JavaFX Application Thread] WARN  FXGL.TextLevelParser - No producer found for character: 0
17:09:01.239 [JavaFX Application Thread] WARN  FXGL.TextLevelParser - No producer found for character: 0
17:09:01.239 [JavaFX Application Thread] WARN  FXGL.TextLevelParser - No producer found for character: 0
17:09:01.239 [JavaFX Application Thread] WARN  FXGL.TextLevelParser - No producer found for character: 0
17:09:01.239 [JavaFX Application Thread] WARN  FXGL.TextLevelParser - No producer found for character: 0
17:09:01.239 [JavaFX Application Thread] WARN  FXGL.TextLevelParser - No producer found for character: 0
17:09:01.239 [JavaFX Application Thread] WARN  FXGL.TextLevelParser - No producer found for character: 0
17:09:01.240 [JavaFX Application Thread] WARN  FXGL.TextLevelParser - No producer found for character: 0
17:09:01.240 [JavaFX Application Thread] WARN  FXGL.TextLevelParser - No producer found for character: 0
17:09:01.240 [JavaFX Application Thread] WARN  FXGL.TextLevelParser - No producer found for character: 0
17:09:01.240 [JavaFX Application Thread] WARN  FXGL.TextLevelParser - No producer found for character: 0
17:09:01.240 [JavaFX Application Thread] WARN  FXGL.TextLevelParser - No producer found for character: 0
17:09:01.240 [JavaFX Application Thread] WARN  FXGL.TextLevelParser - No producer found for character: 0
17:09:01.240 [JavaFX Application Thread] WARN  FXGL.TextLevelParser - No producer found for character: 0
17:09:01.240 [JavaFX Application Thread] WARN  FXGL.TextLevelParser - No producer found for character: 0
17:09:01.240 [JavaFX Application Thread] WARN  FXGL.TextLevelParser - No producer found for character: 0
17:09:01.240 [JavaFX Application Thread] WARN  FXGL.TextLevelParser - No producer found for character: 0
17:09:01.240 [JavaFX Application Thread] WARN  FXGL.TextLevelParser - No producer found for character: 0
17:09:01.240 [JavaFX Application Thread] WARN  FXGL.TextLevelParser - No producer found for character: 0
17:09:01.240 [JavaFX Application Thread] WARN  FXGL.TextLevelParser - No producer found for character: 0
17:09:01.240 [JavaFX Application Thread] WARN  FXGL.TextLevelParser - No producer found for character: 0
17:09:01.240 [JavaFX Application Thread] WARN  FXGL.TextLevelParser - No producer found for character: 0
17:09:01.240 [JavaFX Application Thread] WARN  FXGL.TextLevelParser - No producer found for character: 0
17:09:01.240 [JavaFX Application Thread] WARN  FXGL.TextLevelParser - No producer found for character: 0
17:09:01.240 [JavaFX Application Thread] WARN  FXGL.TextLevelParser - No producer found for character: 0
17:09:01.240 [JavaFX Application Thread] WARN  FXGL.TextLevelParser - No producer found for character: 0
17:09:01.240 [JavaFX Application Thread] WARN  FXGL.TextLevelParser - No producer found for character: 0
17:09:01.240 [JavaFX Application Thread] WARN  FXGL.TextLevelParser - No producer found for character: 0
17:09:01.240 [JavaFX Application Thread] WARN  FXGL.TextLevelParser - No producer found for character: 0
17:09:01.240 [JavaFX Application Thread] WARN  FXGL.TextLevelParser - No producer found for character: 0
17:09:01.240 [JavaFX Application Thread] WARN  FXGL.TextLevelParser - No producer found for character: 0
17:09:01.240 [JavaFX Application Thread] WARN  FXGL.TextLevelParser - No producer found for character: 0
17:09:01.240 [JavaFX Application Thread] WARN  FXGL.TextLevelParser - No producer found for character: 0
17:09:01.240 [JavaFX Application Thread] WARN  FXGL.TextLevelParser - No producer found for character: 0
17:09:01.241 [JavaFX Application Thread] WARN  FXGL.TextLevelParser - No producer found for character: 0
17:09:01.241 [JavaFX Application Thread] WARN  FXGL.TextLevelParser - No producer found for character: 0
17:09:01.241 [JavaFX Application Thread] WARN  FXGL.TextLevelParser - No producer found for character: 0
17:09:01.241 [JavaFX Application Thread] WARN  FXGL.TextLevelParser - No producer found for character: 0
17:09:01.241 [JavaFX Application Thread] WARN  FXGL.TextLevelParser - No producer found for character: 0
17:09:01.241 [JavaFX Application Thread] WARN  FXGL.TextLevelParser - No producer found for character: 0
17:09:01.241 [JavaFX Application Thread] WARN  FXGL.TextLevelParser - No producer found for character: 0
17:09:01.241 [JavaFX Application Thread] WARN  FXGL.TextLevelParser - No producer found for character: 0
17:09:01.241 [JavaFX Application Thread] WARN  FXGL.TextLevelParser - No producer found for character: 0
17:09:01.241 [JavaFX Application Thread] WARN  FXGL.TextLevelParser - No producer found for character: 0
17:09:01.241 [JavaFX Application Thread] DEBUG AssetLoader          - Loading from cache: /assets/textures/fire.png@100.0x80.0
17:09:01.242 [JavaFX Application Thread] WARN  FXGL.TextLevelParser - No producer found for character: 0
17:09:01.242 [JavaFX Application Thread] DEBUG AssetLoader          - Loading from cache: /assets/textures/fire.png@100.0x80.0
17:09:01.242 [JavaFX Application Thread] WARN  FXGL.TextLevelParser - No producer found for character: 0
17:09:01.243 [JavaFX Application Thread] DEBUG AssetLoader          - Loading from cache: /assets/textures/fire.png@100.0x80.0
17:09:01.243 [JavaFX Application Thread] WARN  FXGL.TextLevelParser - No producer found for character: 0
17:09:01.243 [JavaFX Application Thread] DEBUG AssetLoader          - Loading from cache: /assets/textures/fire.png@100.0x80.0
17:09:01.243 [JavaFX Application Thread] WARN  FXGL.TextLevelParser - No producer found for character: 0
17:09:01.243 [JavaFX Application Thread] DEBUG AssetLoader          - Loading from cache: /assets/textures/fire.png@100.0x80.0
17:09:01.244 [JavaFX Application Thread] WARN  FXGL.TextLevelParser - No producer found for character: 0
17:09:01.244 [JavaFX Application Thread] DEBUG AssetLoader          - Loading from cache: /assets/textures/fire.png@100.0x80.0
17:09:01.244 [JavaFX Application Thread] WARN  FXGL.TextLevelParser - No producer found for character: 0
17:09:01.245 [JavaFX Application Thread] DEBUG AssetLoader          - Loading from cache: /assets/textures/fire.png@100.0x80.0
17:09:01.245 [JavaFX Application Thread] WARN  FXGL.TextLevelParser - No producer found for character: 0
17:09:01.245 [JavaFX Application Thread] DEBUG AssetLoader          - Loading from cache: /assets/textures/fire.png@100.0x80.0
17:09:01.246 [JavaFX Application Thread] WARN  FXGL.TextLevelParser - No producer found for character: 0
17:09:01.246 [JavaFX Application Thread] DEBUG AssetLoader          - Loading from cache: /assets/textures/fire.png@100.0x80.0
17:09:01.246 [JavaFX Application Thread] WARN  FXGL.TextLevelParser - No producer found for character: 0
17:09:01.246 [JavaFX Application Thread] DEBUG GameWorld            - Clearing removable entities
17:09:01.246 [JavaFX Application Thread] DEBUG GameScene            - Creating render group for layer: DEFAULT(100000)
17:09:01.249 [JavaFX Application Thread] DEBUG GameWorld            - Setting level: com.almasb.fxgl.entity.Level@1227dab6
17:09:01.256 [JavaFX Application Thread] DEBUG GameScene            - Creating render group for layer: BACKGROUND(1000)
17:09:09.603 [JavaFX Application Thread] DEBUG GameApplication      - Exiting game application
17:09:09.604 [JavaFX Application Thread] DEBUG GameApplication      - Shutting down background threads
17:09:09.604 [JavaFX Application Thread] DEBUG GameApplication      - Exiting FXGL
17:09:09.605 [JavaFX Application Thread] DEBUG FXGL                 - Saving FXGL system data
17:09:09.608 [JavaFX Application Thread] DEBUG FS                   - Writing to: system\fxgl.bundle
17:09:09.612 [JavaFX Application Thread] DEBUG GameApplication      - Closing logger and exiting JavaFX
