12:41:28.054 [JavaFX Application Thread] DEBUG GameApplication      - Logger initialized
12:41:28.068 [JavaFX Application Thread] DEBUG GameApplication      - Logging settings
Title: Breakout
Version: 0.1
Width: 800
Height: 600
Fullscreen: false
Intro: false
Menus: false
Profiling: false
Single step:false
App Mode: DEVELOPER
Menu Key: ESCAPE
Stage Style: DECORATED
Scene Factory: class com.almasb.fxgl.scene.SceneFactory
Dialog Factory: class com.almasb.fxgl.ui.FXGLDialogFactory
UI Factory: class com.almasb.fxgl.ui.FXGLUIFactory
Notification Service: class com.almasb.fxgl.gameplay.notification.XboxNotificationView
Exception Handler: class com.almasb.fxgl.app.FXGLExceptionHandler
12:41:28.069 [JavaFX Application Thread] DEBUG GameApplication      - Starting FXGL
12:41:28.080 [JavaFX Application Thread] INFO  FXGL                 - FXGL-0.5.4 on DESKTOP
12:41:28.081 [JavaFX Application Thread] INFO  FXGL                 - Source code and latest versions at: https://github.com/AlmasB/FXGL
12:41:28.081 [JavaFX Application Thread] INFO  FXGL                 -              Join the FXGL chat at: https://gitter.im/AlmasB/FXGL
12:41:28.081 [JavaFX Application Thread] DEBUG FXGL                 - FXGL started
12:41:28.082 [JavaFX Application Thread] DEBUG FXGL                 - Initializing FXGL
12:41:28.121 [JavaFX Application Thread] DEBUG AssetLoader          - Loading from disk: /assets/ui/cursors/fxgl_default.png
12:41:28.198 [JavaFX Application Thread] DEBUG AssetLoader          - Loading from disk: /assets/ui/fonts/VarelaRound-Regular.ttf
12:41:28.432 [JavaFX Application Thread] DEBUG MainWindow           - Creating a JavaFX scene
12:41:28.458 [JavaFX Application Thread] DEBUG MainWindow           - Target settings size: 800.0 x 600.0
12:41:28.458 [JavaFX Application Thread] DEBUG MainWindow           - Scaled scene size:    800.0 x 600.0
12:41:28.459 [JavaFX Application Thread] DEBUG MainWindow           - Scaled ratio: (1.0, 1.0)
12:41:28.461 [JavaFX Application Thread] DEBUG AssetLoader          - Loading from disk: /assets/ui/css/fxgl_dark.css
12:41:28.464 [JavaFX Application Thread] DEBUG AssetLoader          - Loading from disk: /assets/textures/fxgl_icon.png
12:41:28.483 [JavaFX Application Thread] DEBUG MainWindow           - Opening main window
12:41:28.612 [JavaFX Application Thread] DEBUG MainWindow           - Window border size: (14.4000244140625, 37.5999755859375)
12:41:28.612 [JavaFX Application Thread] DEBUG MainWindow           - Scaled size: 800.0 x 600.0
12:41:28.612 [JavaFX Application Thread] DEBUG MainWindow           - Scaled ratio: (1.0, 1.0)
12:41:28.612 [JavaFX Application Thread] DEBUG MainWindow           - Scene size: 800.0 x 600.0
12:41:28.613 [JavaFX Application Thread] DEBUG MainWindow           - Stage size: 814.4000244140625 x 637.5999755859375
12:41:28.687 [ForkJoinPool.commonPool-worker-9] DEBUG FS                   - Loaded DesktopFSService
12:41:28.688 [ForkJoinPool.commonPool-worker-9] DEBUG FXGL                 - Loading FXGL system data
12:41:28.695 [ForkJoinPool.commonPool-worker-9] DEBUG DesktopFSService     - Reading from: system\fxgl.bundle
12:41:28.709 [ForkJoinPool.commonPool-worker-9] DEBUG Bundle               - Logging bundle: FXGL
12:41:28.710 [ForkJoinPool.commonPool-worker-9] DEBUG Bundle               - FXGL.offline.timer.version.check=2019-01-24T08:55:57.713219300
12:41:28.711 [ForkJoinPool.commonPool-worker-9] DEBUG FXGL                 - Initializing state machine and application states
12:41:28.713 [ForkJoinPool.commonPool-worker-9] DEBUG AssetLoader          - Loading from disk: /assets/ui/cursors/fxgl_default.png
12:41:28.724 [ForkJoinPool.commonPool-worker-9] DEBUG AssetLoader          - Loading from disk: /assets/ui/cursors/fxgl_default.png
12:41:28.733 [ForkJoinPool.commonPool-worker-9] DEBUG AssetLoader          - Loading from cache: /assets/ui/fonts/VarelaRound-Regular.ttf
12:41:28.737 [ForkJoinPool.commonPool-worker-9] DEBUG AssetLoader          - Loading from disk: /assets/ui/cursors/fxgl_default.png
12:41:28.741 [ForkJoinPool.commonPool-worker-9] DEBUG GameScene            - Game scene initialized: 800x600
12:41:28.749 [ForkJoinPool.commonPool-worker-9] DEBUG GameWorld            - Game world initialized
12:41:28.835 [ForkJoinPool.commonPool-worker-9] DEBUG PhysicsWorld         - Physics world initialized: appHeight=600, physics.ppm=50,0
12:41:28.858 [ForkJoinPool.commonPool-worker-9] DEBUG Input                - Registered new binding: Pause - Esc
12:41:28.907 [JavaFX Application Thread] DEBUG FXGL                 - Running preInit()
12:41:28.909 [JavaFX Application Thread] DEBUG Input                - Registered new binding: Screenshot - P
12:41:28.909 [JavaFX Application Thread] DEBUG Input                - Registered new binding: Dev Options - CTRL+0
12:41:28.910 [JavaFX Application Thread] DEBUG Input                - Registered new binding: System info dump - CTRL+9
12:41:28.910 [JavaFX Application Thread] DEBUG Input                - Registered new binding: Restart - CTRL+R
12:41:28.910 [JavaFX Application Thread] DEBUG Input                - Registered new binding: Move Left - A
12:41:28.911 [JavaFX Application Thread] DEBUG Input                - Registered new binding: Move Right - D
12:41:28.911 [JavaFX Application Thread] INFO  FXGL                 - FXGL initialization took: 0,829 sec
12:41:28.912 [JavaFX Application Thread] DEBUG LoopRunner           - Starting loop
12:41:28.914 [JavaFX Application Thread] DEBUG StartupState         - STARTUP
12:41:28.914 [JavaFX Application Thread] DEBUG GameApplication      - Starting new game
12:41:28.914 [JavaFX Application Thread] DEBUG Input                - Clearing active input actions
12:41:28.916 [JavaFX Application Thread] DEBUG AssetLoader          - Loading from disk: /assets/ui/css/fxgl_dark.css
12:41:28.924 [JavaFX Application Thread] DEBUG AppStateMachine      - StartupState -> LoadingState
12:41:28.930 [FXGL Background Thread 1 ] DEBUG InitAppTask          - Clearing previous game
12:41:28.930 [FXGL Background Thread 1 ] DEBUG GameWorld            - Clearing game world
12:41:28.931 [FXGL Background Thread 1 ] DEBUG PhysicsWorld         - Clearing physics world
12:41:28.931 [FXGL Background Thread 1 ] DEBUG GameScene            - Clearing game scene
12:41:28.932 [FXGL Background Thread 1 ] DEBUG InitAppTask          - Initializing Game
12:41:28.952 [FXGL Background Thread 1 ] DEBUG AssetLoader          - Loading from disk: /assets/text/levels/bricksballbar.txt
12:41:28.961 [FXGL Background Thread 1 ] WARN  TextLevelParser      - No producer found for character: 0
12:41:28.961 [FXGL Background Thread 1 ] WARN  TextLevelParser      - No producer found for character: 0
12:41:28.961 [FXGL Background Thread 1 ] WARN  TextLevelParser      - No producer found for character: 0
12:41:28.962 [FXGL Background Thread 1 ] WARN  TextLevelParser      - No producer found for character: 0
12:41:28.962 [FXGL Background Thread 1 ] WARN  TextLevelParser      - No producer found for character: 0
12:41:28.962 [FXGL Background Thread 1 ] WARN  TextLevelParser      - No producer found for character: 0
12:41:28.962 [FXGL Background Thread 1 ] WARN  TextLevelParser      - No producer found for character: 0
12:41:28.962 [FXGL Background Thread 1 ] WARN  TextLevelParser      - No producer found for character: 0
12:41:28.963 [FXGL Background Thread 1 ] WARN  TextLevelParser      - No producer found for character: 0
12:41:28.963 [FXGL Background Thread 1 ] WARN  TextLevelParser      - No producer found for character: 0
12:41:28.963 [FXGL Background Thread 1 ] WARN  TextLevelParser      - No producer found for character: 0
12:41:28.963 [FXGL Background Thread 1 ] WARN  TextLevelParser      - No producer found for character: 0
12:41:28.963 [FXGL Background Thread 1 ] WARN  TextLevelParser      - No producer found for character: 0
12:41:28.963 [FXGL Background Thread 1 ] WARN  TextLevelParser      - No producer found for character: 0
12:41:28.964 [FXGL Background Thread 1 ] WARN  TextLevelParser      - No producer found for character: 0
12:41:28.964 [FXGL Background Thread 1 ] WARN  TextLevelParser      - No producer found for character: 0
12:41:28.964 [FXGL Background Thread 1 ] WARN  TextLevelParser      - No producer found for character: 0
12:41:28.964 [FXGL Background Thread 1 ] WARN  TextLevelParser      - No producer found for character: 0
12:41:28.964 [FXGL Background Thread 1 ] WARN  TextLevelParser      - No producer found for character: 0
12:41:28.988 [FXGL Background Thread 1 ] DEBUG AssetLoader          - Loading from disk: /assets/textures/brick1.png
12:41:28.998 [FXGL Background Thread 1 ] WARN  TextLevelParser      - No producer found for character: 0
12:41:28.999 [FXGL Background Thread 1 ] DEBUG AssetLoader          - Loading from cache: /assets/textures/brick1.png
12:41:29.000 [FXGL Background Thread 1 ] WARN  TextLevelParser      - No producer found for character: 0
12:41:29.001 [FXGL Background Thread 1 ] DEBUG AssetLoader          - Loading from cache: /assets/textures/brick1.png
12:41:29.001 [FXGL Background Thread 1 ] WARN  TextLevelParser      - No producer found for character: 0
12:41:29.001 [FXGL Background Thread 1 ] DEBUG AssetLoader          - Loading from cache: /assets/textures/brick1.png
12:41:29.002 [FXGL Background Thread 1 ] WARN  TextLevelParser      - No producer found for character: 0
12:41:29.003 [FXGL Background Thread 1 ] DEBUG AssetLoader          - Loading from cache: /assets/textures/brick1.png
12:41:29.004 [FXGL Background Thread 1 ] WARN  TextLevelParser      - No producer found for character: 0
12:41:29.005 [FXGL Background Thread 1 ] DEBUG AssetLoader          - Loading from cache: /assets/textures/brick1.png
12:41:29.006 [FXGL Background Thread 1 ] WARN  TextLevelParser      - No producer found for character: 0
12:41:29.006 [FXGL Background Thread 1 ] DEBUG AssetLoader          - Loading from cache: /assets/textures/brick1.png
12:41:29.007 [FXGL Background Thread 1 ] WARN  TextLevelParser      - No producer found for character: 0
12:41:29.008 [FXGL Background Thread 1 ] DEBUG AssetLoader          - Loading from cache: /assets/textures/brick1.png
12:41:29.009 [FXGL Background Thread 1 ] WARN  TextLevelParser      - No producer found for character: 0
12:41:29.009 [FXGL Background Thread 1 ] DEBUG AssetLoader          - Loading from cache: /assets/textures/brick1.png
12:41:29.010 [FXGL Background Thread 1 ] WARN  TextLevelParser      - No producer found for character: 0
12:41:29.011 [FXGL Background Thread 1 ] DEBUG AssetLoader          - Loading from cache: /assets/textures/brick1.png
12:41:29.012 [FXGL Background Thread 1 ] WARN  TextLevelParser      - No producer found for character: 0
12:41:29.012 [FXGL Background Thread 1 ] WARN  TextLevelParser      - No producer found for character: 0
12:41:29.012 [FXGL Background Thread 1 ] WARN  TextLevelParser      - No producer found for character: 0
12:41:29.012 [FXGL Background Thread 1 ] WARN  TextLevelParser      - No producer found for character: 0
12:41:29.012 [FXGL Background Thread 1 ] WARN  TextLevelParser      - No producer found for character: 0
12:41:29.013 [FXGL Background Thread 1 ] WARN  TextLevelParser      - No producer found for character: 0
12:41:29.013 [FXGL Background Thread 1 ] WARN  TextLevelParser      - No producer found for character: 0
12:41:29.013 [FXGL Background Thread 1 ] WARN  TextLevelParser      - No producer found for character: 0
12:41:29.013 [FXGL Background Thread 1 ] WARN  TextLevelParser      - No producer found for character: 0
12:41:29.013 [FXGL Background Thread 1 ] WARN  TextLevelParser      - No producer found for character: 0
12:41:29.013 [FXGL Background Thread 1 ] WARN  TextLevelParser      - No producer found for character: 0
12:41:29.013 [FXGL Background Thread 1 ] WARN  TextLevelParser      - No producer found for character: 0
12:41:29.014 [FXGL Background Thread 1 ] WARN  TextLevelParser      - No producer found for character: 0
12:41:29.014 [FXGL Background Thread 1 ] WARN  TextLevelParser      - No producer found for character: 0
12:41:29.014 [FXGL Background Thread 1 ] WARN  TextLevelParser      - No producer found for character: 0
12:41:29.014 [FXGL Background Thread 1 ] WARN  TextLevelParser      - No producer found for character: 0
12:41:29.014 [FXGL Background Thread 1 ] WARN  TextLevelParser      - No producer found for character: 0
12:41:29.014 [FXGL Background Thread 1 ] WARN  TextLevelParser      - No producer found for character: 0
12:41:29.014 [FXGL Background Thread 1 ] WARN  TextLevelParser      - No producer found for character: 0
12:41:29.014 [FXGL Background Thread 1 ] WARN  TextLevelParser      - No producer found for character: 0
12:41:29.014 [FXGL Background Thread 1 ] WARN  TextLevelParser      - No producer found for character: 0
12:41:29.015 [FXGL Background Thread 1 ] WARN  TextLevelParser      - No producer found for character: 0
12:41:29.015 [FXGL Background Thread 1 ] WARN  TextLevelParser      - No producer found for character: 0
12:41:29.015 [FXGL Background Thread 1 ] WARN  TextLevelParser      - No producer found for character: 0
12:41:29.015 [FXGL Background Thread 1 ] WARN  TextLevelParser      - No producer found for character: 0
12:41:29.015 [FXGL Background Thread 1 ] WARN  TextLevelParser      - No producer found for character: 0
12:41:29.015 [FXGL Background Thread 1 ] WARN  TextLevelParser      - No producer found for character: 0
12:41:29.016 [FXGL Background Thread 1 ] WARN  TextLevelParser      - No producer found for character: 0
12:41:29.016 [FXGL Background Thread 1 ] WARN  TextLevelParser      - No producer found for character: 0
12:41:29.016 [FXGL Background Thread 1 ] WARN  TextLevelParser      - No producer found for character: 0
12:41:29.016 [FXGL Background Thread 1 ] WARN  TextLevelParser      - No producer found for character: 0
12:41:29.016 [FXGL Background Thread 1 ] WARN  TextLevelParser      - No producer found for character: 0
12:41:29.016 [FXGL Background Thread 1 ] WARN  TextLevelParser      - No producer found for character: 0
12:41:29.016 [FXGL Background Thread 1 ] WARN  TextLevelParser      - No producer found for character: 0
12:41:29.017 [FXGL Background Thread 1 ] WARN  TextLevelParser      - No producer found for character: 0
12:41:29.017 [FXGL Background Thread 1 ] WARN  TextLevelParser      - No producer found for character: 0
12:41:29.017 [FXGL Background Thread 1 ] WARN  TextLevelParser      - No producer found for character: 0
12:41:29.017 [FXGL Background Thread 1 ] WARN  TextLevelParser      - No producer found for character: 0
12:41:29.017 [FXGL Background Thread 1 ] WARN  TextLevelParser      - No producer found for character: 0
12:41:29.017 [FXGL Background Thread 1 ] WARN  TextLevelParser      - No producer found for character: 0
12:41:29.018 [FXGL Background Thread 1 ] WARN  TextLevelParser      - No producer found for character: 0
12:41:29.018 [FXGL Background Thread 1 ] WARN  TextLevelParser      - No producer found for character: 0
12:41:29.018 [FXGL Background Thread 1 ] WARN  TextLevelParser      - No producer found for character: 0
12:41:29.018 [FXGL Background Thread 1 ] WARN  TextLevelParser      - No producer found for character: 0
12:41:29.018 [FXGL Background Thread 1 ] WARN  TextLevelParser      - No producer found for character: 0
12:41:29.018 [FXGL Background Thread 1 ] WARN  TextLevelParser      - No producer found for character: 0
12:41:29.018 [FXGL Background Thread 1 ] WARN  TextLevelParser      - No producer found for character: 0
12:41:29.019 [FXGL Background Thread 1 ] WARN  TextLevelParser      - No producer found for character: 0
12:41:29.019 [FXGL Background Thread 1 ] WARN  TextLevelParser      - No producer found for character: 0
12:41:29.019 [FXGL Background Thread 1 ] WARN  TextLevelParser      - No producer found for character: 0
12:41:29.019 [FXGL Background Thread 1 ] WARN  TextLevelParser      - No producer found for character: 0
12:41:29.019 [FXGL Background Thread 1 ] WARN  TextLevelParser      - No producer found for character: 0
12:41:29.019 [FXGL Background Thread 1 ] WARN  TextLevelParser      - No producer found for character: 0
12:41:29.019 [FXGL Background Thread 1 ] WARN  TextLevelParser      - No producer found for character: 0
12:41:29.020 [FXGL Background Thread 1 ] WARN  TextLevelParser      - No producer found for character: 0
12:41:29.020 [FXGL Background Thread 1 ] WARN  TextLevelParser      - No producer found for character: 0
12:41:29.020 [FXGL Background Thread 1 ] WARN  TextLevelParser      - No producer found for character: 0
12:41:29.020 [FXGL Background Thread 1 ] WARN  TextLevelParser      - No producer found for character: 0
12:41:29.020 [FXGL Background Thread 1 ] WARN  TextLevelParser      - No producer found for character: 0
12:41:29.020 [FXGL Background Thread 1 ] WARN  TextLevelParser      - No producer found for character: 0
12:41:29.020 [FXGL Background Thread 1 ] WARN  TextLevelParser      - No producer found for character: 0
12:41:29.020 [FXGL Background Thread 1 ] WARN  TextLevelParser      - No producer found for character: 0
12:41:29.021 [FXGL Background Thread 1 ] WARN  TextLevelParser      - No producer found for character: 0
12:41:29.021 [FXGL Background Thread 1 ] WARN  TextLevelParser      - No producer found for character: 0
12:41:29.021 [FXGL Background Thread 1 ] WARN  TextLevelParser      - No producer found for character: 0
12:41:29.021 [FXGL Background Thread 1 ] WARN  TextLevelParser      - No producer found for character: 0
12:41:29.021 [FXGL Background Thread 1 ] WARN  TextLevelParser      - No producer found for character: 0
12:41:29.021 [FXGL Background Thread 1 ] WARN  TextLevelParser      - No producer found for character: 0
12:41:29.021 [FXGL Background Thread 1 ] WARN  TextLevelParser      - No producer found for character: 0
12:41:29.021 [FXGL Background Thread 1 ] WARN  TextLevelParser      - No producer found for character: 0
12:41:29.021 [FXGL Background Thread 1 ] WARN  TextLevelParser      - No producer found for character: 0
12:41:29.022 [FXGL Background Thread 1 ] WARN  TextLevelParser      - No producer found for character: 0
12:41:29.022 [FXGL Background Thread 1 ] WARN  TextLevelParser      - No producer found for character: 0
12:41:29.022 [FXGL Background Thread 1 ] WARN  TextLevelParser      - No producer found for character: 0
12:41:29.022 [FXGL Background Thread 1 ] WARN  TextLevelParser      - No producer found for character: 0
12:41:29.022 [FXGL Background Thread 1 ] WARN  TextLevelParser      - No producer found for character: 0
12:41:29.022 [FXGL Background Thread 1 ] WARN  TextLevelParser      - No producer found for character: 0
12:41:29.022 [FXGL Background Thread 1 ] WARN  TextLevelParser      - No producer found for character: 0
12:41:29.022 [FXGL Background Thread 1 ] WARN  TextLevelParser      - No producer found for character: 0
12:41:29.022 [FXGL Background Thread 1 ] WARN  TextLevelParser      - No producer found for character: 0
12:41:29.023 [FXGL Background Thread 1 ] WARN  TextLevelParser      - No producer found for character: 0
12:41:29.023 [FXGL Background Thread 1 ] WARN  TextLevelParser      - No producer found for character: 0
12:41:29.023 [FXGL Background Thread 1 ] WARN  TextLevelParser      - No producer found for character: 0
12:41:29.023 [FXGL Background Thread 1 ] WARN  TextLevelParser      - No producer found for character: 0
12:41:29.023 [FXGL Background Thread 1 ] WARN  TextLevelParser      - No producer found for character: 0
12:41:29.028 [FXGL Background Thread 1 ] DEBUG AssetLoader          - Loading from disk: /assets/textures/Ball.png
12:41:29.030 [FXGL Background Thread 1 ] WARN  TextLevelParser      - No producer found for character: 0
12:41:29.030 [FXGL Background Thread 1 ] WARN  TextLevelParser      - No producer found for character: 0
12:41:29.031 [FXGL Background Thread 1 ] WARN  TextLevelParser      - No producer found for character: 0
12:41:29.031 [FXGL Background Thread 1 ] WARN  TextLevelParser      - No producer found for character: 0
12:41:29.031 [FXGL Background Thread 1 ] WARN  TextLevelParser      - No producer found for character: 0
12:41:29.031 [FXGL Background Thread 1 ] WARN  TextLevelParser      - No producer found for character: 0
12:41:29.031 [FXGL Background Thread 1 ] WARN  TextLevelParser      - No producer found for character: 0
12:41:29.031 [FXGL Background Thread 1 ] WARN  TextLevelParser      - No producer found for character: 0
12:41:29.031 [FXGL Background Thread 1 ] WARN  TextLevelParser      - No producer found for character: 0
12:41:29.031 [FXGL Background Thread 1 ] WARN  TextLevelParser      - No producer found for character: 0
12:41:29.031 [FXGL Background Thread 1 ] WARN  TextLevelParser      - No producer found for character: 0
12:41:29.032 [FXGL Background Thread 1 ] WARN  TextLevelParser      - No producer found for character: 0
12:41:29.032 [FXGL Background Thread 1 ] WARN  TextLevelParser      - No producer found for character: 0
12:41:29.032 [FXGL Background Thread 1 ] WARN  TextLevelParser      - No producer found for character: 0
12:41:29.032 [FXGL Background Thread 1 ] WARN  TextLevelParser      - No producer found for character: 0
12:41:29.032 [FXGL Background Thread 1 ] WARN  TextLevelParser      - No producer found for character: 0
12:41:29.032 [FXGL Background Thread 1 ] WARN  TextLevelParser      - No producer found for character: 0
12:41:29.032 [FXGL Background Thread 1 ] WARN  TextLevelParser      - No producer found for character: 0
12:41:29.032 [FXGL Background Thread 1 ] WARN  TextLevelParser      - No producer found for character: 0
12:41:29.033 [FXGL Background Thread 1 ] WARN  TextLevelParser      - No producer found for character: 0
12:41:29.033 [FXGL Background Thread 1 ] WARN  TextLevelParser      - No producer found for character: 0
12:41:29.033 [FXGL Background Thread 1 ] WARN  TextLevelParser      - No producer found for character: 0
12:41:29.033 [FXGL Background Thread 1 ] WARN  TextLevelParser      - No producer found for character: 0
12:41:29.033 [FXGL Background Thread 1 ] WARN  TextLevelParser      - No producer found for character: 0
12:41:29.033 [FXGL Background Thread 1 ] WARN  TextLevelParser      - No producer found for character: 0
12:41:29.033 [FXGL Background Thread 1 ] WARN  TextLevelParser      - No producer found for character: 0
12:41:29.033 [FXGL Background Thread 1 ] WARN  TextLevelParser      - No producer found for character: 0
12:41:29.033 [FXGL Background Thread 1 ] WARN  TextLevelParser      - No producer found for character: 0
12:41:29.034 [FXGL Background Thread 1 ] WARN  TextLevelParser      - No producer found for character: 0
12:41:29.034 [FXGL Background Thread 1 ] WARN  TextLevelParser      - No producer found for character: 0
12:41:29.034 [FXGL Background Thread 1 ] WARN  TextLevelParser      - No producer found for character: 0
12:41:29.034 [FXGL Background Thread 1 ] WARN  TextLevelParser      - No producer found for character: 0
12:41:29.034 [FXGL Background Thread 1 ] WARN  TextLevelParser      - No producer found for character: 0
12:41:29.034 [FXGL Background Thread 1 ] WARN  TextLevelParser      - No producer found for character: 0
12:41:29.034 [FXGL Background Thread 1 ] WARN  TextLevelParser      - No producer found for character: 0
12:41:29.034 [FXGL Background Thread 1 ] WARN  TextLevelParser      - No producer found for character: 0
12:41:29.034 [FXGL Background Thread 1 ] WARN  TextLevelParser      - No producer found for character: 0
12:41:29.035 [FXGL Background Thread 1 ] WARN  TextLevelParser      - No producer found for character: 0
12:41:29.035 [FXGL Background Thread 1 ] WARN  TextLevelParser      - No producer found for character: 0
12:41:29.035 [FXGL Background Thread 1 ] WARN  TextLevelParser      - No producer found for character: 0
12:41:29.035 [FXGL Background Thread 1 ] WARN  TextLevelParser      - No producer found for character: 0
12:41:29.035 [FXGL Background Thread 1 ] WARN  TextLevelParser      - No producer found for character: 0
12:41:29.035 [FXGL Background Thread 1 ] WARN  TextLevelParser      - No producer found for character: 0
12:41:29.035 [FXGL Background Thread 1 ] WARN  TextLevelParser      - No producer found for character: 0
12:41:29.035 [FXGL Background Thread 1 ] WARN  TextLevelParser      - No producer found for character: 0
12:41:29.035 [FXGL Background Thread 1 ] WARN  TextLevelParser      - No producer found for character: 0
12:41:29.036 [FXGL Background Thread 1 ] WARN  TextLevelParser      - No producer found for character: 0
12:41:29.036 [FXGL Background Thread 1 ] WARN  TextLevelParser      - No producer found for character: 0
12:41:29.036 [FXGL Background Thread 1 ] WARN  TextLevelParser      - No producer found for character: 0
12:41:29.036 [FXGL Background Thread 1 ] WARN  TextLevelParser      - No producer found for character: 0
12:41:29.036 [FXGL Background Thread 1 ] WARN  TextLevelParser      - No producer found for character: 0
12:41:29.036 [FXGL Background Thread 1 ] WARN  TextLevelParser      - No producer found for character: 0
12:41:29.036 [FXGL Background Thread 1 ] WARN  TextLevelParser      - No producer found for character: 0
12:41:29.036 [FXGL Background Thread 1 ] WARN  TextLevelParser      - No producer found for character: 0
12:41:29.036 [FXGL Background Thread 1 ] WARN  TextLevelParser      - No producer found for character: 0
12:41:29.037 [FXGL Background Thread 1 ] WARN  TextLevelParser      - No producer found for character: 0
12:41:29.037 [FXGL Background Thread 1 ] WARN  TextLevelParser      - No producer found for character: 0
12:41:29.037 [FXGL Background Thread 1 ] WARN  TextLevelParser      - No producer found for character: 0
12:41:29.037 [FXGL Background Thread 1 ] WARN  TextLevelParser      - No producer found for character: 0
12:41:29.037 [FXGL Background Thread 1 ] WARN  TextLevelParser      - No producer found for character: 0
12:41:29.037 [FXGL Background Thread 1 ] WARN  TextLevelParser      - No producer found for character: 0
12:41:29.037 [FXGL Background Thread 1 ] WARN  TextLevelParser      - No producer found for character: 0
12:41:29.037 [FXGL Background Thread 1 ] WARN  TextLevelParser      - No producer found for character: 0
12:41:29.037 [FXGL Background Thread 1 ] WARN  TextLevelParser      - No producer found for character: 0
12:41:29.037 [FXGL Background Thread 1 ] WARN  TextLevelParser      - No producer found for character: 0
12:41:29.038 [FXGL Background Thread 1 ] WARN  TextLevelParser      - No producer found for character: 0
12:41:29.038 [FXGL Background Thread 1 ] WARN  TextLevelParser      - No producer found for character: 0
12:41:29.038 [FXGL Background Thread 1 ] WARN  TextLevelParser      - No producer found for character: 0
12:41:29.038 [FXGL Background Thread 1 ] WARN  TextLevelParser      - No producer found for character: 0
12:41:29.038 [FXGL Background Thread 1 ] WARN  TextLevelParser      - No producer found for character: 0
12:41:29.038 [FXGL Background Thread 1 ] WARN  TextLevelParser      - No producer found for character: 0
12:41:29.038 [FXGL Background Thread 1 ] WARN  TextLevelParser      - No producer found for character: 0
12:41:29.039 [FXGL Background Thread 1 ] WARN  TextLevelParser      - No producer found for character: 0
12:41:29.039 [FXGL Background Thread 1 ] WARN  TextLevelParser      - No producer found for character: 0
12:41:29.039 [FXGL Background Thread 1 ] WARN  TextLevelParser      - No producer found for character: 0
12:41:29.039 [FXGL Background Thread 1 ] WARN  TextLevelParser      - No producer found for character: 0
12:41:29.039 [FXGL Background Thread 1 ] WARN  TextLevelParser      - No producer found for character: 0
12:41:29.039 [FXGL Background Thread 1 ] WARN  TextLevelParser      - No producer found for character: 0
12:41:29.039 [FXGL Background Thread 1 ] WARN  TextLevelParser      - No producer found for character: 0
12:41:29.039 [FXGL Background Thread 1 ] WARN  TextLevelParser      - No producer found for character: 0
12:41:29.040 [FXGL Background Thread 1 ] WARN  TextLevelParser      - No producer found for character: 0
12:41:29.040 [FXGL Background Thread 1 ] WARN  TextLevelParser      - No producer found for character: 0
12:41:29.040 [FXGL Background Thread 1 ] WARN  TextLevelParser      - No producer found for character: 0
12:41:29.040 [FXGL Background Thread 1 ] WARN  TextLevelParser      - No producer found for character: 0
12:41:29.040 [FXGL Background Thread 1 ] WARN  TextLevelParser      - No producer found for character: 0
12:41:29.040 [FXGL Background Thread 1 ] WARN  TextLevelParser      - No producer found for character: 0
12:41:29.040 [FXGL Background Thread 1 ] WARN  TextLevelParser      - No producer found for character: 0
12:41:29.040 [FXGL Background Thread 1 ] WARN  TextLevelParser      - No producer found for character: 0
12:41:29.041 [FXGL Background Thread 1 ] WARN  TextLevelParser      - No producer found for character: 0
12:41:29.041 [FXGL Background Thread 1 ] WARN  TextLevelParser      - No producer found for character: 0
12:41:29.041 [FXGL Background Thread 1 ] WARN  TextLevelParser      - No producer found for character: 0
12:41:29.041 [FXGL Background Thread 1 ] WARN  TextLevelParser      - No producer found for character: 0
12:41:29.041 [FXGL Background Thread 1 ] WARN  TextLevelParser      - No producer found for character: 0
12:41:29.041 [FXGL Background Thread 1 ] WARN  TextLevelParser      - No producer found for character: 0
12:41:29.041 [FXGL Background Thread 1 ] WARN  TextLevelParser      - No producer found for character: 0
12:41:29.041 [FXGL Background Thread 1 ] WARN  TextLevelParser      - No producer found for character: 0
12:41:29.041 [FXGL Background Thread 1 ] WARN  TextLevelParser      - No producer found for character: 0
12:41:29.042 [FXGL Background Thread 1 ] WARN  TextLevelParser      - No producer found for character: 0
12:41:29.042 [FXGL Background Thread 1 ] WARN  TextLevelParser      - No producer found for character: 0
12:41:29.042 [FXGL Background Thread 1 ] WARN  TextLevelParser      - No producer found for character: 0
12:41:29.042 [FXGL Background Thread 1 ] WARN  TextLevelParser      - No producer found for character: 0
12:41:29.042 [FXGL Background Thread 1 ] WARN  TextLevelParser      - No producer found for character: 0
12:41:29.042 [FXGL Background Thread 1 ] WARN  TextLevelParser      - No producer found for character: 0
12:41:29.042 [FXGL Background Thread 1 ] WARN  TextLevelParser      - No producer found for character: 0
12:41:29.042 [FXGL Background Thread 1 ] WARN  TextLevelParser      - No producer found for character: 0
12:41:29.043 [FXGL Background Thread 1 ] WARN  TextLevelParser      - No producer found for character: 0
12:41:29.043 [FXGL Background Thread 1 ] WARN  TextLevelParser      - No producer found for character: 0
12:41:29.043 [FXGL Background Thread 1 ] WARN  TextLevelParser      - No producer found for character: 0
12:41:29.043 [FXGL Background Thread 1 ] WARN  TextLevelParser      - No producer found for character: 0
12:41:29.043 [FXGL Background Thread 1 ] WARN  TextLevelParser      - No producer found for character: 0
12:41:29.043 [FXGL Background Thread 1 ] WARN  TextLevelParser      - No producer found for character: 0
12:41:29.043 [FXGL Background Thread 1 ] WARN  TextLevelParser      - No producer found for character: 0
12:41:29.043 [FXGL Background Thread 1 ] WARN  TextLevelParser      - No producer found for character: 0
12:41:29.044 [FXGL Background Thread 1 ] DEBUG AssetLoader          - Loading from disk: /assets/textures/bar.png
12:41:29.047 [FXGL Background Thread 1 ] WARN  TextLevelParser      - No producer found for character: 0
12:41:29.047 [FXGL Background Thread 1 ] WARN  TextLevelParser      - No producer found for character: 0
12:41:29.047 [FXGL Background Thread 1 ] WARN  TextLevelParser      - No producer found for character: 0
12:41:29.047 [FXGL Background Thread 1 ] WARN  TextLevelParser      - No producer found for character: 0
12:41:29.048 [FXGL Background Thread 1 ] WARN  TextLevelParser      - No producer found for character: 0
12:41:29.048 [FXGL Background Thread 1 ] WARN  TextLevelParser      - No producer found for character: 0
12:41:29.048 [FXGL Background Thread 1 ] WARN  TextLevelParser      - No producer found for character: 0
12:41:29.048 [FXGL Background Thread 1 ] WARN  TextLevelParser      - No producer found for character: 0
12:41:29.048 [FXGL Background Thread 1 ] WARN  TextLevelParser      - No producer found for character: 0
12:41:29.048 [FXGL Background Thread 1 ] WARN  TextLevelParser      - No producer found for character: 0
12:41:29.048 [FXGL Background Thread 1 ] WARN  TextLevelParser      - No producer found for character: 0
12:41:29.048 [FXGL Background Thread 1 ] WARN  TextLevelParser      - No producer found for character: 0
12:41:29.048 [FXGL Background Thread 1 ] WARN  TextLevelParser      - No producer found for character: 0
12:41:29.049 [FXGL Background Thread 1 ] WARN  TextLevelParser      - No producer found for character: 0
12:41:29.049 [FXGL Background Thread 1 ] WARN  TextLevelParser      - No producer found for character: 0
12:41:29.049 [FXGL Background Thread 1 ] WARN  TextLevelParser      - No producer found for character: 0
12:41:29.049 [FXGL Background Thread 1 ] WARN  TextLevelParser      - No producer found for character: 0
12:41:29.049 [FXGL Background Thread 1 ] WARN  TextLevelParser      - No producer found for character: 0
12:41:29.049 [FXGL Background Thread 1 ] WARN  TextLevelParser      - No producer found for character: 0
12:41:29.049 [FXGL Background Thread 1 ] WARN  TextLevelParser      - No producer found for character: 0
12:41:29.049 [FXGL Background Thread 1 ] WARN  TextLevelParser      - No producer found for character: 0
12:41:29.049 [FXGL Background Thread 1 ] WARN  TextLevelParser      - No producer found for character: 0
12:41:29.050 [FXGL Background Thread 1 ] WARN  TextLevelParser      - No producer found for character: 0
12:41:29.050 [FXGL Background Thread 1 ] WARN  TextLevelParser      - No producer found for character: 0
12:41:29.050 [FXGL Background Thread 1 ] WARN  TextLevelParser      - No producer found for character: 0
12:41:29.050 [FXGL Background Thread 1 ] WARN  TextLevelParser      - No producer found for character: 0
12:41:29.050 [FXGL Background Thread 1 ] WARN  TextLevelParser      - No producer found for character: 0
12:41:29.050 [FXGL Background Thread 1 ] WARN  TextLevelParser      - No producer found for character: 0
12:41:29.051 [FXGL Background Thread 1 ] DEBUG GameWorld            - Clearing removable entities
12:41:29.051 [FXGL Background Thread 1 ] DEBUG GameWorld            - Setting level: com.almasb.fxgl.entity.Level@25561058
12:41:29.079 [FXGL Background Thread 1 ] DEBUG GameScene            - Creating render group for layer: DEFAULT(100000)
12:41:29.083 [FXGL Background Thread 1 ] DEBUG InitAppTask          - Initializing Physics
12:41:29.083 [FXGL Background Thread 1 ] DEBUG InitAppTask          - Initializing UI
12:41:29.083 [FXGL Background Thread 1 ] DEBUG InitAppTask          - Initialization Complete
12:41:29.083 [FXGL Background Thread 1 ] INFO  InitAppTask          - Game initialization took: 0,154 sec
12:41:29.089 [JavaFX Application Thread] DEBUG Input                - Clearing active input actions
12:41:29.089 [JavaFX Application Thread] DEBUG AssetLoader          - Loading from disk: /assets/ui/css/fxgl_dark.css
12:41:29.102 [JavaFX Application Thread] DEBUG AppStateMachine      - LoadingState -> PlayState
12:41:29.907 [JavaFX Application Thread] FATAL FXGL                 - Uncaught Exception:

Fatal exception occurred: java.lang.IllegalArgumentException : Component BatComponent not found!
E: com.almasb.fxgl.entity.Entity.getComponent(Entity.java:276)
E: com.dalphs.BreakoutApp.getBatControl(BreakoutApp.java:14)
E: com.dalphs.BreakoutApp.access$000(BreakoutApp.java:11)
E: com.dalphs.BreakoutApp$2.onAction(BreakoutApp.java:53)
E: com.almasb.fxgl.input.UserAction.fireAction(UserAction.java:80)
E: com.almasb.fxgl.input.Input.update(Input.kt:148)
E: com.almasb.fxgl.app.State.update(State.java:71)
E: com.almasb.fxgl.app.AppStateMachine.onUpdate(AppStateMachine.java:100)
E: com.almasb.fxgl.app.FXGL.loop(FXGL.kt:356)
E: com.almasb.fxgl.app.FXGL.access$loop(FXGL.kt:54)
E: com.almasb.fxgl.app.FXGL$loop$1.accept(FXGL.kt:78)
E: com.almasb.fxgl.app.FXGL$loop$1.accept(FXGL.kt:54)
E: com.almasb.fxgl.app.LoopRunner.frame(LoopRunner.kt:88)
E: com.almasb.fxgl.app.LoopRunner.access$frame(LoopRunner.kt:19)
E: com.almasb.fxgl.app.LoopRunner$impl$2$1.handle(LoopRunner.kt:39)
E: javafx.graphics/javafx.animation.AnimationTimer$AnimationTimerReceiver.lambda$handle$0(AnimationTimer.java:57)
E: java.base/java.security.AccessController.doPrivileged(Native Method)
E: javafx.graphics/javafx.animation.AnimationTimer$AnimationTimerReceiver.handle(AnimationTimer.java:56)
E: javafx.graphics/com.sun.scenario.animation.AbstractMasterTimer.timePulseImpl(AbstractMasterTimer.java:357)
E: javafx.graphics/com.sun.scenario.animation.AbstractMasterTimer$MainLoop.run(AbstractMasterTimer.java:267)
E: javafx.graphics/com.sun.javafx.tk.quantum.QuantumToolkit.pulse(QuantumToolkit.java:514)
E: javafx.graphics/com.sun.javafx.tk.quantum.QuantumToolkit.pulse(QuantumToolkit.java:498)
E: javafx.graphics/com.sun.javafx.tk.quantum.QuantumToolkit.pulseFromQueue(QuantumToolkit.java:491)
E: javafx.graphics/com.sun.javafx.tk.quantum.QuantumToolkit.lambda$runToolkit$11(QuantumToolkit.java:319)
E: javafx.graphics/com.sun.glass.ui.InvokeLaterDispatcher$Future.run(InvokeLaterDispatcher.java:96)
E: javafx.graphics/com.sun.glass.ui.win.WinApplication._runLoop(Native Method)
E: javafx.graphics/com.sun.glass.ui.win.WinApplication.lambda$runLoop$3(WinApplication.java:175)
E: java.base/java.lang.Thread.run(Thread.java:844)

12:41:29.908 [JavaFX Application Thread] FATAL FXGL                 - Application will now exit
12:41:29.908 [JavaFX Application Thread] DEBUG LoopRunner           - Stopping loop
12:41:34.140 [JavaFX Application Thread] DEBUG FXGL                 - Exiting FXGL
12:41:34.140 [JavaFX Application Thread] DEBUG FXGL                 - Shutting down background threads
12:41:34.140 [JavaFX Application Thread] DEBUG FXGL                 - Saving FXGL system data
12:41:34.142 [JavaFX Application Thread] DEBUG DesktopFSService     - Writing to: system\fxgl.bundle
12:41:34.146 [JavaFX Application Thread] DEBUG FXGL                 - Closing logger and exiting JavaFX
