10:02:01.677 [JavaFX Application Thread] DEBUG GameApplication      - Logger initialized
10:02:01.694 [JavaFX Application Thread] DEBUG MainWindow           - Creating a JavaFX scene
10:02:01.798 [JavaFX Application Thread] DEBUG MainWindow           - Target settings size: 900.0 x 780.0
10:02:01.798 [JavaFX Application Thread] DEBUG MainWindow           - Scaled scene size:    900.0 x 780.0
10:02:01.798 [JavaFX Application Thread] DEBUG MainWindow           - Scaled ratio: (1.0, 1.0)
10:02:01.801 [JavaFX Application Thread] DEBUG GameApplication      - Starting FXGL
10:02:01.816 [FXGL Launcher Thread     ] INFO  FXGL                 - FXGL-0.5.0 on DESKTOP
10:02:01.817 [FXGL Launcher Thread     ] INFO  FXGL                 - Source code and latest versions at: https://github.com/AlmasB/FXGL
10:02:01.817 [FXGL Launcher Thread     ] INFO  FXGL                 -              Join the FXGL chat at: https://gitter.im/AlmasB/FXGL
10:02:01.824 [FXGL Launcher Thread     ] DEBUG FXGL                 - Loading FXGL system data
10:02:01.834 [FXGL Launcher Thread     ] DEBUG FS                   - Reading from: system\fxgl.bundle
10:02:01.843 [FXGL Launcher Thread     ] DEBUG Bundle               - Logging bundle: FXGL
10:02:01.843 [FXGL Launcher Thread     ] DEBUG Bundle               - FXGL.offline.timer.version.check=2019-01-24T08:55:57.713219300
10:02:01.868 [FXGL Launcher Thread     ] DEBUG GameApplication      - FXGL started
10:02:01.869 [FXGL Launcher Thread     ] DEBUG GameApplication      - Logging game settings
Title: Breakout
Version: 0.1
Width: 900
Height: 780
Fullscreen: false
Intro: false
Menus: false
Profiling: false
Single step:false
App Mode: DEVELOPER
Menu Key: ESCAPE
Stage Style: DECORATED
Scene Factory: class com.almasb.fxgl.scene.SceneFactory
Dialog Factory: class com.almasb.fxgl.ui.FXGLDialogFactory
UI Factory: class com.almasb.fxgl.ui.FXGLUIFactory
Notification Service: class com.almasb.fxgl.gameplay.notification.XboxNotificationView
Exception Handler: class com.almasb.fxgl.app.FXGLExceptionHandler
10:02:01.870 [FXGL Launcher Thread     ] DEBUG GameApplication      - Configuring GameApplication
10:02:01.870 [FXGL Launcher Thread     ] DEBUG GameApplication      - Initializing state machine and application states
10:02:01.884 [FXGL Launcher Thread     ] DEBUG AssetLoader          - Loading from disk: /assets/ui/cursors/fxgl_default.png
10:02:01.901 [FXGL Launcher Thread     ] DEBUG AssetLoader          - Loading from disk: /assets/ui/cursors/fxgl_default.png
10:02:01.921 [FXGL Launcher Thread     ] DEBUG FXGLAssets           - Loading FXGLAssets
10:02:01.950 [FXGL Launcher Thread     ] DEBUG AssetLoader          - Loading from disk: /assets/ui/fonts/VarelaRound-Regular.ttf
10:02:02.126 [FXGL Launcher Thread     ] DEBUG AssetLoader          - Loading from disk: /assets/ui/fonts/lucida_console.ttf
10:02:02.131 [FXGL Launcher Thread     ] DEBUG AssetLoader          - Loading from disk: /assets/ui/css/fxgl_dark.css
10:02:02.131 [FXGL Launcher Thread     ] DEBUG AssetLoader          - Loading from disk: /assets/ui/icons/fxgl_icon.png
10:02:02.170 [FXGL Launcher Thread     ] DEBUG AssetLoader          - Loading from disk: /assets/ui/cursors/fxgl_default.png
10:02:02.178 [FXGL Launcher Thread     ] DEBUG AssetLoader          - Loading from disk: /assets/ui/cursors/fxgl_default.png
10:02:02.216 [FXGL Launcher Thread     ] DEBUG GameScene            - Game scene initialized: 900x780
10:02:02.239 [FXGL Launcher Thread     ] DEBUG GameWorld            - Game world initialized
10:02:02.301 [FXGL Launcher Thread     ] DEBUG PhysicsWorld         - Physics world initialized: appHeight=780, physics.ppm=50,0
10:02:02.323 [FXGL Launcher Thread     ] DEBUG Input                - Registered new binding: Pause - Esc
10:02:02.345 [FXGL Launcher Thread     ] DEBUG Input                - Clearing active input actions
10:02:02.384 [FXGL Launcher Thread     ] DEBUG AppStateMachine      - StartupState -> StartupState
10:02:02.392 [FXGL Launcher Thread     ] INFO  GameApplication      - Game configuration took:  0,522 sec
10:02:02.397 [JavaFX Application Thread] DEBUG MainWindow           - Opening main window
10:02:02.492 [JavaFX Application Thread] DEBUG MainWindow           - Window border size: (14.4000244140625, 37.5999755859375)
10:02:02.492 [JavaFX Application Thread] DEBUG MainWindow           - Scaled size: 900.0 x 780.0
10:02:02.492 [JavaFX Application Thread] DEBUG MainWindow           - Scaled ratio: (1.0, 1.0)
10:02:02.493 [JavaFX Application Thread] DEBUG MainWindow           - Scene size: 900.0 x 780.0
10:02:02.493 [JavaFX Application Thread] DEBUG MainWindow           - Stage size: 914.4000244140625 x 817.5999755859375
10:02:02.493 [JavaFX Application Thread] DEBUG GameApplication      - Running preInit()
10:02:02.494 [JavaFX Application Thread] DEBUG Input                - Registered new binding: Screenshot - P
10:02:02.495 [JavaFX Application Thread] DEBUG Input                - Registered new binding: Dev Options - CTRL+0
10:02:02.495 [JavaFX Application Thread] DEBUG Input                - Registered new binding: System info dump - CTRL+9
10:02:02.496 [JavaFX Application Thread] DEBUG Input                - Registered new binding: Restart - CTRL+R
10:02:02.496 [JavaFX Application Thread] DEBUG Input                - Registered new binding: Move Left - A
10:02:02.496 [JavaFX Application Thread] DEBUG Input                - Registered new binding: Move Right - D
10:02:02.514 [JavaFX Application Thread] DEBUG GameApplication      - Starting main loop
10:02:02.516 [JavaFX Application Thread] DEBUG StartupState         - STARTUP
10:02:02.516 [JavaFX Application Thread] DEBUG GameApplication      - Starting new game
10:02:02.516 [JavaFX Application Thread] DEBUG Input                - Clearing active input actions
10:02:02.528 [JavaFX Application Thread] DEBUG AppStateMachine      - StartupState -> LoadingState
10:02:02.531 [FXGL Background Thread 1 ] DEBUG InitAppTask          - Clearing previous game
10:02:02.531 [FXGL Background Thread 1 ] DEBUG GameWorld            - Clearing game world
10:02:02.531 [FXGL Background Thread 1 ] DEBUG PhysicsWorld         - Clearing physics world
10:02:02.531 [FXGL Background Thread 1 ] DEBUG GameScene            - Clearing game scene
10:02:02.532 [FXGL Background Thread 1 ] DEBUG InitAppTask          - Initializing Game
10:02:02.581 [FXGL Background Thread 1 ] DEBUG AssetLoader          - Loading from disk: /assets/text/levels/level1.txt
10:02:02.582 [FXGL Background Thread 1 ] WARN  FXGL.TextLevelParser - No producer found for character: 0
10:02:02.582 [FXGL Background Thread 1 ] WARN  FXGL.TextLevelParser - No producer found for character: 0
10:02:02.583 [FXGL Background Thread 1 ] WARN  FXGL.TextLevelParser - No producer found for character: 0
10:02:02.583 [FXGL Background Thread 1 ] WARN  FXGL.TextLevelParser - No producer found for character: 0
10:02:02.583 [FXGL Background Thread 1 ] WARN  FXGL.TextLevelParser - No producer found for character: 0
10:02:02.583 [FXGL Background Thread 1 ] WARN  FXGL.TextLevelParser - No producer found for character: 0
10:02:02.583 [FXGL Background Thread 1 ] WARN  FXGL.TextLevelParser - No producer found for character: 0
10:02:02.583 [FXGL Background Thread 1 ] WARN  FXGL.TextLevelParser - No producer found for character: 0
10:02:02.583 [FXGL Background Thread 1 ] WARN  FXGL.TextLevelParser - No producer found for character: 0
10:02:02.584 [FXGL Background Thread 1 ] WARN  FXGL.TextLevelParser - No producer found for character: 0
10:02:02.584 [FXGL Background Thread 1 ] WARN  FXGL.TextLevelParser - No producer found for character: 0
10:02:02.584 [FXGL Background Thread 1 ] WARN  FXGL.TextLevelParser - No producer found for character: 0
10:02:02.584 [FXGL Background Thread 1 ] WARN  FXGL.TextLevelParser - No producer found for character: 0
10:02:02.585 [FXGL Background Thread 1 ] WARN  FXGL.TextLevelParser - No producer found for character: 0
10:02:02.585 [FXGL Background Thread 1 ] WARN  FXGL.TextLevelParser - No producer found for character: 0
10:02:02.585 [FXGL Background Thread 1 ] WARN  FXGL.TextLevelParser - No producer found for character: 0
10:02:02.585 [FXGL Background Thread 1 ] WARN  FXGL.TextLevelParser - No producer found for character: 0
10:02:02.585 [FXGL Background Thread 1 ] WARN  FXGL.TextLevelParser - No producer found for character: 0
10:02:02.585 [FXGL Background Thread 1 ] WARN  FXGL.TextLevelParser - No producer found for character: 0
10:02:02.586 [FXGL Background Thread 1 ] WARN  FXGL.TextLevelParser - No producer found for character: 0
10:02:02.586 [FXGL Background Thread 1 ] WARN  FXGL.TextLevelParser - No producer found for character: 0
10:02:02.586 [FXGL Background Thread 1 ] WARN  FXGL.TextLevelParser - No producer found for character: 0
10:02:02.586 [FXGL Background Thread 1 ] WARN  FXGL.TextLevelParser - No producer found for character: 0
10:02:02.586 [FXGL Background Thread 1 ] WARN  FXGL.TextLevelParser - No producer found for character: 0
10:02:02.586 [FXGL Background Thread 1 ] WARN  FXGL.TextLevelParser - No producer found for character: 0
10:02:02.586 [FXGL Background Thread 1 ] WARN  FXGL.TextLevelParser - No producer found for character: 0
10:02:02.587 [FXGL Background Thread 1 ] WARN  FXGL.TextLevelParser - No producer found for character: 0
10:02:02.587 [FXGL Background Thread 1 ] WARN  FXGL.TextLevelParser - No producer found for character: 0
10:02:02.587 [FXGL Background Thread 1 ] WARN  FXGL.TextLevelParser - No producer found for character: 0
10:02:02.587 [FXGL Background Thread 1 ] WARN  FXGL.TextLevelParser - No producer found for character: 0
10:02:02.588 [FXGL Background Thread 1 ] WARN  FXGL.TextLevelParser - No producer found for character: 0
10:02:02.588 [FXGL Background Thread 1 ] WARN  FXGL.TextLevelParser - No producer found for character: 0
10:02:02.588 [FXGL Background Thread 1 ] WARN  FXGL.TextLevelParser - No producer found for character: 0
10:02:02.588 [FXGL Background Thread 1 ] WARN  FXGL.TextLevelParser - No producer found for character: 0
10:02:02.588 [FXGL Background Thread 1 ] WARN  FXGL.TextLevelParser - No producer found for character: 0
10:02:02.589 [FXGL Background Thread 1 ] WARN  FXGL.TextLevelParser - No producer found for character: 0
10:02:02.589 [FXGL Background Thread 1 ] WARN  FXGL.TextLevelParser - No producer found for character: 0
10:02:02.589 [FXGL Background Thread 1 ] WARN  FXGL.TextLevelParser - No producer found for character: 0
10:02:02.589 [FXGL Background Thread 1 ] WARN  FXGL.TextLevelParser - No producer found for character: 0
10:02:02.592 [FXGL Background Thread 1 ] WARN  FXGL.TextLevelParser - No producer found for character: 0
10:02:02.592 [FXGL Background Thread 1 ] WARN  FXGL.TextLevelParser - No producer found for character: 0
10:02:02.592 [FXGL Background Thread 1 ] WARN  FXGL.TextLevelParser - No producer found for character: 0
10:02:02.629 [FXGL Background Thread 1 ] DEBUG AssetLoader          - Loading from disk: /assets/textures/brick1.png
10:02:02.643 [FXGL Background Thread 1 ] WARN  FXGL.TextLevelParser - No producer found for character: 0
10:02:02.643 [FXGL Background Thread 1 ] WARN  FXGL.TextLevelParser - No producer found for character: 0
10:02:02.644 [FXGL Background Thread 1 ] WARN  FXGL.TextLevelParser - No producer found for character: 0
10:02:02.644 [FXGL Background Thread 1 ] WARN  FXGL.TextLevelParser - No producer found for character: 0
10:02:02.644 [FXGL Background Thread 1 ] WARN  FXGL.TextLevelParser - No producer found for character: 0
10:02:02.644 [FXGL Background Thread 1 ] WARN  FXGL.TextLevelParser - No producer found for character: 0
10:02:02.644 [FXGL Background Thread 1 ] WARN  FXGL.TextLevelParser - No producer found for character: 0
10:02:02.645 [FXGL Background Thread 1 ] DEBUG AssetLoader          - Loading from cache: /assets/textures/brick1.png@50.0x24.0
10:02:02.646 [FXGL Background Thread 1 ] WARN  FXGL.TextLevelParser - No producer found for character: 0
10:02:02.647 [FXGL Background Thread 1 ] WARN  FXGL.TextLevelParser - No producer found for character: 0
10:02:02.647 [FXGL Background Thread 1 ] WARN  FXGL.TextLevelParser - No producer found for character: 0
10:02:02.647 [FXGL Background Thread 1 ] WARN  FXGL.TextLevelParser - No producer found for character: 0
10:02:02.647 [FXGL Background Thread 1 ] WARN  FXGL.TextLevelParser - No producer found for character: 0
10:02:02.647 [FXGL Background Thread 1 ] WARN  FXGL.TextLevelParser - No producer found for character: 0
10:02:02.647 [FXGL Background Thread 1 ] WARN  FXGL.TextLevelParser - No producer found for character: 0
10:02:02.648 [FXGL Background Thread 1 ] WARN  FXGL.TextLevelParser - No producer found for character: 0
10:02:02.648 [FXGL Background Thread 1 ] WARN  FXGL.TextLevelParser - No producer found for character: 0
10:02:02.648 [FXGL Background Thread 1 ] WARN  FXGL.TextLevelParser - No producer found for character: 0
10:02:02.648 [FXGL Background Thread 1 ] WARN  FXGL.TextLevelParser - No producer found for character: 0
10:02:02.648 [FXGL Background Thread 1 ] WARN  FXGL.TextLevelParser - No producer found for character: 0
10:02:02.648 [FXGL Background Thread 1 ] WARN  FXGL.TextLevelParser - No producer found for character: 0
10:02:02.649 [FXGL Background Thread 1 ] WARN  FXGL.TextLevelParser - No producer found for character: 0
10:02:02.649 [FXGL Background Thread 1 ] WARN  FXGL.TextLevelParser - No producer found for character: 0
10:02:02.649 [FXGL Background Thread 1 ] WARN  FXGL.TextLevelParser - No producer found for character: 0
10:02:02.649 [FXGL Background Thread 1 ] WARN  FXGL.TextLevelParser - No producer found for character: 0
10:02:02.649 [FXGL Background Thread 1 ] WARN  FXGL.TextLevelParser - No producer found for character: 0
10:02:02.649 [FXGL Background Thread 1 ] WARN  FXGL.TextLevelParser - No producer found for character: 0
10:02:02.650 [FXGL Background Thread 1 ] WARN  FXGL.TextLevelParser - No producer found for character: 0
10:02:02.650 [FXGL Background Thread 1 ] WARN  FXGL.TextLevelParser - No producer found for character: 0
10:02:02.650 [FXGL Background Thread 1 ] WARN  FXGL.TextLevelParser - No producer found for character: 0
10:02:02.650 [FXGL Background Thread 1 ] WARN  FXGL.TextLevelParser - No producer found for character: 0
10:02:02.650 [FXGL Background Thread 1 ] WARN  FXGL.TextLevelParser - No producer found for character: 0
10:02:02.651 [FXGL Background Thread 1 ] WARN  FXGL.TextLevelParser - No producer found for character: 0
10:02:02.651 [FXGL Background Thread 1 ] WARN  FXGL.TextLevelParser - No producer found for character: 0
10:02:02.651 [FXGL Background Thread 1 ] WARN  FXGL.TextLevelParser - No producer found for character: 0
10:02:02.651 [FXGL Background Thread 1 ] WARN  FXGL.TextLevelParser - No producer found for character: 0
10:02:02.651 [FXGL Background Thread 1 ] WARN  FXGL.TextLevelParser - No producer found for character: 0
10:02:02.651 [FXGL Background Thread 1 ] WARN  FXGL.TextLevelParser - No producer found for character: 0
10:02:02.651 [FXGL Background Thread 1 ] WARN  FXGL.TextLevelParser - No producer found for character: 0
10:02:02.652 [FXGL Background Thread 1 ] WARN  FXGL.TextLevelParser - No producer found for character: 0
10:02:02.652 [FXGL Background Thread 1 ] WARN  FXGL.TextLevelParser - No producer found for character: 0
10:02:02.652 [FXGL Background Thread 1 ] WARN  FXGL.TextLevelParser - No producer found for character: 0
10:02:02.652 [FXGL Background Thread 1 ] WARN  FXGL.TextLevelParser - No producer found for character: 0
10:02:02.652 [FXGL Background Thread 1 ] WARN  FXGL.TextLevelParser - No producer found for character: 0
10:02:02.652 [FXGL Background Thread 1 ] WARN  FXGL.TextLevelParser - No producer found for character: 0
10:02:02.652 [FXGL Background Thread 1 ] WARN  FXGL.TextLevelParser - No producer found for character: 0
10:02:02.652 [FXGL Background Thread 1 ] WARN  FXGL.TextLevelParser - No producer found for character: 0
10:02:02.653 [FXGL Background Thread 1 ] WARN  FXGL.TextLevelParser - No producer found for character: 0
10:02:02.653 [FXGL Background Thread 1 ] WARN  FXGL.TextLevelParser - No producer found for character: 0
10:02:02.653 [FXGL Background Thread 1 ] WARN  FXGL.TextLevelParser - No producer found for character: 0
10:02:02.653 [FXGL Background Thread 1 ] WARN  FXGL.TextLevelParser - No producer found for character: 0
10:02:02.654 [FXGL Background Thread 1 ] WARN  FXGL.TextLevelParser - No producer found for character: 0
10:02:02.654 [FXGL Background Thread 1 ] WARN  FXGL.TextLevelParser - No producer found for character: 0
10:02:02.654 [FXGL Background Thread 1 ] WARN  FXGL.TextLevelParser - No producer found for character: 0
10:02:02.654 [FXGL Background Thread 1 ] WARN  FXGL.TextLevelParser - No producer found for character: 0
10:02:02.654 [FXGL Background Thread 1 ] WARN  FXGL.TextLevelParser - No producer found for character: 0
10:02:02.654 [FXGL Background Thread 1 ] WARN  FXGL.TextLevelParser - No producer found for character: 0
10:02:02.655 [FXGL Background Thread 1 ] WARN  FXGL.TextLevelParser - No producer found for character: 0
10:02:02.655 [FXGL Background Thread 1 ] WARN  FXGL.TextLevelParser - No producer found for character: 0
10:02:02.655 [FXGL Background Thread 1 ] WARN  FXGL.TextLevelParser - No producer found for character: 0
10:02:02.655 [FXGL Background Thread 1 ] WARN  FXGL.TextLevelParser - No producer found for character: 0
10:02:02.655 [FXGL Background Thread 1 ] WARN  FXGL.TextLevelParser - No producer found for character: 0
10:02:02.655 [FXGL Background Thread 1 ] WARN  FXGL.TextLevelParser - No producer found for character: 0
10:02:02.655 [FXGL Background Thread 1 ] WARN  FXGL.TextLevelParser - No producer found for character: 0
10:02:02.656 [FXGL Background Thread 1 ] WARN  FXGL.TextLevelParser - No producer found for character: 0
10:02:02.656 [FXGL Background Thread 1 ] WARN  FXGL.TextLevelParser - No producer found for character: 0
10:02:02.656 [FXGL Background Thread 1 ] WARN  FXGL.TextLevelParser - No producer found for character: 0
10:02:02.656 [FXGL Background Thread 1 ] WARN  FXGL.TextLevelParser - No producer found for character: 0
10:02:02.656 [FXGL Background Thread 1 ] WARN  FXGL.TextLevelParser - No producer found for character: 0
10:02:02.657 [FXGL Background Thread 1 ] WARN  FXGL.TextLevelParser - No producer found for character: 0
10:02:02.657 [FXGL Background Thread 1 ] WARN  FXGL.TextLevelParser - No producer found for character: 0
10:02:02.657 [FXGL Background Thread 1 ] WARN  FXGL.TextLevelParser - No producer found for character: 0
10:02:02.658 [FXGL Background Thread 1 ] WARN  FXGL.TextLevelParser - No producer found for character: 0
10:02:02.658 [FXGL Background Thread 1 ] WARN  FXGL.TextLevelParser - No producer found for character: 0
10:02:02.658 [FXGL Background Thread 1 ] WARN  FXGL.TextLevelParser - No producer found for character: 0
10:02:02.658 [FXGL Background Thread 1 ] WARN  FXGL.TextLevelParser - No producer found for character: 0
10:02:02.667 [FXGL Background Thread 1 ] WARN  FXGL.TextLevelParser - No producer found for character: 0
10:02:02.667 [FXGL Background Thread 1 ] WARN  FXGL.TextLevelParser - No producer found for character: 0
10:02:02.667 [FXGL Background Thread 1 ] WARN  FXGL.TextLevelParser - No producer found for character: 0
10:02:02.667 [FXGL Background Thread 1 ] WARN  FXGL.TextLevelParser - No producer found for character: 0
10:02:02.667 [FXGL Background Thread 1 ] WARN  FXGL.TextLevelParser - No producer found for character: 0
10:02:02.667 [FXGL Background Thread 1 ] WARN  FXGL.TextLevelParser - No producer found for character: 0
10:02:02.668 [FXGL Background Thread 1 ] WARN  FXGL.TextLevelParser - No producer found for character: 0
10:02:02.668 [FXGL Background Thread 1 ] WARN  FXGL.TextLevelParser - No producer found for character: 0
10:02:02.668 [FXGL Background Thread 1 ] WARN  FXGL.TextLevelParser - No producer found for character: 0
10:02:02.668 [FXGL Background Thread 1 ] WARN  FXGL.TextLevelParser - No producer found for character: 0
10:02:02.668 [FXGL Background Thread 1 ] WARN  FXGL.TextLevelParser - No producer found for character: 0
10:02:02.668 [FXGL Background Thread 1 ] WARN  FXGL.TextLevelParser - No producer found for character: 0
10:02:02.668 [FXGL Background Thread 1 ] WARN  FXGL.TextLevelParser - No producer found for character: 0
10:02:02.668 [FXGL Background Thread 1 ] WARN  FXGL.TextLevelParser - No producer found for character: 0
10:02:02.668 [FXGL Background Thread 1 ] WARN  FXGL.TextLevelParser - No producer found for character: 0
10:02:02.669 [FXGL Background Thread 1 ] WARN  FXGL.TextLevelParser - No producer found for character: 0
10:02:02.669 [FXGL Background Thread 1 ] WARN  FXGL.TextLevelParser - No producer found for character: 0
10:02:02.669 [FXGL Background Thread 1 ] WARN  FXGL.TextLevelParser - No producer found for character: 0
10:02:02.669 [FXGL Background Thread 1 ] WARN  FXGL.TextLevelParser - No producer found for character: 0
10:02:02.669 [FXGL Background Thread 1 ] WARN  FXGL.TextLevelParser - No producer found for character: 0
10:02:02.669 [FXGL Background Thread 1 ] WARN  FXGL.TextLevelParser - No producer found for character: 0
10:02:02.669 [FXGL Background Thread 1 ] WARN  FXGL.TextLevelParser - No producer found for character: 0
10:02:02.669 [FXGL Background Thread 1 ] WARN  FXGL.TextLevelParser - No producer found for character: 0
10:02:02.669 [FXGL Background Thread 1 ] WARN  FXGL.TextLevelParser - No producer found for character: 0
10:02:02.670 [FXGL Background Thread 1 ] WARN  FXGL.TextLevelParser - No producer found for character: 0
10:02:02.670 [FXGL Background Thread 1 ] WARN  FXGL.TextLevelParser - No producer found for character: 0
10:02:02.670 [FXGL Background Thread 1 ] WARN  FXGL.TextLevelParser - No producer found for character: 0
10:02:02.670 [FXGL Background Thread 1 ] WARN  FXGL.TextLevelParser - No producer found for character: 0
10:02:02.670 [FXGL Background Thread 1 ] WARN  FXGL.TextLevelParser - No producer found for character: 0
10:02:02.670 [FXGL Background Thread 1 ] WARN  FXGL.TextLevelParser - No producer found for character: 0
10:02:02.671 [FXGL Background Thread 1 ] WARN  FXGL.TextLevelParser - No producer found for character: 0
10:02:02.671 [FXGL Background Thread 1 ] WARN  FXGL.TextLevelParser - No producer found for character: 0
10:02:02.671 [FXGL Background Thread 1 ] WARN  FXGL.TextLevelParser - No producer found for character: 0
10:02:02.671 [FXGL Background Thread 1 ] WARN  FXGL.TextLevelParser - No producer found for character: 0
10:02:02.672 [FXGL Background Thread 1 ] WARN  FXGL.TextLevelParser - No producer found for character: 0
10:02:02.672 [FXGL Background Thread 1 ] WARN  FXGL.TextLevelParser - No producer found for character: 0
10:02:02.672 [FXGL Background Thread 1 ] WARN  FXGL.TextLevelParser - No producer found for character: 0
10:02:02.672 [FXGL Background Thread 1 ] WARN  FXGL.TextLevelParser - No producer found for character: 0
10:02:02.672 [FXGL Background Thread 1 ] WARN  FXGL.TextLevelParser - No producer found for character: 0
10:02:02.676 [FXGL Background Thread 1 ] WARN  FXGL.TextLevelParser - No producer found for character: 0
10:02:02.676 [FXGL Background Thread 1 ] WARN  FXGL.TextLevelParser - No producer found for character: 0
10:02:02.676 [FXGL Background Thread 1 ] WARN  FXGL.TextLevelParser - No producer found for character: 0
10:02:02.676 [FXGL Background Thread 1 ] WARN  FXGL.TextLevelParser - No producer found for character: 0
10:02:02.676 [FXGL Background Thread 1 ] WARN  FXGL.TextLevelParser - No producer found for character: 0
10:02:02.676 [FXGL Background Thread 1 ] WARN  FXGL.TextLevelParser - No producer found for character: 0
10:02:02.676 [FXGL Background Thread 1 ] WARN  FXGL.TextLevelParser - No producer found for character: 0
10:02:02.677 [FXGL Background Thread 1 ] WARN  FXGL.TextLevelParser - No producer found for character: 0
10:02:02.677 [FXGL Background Thread 1 ] WARN  FXGL.TextLevelParser - No producer found for character: 0
10:02:02.677 [FXGL Background Thread 1 ] WARN  FXGL.TextLevelParser - No producer found for character: 0
10:02:02.677 [FXGL Background Thread 1 ] WARN  FXGL.TextLevelParser - No producer found for character: 0
10:02:02.677 [FXGL Background Thread 1 ] WARN  FXGL.TextLevelParser - No producer found for character: 0
10:02:02.677 [FXGL Background Thread 1 ] WARN  FXGL.TextLevelParser - No producer found for character: 0
10:02:02.677 [FXGL Background Thread 1 ] WARN  FXGL.TextLevelParser - No producer found for character: 0
10:02:02.677 [FXGL Background Thread 1 ] WARN  FXGL.TextLevelParser - No producer found for character: 0
10:02:02.677 [FXGL Background Thread 1 ] WARN  FXGL.TextLevelParser - No producer found for character: 0
10:02:02.678 [FXGL Background Thread 1 ] WARN  FXGL.TextLevelParser - No producer found for character: 0
10:02:02.678 [FXGL Background Thread 1 ] WARN  FXGL.TextLevelParser - No producer found for character: 0
10:02:02.678 [FXGL Background Thread 1 ] WARN  FXGL.TextLevelParser - No producer found for character: 0
10:02:02.678 [FXGL Background Thread 1 ] WARN  FXGL.TextLevelParser - No producer found for character: 0
10:02:02.678 [FXGL Background Thread 1 ] WARN  FXGL.TextLevelParser - No producer found for character: 0
10:02:02.678 [FXGL Background Thread 1 ] WARN  FXGL.TextLevelParser - No producer found for character: 0
10:02:02.678 [FXGL Background Thread 1 ] WARN  FXGL.TextLevelParser - No producer found for character: 0
10:02:02.678 [FXGL Background Thread 1 ] WARN  FXGL.TextLevelParser - No producer found for character: 0
10:02:02.678 [FXGL Background Thread 1 ] WARN  FXGL.TextLevelParser - No producer found for character: 0
10:02:02.679 [FXGL Background Thread 1 ] WARN  FXGL.TextLevelParser - No producer found for character: 0
10:02:02.679 [FXGL Background Thread 1 ] WARN  FXGL.TextLevelParser - No producer found for character: 0
10:02:02.679 [FXGL Background Thread 1 ] WARN  FXGL.TextLevelParser - No producer found for character: 0
10:02:02.679 [FXGL Background Thread 1 ] WARN  FXGL.TextLevelParser - No producer found for character: 0
10:02:02.679 [FXGL Background Thread 1 ] WARN  FXGL.TextLevelParser - No producer found for character: 0
10:02:02.679 [FXGL Background Thread 1 ] WARN  FXGL.TextLevelParser - No producer found for character: 0
10:02:02.679 [FXGL Background Thread 1 ] WARN  FXGL.TextLevelParser - No producer found for character: 0
10:02:02.679 [FXGL Background Thread 1 ] WARN  FXGL.TextLevelParser - No producer found for character: 0
10:02:02.679 [FXGL Background Thread 1 ] WARN  FXGL.TextLevelParser - No producer found for character: 0
10:02:02.679 [FXGL Background Thread 1 ] WARN  FXGL.TextLevelParser - No producer found for character: 0
10:02:02.680 [FXGL Background Thread 1 ] WARN  FXGL.TextLevelParser - No producer found for character: 0
10:02:02.680 [FXGL Background Thread 1 ] WARN  FXGL.TextLevelParser - No producer found for character: 0
10:02:02.680 [FXGL Background Thread 1 ] WARN  FXGL.TextLevelParser - No producer found for character: 0
10:02:02.680 [FXGL Background Thread 1 ] WARN  FXGL.TextLevelParser - No producer found for character: 0
10:02:02.680 [FXGL Background Thread 1 ] WARN  FXGL.TextLevelParser - No producer found for character: 0
10:02:02.680 [FXGL Background Thread 1 ] WARN  FXGL.TextLevelParser - No producer found for character: 0
10:02:02.681 [FXGL Background Thread 1 ] WARN  FXGL.TextLevelParser - No producer found for character: 0
10:02:02.681 [FXGL Background Thread 1 ] WARN  FXGL.TextLevelParser - No producer found for character: 0
10:02:02.681 [FXGL Background Thread 1 ] WARN  FXGL.TextLevelParser - No producer found for character: 0
10:02:02.681 [FXGL Background Thread 1 ] WARN  FXGL.TextLevelParser - No producer found for character: 0
10:02:02.681 [FXGL Background Thread 1 ] WARN  FXGL.TextLevelParser - No producer found for character: 0
10:02:02.681 [FXGL Background Thread 1 ] WARN  FXGL.TextLevelParser - No producer found for character: 0
10:02:02.681 [FXGL Background Thread 1 ] WARN  FXGL.TextLevelParser - No producer found for character: 0
10:02:02.681 [FXGL Background Thread 1 ] WARN  FXGL.TextLevelParser - No producer found for character: 0
10:02:02.681 [FXGL Background Thread 1 ] WARN  FXGL.TextLevelParser - No producer found for character: 0
10:02:02.682 [FXGL Background Thread 1 ] WARN  FXGL.TextLevelParser - No producer found for character: 0
10:02:02.682 [FXGL Background Thread 1 ] WARN  FXGL.TextLevelParser - No producer found for character: 0
10:02:02.682 [FXGL Background Thread 1 ] WARN  FXGL.TextLevelParser - No producer found for character: 0
10:02:02.682 [FXGL Background Thread 1 ] WARN  FXGL.TextLevelParser - No producer found for character: 0
10:02:02.682 [FXGL Background Thread 1 ] WARN  FXGL.TextLevelParser - No producer found for character: 0
10:02:02.682 [FXGL Background Thread 1 ] WARN  FXGL.TextLevelParser - No producer found for character: 0
10:02:02.682 [FXGL Background Thread 1 ] WARN  FXGL.TextLevelParser - No producer found for character: 0
10:02:02.682 [FXGL Background Thread 1 ] WARN  FXGL.TextLevelParser - No producer found for character: 0
10:02:02.682 [FXGL Background Thread 1 ] WARN  FXGL.TextLevelParser - No producer found for character: 0
10:02:02.682 [FXGL Background Thread 1 ] WARN  FXGL.TextLevelParser - No producer found for character: 0
10:02:02.683 [FXGL Background Thread 1 ] WARN  FXGL.TextLevelParser - No producer found for character: 0
10:02:02.683 [FXGL Background Thread 1 ] WARN  FXGL.TextLevelParser - No producer found for character: 0
10:02:02.683 [FXGL Background Thread 1 ] WARN  FXGL.TextLevelParser - No producer found for character: 0
10:02:02.683 [FXGL Background Thread 1 ] WARN  FXGL.TextLevelParser - No producer found for character: 0
10:02:02.683 [FXGL Background Thread 1 ] WARN  FXGL.TextLevelParser - No producer found for character: 0
10:02:02.683 [FXGL Background Thread 1 ] WARN  FXGL.TextLevelParser - No producer found for character: 0
10:02:02.683 [FXGL Background Thread 1 ] WARN  FXGL.TextLevelParser - No producer found for character: 0
10:02:02.683 [FXGL Background Thread 1 ] WARN  FXGL.TextLevelParser - No producer found for character: 0
10:02:02.683 [FXGL Background Thread 1 ] WARN  FXGL.TextLevelParser - No producer found for character: 0
10:02:02.683 [FXGL Background Thread 1 ] WARN  FXGL.TextLevelParser - No producer found for character: 0
10:02:02.684 [FXGL Background Thread 1 ] WARN  FXGL.TextLevelParser - No producer found for character: 0
10:02:02.684 [FXGL Background Thread 1 ] WARN  FXGL.TextLevelParser - No producer found for character: 0
10:02:02.684 [FXGL Background Thread 1 ] WARN  FXGL.TextLevelParser - No producer found for character: 0
10:02:02.684 [FXGL Background Thread 1 ] WARN  FXGL.TextLevelParser - No producer found for character: 0
10:02:02.684 [FXGL Background Thread 1 ] WARN  FXGL.TextLevelParser - No producer found for character: 0
10:02:02.684 [FXGL Background Thread 1 ] WARN  FXGL.TextLevelParser - No producer found for character: 0
10:02:02.684 [FXGL Background Thread 1 ] WARN  FXGL.TextLevelParser - No producer found for character: 0
10:02:02.684 [FXGL Background Thread 1 ] WARN  FXGL.TextLevelParser - No producer found for character: 0
10:02:02.684 [FXGL Background Thread 1 ] WARN  FXGL.TextLevelParser - No producer found for character: 0
10:02:02.685 [FXGL Background Thread 1 ] WARN  FXGL.TextLevelParser - No producer found for character: 0
10:02:02.685 [FXGL Background Thread 1 ] WARN  FXGL.TextLevelParser - No producer found for character: 0
10:02:02.685 [FXGL Background Thread 1 ] WARN  FXGL.TextLevelParser - No producer found for character: 0
10:02:02.685 [FXGL Background Thread 1 ] WARN  FXGL.TextLevelParser - No producer found for character: 0
10:02:02.685 [FXGL Background Thread 1 ] WARN  FXGL.TextLevelParser - No producer found for character: 0
10:02:02.685 [FXGL Background Thread 1 ] WARN  FXGL.TextLevelParser - No producer found for character: 0
10:02:02.685 [FXGL Background Thread 1 ] WARN  FXGL.TextLevelParser - No producer found for character: 0
10:02:02.685 [FXGL Background Thread 1 ] WARN  FXGL.TextLevelParser - No producer found for character: 0
10:02:02.685 [FXGL Background Thread 1 ] WARN  FXGL.TextLevelParser - No producer found for character: 0
10:02:02.686 [FXGL Background Thread 1 ] WARN  FXGL.TextLevelParser - No producer found for character: 0
10:02:02.686 [FXGL Background Thread 1 ] WARN  FXGL.TextLevelParser - No producer found for character: 0
10:02:02.686 [FXGL Background Thread 1 ] WARN  FXGL.TextLevelParser - No producer found for character: 0
10:02:02.686 [FXGL Background Thread 1 ] WARN  FXGL.TextLevelParser - No producer found for character: 0
10:02:02.686 [FXGL Background Thread 1 ] WARN  FXGL.TextLevelParser - No producer found for character: 0
10:02:02.686 [FXGL Background Thread 1 ] WARN  FXGL.TextLevelParser - No producer found for character: 0
10:02:02.686 [FXGL Background Thread 1 ] WARN  FXGL.TextLevelParser - No producer found for character: 0
10:02:02.686 [FXGL Background Thread 1 ] WARN  FXGL.TextLevelParser - No producer found for character: 0
10:02:02.687 [FXGL Background Thread 1 ] WARN  FXGL.TextLevelParser - No producer found for character: 0
10:02:02.687 [FXGL Background Thread 1 ] WARN  FXGL.TextLevelParser - No producer found for character: 0
10:02:02.687 [FXGL Background Thread 1 ] WARN  FXGL.TextLevelParser - No producer found for character: 0
10:02:02.687 [FXGL Background Thread 1 ] WARN  FXGL.TextLevelParser - No producer found for character: 0
10:02:02.687 [FXGL Background Thread 1 ] WARN  FXGL.TextLevelParser - No producer found for character: 0
10:02:02.687 [FXGL Background Thread 1 ] WARN  FXGL.TextLevelParser - No producer found for character: 0
10:02:02.687 [FXGL Background Thread 1 ] WARN  FXGL.TextLevelParser - No producer found for character: 0
10:02:02.687 [FXGL Background Thread 1 ] WARN  FXGL.TextLevelParser - No producer found for character: 0
10:02:02.688 [FXGL Background Thread 1 ] WARN  FXGL.TextLevelParser - No producer found for character: 0
10:02:02.688 [FXGL Background Thread 1 ] WARN  FXGL.TextLevelParser - No producer found for character: 0
10:02:02.688 [FXGL Background Thread 1 ] WARN  FXGL.TextLevelParser - No producer found for character: 0
10:02:02.688 [FXGL Background Thread 1 ] WARN  FXGL.TextLevelParser - No producer found for character: 0
10:02:02.688 [FXGL Background Thread 1 ] WARN  FXGL.TextLevelParser - No producer found for character: 0
10:02:02.688 [FXGL Background Thread 1 ] WARN  FXGL.TextLevelParser - No producer found for character: 0
10:02:02.688 [FXGL Background Thread 1 ] WARN  FXGL.TextLevelParser - No producer found for character: 0
10:02:02.689 [FXGL Background Thread 1 ] WARN  FXGL.TextLevelParser - No producer found for character: 0
10:02:02.689 [FXGL Background Thread 1 ] WARN  FXGL.TextLevelParser - No producer found for character: 0
10:02:02.689 [FXGL Background Thread 1 ] WARN  FXGL.TextLevelParser - No producer found for character: 0
10:02:02.689 [FXGL Background Thread 1 ] WARN  FXGL.TextLevelParser - No producer found for character: 0
10:02:02.689 [FXGL Background Thread 1 ] WARN  FXGL.TextLevelParser - No producer found for character: 0
10:02:02.689 [FXGL Background Thread 1 ] WARN  FXGL.TextLevelParser - No producer found for character: 0
10:02:02.689 [FXGL Background Thread 1 ] WARN  FXGL.TextLevelParser - No producer found for character: 0
10:02:02.689 [FXGL Background Thread 1 ] WARN  FXGL.TextLevelParser - No producer found for character: 0
10:02:02.690 [FXGL Background Thread 1 ] WARN  FXGL.TextLevelParser - No producer found for character: 0
10:02:02.690 [FXGL Background Thread 1 ] WARN  FXGL.TextLevelParser - No producer found for character: 0
10:02:02.691 [FXGL Background Thread 1 ] WARN  FXGL.TextLevelParser - No producer found for character: 0
10:02:02.691 [FXGL Background Thread 1 ] WARN  FXGL.TextLevelParser - No producer found for character: 0
10:02:02.691 [FXGL Background Thread 1 ] WARN  FXGL.TextLevelParser - No producer found for character: 0
10:02:02.691 [FXGL Background Thread 1 ] WARN  FXGL.TextLevelParser - No producer found for character: 0
10:02:02.691 [FXGL Background Thread 1 ] WARN  FXGL.TextLevelParser - No producer found for character: 0
10:02:02.691 [FXGL Background Thread 1 ] WARN  FXGL.TextLevelParser - No producer found for character: 0
10:02:02.691 [FXGL Background Thread 1 ] WARN  FXGL.TextLevelParser - No producer found for character: 0
10:02:02.691 [FXGL Background Thread 1 ] WARN  FXGL.TextLevelParser - No producer found for character: 0
10:02:02.691 [FXGL Background Thread 1 ] WARN  FXGL.TextLevelParser - No producer found for character: 0
10:02:02.691 [FXGL Background Thread 1 ] WARN  FXGL.TextLevelParser - No producer found for character: 0
10:02:02.692 [FXGL Background Thread 1 ] WARN  FXGL.TextLevelParser - No producer found for character: 0
10:02:02.692 [FXGL Background Thread 1 ] WARN  FXGL.TextLevelParser - No producer found for character: 0
10:02:02.692 [FXGL Background Thread 1 ] WARN  FXGL.TextLevelParser - No producer found for character: 0
10:02:02.692 [FXGL Background Thread 1 ] WARN  FXGL.TextLevelParser - No producer found for character: 0
10:02:02.692 [FXGL Background Thread 1 ] WARN  FXGL.TextLevelParser - No producer found for character: 0
10:02:02.692 [FXGL Background Thread 1 ] WARN  FXGL.TextLevelParser - No producer found for character: 0
10:02:02.692 [FXGL Background Thread 1 ] WARN  FXGL.TextLevelParser - No producer found for character: 0
10:02:02.693 [FXGL Background Thread 1 ] DEBUG AssetLoader          - Loading from disk: /assets/textures/bar.png
10:02:02.695 [FXGL Background Thread 1 ] WARN  FXGL.TextLevelParser - No producer found for character: 0
10:02:02.695 [FXGL Background Thread 1 ] WARN  FXGL.TextLevelParser - No producer found for character: 0
10:02:02.695 [FXGL Background Thread 1 ] WARN  FXGL.TextLevelParser - No producer found for character: 0
10:02:02.695 [FXGL Background Thread 1 ] WARN  FXGL.TextLevelParser - No producer found for character: 0
10:02:02.695 [FXGL Background Thread 1 ] WARN  FXGL.TextLevelParser - No producer found for character: 0
10:02:02.695 [FXGL Background Thread 1 ] WARN  FXGL.TextLevelParser - No producer found for character: 0
10:02:02.695 [FXGL Background Thread 1 ] WARN  FXGL.TextLevelParser - No producer found for character: 0
10:02:02.696 [FXGL Background Thread 1 ] WARN  FXGL.TextLevelParser - No producer found for character: 0
10:02:02.696 [FXGL Background Thread 1 ] WARN  FXGL.TextLevelParser - No producer found for character: 0
10:02:02.696 [FXGL Background Thread 1 ] WARN  FXGL.TextLevelParser - No producer found for character: 0
10:02:02.696 [FXGL Background Thread 1 ] WARN  FXGL.TextLevelParser - No producer found for character: 0
10:02:02.696 [FXGL Background Thread 1 ] WARN  FXGL.TextLevelParser - No producer found for character: 0
10:02:02.696 [FXGL Background Thread 1 ] WARN  FXGL.TextLevelParser - No producer found for character: 0
10:02:02.696 [FXGL Background Thread 1 ] WARN  FXGL.TextLevelParser - No producer found for character: 0
10:02:02.696 [FXGL Background Thread 1 ] WARN  FXGL.TextLevelParser - No producer found for character: 0
10:02:02.696 [FXGL Background Thread 1 ] WARN  FXGL.TextLevelParser - No producer found for character: 0
10:02:02.696 [FXGL Background Thread 1 ] WARN  FXGL.TextLevelParser - No producer found for character: 0
10:02:02.697 [FXGL Background Thread 1 ] WARN  FXGL.TextLevelParser - No producer found for character: 0
10:02:02.697 [FXGL Background Thread 1 ] WARN  FXGL.TextLevelParser - No producer found for character: 0
10:02:02.697 [FXGL Background Thread 1 ] WARN  FXGL.TextLevelParser - No producer found for character: 0
10:02:02.697 [FXGL Background Thread 1 ] WARN  FXGL.TextLevelParser - No producer found for character: 0
10:02:02.697 [FXGL Background Thread 1 ] WARN  FXGL.TextLevelParser - No producer found for character: 0
10:02:02.697 [FXGL Background Thread 1 ] WARN  FXGL.TextLevelParser - No producer found for character: 0
10:02:02.697 [FXGL Background Thread 1 ] WARN  FXGL.TextLevelParser - No producer found for character: 0
10:02:02.697 [FXGL Background Thread 1 ] WARN  FXGL.TextLevelParser - No producer found for character: 0
10:02:02.697 [FXGL Background Thread 1 ] WARN  FXGL.TextLevelParser - No producer found for character: 0
10:02:02.698 [FXGL Background Thread 1 ] DEBUG AssetLoader          - Loading from disk: /assets/textures/fire.png
10:02:02.708 [FXGL Background Thread 1 ] WARN  FXGL.TextLevelParser - No producer found for character: 0
10:02:02.709 [FXGL Background Thread 1 ] DEBUG AssetLoader          - Loading from cache: /assets/textures/fire.png@100.0x80.0
10:02:02.710 [FXGL Background Thread 1 ] WARN  FXGL.TextLevelParser - No producer found for character: 0
10:02:02.710 [FXGL Background Thread 1 ] DEBUG AssetLoader          - Loading from cache: /assets/textures/fire.png@100.0x80.0
10:02:02.711 [FXGL Background Thread 1 ] WARN  FXGL.TextLevelParser - No producer found for character: 0
10:02:02.711 [FXGL Background Thread 1 ] DEBUG AssetLoader          - Loading from cache: /assets/textures/fire.png@100.0x80.0
10:02:02.712 [FXGL Background Thread 1 ] WARN  FXGL.TextLevelParser - No producer found for character: 0
10:02:02.713 [FXGL Background Thread 1 ] DEBUG AssetLoader          - Loading from cache: /assets/textures/fire.png@100.0x80.0
10:02:02.714 [FXGL Background Thread 1 ] WARN  FXGL.TextLevelParser - No producer found for character: 0
10:02:02.715 [FXGL Background Thread 1 ] DEBUG AssetLoader          - Loading from cache: /assets/textures/fire.png@100.0x80.0
10:02:02.716 [FXGL Background Thread 1 ] WARN  FXGL.TextLevelParser - No producer found for character: 0
10:02:02.716 [FXGL Background Thread 1 ] DEBUG AssetLoader          - Loading from cache: /assets/textures/fire.png@100.0x80.0
10:02:02.717 [FXGL Background Thread 1 ] WARN  FXGL.TextLevelParser - No producer found for character: 0
10:02:02.718 [FXGL Background Thread 1 ] DEBUG AssetLoader          - Loading from cache: /assets/textures/fire.png@100.0x80.0
10:02:02.719 [FXGL Background Thread 1 ] WARN  FXGL.TextLevelParser - No producer found for character: 0
10:02:02.719 [FXGL Background Thread 1 ] DEBUG AssetLoader          - Loading from cache: /assets/textures/fire.png@100.0x80.0
10:02:02.720 [FXGL Background Thread 1 ] WARN  FXGL.TextLevelParser - No producer found for character: 0
10:02:02.722 [FXGL Background Thread 1 ] DEBUG GameWorld            - Clearing removable entities
10:02:02.722 [FXGL Background Thread 1 ] DEBUG GameWorld            - Setting level: com.almasb.fxgl.entity.Level@342246ef
10:02:02.759 [FXGL Background Thread 1 ] DEBUG GameScene            - Creating render group for layer: DEFAULT(100000)
10:02:02.776 [FXGL Background Thread 1 ] DEBUG GameScene            - Creating render group for layer: BACKGROUND(1000)
10:02:02.778 [FXGL Background Thread 1 ] DEBUG InitAppTask          - Initializing Physics
10:02:02.779 [FXGL Background Thread 1 ] DEBUG InitAppTask          - Initializing UI
10:02:02.780 [FXGL Background Thread 1 ] DEBUG InitAppTask          - Initialization Complete
10:02:02.780 [FXGL Background Thread 1 ] INFO  InitAppTask          - Game initialization took: 0,249 sec
10:02:02.790 [JavaFX Application Thread] DEBUG Input                - Clearing active input actions
10:02:02.799 [JavaFX Application Thread] DEBUG AppStateMachine      - LoadingState -> PlayState
10:02:11.833 [JavaFX Application Thread] DEBUG GameApplication      - Exiting game application
10:02:11.834 [JavaFX Application Thread] DEBUG GameApplication      - Shutting down background threads
10:02:11.834 [JavaFX Application Thread] DEBUG GameApplication      - Exiting FXGL
10:02:11.834 [JavaFX Application Thread] DEBUG FXGL                 - Saving FXGL system data
10:02:11.837 [JavaFX Application Thread] DEBUG FS                   - Writing to: system\fxgl.bundle
10:02:11.841 [JavaFX Application Thread] DEBUG GameApplication      - Closing logger and exiting JavaFX
