10:57:05.196 [JavaFX Application Thread] DEBUG GameApplication      - Logger initialized
10:57:05.212 [JavaFX Application Thread] DEBUG GameApplication      - Logging settings
Title: Breakout
Version: 0.1
Width: 800
Height: 600
Fullscreen: false
Intro: true
Menus: false
Profiling: false
Single step:false
App Mode: DEVELOPER
Menu Key: ESCAPE
Stage Style: DECORATED
Scene Factory: class com.almasb.fxgl.scene.SceneFactory
Dialog Factory: class com.almasb.fxgl.ui.FXGLDialogFactory
UI Factory: class com.almasb.fxgl.ui.FXGLUIFactory
Notification Service: class com.almasb.fxgl.gameplay.notification.XboxNotificationView
Exception Handler: class com.almasb.fxgl.app.FXGLExceptionHandler
10:57:05.212 [JavaFX Application Thread] DEBUG GameApplication      - Starting FXGL
10:57:05.224 [JavaFX Application Thread] INFO  FXGL                 - FXGL-0.5.4 on DESKTOP
10:57:05.224 [JavaFX Application Thread] INFO  FXGL                 - Source code and latest versions at: https://github.com/AlmasB/FXGL
10:57:05.225 [JavaFX Application Thread] INFO  FXGL                 -              Join the FXGL chat at: https://gitter.im/AlmasB/FXGL
10:57:05.225 [JavaFX Application Thread] DEBUG FXGL                 - FXGL started
10:57:05.225 [JavaFX Application Thread] DEBUG FXGL                 - Initializing FXGL
10:57:05.275 [JavaFX Application Thread] DEBUG AssetLoader          - Loading from disk: /assets/ui/cursors/fxgl_default.png
10:57:05.361 [JavaFX Application Thread] DEBUG AssetLoader          - Loading from disk: /assets/ui/fonts/VarelaRound-Regular.ttf
10:57:05.590 [JavaFX Application Thread] DEBUG MainWindow           - Creating a JavaFX scene
10:57:05.621 [JavaFX Application Thread] DEBUG MainWindow           - Target settings size: 800.0 x 600.0
10:57:05.621 [JavaFX Application Thread] DEBUG MainWindow           - Scaled scene size:    800.0 x 600.0
10:57:05.622 [JavaFX Application Thread] DEBUG MainWindow           - Scaled ratio: (1.0, 1.0)
10:57:05.624 [JavaFX Application Thread] DEBUG AssetLoader          - Loading from disk: /assets/ui/css/fxgl_dark.css
10:57:05.627 [JavaFX Application Thread] DEBUG AssetLoader          - Loading from disk: /assets/textures/fxgl_icon.png
10:57:05.649 [JavaFX Application Thread] DEBUG MainWindow           - Opening main window
10:57:05.787 [JavaFX Application Thread] DEBUG MainWindow           - Window border size: (14.4000244140625, 37.5999755859375)
10:57:05.787 [JavaFX Application Thread] DEBUG MainWindow           - Scaled size: 800.0 x 600.0
10:57:05.787 [JavaFX Application Thread] DEBUG MainWindow           - Scaled ratio: (1.0, 1.0)
10:57:05.788 [JavaFX Application Thread] DEBUG MainWindow           - Scene size: 800.0 x 600.0
10:57:05.788 [JavaFX Application Thread] DEBUG MainWindow           - Stage size: 814.4000244140625 x 637.5999755859375
10:57:05.863 [ForkJoinPool.commonPool-worker-9] DEBUG FS                   - Loaded DesktopFSService
10:57:05.864 [ForkJoinPool.commonPool-worker-9] DEBUG FXGL                 - Loading FXGL system data
10:57:05.876 [ForkJoinPool.commonPool-worker-9] DEBUG DesktopFSService     - Reading from: system\fxgl.bundle
10:57:05.889 [ForkJoinPool.commonPool-worker-9] DEBUG Bundle               - Logging bundle: FXGL
10:57:05.890 [ForkJoinPool.commonPool-worker-9] DEBUG Bundle               - FXGL.offline.timer.version.check=2019-01-24T08:55:57.713219300
10:57:05.891 [ForkJoinPool.commonPool-worker-9] DEBUG FXGL                 - Initializing state machine and application states
10:57:05.893 [ForkJoinPool.commonPool-worker-9] DEBUG AssetLoader          - Loading from disk: /assets/ui/cursors/fxgl_default.png
10:57:05.904 [ForkJoinPool.commonPool-worker-9] DEBUG AssetLoader          - Loading from disk: /assets/ui/cursors/fxgl_default.png
10:57:05.912 [ForkJoinPool.commonPool-worker-9] DEBUG AssetLoader          - Loading from cache: /assets/ui/fonts/VarelaRound-Regular.ttf
10:57:05.917 [ForkJoinPool.commonPool-worker-9] DEBUG AssetLoader          - Loading from disk: /assets/ui/cursors/fxgl_default.png
10:57:05.920 [ForkJoinPool.commonPool-worker-9] DEBUG GameScene            - Game scene initialized: 800x600
10:57:05.928 [ForkJoinPool.commonPool-worker-9] DEBUG GameWorld            - Game world initialized
10:57:06.011 [ForkJoinPool.commonPool-worker-9] DEBUG PhysicsWorld         - Physics world initialized: appHeight=600, physics.ppm=50,0
10:57:06.036 [ForkJoinPool.commonPool-worker-9] DEBUG Input                - Registered new binding: Pause - Esc
10:57:06.060 [ForkJoinPool.commonPool-worker-9] DEBUG AssetLoader          - Loading from disk: /assets/ui/cursors/fxgl_default.png
10:57:06.071 [ForkJoinPool.commonPool-worker-9] DEBUG AssetLoader          - Loading from disk: /assets/textures/particles/explosion.png
10:57:06.125 [ForkJoinPool.commonPool-worker-9] DEBUG AssetLoader          - Loading from cache: /assets/ui/fonts/VarelaRound-Regular.ttf
10:57:06.126 [ForkJoinPool.commonPool-worker-9] DEBUG AssetLoader          - Loading from cache: /assets/ui/fonts/VarelaRound-Regular.ttf
10:57:06.127 [ForkJoinPool.commonPool-worker-9] DEBUG AssetLoader          - Loading from cache: /assets/ui/fonts/VarelaRound-Regular.ttf
10:57:06.127 [ForkJoinPool.commonPool-worker-9] DEBUG AssetLoader          - Loading from cache: /assets/ui/fonts/VarelaRound-Regular.ttf
10:57:06.166 [JavaFX Application Thread] DEBUG FXGL                 - Running preInit()
10:57:06.167 [JavaFX Application Thread] DEBUG Input                - Registered new binding: Screenshot - P
10:57:06.168 [JavaFX Application Thread] DEBUG Input                - Registered new binding: Dev Options - CTRL+0
10:57:06.168 [JavaFX Application Thread] DEBUG Input                - Registered new binding: System info dump - CTRL+9
10:57:06.169 [JavaFX Application Thread] DEBUG Input                - Registered new binding: Restart - CTRL+R
10:57:06.169 [JavaFX Application Thread] INFO  FXGL                 - FXGL initialization took: 0,944 sec
10:57:06.169 [JavaFX Application Thread] DEBUG LoopRunner           - Starting loop
10:57:06.170 [JavaFX Application Thread] DEBUG StartupState         - STARTUP
10:57:06.171 [JavaFX Application Thread] DEBUG Input                - Clearing active input actions
10:57:06.172 [JavaFX Application Thread] DEBUG AssetLoader          - Loading from disk: /assets/ui/css/fxgl_dark.css
10:57:06.181 [JavaFX Application Thread] DEBUG AppStateMachine      - StartupState -> IntroState
10:57:10.711 [JavaFX Application Thread] DEBUG EventBus             - Firing event: IntroFinishedEvent
10:57:10.714 [JavaFX Application Thread] DEBUG GameApplication      - Starting new game
10:57:10.714 [JavaFX Application Thread] DEBUG Input                - Clearing active input actions
10:57:10.715 [JavaFX Application Thread] DEBUG AssetLoader          - Loading from disk: /assets/ui/css/fxgl_dark.css
10:57:10.722 [JavaFX Application Thread] DEBUG AppStateMachine      - IntroState -> LoadingState
10:57:10.727 [FXGL Background Thread 1 ] DEBUG InitAppTask          - Clearing previous game
10:57:10.727 [FXGL Background Thread 1 ] DEBUG GameWorld            - Clearing game world
10:57:10.727 [FXGL Background Thread 1 ] DEBUG PhysicsWorld         - Clearing physics world
10:57:10.727 [FXGL Background Thread 1 ] DEBUG GameScene            - Clearing game scene
10:57:10.730 [FXGL Background Thread 1 ] DEBUG InitAppTask          - Initializing Game
10:57:10.737 [FXGL Background Thread 1 ] DEBUG InitAppTask          - Initializing Physics
10:57:10.737 [FXGL Background Thread 1 ] DEBUG InitAppTask          - Initializing UI
10:57:10.738 [FXGL Background Thread 1 ] DEBUG InitAppTask          - Initialization Complete
10:57:10.738 [FXGL Background Thread 1 ] INFO  InitAppTask          - Game initialization took: 0,011 sec
10:57:10.759 [JavaFX Application Thread] DEBUG Input                - Clearing active input actions
10:57:10.759 [JavaFX Application Thread] DEBUG AssetLoader          - Loading from disk: /assets/ui/css/fxgl_dark.css
10:57:10.766 [JavaFX Application Thread] DEBUG AppStateMachine      - LoadingState -> PlayState
10:57:16.353 [JavaFX Application Thread] DEBUG FXGL                 - Exiting FXGL
10:57:16.353 [JavaFX Application Thread] DEBUG FXGL                 - Shutting down background threads
10:57:16.354 [JavaFX Application Thread] DEBUG FXGL                 - Saving FXGL system data
10:57:16.356 [JavaFX Application Thread] DEBUG DesktopFSService     - Writing to: system\fxgl.bundle
10:57:16.360 [JavaFX Application Thread] DEBUG FXGL                 - Closing logger and exiting JavaFX
