09:03:03.362 [JavaFX Application Thread] DEBUG GameApplication      - Logger initialized
09:03:03.379 [JavaFX Application Thread] DEBUG MainWindow           - Creating a JavaFX scene
09:03:03.491 [JavaFX Application Thread] DEBUG MainWindow           - Target settings size: 880.0 x 780.0
09:03:03.491 [JavaFX Application Thread] DEBUG MainWindow           - Scaled scene size:    880.0 x 780.0
09:03:03.492 [JavaFX Application Thread] DEBUG MainWindow           - Scaled ratio: (1.0, 1.0)
09:03:03.495 [JavaFX Application Thread] DEBUG GameApplication      - Starting FXGL
09:03:03.516 [FXGL Launcher Thread     ] INFO  FXGL                 - FXGL-0.5.0 on DESKTOP
09:03:03.516 [FXGL Launcher Thread     ] INFO  FXGL                 - Source code and latest versions at: https://github.com/AlmasB/FXGL
09:03:03.516 [FXGL Launcher Thread     ] INFO  FXGL                 -              Join the FXGL chat at: https://gitter.im/AlmasB/FXGL
09:03:03.520 [FXGL Launcher Thread     ] DEBUG FXGL                 - Loading FXGL system data
09:03:03.530 [FXGL Launcher Thread     ] DEBUG FS                   - Reading from: system\fxgl.bundle
09:03:03.541 [FXGL Launcher Thread     ] DEBUG Bundle               - Logging bundle: FXGL
09:03:03.541 [FXGL Launcher Thread     ] DEBUG Bundle               - FXGL.offline.timer.version.check=2019-01-24T08:55:57.713219300
09:03:03.568 [FXGL Launcher Thread     ] DEBUG GameApplication      - FXGL started
09:03:03.568 [FXGL Launcher Thread     ] DEBUG GameApplication      - Logging game settings
Title: Breakout
Version: 0.1
Width: 880
Height: 780
Fullscreen: false
Intro: false
Menus: false
Profiling: false
Single step:false
App Mode: DEVELOPER
Menu Key: ESCAPE
Stage Style: DECORATED
Scene Factory: class com.almasb.fxgl.scene.SceneFactory
Dialog Factory: class com.almasb.fxgl.ui.FXGLDialogFactory
UI Factory: class com.almasb.fxgl.ui.FXGLUIFactory
Notification Service: class com.almasb.fxgl.gameplay.notification.XboxNotificationView
Exception Handler: class com.almasb.fxgl.app.FXGLExceptionHandler
09:03:03.569 [FXGL Launcher Thread     ] DEBUG GameApplication      - Configuring GameApplication
09:03:03.569 [FXGL Launcher Thread     ] DEBUG GameApplication      - Initializing state machine and application states
09:03:03.581 [FXGL Launcher Thread     ] DEBUG AssetLoader          - Loading from disk: /assets/ui/cursors/fxgl_default.png
09:03:03.599 [FXGL Launcher Thread     ] DEBUG AssetLoader          - Loading from disk: /assets/ui/cursors/fxgl_default.png
09:03:03.620 [FXGL Launcher Thread     ] DEBUG FXGLAssets           - Loading FXGLAssets
09:03:03.650 [FXGL Launcher Thread     ] DEBUG AssetLoader          - Loading from disk: /assets/ui/fonts/VarelaRound-Regular.ttf
09:03:03.830 [FXGL Launcher Thread     ] DEBUG AssetLoader          - Loading from disk: /assets/ui/fonts/lucida_console.ttf
09:03:03.835 [FXGL Launcher Thread     ] DEBUG AssetLoader          - Loading from disk: /assets/ui/css/fxgl_dark.css
09:03:03.835 [FXGL Launcher Thread     ] DEBUG AssetLoader          - Loading from disk: /assets/ui/icons/fxgl_icon.png
09:03:03.874 [FXGL Launcher Thread     ] DEBUG AssetLoader          - Loading from disk: /assets/ui/cursors/fxgl_default.png
09:03:03.880 [FXGL Launcher Thread     ] DEBUG AssetLoader          - Loading from disk: /assets/ui/cursors/fxgl_default.png
09:03:03.904 [FXGL Launcher Thread     ] DEBUG GameScene            - Game scene initialized: 880x780
09:03:03.912 [FXGL Launcher Thread     ] DEBUG GameWorld            - Game world initialized
09:03:03.985 [FXGL Launcher Thread     ] DEBUG PhysicsWorld         - Physics world initialized: appHeight=780, physics.ppm=50,0
09:03:03.999 [FXGL Launcher Thread     ] DEBUG Input                - Registered new binding: Pause - Esc
09:03:04.018 [FXGL Launcher Thread     ] DEBUG Input                - Clearing active input actions
09:03:04.054 [FXGL Launcher Thread     ] DEBUG AppStateMachine      - StartupState -> StartupState
09:03:04.062 [FXGL Launcher Thread     ] INFO  GameApplication      - Game configuration took:  0,493 sec
09:03:04.066 [JavaFX Application Thread] DEBUG MainWindow           - Opening main window
09:03:04.169 [JavaFX Application Thread] DEBUG MainWindow           - Window border size: (14.4000244140625, 37.5999755859375)
09:03:04.169 [JavaFX Application Thread] DEBUG MainWindow           - Scaled size: 880.0 x 780.0
09:03:04.169 [JavaFX Application Thread] DEBUG MainWindow           - Scaled ratio: (1.0, 1.0)
09:03:04.169 [JavaFX Application Thread] DEBUG MainWindow           - Scene size: 880.0 x 780.0
09:03:04.169 [JavaFX Application Thread] DEBUG MainWindow           - Stage size: 894.4000244140625 x 817.5999755859375
09:03:04.169 [JavaFX Application Thread] DEBUG GameApplication      - Running preInit()
09:03:04.171 [JavaFX Application Thread] DEBUG Input                - Registered new binding: Screenshot - P
09:03:04.172 [JavaFX Application Thread] DEBUG Input                - Registered new binding: Dev Options - CTRL+0
09:03:04.173 [JavaFX Application Thread] DEBUG Input                - Registered new binding: System info dump - CTRL+9
09:03:04.173 [JavaFX Application Thread] DEBUG Input                - Registered new binding: Restart - CTRL+R
09:03:04.174 [JavaFX Application Thread] DEBUG Input                - Registered new binding: Move Left - A
09:03:04.174 [JavaFX Application Thread] DEBUG Input                - Registered new binding: Move Right - D
09:03:04.189 [JavaFX Application Thread] DEBUG GameApplication      - Starting main loop
09:03:04.192 [JavaFX Application Thread] DEBUG StartupState         - STARTUP
09:03:04.192 [JavaFX Application Thread] DEBUG GameApplication      - Starting new game
09:03:04.193 [JavaFX Application Thread] DEBUG Input                - Clearing active input actions
09:03:04.204 [JavaFX Application Thread] DEBUG AppStateMachine      - StartupState -> LoadingState
09:03:04.208 [FXGL Background Thread 1 ] DEBUG InitAppTask          - Clearing previous game
09:03:04.208 [FXGL Background Thread 1 ] DEBUG GameWorld            - Clearing game world
09:03:04.208 [FXGL Background Thread 1 ] DEBUG PhysicsWorld         - Clearing physics world
09:03:04.208 [FXGL Background Thread 1 ] DEBUG GameScene            - Clearing game scene
09:03:04.209 [FXGL Background Thread 1 ] DEBUG InitAppTask          - Initializing Game
09:03:04.250 [FXGL Background Thread 1 ] DEBUG AssetLoader          - Loading from disk: /assets/text/levels/deathbricks.txt
09:03:04.251 [FXGL Background Thread 1 ] WARN  FXGL.TextLevelParser - No producer found for character: 0
09:03:04.251 [FXGL Background Thread 1 ] WARN  FXGL.TextLevelParser - No producer found for character: 0
09:03:04.252 [FXGL Background Thread 1 ] WARN  FXGL.TextLevelParser - No producer found for character: 0
09:03:04.252 [FXGL Background Thread 1 ] WARN  FXGL.TextLevelParser - No producer found for character: 0
09:03:04.252 [FXGL Background Thread 1 ] WARN  FXGL.TextLevelParser - No producer found for character: 0
09:03:04.252 [FXGL Background Thread 1 ] WARN  FXGL.TextLevelParser - No producer found for character: 0
09:03:04.252 [FXGL Background Thread 1 ] WARN  FXGL.TextLevelParser - No producer found for character: 0
09:03:04.252 [FXGL Background Thread 1 ] WARN  FXGL.TextLevelParser - No producer found for character: 0
09:03:04.253 [FXGL Background Thread 1 ] WARN  FXGL.TextLevelParser - No producer found for character: 0
09:03:04.253 [FXGL Background Thread 1 ] WARN  FXGL.TextLevelParser - No producer found for character: 0
09:03:04.253 [FXGL Background Thread 1 ] WARN  FXGL.TextLevelParser - No producer found for character: 0
09:03:04.253 [FXGL Background Thread 1 ] WARN  FXGL.TextLevelParser - No producer found for character: 0
09:03:04.253 [FXGL Background Thread 1 ] WARN  FXGL.TextLevelParser - No producer found for character: 0
09:03:04.253 [FXGL Background Thread 1 ] WARN  FXGL.TextLevelParser - No producer found for character: 0
09:03:04.254 [FXGL Background Thread 1 ] WARN  FXGL.TextLevelParser - No producer found for character: 0
09:03:04.254 [FXGL Background Thread 1 ] WARN  FXGL.TextLevelParser - No producer found for character: 0
09:03:04.254 [FXGL Background Thread 1 ] WARN  FXGL.TextLevelParser - No producer found for character: 0
09:03:04.254 [FXGL Background Thread 1 ] WARN  FXGL.TextLevelParser - No producer found for character: 0
09:03:04.254 [FXGL Background Thread 1 ] WARN  FXGL.TextLevelParser - No producer found for character: 0
09:03:04.254 [FXGL Background Thread 1 ] WARN  FXGL.TextLevelParser - No producer found for character: 0
09:03:04.254 [FXGL Background Thread 1 ] WARN  FXGL.TextLevelParser - No producer found for character: 0
09:03:04.255 [FXGL Background Thread 1 ] WARN  FXGL.TextLevelParser - No producer found for character: 0
09:03:04.255 [FXGL Background Thread 1 ] WARN  FXGL.TextLevelParser - No producer found for character: 0
09:03:04.293 [FXGL Background Thread 1 ] DEBUG AssetLoader          - Loading from disk: /assets/textures/brick1.png
09:03:04.309 [FXGL Background Thread 1 ] DEBUG AssetLoader          - Loading from cache: /assets/textures/brick1.png@50.0x24.0
09:03:04.314 [FXGL Background Thread 1 ] DEBUG AssetLoader          - Loading from cache: /assets/textures/brick1.png@50.0x24.0
09:03:04.315 [FXGL Background Thread 1 ] DEBUG AssetLoader          - Loading from cache: /assets/textures/brick1.png@50.0x24.0
09:03:04.317 [FXGL Background Thread 1 ] DEBUG AssetLoader          - Loading from cache: /assets/textures/brick1.png@50.0x24.0
09:03:04.318 [FXGL Background Thread 1 ] DEBUG AssetLoader          - Loading from cache: /assets/textures/brick1.png@50.0x24.0
09:03:04.319 [FXGL Background Thread 1 ] DEBUG AssetLoader          - Loading from cache: /assets/textures/brick1.png@50.0x24.0
09:03:04.321 [FXGL Background Thread 1 ] DEBUG AssetLoader          - Loading from cache: /assets/textures/brick1.png@50.0x24.0
09:03:04.324 [FXGL Background Thread 1 ] DEBUG AssetLoader          - Loading from cache: /assets/textures/brick1.png@50.0x24.0
09:03:04.326 [FXGL Background Thread 1 ] DEBUG AssetLoader          - Loading from cache: /assets/textures/brick1.png@50.0x24.0
09:03:04.327 [FXGL Background Thread 1 ] DEBUG AssetLoader          - Loading from cache: /assets/textures/brick1.png@50.0x24.0
09:03:04.328 [FXGL Background Thread 1 ] DEBUG AssetLoader          - Loading from cache: /assets/textures/brick1.png@50.0x24.0
09:03:04.329 [FXGL Background Thread 1 ] DEBUG AssetLoader          - Loading from cache: /assets/textures/brick1.png@50.0x24.0
09:03:04.331 [FXGL Background Thread 1 ] DEBUG AssetLoader          - Loading from cache: /assets/textures/brick1.png@50.0x24.0
09:03:04.332 [FXGL Background Thread 1 ] DEBUG AssetLoader          - Loading from cache: /assets/textures/brick1.png@50.0x24.0
09:03:04.333 [FXGL Background Thread 1 ] DEBUG AssetLoader          - Loading from cache: /assets/textures/brick1.png@50.0x24.0
09:03:04.335 [FXGL Background Thread 1 ] DEBUG AssetLoader          - Loading from cache: /assets/textures/brick1.png@50.0x24.0
09:03:04.336 [FXGL Background Thread 1 ] DEBUG AssetLoader          - Loading from cache: /assets/textures/brick1.png@50.0x24.0
09:03:04.339 [FXGL Background Thread 1 ] DEBUG AssetLoader          - Loading from cache: /assets/textures/brick1.png@50.0x24.0
09:03:04.342 [FXGL Background Thread 1 ] DEBUG AssetLoader          - Loading from cache: /assets/textures/brick1.png@50.0x24.0
09:03:04.343 [FXGL Background Thread 1 ] DEBUG AssetLoader          - Loading from cache: /assets/textures/brick1.png@50.0x24.0
09:03:04.344 [FXGL Background Thread 1 ] DEBUG AssetLoader          - Loading from cache: /assets/textures/brick1.png@50.0x24.0
09:03:04.345 [FXGL Background Thread 1 ] DEBUG AssetLoader          - Loading from cache: /assets/textures/brick1.png@50.0x24.0
09:03:04.346 [FXGL Background Thread 1 ] WARN  FXGL.TextLevelParser - No producer found for character: 0
09:03:04.346 [FXGL Background Thread 1 ] WARN  FXGL.TextLevelParser - No producer found for character: 0
09:03:04.346 [FXGL Background Thread 1 ] WARN  FXGL.TextLevelParser - No producer found for character: 0
09:03:04.346 [FXGL Background Thread 1 ] WARN  FXGL.TextLevelParser - No producer found for character: 0
09:03:04.346 [FXGL Background Thread 1 ] WARN  FXGL.TextLevelParser - No producer found for character: 0
09:03:04.346 [FXGL Background Thread 1 ] WARN  FXGL.TextLevelParser - No producer found for character: 0
09:03:04.346 [FXGL Background Thread 1 ] WARN  FXGL.TextLevelParser - No producer found for character: 0
09:03:04.347 [FXGL Background Thread 1 ] WARN  FXGL.TextLevelParser - No producer found for character: 0
09:03:04.347 [FXGL Background Thread 1 ] WARN  FXGL.TextLevelParser - No producer found for character: 0
09:03:04.347 [FXGL Background Thread 1 ] WARN  FXGL.TextLevelParser - No producer found for character: 0
09:03:04.347 [FXGL Background Thread 1 ] WARN  FXGL.TextLevelParser - No producer found for character: 0
09:03:04.347 [FXGL Background Thread 1 ] WARN  FXGL.TextLevelParser - No producer found for character: 0
09:03:04.347 [FXGL Background Thread 1 ] WARN  FXGL.TextLevelParser - No producer found for character: 0
09:03:04.347 [FXGL Background Thread 1 ] WARN  FXGL.TextLevelParser - No producer found for character: 0
09:03:04.347 [FXGL Background Thread 1 ] WARN  FXGL.TextLevelParser - No producer found for character: 0
09:03:04.347 [FXGL Background Thread 1 ] WARN  FXGL.TextLevelParser - No producer found for character: 0
09:03:04.348 [FXGL Background Thread 1 ] WARN  FXGL.TextLevelParser - No producer found for character: 0
09:03:04.348 [FXGL Background Thread 1 ] WARN  FXGL.TextLevelParser - No producer found for character: 0
09:03:04.348 [FXGL Background Thread 1 ] WARN  FXGL.TextLevelParser - No producer found for character: 0
09:03:04.348 [FXGL Background Thread 1 ] WARN  FXGL.TextLevelParser - No producer found for character: 0
09:03:04.348 [FXGL Background Thread 1 ] WARN  FXGL.TextLevelParser - No producer found for character: 0
09:03:04.348 [FXGL Background Thread 1 ] WARN  FXGL.TextLevelParser - No producer found for character: 0
09:03:04.348 [FXGL Background Thread 1 ] WARN  FXGL.TextLevelParser - No producer found for character: 0
09:03:04.349 [FXGL Background Thread 1 ] WARN  FXGL.TextLevelParser - No producer found for character: 0
09:03:04.349 [FXGL Background Thread 1 ] WARN  FXGL.TextLevelParser - No producer found for character: 0
09:03:04.349 [FXGL Background Thread 1 ] WARN  FXGL.TextLevelParser - No producer found for character: 0
09:03:04.349 [FXGL Background Thread 1 ] WARN  FXGL.TextLevelParser - No producer found for character: 0
09:03:04.349 [FXGL Background Thread 1 ] WARN  FXGL.TextLevelParser - No producer found for character: 0
09:03:04.349 [FXGL Background Thread 1 ] WARN  FXGL.TextLevelParser - No producer found for character: 0
09:03:04.350 [FXGL Background Thread 1 ] WARN  FXGL.TextLevelParser - No producer found for character: 0
09:03:04.350 [FXGL Background Thread 1 ] WARN  FXGL.TextLevelParser - No producer found for character: 0
09:03:04.350 [FXGL Background Thread 1 ] WARN  FXGL.TextLevelParser - No producer found for character: 0
09:03:04.350 [FXGL Background Thread 1 ] WARN  FXGL.TextLevelParser - No producer found for character: 0
09:03:04.350 [FXGL Background Thread 1 ] WARN  FXGL.TextLevelParser - No producer found for character: 0
09:03:04.350 [FXGL Background Thread 1 ] WARN  FXGL.TextLevelParser - No producer found for character: 0
09:03:04.350 [FXGL Background Thread 1 ] WARN  FXGL.TextLevelParser - No producer found for character: 0
09:03:04.351 [FXGL Background Thread 1 ] WARN  FXGL.TextLevelParser - No producer found for character: 0
09:03:04.351 [FXGL Background Thread 1 ] WARN  FXGL.TextLevelParser - No producer found for character: 0
09:03:04.351 [FXGL Background Thread 1 ] WARN  FXGL.TextLevelParser - No producer found for character: 0
09:03:04.352 [FXGL Background Thread 1 ] WARN  FXGL.TextLevelParser - No producer found for character: 0
09:03:04.352 [FXGL Background Thread 1 ] WARN  FXGL.TextLevelParser - No producer found for character: 0
09:03:04.352 [FXGL Background Thread 1 ] WARN  FXGL.TextLevelParser - No producer found for character: 0
09:03:04.352 [FXGL Background Thread 1 ] WARN  FXGL.TextLevelParser - No producer found for character: 0
09:03:04.353 [FXGL Background Thread 1 ] WARN  FXGL.TextLevelParser - No producer found for character: 0
09:03:04.353 [FXGL Background Thread 1 ] WARN  FXGL.TextLevelParser - No producer found for character: 0
09:03:04.353 [FXGL Background Thread 1 ] WARN  FXGL.TextLevelParser - No producer found for character: 0
09:03:04.353 [FXGL Background Thread 1 ] WARN  FXGL.TextLevelParser - No producer found for character: 0
09:03:04.353 [FXGL Background Thread 1 ] WARN  FXGL.TextLevelParser - No producer found for character: 0
09:03:04.353 [FXGL Background Thread 1 ] WARN  FXGL.TextLevelParser - No producer found for character: 0
09:03:04.353 [FXGL Background Thread 1 ] WARN  FXGL.TextLevelParser - No producer found for character: 0
09:03:04.353 [FXGL Background Thread 1 ] WARN  FXGL.TextLevelParser - No producer found for character: 0
09:03:04.354 [FXGL Background Thread 1 ] WARN  FXGL.TextLevelParser - No producer found for character: 0
09:03:04.354 [FXGL Background Thread 1 ] WARN  FXGL.TextLevelParser - No producer found for character: 0
09:03:04.354 [FXGL Background Thread 1 ] WARN  FXGL.TextLevelParser - No producer found for character: 0
09:03:04.354 [FXGL Background Thread 1 ] WARN  FXGL.TextLevelParser - No producer found for character: 0
09:03:04.354 [FXGL Background Thread 1 ] WARN  FXGL.TextLevelParser - No producer found for character: 0
09:03:04.354 [FXGL Background Thread 1 ] WARN  FXGL.TextLevelParser - No producer found for character: 0
09:03:04.355 [FXGL Background Thread 1 ] WARN  FXGL.TextLevelParser - No producer found for character: 0
09:03:04.355 [FXGL Background Thread 1 ] WARN  FXGL.TextLevelParser - No producer found for character: 0
09:03:04.355 [FXGL Background Thread 1 ] WARN  FXGL.TextLevelParser - No producer found for character: 0
09:03:04.355 [FXGL Background Thread 1 ] WARN  FXGL.TextLevelParser - No producer found for character: 0
09:03:04.355 [FXGL Background Thread 1 ] WARN  FXGL.TextLevelParser - No producer found for character: 0
09:03:04.355 [FXGL Background Thread 1 ] WARN  FXGL.TextLevelParser - No producer found for character: 0
09:03:04.355 [FXGL Background Thread 1 ] WARN  FXGL.TextLevelParser - No producer found for character: 0
09:03:04.355 [FXGL Background Thread 1 ] WARN  FXGL.TextLevelParser - No producer found for character: 0
09:03:04.356 [FXGL Background Thread 1 ] WARN  FXGL.TextLevelParser - No producer found for character: 0
09:03:04.356 [FXGL Background Thread 1 ] WARN  FXGL.TextLevelParser - No producer found for character: 0
09:03:04.356 [FXGL Background Thread 1 ] WARN  FXGL.TextLevelParser - No producer found for character: 0
09:03:04.356 [FXGL Background Thread 1 ] WARN  FXGL.TextLevelParser - No producer found for character: 0
09:03:04.356 [FXGL Background Thread 1 ] WARN  FXGL.TextLevelParser - No producer found for character: 0
09:03:04.356 [FXGL Background Thread 1 ] WARN  FXGL.TextLevelParser - No producer found for character: 0
09:03:04.357 [FXGL Background Thread 1 ] WARN  FXGL.TextLevelParser - No producer found for character: 0
09:03:04.357 [FXGL Background Thread 1 ] WARN  FXGL.TextLevelParser - No producer found for character: 0
09:03:04.357 [FXGL Background Thread 1 ] WARN  FXGL.TextLevelParser - No producer found for character: 0
09:03:04.357 [FXGL Background Thread 1 ] WARN  FXGL.TextLevelParser - No producer found for character: 0
09:03:04.357 [FXGL Background Thread 1 ] WARN  FXGL.TextLevelParser - No producer found for character: 0
09:03:04.357 [FXGL Background Thread 1 ] WARN  FXGL.TextLevelParser - No producer found for character: 0
09:03:04.358 [FXGL Background Thread 1 ] WARN  FXGL.TextLevelParser - No producer found for character: 0
09:03:04.358 [FXGL Background Thread 1 ] WARN  FXGL.TextLevelParser - No producer found for character: 0
09:03:04.358 [FXGL Background Thread 1 ] WARN  FXGL.TextLevelParser - No producer found for character: 0
09:03:04.358 [FXGL Background Thread 1 ] WARN  FXGL.TextLevelParser - No producer found for character: 0
09:03:04.358 [FXGL Background Thread 1 ] WARN  FXGL.TextLevelParser - No producer found for character: 0
09:03:04.359 [FXGL Background Thread 1 ] WARN  FXGL.TextLevelParser - No producer found for character: 0
09:03:04.359 [FXGL Background Thread 1 ] WARN  FXGL.TextLevelParser - No producer found for character: 0
09:03:04.359 [FXGL Background Thread 1 ] WARN  FXGL.TextLevelParser - No producer found for character: 0
09:03:04.359 [FXGL Background Thread 1 ] WARN  FXGL.TextLevelParser - No producer found for character: 0
09:03:04.359 [FXGL Background Thread 1 ] WARN  FXGL.TextLevelParser - No producer found for character: 0
09:03:04.359 [FXGL Background Thread 1 ] WARN  FXGL.TextLevelParser - No producer found for character: 0
09:03:04.360 [FXGL Background Thread 1 ] WARN  FXGL.TextLevelParser - No producer found for character: 0
09:03:04.360 [FXGL Background Thread 1 ] WARN  FXGL.TextLevelParser - No producer found for character: 0
09:03:04.360 [FXGL Background Thread 1 ] WARN  FXGL.TextLevelParser - No producer found for character: 0
09:03:04.360 [FXGL Background Thread 1 ] WARN  FXGL.TextLevelParser - No producer found for character: 0
09:03:04.360 [FXGL Background Thread 1 ] WARN  FXGL.TextLevelParser - No producer found for character: 0
09:03:04.360 [FXGL Background Thread 1 ] WARN  FXGL.TextLevelParser - No producer found for character: 0
09:03:04.360 [FXGL Background Thread 1 ] WARN  FXGL.TextLevelParser - No producer found for character: 0
09:03:04.361 [FXGL Background Thread 1 ] WARN  FXGL.TextLevelParser - No producer found for character: 0
09:03:04.361 [FXGL Background Thread 1 ] WARN  FXGL.TextLevelParser - No producer found for character: 0
09:03:04.361 [FXGL Background Thread 1 ] WARN  FXGL.TextLevelParser - No producer found for character: 0
09:03:04.361 [FXGL Background Thread 1 ] WARN  FXGL.TextLevelParser - No producer found for character: 0
09:03:04.361 [FXGL Background Thread 1 ] WARN  FXGL.TextLevelParser - No producer found for character: 0
09:03:04.361 [FXGL Background Thread 1 ] WARN  FXGL.TextLevelParser - No producer found for character: 0
09:03:04.361 [FXGL Background Thread 1 ] WARN  FXGL.TextLevelParser - No producer found for character: 0
09:03:04.362 [FXGL Background Thread 1 ] WARN  FXGL.TextLevelParser - No producer found for character: 0
09:03:04.368 [FXGL Background Thread 1 ] WARN  FXGL.TextLevelParser - No producer found for character: 0
09:03:04.368 [FXGL Background Thread 1 ] WARN  FXGL.TextLevelParser - No producer found for character: 0
09:03:04.368 [FXGL Background Thread 1 ] WARN  FXGL.TextLevelParser - No producer found for character: 0
09:03:04.368 [FXGL Background Thread 1 ] WARN  FXGL.TextLevelParser - No producer found for character: 0
09:03:04.368 [FXGL Background Thread 1 ] WARN  FXGL.TextLevelParser - No producer found for character: 0
09:03:04.368 [FXGL Background Thread 1 ] WARN  FXGL.TextLevelParser - No producer found for character: 0
09:03:04.368 [FXGL Background Thread 1 ] WARN  FXGL.TextLevelParser - No producer found for character: 0
09:03:04.369 [FXGL Background Thread 1 ] WARN  FXGL.TextLevelParser - No producer found for character: 0
09:03:04.369 [FXGL Background Thread 1 ] WARN  FXGL.TextLevelParser - No producer found for character: 0
09:03:04.369 [FXGL Background Thread 1 ] WARN  FXGL.TextLevelParser - No producer found for character: 0
09:03:04.369 [FXGL Background Thread 1 ] WARN  FXGL.TextLevelParser - No producer found for character: 0
09:03:04.369 [FXGL Background Thread 1 ] WARN  FXGL.TextLevelParser - No producer found for character: 0
09:03:04.369 [FXGL Background Thread 1 ] WARN  FXGL.TextLevelParser - No producer found for character: 0
09:03:04.369 [FXGL Background Thread 1 ] WARN  FXGL.TextLevelParser - No producer found for character: 0
09:03:04.369 [FXGL Background Thread 1 ] WARN  FXGL.TextLevelParser - No producer found for character: 0
09:03:04.369 [FXGL Background Thread 1 ] WARN  FXGL.TextLevelParser - No producer found for character: 0
09:03:04.370 [FXGL Background Thread 1 ] WARN  FXGL.TextLevelParser - No producer found for character: 0
09:03:04.370 [FXGL Background Thread 1 ] WARN  FXGL.TextLevelParser - No producer found for character: 0
09:03:04.370 [FXGL Background Thread 1 ] WARN  FXGL.TextLevelParser - No producer found for character: 0
09:03:04.370 [FXGL Background Thread 1 ] WARN  FXGL.TextLevelParser - No producer found for character: 0
09:03:04.370 [FXGL Background Thread 1 ] WARN  FXGL.TextLevelParser - No producer found for character: 0
09:03:04.370 [FXGL Background Thread 1 ] WARN  FXGL.TextLevelParser - No producer found for character: 0
09:03:04.370 [FXGL Background Thread 1 ] WARN  FXGL.TextLevelParser - No producer found for character: 0
09:03:04.370 [FXGL Background Thread 1 ] WARN  FXGL.TextLevelParser - No producer found for character: 0
09:03:04.370 [FXGL Background Thread 1 ] WARN  FXGL.TextLevelParser - No producer found for character: 0
09:03:04.371 [FXGL Background Thread 1 ] WARN  FXGL.TextLevelParser - No producer found for character: 0
09:03:04.371 [FXGL Background Thread 1 ] WARN  FXGL.TextLevelParser - No producer found for character: 0
09:03:04.371 [FXGL Background Thread 1 ] WARN  FXGL.TextLevelParser - No producer found for character: 0
09:03:04.371 [FXGL Background Thread 1 ] WARN  FXGL.TextLevelParser - No producer found for character: 0
09:03:04.371 [FXGL Background Thread 1 ] WARN  FXGL.TextLevelParser - No producer found for character: 0
09:03:04.371 [FXGL Background Thread 1 ] WARN  FXGL.TextLevelParser - No producer found for character: 0
09:03:04.371 [FXGL Background Thread 1 ] WARN  FXGL.TextLevelParser - No producer found for character: 0
09:03:04.372 [FXGL Background Thread 1 ] WARN  FXGL.TextLevelParser - No producer found for character: 0
09:03:04.372 [FXGL Background Thread 1 ] WARN  FXGL.TextLevelParser - No producer found for character: 0
09:03:04.372 [FXGL Background Thread 1 ] WARN  FXGL.TextLevelParser - No producer found for character: 0
09:03:04.372 [FXGL Background Thread 1 ] WARN  FXGL.TextLevelParser - No producer found for character: 0
09:03:04.372 [FXGL Background Thread 1 ] WARN  FXGL.TextLevelParser - No producer found for character: 0
09:03:04.372 [FXGL Background Thread 1 ] WARN  FXGL.TextLevelParser - No producer found for character: 0
09:03:04.373 [FXGL Background Thread 1 ] WARN  FXGL.TextLevelParser - No producer found for character: 0
09:03:04.373 [FXGL Background Thread 1 ] WARN  FXGL.TextLevelParser - No producer found for character: 0
09:03:04.373 [FXGL Background Thread 1 ] WARN  FXGL.TextLevelParser - No producer found for character: 0
09:03:04.374 [FXGL Background Thread 1 ] WARN  FXGL.TextLevelParser - No producer found for character: 0
09:03:04.374 [FXGL Background Thread 1 ] WARN  FXGL.TextLevelParser - No producer found for character: 0
09:03:04.374 [FXGL Background Thread 1 ] WARN  FXGL.TextLevelParser - No producer found for character: 0
09:03:04.374 [FXGL Background Thread 1 ] WARN  FXGL.TextLevelParser - No producer found for character: 0
09:03:04.375 [FXGL Background Thread 1 ] WARN  FXGL.TextLevelParser - No producer found for character: 0
09:03:04.375 [FXGL Background Thread 1 ] WARN  FXGL.TextLevelParser - No producer found for character: 0
09:03:04.375 [FXGL Background Thread 1 ] WARN  FXGL.TextLevelParser - No producer found for character: 0
09:03:04.375 [FXGL Background Thread 1 ] WARN  FXGL.TextLevelParser - No producer found for character: 0
09:03:04.375 [FXGL Background Thread 1 ] WARN  FXGL.TextLevelParser - No producer found for character: 0
09:03:04.376 [FXGL Background Thread 1 ] WARN  FXGL.TextLevelParser - No producer found for character: 0
09:03:04.376 [FXGL Background Thread 1 ] WARN  FXGL.TextLevelParser - No producer found for character: 0
09:03:04.376 [FXGL Background Thread 1 ] WARN  FXGL.TextLevelParser - No producer found for character: 0
09:03:04.376 [FXGL Background Thread 1 ] WARN  FXGL.TextLevelParser - No producer found for character: 0
09:03:04.376 [FXGL Background Thread 1 ] WARN  FXGL.TextLevelParser - No producer found for character: 0
09:03:04.376 [FXGL Background Thread 1 ] WARN  FXGL.TextLevelParser - No producer found for character: 0
09:03:04.376 [FXGL Background Thread 1 ] WARN  FXGL.TextLevelParser - No producer found for character: 0
09:03:04.376 [FXGL Background Thread 1 ] WARN  FXGL.TextLevelParser - No producer found for character: 0
09:03:04.376 [FXGL Background Thread 1 ] WARN  FXGL.TextLevelParser - No producer found for character: 0
09:03:04.377 [FXGL Background Thread 1 ] WARN  FXGL.TextLevelParser - No producer found for character: 0
09:03:04.377 [FXGL Background Thread 1 ] WARN  FXGL.TextLevelParser - No producer found for character: 0
09:03:04.377 [FXGL Background Thread 1 ] WARN  FXGL.TextLevelParser - No producer found for character: 0
09:03:04.377 [FXGL Background Thread 1 ] WARN  FXGL.TextLevelParser - No producer found for character: 0
09:03:04.377 [FXGL Background Thread 1 ] WARN  FXGL.TextLevelParser - No producer found for character: 0
09:03:04.377 [FXGL Background Thread 1 ] WARN  FXGL.TextLevelParser - No producer found for character: 0
09:03:04.377 [FXGL Background Thread 1 ] WARN  FXGL.TextLevelParser - No producer found for character: 0
09:03:04.377 [FXGL Background Thread 1 ] WARN  FXGL.TextLevelParser - No producer found for character: 0
09:03:04.377 [FXGL Background Thread 1 ] WARN  FXGL.TextLevelParser - No producer found for character: 0
09:03:04.377 [FXGL Background Thread 1 ] WARN  FXGL.TextLevelParser - No producer found for character: 0
09:03:04.378 [FXGL Background Thread 1 ] WARN  FXGL.TextLevelParser - No producer found for character: 0
09:03:04.378 [FXGL Background Thread 1 ] WARN  FXGL.TextLevelParser - No producer found for character: 0
09:03:04.378 [FXGL Background Thread 1 ] WARN  FXGL.TextLevelParser - No producer found for character: 0
09:03:04.378 [FXGL Background Thread 1 ] WARN  FXGL.TextLevelParser - No producer found for character: 0
09:03:04.378 [FXGL Background Thread 1 ] WARN  FXGL.TextLevelParser - No producer found for character: 0
09:03:04.378 [FXGL Background Thread 1 ] WARN  FXGL.TextLevelParser - No producer found for character: 0
09:03:04.379 [FXGL Background Thread 1 ] WARN  FXGL.TextLevelParser - No producer found for character: 0
09:03:04.379 [FXGL Background Thread 1 ] WARN  FXGL.TextLevelParser - No producer found for character: 0
09:03:04.379 [FXGL Background Thread 1 ] WARN  FXGL.TextLevelParser - No producer found for character: 0
09:03:04.379 [FXGL Background Thread 1 ] WARN  FXGL.TextLevelParser - No producer found for character: 0
09:03:04.379 [FXGL Background Thread 1 ] WARN  FXGL.TextLevelParser - No producer found for character: 0
09:03:04.379 [FXGL Background Thread 1 ] WARN  FXGL.TextLevelParser - No producer found for character: 0
09:03:04.379 [FXGL Background Thread 1 ] WARN  FXGL.TextLevelParser - No producer found for character: 0
09:03:04.379 [FXGL Background Thread 1 ] WARN  FXGL.TextLevelParser - No producer found for character: 0
09:03:04.380 [FXGL Background Thread 1 ] WARN  FXGL.TextLevelParser - No producer found for character: 0
09:03:04.380 [FXGL Background Thread 1 ] WARN  FXGL.TextLevelParser - No producer found for character: 0
09:03:04.380 [FXGL Background Thread 1 ] WARN  FXGL.TextLevelParser - No producer found for character: 0
09:03:04.380 [FXGL Background Thread 1 ] WARN  FXGL.TextLevelParser - No producer found for character: 0
09:03:04.380 [FXGL Background Thread 1 ] WARN  FXGL.TextLevelParser - No producer found for character: 0
09:03:04.380 [FXGL Background Thread 1 ] WARN  FXGL.TextLevelParser - No producer found for character: 0
09:03:04.380 [FXGL Background Thread 1 ] WARN  FXGL.TextLevelParser - No producer found for character: 0
09:03:04.380 [FXGL Background Thread 1 ] WARN  FXGL.TextLevelParser - No producer found for character: 0
09:03:04.380 [FXGL Background Thread 1 ] WARN  FXGL.TextLevelParser - No producer found for character: 0
09:03:04.380 [FXGL Background Thread 1 ] WARN  FXGL.TextLevelParser - No producer found for character: 0
09:03:04.380 [FXGL Background Thread 1 ] WARN  FXGL.TextLevelParser - No producer found for character: 0
09:03:04.380 [FXGL Background Thread 1 ] WARN  FXGL.TextLevelParser - No producer found for character: 0
09:03:04.381 [FXGL Background Thread 1 ] WARN  FXGL.TextLevelParser - No producer found for character: 0
09:03:04.381 [FXGL Background Thread 1 ] WARN  FXGL.TextLevelParser - No producer found for character: 0
09:03:04.381 [FXGL Background Thread 1 ] WARN  FXGL.TextLevelParser - No producer found for character: 0
09:03:04.381 [FXGL Background Thread 1 ] WARN  FXGL.TextLevelParser - No producer found for character: 0
09:03:04.381 [FXGL Background Thread 1 ] WARN  FXGL.TextLevelParser - No producer found for character: 0
09:03:04.381 [FXGL Background Thread 1 ] WARN  FXGL.TextLevelParser - No producer found for character: 0
09:03:04.381 [FXGL Background Thread 1 ] WARN  FXGL.TextLevelParser - No producer found for character: 0
09:03:04.381 [FXGL Background Thread 1 ] WARN  FXGL.TextLevelParser - No producer found for character: 0
09:03:04.381 [FXGL Background Thread 1 ] WARN  FXGL.TextLevelParser - No producer found for character: 0
09:03:04.382 [FXGL Background Thread 1 ] WARN  FXGL.TextLevelParser - No producer found for character: 0
09:03:04.382 [FXGL Background Thread 1 ] WARN  FXGL.TextLevelParser - No producer found for character: 0
09:03:04.382 [FXGL Background Thread 1 ] WARN  FXGL.TextLevelParser - No producer found for character: 0
09:03:04.382 [FXGL Background Thread 1 ] WARN  FXGL.TextLevelParser - No producer found for character: 0
09:03:04.382 [FXGL Background Thread 1 ] WARN  FXGL.TextLevelParser - No producer found for character: 0
09:03:04.382 [FXGL Background Thread 1 ] WARN  FXGL.TextLevelParser - No producer found for character: 0
09:03:04.382 [FXGL Background Thread 1 ] WARN  FXGL.TextLevelParser - No producer found for character: 0
09:03:04.382 [FXGL Background Thread 1 ] WARN  FXGL.TextLevelParser - No producer found for character: 0
09:03:04.382 [FXGL Background Thread 1 ] WARN  FXGL.TextLevelParser - No producer found for character: 0
09:03:04.383 [FXGL Background Thread 1 ] WARN  FXGL.TextLevelParser - No producer found for character: 0
09:03:04.383 [FXGL Background Thread 1 ] WARN  FXGL.TextLevelParser - No producer found for character: 0
09:03:04.383 [FXGL Background Thread 1 ] WARN  FXGL.TextLevelParser - No producer found for character: 0
09:03:04.383 [FXGL Background Thread 1 ] WARN  FXGL.TextLevelParser - No producer found for character: 0
09:03:04.383 [FXGL Background Thread 1 ] WARN  FXGL.TextLevelParser - No producer found for character: 0
09:03:04.383 [FXGL Background Thread 1 ] WARN  FXGL.TextLevelParser - No producer found for character: 0
09:03:04.383 [FXGL Background Thread 1 ] WARN  FXGL.TextLevelParser - No producer found for character: 0
09:03:04.383 [FXGL Background Thread 1 ] WARN  FXGL.TextLevelParser - No producer found for character: 0
09:03:04.383 [FXGL Background Thread 1 ] WARN  FXGL.TextLevelParser - No producer found for character: 0
09:03:04.383 [FXGL Background Thread 1 ] WARN  FXGL.TextLevelParser - No producer found for character: 0
09:03:04.384 [FXGL Background Thread 1 ] WARN  FXGL.TextLevelParser - No producer found for character: 0
09:03:04.384 [FXGL Background Thread 1 ] WARN  FXGL.TextLevelParser - No producer found for character: 0
09:03:04.384 [FXGL Background Thread 1 ] WARN  FXGL.TextLevelParser - No producer found for character: 0
09:03:04.384 [FXGL Background Thread 1 ] WARN  FXGL.TextLevelParser - No producer found for character: 0
09:03:04.384 [FXGL Background Thread 1 ] WARN  FXGL.TextLevelParser - No producer found for character: 0
09:03:04.384 [FXGL Background Thread 1 ] WARN  FXGL.TextLevelParser - No producer found for character: 0
09:03:04.384 [FXGL Background Thread 1 ] WARN  FXGL.TextLevelParser - No producer found for character: 0
09:03:04.384 [FXGL Background Thread 1 ] WARN  FXGL.TextLevelParser - No producer found for character: 0
09:03:04.384 [FXGL Background Thread 1 ] WARN  FXGL.TextLevelParser - No producer found for character: 0
09:03:04.385 [FXGL Background Thread 1 ] WARN  FXGL.TextLevelParser - No producer found for character: 0
09:03:04.385 [FXGL Background Thread 1 ] WARN  FXGL.TextLevelParser - No producer found for character: 0
09:03:04.385 [FXGL Background Thread 1 ] WARN  FXGL.TextLevelParser - No producer found for character: 0
09:03:04.385 [FXGL Background Thread 1 ] WARN  FXGL.TextLevelParser - No producer found for character: 0
09:03:04.385 [FXGL Background Thread 1 ] WARN  FXGL.TextLevelParser - No producer found for character: 0
09:03:04.385 [FXGL Background Thread 1 ] WARN  FXGL.TextLevelParser - No producer found for character: 0
09:03:04.385 [FXGL Background Thread 1 ] WARN  FXGL.TextLevelParser - No producer found for character: 0
09:03:04.385 [FXGL Background Thread 1 ] WARN  FXGL.TextLevelParser - No producer found for character: 0
09:03:04.385 [FXGL Background Thread 1 ] WARN  FXGL.TextLevelParser - No producer found for character: 0
09:03:04.385 [FXGL Background Thread 1 ] WARN  FXGL.TextLevelParser - No producer found for character: 0
09:03:04.386 [FXGL Background Thread 1 ] WARN  FXGL.TextLevelParser - No producer found for character: 0
09:03:04.386 [FXGL Background Thread 1 ] WARN  FXGL.TextLevelParser - No producer found for character: 0
09:03:04.386 [FXGL Background Thread 1 ] WARN  FXGL.TextLevelParser - No producer found for character: 0
09:03:04.386 [FXGL Background Thread 1 ] WARN  FXGL.TextLevelParser - No producer found for character: 0
09:03:04.386 [FXGL Background Thread 1 ] WARN  FXGL.TextLevelParser - No producer found for character: 0
09:03:04.386 [FXGL Background Thread 1 ] WARN  FXGL.TextLevelParser - No producer found for character: 0
09:03:04.386 [FXGL Background Thread 1 ] WARN  FXGL.TextLevelParser - No producer found for character: 0
09:03:04.386 [FXGL Background Thread 1 ] WARN  FXGL.TextLevelParser - No producer found for character: 0
09:03:04.386 [FXGL Background Thread 1 ] WARN  FXGL.TextLevelParser - No producer found for character: 0
09:03:04.386 [FXGL Background Thread 1 ] WARN  FXGL.TextLevelParser - No producer found for character: 0
09:03:04.386 [FXGL Background Thread 1 ] WARN  FXGL.TextLevelParser - No producer found for character: 0
09:03:04.386 [FXGL Background Thread 1 ] WARN  FXGL.TextLevelParser - No producer found for character: 0
09:03:04.387 [FXGL Background Thread 1 ] WARN  FXGL.TextLevelParser - No producer found for character: 0
09:03:04.387 [FXGL Background Thread 1 ] WARN  FXGL.TextLevelParser - No producer found for character: 0
09:03:04.387 [FXGL Background Thread 1 ] WARN  FXGL.TextLevelParser - No producer found for character: 0
09:03:04.387 [FXGL Background Thread 1 ] WARN  FXGL.TextLevelParser - No producer found for character: 0
09:03:04.387 [FXGL Background Thread 1 ] WARN  FXGL.TextLevelParser - No producer found for character: 0
09:03:04.387 [FXGL Background Thread 1 ] WARN  FXGL.TextLevelParser - No producer found for character: 0
09:03:04.387 [FXGL Background Thread 1 ] WARN  FXGL.TextLevelParser - No producer found for character: 0
09:03:04.387 [FXGL Background Thread 1 ] WARN  FXGL.TextLevelParser - No producer found for character: 0
09:03:04.387 [FXGL Background Thread 1 ] WARN  FXGL.TextLevelParser - No producer found for character: 0
09:03:04.387 [FXGL Background Thread 1 ] WARN  FXGL.TextLevelParser - No producer found for character: 0
09:03:04.387 [FXGL Background Thread 1 ] WARN  FXGL.TextLevelParser - No producer found for character: 0
09:03:04.388 [FXGL Background Thread 1 ] WARN  FXGL.TextLevelParser - No producer found for character: 0
09:03:04.388 [FXGL Background Thread 1 ] WARN  FXGL.TextLevelParser - No producer found for character: 0
09:03:04.388 [FXGL Background Thread 1 ] WARN  FXGL.TextLevelParser - No producer found for character: 0
09:03:04.388 [FXGL Background Thread 1 ] WARN  FXGL.TextLevelParser - No producer found for character: 0
09:03:04.388 [FXGL Background Thread 1 ] WARN  FXGL.TextLevelParser - No producer found for character: 0
09:03:04.388 [FXGL Background Thread 1 ] WARN  FXGL.TextLevelParser - No producer found for character: 0
09:03:04.388 [FXGL Background Thread 1 ] WARN  FXGL.TextLevelParser - No producer found for character: 0
09:03:04.388 [FXGL Background Thread 1 ] WARN  FXGL.TextLevelParser - No producer found for character: 0
09:03:04.388 [FXGL Background Thread 1 ] WARN  FXGL.TextLevelParser - No producer found for character: 0
09:03:04.388 [FXGL Background Thread 1 ] WARN  FXGL.TextLevelParser - No producer found for character: 0
09:03:04.389 [FXGL Background Thread 1 ] WARN  FXGL.TextLevelParser - No producer found for character: 0
09:03:04.389 [FXGL Background Thread 1 ] WARN  FXGL.TextLevelParser - No producer found for character: 0
09:03:04.389 [FXGL Background Thread 1 ] WARN  FXGL.TextLevelParser - No producer found for character: 0
09:03:04.389 [FXGL Background Thread 1 ] WARN  FXGL.TextLevelParser - No producer found for character: 0
09:03:04.389 [FXGL Background Thread 1 ] WARN  FXGL.TextLevelParser - No producer found for character: 0
09:03:04.389 [FXGL Background Thread 1 ] WARN  FXGL.TextLevelParser - No producer found for character: 0
09:03:04.389 [FXGL Background Thread 1 ] WARN  FXGL.TextLevelParser - No producer found for character: 0
09:03:04.389 [FXGL Background Thread 1 ] WARN  FXGL.TextLevelParser - No producer found for character: 0
09:03:04.389 [FXGL Background Thread 1 ] WARN  FXGL.TextLevelParser - No producer found for character: 0
09:03:04.389 [FXGL Background Thread 1 ] WARN  FXGL.TextLevelParser - No producer found for character: 0
09:03:04.390 [FXGL Background Thread 1 ] WARN  FXGL.TextLevelParser - No producer found for character: 0
09:03:04.390 [FXGL Background Thread 1 ] WARN  FXGL.TextLevelParser - No producer found for character: 0
09:03:04.390 [FXGL Background Thread 1 ] WARN  FXGL.TextLevelParser - No producer found for character: 0
09:03:04.390 [FXGL Background Thread 1 ] WARN  FXGL.TextLevelParser - No producer found for character: 0
09:03:04.390 [FXGL Background Thread 1 ] WARN  FXGL.TextLevelParser - No producer found for character: 0
09:03:04.390 [FXGL Background Thread 1 ] WARN  FXGL.TextLevelParser - No producer found for character: 0
09:03:04.390 [FXGL Background Thread 1 ] WARN  FXGL.TextLevelParser - No producer found for character: 0
09:03:04.390 [FXGL Background Thread 1 ] WARN  FXGL.TextLevelParser - No producer found for character: 0
09:03:04.390 [FXGL Background Thread 1 ] WARN  FXGL.TextLevelParser - No producer found for character: 0
09:03:04.390 [FXGL Background Thread 1 ] WARN  FXGL.TextLevelParser - No producer found for character: 0
09:03:04.391 [FXGL Background Thread 1 ] WARN  FXGL.TextLevelParser - No producer found for character: 0
09:03:04.391 [FXGL Background Thread 1 ] WARN  FXGL.TextLevelParser - No producer found for character: 0
09:03:04.391 [FXGL Background Thread 1 ] WARN  FXGL.TextLevelParser - No producer found for character: 0
09:03:04.391 [FXGL Background Thread 1 ] WARN  FXGL.TextLevelParser - No producer found for character: 0
09:03:04.391 [FXGL Background Thread 1 ] WARN  FXGL.TextLevelParser - No producer found for character: 0
09:03:04.391 [FXGL Background Thread 1 ] WARN  FXGL.TextLevelParser - No producer found for character: 0
09:03:04.391 [FXGL Background Thread 1 ] WARN  FXGL.TextLevelParser - No producer found for character: 0
09:03:04.391 [FXGL Background Thread 1 ] WARN  FXGL.TextLevelParser - No producer found for character: 0
09:03:04.392 [FXGL Background Thread 1 ] WARN  FXGL.TextLevelParser - No producer found for character: 0
09:03:04.392 [FXGL Background Thread 1 ] WARN  FXGL.TextLevelParser - No producer found for character: 0
09:03:04.392 [FXGL Background Thread 1 ] WARN  FXGL.TextLevelParser - No producer found for character: 0
09:03:04.392 [FXGL Background Thread 1 ] WARN  FXGL.TextLevelParser - No producer found for character: 0
09:03:04.392 [FXGL Background Thread 1 ] WARN  FXGL.TextLevelParser - No producer found for character: 0
09:03:04.393 [FXGL Background Thread 1 ] WARN  FXGL.TextLevelParser - No producer found for character: 0
09:03:04.393 [FXGL Background Thread 1 ] WARN  FXGL.TextLevelParser - No producer found for character: 0
09:03:04.393 [FXGL Background Thread 1 ] WARN  FXGL.TextLevelParser - No producer found for character: 0
09:03:04.393 [FXGL Background Thread 1 ] WARN  FXGL.TextLevelParser - No producer found for character: 0
09:03:04.393 [FXGL Background Thread 1 ] WARN  FXGL.TextLevelParser - No producer found for character: 0
09:03:04.393 [FXGL Background Thread 1 ] WARN  FXGL.TextLevelParser - No producer found for character: 0
09:03:04.393 [FXGL Background Thread 1 ] WARN  FXGL.TextLevelParser - No producer found for character: 0
09:03:04.393 [FXGL Background Thread 1 ] WARN  FXGL.TextLevelParser - No producer found for character: 0
09:03:04.393 [FXGL Background Thread 1 ] WARN  FXGL.TextLevelParser - No producer found for character: 0
09:03:04.393 [FXGL Background Thread 1 ] WARN  FXGL.TextLevelParser - No producer found for character: 0
09:03:04.393 [FXGL Background Thread 1 ] WARN  FXGL.TextLevelParser - No producer found for character: 0
09:03:04.394 [FXGL Background Thread 1 ] WARN  FXGL.TextLevelParser - No producer found for character: 0
09:03:04.394 [FXGL Background Thread 1 ] WARN  FXGL.TextLevelParser - No producer found for character: 0
09:03:04.394 [FXGL Background Thread 1 ] WARN  FXGL.TextLevelParser - No producer found for character: 0
09:03:04.394 [FXGL Background Thread 1 ] WARN  FXGL.TextLevelParser - No producer found for character: 0
09:03:04.394 [FXGL Background Thread 1 ] WARN  FXGL.TextLevelParser - No producer found for character: 0
09:03:04.394 [FXGL Background Thread 1 ] WARN  FXGL.TextLevelParser - No producer found for character: 0
09:03:04.394 [FXGL Background Thread 1 ] WARN  FXGL.TextLevelParser - No producer found for character: 0
09:03:04.394 [FXGL Background Thread 1 ] WARN  FXGL.TextLevelParser - No producer found for character: 0
09:03:04.395 [FXGL Background Thread 1 ] DEBUG AssetLoader          - Loading from disk: /assets/textures/bar.png
09:03:04.397 [FXGL Background Thread 1 ] WARN  FXGL.TextLevelParser - No producer found for character: 0
09:03:04.397 [FXGL Background Thread 1 ] WARN  FXGL.TextLevelParser - No producer found for character: 0
09:03:04.397 [FXGL Background Thread 1 ] WARN  FXGL.TextLevelParser - No producer found for character: 0
09:03:04.397 [FXGL Background Thread 1 ] WARN  FXGL.TextLevelParser - No producer found for character: 0
09:03:04.397 [FXGL Background Thread 1 ] WARN  FXGL.TextLevelParser - No producer found for character: 0
09:03:04.397 [FXGL Background Thread 1 ] WARN  FXGL.TextLevelParser - No producer found for character: 0
09:03:04.398 [FXGL Background Thread 1 ] WARN  FXGL.TextLevelParser - No producer found for character: 0
09:03:04.398 [FXGL Background Thread 1 ] WARN  FXGL.TextLevelParser - No producer found for character: 0
09:03:04.398 [FXGL Background Thread 1 ] WARN  FXGL.TextLevelParser - No producer found for character: 0
09:03:04.398 [FXGL Background Thread 1 ] WARN  FXGL.TextLevelParser - No producer found for character: 0
09:03:04.398 [FXGL Background Thread 1 ] WARN  FXGL.TextLevelParser - No producer found for character: 0
09:03:04.398 [FXGL Background Thread 1 ] WARN  FXGL.TextLevelParser - No producer found for character: 0
09:03:04.398 [FXGL Background Thread 1 ] WARN  FXGL.TextLevelParser - No producer found for character: 0
09:03:04.398 [FXGL Background Thread 1 ] WARN  FXGL.TextLevelParser - No producer found for character: 0
09:03:04.398 [FXGL Background Thread 1 ] WARN  FXGL.TextLevelParser - No producer found for character: 0
09:03:04.398 [FXGL Background Thread 1 ] WARN  FXGL.TextLevelParser - No producer found for character: 0
09:03:04.398 [FXGL Background Thread 1 ] WARN  FXGL.TextLevelParser - No producer found for character: 0
09:03:04.398 [FXGL Background Thread 1 ] WARN  FXGL.TextLevelParser - No producer found for character: 0
09:03:04.398 [FXGL Background Thread 1 ] WARN  FXGL.TextLevelParser - No producer found for character: 0
09:03:04.399 [FXGL Background Thread 1 ] WARN  FXGL.TextLevelParser - No producer found for character: 0
09:03:04.399 [FXGL Background Thread 1 ] WARN  FXGL.TextLevelParser - No producer found for character: 0
09:03:04.399 [FXGL Background Thread 1 ] WARN  FXGL.TextLevelParser - No producer found for character: 0
09:03:04.399 [FXGL Background Thread 1 ] WARN  FXGL.TextLevelParser - No producer found for character: 0
09:03:04.399 [FXGL Background Thread 1 ] WARN  FXGL.TextLevelParser - No producer found for character: 0
09:03:04.399 [FXGL Background Thread 1 ] WARN  FXGL.TextLevelParser - No producer found for character: 0
09:03:04.399 [FXGL Background Thread 1 ] WARN  FXGL.TextLevelParser - No producer found for character: 0
09:03:04.399 [FXGL Background Thread 1 ] WARN  FXGL.TextLevelParser - No producer found for character: 0
09:03:04.399 [FXGL Background Thread 1 ] WARN  FXGL.TextLevelParser - No producer found for character: 0
09:03:04.399 [FXGL Background Thread 1 ] WARN  FXGL.TextLevelParser - No producer found for character: 0
09:03:04.399 [FXGL Background Thread 1 ] WARN  FXGL.TextLevelParser - No producer found for character: 0
09:03:04.400 [FXGL Background Thread 1 ] WARN  FXGL.TextLevelParser - No producer found for character: 0
09:03:04.400 [FXGL Background Thread 1 ] WARN  FXGL.TextLevelParser - No producer found for character: 0
09:03:04.400 [FXGL Background Thread 1 ] WARN  FXGL.TextLevelParser - No producer found for character: 0
09:03:04.400 [FXGL Background Thread 1 ] WARN  FXGL.TextLevelParser - No producer found for character: 0
09:03:04.400 [FXGL Background Thread 1 ] WARN  FXGL.TextLevelParser - No producer found for character: 0
09:03:04.400 [FXGL Background Thread 1 ] WARN  FXGL.TextLevelParser - No producer found for character: 0
09:03:04.401 [FXGL Background Thread 1 ] DEBUG AssetLoader          - Loading from disk: /assets/textures/fire.png
09:03:04.416 [FXGL Background Thread 1 ] WARN  FXGL.TextLevelParser - No producer found for character: 0
09:03:04.417 [FXGL Background Thread 1 ] DEBUG AssetLoader          - Loading from cache: /assets/textures/fire.png@93.0x80.0
09:03:04.418 [FXGL Background Thread 1 ] WARN  FXGL.TextLevelParser - No producer found for character: 0
09:03:04.419 [FXGL Background Thread 1 ] DEBUG AssetLoader          - Loading from cache: /assets/textures/fire.png@93.0x80.0
09:03:04.419 [FXGL Background Thread 1 ] WARN  FXGL.TextLevelParser - No producer found for character: 0
09:03:04.420 [FXGL Background Thread 1 ] DEBUG AssetLoader          - Loading from cache: /assets/textures/fire.png@93.0x80.0
09:03:04.421 [FXGL Background Thread 1 ] WARN  FXGL.TextLevelParser - No producer found for character: 0
09:03:04.422 [FXGL Background Thread 1 ] DEBUG AssetLoader          - Loading from cache: /assets/textures/fire.png@93.0x80.0
09:03:04.423 [FXGL Background Thread 1 ] WARN  FXGL.TextLevelParser - No producer found for character: 0
09:03:04.424 [FXGL Background Thread 1 ] DEBUG AssetLoader          - Loading from cache: /assets/textures/fire.png@93.0x80.0
09:03:04.426 [FXGL Background Thread 1 ] WARN  FXGL.TextLevelParser - No producer found for character: 0
09:03:04.427 [FXGL Background Thread 1 ] DEBUG AssetLoader          - Loading from cache: /assets/textures/fire.png@93.0x80.0
09:03:04.427 [FXGL Background Thread 1 ] WARN  FXGL.TextLevelParser - No producer found for character: 0
09:03:04.428 [FXGL Background Thread 1 ] DEBUG AssetLoader          - Loading from cache: /assets/textures/fire.png@93.0x80.0
09:03:04.428 [FXGL Background Thread 1 ] WARN  FXGL.TextLevelParser - No producer found for character: 0
09:03:04.429 [FXGL Background Thread 1 ] DEBUG AssetLoader          - Loading from cache: /assets/textures/fire.png@93.0x80.0
09:03:04.430 [FXGL Background Thread 1 ] WARN  FXGL.TextLevelParser - No producer found for character: 0
09:03:04.430 [FXGL Background Thread 1 ] DEBUG AssetLoader          - Loading from cache: /assets/textures/fire.png@93.0x80.0
09:03:04.431 [FXGL Background Thread 1 ] WARN  FXGL.TextLevelParser - No producer found for character: 0
09:03:04.432 [FXGL Background Thread 1 ] DEBUG AssetLoader          - Loading from cache: /assets/textures/fire.png@93.0x80.0
09:03:04.432 [FXGL Background Thread 1 ] WARN  FXGL.TextLevelParser - No producer found for character: 0
09:03:04.433 [FXGL Background Thread 1 ] DEBUG AssetLoader          - Loading from cache: /assets/textures/fire.png@93.0x80.0
09:03:04.434 [FXGL Background Thread 1 ] WARN  FXGL.TextLevelParser - No producer found for character: 0
09:03:04.435 [FXGL Background Thread 1 ] DEBUG GameWorld            - Clearing removable entities
09:03:04.435 [FXGL Background Thread 1 ] DEBUG GameWorld            - Setting level: com.almasb.fxgl.entity.Level@75c701a1
09:03:04.460 [FXGL Background Thread 1 ] DEBUG GameScene            - Creating render group for layer: DEFAULT(100000)
09:03:04.473 [FXGL Background Thread 1 ] DEBUG GameScene            - Creating render group for layer: BACKGROUND(1000)
09:03:04.474 [FXGL Background Thread 1 ] DEBUG InitAppTask          - Initializing Physics
09:03:04.475 [FXGL Background Thread 1 ] DEBUG InitAppTask          - Initializing UI
09:03:04.478 [FXGL Background Thread 1 ] DEBUG InitAppTask          - Initialization Complete
09:03:04.479 [FXGL Background Thread 1 ] INFO  InitAppTask          - Game initialization took: 0,270 sec
09:03:04.480 [JavaFX Application Thread] DEBUG Input                - Clearing active input actions
09:03:04.494 [JavaFX Application Thread] DEBUG AppStateMachine      - LoadingState -> PlayState
09:03:08.558 [JavaFX Application Thread] DEBUG GameApplication      - Exiting game application
09:03:08.558 [JavaFX Application Thread] DEBUG GameApplication      - Shutting down background threads
09:03:08.559 [JavaFX Application Thread] DEBUG GameApplication      - Exiting FXGL
09:03:08.559 [JavaFX Application Thread] DEBUG FXGL                 - Saving FXGL system data
09:03:08.562 [JavaFX Application Thread] DEBUG FS                   - Writing to: system\fxgl.bundle
09:03:08.565 [JavaFX Application Thread] DEBUG GameApplication      - Closing logger and exiting JavaFX
