11:25:33.849 [JavaFX Application Thread] DEBUG GameApplication      - Logger initialized
11:25:33.866 [JavaFX Application Thread] DEBUG GameApplication      - Logging settings
Title: Breakout
Version: 0.1
Width: 800
Height: 600
Fullscreen: false
Intro: false
Menus: false
Profiling: false
Single step:false
App Mode: DEVELOPER
Menu Key: ESCAPE
Stage Style: DECORATED
Scene Factory: class com.almasb.fxgl.scene.SceneFactory
Dialog Factory: class com.almasb.fxgl.ui.FXGLDialogFactory
UI Factory: class com.almasb.fxgl.ui.FXGLUIFactory
Notification Service: class com.almasb.fxgl.gameplay.notification.XboxNotificationView
Exception Handler: class com.almasb.fxgl.app.FXGLExceptionHandler
11:25:33.866 [JavaFX Application Thread] DEBUG GameApplication      - Starting FXGL
11:25:33.878 [JavaFX Application Thread] INFO  FXGL                 - FXGL-0.5.4 on DESKTOP
11:25:33.878 [JavaFX Application Thread] INFO  FXGL                 - Source code and latest versions at: https://github.com/AlmasB/FXGL
11:25:33.879 [JavaFX Application Thread] INFO  FXGL                 -              Join the FXGL chat at: https://gitter.im/AlmasB/FXGL
11:25:33.879 [JavaFX Application Thread] DEBUG FXGL                 - FXGL started
11:25:33.879 [JavaFX Application Thread] DEBUG FXGL                 - Initializing FXGL
11:25:33.923 [JavaFX Application Thread] DEBUG AssetLoader          - Loading from disk: /assets/ui/cursors/fxgl_default.png
11:25:34.006 [JavaFX Application Thread] DEBUG AssetLoader          - Loading from disk: /assets/ui/fonts/VarelaRound-Regular.ttf
11:25:34.248 [JavaFX Application Thread] DEBUG MainWindow           - Creating a JavaFX scene
11:25:34.277 [JavaFX Application Thread] DEBUG MainWindow           - Target settings size: 800.0 x 600.0
11:25:34.277 [JavaFX Application Thread] DEBUG MainWindow           - Scaled scene size:    800.0 x 600.0
11:25:34.277 [JavaFX Application Thread] DEBUG MainWindow           - Scaled ratio: (1.0, 1.0)
11:25:34.282 [JavaFX Application Thread] DEBUG AssetLoader          - Loading from disk: /assets/ui/css/fxgl_dark.css
11:25:34.286 [JavaFX Application Thread] DEBUG AssetLoader          - Loading from disk: /assets/textures/fxgl_icon.png
11:25:34.306 [JavaFX Application Thread] DEBUG MainWindow           - Opening main window
11:25:34.452 [JavaFX Application Thread] DEBUG MainWindow           - Window border size: (14.4000244140625, 37.5999755859375)
11:25:34.452 [JavaFX Application Thread] DEBUG MainWindow           - Scaled size: 800.0 x 600.0
11:25:34.452 [JavaFX Application Thread] DEBUG MainWindow           - Scaled ratio: (1.0, 1.0)
11:25:34.453 [JavaFX Application Thread] DEBUG MainWindow           - Scene size: 800.0 x 600.0
11:25:34.453 [JavaFX Application Thread] DEBUG MainWindow           - Stage size: 814.4000244140625 x 637.5999755859375
11:25:34.522 [ForkJoinPool.commonPool-worker-9] DEBUG FS                   - Loaded DesktopFSService
11:25:34.523 [ForkJoinPool.commonPool-worker-9] DEBUG FXGL                 - Loading FXGL system data
11:25:34.531 [ForkJoinPool.commonPool-worker-9] DEBUG DesktopFSService     - Reading from: system\fxgl.bundle
11:25:34.544 [ForkJoinPool.commonPool-worker-9] DEBUG Bundle               - Logging bundle: FXGL
11:25:34.547 [ForkJoinPool.commonPool-worker-9] DEBUG Bundle               - FXGL.offline.timer.version.check=2019-01-24T08:55:57.713219300
11:25:34.548 [ForkJoinPool.commonPool-worker-9] DEBUG FXGL                 - Initializing state machine and application states
11:25:34.550 [ForkJoinPool.commonPool-worker-9] DEBUG AssetLoader          - Loading from disk: /assets/ui/cursors/fxgl_default.png
11:25:34.560 [ForkJoinPool.commonPool-worker-9] DEBUG AssetLoader          - Loading from disk: /assets/ui/cursors/fxgl_default.png
11:25:34.568 [ForkJoinPool.commonPool-worker-9] DEBUG AssetLoader          - Loading from cache: /assets/ui/fonts/VarelaRound-Regular.ttf
11:25:34.578 [ForkJoinPool.commonPool-worker-9] DEBUG AssetLoader          - Loading from disk: /assets/ui/cursors/fxgl_default.png
11:25:34.582 [ForkJoinPool.commonPool-worker-9] DEBUG GameScene            - Game scene initialized: 800x600
11:25:34.589 [ForkJoinPool.commonPool-worker-9] DEBUG GameWorld            - Game world initialized
11:25:34.696 [ForkJoinPool.commonPool-worker-9] DEBUG PhysicsWorld         - Physics world initialized: appHeight=600, physics.ppm=50,0
11:25:34.719 [ForkJoinPool.commonPool-worker-9] DEBUG Input                - Registered new binding: Pause - Esc
11:25:34.776 [JavaFX Application Thread] DEBUG FXGL                 - Running preInit()
11:25:34.778 [JavaFX Application Thread] DEBUG Input                - Registered new binding: Screenshot - P
11:25:34.780 [JavaFX Application Thread] DEBUG Input                - Registered new binding: Dev Options - CTRL+0
11:25:34.781 [JavaFX Application Thread] DEBUG Input                - Registered new binding: System info dump - CTRL+9
11:25:34.782 [JavaFX Application Thread] DEBUG Input                - Registered new binding: Restart - CTRL+R
11:25:34.783 [JavaFX Application Thread] INFO  FXGL                 - FXGL initialization took: 0,902 sec
11:25:34.783 [JavaFX Application Thread] DEBUG LoopRunner           - Starting loop
11:25:34.785 [JavaFX Application Thread] DEBUG StartupState         - STARTUP
11:25:34.785 [JavaFX Application Thread] DEBUG GameApplication      - Starting new game
11:25:34.785 [JavaFX Application Thread] DEBUG Input                - Clearing active input actions
11:25:34.786 [JavaFX Application Thread] DEBUG AssetLoader          - Loading from disk: /assets/ui/css/fxgl_dark.css
11:25:34.796 [JavaFX Application Thread] DEBUG AppStateMachine      - StartupState -> LoadingState
11:25:34.802 [FXGL Background Thread 1 ] DEBUG InitAppTask          - Clearing previous game
11:25:34.802 [FXGL Background Thread 1 ] DEBUG GameWorld            - Clearing game world
11:25:34.803 [FXGL Background Thread 1 ] DEBUG PhysicsWorld         - Clearing physics world
11:25:34.803 [FXGL Background Thread 1 ] DEBUG GameScene            - Clearing game scene
11:25:34.804 [FXGL Background Thread 1 ] DEBUG InitAppTask          - Initializing Game
11:25:34.830 [FXGL Background Thread 1 ] DEBUG AssetLoader          - Loading from disk: /assets/text/levels/somebricks.txt
11:25:34.838 [FXGL Background Thread 1 ] WARN  TextLevelParser      - No producer found for character: 0
11:25:34.838 [FXGL Background Thread 1 ] WARN  TextLevelParser      - No producer found for character: 0
11:25:34.839 [FXGL Background Thread 1 ] WARN  TextLevelParser      - No producer found for character: 0
11:25:34.839 [FXGL Background Thread 1 ] WARN  TextLevelParser      - No producer found for character: 0
11:25:34.839 [FXGL Background Thread 1 ] WARN  TextLevelParser      - No producer found for character: 0
11:25:34.839 [FXGL Background Thread 1 ] WARN  TextLevelParser      - No producer found for character: 0
11:25:34.839 [FXGL Background Thread 1 ] WARN  TextLevelParser      - No producer found for character: 0
11:25:34.839 [FXGL Background Thread 1 ] WARN  TextLevelParser      - No producer found for character: 0
11:25:34.840 [FXGL Background Thread 1 ] WARN  TextLevelParser      - No producer found for character: 0
11:25:34.840 [FXGL Background Thread 1 ] WARN  TextLevelParser      - No producer found for character: 0
11:25:34.840 [FXGL Background Thread 1 ] WARN  TextLevelParser      - No producer found for character: 0
11:25:34.840 [FXGL Background Thread 1 ] WARN  TextLevelParser      - No producer found for character: 0
11:25:34.840 [FXGL Background Thread 1 ] WARN  TextLevelParser      - No producer found for character: 0
11:25:34.840 [FXGL Background Thread 1 ] WARN  TextLevelParser      - No producer found for character: 0
11:25:34.867 [FXGL Background Thread 1 ] DEBUG AssetLoader          - Loading from disk: /assets/textures/brick1.png
11:25:34.875 [FXGL Background Thread 1 ] WARN  TextLevelParser      - No producer found for character: 0
11:25:34.876 [FXGL Background Thread 1 ] DEBUG AssetLoader          - Loading from cache: /assets/textures/brick1.png
11:25:34.878 [FXGL Background Thread 1 ] WARN  TextLevelParser      - No producer found for character: 0
11:25:34.879 [FXGL Background Thread 1 ] DEBUG AssetLoader          - Loading from cache: /assets/textures/brick1.png
11:25:34.880 [FXGL Background Thread 1 ] WARN  TextLevelParser      - No producer found for character: 0
11:25:34.881 [FXGL Background Thread 1 ] DEBUG AssetLoader          - Loading from cache: /assets/textures/brick1.png
11:25:34.881 [FXGL Background Thread 1 ] WARN  TextLevelParser      - No producer found for character: 0
11:25:34.882 [FXGL Background Thread 1 ] DEBUG AssetLoader          - Loading from cache: /assets/textures/brick1.png
11:25:34.883 [FXGL Background Thread 1 ] WARN  TextLevelParser      - No producer found for character: 0
11:25:34.884 [FXGL Background Thread 1 ] DEBUG AssetLoader          - Loading from cache: /assets/textures/brick1.png
11:25:34.885 [FXGL Background Thread 1 ] WARN  TextLevelParser      - No producer found for character: 0
11:25:34.886 [FXGL Background Thread 1 ] DEBUG AssetLoader          - Loading from cache: /assets/textures/brick1.png
11:25:34.886 [FXGL Background Thread 1 ] WARN  TextLevelParser      - No producer found for character: 0
11:25:34.887 [FXGL Background Thread 1 ] DEBUG AssetLoader          - Loading from cache: /assets/textures/brick1.png
11:25:34.888 [FXGL Background Thread 1 ] WARN  TextLevelParser      - No producer found for character: 0
11:25:34.888 [FXGL Background Thread 1 ] DEBUG AssetLoader          - Loading from cache: /assets/textures/brick1.png
11:25:34.889 [FXGL Background Thread 1 ] WARN  TextLevelParser      - No producer found for character: 0
11:25:34.889 [FXGL Background Thread 1 ] WARN  TextLevelParser      - No producer found for character: 0
11:25:34.889 [FXGL Background Thread 1 ] WARN  TextLevelParser      - No producer found for character: 0
11:25:34.889 [FXGL Background Thread 1 ] WARN  TextLevelParser      - No producer found for character: 0
11:25:34.889 [FXGL Background Thread 1 ] WARN  TextLevelParser      - No producer found for character: 0
11:25:34.889 [FXGL Background Thread 1 ] WARN  TextLevelParser      - No producer found for character: 0
11:25:34.889 [FXGL Background Thread 1 ] WARN  TextLevelParser      - No producer found for character: 0
11:25:34.889 [FXGL Background Thread 1 ] WARN  TextLevelParser      - No producer found for character: 0
11:25:34.890 [FXGL Background Thread 1 ] WARN  TextLevelParser      - No producer found for character: 0
11:25:34.890 [FXGL Background Thread 1 ] WARN  TextLevelParser      - No producer found for character: 0
11:25:34.890 [FXGL Background Thread 1 ] WARN  TextLevelParser      - No producer found for character: 0
11:25:34.890 [FXGL Background Thread 1 ] WARN  TextLevelParser      - No producer found for character: 0
11:25:34.890 [FXGL Background Thread 1 ] WARN  TextLevelParser      - No producer found for character: 0
11:25:34.890 [FXGL Background Thread 1 ] WARN  TextLevelParser      - No producer found for character: 0
11:25:34.890 [FXGL Background Thread 1 ] WARN  TextLevelParser      - No producer found for character: 0
11:25:34.890 [FXGL Background Thread 1 ] WARN  TextLevelParser      - No producer found for character: 0
11:25:34.890 [FXGL Background Thread 1 ] WARN  TextLevelParser      - No producer found for character: 0
11:25:34.891 [FXGL Background Thread 1 ] WARN  TextLevelParser      - No producer found for character: 0
11:25:34.891 [FXGL Background Thread 1 ] WARN  TextLevelParser      - No producer found for character: 0
11:25:34.891 [FXGL Background Thread 1 ] WARN  TextLevelParser      - No producer found for character: 0
11:25:34.891 [FXGL Background Thread 1 ] WARN  TextLevelParser      - No producer found for character: 0
11:25:34.891 [FXGL Background Thread 1 ] WARN  TextLevelParser      - No producer found for character: 0
11:25:34.891 [FXGL Background Thread 1 ] WARN  TextLevelParser      - No producer found for character: 0
11:25:34.891 [FXGL Background Thread 1 ] WARN  TextLevelParser      - No producer found for character: 0
11:25:34.891 [FXGL Background Thread 1 ] WARN  TextLevelParser      - No producer found for character: 0
11:25:34.891 [FXGL Background Thread 1 ] WARN  TextLevelParser      - No producer found for character: 0
11:25:34.892 [FXGL Background Thread 1 ] WARN  TextLevelParser      - No producer found for character: 0
11:25:34.892 [FXGL Background Thread 1 ] WARN  TextLevelParser      - No producer found for character: 0
11:25:34.892 [FXGL Background Thread 1 ] WARN  TextLevelParser      - No producer found for character: 0
11:25:34.892 [FXGL Background Thread 1 ] WARN  TextLevelParser      - No producer found for character: 0
11:25:34.892 [FXGL Background Thread 1 ] WARN  TextLevelParser      - No producer found for character: 0
11:25:34.892 [FXGL Background Thread 1 ] WARN  TextLevelParser      - No producer found for character: 0
11:25:34.892 [FXGL Background Thread 1 ] WARN  TextLevelParser      - No producer found for character: 0
11:25:34.892 [FXGL Background Thread 1 ] WARN  TextLevelParser      - No producer found for character: 0
11:25:34.892 [FXGL Background Thread 1 ] WARN  TextLevelParser      - No producer found for character: 0
11:25:34.892 [FXGL Background Thread 1 ] WARN  TextLevelParser      - No producer found for character: 0
11:25:34.893 [FXGL Background Thread 1 ] WARN  TextLevelParser      - No producer found for character: 0
11:25:34.893 [FXGL Background Thread 1 ] WARN  TextLevelParser      - No producer found for character: 0
11:25:34.893 [FXGL Background Thread 1 ] WARN  TextLevelParser      - No producer found for character: 0
11:25:34.893 [FXGL Background Thread 1 ] WARN  TextLevelParser      - No producer found for character: 0
11:25:34.893 [FXGL Background Thread 1 ] WARN  TextLevelParser      - No producer found for character: 0
11:25:34.893 [FXGL Background Thread 1 ] WARN  TextLevelParser      - No producer found for character: 0
11:25:34.893 [FXGL Background Thread 1 ] WARN  TextLevelParser      - No producer found for character: 0
11:25:34.894 [FXGL Background Thread 1 ] WARN  TextLevelParser      - No producer found for character: 0
11:25:34.894 [FXGL Background Thread 1 ] WARN  TextLevelParser      - No producer found for character: 0
11:25:34.894 [FXGL Background Thread 1 ] WARN  TextLevelParser      - No producer found for character: 0
11:25:34.894 [FXGL Background Thread 1 ] WARN  TextLevelParser      - No producer found for character: 0
11:25:34.894 [FXGL Background Thread 1 ] WARN  TextLevelParser      - No producer found for character: 0
11:25:34.894 [FXGL Background Thread 1 ] WARN  TextLevelParser      - No producer found for character: 0
11:25:34.895 [FXGL Background Thread 1 ] WARN  TextLevelParser      - No producer found for character: 0
11:25:34.895 [FXGL Background Thread 1 ] WARN  TextLevelParser      - No producer found for character: 0
11:25:34.895 [FXGL Background Thread 1 ] WARN  TextLevelParser      - No producer found for character: 0
11:25:34.895 [FXGL Background Thread 1 ] WARN  TextLevelParser      - No producer found for character: 0
11:25:34.895 [FXGL Background Thread 1 ] WARN  TextLevelParser      - No producer found for character: 0
11:25:34.895 [FXGL Background Thread 1 ] WARN  TextLevelParser      - No producer found for character: 0
11:25:34.896 [FXGL Background Thread 1 ] WARN  TextLevelParser      - No producer found for character: 0
11:25:34.896 [FXGL Background Thread 1 ] WARN  TextLevelParser      - No producer found for character: 0
11:25:34.896 [FXGL Background Thread 1 ] WARN  TextLevelParser      - No producer found for character: 0
11:25:34.896 [FXGL Background Thread 1 ] WARN  TextLevelParser      - No producer found for character: 0
11:25:34.896 [FXGL Background Thread 1 ] WARN  TextLevelParser      - No producer found for character: 0
11:25:34.896 [FXGL Background Thread 1 ] WARN  TextLevelParser      - No producer found for character: 0
11:25:34.896 [FXGL Background Thread 1 ] WARN  TextLevelParser      - No producer found for character: 0
11:25:34.897 [FXGL Background Thread 1 ] WARN  TextLevelParser      - No producer found for character: 0
11:25:34.897 [FXGL Background Thread 1 ] WARN  TextLevelParser      - No producer found for character: 0
11:25:34.897 [FXGL Background Thread 1 ] WARN  TextLevelParser      - No producer found for character: 0
11:25:34.897 [FXGL Background Thread 1 ] WARN  TextLevelParser      - No producer found for character: 0
11:25:34.897 [FXGL Background Thread 1 ] WARN  TextLevelParser      - No producer found for character: 0
11:25:34.897 [FXGL Background Thread 1 ] WARN  TextLevelParser      - No producer found for character: 0
11:25:34.898 [FXGL Background Thread 1 ] WARN  TextLevelParser      - No producer found for character: 0
11:25:34.898 [FXGL Background Thread 1 ] WARN  TextLevelParser      - No producer found for character: 0
11:25:34.898 [FXGL Background Thread 1 ] WARN  TextLevelParser      - No producer found for character: 0
11:25:34.898 [FXGL Background Thread 1 ] WARN  TextLevelParser      - No producer found for character: 0
11:25:34.899 [FXGL Background Thread 1 ] WARN  TextLevelParser      - No producer found for character: 0
11:25:34.899 [FXGL Background Thread 1 ] WARN  TextLevelParser      - No producer found for character: 0
11:25:34.899 [FXGL Background Thread 1 ] WARN  TextLevelParser      - No producer found for character: 0
11:25:34.899 [FXGL Background Thread 1 ] WARN  TextLevelParser      - No producer found for character: 0
11:25:34.899 [FXGL Background Thread 1 ] WARN  TextLevelParser      - No producer found for character: 0
11:25:34.899 [FXGL Background Thread 1 ] WARN  TextLevelParser      - No producer found for character: 0
11:25:34.899 [FXGL Background Thread 1 ] WARN  TextLevelParser      - No producer found for character: 0
11:25:34.900 [FXGL Background Thread 1 ] WARN  TextLevelParser      - No producer found for character: 0
11:25:34.900 [FXGL Background Thread 1 ] WARN  TextLevelParser      - No producer found for character: 0
11:25:34.900 [FXGL Background Thread 1 ] WARN  TextLevelParser      - No producer found for character: 0
11:25:34.900 [FXGL Background Thread 1 ] WARN  TextLevelParser      - No producer found for character: 0
11:25:34.900 [FXGL Background Thread 1 ] WARN  TextLevelParser      - No producer found for character: 0
11:25:34.900 [FXGL Background Thread 1 ] WARN  TextLevelParser      - No producer found for character: 0
11:25:34.900 [FXGL Background Thread 1 ] WARN  TextLevelParser      - No producer found for character: 0
11:25:34.901 [FXGL Background Thread 1 ] WARN  TextLevelParser      - No producer found for character: 0
11:25:34.901 [FXGL Background Thread 1 ] WARN  TextLevelParser      - No producer found for character: 0
11:25:34.901 [FXGL Background Thread 1 ] WARN  TextLevelParser      - No producer found for character: 0
11:25:34.901 [FXGL Background Thread 1 ] WARN  TextLevelParser      - No producer found for character: 0
11:25:34.901 [FXGL Background Thread 1 ] WARN  TextLevelParser      - No producer found for character: 0
11:25:34.901 [FXGL Background Thread 1 ] WARN  TextLevelParser      - No producer found for character: 0
11:25:34.901 [FXGL Background Thread 1 ] WARN  TextLevelParser      - No producer found for character: 0
11:25:34.901 [FXGL Background Thread 1 ] WARN  TextLevelParser      - No producer found for character: 0
11:25:34.902 [FXGL Background Thread 1 ] WARN  TextLevelParser      - No producer found for character: 0
11:25:34.902 [FXGL Background Thread 1 ] WARN  TextLevelParser      - No producer found for character: 0
11:25:34.902 [FXGL Background Thread 1 ] WARN  TextLevelParser      - No producer found for character: 0
11:25:34.902 [FXGL Background Thread 1 ] WARN  TextLevelParser      - No producer found for character: 0
11:25:34.902 [FXGL Background Thread 1 ] WARN  TextLevelParser      - No producer found for character: 0
11:25:34.902 [FXGL Background Thread 1 ] WARN  TextLevelParser      - No producer found for character: 0
11:25:34.902 [FXGL Background Thread 1 ] WARN  TextLevelParser      - No producer found for character: 0
11:25:34.903 [FXGL Background Thread 1 ] WARN  TextLevelParser      - No producer found for character: 0
11:25:34.903 [FXGL Background Thread 1 ] WARN  TextLevelParser      - No producer found for character: 0
11:25:34.903 [FXGL Background Thread 1 ] WARN  TextLevelParser      - No producer found for character: 0
11:25:34.904 [FXGL Background Thread 1 ] DEBUG AssetLoader          - Loading from disk: /assets/textures/bar.png
11:25:34.906 [FXGL Background Thread 1 ] WARN  TextLevelParser      - No producer found for character: 0
11:25:34.906 [FXGL Background Thread 1 ] WARN  TextLevelParser      - No producer found for character: 0
11:25:34.906 [FXGL Background Thread 1 ] WARN  TextLevelParser      - No producer found for character: 0
11:25:34.907 [FXGL Background Thread 1 ] WARN  TextLevelParser      - No producer found for character: 0
11:25:34.907 [FXGL Background Thread 1 ] WARN  TextLevelParser      - No producer found for character: 0
11:25:34.907 [FXGL Background Thread 1 ] WARN  TextLevelParser      - No producer found for character: 0
11:25:34.907 [FXGL Background Thread 1 ] WARN  TextLevelParser      - No producer found for character: 0
11:25:34.907 [FXGL Background Thread 1 ] WARN  TextLevelParser      - No producer found for character: 0
11:25:34.907 [FXGL Background Thread 1 ] WARN  TextLevelParser      - No producer found for character: 0
11:25:34.907 [FXGL Background Thread 1 ] WARN  TextLevelParser      - No producer found for character: 0
11:25:34.907 [FXGL Background Thread 1 ] WARN  TextLevelParser      - No producer found for character: 0
11:25:34.908 [FXGL Background Thread 1 ] WARN  TextLevelParser      - No producer found for character: 0
11:25:34.908 [FXGL Background Thread 1 ] WARN  TextLevelParser      - No producer found for character: 0
11:25:34.908 [FXGL Background Thread 1 ] WARN  TextLevelParser      - No producer found for character: 0
11:25:34.908 [FXGL Background Thread 1 ] WARN  TextLevelParser      - No producer found for character: 0
11:25:34.908 [FXGL Background Thread 1 ] WARN  TextLevelParser      - No producer found for character: 0
11:25:34.908 [FXGL Background Thread 1 ] WARN  TextLevelParser      - No producer found for character: 0
11:25:34.908 [FXGL Background Thread 1 ] WARN  TextLevelParser      - No producer found for character: 0
11:25:34.908 [FXGL Background Thread 1 ] WARN  TextLevelParser      - No producer found for character: 0
11:25:34.908 [FXGL Background Thread 1 ] WARN  TextLevelParser      - No producer found for character: 0
11:25:34.909 [FXGL Background Thread 1 ] WARN  TextLevelParser      - No producer found for character: 0
11:25:34.909 [FXGL Background Thread 1 ] DEBUG GameWorld            - Clearing removable entities
11:25:34.909 [FXGL Background Thread 1 ] DEBUG GameWorld            - Setting level: com.almasb.fxgl.entity.Level@1118f1dc
11:25:34.942 [FXGL Background Thread 1 ] DEBUG GameScene            - Creating render group for layer: DEFAULT(100000)
11:25:34.947 [FXGL Background Thread 1 ] DEBUG InitAppTask          - Initializing Physics
11:25:34.948 [FXGL Background Thread 1 ] DEBUG InitAppTask          - Initializing UI
11:25:34.948 [FXGL Background Thread 1 ] DEBUG InitAppTask          - Initialization Complete
11:25:34.948 [FXGL Background Thread 1 ] INFO  InitAppTask          - Game initialization took: 0,145 sec
11:25:34.953 [JavaFX Application Thread] DEBUG Input                - Clearing active input actions
11:25:34.953 [JavaFX Application Thread] DEBUG AssetLoader          - Loading from disk: /assets/ui/css/fxgl_dark.css
11:25:34.965 [JavaFX Application Thread] DEBUG AppStateMachine      - LoadingState -> PlayState
11:25:37.028 [JavaFX Application Thread] DEBUG FXGL                 - Exiting FXGL
11:25:37.028 [JavaFX Application Thread] DEBUG FXGL                 - Shutting down background threads
11:25:37.028 [JavaFX Application Thread] DEBUG FXGL                 - Saving FXGL system data
11:25:37.031 [JavaFX Application Thread] DEBUG DesktopFSService     - Writing to: system\fxgl.bundle
11:25:37.035 [JavaFX Application Thread] DEBUG FXGL                 - Closing logger and exiting JavaFX
