12:30:14.604 [JavaFX Application Thread] DEBUG GameApplication      - Logger initialized
12:30:14.620 [JavaFX Application Thread] DEBUG MainWindow           - Creating a JavaFX scene
12:30:14.720 [JavaFX Application Thread] DEBUG MainWindow           - Target settings size: 900.0 x 780.0
12:30:14.720 [JavaFX Application Thread] DEBUG MainWindow           - Scaled scene size:    900.0 x 780.0
12:30:14.721 [JavaFX Application Thread] DEBUG MainWindow           - Scaled ratio: (1.0, 1.0)
12:30:14.724 [JavaFX Application Thread] DEBUG GameApplication      - Starting FXGL
12:30:14.744 [FXGL Launcher Thread     ] INFO  FXGL                 - FXGL-0.5.0 on DESKTOP
12:30:14.744 [FXGL Launcher Thread     ] INFO  FXGL                 - Source code and latest versions at: https://github.com/AlmasB/FXGL
12:30:14.744 [FXGL Launcher Thread     ] INFO  FXGL                 -              Join the FXGL chat at: https://gitter.im/AlmasB/FXGL
12:30:14.749 [FXGL Launcher Thread     ] DEBUG FXGL                 - Loading FXGL system data
12:30:14.760 [FXGL Launcher Thread     ] DEBUG FS                   - Reading from: system\fxgl.bundle
12:30:14.769 [FXGL Launcher Thread     ] DEBUG Bundle               - Logging bundle: FXGL
12:30:14.769 [FXGL Launcher Thread     ] DEBUG Bundle               - FXGL.offline.timer.version.check=2019-01-24T08:55:57.713219300
12:30:14.797 [FXGL Launcher Thread     ] DEBUG GameApplication      - FXGL started
12:30:14.797 [FXGL Launcher Thread     ] DEBUG GameApplication      - Logging game settings
Title: Breakout
Version: 0.1
Width: 900
Height: 780
Fullscreen: false
Intro: false
Menus: false
Profiling: false
Single step:false
App Mode: DEVELOPER
Menu Key: ESCAPE
Stage Style: DECORATED
Scene Factory: class com.almasb.fxgl.scene.SceneFactory
Dialog Factory: class com.almasb.fxgl.ui.FXGLDialogFactory
UI Factory: class com.almasb.fxgl.ui.FXGLUIFactory
Notification Service: class com.almasb.fxgl.gameplay.notification.XboxNotificationView
Exception Handler: class com.almasb.fxgl.app.FXGLExceptionHandler
12:30:14.798 [FXGL Launcher Thread     ] DEBUG GameApplication      - Configuring GameApplication
12:30:14.798 [FXGL Launcher Thread     ] DEBUG GameApplication      - Initializing state machine and application states
12:30:14.809 [FXGL Launcher Thread     ] DEBUG AssetLoader          - Loading from disk: /assets/ui/cursors/fxgl_default.png
12:30:14.823 [FXGL Launcher Thread     ] DEBUG AssetLoader          - Loading from disk: /assets/ui/cursors/fxgl_default.png
12:30:14.846 [FXGL Launcher Thread     ] DEBUG FXGLAssets           - Loading FXGLAssets
12:30:14.872 [FXGL Launcher Thread     ] DEBUG AssetLoader          - Loading from disk: /assets/ui/fonts/VarelaRound-Regular.ttf
12:30:15.059 [FXGL Launcher Thread     ] DEBUG AssetLoader          - Loading from disk: /assets/ui/fonts/lucida_console.ttf
12:30:15.064 [FXGL Launcher Thread     ] DEBUG AssetLoader          - Loading from disk: /assets/ui/css/fxgl_dark.css
12:30:15.064 [FXGL Launcher Thread     ] DEBUG AssetLoader          - Loading from disk: /assets/ui/icons/fxgl_icon.png
12:30:15.101 [FXGL Launcher Thread     ] DEBUG AssetLoader          - Loading from disk: /assets/ui/cursors/fxgl_default.png
12:30:15.108 [FXGL Launcher Thread     ] DEBUG AssetLoader          - Loading from disk: /assets/ui/cursors/fxgl_default.png
12:30:15.144 [FXGL Launcher Thread     ] DEBUG GameScene            - Game scene initialized: 900x780
12:30:15.151 [FXGL Launcher Thread     ] DEBUG GameWorld            - Game world initialized
12:30:15.208 [FXGL Launcher Thread     ] DEBUG PhysicsWorld         - Physics world initialized: appHeight=780, physics.ppm=50,0
12:30:15.223 [FXGL Launcher Thread     ] DEBUG Input                - Registered new binding: Pause - Esc
12:30:15.241 [FXGL Launcher Thread     ] DEBUG Input                - Clearing active input actions
12:30:15.283 [FXGL Launcher Thread     ] DEBUG AppStateMachine      - StartupState -> StartupState
12:30:15.290 [FXGL Launcher Thread     ] INFO  GameApplication      - Game configuration took:  0,492 sec
12:30:15.294 [JavaFX Application Thread] DEBUG MainWindow           - Opening main window
12:30:15.392 [JavaFX Application Thread] DEBUG MainWindow           - Window border size: (14.4000244140625, 37.5999755859375)
12:30:15.392 [JavaFX Application Thread] DEBUG MainWindow           - Scaled size: 900.0 x 780.0
12:30:15.392 [JavaFX Application Thread] DEBUG MainWindow           - Scaled ratio: (1.0, 1.0)
12:30:15.392 [JavaFX Application Thread] DEBUG MainWindow           - Scene size: 900.0 x 780.0
12:30:15.393 [JavaFX Application Thread] DEBUG MainWindow           - Stage size: 914.4000244140625 x 817.5999755859375
12:30:15.393 [JavaFX Application Thread] DEBUG GameApplication      - Running preInit()
12:30:15.396 [JavaFX Application Thread] DEBUG Input                - Registered new binding: Screenshot - P
12:30:15.397 [JavaFX Application Thread] DEBUG Input                - Registered new binding: Dev Options - CTRL+0
12:30:15.397 [JavaFX Application Thread] DEBUG Input                - Registered new binding: System info dump - CTRL+9
12:30:15.398 [JavaFX Application Thread] DEBUG Input                - Registered new binding: Restart - CTRL+R
12:30:15.398 [JavaFX Application Thread] DEBUG Input                - Registered new binding: Move Left - A
12:30:15.398 [JavaFX Application Thread] DEBUG Input                - Registered new binding: Move Right - D
12:30:15.418 [JavaFX Application Thread] DEBUG GameApplication      - Starting main loop
12:30:15.420 [JavaFX Application Thread] DEBUG StartupState         - STARTUP
12:30:15.420 [JavaFX Application Thread] DEBUG GameApplication      - Starting new game
12:30:15.420 [JavaFX Application Thread] DEBUG Input                - Clearing active input actions
12:30:15.432 [JavaFX Application Thread] DEBUG AppStateMachine      - StartupState -> LoadingState
12:30:15.434 [FXGL Background Thread 1 ] DEBUG InitAppTask          - Clearing previous game
12:30:15.435 [FXGL Background Thread 1 ] DEBUG GameWorld            - Clearing game world
12:30:15.435 [FXGL Background Thread 1 ] DEBUG PhysicsWorld         - Clearing physics world
12:30:15.435 [FXGL Background Thread 1 ] DEBUG GameScene            - Clearing game scene
12:30:15.436 [FXGL Background Thread 1 ] DEBUG InitAppTask          - Initializing Game
12:30:15.476 [FXGL Background Thread 1 ] DEBUG AssetLoader          - Loading from disk: /assets/text/levels/level1.txt
12:30:15.478 [FXGL Background Thread 1 ] WARN  FXGL.TextLevelParser - No producer found for character: 0
12:30:15.478 [FXGL Background Thread 1 ] WARN  FXGL.TextLevelParser - No producer found for character: 0
12:30:15.479 [FXGL Background Thread 1 ] WARN  FXGL.TextLevelParser - No producer found for character: 0
12:30:15.479 [FXGL Background Thread 1 ] WARN  FXGL.TextLevelParser - No producer found for character: 0
12:30:15.479 [FXGL Background Thread 1 ] WARN  FXGL.TextLevelParser - No producer found for character: 0
12:30:15.479 [FXGL Background Thread 1 ] WARN  FXGL.TextLevelParser - No producer found for character: 0
12:30:15.480 [FXGL Background Thread 1 ] WARN  FXGL.TextLevelParser - No producer found for character: 0
12:30:15.480 [FXGL Background Thread 1 ] WARN  FXGL.TextLevelParser - No producer found for character: 0
12:30:15.480 [FXGL Background Thread 1 ] WARN  FXGL.TextLevelParser - No producer found for character: 0
12:30:15.480 [FXGL Background Thread 1 ] WARN  FXGL.TextLevelParser - No producer found for character: 0
12:30:15.480 [FXGL Background Thread 1 ] WARN  FXGL.TextLevelParser - No producer found for character: 0
12:30:15.480 [FXGL Background Thread 1 ] WARN  FXGL.TextLevelParser - No producer found for character: 0
12:30:15.481 [FXGL Background Thread 1 ] WARN  FXGL.TextLevelParser - No producer found for character: 0
12:30:15.481 [FXGL Background Thread 1 ] WARN  FXGL.TextLevelParser - No producer found for character: 0
12:30:15.481 [FXGL Background Thread 1 ] WARN  FXGL.TextLevelParser - No producer found for character: 0
12:30:15.481 [FXGL Background Thread 1 ] WARN  FXGL.TextLevelParser - No producer found for character: 0
12:30:15.481 [FXGL Background Thread 1 ] WARN  FXGL.TextLevelParser - No producer found for character: 0
12:30:15.481 [FXGL Background Thread 1 ] WARN  FXGL.TextLevelParser - No producer found for character: 0
12:30:15.481 [FXGL Background Thread 1 ] WARN  FXGL.TextLevelParser - No producer found for character: 0
12:30:15.481 [FXGL Background Thread 1 ] WARN  FXGL.TextLevelParser - No producer found for character: 0
12:30:15.482 [FXGL Background Thread 1 ] WARN  FXGL.TextLevelParser - No producer found for character: 0
12:30:15.482 [FXGL Background Thread 1 ] WARN  FXGL.TextLevelParser - No producer found for character: 0
12:30:15.482 [FXGL Background Thread 1 ] WARN  FXGL.TextLevelParser - No producer found for character: 0
12:30:15.482 [FXGL Background Thread 1 ] WARN  FXGL.TextLevelParser - No producer found for character: 0
12:30:15.482 [FXGL Background Thread 1 ] WARN  FXGL.TextLevelParser - No producer found for character: 0
12:30:15.482 [FXGL Background Thread 1 ] WARN  FXGL.TextLevelParser - No producer found for character: 0
12:30:15.483 [FXGL Background Thread 1 ] WARN  FXGL.TextLevelParser - No producer found for character: 0
12:30:15.483 [FXGL Background Thread 1 ] WARN  FXGL.TextLevelParser - No producer found for character: 0
12:30:15.483 [FXGL Background Thread 1 ] WARN  FXGL.TextLevelParser - No producer found for character: 0
12:30:15.483 [FXGL Background Thread 1 ] WARN  FXGL.TextLevelParser - No producer found for character: 0
12:30:15.483 [FXGL Background Thread 1 ] WARN  FXGL.TextLevelParser - No producer found for character: 0
12:30:15.483 [FXGL Background Thread 1 ] WARN  FXGL.TextLevelParser - No producer found for character: 0
12:30:15.483 [FXGL Background Thread 1 ] WARN  FXGL.TextLevelParser - No producer found for character: 0
12:30:15.484 [FXGL Background Thread 1 ] WARN  FXGL.TextLevelParser - No producer found for character: 0
12:30:15.484 [FXGL Background Thread 1 ] WARN  FXGL.TextLevelParser - No producer found for character: 0
12:30:15.484 [FXGL Background Thread 1 ] WARN  FXGL.TextLevelParser - No producer found for character: 0
12:30:15.484 [FXGL Background Thread 1 ] WARN  FXGL.TextLevelParser - No producer found for character: 0
12:30:15.484 [FXGL Background Thread 1 ] WARN  FXGL.TextLevelParser - No producer found for character: 0
12:30:15.484 [FXGL Background Thread 1 ] WARN  FXGL.TextLevelParser - No producer found for character: 0
12:30:15.485 [FXGL Background Thread 1 ] WARN  FXGL.TextLevelParser - No producer found for character: 0
12:30:15.485 [FXGL Background Thread 1 ] WARN  FXGL.TextLevelParser - No producer found for character: 0
12:30:15.485 [FXGL Background Thread 1 ] WARN  FXGL.TextLevelParser - No producer found for character: 0
12:30:15.520 [FXGL Background Thread 1 ] DEBUG AssetLoader          - Loading from disk: /assets/textures/brick1.png
12:30:15.535 [FXGL Background Thread 1 ] WARN  FXGL.TextLevelParser - No producer found for character: 0
12:30:15.535 [FXGL Background Thread 1 ] WARN  FXGL.TextLevelParser - No producer found for character: 0
12:30:15.536 [FXGL Background Thread 1 ] WARN  FXGL.TextLevelParser - No producer found for character: 0
12:30:15.536 [FXGL Background Thread 1 ] WARN  FXGL.TextLevelParser - No producer found for character: 0
12:30:15.536 [FXGL Background Thread 1 ] WARN  FXGL.TextLevelParser - No producer found for character: 0
12:30:15.536 [FXGL Background Thread 1 ] WARN  FXGL.TextLevelParser - No producer found for character: 0
12:30:15.536 [FXGL Background Thread 1 ] WARN  FXGL.TextLevelParser - No producer found for character: 0
12:30:15.537 [FXGL Background Thread 1 ] DEBUG AssetLoader          - Loading from cache: /assets/textures/brick1.png@50.0x24.0
12:30:15.538 [FXGL Background Thread 1 ] WARN  FXGL.TextLevelParser - No producer found for character: 0
12:30:15.539 [FXGL Background Thread 1 ] WARN  FXGL.TextLevelParser - No producer found for character: 0
12:30:15.539 [FXGL Background Thread 1 ] WARN  FXGL.TextLevelParser - No producer found for character: 0
12:30:15.539 [FXGL Background Thread 1 ] WARN  FXGL.TextLevelParser - No producer found for character: 0
12:30:15.540 [FXGL Background Thread 1 ] WARN  FXGL.TextLevelParser - No producer found for character: 0
12:30:15.540 [FXGL Background Thread 1 ] WARN  FXGL.TextLevelParser - No producer found for character: 0
12:30:15.540 [FXGL Background Thread 1 ] WARN  FXGL.TextLevelParser - No producer found for character: 0
12:30:15.540 [FXGL Background Thread 1 ] WARN  FXGL.TextLevelParser - No producer found for character: 0
12:30:15.540 [FXGL Background Thread 1 ] WARN  FXGL.TextLevelParser - No producer found for character: 0
12:30:15.540 [FXGL Background Thread 1 ] WARN  FXGL.TextLevelParser - No producer found for character: 0
12:30:15.541 [FXGL Background Thread 1 ] WARN  FXGL.TextLevelParser - No producer found for character: 0
12:30:15.541 [FXGL Background Thread 1 ] WARN  FXGL.TextLevelParser - No producer found for character: 0
12:30:15.541 [FXGL Background Thread 1 ] WARN  FXGL.TextLevelParser - No producer found for character: 0
12:30:15.541 [FXGL Background Thread 1 ] WARN  FXGL.TextLevelParser - No producer found for character: 0
12:30:15.541 [FXGL Background Thread 1 ] WARN  FXGL.TextLevelParser - No producer found for character: 0
12:30:15.542 [FXGL Background Thread 1 ] WARN  FXGL.TextLevelParser - No producer found for character: 0
12:30:15.542 [FXGL Background Thread 1 ] WARN  FXGL.TextLevelParser - No producer found for character: 0
12:30:15.542 [FXGL Background Thread 1 ] WARN  FXGL.TextLevelParser - No producer found for character: 0
12:30:15.542 [FXGL Background Thread 1 ] WARN  FXGL.TextLevelParser - No producer found for character: 0
12:30:15.542 [FXGL Background Thread 1 ] WARN  FXGL.TextLevelParser - No producer found for character: 0
12:30:15.543 [FXGL Background Thread 1 ] WARN  FXGL.TextLevelParser - No producer found for character: 0
12:30:15.544 [FXGL Background Thread 1 ] WARN  FXGL.TextLevelParser - No producer found for character: 0
12:30:15.544 [FXGL Background Thread 1 ] WARN  FXGL.TextLevelParser - No producer found for character: 0
12:30:15.544 [FXGL Background Thread 1 ] WARN  FXGL.TextLevelParser - No producer found for character: 0
12:30:15.544 [FXGL Background Thread 1 ] WARN  FXGL.TextLevelParser - No producer found for character: 0
12:30:15.545 [FXGL Background Thread 1 ] WARN  FXGL.TextLevelParser - No producer found for character: 0
12:30:15.545 [FXGL Background Thread 1 ] WARN  FXGL.TextLevelParser - No producer found for character: 0
12:30:15.546 [FXGL Background Thread 1 ] WARN  FXGL.TextLevelParser - No producer found for character: 0
12:30:15.546 [FXGL Background Thread 1 ] WARN  FXGL.TextLevelParser - No producer found for character: 0
12:30:15.546 [FXGL Background Thread 1 ] WARN  FXGL.TextLevelParser - No producer found for character: 0
12:30:15.546 [FXGL Background Thread 1 ] WARN  FXGL.TextLevelParser - No producer found for character: 0
12:30:15.547 [FXGL Background Thread 1 ] WARN  FXGL.TextLevelParser - No producer found for character: 0
12:30:15.547 [FXGL Background Thread 1 ] WARN  FXGL.TextLevelParser - No producer found for character: 0
12:30:15.547 [FXGL Background Thread 1 ] WARN  FXGL.TextLevelParser - No producer found for character: 0
12:30:15.547 [FXGL Background Thread 1 ] WARN  FXGL.TextLevelParser - No producer found for character: 0
12:30:15.547 [FXGL Background Thread 1 ] WARN  FXGL.TextLevelParser - No producer found for character: 0
12:30:15.548 [FXGL Background Thread 1 ] WARN  FXGL.TextLevelParser - No producer found for character: 0
12:30:15.548 [FXGL Background Thread 1 ] WARN  FXGL.TextLevelParser - No producer found for character: 0
12:30:15.548 [FXGL Background Thread 1 ] WARN  FXGL.TextLevelParser - No producer found for character: 0
12:30:15.548 [FXGL Background Thread 1 ] WARN  FXGL.TextLevelParser - No producer found for character: 0
12:30:15.548 [FXGL Background Thread 1 ] WARN  FXGL.TextLevelParser - No producer found for character: 0
12:30:15.548 [FXGL Background Thread 1 ] WARN  FXGL.TextLevelParser - No producer found for character: 0
12:30:15.548 [FXGL Background Thread 1 ] WARN  FXGL.TextLevelParser - No producer found for character: 0
12:30:15.549 [FXGL Background Thread 1 ] WARN  FXGL.TextLevelParser - No producer found for character: 0
12:30:15.549 [FXGL Background Thread 1 ] WARN  FXGL.TextLevelParser - No producer found for character: 0
12:30:15.549 [FXGL Background Thread 1 ] WARN  FXGL.TextLevelParser - No producer found for character: 0
12:30:15.549 [FXGL Background Thread 1 ] WARN  FXGL.TextLevelParser - No producer found for character: 0
12:30:15.549 [FXGL Background Thread 1 ] WARN  FXGL.TextLevelParser - No producer found for character: 0
12:30:15.549 [FXGL Background Thread 1 ] WARN  FXGL.TextLevelParser - No producer found for character: 0
12:30:15.549 [FXGL Background Thread 1 ] WARN  FXGL.TextLevelParser - No producer found for character: 0
12:30:15.550 [FXGL Background Thread 1 ] WARN  FXGL.TextLevelParser - No producer found for character: 0
12:30:15.550 [FXGL Background Thread 1 ] WARN  FXGL.TextLevelParser - No producer found for character: 0
12:30:15.550 [FXGL Background Thread 1 ] WARN  FXGL.TextLevelParser - No producer found for character: 0
12:30:15.550 [FXGL Background Thread 1 ] WARN  FXGL.TextLevelParser - No producer found for character: 0
12:30:15.550 [FXGL Background Thread 1 ] WARN  FXGL.TextLevelParser - No producer found for character: 0
12:30:15.550 [FXGL Background Thread 1 ] WARN  FXGL.TextLevelParser - No producer found for character: 0
12:30:15.550 [FXGL Background Thread 1 ] WARN  FXGL.TextLevelParser - No producer found for character: 0
12:30:15.551 [FXGL Background Thread 1 ] WARN  FXGL.TextLevelParser - No producer found for character: 0
12:30:15.551 [FXGL Background Thread 1 ] WARN  FXGL.TextLevelParser - No producer found for character: 0
12:30:15.551 [FXGL Background Thread 1 ] WARN  FXGL.TextLevelParser - No producer found for character: 0
12:30:15.551 [FXGL Background Thread 1 ] WARN  FXGL.TextLevelParser - No producer found for character: 0
12:30:15.551 [FXGL Background Thread 1 ] WARN  FXGL.TextLevelParser - No producer found for character: 0
12:30:15.551 [FXGL Background Thread 1 ] WARN  FXGL.TextLevelParser - No producer found for character: 0
12:30:15.552 [FXGL Background Thread 1 ] WARN  FXGL.TextLevelParser - No producer found for character: 0
12:30:15.552 [FXGL Background Thread 1 ] WARN  FXGL.TextLevelParser - No producer found for character: 0
12:30:15.552 [FXGL Background Thread 1 ] WARN  FXGL.TextLevelParser - No producer found for character: 0
12:30:15.552 [FXGL Background Thread 1 ] WARN  FXGL.TextLevelParser - No producer found for character: 0
12:30:15.552 [FXGL Background Thread 1 ] WARN  FXGL.TextLevelParser - No producer found for character: 0
12:30:15.560 [FXGL Background Thread 1 ] WARN  FXGL.TextLevelParser - No producer found for character: 0
12:30:15.560 [FXGL Background Thread 1 ] WARN  FXGL.TextLevelParser - No producer found for character: 0
12:30:15.561 [FXGL Background Thread 1 ] WARN  FXGL.TextLevelParser - No producer found for character: 0
12:30:15.561 [FXGL Background Thread 1 ] WARN  FXGL.TextLevelParser - No producer found for character: 0
12:30:15.561 [FXGL Background Thread 1 ] WARN  FXGL.TextLevelParser - No producer found for character: 0
12:30:15.562 [FXGL Background Thread 1 ] WARN  FXGL.TextLevelParser - No producer found for character: 0
12:30:15.562 [FXGL Background Thread 1 ] WARN  FXGL.TextLevelParser - No producer found for character: 0
12:30:15.562 [FXGL Background Thread 1 ] WARN  FXGL.TextLevelParser - No producer found for character: 0
12:30:15.563 [FXGL Background Thread 1 ] WARN  FXGL.TextLevelParser - No producer found for character: 0
12:30:15.563 [FXGL Background Thread 1 ] WARN  FXGL.TextLevelParser - No producer found for character: 0
12:30:15.563 [FXGL Background Thread 1 ] WARN  FXGL.TextLevelParser - No producer found for character: 0
12:30:15.564 [FXGL Background Thread 1 ] WARN  FXGL.TextLevelParser - No producer found for character: 0
12:30:15.564 [FXGL Background Thread 1 ] WARN  FXGL.TextLevelParser - No producer found for character: 0
12:30:15.564 [FXGL Background Thread 1 ] WARN  FXGL.TextLevelParser - No producer found for character: 0
12:30:15.564 [FXGL Background Thread 1 ] WARN  FXGL.TextLevelParser - No producer found for character: 0
12:30:15.565 [FXGL Background Thread 1 ] WARN  FXGL.TextLevelParser - No producer found for character: 0
12:30:15.565 [FXGL Background Thread 1 ] WARN  FXGL.TextLevelParser - No producer found for character: 0
12:30:15.565 [FXGL Background Thread 1 ] WARN  FXGL.TextLevelParser - No producer found for character: 0
12:30:15.565 [FXGL Background Thread 1 ] WARN  FXGL.TextLevelParser - No producer found for character: 0
12:30:15.565 [FXGL Background Thread 1 ] WARN  FXGL.TextLevelParser - No producer found for character: 0
12:30:15.566 [FXGL Background Thread 1 ] WARN  FXGL.TextLevelParser - No producer found for character: 0
12:30:15.566 [FXGL Background Thread 1 ] WARN  FXGL.TextLevelParser - No producer found for character: 0
12:30:15.566 [FXGL Background Thread 1 ] WARN  FXGL.TextLevelParser - No producer found for character: 0
12:30:15.566 [FXGL Background Thread 1 ] WARN  FXGL.TextLevelParser - No producer found for character: 0
12:30:15.566 [FXGL Background Thread 1 ] WARN  FXGL.TextLevelParser - No producer found for character: 0
12:30:15.566 [FXGL Background Thread 1 ] WARN  FXGL.TextLevelParser - No producer found for character: 0
12:30:15.566 [FXGL Background Thread 1 ] WARN  FXGL.TextLevelParser - No producer found for character: 0
12:30:15.566 [FXGL Background Thread 1 ] WARN  FXGL.TextLevelParser - No producer found for character: 0
12:30:15.566 [FXGL Background Thread 1 ] WARN  FXGL.TextLevelParser - No producer found for character: 0
12:30:15.567 [FXGL Background Thread 1 ] WARN  FXGL.TextLevelParser - No producer found for character: 0
12:30:15.567 [FXGL Background Thread 1 ] WARN  FXGL.TextLevelParser - No producer found for character: 0
12:30:15.567 [FXGL Background Thread 1 ] WARN  FXGL.TextLevelParser - No producer found for character: 0
12:30:15.567 [FXGL Background Thread 1 ] WARN  FXGL.TextLevelParser - No producer found for character: 0
12:30:15.567 [FXGL Background Thread 1 ] WARN  FXGL.TextLevelParser - No producer found for character: 0
12:30:15.567 [FXGL Background Thread 1 ] WARN  FXGL.TextLevelParser - No producer found for character: 0
12:30:15.567 [FXGL Background Thread 1 ] WARN  FXGL.TextLevelParser - No producer found for character: 0
12:30:15.568 [FXGL Background Thread 1 ] WARN  FXGL.TextLevelParser - No producer found for character: 0
12:30:15.568 [FXGL Background Thread 1 ] WARN  FXGL.TextLevelParser - No producer found for character: 0
12:30:15.568 [FXGL Background Thread 1 ] WARN  FXGL.TextLevelParser - No producer found for character: 0
12:30:15.568 [FXGL Background Thread 1 ] WARN  FXGL.TextLevelParser - No producer found for character: 0
12:30:15.568 [FXGL Background Thread 1 ] WARN  FXGL.TextLevelParser - No producer found for character: 0
12:30:15.568 [FXGL Background Thread 1 ] WARN  FXGL.TextLevelParser - No producer found for character: 0
12:30:15.568 [FXGL Background Thread 1 ] WARN  FXGL.TextLevelParser - No producer found for character: 0
12:30:15.568 [FXGL Background Thread 1 ] WARN  FXGL.TextLevelParser - No producer found for character: 0
12:30:15.569 [FXGL Background Thread 1 ] WARN  FXGL.TextLevelParser - No producer found for character: 0
12:30:15.569 [FXGL Background Thread 1 ] WARN  FXGL.TextLevelParser - No producer found for character: 0
12:30:15.569 [FXGL Background Thread 1 ] WARN  FXGL.TextLevelParser - No producer found for character: 0
12:30:15.569 [FXGL Background Thread 1 ] WARN  FXGL.TextLevelParser - No producer found for character: 0
12:30:15.569 [FXGL Background Thread 1 ] WARN  FXGL.TextLevelParser - No producer found for character: 0
12:30:15.569 [FXGL Background Thread 1 ] WARN  FXGL.TextLevelParser - No producer found for character: 0
12:30:15.569 [FXGL Background Thread 1 ] WARN  FXGL.TextLevelParser - No producer found for character: 0
12:30:15.569 [FXGL Background Thread 1 ] WARN  FXGL.TextLevelParser - No producer found for character: 0
12:30:15.569 [FXGL Background Thread 1 ] WARN  FXGL.TextLevelParser - No producer found for character: 0
12:30:15.570 [FXGL Background Thread 1 ] WARN  FXGL.TextLevelParser - No producer found for character: 0
12:30:15.570 [FXGL Background Thread 1 ] WARN  FXGL.TextLevelParser - No producer found for character: 0
12:30:15.570 [FXGL Background Thread 1 ] WARN  FXGL.TextLevelParser - No producer found for character: 0
12:30:15.570 [FXGL Background Thread 1 ] WARN  FXGL.TextLevelParser - No producer found for character: 0
12:30:15.570 [FXGL Background Thread 1 ] WARN  FXGL.TextLevelParser - No producer found for character: 0
12:30:15.570 [FXGL Background Thread 1 ] WARN  FXGL.TextLevelParser - No producer found for character: 0
12:30:15.570 [FXGL Background Thread 1 ] WARN  FXGL.TextLevelParser - No producer found for character: 0
12:30:15.570 [FXGL Background Thread 1 ] WARN  FXGL.TextLevelParser - No producer found for character: 0
12:30:15.570 [FXGL Background Thread 1 ] WARN  FXGL.TextLevelParser - No producer found for character: 0
12:30:15.571 [FXGL Background Thread 1 ] WARN  FXGL.TextLevelParser - No producer found for character: 0
12:30:15.571 [FXGL Background Thread 1 ] WARN  FXGL.TextLevelParser - No producer found for character: 0
12:30:15.571 [FXGL Background Thread 1 ] WARN  FXGL.TextLevelParser - No producer found for character: 0
12:30:15.571 [FXGL Background Thread 1 ] WARN  FXGL.TextLevelParser - No producer found for character: 0
12:30:15.571 [FXGL Background Thread 1 ] WARN  FXGL.TextLevelParser - No producer found for character: 0
12:30:15.571 [FXGL Background Thread 1 ] WARN  FXGL.TextLevelParser - No producer found for character: 0
12:30:15.571 [FXGL Background Thread 1 ] WARN  FXGL.TextLevelParser - No producer found for character: 0
12:30:15.572 [FXGL Background Thread 1 ] WARN  FXGL.TextLevelParser - No producer found for character: 0
12:30:15.572 [FXGL Background Thread 1 ] WARN  FXGL.TextLevelParser - No producer found for character: 0
12:30:15.572 [FXGL Background Thread 1 ] WARN  FXGL.TextLevelParser - No producer found for character: 0
12:30:15.572 [FXGL Background Thread 1 ] WARN  FXGL.TextLevelParser - No producer found for character: 0
12:30:15.572 [FXGL Background Thread 1 ] WARN  FXGL.TextLevelParser - No producer found for character: 0
12:30:15.572 [FXGL Background Thread 1 ] WARN  FXGL.TextLevelParser - No producer found for character: 0
12:30:15.572 [FXGL Background Thread 1 ] WARN  FXGL.TextLevelParser - No producer found for character: 0
12:30:15.572 [FXGL Background Thread 1 ] WARN  FXGL.TextLevelParser - No producer found for character: 0
12:30:15.573 [FXGL Background Thread 1 ] WARN  FXGL.TextLevelParser - No producer found for character: 0
12:30:15.573 [FXGL Background Thread 1 ] WARN  FXGL.TextLevelParser - No producer found for character: 0
12:30:15.573 [FXGL Background Thread 1 ] WARN  FXGL.TextLevelParser - No producer found for character: 0
12:30:15.573 [FXGL Background Thread 1 ] WARN  FXGL.TextLevelParser - No producer found for character: 0
12:30:15.573 [FXGL Background Thread 1 ] WARN  FXGL.TextLevelParser - No producer found for character: 0
12:30:15.573 [FXGL Background Thread 1 ] WARN  FXGL.TextLevelParser - No producer found for character: 0
12:30:15.573 [FXGL Background Thread 1 ] WARN  FXGL.TextLevelParser - No producer found for character: 0
12:30:15.573 [FXGL Background Thread 1 ] WARN  FXGL.TextLevelParser - No producer found for character: 0
12:30:15.573 [FXGL Background Thread 1 ] WARN  FXGL.TextLevelParser - No producer found for character: 0
12:30:15.574 [FXGL Background Thread 1 ] WARN  FXGL.TextLevelParser - No producer found for character: 0
12:30:15.574 [FXGL Background Thread 1 ] WARN  FXGL.TextLevelParser - No producer found for character: 0
12:30:15.574 [FXGL Background Thread 1 ] WARN  FXGL.TextLevelParser - No producer found for character: 0
12:30:15.574 [FXGL Background Thread 1 ] WARN  FXGL.TextLevelParser - No producer found for character: 0
12:30:15.574 [FXGL Background Thread 1 ] WARN  FXGL.TextLevelParser - No producer found for character: 0
12:30:15.574 [FXGL Background Thread 1 ] WARN  FXGL.TextLevelParser - No producer found for character: 0
12:30:15.575 [FXGL Background Thread 1 ] WARN  FXGL.TextLevelParser - No producer found for character: 0
12:30:15.575 [FXGL Background Thread 1 ] WARN  FXGL.TextLevelParser - No producer found for character: 0
12:30:15.575 [FXGL Background Thread 1 ] WARN  FXGL.TextLevelParser - No producer found for character: 0
12:30:15.575 [FXGL Background Thread 1 ] WARN  FXGL.TextLevelParser - No producer found for character: 0
12:30:15.575 [FXGL Background Thread 1 ] WARN  FXGL.TextLevelParser - No producer found for character: 0
12:30:15.575 [FXGL Background Thread 1 ] WARN  FXGL.TextLevelParser - No producer found for character: 0
12:30:15.575 [FXGL Background Thread 1 ] WARN  FXGL.TextLevelParser - No producer found for character: 0
12:30:15.575 [FXGL Background Thread 1 ] WARN  FXGL.TextLevelParser - No producer found for character: 0
12:30:15.576 [FXGL Background Thread 1 ] WARN  FXGL.TextLevelParser - No producer found for character: 0
12:30:15.576 [FXGL Background Thread 1 ] WARN  FXGL.TextLevelParser - No producer found for character: 0
12:30:15.576 [FXGL Background Thread 1 ] WARN  FXGL.TextLevelParser - No producer found for character: 0
12:30:15.576 [FXGL Background Thread 1 ] WARN  FXGL.TextLevelParser - No producer found for character: 0
12:30:15.576 [FXGL Background Thread 1 ] WARN  FXGL.TextLevelParser - No producer found for character: 0
12:30:15.576 [FXGL Background Thread 1 ] WARN  FXGL.TextLevelParser - No producer found for character: 0
12:30:15.576 [FXGL Background Thread 1 ] WARN  FXGL.TextLevelParser - No producer found for character: 0
12:30:15.577 [FXGL Background Thread 1 ] WARN  FXGL.TextLevelParser - No producer found for character: 0
12:30:15.577 [FXGL Background Thread 1 ] WARN  FXGL.TextLevelParser - No producer found for character: 0
12:30:15.577 [FXGL Background Thread 1 ] WARN  FXGL.TextLevelParser - No producer found for character: 0
12:30:15.577 [FXGL Background Thread 1 ] WARN  FXGL.TextLevelParser - No producer found for character: 0
12:30:15.577 [FXGL Background Thread 1 ] WARN  FXGL.TextLevelParser - No producer found for character: 0
12:30:15.577 [FXGL Background Thread 1 ] WARN  FXGL.TextLevelParser - No producer found for character: 0
12:30:15.577 [FXGL Background Thread 1 ] WARN  FXGL.TextLevelParser - No producer found for character: 0
12:30:15.577 [FXGL Background Thread 1 ] WARN  FXGL.TextLevelParser - No producer found for character: 0
12:30:15.578 [FXGL Background Thread 1 ] WARN  FXGL.TextLevelParser - No producer found for character: 0
12:30:15.578 [FXGL Background Thread 1 ] WARN  FXGL.TextLevelParser - No producer found for character: 0
12:30:15.578 [FXGL Background Thread 1 ] WARN  FXGL.TextLevelParser - No producer found for character: 0
12:30:15.579 [FXGL Background Thread 1 ] WARN  FXGL.TextLevelParser - No producer found for character: 0
12:30:15.579 [FXGL Background Thread 1 ] WARN  FXGL.TextLevelParser - No producer found for character: 0
12:30:15.579 [FXGL Background Thread 1 ] WARN  FXGL.TextLevelParser - No producer found for character: 0
12:30:15.579 [FXGL Background Thread 1 ] WARN  FXGL.TextLevelParser - No producer found for character: 0
12:30:15.579 [FXGL Background Thread 1 ] WARN  FXGL.TextLevelParser - No producer found for character: 0
12:30:15.580 [FXGL Background Thread 1 ] WARN  FXGL.TextLevelParser - No producer found for character: 0
12:30:15.580 [FXGL Background Thread 1 ] WARN  FXGL.TextLevelParser - No producer found for character: 0
12:30:15.580 [FXGL Background Thread 1 ] WARN  FXGL.TextLevelParser - No producer found for character: 0
12:30:15.580 [FXGL Background Thread 1 ] WARN  FXGL.TextLevelParser - No producer found for character: 0
12:30:15.580 [FXGL Background Thread 1 ] WARN  FXGL.TextLevelParser - No producer found for character: 0
12:30:15.580 [FXGL Background Thread 1 ] WARN  FXGL.TextLevelParser - No producer found for character: 0
12:30:15.580 [FXGL Background Thread 1 ] WARN  FXGL.TextLevelParser - No producer found for character: 0
12:30:15.581 [FXGL Background Thread 1 ] WARN  FXGL.TextLevelParser - No producer found for character: 0
12:30:15.581 [FXGL Background Thread 1 ] WARN  FXGL.TextLevelParser - No producer found for character: 0
12:30:15.581 [FXGL Background Thread 1 ] WARN  FXGL.TextLevelParser - No producer found for character: 0
12:30:15.581 [FXGL Background Thread 1 ] WARN  FXGL.TextLevelParser - No producer found for character: 0
12:30:15.581 [FXGL Background Thread 1 ] WARN  FXGL.TextLevelParser - No producer found for character: 0
12:30:15.581 [FXGL Background Thread 1 ] WARN  FXGL.TextLevelParser - No producer found for character: 0
12:30:15.581 [FXGL Background Thread 1 ] WARN  FXGL.TextLevelParser - No producer found for character: 0
12:30:15.582 [FXGL Background Thread 1 ] WARN  FXGL.TextLevelParser - No producer found for character: 0
12:30:15.582 [FXGL Background Thread 1 ] WARN  FXGL.TextLevelParser - No producer found for character: 0
12:30:15.582 [FXGL Background Thread 1 ] WARN  FXGL.TextLevelParser - No producer found for character: 0
12:30:15.582 [FXGL Background Thread 1 ] WARN  FXGL.TextLevelParser - No producer found for character: 0
12:30:15.582 [FXGL Background Thread 1 ] WARN  FXGL.TextLevelParser - No producer found for character: 0
12:30:15.582 [FXGL Background Thread 1 ] WARN  FXGL.TextLevelParser - No producer found for character: 0
12:30:15.582 [FXGL Background Thread 1 ] WARN  FXGL.TextLevelParser - No producer found for character: 0
12:30:15.582 [FXGL Background Thread 1 ] WARN  FXGL.TextLevelParser - No producer found for character: 0
12:30:15.582 [FXGL Background Thread 1 ] WARN  FXGL.TextLevelParser - No producer found for character: 0
12:30:15.582 [FXGL Background Thread 1 ] WARN  FXGL.TextLevelParser - No producer found for character: 0
12:30:15.583 [FXGL Background Thread 1 ] WARN  FXGL.TextLevelParser - No producer found for character: 0
12:30:15.583 [FXGL Background Thread 1 ] WARN  FXGL.TextLevelParser - No producer found for character: 0
12:30:15.583 [FXGL Background Thread 1 ] WARN  FXGL.TextLevelParser - No producer found for character: 0
12:30:15.583 [FXGL Background Thread 1 ] WARN  FXGL.TextLevelParser - No producer found for character: 0
12:30:15.583 [FXGL Background Thread 1 ] WARN  FXGL.TextLevelParser - No producer found for character: 0
12:30:15.583 [FXGL Background Thread 1 ] WARN  FXGL.TextLevelParser - No producer found for character: 0
12:30:15.583 [FXGL Background Thread 1 ] WARN  FXGL.TextLevelParser - No producer found for character: 0
12:30:15.583 [FXGL Background Thread 1 ] WARN  FXGL.TextLevelParser - No producer found for character: 0
12:30:15.583 [FXGL Background Thread 1 ] WARN  FXGL.TextLevelParser - No producer found for character: 0
12:30:15.583 [FXGL Background Thread 1 ] WARN  FXGL.TextLevelParser - No producer found for character: 0
12:30:15.583 [FXGL Background Thread 1 ] WARN  FXGL.TextLevelParser - No producer found for character: 0
12:30:15.583 [FXGL Background Thread 1 ] WARN  FXGL.TextLevelParser - No producer found for character: 0
12:30:15.584 [FXGL Background Thread 1 ] WARN  FXGL.TextLevelParser - No producer found for character: 0
12:30:15.584 [FXGL Background Thread 1 ] WARN  FXGL.TextLevelParser - No producer found for character: 0
12:30:15.584 [FXGL Background Thread 1 ] WARN  FXGL.TextLevelParser - No producer found for character: 0
12:30:15.584 [FXGL Background Thread 1 ] WARN  FXGL.TextLevelParser - No producer found for character: 0
12:30:15.584 [FXGL Background Thread 1 ] WARN  FXGL.TextLevelParser - No producer found for character: 0
12:30:15.584 [FXGL Background Thread 1 ] WARN  FXGL.TextLevelParser - No producer found for character: 0
12:30:15.584 [FXGL Background Thread 1 ] WARN  FXGL.TextLevelParser - No producer found for character: 0
12:30:15.584 [FXGL Background Thread 1 ] WARN  FXGL.TextLevelParser - No producer found for character: 0
12:30:15.584 [FXGL Background Thread 1 ] WARN  FXGL.TextLevelParser - No producer found for character: 0
12:30:15.584 [FXGL Background Thread 1 ] WARN  FXGL.TextLevelParser - No producer found for character: 0
12:30:15.585 [FXGL Background Thread 1 ] WARN  FXGL.TextLevelParser - No producer found for character: 0
12:30:15.585 [FXGL Background Thread 1 ] WARN  FXGL.TextLevelParser - No producer found for character: 0
12:30:15.585 [FXGL Background Thread 1 ] WARN  FXGL.TextLevelParser - No producer found for character: 0
12:30:15.585 [FXGL Background Thread 1 ] WARN  FXGL.TextLevelParser - No producer found for character: 0
12:30:15.585 [FXGL Background Thread 1 ] WARN  FXGL.TextLevelParser - No producer found for character: 0
12:30:15.585 [FXGL Background Thread 1 ] WARN  FXGL.TextLevelParser - No producer found for character: 0
12:30:15.585 [FXGL Background Thread 1 ] WARN  FXGL.TextLevelParser - No producer found for character: 0
12:30:15.585 [FXGL Background Thread 1 ] WARN  FXGL.TextLevelParser - No producer found for character: 0
12:30:15.586 [FXGL Background Thread 1 ] DEBUG AssetLoader          - Loading from disk: /assets/textures/bar.png
12:30:15.588 [FXGL Background Thread 1 ] WARN  FXGL.TextLevelParser - No producer found for character: 0
12:30:15.588 [FXGL Background Thread 1 ] WARN  FXGL.TextLevelParser - No producer found for character: 0
12:30:15.588 [FXGL Background Thread 1 ] WARN  FXGL.TextLevelParser - No producer found for character: 0
12:30:15.588 [FXGL Background Thread 1 ] WARN  FXGL.TextLevelParser - No producer found for character: 0
12:30:15.588 [FXGL Background Thread 1 ] WARN  FXGL.TextLevelParser - No producer found for character: 0
12:30:15.589 [FXGL Background Thread 1 ] WARN  FXGL.TextLevelParser - No producer found for character: 0
12:30:15.589 [FXGL Background Thread 1 ] WARN  FXGL.TextLevelParser - No producer found for character: 0
12:30:15.589 [FXGL Background Thread 1 ] WARN  FXGL.TextLevelParser - No producer found for character: 0
12:30:15.589 [FXGL Background Thread 1 ] WARN  FXGL.TextLevelParser - No producer found for character: 0
12:30:15.589 [FXGL Background Thread 1 ] WARN  FXGL.TextLevelParser - No producer found for character: 0
12:30:15.589 [FXGL Background Thread 1 ] WARN  FXGL.TextLevelParser - No producer found for character: 0
12:30:15.589 [FXGL Background Thread 1 ] WARN  FXGL.TextLevelParser - No producer found for character: 0
12:30:15.589 [FXGL Background Thread 1 ] WARN  FXGL.TextLevelParser - No producer found for character: 0
12:30:15.589 [FXGL Background Thread 1 ] WARN  FXGL.TextLevelParser - No producer found for character: 0
12:30:15.590 [FXGL Background Thread 1 ] WARN  FXGL.TextLevelParser - No producer found for character: 0
12:30:15.590 [FXGL Background Thread 1 ] WARN  FXGL.TextLevelParser - No producer found for character: 0
12:30:15.590 [FXGL Background Thread 1 ] WARN  FXGL.TextLevelParser - No producer found for character: 0
12:30:15.590 [FXGL Background Thread 1 ] WARN  FXGL.TextLevelParser - No producer found for character: 0
12:30:15.590 [FXGL Background Thread 1 ] WARN  FXGL.TextLevelParser - No producer found for character: 0
12:30:15.590 [FXGL Background Thread 1 ] WARN  FXGL.TextLevelParser - No producer found for character: 0
12:30:15.590 [FXGL Background Thread 1 ] WARN  FXGL.TextLevelParser - No producer found for character: 0
12:30:15.590 [FXGL Background Thread 1 ] WARN  FXGL.TextLevelParser - No producer found for character: 0
12:30:15.590 [FXGL Background Thread 1 ] WARN  FXGL.TextLevelParser - No producer found for character: 0
12:30:15.590 [FXGL Background Thread 1 ] WARN  FXGL.TextLevelParser - No producer found for character: 0
12:30:15.590 [FXGL Background Thread 1 ] WARN  FXGL.TextLevelParser - No producer found for character: 0
12:30:15.591 [FXGL Background Thread 1 ] WARN  FXGL.TextLevelParser - No producer found for character: 0
12:30:15.591 [FXGL Background Thread 1 ] DEBUG AssetLoader          - Loading from disk: /assets/textures/fire.png
12:30:15.605 [FXGL Background Thread 1 ] WARN  FXGL.TextLevelParser - No producer found for character: 0
12:30:15.606 [FXGL Background Thread 1 ] DEBUG AssetLoader          - Loading from cache: /assets/textures/fire.png@100.0x80.0
12:30:15.606 [FXGL Background Thread 1 ] WARN  FXGL.TextLevelParser - No producer found for character: 0
12:30:15.607 [FXGL Background Thread 1 ] DEBUG AssetLoader          - Loading from cache: /assets/textures/fire.png@100.0x80.0
12:30:15.607 [FXGL Background Thread 1 ] WARN  FXGL.TextLevelParser - No producer found for character: 0
12:30:15.608 [FXGL Background Thread 1 ] DEBUG AssetLoader          - Loading from cache: /assets/textures/fire.png@100.0x80.0
12:30:15.609 [FXGL Background Thread 1 ] WARN  FXGL.TextLevelParser - No producer found for character: 0
12:30:15.610 [FXGL Background Thread 1 ] DEBUG AssetLoader          - Loading from cache: /assets/textures/fire.png@100.0x80.0
12:30:15.611 [FXGL Background Thread 1 ] WARN  FXGL.TextLevelParser - No producer found for character: 0
12:30:15.612 [FXGL Background Thread 1 ] DEBUG AssetLoader          - Loading from cache: /assets/textures/fire.png@100.0x80.0
12:30:15.613 [FXGL Background Thread 1 ] WARN  FXGL.TextLevelParser - No producer found for character: 0
12:30:15.614 [FXGL Background Thread 1 ] DEBUG AssetLoader          - Loading from cache: /assets/textures/fire.png@100.0x80.0
12:30:15.615 [FXGL Background Thread 1 ] WARN  FXGL.TextLevelParser - No producer found for character: 0
12:30:15.615 [FXGL Background Thread 1 ] DEBUG AssetLoader          - Loading from cache: /assets/textures/fire.png@100.0x80.0
12:30:15.616 [FXGL Background Thread 1 ] WARN  FXGL.TextLevelParser - No producer found for character: 0
12:30:15.617 [FXGL Background Thread 1 ] DEBUG AssetLoader          - Loading from cache: /assets/textures/fire.png@100.0x80.0
12:30:15.617 [FXGL Background Thread 1 ] WARN  FXGL.TextLevelParser - No producer found for character: 0
12:30:15.619 [FXGL Background Thread 1 ] DEBUG GameWorld            - Clearing removable entities
12:30:15.619 [FXGL Background Thread 1 ] DEBUG GameWorld            - Setting level: com.almasb.fxgl.entity.Level@e23de28
12:30:15.654 [FXGL Background Thread 1 ] DEBUG GameScene            - Creating render group for layer: DEFAULT(100000)
12:30:15.669 [FXGL Background Thread 1 ] DEBUG GameScene            - Creating render group for layer: BACKGROUND(1000)
12:30:15.671 [FXGL Background Thread 1 ] DEBUG InitAppTask          - Initializing Physics
12:30:15.672 [FXGL Background Thread 1 ] DEBUG InitAppTask          - Initializing UI
12:30:15.673 [FXGL Background Thread 1 ] DEBUG InitAppTask          - Initialization Complete
12:30:15.674 [FXGL Background Thread 1 ] INFO  InitAppTask          - Game initialization took: 0,240 sec
12:30:15.687 [JavaFX Application Thread] DEBUG Input                - Clearing active input actions
12:30:15.699 [JavaFX Application Thread] DEBUG AppStateMachine      - LoadingState -> PlayState
12:30:25.160 [JavaFX Application Thread] DEBUG AssetLoader          - Loading from disk: /assets/text/levels/level2.txt
12:30:25.161 [JavaFX Application Thread] WARN  FXGL.TextLevelParser - No producer found for character: 0
12:30:25.161 [JavaFX Application Thread] WARN  FXGL.TextLevelParser - No producer found for character: 0
12:30:25.161 [JavaFX Application Thread] WARN  FXGL.TextLevelParser - No producer found for character: 0
12:30:25.161 [JavaFX Application Thread] WARN  FXGL.TextLevelParser - No producer found for character: 0
12:30:25.161 [JavaFX Application Thread] WARN  FXGL.TextLevelParser - No producer found for character: 0
12:30:25.161 [JavaFX Application Thread] WARN  FXGL.TextLevelParser - No producer found for character: 0
12:30:25.161 [JavaFX Application Thread] WARN  FXGL.TextLevelParser - No producer found for character: 0
12:30:25.161 [JavaFX Application Thread] WARN  FXGL.TextLevelParser - No producer found for character: 0
12:30:25.161 [JavaFX Application Thread] WARN  FXGL.TextLevelParser - No producer found for character: 0
12:30:25.161 [JavaFX Application Thread] WARN  FXGL.TextLevelParser - No producer found for character: 0
12:30:25.161 [JavaFX Application Thread] WARN  FXGL.TextLevelParser - No producer found for character: 0
12:30:25.161 [JavaFX Application Thread] WARN  FXGL.TextLevelParser - No producer found for character: 0
12:30:25.161 [JavaFX Application Thread] WARN  FXGL.TextLevelParser - No producer found for character: 0
12:30:25.161 [JavaFX Application Thread] WARN  FXGL.TextLevelParser - No producer found for character: 0
12:30:25.161 [JavaFX Application Thread] WARN  FXGL.TextLevelParser - No producer found for character: 0
12:30:25.161 [JavaFX Application Thread] WARN  FXGL.TextLevelParser - No producer found for character: 0
12:30:25.162 [JavaFX Application Thread] WARN  FXGL.TextLevelParser - No producer found for character: 0
12:30:25.162 [JavaFX Application Thread] WARN  FXGL.TextLevelParser - No producer found for character: 0
12:30:25.162 [JavaFX Application Thread] DEBUG AssetLoader          - Loading from cache: /assets/textures/brick1.png@50.0x24.0
12:30:25.163 [JavaFX Application Thread] DEBUG AssetLoader          - Loading from cache: /assets/textures/brick1.png@50.0x24.0
12:30:25.164 [JavaFX Application Thread] DEBUG AssetLoader          - Loading from cache: /assets/textures/brick1.png@50.0x24.0
12:30:25.165 [JavaFX Application Thread] DEBUG AssetLoader          - Loading from cache: /assets/textures/brick1.png@50.0x24.0
12:30:25.166 [JavaFX Application Thread] DEBUG AssetLoader          - Loading from cache: /assets/textures/brick1.png@50.0x24.0
12:30:25.167 [JavaFX Application Thread] DEBUG AssetLoader          - Loading from cache: /assets/textures/brick1.png@50.0x24.0
12:30:25.167 [JavaFX Application Thread] DEBUG AssetLoader          - Loading from cache: /assets/textures/brick1.png@50.0x24.0
12:30:25.168 [JavaFX Application Thread] DEBUG AssetLoader          - Loading from cache: /assets/textures/brick1.png@50.0x24.0
12:30:25.169 [JavaFX Application Thread] DEBUG AssetLoader          - Loading from cache: /assets/textures/brick1.png@50.0x24.0
12:30:25.169 [JavaFX Application Thread] DEBUG AssetLoader          - Loading from cache: /assets/textures/brick1.png@50.0x24.0
12:30:25.170 [JavaFX Application Thread] DEBUG AssetLoader          - Loading from cache: /assets/textures/brick1.png@50.0x24.0
12:30:25.170 [JavaFX Application Thread] DEBUG AssetLoader          - Loading from cache: /assets/textures/brick1.png@50.0x24.0
12:30:25.171 [JavaFX Application Thread] DEBUG AssetLoader          - Loading from cache: /assets/textures/brick1.png@50.0x24.0
12:30:25.172 [JavaFX Application Thread] DEBUG AssetLoader          - Loading from cache: /assets/textures/brick1.png@50.0x24.0
12:30:25.173 [JavaFX Application Thread] DEBUG AssetLoader          - Loading from cache: /assets/textures/brick1.png@50.0x24.0
12:30:25.173 [JavaFX Application Thread] DEBUG AssetLoader          - Loading from cache: /assets/textures/brick1.png@50.0x24.0
12:30:25.174 [JavaFX Application Thread] DEBUG AssetLoader          - Loading from cache: /assets/textures/brick1.png@50.0x24.0
12:30:25.175 [JavaFX Application Thread] DEBUG AssetLoader          - Loading from cache: /assets/textures/brick1.png@50.0x24.0
12:30:25.176 [JavaFX Application Thread] DEBUG AssetLoader          - Loading from cache: /assets/textures/brick1.png@50.0x24.0
12:30:25.177 [JavaFX Application Thread] DEBUG AssetLoader          - Loading from cache: /assets/textures/brick1.png@50.0x24.0
12:30:25.178 [JavaFX Application Thread] DEBUG AssetLoader          - Loading from cache: /assets/textures/brick1.png@50.0x24.0
12:30:25.178 [JavaFX Application Thread] DEBUG AssetLoader          - Loading from cache: /assets/textures/brick1.png@50.0x24.0
12:30:25.179 [JavaFX Application Thread] DEBUG AssetLoader          - Loading from cache: /assets/textures/brick1.png@50.0x24.0
12:30:25.179 [JavaFX Application Thread] DEBUG AssetLoader          - Loading from cache: /assets/textures/brick1.png@50.0x24.0
12:30:25.179 [JavaFX Application Thread] DEBUG AssetLoader          - Loading from cache: /assets/textures/brick1.png@50.0x24.0
12:30:25.180 [JavaFX Application Thread] DEBUG AssetLoader          - Loading from cache: /assets/textures/brick1.png@50.0x24.0
12:30:25.180 [JavaFX Application Thread] DEBUG AssetLoader          - Loading from cache: /assets/textures/brick1.png@50.0x24.0
12:30:25.181 [JavaFX Application Thread] DEBUG AssetLoader          - Loading from cache: /assets/textures/brick1.png@50.0x24.0
12:30:25.181 [JavaFX Application Thread] DEBUG AssetLoader          - Loading from cache: /assets/textures/brick1.png@50.0x24.0
12:30:25.182 [JavaFX Application Thread] DEBUG AssetLoader          - Loading from cache: /assets/textures/brick1.png@50.0x24.0
12:30:25.182 [JavaFX Application Thread] DEBUG AssetLoader          - Loading from cache: /assets/textures/brick1.png@50.0x24.0
12:30:25.183 [JavaFX Application Thread] DEBUG AssetLoader          - Loading from cache: /assets/textures/brick1.png@50.0x24.0
12:30:25.184 [JavaFX Application Thread] DEBUG AssetLoader          - Loading from cache: /assets/textures/brick1.png@50.0x24.0
12:30:25.184 [JavaFX Application Thread] DEBUG AssetLoader          - Loading from cache: /assets/textures/brick1.png@50.0x24.0
12:30:25.185 [JavaFX Application Thread] DEBUG AssetLoader          - Loading from cache: /assets/textures/brick1.png@50.0x24.0
12:30:25.185 [JavaFX Application Thread] DEBUG AssetLoader          - Loading from cache: /assets/textures/brick1.png@50.0x24.0
12:30:25.186 [JavaFX Application Thread] WARN  FXGL.TextLevelParser - No producer found for character: 0
12:30:25.186 [JavaFX Application Thread] WARN  FXGL.TextLevelParser - No producer found for character: 0
12:30:25.186 [JavaFX Application Thread] WARN  FXGL.TextLevelParser - No producer found for character: 0
12:30:25.186 [JavaFX Application Thread] WARN  FXGL.TextLevelParser - No producer found for character: 0
12:30:25.186 [JavaFX Application Thread] WARN  FXGL.TextLevelParser - No producer found for character: 0
12:30:25.186 [JavaFX Application Thread] WARN  FXGL.TextLevelParser - No producer found for character: 0
12:30:25.186 [JavaFX Application Thread] WARN  FXGL.TextLevelParser - No producer found for character: 0
12:30:25.186 [JavaFX Application Thread] WARN  FXGL.TextLevelParser - No producer found for character: 0
12:30:25.186 [JavaFX Application Thread] WARN  FXGL.TextLevelParser - No producer found for character: 0
12:30:25.186 [JavaFX Application Thread] WARN  FXGL.TextLevelParser - No producer found for character: 0
12:30:25.186 [JavaFX Application Thread] WARN  FXGL.TextLevelParser - No producer found for character: 0
12:30:25.186 [JavaFX Application Thread] WARN  FXGL.TextLevelParser - No producer found for character: 0
12:30:25.186 [JavaFX Application Thread] WARN  FXGL.TextLevelParser - No producer found for character: 0
12:30:25.186 [JavaFX Application Thread] WARN  FXGL.TextLevelParser - No producer found for character: 0
12:30:25.186 [JavaFX Application Thread] WARN  FXGL.TextLevelParser - No producer found for character: 0
12:30:25.186 [JavaFX Application Thread] WARN  FXGL.TextLevelParser - No producer found for character: 0
12:30:25.186 [JavaFX Application Thread] WARN  FXGL.TextLevelParser - No producer found for character: 0
12:30:25.186 [JavaFX Application Thread] WARN  FXGL.TextLevelParser - No producer found for character: 0
12:30:25.186 [JavaFX Application Thread] WARN  FXGL.TextLevelParser - No producer found for character: 0
12:30:25.186 [JavaFX Application Thread] WARN  FXGL.TextLevelParser - No producer found for character: 0
12:30:25.186 [JavaFX Application Thread] WARN  FXGL.TextLevelParser - No producer found for character: 0
12:30:25.186 [JavaFX Application Thread] WARN  FXGL.TextLevelParser - No producer found for character: 0
12:30:25.187 [JavaFX Application Thread] WARN  FXGL.TextLevelParser - No producer found for character: 0
12:30:25.187 [JavaFX Application Thread] WARN  FXGL.TextLevelParser - No producer found for character: 0
12:30:25.187 [JavaFX Application Thread] WARN  FXGL.TextLevelParser - No producer found for character: 0
12:30:25.187 [JavaFX Application Thread] WARN  FXGL.TextLevelParser - No producer found for character: 0
12:30:25.187 [JavaFX Application Thread] WARN  FXGL.TextLevelParser - No producer found for character: 0
12:30:25.187 [JavaFX Application Thread] WARN  FXGL.TextLevelParser - No producer found for character: 0
12:30:25.187 [JavaFX Application Thread] WARN  FXGL.TextLevelParser - No producer found for character: 0
12:30:25.187 [JavaFX Application Thread] WARN  FXGL.TextLevelParser - No producer found for character: 0
12:30:25.187 [JavaFX Application Thread] WARN  FXGL.TextLevelParser - No producer found for character: 0
12:30:25.187 [JavaFX Application Thread] WARN  FXGL.TextLevelParser - No producer found for character: 0
12:30:25.187 [JavaFX Application Thread] WARN  FXGL.TextLevelParser - No producer found for character: 0
12:30:25.187 [JavaFX Application Thread] WARN  FXGL.TextLevelParser - No producer found for character: 0
12:30:25.187 [JavaFX Application Thread] WARN  FXGL.TextLevelParser - No producer found for character: 0
12:30:25.187 [JavaFX Application Thread] WARN  FXGL.TextLevelParser - No producer found for character: 0
12:30:25.187 [JavaFX Application Thread] WARN  FXGL.TextLevelParser - No producer found for character: 0
12:30:25.187 [JavaFX Application Thread] WARN  FXGL.TextLevelParser - No producer found for character: 0
12:30:25.187 [JavaFX Application Thread] WARN  FXGL.TextLevelParser - No producer found for character: 0
12:30:25.189 [JavaFX Application Thread] WARN  FXGL.TextLevelParser - No producer found for character: 0
12:30:25.189 [JavaFX Application Thread] WARN  FXGL.TextLevelParser - No producer found for character: 0
12:30:25.189 [JavaFX Application Thread] WARN  FXGL.TextLevelParser - No producer found for character: 0
12:30:25.189 [JavaFX Application Thread] WARN  FXGL.TextLevelParser - No producer found for character: 0
12:30:25.189 [JavaFX Application Thread] WARN  FXGL.TextLevelParser - No producer found for character: 0
12:30:25.189 [JavaFX Application Thread] WARN  FXGL.TextLevelParser - No producer found for character: 0
12:30:25.189 [JavaFX Application Thread] WARN  FXGL.TextLevelParser - No producer found for character: 0
12:30:25.189 [JavaFX Application Thread] WARN  FXGL.TextLevelParser - No producer found for character: 0
12:30:25.189 [JavaFX Application Thread] WARN  FXGL.TextLevelParser - No producer found for character: 0
12:30:25.189 [JavaFX Application Thread] WARN  FXGL.TextLevelParser - No producer found for character: 0
12:30:25.190 [JavaFX Application Thread] WARN  FXGL.TextLevelParser - No producer found for character: 0
12:30:25.190 [JavaFX Application Thread] WARN  FXGL.TextLevelParser - No producer found for character: 0
12:30:25.190 [JavaFX Application Thread] WARN  FXGL.TextLevelParser - No producer found for character: 0
12:30:25.190 [JavaFX Application Thread] WARN  FXGL.TextLevelParser - No producer found for character: 0
12:30:25.190 [JavaFX Application Thread] WARN  FXGL.TextLevelParser - No producer found for character: 0
12:30:25.190 [JavaFX Application Thread] WARN  FXGL.TextLevelParser - No producer found for character: 0
12:30:25.190 [JavaFX Application Thread] WARN  FXGL.TextLevelParser - No producer found for character: 0
12:30:25.190 [JavaFX Application Thread] WARN  FXGL.TextLevelParser - No producer found for character: 0
12:30:25.190 [JavaFX Application Thread] WARN  FXGL.TextLevelParser - No producer found for character: 0
12:30:25.190 [JavaFX Application Thread] WARN  FXGL.TextLevelParser - No producer found for character: 0
12:30:25.190 [JavaFX Application Thread] WARN  FXGL.TextLevelParser - No producer found for character: 0
12:30:25.190 [JavaFX Application Thread] WARN  FXGL.TextLevelParser - No producer found for character: 0
12:30:25.190 [JavaFX Application Thread] WARN  FXGL.TextLevelParser - No producer found for character: 0
12:30:25.190 [JavaFX Application Thread] WARN  FXGL.TextLevelParser - No producer found for character: 0
12:30:25.190 [JavaFX Application Thread] WARN  FXGL.TextLevelParser - No producer found for character: 0
12:30:25.190 [JavaFX Application Thread] WARN  FXGL.TextLevelParser - No producer found for character: 0
12:30:25.191 [JavaFX Application Thread] WARN  FXGL.TextLevelParser - No producer found for character: 0
12:30:25.191 [JavaFX Application Thread] WARN  FXGL.TextLevelParser - No producer found for character: 0
12:30:25.191 [JavaFX Application Thread] WARN  FXGL.TextLevelParser - No producer found for character: 0
12:30:25.191 [JavaFX Application Thread] WARN  FXGL.TextLevelParser - No producer found for character: 0
12:30:25.192 [JavaFX Application Thread] WARN  FXGL.TextLevelParser - No producer found for character: 0
12:30:25.192 [JavaFX Application Thread] WARN  FXGL.TextLevelParser - No producer found for character: 0
12:30:25.192 [JavaFX Application Thread] WARN  FXGL.TextLevelParser - No producer found for character: 0
12:30:25.192 [JavaFX Application Thread] WARN  FXGL.TextLevelParser - No producer found for character: 0
12:30:25.192 [JavaFX Application Thread] WARN  FXGL.TextLevelParser - No producer found for character: 0
12:30:25.192 [JavaFX Application Thread] WARN  FXGL.TextLevelParser - No producer found for character: 0
12:30:25.192 [JavaFX Application Thread] WARN  FXGL.TextLevelParser - No producer found for character: 0
12:30:25.192 [JavaFX Application Thread] WARN  FXGL.TextLevelParser - No producer found for character: 0
12:30:25.192 [JavaFX Application Thread] WARN  FXGL.TextLevelParser - No producer found for character: 0
12:30:25.192 [JavaFX Application Thread] WARN  FXGL.TextLevelParser - No producer found for character: 0
12:30:25.192 [JavaFX Application Thread] WARN  FXGL.TextLevelParser - No producer found for character: 0
12:30:25.192 [JavaFX Application Thread] WARN  FXGL.TextLevelParser - No producer found for character: 0
12:30:25.192 [JavaFX Application Thread] WARN  FXGL.TextLevelParser - No producer found for character: 0
12:30:25.192 [JavaFX Application Thread] WARN  FXGL.TextLevelParser - No producer found for character: 0
12:30:25.192 [JavaFX Application Thread] WARN  FXGL.TextLevelParser - No producer found for character: 0
12:30:25.192 [JavaFX Application Thread] WARN  FXGL.TextLevelParser - No producer found for character: 0
12:30:25.192 [JavaFX Application Thread] WARN  FXGL.TextLevelParser - No producer found for character: 0
12:30:25.192 [JavaFX Application Thread] WARN  FXGL.TextLevelParser - No producer found for character: 0
12:30:25.192 [JavaFX Application Thread] WARN  FXGL.TextLevelParser - No producer found for character: 0
12:30:25.192 [JavaFX Application Thread] WARN  FXGL.TextLevelParser - No producer found for character: 0
12:30:25.192 [JavaFX Application Thread] WARN  FXGL.TextLevelParser - No producer found for character: 0
12:30:25.192 [JavaFX Application Thread] WARN  FXGL.TextLevelParser - No producer found for character: 0
12:30:25.192 [JavaFX Application Thread] WARN  FXGL.TextLevelParser - No producer found for character: 0
12:30:25.192 [JavaFX Application Thread] WARN  FXGL.TextLevelParser - No producer found for character: 0
12:30:25.192 [JavaFX Application Thread] WARN  FXGL.TextLevelParser - No producer found for character: 0
12:30:25.192 [JavaFX Application Thread] WARN  FXGL.TextLevelParser - No producer found for character: 0
12:30:25.192 [JavaFX Application Thread] WARN  FXGL.TextLevelParser - No producer found for character: 0
12:30:25.193 [JavaFX Application Thread] WARN  FXGL.TextLevelParser - No producer found for character: 0
12:30:25.193 [JavaFX Application Thread] WARN  FXGL.TextLevelParser - No producer found for character: 0
12:30:25.193 [JavaFX Application Thread] WARN  FXGL.TextLevelParser - No producer found for character: 0
12:30:25.193 [JavaFX Application Thread] WARN  FXGL.TextLevelParser - No producer found for character: 0
12:30:25.193 [JavaFX Application Thread] WARN  FXGL.TextLevelParser - No producer found for character: 0
12:30:25.193 [JavaFX Application Thread] WARN  FXGL.TextLevelParser - No producer found for character: 0
12:30:25.193 [JavaFX Application Thread] WARN  FXGL.TextLevelParser - No producer found for character: 0
12:30:25.193 [JavaFX Application Thread] WARN  FXGL.TextLevelParser - No producer found for character: 0
12:30:25.193 [JavaFX Application Thread] WARN  FXGL.TextLevelParser - No producer found for character: 0
12:30:25.193 [JavaFX Application Thread] WARN  FXGL.TextLevelParser - No producer found for character: 0
12:30:25.193 [JavaFX Application Thread] WARN  FXGL.TextLevelParser - No producer found for character: 0
12:30:25.193 [JavaFX Application Thread] WARN  FXGL.TextLevelParser - No producer found for character: 0
12:30:25.193 [JavaFX Application Thread] WARN  FXGL.TextLevelParser - No producer found for character: 0
12:30:25.193 [JavaFX Application Thread] WARN  FXGL.TextLevelParser - No producer found for character: 0
12:30:25.193 [JavaFX Application Thread] WARN  FXGL.TextLevelParser - No producer found for character: 0
12:30:25.193 [JavaFX Application Thread] WARN  FXGL.TextLevelParser - No producer found for character: 0
12:30:25.193 [JavaFX Application Thread] WARN  FXGL.TextLevelParser - No producer found for character: 0
12:30:25.193 [JavaFX Application Thread] WARN  FXGL.TextLevelParser - No producer found for character: 0
12:30:25.193 [JavaFX Application Thread] WARN  FXGL.TextLevelParser - No producer found for character: 0
12:30:25.193 [JavaFX Application Thread] WARN  FXGL.TextLevelParser - No producer found for character: 0
12:30:25.193 [JavaFX Application Thread] WARN  FXGL.TextLevelParser - No producer found for character: 0
12:30:25.193 [JavaFX Application Thread] WARN  FXGL.TextLevelParser - No producer found for character: 0
12:30:25.193 [JavaFX Application Thread] WARN  FXGL.TextLevelParser - No producer found for character: 0
12:30:25.193 [JavaFX Application Thread] WARN  FXGL.TextLevelParser - No producer found for character: 0
12:30:25.193 [JavaFX Application Thread] WARN  FXGL.TextLevelParser - No producer found for character: 0
12:30:25.193 [JavaFX Application Thread] WARN  FXGL.TextLevelParser - No producer found for character: 0
12:30:25.193 [JavaFX Application Thread] WARN  FXGL.TextLevelParser - No producer found for character: 0
12:30:25.194 [JavaFX Application Thread] WARN  FXGL.TextLevelParser - No producer found for character: 0
12:30:25.194 [JavaFX Application Thread] WARN  FXGL.TextLevelParser - No producer found for character: 0
12:30:25.194 [JavaFX Application Thread] WARN  FXGL.TextLevelParser - No producer found for character: 0
12:30:25.194 [JavaFX Application Thread] WARN  FXGL.TextLevelParser - No producer found for character: 0
12:30:25.194 [JavaFX Application Thread] WARN  FXGL.TextLevelParser - No producer found for character: 0
12:30:25.194 [JavaFX Application Thread] WARN  FXGL.TextLevelParser - No producer found for character: 0
12:30:25.194 [JavaFX Application Thread] WARN  FXGL.TextLevelParser - No producer found for character: 0
12:30:25.194 [JavaFX Application Thread] WARN  FXGL.TextLevelParser - No producer found for character: 0
12:30:25.194 [JavaFX Application Thread] WARN  FXGL.TextLevelParser - No producer found for character: 0
12:30:25.194 [JavaFX Application Thread] WARN  FXGL.TextLevelParser - No producer found for character: 0
12:30:25.194 [JavaFX Application Thread] WARN  FXGL.TextLevelParser - No producer found for character: 0
12:30:25.194 [JavaFX Application Thread] WARN  FXGL.TextLevelParser - No producer found for character: 0
12:30:25.194 [JavaFX Application Thread] WARN  FXGL.TextLevelParser - No producer found for character: 0
12:30:25.194 [JavaFX Application Thread] WARN  FXGL.TextLevelParser - No producer found for character: 0
12:30:25.194 [JavaFX Application Thread] WARN  FXGL.TextLevelParser - No producer found for character: 0
12:30:25.194 [JavaFX Application Thread] WARN  FXGL.TextLevelParser - No producer found for character: 0
12:30:25.195 [JavaFX Application Thread] WARN  FXGL.TextLevelParser - No producer found for character: 0
12:30:25.195 [JavaFX Application Thread] WARN  FXGL.TextLevelParser - No producer found for character: 0
12:30:25.195 [JavaFX Application Thread] WARN  FXGL.TextLevelParser - No producer found for character: 0
12:30:25.195 [JavaFX Application Thread] WARN  FXGL.TextLevelParser - No producer found for character: 0
12:30:25.195 [JavaFX Application Thread] WARN  FXGL.TextLevelParser - No producer found for character: 0
12:30:25.195 [JavaFX Application Thread] WARN  FXGL.TextLevelParser - No producer found for character: 0
12:30:25.195 [JavaFX Application Thread] WARN  FXGL.TextLevelParser - No producer found for character: 0
12:30:25.195 [JavaFX Application Thread] WARN  FXGL.TextLevelParser - No producer found for character: 0
12:30:25.195 [JavaFX Application Thread] WARN  FXGL.TextLevelParser - No producer found for character: 0
12:30:25.195 [JavaFX Application Thread] WARN  FXGL.TextLevelParser - No producer found for character: 0
12:30:25.195 [JavaFX Application Thread] WARN  FXGL.TextLevelParser - No producer found for character: 0
12:30:25.195 [JavaFX Application Thread] WARN  FXGL.TextLevelParser - No producer found for character: 0
12:30:25.195 [JavaFX Application Thread] WARN  FXGL.TextLevelParser - No producer found for character: 0
12:30:25.195 [JavaFX Application Thread] WARN  FXGL.TextLevelParser - No producer found for character: 0
12:30:25.195 [JavaFX Application Thread] WARN  FXGL.TextLevelParser - No producer found for character: 0
12:30:25.195 [JavaFX Application Thread] WARN  FXGL.TextLevelParser - No producer found for character: 0
12:30:25.195 [JavaFX Application Thread] WARN  FXGL.TextLevelParser - No producer found for character: 0
12:30:25.195 [JavaFX Application Thread] WARN  FXGL.TextLevelParser - No producer found for character: 0
12:30:25.195 [JavaFX Application Thread] WARN  FXGL.TextLevelParser - No producer found for character: 0
12:30:25.195 [JavaFX Application Thread] WARN  FXGL.TextLevelParser - No producer found for character: 0
12:30:25.195 [JavaFX Application Thread] WARN  FXGL.TextLevelParser - No producer found for character: 0
12:30:25.195 [JavaFX Application Thread] WARN  FXGL.TextLevelParser - No producer found for character: 0
12:30:25.195 [JavaFX Application Thread] WARN  FXGL.TextLevelParser - No producer found for character: 0
12:30:25.196 [JavaFX Application Thread] WARN  FXGL.TextLevelParser - No producer found for character: 0
12:30:25.196 [JavaFX Application Thread] WARN  FXGL.TextLevelParser - No producer found for character: 0
12:30:25.196 [JavaFX Application Thread] WARN  FXGL.TextLevelParser - No producer found for character: 0
12:30:25.196 [JavaFX Application Thread] WARN  FXGL.TextLevelParser - No producer found for character: 0
12:30:25.196 [JavaFX Application Thread] WARN  FXGL.TextLevelParser - No producer found for character: 0
12:30:25.196 [JavaFX Application Thread] WARN  FXGL.TextLevelParser - No producer found for character: 0
12:30:25.196 [JavaFX Application Thread] WARN  FXGL.TextLevelParser - No producer found for character: 0
12:30:25.196 [JavaFX Application Thread] WARN  FXGL.TextLevelParser - No producer found for character: 0
12:30:25.196 [JavaFX Application Thread] WARN  FXGL.TextLevelParser - No producer found for character: 0
12:30:25.196 [JavaFX Application Thread] WARN  FXGL.TextLevelParser - No producer found for character: 0
12:30:25.196 [JavaFX Application Thread] WARN  FXGL.TextLevelParser - No producer found for character: 0
12:30:25.196 [JavaFX Application Thread] WARN  FXGL.TextLevelParser - No producer found for character: 0
12:30:25.196 [JavaFX Application Thread] WARN  FXGL.TextLevelParser - No producer found for character: 0
12:30:25.196 [JavaFX Application Thread] WARN  FXGL.TextLevelParser - No producer found for character: 0
12:30:25.196 [JavaFX Application Thread] WARN  FXGL.TextLevelParser - No producer found for character: 0
12:30:25.196 [JavaFX Application Thread] WARN  FXGL.TextLevelParser - No producer found for character: 0
12:30:25.197 [JavaFX Application Thread] WARN  FXGL.TextLevelParser - No producer found for character: 0
12:30:25.197 [JavaFX Application Thread] WARN  FXGL.TextLevelParser - No producer found for character: 0
12:30:25.197 [JavaFX Application Thread] WARN  FXGL.TextLevelParser - No producer found for character: 0
12:30:25.197 [JavaFX Application Thread] WARN  FXGL.TextLevelParser - No producer found for character: 0
12:30:25.197 [JavaFX Application Thread] WARN  FXGL.TextLevelParser - No producer found for character: 0
12:30:25.197 [JavaFX Application Thread] WARN  FXGL.TextLevelParser - No producer found for character: 0
12:30:25.197 [JavaFX Application Thread] WARN  FXGL.TextLevelParser - No producer found for character: 0
12:30:25.197 [JavaFX Application Thread] WARN  FXGL.TextLevelParser - No producer found for character: 0
12:30:25.197 [JavaFX Application Thread] WARN  FXGL.TextLevelParser - No producer found for character: 0
12:30:25.197 [JavaFX Application Thread] WARN  FXGL.TextLevelParser - No producer found for character: 0
12:30:25.197 [JavaFX Application Thread] WARN  FXGL.TextLevelParser - No producer found for character: 0
12:30:25.197 [JavaFX Application Thread] WARN  FXGL.TextLevelParser - No producer found for character: 0
12:30:25.197 [JavaFX Application Thread] WARN  FXGL.TextLevelParser - No producer found for character: 0
12:30:25.197 [JavaFX Application Thread] WARN  FXGL.TextLevelParser - No producer found for character: 0
12:30:25.197 [JavaFX Application Thread] WARN  FXGL.TextLevelParser - No producer found for character: 0
12:30:25.197 [JavaFX Application Thread] WARN  FXGL.TextLevelParser - No producer found for character: 0
12:30:25.197 [JavaFX Application Thread] WARN  FXGL.TextLevelParser - No producer found for character: 0
12:30:25.197 [JavaFX Application Thread] WARN  FXGL.TextLevelParser - No producer found for character: 0
12:30:25.197 [JavaFX Application Thread] WARN  FXGL.TextLevelParser - No producer found for character: 0
12:30:25.197 [JavaFX Application Thread] WARN  FXGL.TextLevelParser - No producer found for character: 0
12:30:25.197 [JavaFX Application Thread] WARN  FXGL.TextLevelParser - No producer found for character: 0
12:30:25.198 [JavaFX Application Thread] WARN  FXGL.TextLevelParser - No producer found for character: 0
12:30:25.198 [JavaFX Application Thread] WARN  FXGL.TextLevelParser - No producer found for character: 0
12:30:25.198 [JavaFX Application Thread] WARN  FXGL.TextLevelParser - No producer found for character: 0
12:30:25.198 [JavaFX Application Thread] WARN  FXGL.TextLevelParser - No producer found for character: 0
12:30:25.198 [JavaFX Application Thread] WARN  FXGL.TextLevelParser - No producer found for character: 0
12:30:25.198 [JavaFX Application Thread] WARN  FXGL.TextLevelParser - No producer found for character: 0
12:30:25.198 [JavaFX Application Thread] WARN  FXGL.TextLevelParser - No producer found for character: 0
12:30:25.198 [JavaFX Application Thread] WARN  FXGL.TextLevelParser - No producer found for character: 0
12:30:25.198 [JavaFX Application Thread] WARN  FXGL.TextLevelParser - No producer found for character: 0
12:30:25.198 [JavaFX Application Thread] WARN  FXGL.TextLevelParser - No producer found for character: 0
12:30:25.198 [JavaFX Application Thread] WARN  FXGL.TextLevelParser - No producer found for character: 0
12:30:25.198 [JavaFX Application Thread] WARN  FXGL.TextLevelParser - No producer found for character: 0
12:30:25.198 [JavaFX Application Thread] WARN  FXGL.TextLevelParser - No producer found for character: 0
12:30:25.198 [JavaFX Application Thread] WARN  FXGL.TextLevelParser - No producer found for character: 0
12:30:25.198 [JavaFX Application Thread] WARN  FXGL.TextLevelParser - No producer found for character: 0
12:30:25.198 [JavaFX Application Thread] WARN  FXGL.TextLevelParser - No producer found for character: 0
12:30:25.198 [JavaFX Application Thread] WARN  FXGL.TextLevelParser - No producer found for character: 0
12:30:25.198 [JavaFX Application Thread] WARN  FXGL.TextLevelParser - No producer found for character: 0
12:30:25.198 [JavaFX Application Thread] WARN  FXGL.TextLevelParser - No producer found for character: 0
12:30:25.199 [JavaFX Application Thread] WARN  FXGL.TextLevelParser - No producer found for character: 0
12:30:25.199 [JavaFX Application Thread] WARN  FXGL.TextLevelParser - No producer found for character: 0
12:30:25.199 [JavaFX Application Thread] WARN  FXGL.TextLevelParser - No producer found for character: 0
12:30:25.199 [JavaFX Application Thread] WARN  FXGL.TextLevelParser - No producer found for character: 0
12:30:25.199 [JavaFX Application Thread] WARN  FXGL.TextLevelParser - No producer found for character: 0
12:30:25.199 [JavaFX Application Thread] WARN  FXGL.TextLevelParser - No producer found for character: 0
12:30:25.199 [JavaFX Application Thread] WARN  FXGL.TextLevelParser - No producer found for character: 0
12:30:25.199 [JavaFX Application Thread] WARN  FXGL.TextLevelParser - No producer found for character: 0
12:30:25.199 [JavaFX Application Thread] WARN  FXGL.TextLevelParser - No producer found for character: 0
12:30:25.199 [JavaFX Application Thread] WARN  FXGL.TextLevelParser - No producer found for character: 0
12:30:25.199 [JavaFX Application Thread] WARN  FXGL.TextLevelParser - No producer found for character: 0
12:30:25.199 [JavaFX Application Thread] WARN  FXGL.TextLevelParser - No producer found for character: 0
12:30:25.199 [JavaFX Application Thread] WARN  FXGL.TextLevelParser - No producer found for character: 0
12:30:25.199 [JavaFX Application Thread] WARN  FXGL.TextLevelParser - No producer found for character: 0
12:30:25.199 [JavaFX Application Thread] WARN  FXGL.TextLevelParser - No producer found for character: 0
12:30:25.199 [JavaFX Application Thread] WARN  FXGL.TextLevelParser - No producer found for character: 0
12:30:25.199 [JavaFX Application Thread] WARN  FXGL.TextLevelParser - No producer found for character: 0
12:30:25.199 [JavaFX Application Thread] WARN  FXGL.TextLevelParser - No producer found for character: 0
12:30:25.200 [JavaFX Application Thread] WARN  FXGL.TextLevelParser - No producer found for character: 0
12:30:25.200 [JavaFX Application Thread] WARN  FXGL.TextLevelParser - No producer found for character: 0
12:30:25.200 [JavaFX Application Thread] WARN  FXGL.TextLevelParser - No producer found for character: 0
12:30:25.200 [JavaFX Application Thread] WARN  FXGL.TextLevelParser - No producer found for character: 0
12:30:25.200 [JavaFX Application Thread] WARN  FXGL.TextLevelParser - No producer found for character: 0
12:30:25.200 [JavaFX Application Thread] WARN  FXGL.TextLevelParser - No producer found for character: 0
12:30:25.200 [JavaFX Application Thread] DEBUG AssetLoader          - Loading from cache: /assets/textures/bar.png
12:30:25.201 [JavaFX Application Thread] WARN  FXGL.TextLevelParser - No producer found for character: 0
12:30:25.201 [JavaFX Application Thread] WARN  FXGL.TextLevelParser - No producer found for character: 0
12:30:25.201 [JavaFX Application Thread] WARN  FXGL.TextLevelParser - No producer found for character: 0
12:30:25.201 [JavaFX Application Thread] WARN  FXGL.TextLevelParser - No producer found for character: 0
12:30:25.201 [JavaFX Application Thread] WARN  FXGL.TextLevelParser - No producer found for character: 0
12:30:25.201 [JavaFX Application Thread] WARN  FXGL.TextLevelParser - No producer found for character: 0
12:30:25.201 [JavaFX Application Thread] WARN  FXGL.TextLevelParser - No producer found for character: 0
12:30:25.201 [JavaFX Application Thread] WARN  FXGL.TextLevelParser - No producer found for character: 0
12:30:25.201 [JavaFX Application Thread] WARN  FXGL.TextLevelParser - No producer found for character: 0
12:30:25.201 [JavaFX Application Thread] WARN  FXGL.TextLevelParser - No producer found for character: 0
12:30:25.201 [JavaFX Application Thread] WARN  FXGL.TextLevelParser - No producer found for character: 0
12:30:25.201 [JavaFX Application Thread] WARN  FXGL.TextLevelParser - No producer found for character: 0
12:30:25.201 [JavaFX Application Thread] WARN  FXGL.TextLevelParser - No producer found for character: 0
12:30:25.201 [JavaFX Application Thread] WARN  FXGL.TextLevelParser - No producer found for character: 0
12:30:25.201 [JavaFX Application Thread] WARN  FXGL.TextLevelParser - No producer found for character: 0
12:30:25.201 [JavaFX Application Thread] WARN  FXGL.TextLevelParser - No producer found for character: 0
12:30:25.201 [JavaFX Application Thread] WARN  FXGL.TextLevelParser - No producer found for character: 0
12:30:25.201 [JavaFX Application Thread] WARN  FXGL.TextLevelParser - No producer found for character: 0
12:30:25.201 [JavaFX Application Thread] WARN  FXGL.TextLevelParser - No producer found for character: 0
12:30:25.201 [JavaFX Application Thread] WARN  FXGL.TextLevelParser - No producer found for character: 0
12:30:25.201 [JavaFX Application Thread] WARN  FXGL.TextLevelParser - No producer found for character: 0
12:30:25.201 [JavaFX Application Thread] WARN  FXGL.TextLevelParser - No producer found for character: 0
12:30:25.201 [JavaFX Application Thread] WARN  FXGL.TextLevelParser - No producer found for character: 0
12:30:25.201 [JavaFX Application Thread] WARN  FXGL.TextLevelParser - No producer found for character: 0
12:30:25.201 [JavaFX Application Thread] WARN  FXGL.TextLevelParser - No producer found for character: 0
12:30:25.201 [JavaFX Application Thread] WARN  FXGL.TextLevelParser - No producer found for character: 0
12:30:25.202 [JavaFX Application Thread] DEBUG AssetLoader          - Loading from cache: /assets/textures/fire.png@100.0x80.0
12:30:25.202 [JavaFX Application Thread] WARN  FXGL.TextLevelParser - No producer found for character: 0
12:30:25.202 [JavaFX Application Thread] DEBUG AssetLoader          - Loading from cache: /assets/textures/fire.png@100.0x80.0
12:30:25.203 [JavaFX Application Thread] WARN  FXGL.TextLevelParser - No producer found for character: 0
12:30:25.203 [JavaFX Application Thread] DEBUG AssetLoader          - Loading from cache: /assets/textures/fire.png@100.0x80.0
12:30:25.203 [JavaFX Application Thread] WARN  FXGL.TextLevelParser - No producer found for character: 0
12:30:25.203 [JavaFX Application Thread] DEBUG AssetLoader          - Loading from cache: /assets/textures/fire.png@100.0x80.0
12:30:25.204 [JavaFX Application Thread] WARN  FXGL.TextLevelParser - No producer found for character: 0
12:30:25.204 [JavaFX Application Thread] DEBUG AssetLoader          - Loading from cache: /assets/textures/fire.png@100.0x80.0
12:30:25.204 [JavaFX Application Thread] WARN  FXGL.TextLevelParser - No producer found for character: 0
12:30:25.204 [JavaFX Application Thread] DEBUG AssetLoader          - Loading from cache: /assets/textures/fire.png@100.0x80.0
12:30:25.205 [JavaFX Application Thread] WARN  FXGL.TextLevelParser - No producer found for character: 0
12:30:25.205 [JavaFX Application Thread] DEBUG AssetLoader          - Loading from cache: /assets/textures/fire.png@100.0x80.0
12:30:25.206 [JavaFX Application Thread] WARN  FXGL.TextLevelParser - No producer found for character: 0
12:30:25.206 [JavaFX Application Thread] DEBUG AssetLoader          - Loading from cache: /assets/textures/fire.png@100.0x80.0
12:30:25.206 [JavaFX Application Thread] WARN  FXGL.TextLevelParser - No producer found for character: 0
12:30:25.207 [JavaFX Application Thread] DEBUG AssetLoader          - Loading from cache: /assets/textures/fire.png@100.0x80.0
12:30:25.207 [JavaFX Application Thread] WARN  FXGL.TextLevelParser - No producer found for character: 0
12:30:25.207 [JavaFX Application Thread] DEBUG GameWorld            - Clearing removable entities
12:30:25.209 [JavaFX Application Thread] DEBUG GameWorld            - Setting level: com.almasb.fxgl.entity.Level@627c16bf
12:33:14.584 [JavaFX Application Thread] DEBUG AssetLoader          - Loading from disk: /assets/text/levels/level3.txt
12:33:14.586 [JavaFX Application Thread] FATAL AssetLoader          - Loading failed for asset: /assets/text/levels/level3.txt. Cause: Asset "/assets/text/levels/level3.txt" was not found!
12:33:14.588 [JavaFX Application Thread] FATAL GameApplication      - Uncaught Exception:

Fatal exception occurred: java.lang.IllegalArgumentException : Failed to load asset: /assets/text/levels/level3.txt. Cause: Asset "/assets/text/levels/level3.txt" was not found!
E: com.almasb.fxgl.asset.AssetLoader.loadFailed(AssetLoader.kt:721)
E: com.almasb.fxgl.asset.AssetLoader.readAllLines(AssetLoader.kt:608)
E: com.almasb.fxgl.asset.AssetLoader.loadText(AssetLoader.kt:301)
E: com.almasb.fxgl.parser.text.TextLevelParser.parse(TextLevelParser.kt:73)
E: com.dalphs.BreakoutApp.nextLevel(BreakoutApp.java:155)
E: com.dalphs.BreakoutApp$3.onCollisionBegin(BreakoutApp.java:91)
E: com.almasb.fxgl.physics.CollisionPair.collisionBegin(CollisionPair.java:44)
E: com.almasb.fxgl.physics.PhysicsWorld.beginContact(PhysicsWorld.java:308)
E: com.almasb.fxgl.physics.box2d.dynamics.contacts.Contact.update(Contact.java:277)
E: com.almasb.fxgl.physics.box2d.dynamics.World.solveTOI(World.java:665)
E: com.almasb.fxgl.physics.box2d.dynamics.World.step(World.java:350)
E: com.almasb.fxgl.physics.PhysicsWorld.onUpdate(PhysicsWorld.java:231)
E: com.almasb.fxgl.app.PlayState.onUpdate(AppStates.kt:232)
E: com.almasb.fxgl.app.State.update(State.java:73)
E: com.almasb.fxgl.app.AppStateMachine.onUpdate(AppStateMachine.java:100)
E: com.almasb.fxgl.app.GameApplication.stepLoop(GameApplication.java:411)
E: com.almasb.fxgl.app.GameApplication$2.handle(GameApplication.java:377)
E: javafx.graphics/javafx.animation.AnimationTimer$AnimationTimerReceiver.lambda$handle$0(AnimationTimer.java:57)
E: java.base/java.security.AccessController.doPrivileged(Native Method)
E: javafx.graphics/javafx.animation.AnimationTimer$AnimationTimerReceiver.handle(AnimationTimer.java:56)
E: javafx.graphics/com.sun.scenario.animation.AbstractMasterTimer.timePulseImpl(AbstractMasterTimer.java:357)
E: javafx.graphics/com.sun.scenario.animation.AbstractMasterTimer$MainLoop.run(AbstractMasterTimer.java:267)
E: javafx.graphics/com.sun.javafx.tk.quantum.QuantumToolkit.pulse(QuantumToolkit.java:514)
E: javafx.graphics/com.sun.javafx.tk.quantum.QuantumToolkit.pulse(QuantumToolkit.java:498)
E: javafx.graphics/com.sun.javafx.tk.quantum.QuantumToolkit.pulseFromQueue(QuantumToolkit.java:491)
E: javafx.graphics/com.sun.javafx.tk.quantum.QuantumToolkit.lambda$runToolkit$11(QuantumToolkit.java:319)
E: javafx.graphics/com.sun.glass.ui.InvokeLaterDispatcher$Future.run(InvokeLaterDispatcher.java:96)
E: javafx.graphics/com.sun.glass.ui.win.WinApplication._runLoop(Native Method)
E: javafx.graphics/com.sun.glass.ui.win.WinApplication.lambda$runLoop$3(WinApplication.java:175)
E: java.base/java.lang.Thread.run(Thread.java:844)

12:33:14.589 [JavaFX Application Thread] FATAL GameApplication      - Application will now exit
12:33:14.589 [JavaFX Application Thread] DEBUG GameApplication      - Stopping main loop
12:33:18.892 [JavaFX Application Thread] DEBUG GameApplication      - Exiting game application
12:33:18.893 [JavaFX Application Thread] DEBUG GameApplication      - Shutting down background threads
12:33:18.893 [JavaFX Application Thread] DEBUG GameApplication      - Exiting FXGL
12:33:18.893 [JavaFX Application Thread] DEBUG FXGL                 - Saving FXGL system data
12:33:18.896 [JavaFX Application Thread] DEBUG FS                   - Writing to: system\fxgl.bundle
12:33:18.899 [JavaFX Application Thread] DEBUG GameApplication      - Closing logger and exiting JavaFX
