17:10:44.745 [JavaFX Application Thread] DEBUG GameApplication      - Logger initialized
17:10:44.763 [JavaFX Application Thread] DEBUG MainWindow           - Creating a JavaFX scene
17:10:44.871 [JavaFX Application Thread] DEBUG MainWindow           - Target settings size: 900.0 x 780.0
17:10:44.871 [JavaFX Application Thread] DEBUG MainWindow           - Scaled scene size:    900.0 x 780.0
17:10:44.871 [JavaFX Application Thread] DEBUG MainWindow           - Scaled ratio: (1.0, 1.0)
17:10:44.876 [JavaFX Application Thread] DEBUG GameApplication      - Starting FXGL
17:10:44.897 [FXGL Launcher Thread     ] INFO  FXGL                 - FXGL-0.5.0 on DESKTOP
17:10:44.897 [FXGL Launcher Thread     ] INFO  FXGL                 - Source code and latest versions at: https://github.com/AlmasB/FXGL
17:10:44.897 [FXGL Launcher Thread     ] INFO  FXGL                 -              Join the FXGL chat at: https://gitter.im/AlmasB/FXGL
17:10:44.903 [FXGL Launcher Thread     ] DEBUG FXGL                 - Loading FXGL system data
17:10:44.918 [FXGL Launcher Thread     ] DEBUG FS                   - Reading from: system\fxgl.bundle
17:10:44.929 [FXGL Launcher Thread     ] DEBUG Bundle               - Logging bundle: FXGL
17:10:44.930 [FXGL Launcher Thread     ] DEBUG Bundle               - FXGL.offline.timer.version.check=2019-01-24T08:55:57.713219300
17:10:44.966 [FXGL Launcher Thread     ] DEBUG GameApplication      - FXGL started
17:10:44.967 [FXGL Launcher Thread     ] DEBUG GameApplication      - Logging game settings
Title: Breakout
Version: 0.1
Width: 900
Height: 780
Fullscreen: false
Intro: false
Menus: false
Profiling: false
Single step:false
App Mode: DEVELOPER
Menu Key: ESCAPE
Stage Style: DECORATED
Scene Factory: class com.almasb.fxgl.scene.SceneFactory
Dialog Factory: class com.almasb.fxgl.ui.FXGLDialogFactory
UI Factory: class com.almasb.fxgl.ui.FXGLUIFactory
Notification Service: class com.almasb.fxgl.gameplay.notification.XboxNotificationView
Exception Handler: class com.almasb.fxgl.app.FXGLExceptionHandler
17:10:44.968 [FXGL Launcher Thread     ] DEBUG GameApplication      - Configuring GameApplication
17:10:44.968 [FXGL Launcher Thread     ] DEBUG GameApplication      - Initializing state machine and application states
17:10:44.978 [FXGL Launcher Thread     ] DEBUG AssetLoader          - Loading from disk: /assets/ui/cursors/fxgl_default.png
17:10:44.992 [FXGL Launcher Thread     ] DEBUG AssetLoader          - Loading from disk: /assets/ui/cursors/fxgl_default.png
17:10:45.016 [FXGL Launcher Thread     ] DEBUG FXGLAssets           - Loading FXGLAssets
17:10:45.046 [FXGL Launcher Thread     ] DEBUG AssetLoader          - Loading from disk: /assets/ui/fonts/VarelaRound-Regular.ttf
17:10:45.243 [FXGL Launcher Thread     ] DEBUG AssetLoader          - Loading from disk: /assets/ui/fonts/lucida_console.ttf
17:10:45.249 [FXGL Launcher Thread     ] DEBUG AssetLoader          - Loading from disk: /assets/ui/css/fxgl_dark.css
17:10:45.250 [FXGL Launcher Thread     ] DEBUG AssetLoader          - Loading from disk: /assets/ui/icons/fxgl_icon.png
17:10:45.289 [FXGL Launcher Thread     ] DEBUG AssetLoader          - Loading from disk: /assets/ui/cursors/fxgl_default.png
17:10:45.296 [FXGL Launcher Thread     ] DEBUG AssetLoader          - Loading from disk: /assets/ui/cursors/fxgl_default.png
17:10:45.321 [FXGL Launcher Thread     ] DEBUG GameScene            - Game scene initialized: 900x780
17:10:45.328 [FXGL Launcher Thread     ] DEBUG GameWorld            - Game world initialized
17:10:45.396 [FXGL Launcher Thread     ] DEBUG PhysicsWorld         - Physics world initialized: appHeight=780, physics.ppm=50,0
17:10:45.415 [FXGL Launcher Thread     ] DEBUG Input                - Registered new binding: Pause - Esc
17:10:45.437 [FXGL Launcher Thread     ] DEBUG Input                - Clearing active input actions
17:10:45.476 [FXGL Launcher Thread     ] DEBUG AppStateMachine      - StartupState -> StartupState
17:10:45.484 [FXGL Launcher Thread     ] INFO  GameApplication      - Game configuration took:  0,515 sec
17:10:45.488 [JavaFX Application Thread] DEBUG MainWindow           - Opening main window
17:10:45.592 [JavaFX Application Thread] DEBUG MainWindow           - Window border size: (14.4000244140625, 37.5999755859375)
17:10:45.592 [JavaFX Application Thread] DEBUG MainWindow           - Scaled size: 900.0 x 780.0
17:10:45.592 [JavaFX Application Thread] DEBUG MainWindow           - Scaled ratio: (1.0, 1.0)
17:10:45.592 [JavaFX Application Thread] DEBUG MainWindow           - Scene size: 900.0 x 780.0
17:10:45.593 [JavaFX Application Thread] DEBUG MainWindow           - Stage size: 914.4000244140625 x 817.5999755859375
17:10:45.593 [JavaFX Application Thread] DEBUG GameApplication      - Running preInit()
17:10:45.597 [JavaFX Application Thread] DEBUG Input                - Registered new binding: Screenshot - P
17:10:45.598 [JavaFX Application Thread] DEBUG Input                - Registered new binding: Dev Options - CTRL+0
17:10:45.598 [JavaFX Application Thread] DEBUG Input                - Registered new binding: System info dump - CTRL+9
17:10:45.599 [JavaFX Application Thread] DEBUG Input                - Registered new binding: Restart - CTRL+R
17:10:45.599 [JavaFX Application Thread] DEBUG Input                - Registered new binding: Move Left - A
17:10:45.600 [JavaFX Application Thread] DEBUG Input                - Registered new binding: Move Right - D
17:10:45.622 [JavaFX Application Thread] DEBUG GameApplication      - Starting main loop
17:10:45.623 [JavaFX Application Thread] DEBUG StartupState         - STARTUP
17:10:45.624 [JavaFX Application Thread] DEBUG GameApplication      - Starting new game
17:10:45.624 [JavaFX Application Thread] DEBUG Input                - Clearing active input actions
17:10:45.637 [JavaFX Application Thread] DEBUG AppStateMachine      - StartupState -> LoadingState
17:10:45.640 [FXGL Background Thread 1 ] DEBUG InitAppTask          - Clearing previous game
17:10:45.640 [FXGL Background Thread 1 ] DEBUG GameWorld            - Clearing game world
17:10:45.640 [FXGL Background Thread 1 ] DEBUG PhysicsWorld         - Clearing physics world
17:10:45.641 [FXGL Background Thread 1 ] DEBUG GameScene            - Clearing game scene
17:10:45.641 [FXGL Background Thread 1 ] DEBUG InitAppTask          - Initializing Game
17:10:45.687 [FXGL Background Thread 1 ] DEBUG AssetLoader          - Loading from disk: /assets/text/levels/level1.txt
17:10:45.689 [FXGL Background Thread 1 ] WARN  FXGL.TextLevelParser - No producer found for character: 0
17:10:45.689 [FXGL Background Thread 1 ] WARN  FXGL.TextLevelParser - No producer found for character: 0
17:10:45.689 [FXGL Background Thread 1 ] WARN  FXGL.TextLevelParser - No producer found for character: 0
17:10:45.689 [FXGL Background Thread 1 ] WARN  FXGL.TextLevelParser - No producer found for character: 0
17:10:45.689 [FXGL Background Thread 1 ] WARN  FXGL.TextLevelParser - No producer found for character: 0
17:10:45.690 [FXGL Background Thread 1 ] WARN  FXGL.TextLevelParser - No producer found for character: 0
17:10:45.690 [FXGL Background Thread 1 ] WARN  FXGL.TextLevelParser - No producer found for character: 0
17:10:45.690 [FXGL Background Thread 1 ] WARN  FXGL.TextLevelParser - No producer found for character: 0
17:10:45.690 [FXGL Background Thread 1 ] WARN  FXGL.TextLevelParser - No producer found for character: 0
17:10:45.690 [FXGL Background Thread 1 ] WARN  FXGL.TextLevelParser - No producer found for character: 0
17:10:45.690 [FXGL Background Thread 1 ] WARN  FXGL.TextLevelParser - No producer found for character: 0
17:10:45.691 [FXGL Background Thread 1 ] WARN  FXGL.TextLevelParser - No producer found for character: 0
17:10:45.691 [FXGL Background Thread 1 ] WARN  FXGL.TextLevelParser - No producer found for character: 0
17:10:45.691 [FXGL Background Thread 1 ] WARN  FXGL.TextLevelParser - No producer found for character: 0
17:10:45.693 [FXGL Background Thread 1 ] WARN  FXGL.TextLevelParser - No producer found for character: 0
17:10:45.693 [FXGL Background Thread 1 ] WARN  FXGL.TextLevelParser - No producer found for character: 0
17:10:45.693 [FXGL Background Thread 1 ] WARN  FXGL.TextLevelParser - No producer found for character: 0
17:10:45.694 [FXGL Background Thread 1 ] WARN  FXGL.TextLevelParser - No producer found for character: 0
17:10:45.732 [FXGL Background Thread 1 ] DEBUG AssetLoader          - Loading from disk: /assets/textures/brick1.png
17:10:45.748 [FXGL Background Thread 1 ] WARN  FXGL.TextLevelParser - No producer found for character: 0
17:10:45.748 [FXGL Background Thread 1 ] WARN  FXGL.TextLevelParser - No producer found for character: 0
17:10:45.748 [FXGL Background Thread 1 ] WARN  FXGL.TextLevelParser - No producer found for character: 0
17:10:45.748 [FXGL Background Thread 1 ] WARN  FXGL.TextLevelParser - No producer found for character: 0
17:10:45.748 [FXGL Background Thread 1 ] WARN  FXGL.TextLevelParser - No producer found for character: 0
17:10:45.749 [FXGL Background Thread 1 ] WARN  FXGL.TextLevelParser - No producer found for character: 0
17:10:45.749 [FXGL Background Thread 1 ] WARN  FXGL.TextLevelParser - No producer found for character: 0
17:10:45.749 [FXGL Background Thread 1 ] WARN  FXGL.TextLevelParser - No producer found for character: 0
17:10:45.749 [FXGL Background Thread 1 ] WARN  FXGL.TextLevelParser - No producer found for character: 0
17:10:45.749 [FXGL Background Thread 1 ] WARN  FXGL.TextLevelParser - No producer found for character: 0
17:10:45.749 [FXGL Background Thread 1 ] WARN  FXGL.TextLevelParser - No producer found for character: 0
17:10:45.750 [FXGL Background Thread 1 ] WARN  FXGL.TextLevelParser - No producer found for character: 0
17:10:45.750 [FXGL Background Thread 1 ] WARN  FXGL.TextLevelParser - No producer found for character: 0
17:10:45.750 [FXGL Background Thread 1 ] WARN  FXGL.TextLevelParser - No producer found for character: 0
17:10:45.750 [FXGL Background Thread 1 ] WARN  FXGL.TextLevelParser - No producer found for character: 0
17:10:45.750 [FXGL Background Thread 1 ] WARN  FXGL.TextLevelParser - No producer found for character: 0
17:10:45.751 [FXGL Background Thread 1 ] DEBUG AssetLoader          - Loading from cache: /assets/textures/brick1.png@50.0x24.0
17:10:45.753 [FXGL Background Thread 1 ] WARN  FXGL.TextLevelParser - No producer found for character: 0
17:10:45.753 [FXGL Background Thread 1 ] DEBUG AssetLoader          - Loading from cache: /assets/textures/brick1.png@50.0x24.0
17:10:45.754 [FXGL Background Thread 1 ] WARN  FXGL.TextLevelParser - No producer found for character: 0
17:10:45.754 [FXGL Background Thread 1 ] WARN  FXGL.TextLevelParser - No producer found for character: 0
17:10:45.755 [FXGL Background Thread 1 ] WARN  FXGL.TextLevelParser - No producer found for character: 0
17:10:45.755 [FXGL Background Thread 1 ] WARN  FXGL.TextLevelParser - No producer found for character: 0
17:10:45.755 [FXGL Background Thread 1 ] WARN  FXGL.TextLevelParser - No producer found for character: 0
17:10:45.755 [FXGL Background Thread 1 ] WARN  FXGL.TextLevelParser - No producer found for character: 0
17:10:45.756 [FXGL Background Thread 1 ] DEBUG AssetLoader          - Loading from cache: /assets/textures/brick1.png@50.0x24.0
17:10:45.757 [FXGL Background Thread 1 ] DEBUG AssetLoader          - Loading from cache: /assets/textures/brick1.png@50.0x24.0
17:10:45.758 [FXGL Background Thread 1 ] WARN  FXGL.TextLevelParser - No producer found for character: 0
17:10:45.759 [FXGL Background Thread 1 ] WARN  FXGL.TextLevelParser - No producer found for character: 0
17:10:45.759 [FXGL Background Thread 1 ] WARN  FXGL.TextLevelParser - No producer found for character: 0
17:10:45.759 [FXGL Background Thread 1 ] WARN  FXGL.TextLevelParser - No producer found for character: 0
17:10:45.759 [FXGL Background Thread 1 ] WARN  FXGL.TextLevelParser - No producer found for character: 0
17:10:45.760 [FXGL Background Thread 1 ] WARN  FXGL.TextLevelParser - No producer found for character: 0
17:10:45.761 [FXGL Background Thread 1 ] DEBUG AssetLoader          - Loading from cache: /assets/textures/brick1.png@50.0x24.0
17:10:45.763 [FXGL Background Thread 1 ] WARN  FXGL.TextLevelParser - No producer found for character: 0
17:10:45.764 [FXGL Background Thread 1 ] WARN  FXGL.TextLevelParser - No producer found for character: 0
17:10:45.764 [FXGL Background Thread 1 ] WARN  FXGL.TextLevelParser - No producer found for character: 0
17:10:45.765 [FXGL Background Thread 1 ] DEBUG AssetLoader          - Loading from cache: /assets/textures/brick1.png@50.0x24.0
17:10:45.766 [FXGL Background Thread 1 ] WARN  FXGL.TextLevelParser - No producer found for character: 0
17:10:45.766 [FXGL Background Thread 1 ] WARN  FXGL.TextLevelParser - No producer found for character: 0
17:10:45.766 [FXGL Background Thread 1 ] WARN  FXGL.TextLevelParser - No producer found for character: 0
17:10:45.767 [FXGL Background Thread 1 ] WARN  FXGL.TextLevelParser - No producer found for character: 0
17:10:45.768 [FXGL Background Thread 1 ] DEBUG AssetLoader          - Loading from cache: /assets/textures/brick1.png@50.0x24.0
17:10:45.769 [FXGL Background Thread 1 ] DEBUG AssetLoader          - Loading from cache: /assets/textures/brick1.png@50.0x24.0
17:10:45.771 [FXGL Background Thread 1 ] DEBUG AssetLoader          - Loading from cache: /assets/textures/brick1.png@50.0x24.0
17:10:45.772 [FXGL Background Thread 1 ] DEBUG AssetLoader          - Loading from cache: /assets/textures/brick1.png@50.0x24.0
17:10:45.773 [FXGL Background Thread 1 ] WARN  FXGL.TextLevelParser - No producer found for character: 0
17:10:45.773 [FXGL Background Thread 1 ] WARN  FXGL.TextLevelParser - No producer found for character: 0
17:10:45.773 [FXGL Background Thread 1 ] WARN  FXGL.TextLevelParser - No producer found for character: 0
17:10:45.774 [FXGL Background Thread 1 ] WARN  FXGL.TextLevelParser - No producer found for character: 0
17:10:45.774 [FXGL Background Thread 1 ] DEBUG AssetLoader          - Loading from cache: /assets/textures/brick1.png@50.0x24.0
17:10:45.775 [FXGL Background Thread 1 ] WARN  FXGL.TextLevelParser - No producer found for character: 0
17:10:45.775 [FXGL Background Thread 1 ] WARN  FXGL.TextLevelParser - No producer found for character: 0
17:10:45.776 [FXGL Background Thread 1 ] WARN  FXGL.TextLevelParser - No producer found for character: 0
17:10:45.776 [FXGL Background Thread 1 ] WARN  FXGL.TextLevelParser - No producer found for character: 0
17:10:45.776 [FXGL Background Thread 1 ] WARN  FXGL.TextLevelParser - No producer found for character: 0
17:10:45.777 [FXGL Background Thread 1 ] DEBUG AssetLoader          - Loading from cache: /assets/textures/brick1.png@50.0x24.0
17:10:45.779 [FXGL Background Thread 1 ] WARN  FXGL.TextLevelParser - No producer found for character: 0
17:10:45.780 [FXGL Background Thread 1 ] DEBUG AssetLoader          - Loading from cache: /assets/textures/brick1.png@50.0x24.0
17:10:45.781 [FXGL Background Thread 1 ] DEBUG AssetLoader          - Loading from cache: /assets/textures/brick1.png@50.0x24.0
17:10:45.783 [FXGL Background Thread 1 ] DEBUG AssetLoader          - Loading from cache: /assets/textures/brick1.png@50.0x24.0
17:10:45.785 [FXGL Background Thread 1 ] DEBUG AssetLoader          - Loading from cache: /assets/textures/brick1.png@50.0x24.0
17:10:45.787 [FXGL Background Thread 1 ] DEBUG AssetLoader          - Loading from cache: /assets/textures/brick1.png@50.0x24.0
17:10:45.788 [FXGL Background Thread 1 ] DEBUG AssetLoader          - Loading from cache: /assets/textures/brick1.png@50.0x24.0
17:10:45.790 [FXGL Background Thread 1 ] DEBUG AssetLoader          - Loading from cache: /assets/textures/brick1.png@50.0x24.0
17:10:45.791 [FXGL Background Thread 1 ] DEBUG AssetLoader          - Loading from cache: /assets/textures/brick1.png@50.0x24.0
17:10:45.792 [FXGL Background Thread 1 ] WARN  FXGL.TextLevelParser - No producer found for character: 0
17:10:45.793 [FXGL Background Thread 1 ] DEBUG AssetLoader          - Loading from cache: /assets/textures/brick1.png@50.0x24.0
17:10:45.794 [FXGL Background Thread 1 ] WARN  FXGL.TextLevelParser - No producer found for character: 0
17:10:45.795 [FXGL Background Thread 1 ] WARN  FXGL.TextLevelParser - No producer found for character: 0
17:10:45.795 [FXGL Background Thread 1 ] WARN  FXGL.TextLevelParser - No producer found for character: 0
17:10:45.795 [FXGL Background Thread 1 ] WARN  FXGL.TextLevelParser - No producer found for character: 0
17:10:45.795 [FXGL Background Thread 1 ] WARN  FXGL.TextLevelParser - No producer found for character: 0
17:10:45.796 [FXGL Background Thread 1 ] WARN  FXGL.TextLevelParser - No producer found for character: 0
17:10:45.796 [FXGL Background Thread 1 ] WARN  FXGL.TextLevelParser - No producer found for character: 0
17:10:45.797 [FXGL Background Thread 1 ] DEBUG AssetLoader          - Loading from cache: /assets/textures/brick1.png@50.0x24.0
17:10:45.798 [FXGL Background Thread 1 ] WARN  FXGL.TextLevelParser - No producer found for character: 0
17:10:45.799 [FXGL Background Thread 1 ] WARN  FXGL.TextLevelParser - No producer found for character: 0
17:10:45.799 [FXGL Background Thread 1 ] WARN  FXGL.TextLevelParser - No producer found for character: 0
17:10:45.799 [FXGL Background Thread 1 ] WARN  FXGL.TextLevelParser - No producer found for character: 0
17:10:45.799 [FXGL Background Thread 1 ] WARN  FXGL.TextLevelParser - No producer found for character: 0
17:10:45.799 [FXGL Background Thread 1 ] WARN  FXGL.TextLevelParser - No producer found for character: 0
17:10:45.799 [FXGL Background Thread 1 ] WARN  FXGL.TextLevelParser - No producer found for character: 0
17:10:45.799 [FXGL Background Thread 1 ] WARN  FXGL.TextLevelParser - No producer found for character: 0
17:10:45.800 [FXGL Background Thread 1 ] DEBUG AssetLoader          - Loading from cache: /assets/textures/brick1.png@50.0x24.0
17:10:45.801 [FXGL Background Thread 1 ] WARN  FXGL.TextLevelParser - No producer found for character: 0
17:10:45.801 [FXGL Background Thread 1 ] WARN  FXGL.TextLevelParser - No producer found for character: 0
17:10:45.801 [FXGL Background Thread 1 ] WARN  FXGL.TextLevelParser - No producer found for character: 0
17:10:45.801 [FXGL Background Thread 1 ] WARN  FXGL.TextLevelParser - No producer found for character: 0
17:10:45.801 [FXGL Background Thread 1 ] WARN  FXGL.TextLevelParser - No producer found for character: 0
17:10:45.801 [FXGL Background Thread 1 ] WARN  FXGL.TextLevelParser - No producer found for character: 0
17:10:45.801 [FXGL Background Thread 1 ] WARN  FXGL.TextLevelParser - No producer found for character: 0
17:10:45.802 [FXGL Background Thread 1 ] WARN  FXGL.TextLevelParser - No producer found for character: 0
17:10:45.802 [FXGL Background Thread 1 ] WARN  FXGL.TextLevelParser - No producer found for character: 0
17:10:45.802 [FXGL Background Thread 1 ] DEBUG AssetLoader          - Loading from cache: /assets/textures/brick1.png@50.0x24.0
17:10:45.803 [FXGL Background Thread 1 ] DEBUG AssetLoader          - Loading from cache: /assets/textures/brick1.png@50.0x24.0
17:10:45.805 [FXGL Background Thread 1 ] DEBUG AssetLoader          - Loading from cache: /assets/textures/brick1.png@50.0x24.0
17:10:45.806 [FXGL Background Thread 1 ] DEBUG AssetLoader          - Loading from cache: /assets/textures/brick1.png@50.0x24.0
17:10:45.807 [FXGL Background Thread 1 ] DEBUG AssetLoader          - Loading from cache: /assets/textures/brick1.png@50.0x24.0
17:10:45.808 [FXGL Background Thread 1 ] DEBUG AssetLoader          - Loading from cache: /assets/textures/brick1.png@50.0x24.0
17:10:45.811 [FXGL Background Thread 1 ] DEBUG AssetLoader          - Loading from cache: /assets/textures/brick1.png@50.0x24.0
17:10:45.813 [FXGL Background Thread 1 ] DEBUG AssetLoader          - Loading from cache: /assets/textures/brick1.png@50.0x24.0
17:10:45.814 [FXGL Background Thread 1 ] WARN  FXGL.TextLevelParser - No producer found for character: 0
17:10:45.815 [FXGL Background Thread 1 ] WARN  FXGL.TextLevelParser - No producer found for character: 0
17:10:45.815 [FXGL Background Thread 1 ] WARN  FXGL.TextLevelParser - No producer found for character: 0
17:10:45.815 [FXGL Background Thread 1 ] WARN  FXGL.TextLevelParser - No producer found for character: 0
17:10:45.815 [FXGL Background Thread 1 ] WARN  FXGL.TextLevelParser - No producer found for character: 0
17:10:45.815 [FXGL Background Thread 1 ] WARN  FXGL.TextLevelParser - No producer found for character: 0
17:10:45.815 [FXGL Background Thread 1 ] WARN  FXGL.TextLevelParser - No producer found for character: 0
17:10:45.815 [FXGL Background Thread 1 ] WARN  FXGL.TextLevelParser - No producer found for character: 0
17:10:45.816 [FXGL Background Thread 1 ] WARN  FXGL.TextLevelParser - No producer found for character: 0
17:10:45.816 [FXGL Background Thread 1 ] WARN  FXGL.TextLevelParser - No producer found for character: 0
17:10:45.816 [FXGL Background Thread 1 ] WARN  FXGL.TextLevelParser - No producer found for character: 0
17:10:45.816 [FXGL Background Thread 1 ] WARN  FXGL.TextLevelParser - No producer found for character: 0
17:10:45.816 [FXGL Background Thread 1 ] WARN  FXGL.TextLevelParser - No producer found for character: 0
17:10:45.816 [FXGL Background Thread 1 ] WARN  FXGL.TextLevelParser - No producer found for character: 0
17:10:45.816 [FXGL Background Thread 1 ] WARN  FXGL.TextLevelParser - No producer found for character: 0
17:10:45.816 [FXGL Background Thread 1 ] WARN  FXGL.TextLevelParser - No producer found for character: 0
17:10:45.816 [FXGL Background Thread 1 ] WARN  FXGL.TextLevelParser - No producer found for character: 0
17:10:45.817 [FXGL Background Thread 1 ] WARN  FXGL.TextLevelParser - No producer found for character: 0
17:10:45.817 [FXGL Background Thread 1 ] WARN  FXGL.TextLevelParser - No producer found for character: 0
17:10:45.817 [FXGL Background Thread 1 ] WARN  FXGL.TextLevelParser - No producer found for character: 0
17:10:45.817 [FXGL Background Thread 1 ] WARN  FXGL.TextLevelParser - No producer found for character: 0
17:10:45.817 [FXGL Background Thread 1 ] WARN  FXGL.TextLevelParser - No producer found for character: 0
17:10:45.817 [FXGL Background Thread 1 ] WARN  FXGL.TextLevelParser - No producer found for character: 0
17:10:45.817 [FXGL Background Thread 1 ] WARN  FXGL.TextLevelParser - No producer found for character: 0
17:10:45.817 [FXGL Background Thread 1 ] WARN  FXGL.TextLevelParser - No producer found for character: 0
17:10:45.818 [FXGL Background Thread 1 ] WARN  FXGL.TextLevelParser - No producer found for character: 0
17:10:45.818 [FXGL Background Thread 1 ] WARN  FXGL.TextLevelParser - No producer found for character: 0
17:10:45.818 [FXGL Background Thread 1 ] WARN  FXGL.TextLevelParser - No producer found for character: 0
17:10:45.818 [FXGL Background Thread 1 ] WARN  FXGL.TextLevelParser - No producer found for character: 0
17:10:45.818 [FXGL Background Thread 1 ] WARN  FXGL.TextLevelParser - No producer found for character: 0
17:10:45.818 [FXGL Background Thread 1 ] WARN  FXGL.TextLevelParser - No producer found for character: 0
17:10:45.818 [FXGL Background Thread 1 ] WARN  FXGL.TextLevelParser - No producer found for character: 0
17:10:45.818 [FXGL Background Thread 1 ] WARN  FXGL.TextLevelParser - No producer found for character: 0
17:10:45.819 [FXGL Background Thread 1 ] WARN  FXGL.TextLevelParser - No producer found for character: 0
17:10:45.819 [FXGL Background Thread 1 ] WARN  FXGL.TextLevelParser - No producer found for character: 0
17:10:45.819 [FXGL Background Thread 1 ] WARN  FXGL.TextLevelParser - No producer found for character: 0
17:10:45.819 [FXGL Background Thread 1 ] WARN  FXGL.TextLevelParser - No producer found for character: 0
17:10:45.819 [FXGL Background Thread 1 ] WARN  FXGL.TextLevelParser - No producer found for character: 0
17:10:45.819 [FXGL Background Thread 1 ] WARN  FXGL.TextLevelParser - No producer found for character: 0
17:10:45.819 [FXGL Background Thread 1 ] WARN  FXGL.TextLevelParser - No producer found for character: 0
17:10:45.819 [FXGL Background Thread 1 ] WARN  FXGL.TextLevelParser - No producer found for character: 0
17:10:45.820 [FXGL Background Thread 1 ] WARN  FXGL.TextLevelParser - No producer found for character: 0
17:10:45.820 [FXGL Background Thread 1 ] WARN  FXGL.TextLevelParser - No producer found for character: 0
17:10:45.820 [FXGL Background Thread 1 ] WARN  FXGL.TextLevelParser - No producer found for character: 0
17:10:45.820 [FXGL Background Thread 1 ] WARN  FXGL.TextLevelParser - No producer found for character: 0
17:10:45.820 [FXGL Background Thread 1 ] WARN  FXGL.TextLevelParser - No producer found for character: 0
17:10:45.820 [FXGL Background Thread 1 ] WARN  FXGL.TextLevelParser - No producer found for character: 0
17:10:45.820 [FXGL Background Thread 1 ] WARN  FXGL.TextLevelParser - No producer found for character: 0
17:10:45.820 [FXGL Background Thread 1 ] WARN  FXGL.TextLevelParser - No producer found for character: 0
17:10:45.821 [FXGL Background Thread 1 ] WARN  FXGL.TextLevelParser - No producer found for character: 0
17:10:45.821 [FXGL Background Thread 1 ] WARN  FXGL.TextLevelParser - No producer found for character: 0
17:10:45.821 [FXGL Background Thread 1 ] WARN  FXGL.TextLevelParser - No producer found for character: 0
17:10:45.821 [FXGL Background Thread 1 ] WARN  FXGL.TextLevelParser - No producer found for character: 0
17:10:45.821 [FXGL Background Thread 1 ] WARN  FXGL.TextLevelParser - No producer found for character: 0
17:10:45.821 [FXGL Background Thread 1 ] WARN  FXGL.TextLevelParser - No producer found for character: 0
17:10:45.821 [FXGL Background Thread 1 ] WARN  FXGL.TextLevelParser - No producer found for character: 0
17:10:45.821 [FXGL Background Thread 1 ] WARN  FXGL.TextLevelParser - No producer found for character: 0
17:10:45.822 [FXGL Background Thread 1 ] WARN  FXGL.TextLevelParser - No producer found for character: 0
17:10:45.822 [FXGL Background Thread 1 ] WARN  FXGL.TextLevelParser - No producer found for character: 0
17:10:45.822 [FXGL Background Thread 1 ] WARN  FXGL.TextLevelParser - No producer found for character: 0
17:10:45.823 [FXGL Background Thread 1 ] WARN  FXGL.TextLevelParser - No producer found for character: 0
17:10:45.823 [FXGL Background Thread 1 ] WARN  FXGL.TextLevelParser - No producer found for character: 0
17:10:45.823 [FXGL Background Thread 1 ] WARN  FXGL.TextLevelParser - No producer found for character: 0
17:10:45.823 [FXGL Background Thread 1 ] WARN  FXGL.TextLevelParser - No producer found for character: 0
17:10:45.823 [FXGL Background Thread 1 ] WARN  FXGL.TextLevelParser - No producer found for character: 0
17:10:45.824 [FXGL Background Thread 1 ] WARN  FXGL.TextLevelParser - No producer found for character: 0
17:10:45.824 [FXGL Background Thread 1 ] WARN  FXGL.TextLevelParser - No producer found for character: 0
17:10:45.824 [FXGL Background Thread 1 ] WARN  FXGL.TextLevelParser - No producer found for character: 0
17:10:45.824 [FXGL Background Thread 1 ] WARN  FXGL.TextLevelParser - No producer found for character: 0
17:10:45.824 [FXGL Background Thread 1 ] WARN  FXGL.TextLevelParser - No producer found for character: 0
17:10:45.824 [FXGL Background Thread 1 ] WARN  FXGL.TextLevelParser - No producer found for character: 0
17:10:45.824 [FXGL Background Thread 1 ] WARN  FXGL.TextLevelParser - No producer found for character: 0
17:10:45.824 [FXGL Background Thread 1 ] WARN  FXGL.TextLevelParser - No producer found for character: 0
17:10:45.824 [FXGL Background Thread 1 ] WARN  FXGL.TextLevelParser - No producer found for character: 0
17:10:45.824 [FXGL Background Thread 1 ] WARN  FXGL.TextLevelParser - No producer found for character: 0
17:10:45.824 [FXGL Background Thread 1 ] WARN  FXGL.TextLevelParser - No producer found for character: 0
17:10:45.825 [FXGL Background Thread 1 ] WARN  FXGL.TextLevelParser - No producer found for character: 0
17:10:45.825 [FXGL Background Thread 1 ] WARN  FXGL.TextLevelParser - No producer found for character: 0
17:10:45.825 [FXGL Background Thread 1 ] WARN  FXGL.TextLevelParser - No producer found for character: 0
17:10:45.825 [FXGL Background Thread 1 ] WARN  FXGL.TextLevelParser - No producer found for character: 0
17:10:45.825 [FXGL Background Thread 1 ] WARN  FXGL.TextLevelParser - No producer found for character: 0
17:10:45.825 [FXGL Background Thread 1 ] WARN  FXGL.TextLevelParser - No producer found for character: 0
17:10:45.825 [FXGL Background Thread 1 ] WARN  FXGL.TextLevelParser - No producer found for character: 0
17:10:45.825 [FXGL Background Thread 1 ] WARN  FXGL.TextLevelParser - No producer found for character: 0
17:10:45.825 [FXGL Background Thread 1 ] WARN  FXGL.TextLevelParser - No producer found for character: 0
17:10:45.826 [FXGL Background Thread 1 ] WARN  FXGL.TextLevelParser - No producer found for character: 0
17:10:45.826 [FXGL Background Thread 1 ] WARN  FXGL.TextLevelParser - No producer found for character: 0
17:10:45.826 [FXGL Background Thread 1 ] WARN  FXGL.TextLevelParser - No producer found for character: 0
17:10:45.826 [FXGL Background Thread 1 ] WARN  FXGL.TextLevelParser - No producer found for character: 0
17:10:45.826 [FXGL Background Thread 1 ] WARN  FXGL.TextLevelParser - No producer found for character: 0
17:10:45.826 [FXGL Background Thread 1 ] WARN  FXGL.TextLevelParser - No producer found for character: 0
17:10:45.826 [FXGL Background Thread 1 ] WARN  FXGL.TextLevelParser - No producer found for character: 0
17:10:45.826 [FXGL Background Thread 1 ] WARN  FXGL.TextLevelParser - No producer found for character: 0
17:10:45.827 [FXGL Background Thread 1 ] WARN  FXGL.TextLevelParser - No producer found for character: 0
17:10:45.827 [FXGL Background Thread 1 ] WARN  FXGL.TextLevelParser - No producer found for character: 0
17:10:45.827 [FXGL Background Thread 1 ] WARN  FXGL.TextLevelParser - No producer found for character: 0
17:10:45.827 [FXGL Background Thread 1 ] WARN  FXGL.TextLevelParser - No producer found for character: 0
17:10:45.827 [FXGL Background Thread 1 ] WARN  FXGL.TextLevelParser - No producer found for character: 0
17:10:45.827 [FXGL Background Thread 1 ] WARN  FXGL.TextLevelParser - No producer found for character: 0
17:10:45.827 [FXGL Background Thread 1 ] WARN  FXGL.TextLevelParser - No producer found for character: 0
17:10:45.828 [FXGL Background Thread 1 ] WARN  FXGL.TextLevelParser - No producer found for character: 0
17:10:45.828 [FXGL Background Thread 1 ] WARN  FXGL.TextLevelParser - No producer found for character: 0
17:10:45.828 [FXGL Background Thread 1 ] WARN  FXGL.TextLevelParser - No producer found for character: 0
17:10:45.828 [FXGL Background Thread 1 ] WARN  FXGL.TextLevelParser - No producer found for character: 0
17:10:45.828 [FXGL Background Thread 1 ] WARN  FXGL.TextLevelParser - No producer found for character: 0
17:10:45.828 [FXGL Background Thread 1 ] WARN  FXGL.TextLevelParser - No producer found for character: 0
17:10:45.829 [FXGL Background Thread 1 ] WARN  FXGL.TextLevelParser - No producer found for character: 0
17:10:45.829 [FXGL Background Thread 1 ] WARN  FXGL.TextLevelParser - No producer found for character: 0
17:10:45.829 [FXGL Background Thread 1 ] WARN  FXGL.TextLevelParser - No producer found for character: 0
17:10:45.829 [FXGL Background Thread 1 ] WARN  FXGL.TextLevelParser - No producer found for character: 0
17:10:45.829 [FXGL Background Thread 1 ] WARN  FXGL.TextLevelParser - No producer found for character: 0
17:10:45.829 [FXGL Background Thread 1 ] WARN  FXGL.TextLevelParser - No producer found for character: 0
17:10:45.829 [FXGL Background Thread 1 ] WARN  FXGL.TextLevelParser - No producer found for character: 0
17:10:45.830 [FXGL Background Thread 1 ] WARN  FXGL.TextLevelParser - No producer found for character: 0
17:10:45.830 [FXGL Background Thread 1 ] WARN  FXGL.TextLevelParser - No producer found for character: 0
17:10:45.830 [FXGL Background Thread 1 ] WARN  FXGL.TextLevelParser - No producer found for character: 0
17:10:45.830 [FXGL Background Thread 1 ] WARN  FXGL.TextLevelParser - No producer found for character: 0
17:10:45.830 [FXGL Background Thread 1 ] WARN  FXGL.TextLevelParser - No producer found for character: 0
17:10:45.831 [FXGL Background Thread 1 ] WARN  FXGL.TextLevelParser - No producer found for character: 0
17:10:45.831 [FXGL Background Thread 1 ] WARN  FXGL.TextLevelParser - No producer found for character: 0
17:10:45.831 [FXGL Background Thread 1 ] WARN  FXGL.TextLevelParser - No producer found for character: 0
17:10:45.832 [FXGL Background Thread 1 ] WARN  FXGL.TextLevelParser - No producer found for character: 0
17:10:45.832 [FXGL Background Thread 1 ] WARN  FXGL.TextLevelParser - No producer found for character: 0
17:10:45.832 [FXGL Background Thread 1 ] WARN  FXGL.TextLevelParser - No producer found for character: 0
17:10:45.832 [FXGL Background Thread 1 ] WARN  FXGL.TextLevelParser - No producer found for character: 0
17:10:45.832 [FXGL Background Thread 1 ] WARN  FXGL.TextLevelParser - No producer found for character: 0
17:10:45.832 [FXGL Background Thread 1 ] WARN  FXGL.TextLevelParser - No producer found for character: 0
17:10:45.833 [FXGL Background Thread 1 ] WARN  FXGL.TextLevelParser - No producer found for character: 0
17:10:45.833 [FXGL Background Thread 1 ] WARN  FXGL.TextLevelParser - No producer found for character: 0
17:10:45.833 [FXGL Background Thread 1 ] WARN  FXGL.TextLevelParser - No producer found for character: 0
17:10:45.833 [FXGL Background Thread 1 ] WARN  FXGL.TextLevelParser - No producer found for character: 0
17:10:45.833 [FXGL Background Thread 1 ] WARN  FXGL.TextLevelParser - No producer found for character: 0
17:10:45.833 [FXGL Background Thread 1 ] WARN  FXGL.TextLevelParser - No producer found for character: 0
17:10:45.833 [FXGL Background Thread 1 ] WARN  FXGL.TextLevelParser - No producer found for character: 0
17:10:45.833 [FXGL Background Thread 1 ] WARN  FXGL.TextLevelParser - No producer found for character: 0
17:10:45.833 [FXGL Background Thread 1 ] WARN  FXGL.TextLevelParser - No producer found for character: 0
17:10:45.834 [FXGL Background Thread 1 ] WARN  FXGL.TextLevelParser - No producer found for character: 0
17:10:45.834 [FXGL Background Thread 1 ] WARN  FXGL.TextLevelParser - No producer found for character: 0
17:10:45.834 [FXGL Background Thread 1 ] WARN  FXGL.TextLevelParser - No producer found for character: 0
17:10:45.834 [FXGL Background Thread 1 ] WARN  FXGL.TextLevelParser - No producer found for character: 0
17:10:45.840 [FXGL Background Thread 1 ] WARN  FXGL.TextLevelParser - No producer found for character: 0
17:10:45.840 [FXGL Background Thread 1 ] WARN  FXGL.TextLevelParser - No producer found for character: 0
17:10:45.840 [FXGL Background Thread 1 ] WARN  FXGL.TextLevelParser - No producer found for character: 0
17:10:45.841 [FXGL Background Thread 1 ] WARN  FXGL.TextLevelParser - No producer found for character: 0
17:10:45.841 [FXGL Background Thread 1 ] WARN  FXGL.TextLevelParser - No producer found for character: 0
17:10:45.841 [FXGL Background Thread 1 ] WARN  FXGL.TextLevelParser - No producer found for character: 0
17:10:45.841 [FXGL Background Thread 1 ] WARN  FXGL.TextLevelParser - No producer found for character: 0
17:10:45.841 [FXGL Background Thread 1 ] WARN  FXGL.TextLevelParser - No producer found for character: 0
17:10:45.841 [FXGL Background Thread 1 ] WARN  FXGL.TextLevelParser - No producer found for character: 0
17:10:45.841 [FXGL Background Thread 1 ] WARN  FXGL.TextLevelParser - No producer found for character: 0
17:10:45.841 [FXGL Background Thread 1 ] WARN  FXGL.TextLevelParser - No producer found for character: 0
17:10:45.841 [FXGL Background Thread 1 ] WARN  FXGL.TextLevelParser - No producer found for character: 0
17:10:45.841 [FXGL Background Thread 1 ] WARN  FXGL.TextLevelParser - No producer found for character: 0
17:10:45.842 [FXGL Background Thread 1 ] WARN  FXGL.TextLevelParser - No producer found for character: 0
17:10:45.842 [FXGL Background Thread 1 ] WARN  FXGL.TextLevelParser - No producer found for character: 0
17:10:45.842 [FXGL Background Thread 1 ] WARN  FXGL.TextLevelParser - No producer found for character: 0
17:10:45.842 [FXGL Background Thread 1 ] WARN  FXGL.TextLevelParser - No producer found for character: 0
17:10:45.843 [FXGL Background Thread 1 ] DEBUG AssetLoader          - Loading from disk: /assets/textures/bar.png
17:10:45.847 [FXGL Background Thread 1 ] WARN  FXGL.TextLevelParser - No producer found for character: 0
17:10:45.847 [FXGL Background Thread 1 ] WARN  FXGL.TextLevelParser - No producer found for character: 0
17:10:45.847 [FXGL Background Thread 1 ] WARN  FXGL.TextLevelParser - No producer found for character: 0
17:10:45.847 [FXGL Background Thread 1 ] WARN  FXGL.TextLevelParser - No producer found for character: 0
17:10:45.848 [FXGL Background Thread 1 ] WARN  FXGL.TextLevelParser - No producer found for character: 0
17:10:45.848 [FXGL Background Thread 1 ] WARN  FXGL.TextLevelParser - No producer found for character: 0
17:10:45.848 [FXGL Background Thread 1 ] WARN  FXGL.TextLevelParser - No producer found for character: 0
17:10:45.848 [FXGL Background Thread 1 ] WARN  FXGL.TextLevelParser - No producer found for character: 0
17:10:45.848 [FXGL Background Thread 1 ] WARN  FXGL.TextLevelParser - No producer found for character: 0
17:10:45.849 [FXGL Background Thread 1 ] WARN  FXGL.TextLevelParser - No producer found for character: 0
17:10:45.849 [FXGL Background Thread 1 ] WARN  FXGL.TextLevelParser - No producer found for character: 0
17:10:45.849 [FXGL Background Thread 1 ] WARN  FXGL.TextLevelParser - No producer found for character: 0
17:10:45.849 [FXGL Background Thread 1 ] WARN  FXGL.TextLevelParser - No producer found for character: 0
17:10:45.849 [FXGL Background Thread 1 ] WARN  FXGL.TextLevelParser - No producer found for character: 0
17:10:45.849 [FXGL Background Thread 1 ] WARN  FXGL.TextLevelParser - No producer found for character: 0
17:10:45.849 [FXGL Background Thread 1 ] WARN  FXGL.TextLevelParser - No producer found for character: 0
17:10:45.849 [FXGL Background Thread 1 ] WARN  FXGL.TextLevelParser - No producer found for character: 0
17:10:45.849 [FXGL Background Thread 1 ] WARN  FXGL.TextLevelParser - No producer found for character: 0
17:10:45.849 [FXGL Background Thread 1 ] WARN  FXGL.TextLevelParser - No producer found for character: 0
17:10:45.849 [FXGL Background Thread 1 ] WARN  FXGL.TextLevelParser - No producer found for character: 0
17:10:45.849 [FXGL Background Thread 1 ] WARN  FXGL.TextLevelParser - No producer found for character: 0
17:10:45.850 [FXGL Background Thread 1 ] WARN  FXGL.TextLevelParser - No producer found for character: 0
17:10:45.850 [FXGL Background Thread 1 ] WARN  FXGL.TextLevelParser - No producer found for character: 0
17:10:45.850 [FXGL Background Thread 1 ] WARN  FXGL.TextLevelParser - No producer found for character: 0
17:10:45.850 [FXGL Background Thread 1 ] WARN  FXGL.TextLevelParser - No producer found for character: 0
17:10:45.850 [FXGL Background Thread 1 ] WARN  FXGL.TextLevelParser - No producer found for character: 0
17:10:45.850 [FXGL Background Thread 1 ] WARN  FXGL.TextLevelParser - No producer found for character: 0
17:10:45.850 [FXGL Background Thread 1 ] WARN  FXGL.TextLevelParser - No producer found for character: 0
17:10:45.850 [FXGL Background Thread 1 ] WARN  FXGL.TextLevelParser - No producer found for character: 0
17:10:45.850 [FXGL Background Thread 1 ] WARN  FXGL.TextLevelParser - No producer found for character: 0
17:10:45.850 [FXGL Background Thread 1 ] WARN  FXGL.TextLevelParser - No producer found for character: 0
17:10:45.850 [FXGL Background Thread 1 ] WARN  FXGL.TextLevelParser - No producer found for character: 0
17:10:45.850 [FXGL Background Thread 1 ] WARN  FXGL.TextLevelParser - No producer found for character: 0
17:10:45.851 [FXGL Background Thread 1 ] WARN  FXGL.TextLevelParser - No producer found for character: 0
17:10:45.851 [FXGL Background Thread 1 ] WARN  FXGL.TextLevelParser - No producer found for character: 0
17:10:45.851 [FXGL Background Thread 1 ] WARN  FXGL.TextLevelParser - No producer found for character: 0
17:10:45.851 [FXGL Background Thread 1 ] WARN  FXGL.TextLevelParser - No producer found for character: 0
17:10:45.851 [FXGL Background Thread 1 ] WARN  FXGL.TextLevelParser - No producer found for character: 0
17:10:45.851 [FXGL Background Thread 1 ] WARN  FXGL.TextLevelParser - No producer found for character: 0
17:10:45.852 [FXGL Background Thread 1 ] WARN  FXGL.TextLevelParser - No producer found for character: 0
17:10:45.852 [FXGL Background Thread 1 ] WARN  FXGL.TextLevelParser - No producer found for character: 0
17:10:45.852 [FXGL Background Thread 1 ] WARN  FXGL.TextLevelParser - No producer found for character: 0
17:10:45.852 [FXGL Background Thread 1 ] WARN  FXGL.TextLevelParser - No producer found for character: 0
17:10:45.852 [FXGL Background Thread 1 ] WARN  FXGL.TextLevelParser - No producer found for character: 0
17:10:45.852 [FXGL Background Thread 1 ] DEBUG AssetLoader          - Loading from disk: /assets/textures/fire.png
17:10:45.857 [FXGL Background Thread 1 ] WARN  FXGL.TextLevelParser - No producer found for character: 0
17:10:45.858 [FXGL Background Thread 1 ] DEBUG AssetLoader          - Loading from cache: /assets/textures/fire.png@100.0x80.0
17:10:45.859 [FXGL Background Thread 1 ] WARN  FXGL.TextLevelParser - No producer found for character: 0
17:10:45.860 [FXGL Background Thread 1 ] DEBUG AssetLoader          - Loading from cache: /assets/textures/fire.png@100.0x80.0
17:10:45.861 [FXGL Background Thread 1 ] WARN  FXGL.TextLevelParser - No producer found for character: 0
17:10:45.863 [FXGL Background Thread 1 ] DEBUG AssetLoader          - Loading from cache: /assets/textures/fire.png@100.0x80.0
17:10:45.864 [FXGL Background Thread 1 ] WARN  FXGL.TextLevelParser - No producer found for character: 0
17:10:45.865 [FXGL Background Thread 1 ] DEBUG AssetLoader          - Loading from cache: /assets/textures/fire.png@100.0x80.0
17:10:45.865 [FXGL Background Thread 1 ] WARN  FXGL.TextLevelParser - No producer found for character: 0
17:10:45.866 [FXGL Background Thread 1 ] DEBUG AssetLoader          - Loading from cache: /assets/textures/fire.png@100.0x80.0
17:10:45.867 [FXGL Background Thread 1 ] WARN  FXGL.TextLevelParser - No producer found for character: 0
17:10:45.867 [FXGL Background Thread 1 ] DEBUG AssetLoader          - Loading from cache: /assets/textures/fire.png@100.0x80.0
17:10:45.868 [FXGL Background Thread 1 ] WARN  FXGL.TextLevelParser - No producer found for character: 0
17:10:45.869 [FXGL Background Thread 1 ] DEBUG AssetLoader          - Loading from cache: /assets/textures/fire.png@100.0x80.0
17:10:45.869 [FXGL Background Thread 1 ] WARN  FXGL.TextLevelParser - No producer found for character: 0
17:10:45.870 [FXGL Background Thread 1 ] DEBUG AssetLoader          - Loading from cache: /assets/textures/fire.png@100.0x80.0
17:10:45.870 [FXGL Background Thread 1 ] WARN  FXGL.TextLevelParser - No producer found for character: 0
17:10:45.871 [FXGL Background Thread 1 ] DEBUG GameWorld            - Clearing removable entities
17:10:45.871 [FXGL Background Thread 1 ] DEBUG GameWorld            - Setting level: com.almasb.fxgl.entity.Level@3fcbce2d
17:10:45.902 [FXGL Background Thread 1 ] DEBUG GameScene            - Creating render group for layer: DEFAULT(100000)
17:10:45.919 [FXGL Background Thread 1 ] DEBUG GameScene            - Creating render group for layer: BACKGROUND(1000)
17:10:45.921 [FXGL Background Thread 1 ] DEBUG InitAppTask          - Initializing Physics
17:10:45.922 [FXGL Background Thread 1 ] DEBUG InitAppTask          - Initializing UI
17:10:45.923 [FXGL Background Thread 1 ] DEBUG InitAppTask          - Initialization Complete
17:10:45.923 [FXGL Background Thread 1 ] INFO  InitAppTask          - Game initialization took: 0,283 sec
17:10:45.931 [JavaFX Application Thread] DEBUG Input                - Clearing active input actions
17:10:45.949 [JavaFX Application Thread] DEBUG AppStateMachine      - LoadingState -> PlayState
17:11:02.396 [JavaFX Application Thread] DEBUG GameApplication      - Exiting game application
17:11:02.397 [JavaFX Application Thread] DEBUG GameApplication      - Shutting down background threads
17:11:02.397 [JavaFX Application Thread] DEBUG GameApplication      - Exiting FXGL
17:11:02.398 [JavaFX Application Thread] DEBUG FXGL                 - Saving FXGL system data
17:11:02.401 [JavaFX Application Thread] DEBUG FS                   - Writing to: system\fxgl.bundle
17:11:02.405 [JavaFX Application Thread] DEBUG GameApplication      - Closing logger and exiting JavaFX
