12:38:06.914 [JavaFX Application Thread] DEBUG GameApplication      - Logger initialized
12:38:06.929 [JavaFX Application Thread] DEBUG GameApplication      - Logging settings
Title: Breakout
Version: 0.1
Width: 800
Height: 600
Fullscreen: false
Intro: false
Menus: false
Profiling: false
Single step:false
App Mode: DEVELOPER
Menu Key: ESCAPE
Stage Style: DECORATED
Scene Factory: class com.almasb.fxgl.scene.SceneFactory
Dialog Factory: class com.almasb.fxgl.ui.FXGLDialogFactory
UI Factory: class com.almasb.fxgl.ui.FXGLUIFactory
Notification Service: class com.almasb.fxgl.gameplay.notification.XboxNotificationView
Exception Handler: class com.almasb.fxgl.app.FXGLExceptionHandler
12:38:06.930 [JavaFX Application Thread] DEBUG GameApplication      - Starting FXGL
12:38:06.942 [JavaFX Application Thread] INFO  FXGL                 - FXGL-0.5.4 on DESKTOP
12:38:06.942 [JavaFX Application Thread] INFO  FXGL                 - Source code and latest versions at: https://github.com/AlmasB/FXGL
12:38:06.943 [JavaFX Application Thread] INFO  FXGL                 -              Join the FXGL chat at: https://gitter.im/AlmasB/FXGL
12:38:06.943 [JavaFX Application Thread] DEBUG FXGL                 - FXGL started
12:38:06.943 [JavaFX Application Thread] DEBUG FXGL                 - Initializing FXGL
12:38:06.983 [JavaFX Application Thread] DEBUG AssetLoader          - Loading from disk: /assets/ui/cursors/fxgl_default.png
12:38:07.068 [JavaFX Application Thread] DEBUG AssetLoader          - Loading from disk: /assets/ui/fonts/VarelaRound-Regular.ttf
12:38:07.291 [JavaFX Application Thread] DEBUG MainWindow           - Creating a JavaFX scene
12:38:07.322 [JavaFX Application Thread] DEBUG MainWindow           - Target settings size: 800.0 x 600.0
12:38:07.322 [JavaFX Application Thread] DEBUG MainWindow           - Scaled scene size:    800.0 x 600.0
12:38:07.322 [JavaFX Application Thread] DEBUG MainWindow           - Scaled ratio: (1.0, 1.0)
12:38:07.325 [JavaFX Application Thread] DEBUG AssetLoader          - Loading from disk: /assets/ui/css/fxgl_dark.css
12:38:07.331 [JavaFX Application Thread] DEBUG AssetLoader          - Loading from disk: /assets/textures/fxgl_icon.png
12:38:07.355 [JavaFX Application Thread] DEBUG MainWindow           - Opening main window
12:38:07.491 [JavaFX Application Thread] DEBUG MainWindow           - Window border size: (14.4000244140625, 37.5999755859375)
12:38:07.491 [JavaFX Application Thread] DEBUG MainWindow           - Scaled size: 800.0 x 600.0
12:38:07.491 [JavaFX Application Thread] DEBUG MainWindow           - Scaled ratio: (1.0, 1.0)
12:38:07.492 [JavaFX Application Thread] DEBUG MainWindow           - Scene size: 800.0 x 600.0
12:38:07.492 [JavaFX Application Thread] DEBUG MainWindow           - Stage size: 814.4000244140625 x 637.5999755859375
12:38:07.558 [ForkJoinPool.commonPool-worker-9] DEBUG FS                   - Loaded DesktopFSService
12:38:07.558 [ForkJoinPool.commonPool-worker-9] DEBUG FXGL                 - Loading FXGL system data
12:38:07.565 [ForkJoinPool.commonPool-worker-9] DEBUG DesktopFSService     - Reading from: system\fxgl.bundle
12:38:07.579 [ForkJoinPool.commonPool-worker-9] DEBUG Bundle               - Logging bundle: FXGL
12:38:07.579 [ForkJoinPool.commonPool-worker-9] DEBUG Bundle               - FXGL.offline.timer.version.check=2019-01-24T08:55:57.713219300
12:38:07.581 [ForkJoinPool.commonPool-worker-9] DEBUG FXGL                 - Initializing state machine and application states
12:38:07.583 [ForkJoinPool.commonPool-worker-9] DEBUG AssetLoader          - Loading from disk: /assets/ui/cursors/fxgl_default.png
12:38:07.593 [ForkJoinPool.commonPool-worker-9] DEBUG AssetLoader          - Loading from disk: /assets/ui/cursors/fxgl_default.png
12:38:07.600 [ForkJoinPool.commonPool-worker-9] DEBUG AssetLoader          - Loading from cache: /assets/ui/fonts/VarelaRound-Regular.ttf
12:38:07.605 [ForkJoinPool.commonPool-worker-9] DEBUG AssetLoader          - Loading from disk: /assets/ui/cursors/fxgl_default.png
12:38:07.609 [ForkJoinPool.commonPool-worker-9] DEBUG GameScene            - Game scene initialized: 800x600
12:38:07.616 [ForkJoinPool.commonPool-worker-9] DEBUG GameWorld            - Game world initialized
12:38:07.701 [ForkJoinPool.commonPool-worker-9] DEBUG PhysicsWorld         - Physics world initialized: appHeight=600, physics.ppm=50,0
12:38:07.720 [ForkJoinPool.commonPool-worker-9] DEBUG Input                - Registered new binding: Pause - Esc
12:38:07.775 [JavaFX Application Thread] DEBUG FXGL                 - Running preInit()
12:38:07.777 [JavaFX Application Thread] DEBUG Input                - Registered new binding: Screenshot - P
12:38:07.777 [JavaFX Application Thread] DEBUG Input                - Registered new binding: Dev Options - CTRL+0
12:38:07.778 [JavaFX Application Thread] DEBUG Input                - Registered new binding: System info dump - CTRL+9
12:38:07.778 [JavaFX Application Thread] DEBUG Input                - Registered new binding: Restart - CTRL+R
12:38:07.778 [JavaFX Application Thread] DEBUG Input                - Registered new binding: Move Left - A
12:38:07.779 [JavaFX Application Thread] DEBUG Input                - Registered new binding: Move Right - D
12:38:07.779 [JavaFX Application Thread] INFO  FXGL                 - FXGL initialization took: 0,837 sec
12:38:07.779 [JavaFX Application Thread] DEBUG LoopRunner           - Starting loop
12:38:07.781 [JavaFX Application Thread] DEBUG StartupState         - STARTUP
12:38:07.781 [JavaFX Application Thread] DEBUG GameApplication      - Starting new game
12:38:07.782 [JavaFX Application Thread] DEBUG Input                - Clearing active input actions
12:38:07.783 [JavaFX Application Thread] DEBUG AssetLoader          - Loading from disk: /assets/ui/css/fxgl_dark.css
12:38:07.794 [JavaFX Application Thread] DEBUG AppStateMachine      - StartupState -> LoadingState
12:38:07.800 [FXGL Background Thread 1 ] DEBUG InitAppTask          - Clearing previous game
12:38:07.800 [FXGL Background Thread 1 ] DEBUG GameWorld            - Clearing game world
12:38:07.801 [FXGL Background Thread 1 ] DEBUG PhysicsWorld         - Clearing physics world
12:38:07.801 [FXGL Background Thread 1 ] DEBUG GameScene            - Clearing game scene
12:38:07.802 [FXGL Background Thread 1 ] DEBUG InitAppTask          - Initializing Game
12:38:07.823 [FXGL Background Thread 1 ] DEBUG AssetLoader          - Loading from disk: /assets/text/levels/bricksballbar.txt
12:38:07.832 [FXGL Background Thread 1 ] WARN  TextLevelParser      - No producer found for character: 0
12:38:07.832 [FXGL Background Thread 1 ] WARN  TextLevelParser      - No producer found for character: 0
12:38:07.833 [FXGL Background Thread 1 ] WARN  TextLevelParser      - No producer found for character: 0
12:38:07.833 [FXGL Background Thread 1 ] WARN  TextLevelParser      - No producer found for character: 0
12:38:07.833 [FXGL Background Thread 1 ] WARN  TextLevelParser      - No producer found for character: 0
12:38:07.833 [FXGL Background Thread 1 ] WARN  TextLevelParser      - No producer found for character: 0
12:38:07.833 [FXGL Background Thread 1 ] WARN  TextLevelParser      - No producer found for character: 0
12:38:07.833 [FXGL Background Thread 1 ] WARN  TextLevelParser      - No producer found for character: 0
12:38:07.834 [FXGL Background Thread 1 ] WARN  TextLevelParser      - No producer found for character: 0
12:38:07.834 [FXGL Background Thread 1 ] WARN  TextLevelParser      - No producer found for character: 0
12:38:07.834 [FXGL Background Thread 1 ] WARN  TextLevelParser      - No producer found for character: 0
12:38:07.834 [FXGL Background Thread 1 ] WARN  TextLevelParser      - No producer found for character: 0
12:38:07.834 [FXGL Background Thread 1 ] WARN  TextLevelParser      - No producer found for character: 0
12:38:07.834 [FXGL Background Thread 1 ] WARN  TextLevelParser      - No producer found for character: 0
12:38:07.835 [FXGL Background Thread 1 ] WARN  TextLevelParser      - No producer found for character: 0
12:38:07.835 [FXGL Background Thread 1 ] WARN  TextLevelParser      - No producer found for character: 0
12:38:07.835 [FXGL Background Thread 1 ] WARN  TextLevelParser      - No producer found for character: 0
12:38:07.835 [FXGL Background Thread 1 ] WARN  TextLevelParser      - No producer found for character: 0
12:38:07.835 [FXGL Background Thread 1 ] WARN  TextLevelParser      - No producer found for character: 0
12:38:07.861 [FXGL Background Thread 1 ] DEBUG AssetLoader          - Loading from disk: /assets/textures/brick1.png
12:38:07.872 [FXGL Background Thread 1 ] WARN  TextLevelParser      - No producer found for character: 0
12:38:07.873 [FXGL Background Thread 1 ] DEBUG AssetLoader          - Loading from cache: /assets/textures/brick1.png
12:38:07.875 [FXGL Background Thread 1 ] WARN  TextLevelParser      - No producer found for character: 0
12:38:07.876 [FXGL Background Thread 1 ] DEBUG AssetLoader          - Loading from cache: /assets/textures/brick1.png
12:38:07.876 [FXGL Background Thread 1 ] WARN  TextLevelParser      - No producer found for character: 0
12:38:07.877 [FXGL Background Thread 1 ] DEBUG AssetLoader          - Loading from cache: /assets/textures/brick1.png
12:38:07.878 [FXGL Background Thread 1 ] WARN  TextLevelParser      - No producer found for character: 0
12:38:07.878 [FXGL Background Thread 1 ] DEBUG AssetLoader          - Loading from cache: /assets/textures/brick1.png
12:38:07.879 [FXGL Background Thread 1 ] WARN  TextLevelParser      - No producer found for character: 0
12:38:07.880 [FXGL Background Thread 1 ] DEBUG AssetLoader          - Loading from cache: /assets/textures/brick1.png
12:38:07.881 [FXGL Background Thread 1 ] WARN  TextLevelParser      - No producer found for character: 0
12:38:07.881 [FXGL Background Thread 1 ] DEBUG AssetLoader          - Loading from cache: /assets/textures/brick1.png
12:38:07.882 [FXGL Background Thread 1 ] WARN  TextLevelParser      - No producer found for character: 0
12:38:07.882 [FXGL Background Thread 1 ] DEBUG AssetLoader          - Loading from cache: /assets/textures/brick1.png
12:38:07.883 [FXGL Background Thread 1 ] WARN  TextLevelParser      - No producer found for character: 0
12:38:07.883 [FXGL Background Thread 1 ] DEBUG AssetLoader          - Loading from cache: /assets/textures/brick1.png
12:38:07.883 [FXGL Background Thread 1 ] WARN  TextLevelParser      - No producer found for character: 0
12:38:07.884 [FXGL Background Thread 1 ] DEBUG AssetLoader          - Loading from cache: /assets/textures/brick1.png
12:38:07.884 [FXGL Background Thread 1 ] WARN  TextLevelParser      - No producer found for character: 0
12:38:07.885 [FXGL Background Thread 1 ] WARN  TextLevelParser      - No producer found for character: 0
12:38:07.885 [FXGL Background Thread 1 ] WARN  TextLevelParser      - No producer found for character: 0
12:38:07.885 [FXGL Background Thread 1 ] WARN  TextLevelParser      - No producer found for character: 0
12:38:07.885 [FXGL Background Thread 1 ] WARN  TextLevelParser      - No producer found for character: 0
12:38:07.885 [FXGL Background Thread 1 ] WARN  TextLevelParser      - No producer found for character: 0
12:38:07.885 [FXGL Background Thread 1 ] WARN  TextLevelParser      - No producer found for character: 0
12:38:07.885 [FXGL Background Thread 1 ] WARN  TextLevelParser      - No producer found for character: 0
12:38:07.885 [FXGL Background Thread 1 ] WARN  TextLevelParser      - No producer found for character: 0
12:38:07.886 [FXGL Background Thread 1 ] WARN  TextLevelParser      - No producer found for character: 0
12:38:07.886 [FXGL Background Thread 1 ] WARN  TextLevelParser      - No producer found for character: 0
12:38:07.886 [FXGL Background Thread 1 ] WARN  TextLevelParser      - No producer found for character: 0
12:38:07.886 [FXGL Background Thread 1 ] WARN  TextLevelParser      - No producer found for character: 0
12:38:07.886 [FXGL Background Thread 1 ] WARN  TextLevelParser      - No producer found for character: 0
12:38:07.886 [FXGL Background Thread 1 ] WARN  TextLevelParser      - No producer found for character: 0
12:38:07.886 [FXGL Background Thread 1 ] WARN  TextLevelParser      - No producer found for character: 0
12:38:07.886 [FXGL Background Thread 1 ] WARN  TextLevelParser      - No producer found for character: 0
12:38:07.886 [FXGL Background Thread 1 ] WARN  TextLevelParser      - No producer found for character: 0
12:38:07.886 [FXGL Background Thread 1 ] WARN  TextLevelParser      - No producer found for character: 0
12:38:07.887 [FXGL Background Thread 1 ] WARN  TextLevelParser      - No producer found for character: 0
12:38:07.887 [FXGL Background Thread 1 ] WARN  TextLevelParser      - No producer found for character: 0
12:38:07.887 [FXGL Background Thread 1 ] WARN  TextLevelParser      - No producer found for character: 0
12:38:07.887 [FXGL Background Thread 1 ] WARN  TextLevelParser      - No producer found for character: 0
12:38:07.887 [FXGL Background Thread 1 ] WARN  TextLevelParser      - No producer found for character: 0
12:38:07.887 [FXGL Background Thread 1 ] WARN  TextLevelParser      - No producer found for character: 0
12:38:07.887 [FXGL Background Thread 1 ] WARN  TextLevelParser      - No producer found for character: 0
12:38:07.888 [FXGL Background Thread 1 ] WARN  TextLevelParser      - No producer found for character: 0
12:38:07.888 [FXGL Background Thread 1 ] WARN  TextLevelParser      - No producer found for character: 0
12:38:07.888 [FXGL Background Thread 1 ] WARN  TextLevelParser      - No producer found for character: 0
12:38:07.888 [FXGL Background Thread 1 ] WARN  TextLevelParser      - No producer found for character: 0
12:38:07.888 [FXGL Background Thread 1 ] WARN  TextLevelParser      - No producer found for character: 0
12:38:07.888 [FXGL Background Thread 1 ] WARN  TextLevelParser      - No producer found for character: 0
12:38:07.889 [FXGL Background Thread 1 ] WARN  TextLevelParser      - No producer found for character: 0
12:38:07.889 [FXGL Background Thread 1 ] WARN  TextLevelParser      - No producer found for character: 0
12:38:07.889 [FXGL Background Thread 1 ] WARN  TextLevelParser      - No producer found for character: 0
12:38:07.889 [FXGL Background Thread 1 ] WARN  TextLevelParser      - No producer found for character: 0
12:38:07.890 [FXGL Background Thread 1 ] WARN  TextLevelParser      - No producer found for character: 0
12:38:07.890 [FXGL Background Thread 1 ] WARN  TextLevelParser      - No producer found for character: 0
12:38:07.890 [FXGL Background Thread 1 ] WARN  TextLevelParser      - No producer found for character: 0
12:38:07.890 [FXGL Background Thread 1 ] WARN  TextLevelParser      - No producer found for character: 0
12:38:07.890 [FXGL Background Thread 1 ] WARN  TextLevelParser      - No producer found for character: 0
12:38:07.890 [FXGL Background Thread 1 ] WARN  TextLevelParser      - No producer found for character: 0
12:38:07.890 [FXGL Background Thread 1 ] WARN  TextLevelParser      - No producer found for character: 0
12:38:07.890 [FXGL Background Thread 1 ] WARN  TextLevelParser      - No producer found for character: 0
12:38:07.890 [FXGL Background Thread 1 ] WARN  TextLevelParser      - No producer found for character: 0
12:38:07.890 [FXGL Background Thread 1 ] WARN  TextLevelParser      - No producer found for character: 0
12:38:07.890 [FXGL Background Thread 1 ] WARN  TextLevelParser      - No producer found for character: 0
12:38:07.891 [FXGL Background Thread 1 ] WARN  TextLevelParser      - No producer found for character: 0
12:38:07.891 [FXGL Background Thread 1 ] WARN  TextLevelParser      - No producer found for character: 0
12:38:07.891 [FXGL Background Thread 1 ] WARN  TextLevelParser      - No producer found for character: 0
12:38:07.891 [FXGL Background Thread 1 ] WARN  TextLevelParser      - No producer found for character: 0
12:38:07.891 [FXGL Background Thread 1 ] WARN  TextLevelParser      - No producer found for character: 0
12:38:07.891 [FXGL Background Thread 1 ] WARN  TextLevelParser      - No producer found for character: 0
12:38:07.891 [FXGL Background Thread 1 ] WARN  TextLevelParser      - No producer found for character: 0
12:38:07.891 [FXGL Background Thread 1 ] WARN  TextLevelParser      - No producer found for character: 0
12:38:07.891 [FXGL Background Thread 1 ] WARN  TextLevelParser      - No producer found for character: 0
12:38:07.892 [FXGL Background Thread 1 ] WARN  TextLevelParser      - No producer found for character: 0
12:38:07.892 [FXGL Background Thread 1 ] WARN  TextLevelParser      - No producer found for character: 0
12:38:07.892 [FXGL Background Thread 1 ] WARN  TextLevelParser      - No producer found for character: 0
12:38:07.892 [FXGL Background Thread 1 ] WARN  TextLevelParser      - No producer found for character: 0
12:38:07.892 [FXGL Background Thread 1 ] WARN  TextLevelParser      - No producer found for character: 0
12:38:07.892 [FXGL Background Thread 1 ] WARN  TextLevelParser      - No producer found for character: 0
12:38:07.893 [FXGL Background Thread 1 ] WARN  TextLevelParser      - No producer found for character: 0
12:38:07.893 [FXGL Background Thread 1 ] WARN  TextLevelParser      - No producer found for character: 0
12:38:07.893 [FXGL Background Thread 1 ] WARN  TextLevelParser      - No producer found for character: 0
12:38:07.893 [FXGL Background Thread 1 ] WARN  TextLevelParser      - No producer found for character: 0
12:38:07.893 [FXGL Background Thread 1 ] WARN  TextLevelParser      - No producer found for character: 0
12:38:07.893 [FXGL Background Thread 1 ] WARN  TextLevelParser      - No producer found for character: 0
12:38:07.893 [FXGL Background Thread 1 ] WARN  TextLevelParser      - No producer found for character: 0
12:38:07.893 [FXGL Background Thread 1 ] WARN  TextLevelParser      - No producer found for character: 0
12:38:07.894 [FXGL Background Thread 1 ] WARN  TextLevelParser      - No producer found for character: 0
12:38:07.894 [FXGL Background Thread 1 ] WARN  TextLevelParser      - No producer found for character: 0
12:38:07.894 [FXGL Background Thread 1 ] WARN  TextLevelParser      - No producer found for character: 0
12:38:07.894 [FXGL Background Thread 1 ] WARN  TextLevelParser      - No producer found for character: 0
12:38:07.894 [FXGL Background Thread 1 ] WARN  TextLevelParser      - No producer found for character: 0
12:38:07.894 [FXGL Background Thread 1 ] WARN  TextLevelParser      - No producer found for character: 0
12:38:07.894 [FXGL Background Thread 1 ] WARN  TextLevelParser      - No producer found for character: 0
12:38:07.895 [FXGL Background Thread 1 ] WARN  TextLevelParser      - No producer found for character: 0
12:38:07.895 [FXGL Background Thread 1 ] WARN  TextLevelParser      - No producer found for character: 0
12:38:07.895 [FXGL Background Thread 1 ] WARN  TextLevelParser      - No producer found for character: 0
12:38:07.895 [FXGL Background Thread 1 ] WARN  TextLevelParser      - No producer found for character: 0
12:38:07.895 [FXGL Background Thread 1 ] WARN  TextLevelParser      - No producer found for character: 0
12:38:07.895 [FXGL Background Thread 1 ] WARN  TextLevelParser      - No producer found for character: 0
12:38:07.895 [FXGL Background Thread 1 ] WARN  TextLevelParser      - No producer found for character: 0
12:38:07.895 [FXGL Background Thread 1 ] WARN  TextLevelParser      - No producer found for character: 0
12:38:07.901 [FXGL Background Thread 1 ] DEBUG AssetLoader          - Loading from disk: /assets/textures/Ball.png
12:38:07.903 [FXGL Background Thread 1 ] WARN  TextLevelParser      - No producer found for character: 0
12:38:07.903 [FXGL Background Thread 1 ] WARN  TextLevelParser      - No producer found for character: 0
12:38:07.903 [FXGL Background Thread 1 ] WARN  TextLevelParser      - No producer found for character: 0
12:38:07.904 [FXGL Background Thread 1 ] WARN  TextLevelParser      - No producer found for character: 0
12:38:07.904 [FXGL Background Thread 1 ] WARN  TextLevelParser      - No producer found for character: 0
12:38:07.904 [FXGL Background Thread 1 ] WARN  TextLevelParser      - No producer found for character: 0
12:38:07.904 [FXGL Background Thread 1 ] WARN  TextLevelParser      - No producer found for character: 0
12:38:07.904 [FXGL Background Thread 1 ] WARN  TextLevelParser      - No producer found for character: 0
12:38:07.904 [FXGL Background Thread 1 ] WARN  TextLevelParser      - No producer found for character: 0
12:38:07.904 [FXGL Background Thread 1 ] WARN  TextLevelParser      - No producer found for character: 0
12:38:07.904 [FXGL Background Thread 1 ] WARN  TextLevelParser      - No producer found for character: 0
12:38:07.905 [FXGL Background Thread 1 ] WARN  TextLevelParser      - No producer found for character: 0
12:38:07.905 [FXGL Background Thread 1 ] WARN  TextLevelParser      - No producer found for character: 0
12:38:07.905 [FXGL Background Thread 1 ] WARN  TextLevelParser      - No producer found for character: 0
12:38:07.905 [FXGL Background Thread 1 ] WARN  TextLevelParser      - No producer found for character: 0
12:38:07.905 [FXGL Background Thread 1 ] WARN  TextLevelParser      - No producer found for character: 0
12:38:07.905 [FXGL Background Thread 1 ] WARN  TextLevelParser      - No producer found for character: 0
12:38:07.905 [FXGL Background Thread 1 ] WARN  TextLevelParser      - No producer found for character: 0
12:38:07.906 [FXGL Background Thread 1 ] WARN  TextLevelParser      - No producer found for character: 0
12:38:07.906 [FXGL Background Thread 1 ] WARN  TextLevelParser      - No producer found for character: 0
12:38:07.906 [FXGL Background Thread 1 ] WARN  TextLevelParser      - No producer found for character: 0
12:38:07.906 [FXGL Background Thread 1 ] WARN  TextLevelParser      - No producer found for character: 0
12:38:07.906 [FXGL Background Thread 1 ] WARN  TextLevelParser      - No producer found for character: 0
12:38:07.906 [FXGL Background Thread 1 ] WARN  TextLevelParser      - No producer found for character: 0
12:38:07.906 [FXGL Background Thread 1 ] WARN  TextLevelParser      - No producer found for character: 0
12:38:07.906 [FXGL Background Thread 1 ] WARN  TextLevelParser      - No producer found for character: 0
12:38:07.907 [FXGL Background Thread 1 ] WARN  TextLevelParser      - No producer found for character: 0
12:38:07.907 [FXGL Background Thread 1 ] WARN  TextLevelParser      - No producer found for character: 0
12:38:07.907 [FXGL Background Thread 1 ] WARN  TextLevelParser      - No producer found for character: 0
12:38:07.907 [FXGL Background Thread 1 ] WARN  TextLevelParser      - No producer found for character: 0
12:38:07.907 [FXGL Background Thread 1 ] WARN  TextLevelParser      - No producer found for character: 0
12:38:07.907 [FXGL Background Thread 1 ] WARN  TextLevelParser      - No producer found for character: 0
12:38:07.907 [FXGL Background Thread 1 ] WARN  TextLevelParser      - No producer found for character: 0
12:38:07.907 [FXGL Background Thread 1 ] WARN  TextLevelParser      - No producer found for character: 0
12:38:07.908 [FXGL Background Thread 1 ] WARN  TextLevelParser      - No producer found for character: 0
12:38:07.908 [FXGL Background Thread 1 ] WARN  TextLevelParser      - No producer found for character: 0
12:38:07.908 [FXGL Background Thread 1 ] WARN  TextLevelParser      - No producer found for character: 0
12:38:07.908 [FXGL Background Thread 1 ] WARN  TextLevelParser      - No producer found for character: 0
12:38:07.908 [FXGL Background Thread 1 ] WARN  TextLevelParser      - No producer found for character: 0
12:38:07.908 [FXGL Background Thread 1 ] WARN  TextLevelParser      - No producer found for character: 0
12:38:07.908 [FXGL Background Thread 1 ] WARN  TextLevelParser      - No producer found for character: 0
12:38:07.908 [FXGL Background Thread 1 ] WARN  TextLevelParser      - No producer found for character: 0
12:38:07.909 [FXGL Background Thread 1 ] WARN  TextLevelParser      - No producer found for character: 0
12:38:07.909 [FXGL Background Thread 1 ] WARN  TextLevelParser      - No producer found for character: 0
12:38:07.909 [FXGL Background Thread 1 ] WARN  TextLevelParser      - No producer found for character: 0
12:38:07.909 [FXGL Background Thread 1 ] WARN  TextLevelParser      - No producer found for character: 0
12:38:07.909 [FXGL Background Thread 1 ] WARN  TextLevelParser      - No producer found for character: 0
12:38:07.909 [FXGL Background Thread 1 ] WARN  TextLevelParser      - No producer found for character: 0
12:38:07.909 [FXGL Background Thread 1 ] WARN  TextLevelParser      - No producer found for character: 0
12:38:07.909 [FXGL Background Thread 1 ] WARN  TextLevelParser      - No producer found for character: 0
12:38:07.909 [FXGL Background Thread 1 ] WARN  TextLevelParser      - No producer found for character: 0
12:38:07.911 [FXGL Background Thread 1 ] WARN  TextLevelParser      - No producer found for character: 0
12:38:07.911 [FXGL Background Thread 1 ] WARN  TextLevelParser      - No producer found for character: 0
12:38:07.911 [FXGL Background Thread 1 ] WARN  TextLevelParser      - No producer found for character: 0
12:38:07.912 [FXGL Background Thread 1 ] WARN  TextLevelParser      - No producer found for character: 0
12:38:07.912 [FXGL Background Thread 1 ] WARN  TextLevelParser      - No producer found for character: 0
12:38:07.912 [FXGL Background Thread 1 ] WARN  TextLevelParser      - No producer found for character: 0
12:38:07.912 [FXGL Background Thread 1 ] WARN  TextLevelParser      - No producer found for character: 0
12:38:07.912 [FXGL Background Thread 1 ] WARN  TextLevelParser      - No producer found for character: 0
12:38:07.912 [FXGL Background Thread 1 ] WARN  TextLevelParser      - No producer found for character: 0
12:38:07.913 [FXGL Background Thread 1 ] WARN  TextLevelParser      - No producer found for character: 0
12:38:07.913 [FXGL Background Thread 1 ] WARN  TextLevelParser      - No producer found for character: 0
12:38:07.913 [FXGL Background Thread 1 ] WARN  TextLevelParser      - No producer found for character: 0
12:38:07.913 [FXGL Background Thread 1 ] WARN  TextLevelParser      - No producer found for character: 0
12:38:07.913 [FXGL Background Thread 1 ] WARN  TextLevelParser      - No producer found for character: 0
12:38:07.913 [FXGL Background Thread 1 ] WARN  TextLevelParser      - No producer found for character: 0
12:38:07.913 [FXGL Background Thread 1 ] WARN  TextLevelParser      - No producer found for character: 0
12:38:07.913 [FXGL Background Thread 1 ] WARN  TextLevelParser      - No producer found for character: 0
12:38:07.913 [FXGL Background Thread 1 ] WARN  TextLevelParser      - No producer found for character: 0
12:38:07.914 [FXGL Background Thread 1 ] WARN  TextLevelParser      - No producer found for character: 0
12:38:07.914 [FXGL Background Thread 1 ] WARN  TextLevelParser      - No producer found for character: 0
12:38:07.914 [FXGL Background Thread 1 ] WARN  TextLevelParser      - No producer found for character: 0
12:38:07.914 [FXGL Background Thread 1 ] WARN  TextLevelParser      - No producer found for character: 0
12:38:07.914 [FXGL Background Thread 1 ] WARN  TextLevelParser      - No producer found for character: 0
12:38:07.914 [FXGL Background Thread 1 ] WARN  TextLevelParser      - No producer found for character: 0
12:38:07.914 [FXGL Background Thread 1 ] WARN  TextLevelParser      - No producer found for character: 0
12:38:07.914 [FXGL Background Thread 1 ] WARN  TextLevelParser      - No producer found for character: 0
12:38:07.915 [FXGL Background Thread 1 ] WARN  TextLevelParser      - No producer found for character: 0
12:38:07.915 [FXGL Background Thread 1 ] WARN  TextLevelParser      - No producer found for character: 0
12:38:07.915 [FXGL Background Thread 1 ] WARN  TextLevelParser      - No producer found for character: 0
12:38:07.915 [FXGL Background Thread 1 ] WARN  TextLevelParser      - No producer found for character: 0
12:38:07.915 [FXGL Background Thread 1 ] WARN  TextLevelParser      - No producer found for character: 0
12:38:07.915 [FXGL Background Thread 1 ] WARN  TextLevelParser      - No producer found for character: 0
12:38:07.915 [FXGL Background Thread 1 ] WARN  TextLevelParser      - No producer found for character: 0
12:38:07.915 [FXGL Background Thread 1 ] WARN  TextLevelParser      - No producer found for character: 0
12:38:07.915 [FXGL Background Thread 1 ] WARN  TextLevelParser      - No producer found for character: 0
12:38:07.916 [FXGL Background Thread 1 ] WARN  TextLevelParser      - No producer found for character: 0
12:38:07.916 [FXGL Background Thread 1 ] WARN  TextLevelParser      - No producer found for character: 0
12:38:07.916 [FXGL Background Thread 1 ] WARN  TextLevelParser      - No producer found for character: 0
12:38:07.916 [FXGL Background Thread 1 ] WARN  TextLevelParser      - No producer found for character: 0
12:38:07.916 [FXGL Background Thread 1 ] WARN  TextLevelParser      - No producer found for character: 0
12:38:07.916 [FXGL Background Thread 1 ] WARN  TextLevelParser      - No producer found for character: 0
12:38:07.916 [FXGL Background Thread 1 ] WARN  TextLevelParser      - No producer found for character: 0
12:38:07.916 [FXGL Background Thread 1 ] WARN  TextLevelParser      - No producer found for character: 0
12:38:07.916 [FXGL Background Thread 1 ] WARN  TextLevelParser      - No producer found for character: 0
12:38:07.917 [FXGL Background Thread 1 ] WARN  TextLevelParser      - No producer found for character: 0
12:38:07.917 [FXGL Background Thread 1 ] WARN  TextLevelParser      - No producer found for character: 0
12:38:07.917 [FXGL Background Thread 1 ] WARN  TextLevelParser      - No producer found for character: 0
12:38:07.917 [FXGL Background Thread 1 ] WARN  TextLevelParser      - No producer found for character: 0
12:38:07.917 [FXGL Background Thread 1 ] WARN  TextLevelParser      - No producer found for character: 0
12:38:07.917 [FXGL Background Thread 1 ] WARN  TextLevelParser      - No producer found for character: 0
12:38:07.917 [FXGL Background Thread 1 ] WARN  TextLevelParser      - No producer found for character: 0
12:38:07.917 [FXGL Background Thread 1 ] WARN  TextLevelParser      - No producer found for character: 0
12:38:07.918 [FXGL Background Thread 1 ] WARN  TextLevelParser      - No producer found for character: 0
12:38:07.918 [FXGL Background Thread 1 ] WARN  TextLevelParser      - No producer found for character: 0
12:38:07.918 [FXGL Background Thread 1 ] WARN  TextLevelParser      - No producer found for character: 0
12:38:07.918 [FXGL Background Thread 1 ] WARN  TextLevelParser      - No producer found for character: 0
12:38:07.918 [FXGL Background Thread 1 ] WARN  TextLevelParser      - No producer found for character: 0
12:38:07.918 [FXGL Background Thread 1 ] WARN  TextLevelParser      - No producer found for character: 0
12:38:07.918 [FXGL Background Thread 1 ] WARN  TextLevelParser      - No producer found for character: 0
12:38:07.918 [FXGL Background Thread 1 ] WARN  TextLevelParser      - No producer found for character: 0
12:38:07.918 [FXGL Background Thread 1 ] WARN  TextLevelParser      - No producer found for character: 0
12:38:07.919 [FXGL Background Thread 1 ] WARN  TextLevelParser      - No producer found for character: 0
12:38:07.919 [FXGL Background Thread 1 ] DEBUG AssetLoader          - Loading from disk: /assets/textures/bar.png
12:38:07.922 [FXGL Background Thread 1 ] WARN  TextLevelParser      - No producer found for character: 0
12:38:07.922 [FXGL Background Thread 1 ] WARN  TextLevelParser      - No producer found for character: 0
12:38:07.922 [FXGL Background Thread 1 ] WARN  TextLevelParser      - No producer found for character: 0
12:38:07.922 [FXGL Background Thread 1 ] WARN  TextLevelParser      - No producer found for character: 0
12:38:07.922 [FXGL Background Thread 1 ] WARN  TextLevelParser      - No producer found for character: 0
12:38:07.923 [FXGL Background Thread 1 ] WARN  TextLevelParser      - No producer found for character: 0
12:38:07.923 [FXGL Background Thread 1 ] WARN  TextLevelParser      - No producer found for character: 0
12:38:07.923 [FXGL Background Thread 1 ] WARN  TextLevelParser      - No producer found for character: 0
12:38:07.923 [FXGL Background Thread 1 ] WARN  TextLevelParser      - No producer found for character: 0
12:38:07.923 [FXGL Background Thread 1 ] WARN  TextLevelParser      - No producer found for character: 0
12:38:07.923 [FXGL Background Thread 1 ] WARN  TextLevelParser      - No producer found for character: 0
12:38:07.923 [FXGL Background Thread 1 ] WARN  TextLevelParser      - No producer found for character: 0
12:38:07.923 [FXGL Background Thread 1 ] WARN  TextLevelParser      - No producer found for character: 0
12:38:07.923 [FXGL Background Thread 1 ] WARN  TextLevelParser      - No producer found for character: 0
12:38:07.924 [FXGL Background Thread 1 ] WARN  TextLevelParser      - No producer found for character: 0
12:38:07.924 [FXGL Background Thread 1 ] WARN  TextLevelParser      - No producer found for character: 0
12:38:07.924 [FXGL Background Thread 1 ] WARN  TextLevelParser      - No producer found for character: 0
12:38:07.924 [FXGL Background Thread 1 ] WARN  TextLevelParser      - No producer found for character: 0
12:38:07.924 [FXGL Background Thread 1 ] WARN  TextLevelParser      - No producer found for character: 0
12:38:07.924 [FXGL Background Thread 1 ] WARN  TextLevelParser      - No producer found for character: 0
12:38:07.924 [FXGL Background Thread 1 ] WARN  TextLevelParser      - No producer found for character: 0
12:38:07.924 [FXGL Background Thread 1 ] WARN  TextLevelParser      - No producer found for character: 0
12:38:07.924 [FXGL Background Thread 1 ] WARN  TextLevelParser      - No producer found for character: 0
12:38:07.924 [FXGL Background Thread 1 ] WARN  TextLevelParser      - No producer found for character: 0
12:38:07.925 [FXGL Background Thread 1 ] WARN  TextLevelParser      - No producer found for character: 0
12:38:07.925 [FXGL Background Thread 1 ] WARN  TextLevelParser      - No producer found for character: 0
12:38:07.925 [FXGL Background Thread 1 ] WARN  TextLevelParser      - No producer found for character: 0
12:38:07.925 [FXGL Background Thread 1 ] WARN  TextLevelParser      - No producer found for character: 0
12:38:07.925 [FXGL Background Thread 1 ] DEBUG GameWorld            - Clearing removable entities
12:38:07.926 [FXGL Background Thread 1 ] DEBUG GameWorld            - Setting level: com.almasb.fxgl.entity.Level@14d4af76
12:38:07.957 [FXGL Background Thread 1 ] DEBUG GameScene            - Creating render group for layer: DEFAULT(100000)
12:38:07.961 [FXGL Background Thread 1 ] DEBUG InitAppTask          - Initializing Physics
12:38:07.961 [FXGL Background Thread 1 ] DEBUG InitAppTask          - Initializing UI
12:38:07.961 [FXGL Background Thread 1 ] DEBUG InitAppTask          - Initialization Complete
12:38:07.961 [FXGL Background Thread 1 ] INFO  InitAppTask          - Game initialization took: 0,161 sec
12:38:07.973 [JavaFX Application Thread] DEBUG Input                - Clearing active input actions
12:38:07.973 [JavaFX Application Thread] DEBUG AssetLoader          - Loading from disk: /assets/ui/css/fxgl_dark.css
12:38:07.985 [JavaFX Application Thread] DEBUG AppStateMachine      - LoadingState -> PlayState
12:38:08.697 [JavaFX Application Thread] FATAL FXGL                 - Uncaught Exception:

Fatal exception occurred: java.lang.IllegalArgumentException : Component BatComponent not found!
E: com.almasb.fxgl.entity.Entity.getComponent(Entity.java:276)
E: com.dalphs.BreakoutApp.getBatControl(BreakoutApp.java:13)
E: com.dalphs.BreakoutApp.access$000(BreakoutApp.java:10)
E: com.dalphs.BreakoutApp$2.onAction(BreakoutApp.java:52)
E: com.almasb.fxgl.input.UserAction.fireAction(UserAction.java:80)
E: com.almasb.fxgl.input.Input.update(Input.kt:148)
E: com.almasb.fxgl.app.State.update(State.java:71)
E: com.almasb.fxgl.app.AppStateMachine.onUpdate(AppStateMachine.java:100)
E: com.almasb.fxgl.app.FXGL.loop(FXGL.kt:356)
E: com.almasb.fxgl.app.FXGL.access$loop(FXGL.kt:54)
E: com.almasb.fxgl.app.FXGL$loop$1.accept(FXGL.kt:78)
E: com.almasb.fxgl.app.FXGL$loop$1.accept(FXGL.kt:54)
E: com.almasb.fxgl.app.LoopRunner.frame(LoopRunner.kt:88)
E: com.almasb.fxgl.app.LoopRunner.access$frame(LoopRunner.kt:19)
E: com.almasb.fxgl.app.LoopRunner$impl$2$1.handle(LoopRunner.kt:39)
E: javafx.graphics/javafx.animation.AnimationTimer$AnimationTimerReceiver.lambda$handle$0(AnimationTimer.java:57)
E: java.base/java.security.AccessController.doPrivileged(Native Method)
E: javafx.graphics/javafx.animation.AnimationTimer$AnimationTimerReceiver.handle(AnimationTimer.java:56)
E: javafx.graphics/com.sun.scenario.animation.AbstractMasterTimer.timePulseImpl(AbstractMasterTimer.java:357)
E: javafx.graphics/com.sun.scenario.animation.AbstractMasterTimer$MainLoop.run(AbstractMasterTimer.java:267)
E: javafx.graphics/com.sun.javafx.tk.quantum.QuantumToolkit.pulse(QuantumToolkit.java:514)
E: javafx.graphics/com.sun.javafx.tk.quantum.QuantumToolkit.pulse(QuantumToolkit.java:498)
E: javafx.graphics/com.sun.javafx.tk.quantum.QuantumToolkit.pulseFromQueue(QuantumToolkit.java:491)
E: javafx.graphics/com.sun.javafx.tk.quantum.QuantumToolkit.lambda$runToolkit$11(QuantumToolkit.java:319)
E: javafx.graphics/com.sun.glass.ui.InvokeLaterDispatcher$Future.run(InvokeLaterDispatcher.java:96)
E: javafx.graphics/com.sun.glass.ui.win.WinApplication._runLoop(Native Method)
E: javafx.graphics/com.sun.glass.ui.win.WinApplication.lambda$runLoop$3(WinApplication.java:175)
E: java.base/java.lang.Thread.run(Thread.java:844)

12:38:08.697 [JavaFX Application Thread] FATAL FXGL                 - Application will now exit
12:38:08.698 [JavaFX Application Thread] DEBUG LoopRunner           - Stopping loop
12:39:54.245 [JavaFX Application Thread] DEBUG FXGL                 - Exiting FXGL
12:39:54.245 [JavaFX Application Thread] DEBUG FXGL                 - Shutting down background threads
12:39:54.245 [JavaFX Application Thread] DEBUG FXGL                 - Saving FXGL system data
12:39:54.249 [JavaFX Application Thread] DEBUG DesktopFSService     - Writing to: system\fxgl.bundle
12:39:54.253 [JavaFX Application Thread] DEBUG FXGL                 - Closing logger and exiting JavaFX
