20:29:08.319 [JavaFX Application Thread] DEBUG GameApplication      - Logger initialized
20:29:08.337 [JavaFX Application Thread] DEBUG MainWindow           - Creating a JavaFX scene
20:29:08.454 [JavaFX Application Thread] DEBUG MainWindow           - Target settings size: 800.0 x 600.0
20:29:08.454 [JavaFX Application Thread] DEBUG MainWindow           - Scaled scene size:    800.0 x 600.0
20:29:08.455 [JavaFX Application Thread] DEBUG MainWindow           - Scaled ratio: (1.0, 1.0)
20:29:08.460 [JavaFX Application Thread] DEBUG GameApplication      - Starting FXGL
20:29:08.479 [FXGL Launcher Thread     ] INFO  FXGL                 - FXGL-0.5.0 on DESKTOP
20:29:08.480 [FXGL Launcher Thread     ] INFO  FXGL                 - Source code and latest versions at: https://github.com/AlmasB/FXGL
20:29:08.480 [FXGL Launcher Thread     ] INFO  FXGL                 -              Join the FXGL chat at: https://gitter.im/AlmasB/FXGL
20:29:08.485 [FXGL Launcher Thread     ] DEBUG FXGL                 - Loading FXGL system data
20:29:08.495 [FXGL Launcher Thread     ] DEBUG FS                   - Reading from: system\fxgl.bundle
20:29:08.505 [FXGL Launcher Thread     ] DEBUG Bundle               - Logging bundle: FXGL
20:29:08.506 [FXGL Launcher Thread     ] DEBUG Bundle               - FXGL.offline.timer.version.check=2019-01-24T08:55:57.713219300
20:29:08.534 [FXGL Launcher Thread     ] DEBUG GameApplication      - FXGL started
20:29:08.534 [FXGL Launcher Thread     ] DEBUG GameApplication      - Logging game settings
Title: Breakout
Version: 0.1
Width: 800
Height: 600
Fullscreen: false
Intro: false
Menus: false
Profiling: false
Single step:false
App Mode: DEVELOPER
Menu Key: ESCAPE
Stage Style: DECORATED
Scene Factory: class com.almasb.fxgl.scene.SceneFactory
Dialog Factory: class com.almasb.fxgl.ui.FXGLDialogFactory
UI Factory: class com.almasb.fxgl.ui.FXGLUIFactory
Notification Service: class com.almasb.fxgl.gameplay.notification.XboxNotificationView
Exception Handler: class com.almasb.fxgl.app.FXGLExceptionHandler
20:29:08.535 [FXGL Launcher Thread     ] DEBUG GameApplication      - Configuring GameApplication
20:29:08.535 [FXGL Launcher Thread     ] DEBUG GameApplication      - Initializing state machine and application states
20:29:08.551 [FXGL Launcher Thread     ] DEBUG AssetLoader          - Loading from disk: /assets/ui/cursors/fxgl_default.png
20:29:08.566 [FXGL Launcher Thread     ] DEBUG AssetLoader          - Loading from disk: /assets/ui/cursors/fxgl_default.png
20:29:08.586 [FXGL Launcher Thread     ] DEBUG FXGLAssets           - Loading FXGLAssets
20:29:08.616 [FXGL Launcher Thread     ] DEBUG AssetLoader          - Loading from disk: /assets/ui/fonts/VarelaRound-Regular.ttf
20:29:08.805 [FXGL Launcher Thread     ] DEBUG AssetLoader          - Loading from disk: /assets/ui/fonts/lucida_console.ttf
20:29:08.809 [FXGL Launcher Thread     ] DEBUG AssetLoader          - Loading from disk: /assets/ui/css/fxgl_dark.css
20:29:08.809 [FXGL Launcher Thread     ] DEBUG AssetLoader          - Loading from disk: /assets/ui/icons/fxgl_icon.png
20:29:08.848 [FXGL Launcher Thread     ] DEBUG AssetLoader          - Loading from disk: /assets/ui/cursors/fxgl_default.png
20:29:08.857 [FXGL Launcher Thread     ] DEBUG AssetLoader          - Loading from disk: /assets/ui/cursors/fxgl_default.png
20:29:08.884 [FXGL Launcher Thread     ] DEBUG GameScene            - Game scene initialized: 800x600
20:29:08.894 [FXGL Launcher Thread     ] DEBUG GameWorld            - Game world initialized
20:29:09.006 [FXGL Launcher Thread     ] DEBUG PhysicsWorld         - Physics world initialized: appHeight=600, physics.ppm=50,0
20:29:09.043 [FXGL Launcher Thread     ] DEBUG Input                - Registered new binding: Pause - Esc
20:29:09.076 [FXGL Launcher Thread     ] DEBUG Input                - Clearing active input actions
20:29:09.117 [FXGL Launcher Thread     ] DEBUG AppStateMachine      - StartupState -> StartupState
20:29:09.126 [FXGL Launcher Thread     ] INFO  GameApplication      - Game configuration took:  0,590 sec
20:29:09.130 [JavaFX Application Thread] DEBUG MainWindow           - Opening main window
20:29:09.223 [JavaFX Application Thread] DEBUG MainWindow           - Window border size: (14.4000244140625, 37.5999755859375)
20:29:09.223 [JavaFX Application Thread] DEBUG MainWindow           - Scaled size: 800.0 x 600.0
20:29:09.224 [JavaFX Application Thread] DEBUG MainWindow           - Scaled ratio: (1.0, 1.0)
20:29:09.224 [JavaFX Application Thread] DEBUG MainWindow           - Scene size: 800.0 x 600.0
20:29:09.224 [JavaFX Application Thread] DEBUG MainWindow           - Stage size: 814.4000244140625 x 637.5999755859375
20:29:09.224 [JavaFX Application Thread] DEBUG GameApplication      - Running preInit()
20:29:09.226 [JavaFX Application Thread] DEBUG Input                - Registered new binding: Screenshot - P
20:29:09.227 [JavaFX Application Thread] DEBUG Input                - Registered new binding: Dev Options - CTRL+0
20:29:09.227 [JavaFX Application Thread] DEBUG Input                - Registered new binding: System info dump - CTRL+9
20:29:09.228 [JavaFX Application Thread] DEBUG Input                - Registered new binding: Restart - CTRL+R
20:29:09.228 [JavaFX Application Thread] DEBUG Input                - Registered new binding: Move Left - A
20:29:09.228 [JavaFX Application Thread] DEBUG Input                - Registered new binding: Move Right - D
20:29:09.246 [JavaFX Application Thread] DEBUG GameApplication      - Starting main loop
20:29:09.248 [JavaFX Application Thread] DEBUG StartupState         - STARTUP
20:29:09.249 [JavaFX Application Thread] DEBUG GameApplication      - Starting new game
20:29:09.249 [JavaFX Application Thread] DEBUG Input                - Clearing active input actions
20:29:09.259 [JavaFX Application Thread] DEBUG AppStateMachine      - StartupState -> LoadingState
20:29:09.262 [FXGL Background Thread 1 ] DEBUG InitAppTask          - Clearing previous game
20:29:09.262 [FXGL Background Thread 1 ] DEBUG GameWorld            - Clearing game world
20:29:09.262 [FXGL Background Thread 1 ] DEBUG PhysicsWorld         - Clearing physics world
20:29:09.262 [FXGL Background Thread 1 ] DEBUG GameScene            - Clearing game scene
20:29:09.263 [FXGL Background Thread 1 ] DEBUG InitAppTask          - Initializing Game
20:29:09.304 [FXGL Background Thread 1 ] DEBUG AssetLoader          - Loading from disk: /assets/text/levels/bricksballbar.txt
20:29:09.306 [FXGL Background Thread 1 ] WARN  FXGL.TextLevelParser - No producer found for character: 0
20:29:09.306 [FXGL Background Thread 1 ] WARN  FXGL.TextLevelParser - No producer found for character: 0
20:29:09.306 [FXGL Background Thread 1 ] WARN  FXGL.TextLevelParser - No producer found for character: 0
20:29:09.307 [FXGL Background Thread 1 ] WARN  FXGL.TextLevelParser - No producer found for character: 0
20:29:09.307 [FXGL Background Thread 1 ] WARN  FXGL.TextLevelParser - No producer found for character: 0
20:29:09.307 [FXGL Background Thread 1 ] WARN  FXGL.TextLevelParser - No producer found for character: 0
20:29:09.307 [FXGL Background Thread 1 ] WARN  FXGL.TextLevelParser - No producer found for character: 0
20:29:09.307 [FXGL Background Thread 1 ] WARN  FXGL.TextLevelParser - No producer found for character: 0
20:29:09.307 [FXGL Background Thread 1 ] WARN  FXGL.TextLevelParser - No producer found for character: 0
20:29:09.307 [FXGL Background Thread 1 ] WARN  FXGL.TextLevelParser - No producer found for character: 0
20:29:09.308 [FXGL Background Thread 1 ] WARN  FXGL.TextLevelParser - No producer found for character: 0
20:29:09.308 [FXGL Background Thread 1 ] WARN  FXGL.TextLevelParser - No producer found for character: 0
20:29:09.308 [FXGL Background Thread 1 ] WARN  FXGL.TextLevelParser - No producer found for character: 0
20:29:09.308 [FXGL Background Thread 1 ] WARN  FXGL.TextLevelParser - No producer found for character: 0
20:29:09.308 [FXGL Background Thread 1 ] WARN  FXGL.TextLevelParser - No producer found for character: 0
20:29:09.308 [FXGL Background Thread 1 ] WARN  FXGL.TextLevelParser - No producer found for character: 0
20:29:09.308 [FXGL Background Thread 1 ] WARN  FXGL.TextLevelParser - No producer found for character: 0
20:29:09.309 [FXGL Background Thread 1 ] WARN  FXGL.TextLevelParser - No producer found for character: 0
20:29:09.309 [FXGL Background Thread 1 ] WARN  FXGL.TextLevelParser - No producer found for character: 0
20:29:09.341 [FXGL Background Thread 1 ] DEBUG AssetLoader          - Loading from disk: /assets/textures/brick1.png
20:29:09.355 [FXGL Background Thread 1 ] WARN  FXGL.TextLevelParser - No producer found for character: 0
20:29:09.356 [FXGL Background Thread 1 ] DEBUG AssetLoader          - Loading from cache: /assets/textures/brick1.png
20:29:09.357 [FXGL Background Thread 1 ] WARN  FXGL.TextLevelParser - No producer found for character: 0
20:29:09.358 [FXGL Background Thread 1 ] DEBUG AssetLoader          - Loading from cache: /assets/textures/brick1.png
20:29:09.359 [FXGL Background Thread 1 ] WARN  FXGL.TextLevelParser - No producer found for character: 0
20:29:09.360 [FXGL Background Thread 1 ] DEBUG AssetLoader          - Loading from cache: /assets/textures/brick1.png
20:29:09.360 [FXGL Background Thread 1 ] WARN  FXGL.TextLevelParser - No producer found for character: 0
20:29:09.361 [FXGL Background Thread 1 ] DEBUG AssetLoader          - Loading from cache: /assets/textures/brick1.png
20:29:09.361 [FXGL Background Thread 1 ] WARN  FXGL.TextLevelParser - No producer found for character: 0
20:29:09.362 [FXGL Background Thread 1 ] DEBUG AssetLoader          - Loading from cache: /assets/textures/brick1.png
20:29:09.363 [FXGL Background Thread 1 ] WARN  FXGL.TextLevelParser - No producer found for character: 0
20:29:09.364 [FXGL Background Thread 1 ] DEBUG AssetLoader          - Loading from cache: /assets/textures/brick1.png
20:29:09.365 [FXGL Background Thread 1 ] WARN  FXGL.TextLevelParser - No producer found for character: 0
20:29:09.366 [FXGL Background Thread 1 ] DEBUG AssetLoader          - Loading from cache: /assets/textures/brick1.png
20:29:09.367 [FXGL Background Thread 1 ] WARN  FXGL.TextLevelParser - No producer found for character: 0
20:29:09.368 [FXGL Background Thread 1 ] DEBUG AssetLoader          - Loading from cache: /assets/textures/brick1.png
20:29:09.369 [FXGL Background Thread 1 ] WARN  FXGL.TextLevelParser - No producer found for character: 0
20:29:09.370 [FXGL Background Thread 1 ] DEBUG AssetLoader          - Loading from cache: /assets/textures/brick1.png
20:29:09.371 [FXGL Background Thread 1 ] WARN  FXGL.TextLevelParser - No producer found for character: 0
20:29:09.371 [FXGL Background Thread 1 ] WARN  FXGL.TextLevelParser - No producer found for character: 0
20:29:09.371 [FXGL Background Thread 1 ] WARN  FXGL.TextLevelParser - No producer found for character: 0
20:29:09.371 [FXGL Background Thread 1 ] WARN  FXGL.TextLevelParser - No producer found for character: 0
20:29:09.371 [FXGL Background Thread 1 ] WARN  FXGL.TextLevelParser - No producer found for character: 0
20:29:09.371 [FXGL Background Thread 1 ] WARN  FXGL.TextLevelParser - No producer found for character: 0
20:29:09.371 [FXGL Background Thread 1 ] WARN  FXGL.TextLevelParser - No producer found for character: 0
20:29:09.372 [FXGL Background Thread 1 ] WARN  FXGL.TextLevelParser - No producer found for character: 0
20:29:09.372 [FXGL Background Thread 1 ] WARN  FXGL.TextLevelParser - No producer found for character: 0
20:29:09.372 [FXGL Background Thread 1 ] WARN  FXGL.TextLevelParser - No producer found for character: 0
20:29:09.372 [FXGL Background Thread 1 ] WARN  FXGL.TextLevelParser - No producer found for character: 0
20:29:09.372 [FXGL Background Thread 1 ] WARN  FXGL.TextLevelParser - No producer found for character: 0
20:29:09.372 [FXGL Background Thread 1 ] WARN  FXGL.TextLevelParser - No producer found for character: 0
20:29:09.372 [FXGL Background Thread 1 ] WARN  FXGL.TextLevelParser - No producer found for character: 0
20:29:09.372 [FXGL Background Thread 1 ] WARN  FXGL.TextLevelParser - No producer found for character: 0
20:29:09.372 [FXGL Background Thread 1 ] WARN  FXGL.TextLevelParser - No producer found for character: 0
20:29:09.372 [FXGL Background Thread 1 ] WARN  FXGL.TextLevelParser - No producer found for character: 0
20:29:09.372 [FXGL Background Thread 1 ] WARN  FXGL.TextLevelParser - No producer found for character: 0
20:29:09.373 [FXGL Background Thread 1 ] WARN  FXGL.TextLevelParser - No producer found for character: 0
20:29:09.373 [FXGL Background Thread 1 ] WARN  FXGL.TextLevelParser - No producer found for character: 0
20:29:09.373 [FXGL Background Thread 1 ] WARN  FXGL.TextLevelParser - No producer found for character: 0
20:29:09.373 [FXGL Background Thread 1 ] WARN  FXGL.TextLevelParser - No producer found for character: 0
20:29:09.373 [FXGL Background Thread 1 ] WARN  FXGL.TextLevelParser - No producer found for character: 0
20:29:09.373 [FXGL Background Thread 1 ] WARN  FXGL.TextLevelParser - No producer found for character: 0
20:29:09.373 [FXGL Background Thread 1 ] WARN  FXGL.TextLevelParser - No producer found for character: 0
20:29:09.373 [FXGL Background Thread 1 ] WARN  FXGL.TextLevelParser - No producer found for character: 0
20:29:09.374 [FXGL Background Thread 1 ] WARN  FXGL.TextLevelParser - No producer found for character: 0
20:29:09.374 [FXGL Background Thread 1 ] WARN  FXGL.TextLevelParser - No producer found for character: 0
20:29:09.374 [FXGL Background Thread 1 ] WARN  FXGL.TextLevelParser - No producer found for character: 0
20:29:09.374 [FXGL Background Thread 1 ] WARN  FXGL.TextLevelParser - No producer found for character: 0
20:29:09.374 [FXGL Background Thread 1 ] WARN  FXGL.TextLevelParser - No producer found for character: 0
20:29:09.374 [FXGL Background Thread 1 ] WARN  FXGL.TextLevelParser - No producer found for character: 0
20:29:09.375 [FXGL Background Thread 1 ] WARN  FXGL.TextLevelParser - No producer found for character: 0
20:29:09.375 [FXGL Background Thread 1 ] WARN  FXGL.TextLevelParser - No producer found for character: 0
20:29:09.375 [FXGL Background Thread 1 ] WARN  FXGL.TextLevelParser - No producer found for character: 0
20:29:09.375 [FXGL Background Thread 1 ] WARN  FXGL.TextLevelParser - No producer found for character: 0
20:29:09.375 [FXGL Background Thread 1 ] WARN  FXGL.TextLevelParser - No producer found for character: 0
20:29:09.375 [FXGL Background Thread 1 ] WARN  FXGL.TextLevelParser - No producer found for character: 0
20:29:09.376 [FXGL Background Thread 1 ] WARN  FXGL.TextLevelParser - No producer found for character: 0
20:29:09.376 [FXGL Background Thread 1 ] WARN  FXGL.TextLevelParser - No producer found for character: 0
20:29:09.376 [FXGL Background Thread 1 ] WARN  FXGL.TextLevelParser - No producer found for character: 0
20:29:09.376 [FXGL Background Thread 1 ] WARN  FXGL.TextLevelParser - No producer found for character: 0
20:29:09.376 [FXGL Background Thread 1 ] WARN  FXGL.TextLevelParser - No producer found for character: 0
20:29:09.376 [FXGL Background Thread 1 ] WARN  FXGL.TextLevelParser - No producer found for character: 0
20:29:09.376 [FXGL Background Thread 1 ] WARN  FXGL.TextLevelParser - No producer found for character: 0
20:29:09.377 [FXGL Background Thread 1 ] WARN  FXGL.TextLevelParser - No producer found for character: 0
20:29:09.377 [FXGL Background Thread 1 ] WARN  FXGL.TextLevelParser - No producer found for character: 0
20:29:09.377 [FXGL Background Thread 1 ] WARN  FXGL.TextLevelParser - No producer found for character: 0
20:29:09.377 [FXGL Background Thread 1 ] WARN  FXGL.TextLevelParser - No producer found for character: 0
20:29:09.377 [FXGL Background Thread 1 ] WARN  FXGL.TextLevelParser - No producer found for character: 0
20:29:09.377 [FXGL Background Thread 1 ] WARN  FXGL.TextLevelParser - No producer found for character: 0
20:29:09.377 [FXGL Background Thread 1 ] WARN  FXGL.TextLevelParser - No producer found for character: 0
20:29:09.377 [FXGL Background Thread 1 ] WARN  FXGL.TextLevelParser - No producer found for character: 0
20:29:09.378 [FXGL Background Thread 1 ] WARN  FXGL.TextLevelParser - No producer found for character: 0
20:29:09.378 [FXGL Background Thread 1 ] WARN  FXGL.TextLevelParser - No producer found for character: 0
20:29:09.378 [FXGL Background Thread 1 ] WARN  FXGL.TextLevelParser - No producer found for character: 0
20:29:09.378 [FXGL Background Thread 1 ] WARN  FXGL.TextLevelParser - No producer found for character: 0
20:29:09.378 [FXGL Background Thread 1 ] WARN  FXGL.TextLevelParser - No producer found for character: 0
20:29:09.378 [FXGL Background Thread 1 ] WARN  FXGL.TextLevelParser - No producer found for character: 0
20:29:09.378 [FXGL Background Thread 1 ] WARN  FXGL.TextLevelParser - No producer found for character: 0
20:29:09.379 [FXGL Background Thread 1 ] WARN  FXGL.TextLevelParser - No producer found for character: 0
20:29:09.379 [FXGL Background Thread 1 ] WARN  FXGL.TextLevelParser - No producer found for character: 0
20:29:09.379 [FXGL Background Thread 1 ] WARN  FXGL.TextLevelParser - No producer found for character: 0
20:29:09.379 [FXGL Background Thread 1 ] WARN  FXGL.TextLevelParser - No producer found for character: 0
20:29:09.379 [FXGL Background Thread 1 ] WARN  FXGL.TextLevelParser - No producer found for character: 0
20:29:09.379 [FXGL Background Thread 1 ] WARN  FXGL.TextLevelParser - No producer found for character: 0
20:29:09.379 [FXGL Background Thread 1 ] WARN  FXGL.TextLevelParser - No producer found for character: 0
20:29:09.379 [FXGL Background Thread 1 ] WARN  FXGL.TextLevelParser - No producer found for character: 0
20:29:09.380 [FXGL Background Thread 1 ] WARN  FXGL.TextLevelParser - No producer found for character: 0
20:29:09.380 [FXGL Background Thread 1 ] WARN  FXGL.TextLevelParser - No producer found for character: 0
20:29:09.380 [FXGL Background Thread 1 ] WARN  FXGL.TextLevelParser - No producer found for character: 0
20:29:09.380 [FXGL Background Thread 1 ] WARN  FXGL.TextLevelParser - No producer found for character: 0
20:29:09.380 [FXGL Background Thread 1 ] WARN  FXGL.TextLevelParser - No producer found for character: 0
20:29:09.380 [FXGL Background Thread 1 ] WARN  FXGL.TextLevelParser - No producer found for character: 0
20:29:09.380 [FXGL Background Thread 1 ] WARN  FXGL.TextLevelParser - No producer found for character: 0
20:29:09.380 [FXGL Background Thread 1 ] WARN  FXGL.TextLevelParser - No producer found for character: 0
20:29:09.380 [FXGL Background Thread 1 ] WARN  FXGL.TextLevelParser - No producer found for character: 0
20:29:09.380 [FXGL Background Thread 1 ] WARN  FXGL.TextLevelParser - No producer found for character: 0
20:29:09.381 [FXGL Background Thread 1 ] WARN  FXGL.TextLevelParser - No producer found for character: 0
20:29:09.381 [FXGL Background Thread 1 ] WARN  FXGL.TextLevelParser - No producer found for character: 0
20:29:09.381 [FXGL Background Thread 1 ] WARN  FXGL.TextLevelParser - No producer found for character: 0
20:29:09.381 [FXGL Background Thread 1 ] WARN  FXGL.TextLevelParser - No producer found for character: 0
20:29:09.382 [FXGL Background Thread 1 ] WARN  FXGL.TextLevelParser - No producer found for character: 0
20:29:09.382 [FXGL Background Thread 1 ] WARN  FXGL.TextLevelParser - No producer found for character: 0
20:29:09.382 [FXGL Background Thread 1 ] WARN  FXGL.TextLevelParser - No producer found for character: 0
20:29:09.390 [FXGL Background Thread 1 ] WARN  FXGL.TextLevelParser - No producer found for character: 0
20:29:09.390 [FXGL Background Thread 1 ] WARN  FXGL.TextLevelParser - No producer found for character: 0
20:29:09.390 [FXGL Background Thread 1 ] WARN  FXGL.TextLevelParser - No producer found for character: 0
20:29:09.390 [FXGL Background Thread 1 ] WARN  FXGL.TextLevelParser - No producer found for character: 0
20:29:09.390 [FXGL Background Thread 1 ] WARN  FXGL.TextLevelParser - No producer found for character: 0
20:29:09.391 [FXGL Background Thread 1 ] DEBUG AssetLoader          - Loading from cache: /assets/textures/brick1.png
20:29:09.392 [FXGL Background Thread 1 ] WARN  FXGL.TextLevelParser - No producer found for character: 0
20:29:09.392 [FXGL Background Thread 1 ] WARN  FXGL.TextLevelParser - No producer found for character: 0
20:29:09.392 [FXGL Background Thread 1 ] WARN  FXGL.TextLevelParser - No producer found for character: 0
20:29:09.392 [FXGL Background Thread 1 ] WARN  FXGL.TextLevelParser - No producer found for character: 0
20:29:09.392 [FXGL Background Thread 1 ] WARN  FXGL.TextLevelParser - No producer found for character: 0
20:29:09.393 [FXGL Background Thread 1 ] WARN  FXGL.TextLevelParser - No producer found for character: 0
20:29:09.393 [FXGL Background Thread 1 ] WARN  FXGL.TextLevelParser - No producer found for character: 0
20:29:09.393 [FXGL Background Thread 1 ] WARN  FXGL.TextLevelParser - No producer found for character: 0
20:29:09.393 [FXGL Background Thread 1 ] WARN  FXGL.TextLevelParser - No producer found for character: 0
20:29:09.393 [FXGL Background Thread 1 ] WARN  FXGL.TextLevelParser - No producer found for character: 0
20:29:09.393 [FXGL Background Thread 1 ] WARN  FXGL.TextLevelParser - No producer found for character: 0
20:29:09.393 [FXGL Background Thread 1 ] WARN  FXGL.TextLevelParser - No producer found for character: 0
20:29:09.394 [FXGL Background Thread 1 ] WARN  FXGL.TextLevelParser - No producer found for character: 0
20:29:09.394 [FXGL Background Thread 1 ] WARN  FXGL.TextLevelParser - No producer found for character: 0
20:29:09.394 [FXGL Background Thread 1 ] WARN  FXGL.TextLevelParser - No producer found for character: 0
20:29:09.394 [FXGL Background Thread 1 ] WARN  FXGL.TextLevelParser - No producer found for character: 0
20:29:09.394 [FXGL Background Thread 1 ] WARN  FXGL.TextLevelParser - No producer found for character: 0
20:29:09.394 [FXGL Background Thread 1 ] WARN  FXGL.TextLevelParser - No producer found for character: 0
20:29:09.394 [FXGL Background Thread 1 ] WARN  FXGL.TextLevelParser - No producer found for character: 0
20:29:09.394 [FXGL Background Thread 1 ] WARN  FXGL.TextLevelParser - No producer found for character: 0
20:29:09.395 [FXGL Background Thread 1 ] WARN  FXGL.TextLevelParser - No producer found for character: 0
20:29:09.395 [FXGL Background Thread 1 ] WARN  FXGL.TextLevelParser - No producer found for character: 0
20:29:09.395 [FXGL Background Thread 1 ] WARN  FXGL.TextLevelParser - No producer found for character: 0
20:29:09.395 [FXGL Background Thread 1 ] WARN  FXGL.TextLevelParser - No producer found for character: 0
20:29:09.395 [FXGL Background Thread 1 ] WARN  FXGL.TextLevelParser - No producer found for character: 0
20:29:09.395 [FXGL Background Thread 1 ] WARN  FXGL.TextLevelParser - No producer found for character: 0
20:29:09.395 [FXGL Background Thread 1 ] WARN  FXGL.TextLevelParser - No producer found for character: 0
20:29:09.395 [FXGL Background Thread 1 ] WARN  FXGL.TextLevelParser - No producer found for character: 0
20:29:09.396 [FXGL Background Thread 1 ] WARN  FXGL.TextLevelParser - No producer found for character: 0
20:29:09.396 [FXGL Background Thread 1 ] WARN  FXGL.TextLevelParser - No producer found for character: 0
20:29:09.396 [FXGL Background Thread 1 ] WARN  FXGL.TextLevelParser - No producer found for character: 0
20:29:09.396 [FXGL Background Thread 1 ] WARN  FXGL.TextLevelParser - No producer found for character: 0
20:29:09.396 [FXGL Background Thread 1 ] WARN  FXGL.TextLevelParser - No producer found for character: 0
20:29:09.396 [FXGL Background Thread 1 ] WARN  FXGL.TextLevelParser - No producer found for character: 0
20:29:09.396 [FXGL Background Thread 1 ] WARN  FXGL.TextLevelParser - No producer found for character: 0
20:29:09.396 [FXGL Background Thread 1 ] WARN  FXGL.TextLevelParser - No producer found for character: 0
20:29:09.397 [FXGL Background Thread 1 ] WARN  FXGL.TextLevelParser - No producer found for character: 0
20:29:09.397 [FXGL Background Thread 1 ] WARN  FXGL.TextLevelParser - No producer found for character: 0
20:29:09.397 [FXGL Background Thread 1 ] WARN  FXGL.TextLevelParser - No producer found for character: 0
20:29:09.397 [FXGL Background Thread 1 ] WARN  FXGL.TextLevelParser - No producer found for character: 0
20:29:09.397 [FXGL Background Thread 1 ] WARN  FXGL.TextLevelParser - No producer found for character: 0
20:29:09.397 [FXGL Background Thread 1 ] WARN  FXGL.TextLevelParser - No producer found for character: 0
20:29:09.397 [FXGL Background Thread 1 ] WARN  FXGL.TextLevelParser - No producer found for character: 0
20:29:09.397 [FXGL Background Thread 1 ] WARN  FXGL.TextLevelParser - No producer found for character: 0
20:29:09.397 [FXGL Background Thread 1 ] WARN  FXGL.TextLevelParser - No producer found for character: 0
20:29:09.398 [FXGL Background Thread 1 ] WARN  FXGL.TextLevelParser - No producer found for character: 0
20:29:09.398 [FXGL Background Thread 1 ] WARN  FXGL.TextLevelParser - No producer found for character: 0
20:29:09.398 [FXGL Background Thread 1 ] WARN  FXGL.TextLevelParser - No producer found for character: 0
20:29:09.398 [FXGL Background Thread 1 ] WARN  FXGL.TextLevelParser - No producer found for character: 0
20:29:09.398 [FXGL Background Thread 1 ] WARN  FXGL.TextLevelParser - No producer found for character: 0
20:29:09.398 [FXGL Background Thread 1 ] WARN  FXGL.TextLevelParser - No producer found for character: 0
20:29:09.398 [FXGL Background Thread 1 ] WARN  FXGL.TextLevelParser - No producer found for character: 0
20:29:09.398 [FXGL Background Thread 1 ] WARN  FXGL.TextLevelParser - No producer found for character: 0
20:29:09.398 [FXGL Background Thread 1 ] WARN  FXGL.TextLevelParser - No producer found for character: 0
20:29:09.398 [FXGL Background Thread 1 ] WARN  FXGL.TextLevelParser - No producer found for character: 0
20:29:09.399 [FXGL Background Thread 1 ] WARN  FXGL.TextLevelParser - No producer found for character: 0
20:29:09.399 [FXGL Background Thread 1 ] WARN  FXGL.TextLevelParser - No producer found for character: 0
20:29:09.399 [FXGL Background Thread 1 ] WARN  FXGL.TextLevelParser - No producer found for character: 0
20:29:09.399 [FXGL Background Thread 1 ] WARN  FXGL.TextLevelParser - No producer found for character: 0
20:29:09.399 [FXGL Background Thread 1 ] WARN  FXGL.TextLevelParser - No producer found for character: 0
20:29:09.399 [FXGL Background Thread 1 ] WARN  FXGL.TextLevelParser - No producer found for character: 0
20:29:09.399 [FXGL Background Thread 1 ] WARN  FXGL.TextLevelParser - No producer found for character: 0
20:29:09.399 [FXGL Background Thread 1 ] WARN  FXGL.TextLevelParser - No producer found for character: 0
20:29:09.399 [FXGL Background Thread 1 ] WARN  FXGL.TextLevelParser - No producer found for character: 0
20:29:09.399 [FXGL Background Thread 1 ] WARN  FXGL.TextLevelParser - No producer found for character: 0
20:29:09.400 [FXGL Background Thread 1 ] WARN  FXGL.TextLevelParser - No producer found for character: 0
20:29:09.400 [FXGL Background Thread 1 ] WARN  FXGL.TextLevelParser - No producer found for character: 0
20:29:09.400 [FXGL Background Thread 1 ] WARN  FXGL.TextLevelParser - No producer found for character: 0
20:29:09.400 [FXGL Background Thread 1 ] WARN  FXGL.TextLevelParser - No producer found for character: 0
20:29:09.400 [FXGL Background Thread 1 ] WARN  FXGL.TextLevelParser - No producer found for character: 0
20:29:09.400 [FXGL Background Thread 1 ] WARN  FXGL.TextLevelParser - No producer found for character: 0
20:29:09.400 [FXGL Background Thread 1 ] WARN  FXGL.TextLevelParser - No producer found for character: 0
20:29:09.400 [FXGL Background Thread 1 ] WARN  FXGL.TextLevelParser - No producer found for character: 0
20:29:09.400 [FXGL Background Thread 1 ] WARN  FXGL.TextLevelParser - No producer found for character: 0
20:29:09.401 [FXGL Background Thread 1 ] WARN  FXGL.TextLevelParser - No producer found for character: 0
20:29:09.401 [FXGL Background Thread 1 ] WARN  FXGL.TextLevelParser - No producer found for character: 0
20:29:09.401 [FXGL Background Thread 1 ] WARN  FXGL.TextLevelParser - No producer found for character: 0
20:29:09.401 [FXGL Background Thread 1 ] WARN  FXGL.TextLevelParser - No producer found for character: 0
20:29:09.401 [FXGL Background Thread 1 ] WARN  FXGL.TextLevelParser - No producer found for character: 0
20:29:09.401 [FXGL Background Thread 1 ] WARN  FXGL.TextLevelParser - No producer found for character: 0
20:29:09.401 [FXGL Background Thread 1 ] WARN  FXGL.TextLevelParser - No producer found for character: 0
20:29:09.402 [FXGL Background Thread 1 ] WARN  FXGL.TextLevelParser - No producer found for character: 0
20:29:09.402 [FXGL Background Thread 1 ] WARN  FXGL.TextLevelParser - No producer found for character: 0
20:29:09.402 [FXGL Background Thread 1 ] WARN  FXGL.TextLevelParser - No producer found for character: 0
20:29:09.402 [FXGL Background Thread 1 ] WARN  FXGL.TextLevelParser - No producer found for character: 0
20:29:09.402 [FXGL Background Thread 1 ] WARN  FXGL.TextLevelParser - No producer found for character: 0
20:29:09.403 [FXGL Background Thread 1 ] WARN  FXGL.TextLevelParser - No producer found for character: 0
20:29:09.403 [FXGL Background Thread 1 ] WARN  FXGL.TextLevelParser - No producer found for character: 0
20:29:09.403 [FXGL Background Thread 1 ] WARN  FXGL.TextLevelParser - No producer found for character: 0
20:29:09.403 [FXGL Background Thread 1 ] WARN  FXGL.TextLevelParser - No producer found for character: 0
20:29:09.403 [FXGL Background Thread 1 ] WARN  FXGL.TextLevelParser - No producer found for character: 0
20:29:09.403 [FXGL Background Thread 1 ] WARN  FXGL.TextLevelParser - No producer found for character: 0
20:29:09.403 [FXGL Background Thread 1 ] WARN  FXGL.TextLevelParser - No producer found for character: 0
20:29:09.403 [FXGL Background Thread 1 ] WARN  FXGL.TextLevelParser - No producer found for character: 0
20:29:09.404 [FXGL Background Thread 1 ] WARN  FXGL.TextLevelParser - No producer found for character: 0
20:29:09.404 [FXGL Background Thread 1 ] WARN  FXGL.TextLevelParser - No producer found for character: 0
20:29:09.404 [FXGL Background Thread 1 ] WARN  FXGL.TextLevelParser - No producer found for character: 0
20:29:09.404 [FXGL Background Thread 1 ] WARN  FXGL.TextLevelParser - No producer found for character: 0
20:29:09.404 [FXGL Background Thread 1 ] WARN  FXGL.TextLevelParser - No producer found for character: 0
20:29:09.404 [FXGL Background Thread 1 ] WARN  FXGL.TextLevelParser - No producer found for character: 0
20:29:09.404 [FXGL Background Thread 1 ] WARN  FXGL.TextLevelParser - No producer found for character: 0
20:29:09.404 [FXGL Background Thread 1 ] WARN  FXGL.TextLevelParser - No producer found for character: 0
20:29:09.404 [FXGL Background Thread 1 ] WARN  FXGL.TextLevelParser - No producer found for character: 0
20:29:09.405 [FXGL Background Thread 1 ] WARN  FXGL.TextLevelParser - No producer found for character: 0
20:29:09.405 [FXGL Background Thread 1 ] WARN  FXGL.TextLevelParser - No producer found for character: 0
20:29:09.405 [FXGL Background Thread 1 ] WARN  FXGL.TextLevelParser - No producer found for character: 0
20:29:09.405 [FXGL Background Thread 1 ] WARN  FXGL.TextLevelParser - No producer found for character: 0
20:29:09.406 [FXGL Background Thread 1 ] DEBUG AssetLoader          - Loading from disk: /assets/textures/bar.png
20:29:09.408 [FXGL Background Thread 1 ] WARN  FXGL.TextLevelParser - No producer found for character: 0
20:29:09.408 [FXGL Background Thread 1 ] WARN  FXGL.TextLevelParser - No producer found for character: 0
20:29:09.408 [FXGL Background Thread 1 ] WARN  FXGL.TextLevelParser - No producer found for character: 0
20:29:09.408 [FXGL Background Thread 1 ] WARN  FXGL.TextLevelParser - No producer found for character: 0
20:29:09.408 [FXGL Background Thread 1 ] WARN  FXGL.TextLevelParser - No producer found for character: 0
20:29:09.408 [FXGL Background Thread 1 ] WARN  FXGL.TextLevelParser - No producer found for character: 0
20:29:09.408 [FXGL Background Thread 1 ] WARN  FXGL.TextLevelParser - No producer found for character: 0
20:29:09.408 [FXGL Background Thread 1 ] WARN  FXGL.TextLevelParser - No producer found for character: 0
20:29:09.409 [FXGL Background Thread 1 ] WARN  FXGL.TextLevelParser - No producer found for character: 0
20:29:09.409 [FXGL Background Thread 1 ] WARN  FXGL.TextLevelParser - No producer found for character: 0
20:29:09.409 [FXGL Background Thread 1 ] WARN  FXGL.TextLevelParser - No producer found for character: 0
20:29:09.409 [FXGL Background Thread 1 ] WARN  FXGL.TextLevelParser - No producer found for character: 0
20:29:09.409 [FXGL Background Thread 1 ] WARN  FXGL.TextLevelParser - No producer found for character: 0
20:29:09.409 [FXGL Background Thread 1 ] WARN  FXGL.TextLevelParser - No producer found for character: 0
20:29:09.409 [FXGL Background Thread 1 ] WARN  FXGL.TextLevelParser - No producer found for character: 0
20:29:09.409 [FXGL Background Thread 1 ] WARN  FXGL.TextLevelParser - No producer found for character: 0
20:29:09.409 [FXGL Background Thread 1 ] WARN  FXGL.TextLevelParser - No producer found for character: 0
20:29:09.410 [FXGL Background Thread 1 ] WARN  FXGL.TextLevelParser - No producer found for character: 0
20:29:09.410 [FXGL Background Thread 1 ] WARN  FXGL.TextLevelParser - No producer found for character: 0
20:29:09.410 [FXGL Background Thread 1 ] WARN  FXGL.TextLevelParser - No producer found for character: 0
20:29:09.410 [FXGL Background Thread 1 ] WARN  FXGL.TextLevelParser - No producer found for character: 0
20:29:09.410 [FXGL Background Thread 1 ] WARN  FXGL.TextLevelParser - No producer found for character: 0
20:29:09.410 [FXGL Background Thread 1 ] WARN  FXGL.TextLevelParser - No producer found for character: 0
20:29:09.410 [FXGL Background Thread 1 ] WARN  FXGL.TextLevelParser - No producer found for character: 0
20:29:09.410 [FXGL Background Thread 1 ] WARN  FXGL.TextLevelParser - No producer found for character: 0
20:29:09.410 [FXGL Background Thread 1 ] WARN  FXGL.TextLevelParser - No producer found for character: 0
20:29:09.410 [FXGL Background Thread 1 ] WARN  FXGL.TextLevelParser - No producer found for character: 0
20:29:09.411 [FXGL Background Thread 1 ] WARN  FXGL.TextLevelParser - No producer found for character: 0
20:29:09.411 [FXGL Background Thread 1 ] DEBUG GameWorld            - Clearing removable entities
20:29:09.411 [FXGL Background Thread 1 ] DEBUG GameWorld            - Setting level: com.almasb.fxgl.entity.Level@29f82da7
20:29:09.441 [FXGL Background Thread 1 ] DEBUG GameScene            - Creating render group for layer: DEFAULT(100000)
20:29:09.447 [FXGL Background Thread 1 ] DEBUG InitAppTask          - Initializing Physics
20:29:09.447 [FXGL Background Thread 1 ] DEBUG InitAppTask          - Initializing UI
20:29:09.452 [FXGL Background Thread 1 ] DEBUG InitAppTask          - Initialization Complete
20:29:09.452 [FXGL Background Thread 1 ] INFO  InitAppTask          - Game initialization took: 0,190 sec
20:29:09.461 [JavaFX Application Thread] DEBUG Input                - Clearing active input actions
20:29:09.476 [JavaFX Application Thread] DEBUG AppStateMachine      - LoadingState -> PlayState
20:29:21.684 [JavaFX Application Thread] DEBUG GameApplication      - Exiting game application
20:29:21.685 [JavaFX Application Thread] DEBUG GameApplication      - Shutting down background threads
20:29:21.685 [JavaFX Application Thread] DEBUG GameApplication      - Exiting FXGL
20:29:21.685 [JavaFX Application Thread] DEBUG FXGL                 - Saving FXGL system data
20:29:21.688 [JavaFX Application Thread] DEBUG FS                   - Writing to: system\fxgl.bundle
20:29:21.692 [JavaFX Application Thread] DEBUG GameApplication      - Closing logger and exiting JavaFX
