08:55:56.255 [JavaFX Application Thread] DEBUG GameApplication      - Logger initialized
08:55:56.270 [JavaFX Application Thread] DEBUG GameApplication      - Logging settings
Title: Breakout
Version: 0.1
Width: 800
Height: 600
Fullscreen: false
Intro: true
Menus: false
Profiling: false
Single step:false
App Mode: DEVELOPER
Menu Key: ESCAPE
Stage Style: DECORATED
Scene Factory: class com.almasb.fxgl.scene.SceneFactory
Dialog Factory: class com.almasb.fxgl.ui.FXGLDialogFactory
UI Factory: class com.almasb.fxgl.ui.FXGLUIFactory
Notification Service: class com.almasb.fxgl.gameplay.notification.XboxNotificationView
Exception Handler: class com.almasb.fxgl.app.FXGLExceptionHandler
08:55:56.270 [JavaFX Application Thread] DEBUG GameApplication      - Starting FXGL
08:55:56.282 [JavaFX Application Thread] INFO  FXGL                 - FXGL-0.5.4 on DESKTOP
08:55:56.282 [JavaFX Application Thread] INFO  FXGL                 - Source code and latest versions at: https://github.com/AlmasB/FXGL
08:55:56.282 [JavaFX Application Thread] INFO  FXGL                 -              Join the FXGL chat at: https://gitter.im/AlmasB/FXGL
08:55:56.283 [JavaFX Application Thread] DEBUG FXGL                 - FXGL started
08:55:56.283 [JavaFX Application Thread] DEBUG FXGL                 - Initializing FXGL
08:55:56.324 [JavaFX Application Thread] DEBUG AssetLoader          - Loading from disk: /assets/ui/cursors/fxgl_default.png
08:55:56.418 [JavaFX Application Thread] DEBUG AssetLoader          - Loading from disk: /assets/ui/fonts/VarelaRound-Regular.ttf
08:55:56.675 [JavaFX Application Thread] DEBUG MainWindow           - Creating a JavaFX scene
08:55:56.712 [JavaFX Application Thread] DEBUG MainWindow           - Target settings size: 800.0 x 600.0
08:55:56.712 [JavaFX Application Thread] DEBUG MainWindow           - Scaled scene size:    800.0 x 600.0
08:55:56.713 [JavaFX Application Thread] DEBUG MainWindow           - Scaled ratio: (1.0, 1.0)
08:55:56.715 [JavaFX Application Thread] DEBUG AssetLoader          - Loading from disk: /assets/ui/css/fxgl_dark.css
08:55:56.719 [JavaFX Application Thread] DEBUG AssetLoader          - Loading from disk: /assets/textures/fxgl_icon.png
08:55:56.739 [JavaFX Application Thread] DEBUG MainWindow           - Opening main window
08:55:56.907 [JavaFX Application Thread] DEBUG MainWindow           - Window border size: (14.4000244140625, 37.5999755859375)
08:55:56.908 [JavaFX Application Thread] DEBUG MainWindow           - Scaled size: 800.0 x 600.0
08:55:56.908 [JavaFX Application Thread] DEBUG MainWindow           - Scaled ratio: (1.0, 1.0)
08:55:56.908 [JavaFX Application Thread] DEBUG MainWindow           - Scene size: 800.0 x 600.0
08:55:56.908 [JavaFX Application Thread] DEBUG MainWindow           - Stage size: 814.4000244140625 x 637.5999755859375
08:55:56.967 [ForkJoinPool.commonPool-worker-9] DEBUG FS                   - Loaded DesktopFSService
08:55:56.972 [ForkJoinPool.commonPool-worker-9] DEBUG FXGL                 - Loading default FXGL system data
08:55:56.974 [ForkJoinPool.commonPool-worker-9] DEBUG FXGL                 - Initializing state machine and application states
08:55:56.977 [ForkJoinPool.commonPool-worker-2] DEBUG UpdaterTask          - Checking for updates
08:55:56.977 [ForkJoinPool.commonPool-worker-9] DEBUG AssetLoader          - Loading from disk: /assets/ui/cursors/fxgl_default.png
08:55:56.989 [ForkJoinPool.commonPool-worker-9] DEBUG AssetLoader          - Loading from disk: /assets/ui/cursors/fxgl_default.png
08:55:56.999 [ForkJoinPool.commonPool-worker-9] DEBUG AssetLoader          - Loading from cache: /assets/ui/fonts/VarelaRound-Regular.ttf
08:55:57.003 [ForkJoinPool.commonPool-worker-9] DEBUG AssetLoader          - Loading from disk: /assets/ui/cursors/fxgl_default.png
08:55:57.007 [ForkJoinPool.commonPool-worker-9] DEBUG GameScene            - Game scene initialized: 800x600
08:55:57.029 [ForkJoinPool.commonPool-worker-9] DEBUG GameWorld            - Game world initialized
08:55:57.109 [ForkJoinPool.commonPool-worker-9] DEBUG PhysicsWorld         - Physics world initialized: appHeight=600, physics.ppm=50,0
08:55:57.124 [ForkJoinPool.commonPool-worker-9] DEBUG Input                - Registered new binding: Pause - Esc
08:55:57.155 [ForkJoinPool.commonPool-worker-9] DEBUG AssetLoader          - Loading from disk: /assets/ui/cursors/fxgl_default.png
08:55:57.171 [ForkJoinPool.commonPool-worker-9] DEBUG AssetLoader          - Loading from disk: /assets/textures/particles/explosion.png
08:55:57.260 [ForkJoinPool.commonPool-worker-9] DEBUG AssetLoader          - Loading from cache: /assets/ui/fonts/VarelaRound-Regular.ttf
08:55:57.264 [ForkJoinPool.commonPool-worker-9] DEBUG AssetLoader          - Loading from cache: /assets/ui/fonts/VarelaRound-Regular.ttf
08:55:57.264 [ForkJoinPool.commonPool-worker-9] DEBUG AssetLoader          - Loading from cache: /assets/ui/fonts/VarelaRound-Regular.ttf
08:55:57.264 [ForkJoinPool.commonPool-worker-9] DEBUG AssetLoader          - Loading from cache: /assets/ui/fonts/VarelaRound-Regular.ttf
08:55:57.323 [JavaFX Application Thread] DEBUG FXGL                 - Running preInit()
08:55:57.326 [JavaFX Application Thread] DEBUG Input                - Registered new binding: Screenshot - P
08:55:57.327 [JavaFX Application Thread] DEBUG Input                - Registered new binding: Dev Options - CTRL+0
08:55:57.328 [JavaFX Application Thread] DEBUG Input                - Registered new binding: System info dump - CTRL+9
08:55:57.329 [JavaFX Application Thread] DEBUG Input                - Registered new binding: Restart - CTRL+R
08:55:57.330 [JavaFX Application Thread] INFO  FXGL                 - FXGL initialization took: 1,047 sec
08:55:57.330 [JavaFX Application Thread] DEBUG LoopRunner           - Starting loop
08:55:57.332 [JavaFX Application Thread] DEBUG StartupState         - STARTUP
08:55:57.332 [JavaFX Application Thread] DEBUG Input                - Clearing active input actions
08:55:57.334 [JavaFX Application Thread] DEBUG AssetLoader          - Loading from disk: /assets/ui/css/fxgl_dark.css
08:55:57.343 [JavaFX Application Thread] DEBUG AppStateMachine      - StartupState -> IntroState
08:56:01.884 [JavaFX Application Thread] DEBUG EventBus             - Firing event: IntroFinishedEvent
08:56:01.887 [JavaFX Application Thread] DEBUG GameApplication      - Starting new game
08:56:01.887 [JavaFX Application Thread] DEBUG Input                - Clearing active input actions
08:56:01.888 [JavaFX Application Thread] DEBUG AssetLoader          - Loading from disk: /assets/ui/css/fxgl_dark.css
08:56:01.898 [JavaFX Application Thread] DEBUG AppStateMachine      - IntroState -> LoadingState
08:56:01.905 [FXGL Background Thread 1 ] DEBUG InitAppTask          - Clearing previous game
08:56:01.906 [FXGL Background Thread 1 ] DEBUG GameWorld            - Clearing game world
08:56:01.906 [FXGL Background Thread 1 ] DEBUG PhysicsWorld         - Clearing physics world
08:56:01.906 [FXGL Background Thread 1 ] DEBUG GameScene            - Clearing game scene
08:56:01.907 [FXGL Background Thread 1 ] DEBUG InitAppTask          - Initializing Game
08:56:01.917 [FXGL Background Thread 1 ] DEBUG InitAppTask          - Initializing Physics
08:56:01.917 [FXGL Background Thread 1 ] DEBUG InitAppTask          - Initializing UI
08:56:01.917 [FXGL Background Thread 1 ] DEBUG InitAppTask          - Initialization Complete
08:56:01.917 [FXGL Background Thread 1 ] INFO  InitAppTask          - Game initialization took: 0,012 sec
08:56:01.932 [JavaFX Application Thread] DEBUG Input                - Clearing active input actions
08:56:01.932 [JavaFX Application Thread] DEBUG AssetLoader          - Loading from disk: /assets/ui/css/fxgl_dark.css
08:56:01.938 [JavaFX Application Thread] DEBUG AppStateMachine      - LoadingState -> PlayState
08:56:07.429 [JavaFX Application Thread] DEBUG FXGL                 - Exiting FXGL
08:56:07.430 [JavaFX Application Thread] DEBUG FXGL                 - Shutting down background threads
08:56:07.430 [JavaFX Application Thread] DEBUG FXGL                 - Saving FXGL system data
08:56:07.434 [JavaFX Application Thread] DEBUG DesktopFSService     - Writing to: system\fxgl.bundle
08:56:07.444 [JavaFX Application Thread] DEBUG FXGL                 - Closing logger and exiting JavaFX
