12:34:53.347 [JavaFX Application Thread] DEBUG GameApplication      - Logger initialized
12:34:53.362 [JavaFX Application Thread] DEBUG GameApplication      - Logging settings
Title: Breakout
Version: 0.1
Width: 800
Height: 600
Fullscreen: false
Intro: false
Menus: false
Profiling: false
Single step:false
App Mode: DEVELOPER
Menu Key: ESCAPE
Stage Style: DECORATED
Scene Factory: class com.almasb.fxgl.scene.SceneFactory
Dialog Factory: class com.almasb.fxgl.ui.FXGLDialogFactory
UI Factory: class com.almasb.fxgl.ui.FXGLUIFactory
Notification Service: class com.almasb.fxgl.gameplay.notification.XboxNotificationView
Exception Handler: class com.almasb.fxgl.app.FXGLExceptionHandler
12:34:53.362 [JavaFX Application Thread] DEBUG GameApplication      - Starting FXGL
12:34:53.376 [JavaFX Application Thread] INFO  FXGL                 - FXGL-0.5.4 on DESKTOP
12:34:53.377 [JavaFX Application Thread] INFO  FXGL                 - Source code and latest versions at: https://github.com/AlmasB/FXGL
12:34:53.377 [JavaFX Application Thread] INFO  FXGL                 -              Join the FXGL chat at: https://gitter.im/AlmasB/FXGL
12:34:53.377 [JavaFX Application Thread] DEBUG FXGL                 - FXGL started
12:34:53.377 [JavaFX Application Thread] DEBUG FXGL                 - Initializing FXGL
12:34:53.424 [JavaFX Application Thread] DEBUG AssetLoader          - Loading from disk: /assets/ui/cursors/fxgl_default.png
12:34:53.509 [JavaFX Application Thread] DEBUG AssetLoader          - Loading from disk: /assets/ui/fonts/VarelaRound-Regular.ttf
12:34:53.751 [JavaFX Application Thread] DEBUG MainWindow           - Creating a JavaFX scene
12:34:53.781 [JavaFX Application Thread] DEBUG MainWindow           - Target settings size: 800.0 x 600.0
12:34:53.782 [JavaFX Application Thread] DEBUG MainWindow           - Scaled scene size:    800.0 x 600.0
12:34:53.782 [JavaFX Application Thread] DEBUG MainWindow           - Scaled ratio: (1.0, 1.0)
12:34:53.784 [JavaFX Application Thread] DEBUG AssetLoader          - Loading from disk: /assets/ui/css/fxgl_dark.css
12:34:53.788 [JavaFX Application Thread] DEBUG AssetLoader          - Loading from disk: /assets/textures/fxgl_icon.png
12:34:53.804 [JavaFX Application Thread] DEBUG MainWindow           - Opening main window
12:34:53.934 [JavaFX Application Thread] DEBUG MainWindow           - Window border size: (14.4000244140625, 37.5999755859375)
12:34:53.934 [JavaFX Application Thread] DEBUG MainWindow           - Scaled size: 800.0 x 600.0
12:34:53.934 [JavaFX Application Thread] DEBUG MainWindow           - Scaled ratio: (1.0, 1.0)
12:34:53.934 [JavaFX Application Thread] DEBUG MainWindow           - Scene size: 800.0 x 600.0
12:34:53.935 [JavaFX Application Thread] DEBUG MainWindow           - Stage size: 814.4000244140625 x 637.5999755859375
12:34:54.001 [ForkJoinPool.commonPool-worker-9] DEBUG FS                   - Loaded DesktopFSService
12:34:54.001 [ForkJoinPool.commonPool-worker-9] DEBUG FXGL                 - Loading FXGL system data
12:34:54.009 [ForkJoinPool.commonPool-worker-9] DEBUG DesktopFSService     - Reading from: system\fxgl.bundle
12:34:54.030 [ForkJoinPool.commonPool-worker-9] DEBUG Bundle               - Logging bundle: FXGL
12:34:54.031 [ForkJoinPool.commonPool-worker-9] DEBUG Bundle               - FXGL.offline.timer.version.check=2019-01-24T08:55:57.713219300
12:34:54.033 [ForkJoinPool.commonPool-worker-9] DEBUG FXGL                 - Initializing state machine and application states
12:34:54.036 [ForkJoinPool.commonPool-worker-9] DEBUG AssetLoader          - Loading from disk: /assets/ui/cursors/fxgl_default.png
12:34:54.043 [ForkJoinPool.commonPool-worker-9] DEBUG AssetLoader          - Loading from disk: /assets/ui/cursors/fxgl_default.png
12:34:54.053 [ForkJoinPool.commonPool-worker-9] DEBUG AssetLoader          - Loading from cache: /assets/ui/fonts/VarelaRound-Regular.ttf
12:34:54.057 [ForkJoinPool.commonPool-worker-9] DEBUG AssetLoader          - Loading from disk: /assets/ui/cursors/fxgl_default.png
12:34:54.061 [ForkJoinPool.commonPool-worker-9] DEBUG GameScene            - Game scene initialized: 800x600
12:34:54.070 [ForkJoinPool.commonPool-worker-9] DEBUG GameWorld            - Game world initialized
12:34:54.141 [ForkJoinPool.commonPool-worker-9] DEBUG PhysicsWorld         - Physics world initialized: appHeight=600, physics.ppm=50,0
12:34:54.163 [ForkJoinPool.commonPool-worker-9] DEBUG Input                - Registered new binding: Pause - Esc
12:34:54.237 [JavaFX Application Thread] DEBUG FXGL                 - Running preInit()
12:34:54.239 [JavaFX Application Thread] DEBUG Input                - Registered new binding: Screenshot - P
12:34:54.240 [JavaFX Application Thread] DEBUG Input                - Registered new binding: Dev Options - CTRL+0
12:34:54.241 [JavaFX Application Thread] DEBUG Input                - Registered new binding: System info dump - CTRL+9
12:34:54.241 [JavaFX Application Thread] DEBUG Input                - Registered new binding: Restart - CTRL+R
12:34:54.242 [JavaFX Application Thread] DEBUG Input                - Registered new binding: Move Left - A
12:34:54.242 [JavaFX Application Thread] DEBUG Input                - Registered new binding: Move Right - D
12:34:54.242 [JavaFX Application Thread] INFO  FXGL                 - FXGL initialization took: 0,865 sec
12:34:54.243 [JavaFX Application Thread] DEBUG LoopRunner           - Starting loop
12:34:54.244 [JavaFX Application Thread] DEBUG StartupState         - STARTUP
12:34:54.244 [JavaFX Application Thread] DEBUG GameApplication      - Starting new game
12:34:54.244 [JavaFX Application Thread] DEBUG Input                - Clearing active input actions
12:34:54.245 [JavaFX Application Thread] DEBUG AssetLoader          - Loading from disk: /assets/ui/css/fxgl_dark.css
12:34:54.256 [JavaFX Application Thread] DEBUG AppStateMachine      - StartupState -> LoadingState
12:34:54.260 [FXGL Background Thread 1 ] DEBUG InitAppTask          - Clearing previous game
12:34:54.260 [FXGL Background Thread 1 ] DEBUG GameWorld            - Clearing game world
12:34:54.260 [FXGL Background Thread 1 ] DEBUG PhysicsWorld         - Clearing physics world
12:34:54.261 [FXGL Background Thread 1 ] DEBUG GameScene            - Clearing game scene
12:34:54.262 [FXGL Background Thread 1 ] DEBUG InitAppTask          - Initializing Game
12:34:54.285 [FXGL Background Thread 1 ] DEBUG AssetLoader          - Loading from disk: /assets/text/levels/bricksballbar.txt
12:34:54.293 [FXGL Background Thread 1 ] WARN  TextLevelParser      - No producer found for character: 0
12:34:54.294 [FXGL Background Thread 1 ] WARN  TextLevelParser      - No producer found for character: 0
12:34:54.294 [FXGL Background Thread 1 ] WARN  TextLevelParser      - No producer found for character: 0
12:34:54.294 [FXGL Background Thread 1 ] WARN  TextLevelParser      - No producer found for character: 0
12:34:54.294 [FXGL Background Thread 1 ] WARN  TextLevelParser      - No producer found for character: 0
12:34:54.294 [FXGL Background Thread 1 ] WARN  TextLevelParser      - No producer found for character: 0
12:34:54.295 [FXGL Background Thread 1 ] WARN  TextLevelParser      - No producer found for character: 0
12:34:54.295 [FXGL Background Thread 1 ] WARN  TextLevelParser      - No producer found for character: 0
12:34:54.295 [FXGL Background Thread 1 ] WARN  TextLevelParser      - No producer found for character: 0
12:34:54.295 [FXGL Background Thread 1 ] WARN  TextLevelParser      - No producer found for character: 0
12:34:54.295 [FXGL Background Thread 1 ] WARN  TextLevelParser      - No producer found for character: 0
12:34:54.295 [FXGL Background Thread 1 ] WARN  TextLevelParser      - No producer found for character: 0
12:34:54.296 [FXGL Background Thread 1 ] WARN  TextLevelParser      - No producer found for character: 0
12:34:54.296 [FXGL Background Thread 1 ] WARN  TextLevelParser      - No producer found for character: 0
12:34:54.296 [FXGL Background Thread 1 ] WARN  TextLevelParser      - No producer found for character: 0
12:34:54.296 [FXGL Background Thread 1 ] WARN  TextLevelParser      - No producer found for character: 0
12:34:54.296 [FXGL Background Thread 1 ] WARN  TextLevelParser      - No producer found for character: 0
12:34:54.296 [FXGL Background Thread 1 ] WARN  TextLevelParser      - No producer found for character: 0
12:34:54.296 [FXGL Background Thread 1 ] WARN  TextLevelParser      - No producer found for character: 0
12:34:54.335 [FXGL Background Thread 1 ] DEBUG AssetLoader          - Loading from disk: /assets/textures/brick1.png
12:34:54.347 [FXGL Background Thread 1 ] WARN  TextLevelParser      - No producer found for character: 0
12:34:54.348 [FXGL Background Thread 1 ] DEBUG AssetLoader          - Loading from cache: /assets/textures/brick1.png
12:34:54.349 [FXGL Background Thread 1 ] WARN  TextLevelParser      - No producer found for character: 0
12:34:54.350 [FXGL Background Thread 1 ] DEBUG AssetLoader          - Loading from cache: /assets/textures/brick1.png
12:34:54.351 [FXGL Background Thread 1 ] WARN  TextLevelParser      - No producer found for character: 0
12:34:54.351 [FXGL Background Thread 1 ] DEBUG AssetLoader          - Loading from cache: /assets/textures/brick1.png
12:34:54.352 [FXGL Background Thread 1 ] WARN  TextLevelParser      - No producer found for character: 0
12:34:54.353 [FXGL Background Thread 1 ] DEBUG AssetLoader          - Loading from cache: /assets/textures/brick1.png
12:34:54.353 [FXGL Background Thread 1 ] WARN  TextLevelParser      - No producer found for character: 0
12:34:54.354 [FXGL Background Thread 1 ] DEBUG AssetLoader          - Loading from cache: /assets/textures/brick1.png
12:34:54.355 [FXGL Background Thread 1 ] WARN  TextLevelParser      - No producer found for character: 0
12:34:54.355 [FXGL Background Thread 1 ] DEBUG AssetLoader          - Loading from cache: /assets/textures/brick1.png
12:34:54.356 [FXGL Background Thread 1 ] WARN  TextLevelParser      - No producer found for character: 0
12:34:54.356 [FXGL Background Thread 1 ] DEBUG AssetLoader          - Loading from cache: /assets/textures/brick1.png
12:34:54.357 [FXGL Background Thread 1 ] WARN  TextLevelParser      - No producer found for character: 0
12:34:54.358 [FXGL Background Thread 1 ] DEBUG AssetLoader          - Loading from cache: /assets/textures/brick1.png
12:34:54.358 [FXGL Background Thread 1 ] WARN  TextLevelParser      - No producer found for character: 0
12:34:54.358 [FXGL Background Thread 1 ] DEBUG AssetLoader          - Loading from cache: /assets/textures/brick1.png
12:34:54.359 [FXGL Background Thread 1 ] WARN  TextLevelParser      - No producer found for character: 0
12:34:54.359 [FXGL Background Thread 1 ] WARN  TextLevelParser      - No producer found for character: 0
12:34:54.359 [FXGL Background Thread 1 ] WARN  TextLevelParser      - No producer found for character: 0
12:34:54.359 [FXGL Background Thread 1 ] WARN  TextLevelParser      - No producer found for character: 0
12:34:54.359 [FXGL Background Thread 1 ] WARN  TextLevelParser      - No producer found for character: 0
12:34:54.360 [FXGL Background Thread 1 ] WARN  TextLevelParser      - No producer found for character: 0
12:34:54.360 [FXGL Background Thread 1 ] WARN  TextLevelParser      - No producer found for character: 0
12:34:54.360 [FXGL Background Thread 1 ] WARN  TextLevelParser      - No producer found for character: 0
12:34:54.360 [FXGL Background Thread 1 ] WARN  TextLevelParser      - No producer found for character: 0
12:34:54.360 [FXGL Background Thread 1 ] WARN  TextLevelParser      - No producer found for character: 0
12:34:54.360 [FXGL Background Thread 1 ] WARN  TextLevelParser      - No producer found for character: 0
12:34:54.360 [FXGL Background Thread 1 ] WARN  TextLevelParser      - No producer found for character: 0
12:34:54.360 [FXGL Background Thread 1 ] WARN  TextLevelParser      - No producer found for character: 0
12:34:54.360 [FXGL Background Thread 1 ] WARN  TextLevelParser      - No producer found for character: 0
12:34:54.361 [FXGL Background Thread 1 ] WARN  TextLevelParser      - No producer found for character: 0
12:34:54.361 [FXGL Background Thread 1 ] WARN  TextLevelParser      - No producer found for character: 0
12:34:54.361 [FXGL Background Thread 1 ] WARN  TextLevelParser      - No producer found for character: 0
12:34:54.361 [FXGL Background Thread 1 ] WARN  TextLevelParser      - No producer found for character: 0
12:34:54.361 [FXGL Background Thread 1 ] WARN  TextLevelParser      - No producer found for character: 0
12:34:54.361 [FXGL Background Thread 1 ] WARN  TextLevelParser      - No producer found for character: 0
12:34:54.361 [FXGL Background Thread 1 ] WARN  TextLevelParser      - No producer found for character: 0
12:34:54.361 [FXGL Background Thread 1 ] WARN  TextLevelParser      - No producer found for character: 0
12:34:54.361 [FXGL Background Thread 1 ] WARN  TextLevelParser      - No producer found for character: 0
12:34:54.361 [FXGL Background Thread 1 ] WARN  TextLevelParser      - No producer found for character: 0
12:34:54.362 [FXGL Background Thread 1 ] WARN  TextLevelParser      - No producer found for character: 0
12:34:54.362 [FXGL Background Thread 1 ] WARN  TextLevelParser      - No producer found for character: 0
12:34:54.362 [FXGL Background Thread 1 ] WARN  TextLevelParser      - No producer found for character: 0
12:34:54.362 [FXGL Background Thread 1 ] WARN  TextLevelParser      - No producer found for character: 0
12:34:54.362 [FXGL Background Thread 1 ] WARN  TextLevelParser      - No producer found for character: 0
12:34:54.362 [FXGL Background Thread 1 ] WARN  TextLevelParser      - No producer found for character: 0
12:34:54.362 [FXGL Background Thread 1 ] WARN  TextLevelParser      - No producer found for character: 0
12:34:54.363 [FXGL Background Thread 1 ] WARN  TextLevelParser      - No producer found for character: 0
12:34:54.363 [FXGL Background Thread 1 ] WARN  TextLevelParser      - No producer found for character: 0
12:34:54.363 [FXGL Background Thread 1 ] WARN  TextLevelParser      - No producer found for character: 0
12:34:54.363 [FXGL Background Thread 1 ] WARN  TextLevelParser      - No producer found for character: 0
12:34:54.363 [FXGL Background Thread 1 ] WARN  TextLevelParser      - No producer found for character: 0
12:34:54.364 [FXGL Background Thread 1 ] WARN  TextLevelParser      - No producer found for character: 0
12:34:54.364 [FXGL Background Thread 1 ] WARN  TextLevelParser      - No producer found for character: 0
12:34:54.364 [FXGL Background Thread 1 ] WARN  TextLevelParser      - No producer found for character: 0
12:34:54.364 [FXGL Background Thread 1 ] WARN  TextLevelParser      - No producer found for character: 0
12:34:54.364 [FXGL Background Thread 1 ] WARN  TextLevelParser      - No producer found for character: 0
12:34:54.364 [FXGL Background Thread 1 ] WARN  TextLevelParser      - No producer found for character: 0
12:34:54.365 [FXGL Background Thread 1 ] WARN  TextLevelParser      - No producer found for character: 0
12:34:54.365 [FXGL Background Thread 1 ] WARN  TextLevelParser      - No producer found for character: 0
12:34:54.365 [FXGL Background Thread 1 ] WARN  TextLevelParser      - No producer found for character: 0
12:34:54.365 [FXGL Background Thread 1 ] WARN  TextLevelParser      - No producer found for character: 0
12:34:54.365 [FXGL Background Thread 1 ] WARN  TextLevelParser      - No producer found for character: 0
12:34:54.365 [FXGL Background Thread 1 ] WARN  TextLevelParser      - No producer found for character: 0
12:34:54.365 [FXGL Background Thread 1 ] WARN  TextLevelParser      - No producer found for character: 0
12:34:54.365 [FXGL Background Thread 1 ] WARN  TextLevelParser      - No producer found for character: 0
12:34:54.366 [FXGL Background Thread 1 ] WARN  TextLevelParser      - No producer found for character: 0
12:34:54.366 [FXGL Background Thread 1 ] WARN  TextLevelParser      - No producer found for character: 0
12:34:54.366 [FXGL Background Thread 1 ] WARN  TextLevelParser      - No producer found for character: 0
12:34:54.366 [FXGL Background Thread 1 ] WARN  TextLevelParser      - No producer found for character: 0
12:34:54.366 [FXGL Background Thread 1 ] WARN  TextLevelParser      - No producer found for character: 0
12:34:54.366 [FXGL Background Thread 1 ] WARN  TextLevelParser      - No producer found for character: 0
12:34:54.366 [FXGL Background Thread 1 ] WARN  TextLevelParser      - No producer found for character: 0
12:34:54.366 [FXGL Background Thread 1 ] WARN  TextLevelParser      - No producer found for character: 0
12:34:54.367 [FXGL Background Thread 1 ] WARN  TextLevelParser      - No producer found for character: 0
12:34:54.367 [FXGL Background Thread 1 ] WARN  TextLevelParser      - No producer found for character: 0
12:34:54.367 [FXGL Background Thread 1 ] WARN  TextLevelParser      - No producer found for character: 0
12:34:54.367 [FXGL Background Thread 1 ] WARN  TextLevelParser      - No producer found for character: 0
12:34:54.367 [FXGL Background Thread 1 ] WARN  TextLevelParser      - No producer found for character: 0
12:34:54.367 [FXGL Background Thread 1 ] WARN  TextLevelParser      - No producer found for character: 0
12:34:54.367 [FXGL Background Thread 1 ] WARN  TextLevelParser      - No producer found for character: 0
12:34:54.367 [FXGL Background Thread 1 ] WARN  TextLevelParser      - No producer found for character: 0
12:34:54.367 [FXGL Background Thread 1 ] WARN  TextLevelParser      - No producer found for character: 0
12:34:54.368 [FXGL Background Thread 1 ] WARN  TextLevelParser      - No producer found for character: 0
12:34:54.368 [FXGL Background Thread 1 ] WARN  TextLevelParser      - No producer found for character: 0
12:34:54.368 [FXGL Background Thread 1 ] WARN  TextLevelParser      - No producer found for character: 0
12:34:54.368 [FXGL Background Thread 1 ] WARN  TextLevelParser      - No producer found for character: 0
12:34:54.368 [FXGL Background Thread 1 ] WARN  TextLevelParser      - No producer found for character: 0
12:34:54.368 [FXGL Background Thread 1 ] WARN  TextLevelParser      - No producer found for character: 0
12:34:54.368 [FXGL Background Thread 1 ] WARN  TextLevelParser      - No producer found for character: 0
12:34:54.368 [FXGL Background Thread 1 ] WARN  TextLevelParser      - No producer found for character: 0
12:34:54.368 [FXGL Background Thread 1 ] WARN  TextLevelParser      - No producer found for character: 0
12:34:54.368 [FXGL Background Thread 1 ] WARN  TextLevelParser      - No producer found for character: 0
12:34:54.369 [FXGL Background Thread 1 ] WARN  TextLevelParser      - No producer found for character: 0
12:34:54.369 [FXGL Background Thread 1 ] WARN  TextLevelParser      - No producer found for character: 0
12:34:54.369 [FXGL Background Thread 1 ] WARN  TextLevelParser      - No producer found for character: 0
12:34:54.369 [FXGL Background Thread 1 ] WARN  TextLevelParser      - No producer found for character: 0
12:34:54.369 [FXGL Background Thread 1 ] WARN  TextLevelParser      - No producer found for character: 0
12:34:54.369 [FXGL Background Thread 1 ] WARN  TextLevelParser      - No producer found for character: 0
12:34:54.369 [FXGL Background Thread 1 ] WARN  TextLevelParser      - No producer found for character: 0
12:34:54.369 [FXGL Background Thread 1 ] WARN  TextLevelParser      - No producer found for character: 0
12:34:54.374 [FXGL Background Thread 1 ] DEBUG AssetLoader          - Loading from disk: /assets/textures/Ball.png
12:34:54.375 [FXGL Background Thread 1 ] WARN  TextLevelParser      - No producer found for character: 0
12:34:54.375 [FXGL Background Thread 1 ] WARN  TextLevelParser      - No producer found for character: 0
12:34:54.375 [FXGL Background Thread 1 ] WARN  TextLevelParser      - No producer found for character: 0
12:34:54.375 [FXGL Background Thread 1 ] WARN  TextLevelParser      - No producer found for character: 0
12:34:54.375 [FXGL Background Thread 1 ] WARN  TextLevelParser      - No producer found for character: 0
12:34:54.375 [FXGL Background Thread 1 ] WARN  TextLevelParser      - No producer found for character: 0
12:34:54.376 [FXGL Background Thread 1 ] WARN  TextLevelParser      - No producer found for character: 0
12:34:54.376 [FXGL Background Thread 1 ] WARN  TextLevelParser      - No producer found for character: 0
12:34:54.376 [FXGL Background Thread 1 ] WARN  TextLevelParser      - No producer found for character: 0
12:34:54.376 [FXGL Background Thread 1 ] WARN  TextLevelParser      - No producer found for character: 0
12:34:54.376 [FXGL Background Thread 1 ] WARN  TextLevelParser      - No producer found for character: 0
12:34:54.376 [FXGL Background Thread 1 ] WARN  TextLevelParser      - No producer found for character: 0
12:34:54.376 [FXGL Background Thread 1 ] WARN  TextLevelParser      - No producer found for character: 0
12:34:54.376 [FXGL Background Thread 1 ] WARN  TextLevelParser      - No producer found for character: 0
12:34:54.377 [FXGL Background Thread 1 ] WARN  TextLevelParser      - No producer found for character: 0
12:34:54.377 [FXGL Background Thread 1 ] WARN  TextLevelParser      - No producer found for character: 0
12:34:54.377 [FXGL Background Thread 1 ] WARN  TextLevelParser      - No producer found for character: 0
12:34:54.377 [FXGL Background Thread 1 ] WARN  TextLevelParser      - No producer found for character: 0
12:34:54.377 [FXGL Background Thread 1 ] WARN  TextLevelParser      - No producer found for character: 0
12:34:54.377 [FXGL Background Thread 1 ] WARN  TextLevelParser      - No producer found for character: 0
12:34:54.377 [FXGL Background Thread 1 ] WARN  TextLevelParser      - No producer found for character: 0
12:34:54.377 [FXGL Background Thread 1 ] WARN  TextLevelParser      - No producer found for character: 0
12:34:54.377 [FXGL Background Thread 1 ] WARN  TextLevelParser      - No producer found for character: 0
12:34:54.378 [FXGL Background Thread 1 ] WARN  TextLevelParser      - No producer found for character: 0
12:34:54.378 [FXGL Background Thread 1 ] WARN  TextLevelParser      - No producer found for character: 0
12:34:54.378 [FXGL Background Thread 1 ] WARN  TextLevelParser      - No producer found for character: 0
12:34:54.378 [FXGL Background Thread 1 ] WARN  TextLevelParser      - No producer found for character: 0
12:34:54.378 [FXGL Background Thread 1 ] WARN  TextLevelParser      - No producer found for character: 0
12:34:54.378 [FXGL Background Thread 1 ] WARN  TextLevelParser      - No producer found for character: 0
12:34:54.378 [FXGL Background Thread 1 ] WARN  TextLevelParser      - No producer found for character: 0
12:34:54.378 [FXGL Background Thread 1 ] WARN  TextLevelParser      - No producer found for character: 0
12:34:54.378 [FXGL Background Thread 1 ] WARN  TextLevelParser      - No producer found for character: 0
12:34:54.379 [FXGL Background Thread 1 ] WARN  TextLevelParser      - No producer found for character: 0
12:34:54.379 [FXGL Background Thread 1 ] WARN  TextLevelParser      - No producer found for character: 0
12:34:54.379 [FXGL Background Thread 1 ] WARN  TextLevelParser      - No producer found for character: 0
12:34:54.379 [FXGL Background Thread 1 ] WARN  TextLevelParser      - No producer found for character: 0
12:34:54.379 [FXGL Background Thread 1 ] WARN  TextLevelParser      - No producer found for character: 0
12:34:54.379 [FXGL Background Thread 1 ] WARN  TextLevelParser      - No producer found for character: 0
12:34:54.379 [FXGL Background Thread 1 ] WARN  TextLevelParser      - No producer found for character: 0
12:34:54.379 [FXGL Background Thread 1 ] WARN  TextLevelParser      - No producer found for character: 0
12:34:54.379 [FXGL Background Thread 1 ] WARN  TextLevelParser      - No producer found for character: 0
12:34:54.380 [FXGL Background Thread 1 ] WARN  TextLevelParser      - No producer found for character: 0
12:34:54.380 [FXGL Background Thread 1 ] WARN  TextLevelParser      - No producer found for character: 0
12:34:54.380 [FXGL Background Thread 1 ] WARN  TextLevelParser      - No producer found for character: 0
12:34:54.380 [FXGL Background Thread 1 ] WARN  TextLevelParser      - No producer found for character: 0
12:34:54.380 [FXGL Background Thread 1 ] WARN  TextLevelParser      - No producer found for character: 0
12:34:54.380 [FXGL Background Thread 1 ] WARN  TextLevelParser      - No producer found for character: 0
12:34:54.380 [FXGL Background Thread 1 ] WARN  TextLevelParser      - No producer found for character: 0
12:34:54.380 [FXGL Background Thread 1 ] WARN  TextLevelParser      - No producer found for character: 0
12:34:54.380 [FXGL Background Thread 1 ] WARN  TextLevelParser      - No producer found for character: 0
12:34:54.381 [FXGL Background Thread 1 ] WARN  TextLevelParser      - No producer found for character: 0
12:34:54.381 [FXGL Background Thread 1 ] WARN  TextLevelParser      - No producer found for character: 0
12:34:54.381 [FXGL Background Thread 1 ] WARN  TextLevelParser      - No producer found for character: 0
12:34:54.381 [FXGL Background Thread 1 ] WARN  TextLevelParser      - No producer found for character: 0
12:34:54.381 [FXGL Background Thread 1 ] WARN  TextLevelParser      - No producer found for character: 0
12:34:54.381 [FXGL Background Thread 1 ] WARN  TextLevelParser      - No producer found for character: 0
12:34:54.381 [FXGL Background Thread 1 ] WARN  TextLevelParser      - No producer found for character: 0
12:34:54.381 [FXGL Background Thread 1 ] WARN  TextLevelParser      - No producer found for character: 0
12:34:54.381 [FXGL Background Thread 1 ] WARN  TextLevelParser      - No producer found for character: 0
12:34:54.381 [FXGL Background Thread 1 ] WARN  TextLevelParser      - No producer found for character: 0
12:34:54.382 [FXGL Background Thread 1 ] WARN  TextLevelParser      - No producer found for character: 0
12:34:54.382 [FXGL Background Thread 1 ] WARN  TextLevelParser      - No producer found for character: 0
12:34:54.382 [FXGL Background Thread 1 ] WARN  TextLevelParser      - No producer found for character: 0
12:34:54.382 [FXGL Background Thread 1 ] WARN  TextLevelParser      - No producer found for character: 0
12:34:54.382 [FXGL Background Thread 1 ] WARN  TextLevelParser      - No producer found for character: 0
12:34:54.382 [FXGL Background Thread 1 ] WARN  TextLevelParser      - No producer found for character: 0
12:34:54.382 [FXGL Background Thread 1 ] WARN  TextLevelParser      - No producer found for character: 0
12:34:54.382 [FXGL Background Thread 1 ] WARN  TextLevelParser      - No producer found for character: 0
12:34:54.382 [FXGL Background Thread 1 ] WARN  TextLevelParser      - No producer found for character: 0
12:34:54.382 [FXGL Background Thread 1 ] WARN  TextLevelParser      - No producer found for character: 0
12:34:54.383 [FXGL Background Thread 1 ] WARN  TextLevelParser      - No producer found for character: 0
12:34:54.383 [FXGL Background Thread 1 ] WARN  TextLevelParser      - No producer found for character: 0
12:34:54.383 [FXGL Background Thread 1 ] WARN  TextLevelParser      - No producer found for character: 0
12:34:54.383 [FXGL Background Thread 1 ] WARN  TextLevelParser      - No producer found for character: 0
12:34:54.383 [FXGL Background Thread 1 ] WARN  TextLevelParser      - No producer found for character: 0
12:34:54.383 [FXGL Background Thread 1 ] WARN  TextLevelParser      - No producer found for character: 0
12:34:54.383 [FXGL Background Thread 1 ] WARN  TextLevelParser      - No producer found for character: 0
12:34:54.383 [FXGL Background Thread 1 ] WARN  TextLevelParser      - No producer found for character: 0
12:34:54.383 [FXGL Background Thread 1 ] WARN  TextLevelParser      - No producer found for character: 0
12:34:54.384 [FXGL Background Thread 1 ] WARN  TextLevelParser      - No producer found for character: 0
12:34:54.384 [FXGL Background Thread 1 ] WARN  TextLevelParser      - No producer found for character: 0
12:34:54.384 [FXGL Background Thread 1 ] WARN  TextLevelParser      - No producer found for character: 0
12:34:54.384 [FXGL Background Thread 1 ] WARN  TextLevelParser      - No producer found for character: 0
12:34:54.384 [FXGL Background Thread 1 ] WARN  TextLevelParser      - No producer found for character: 0
12:34:54.384 [FXGL Background Thread 1 ] WARN  TextLevelParser      - No producer found for character: 0
12:34:54.384 [FXGL Background Thread 1 ] WARN  TextLevelParser      - No producer found for character: 0
12:34:54.384 [FXGL Background Thread 1 ] WARN  TextLevelParser      - No producer found for character: 0
12:34:54.384 [FXGL Background Thread 1 ] WARN  TextLevelParser      - No producer found for character: 0
12:34:54.385 [FXGL Background Thread 1 ] WARN  TextLevelParser      - No producer found for character: 0
12:34:54.385 [FXGL Background Thread 1 ] WARN  TextLevelParser      - No producer found for character: 0
12:34:54.385 [FXGL Background Thread 1 ] WARN  TextLevelParser      - No producer found for character: 0
12:34:54.385 [FXGL Background Thread 1 ] WARN  TextLevelParser      - No producer found for character: 0
12:34:54.385 [FXGL Background Thread 1 ] WARN  TextLevelParser      - No producer found for character: 0
12:34:54.385 [FXGL Background Thread 1 ] WARN  TextLevelParser      - No producer found for character: 0
12:34:54.385 [FXGL Background Thread 1 ] WARN  TextLevelParser      - No producer found for character: 0
12:34:54.385 [FXGL Background Thread 1 ] WARN  TextLevelParser      - No producer found for character: 0
12:34:54.385 [FXGL Background Thread 1 ] WARN  TextLevelParser      - No producer found for character: 0
12:34:54.385 [FXGL Background Thread 1 ] WARN  TextLevelParser      - No producer found for character: 0
12:34:54.386 [FXGL Background Thread 1 ] WARN  TextLevelParser      - No producer found for character: 0
12:34:54.386 [FXGL Background Thread 1 ] WARN  TextLevelParser      - No producer found for character: 0
12:34:54.386 [FXGL Background Thread 1 ] WARN  TextLevelParser      - No producer found for character: 0
12:34:54.386 [FXGL Background Thread 1 ] WARN  TextLevelParser      - No producer found for character: 0
12:34:54.386 [FXGL Background Thread 1 ] WARN  TextLevelParser      - No producer found for character: 0
12:34:54.386 [FXGL Background Thread 1 ] WARN  TextLevelParser      - No producer found for character: 0
12:34:54.386 [FXGL Background Thread 1 ] WARN  TextLevelParser      - No producer found for character: 0
12:34:54.386 [FXGL Background Thread 1 ] WARN  TextLevelParser      - No producer found for character: 0
12:34:54.386 [FXGL Background Thread 1 ] WARN  TextLevelParser      - No producer found for character: 0
12:34:54.386 [FXGL Background Thread 1 ] WARN  TextLevelParser      - No producer found for character: 0
12:34:54.387 [FXGL Background Thread 1 ] WARN  TextLevelParser      - No producer found for character: 0
12:34:54.387 [FXGL Background Thread 1 ] WARN  TextLevelParser      - No producer found for character: 0
12:34:54.387 [FXGL Background Thread 1 ] WARN  TextLevelParser      - No producer found for character: 0
12:34:54.387 [FXGL Background Thread 1 ] WARN  TextLevelParser      - No producer found for character: 0
12:34:54.387 [FXGL Background Thread 1 ] WARN  TextLevelParser      - No producer found for character: 0
12:34:54.388 [FXGL Background Thread 1 ] DEBUG AssetLoader          - Loading from disk: /assets/textures/bar.png
12:34:54.390 [FXGL Background Thread 1 ] WARN  TextLevelParser      - No producer found for character: 0
12:34:54.390 [FXGL Background Thread 1 ] WARN  TextLevelParser      - No producer found for character: 0
12:34:54.390 [FXGL Background Thread 1 ] WARN  TextLevelParser      - No producer found for character: 0
12:34:54.391 [FXGL Background Thread 1 ] WARN  TextLevelParser      - No producer found for character: 0
12:34:54.391 [FXGL Background Thread 1 ] WARN  TextLevelParser      - No producer found for character: 0
12:34:54.391 [FXGL Background Thread 1 ] WARN  TextLevelParser      - No producer found for character: 0
12:34:54.391 [FXGL Background Thread 1 ] WARN  TextLevelParser      - No producer found for character: 0
12:34:54.391 [FXGL Background Thread 1 ] WARN  TextLevelParser      - No producer found for character: 0
12:34:54.391 [FXGL Background Thread 1 ] WARN  TextLevelParser      - No producer found for character: 0
12:34:54.391 [FXGL Background Thread 1 ] WARN  TextLevelParser      - No producer found for character: 0
12:34:54.391 [FXGL Background Thread 1 ] WARN  TextLevelParser      - No producer found for character: 0
12:34:54.391 [FXGL Background Thread 1 ] WARN  TextLevelParser      - No producer found for character: 0
12:34:54.392 [FXGL Background Thread 1 ] WARN  TextLevelParser      - No producer found for character: 0
12:34:54.392 [FXGL Background Thread 1 ] WARN  TextLevelParser      - No producer found for character: 0
12:34:54.392 [FXGL Background Thread 1 ] WARN  TextLevelParser      - No producer found for character: 0
12:34:54.392 [FXGL Background Thread 1 ] WARN  TextLevelParser      - No producer found for character: 0
12:34:54.392 [FXGL Background Thread 1 ] WARN  TextLevelParser      - No producer found for character: 0
12:34:54.392 [FXGL Background Thread 1 ] WARN  TextLevelParser      - No producer found for character: 0
12:34:54.392 [FXGL Background Thread 1 ] WARN  TextLevelParser      - No producer found for character: 0
12:34:54.392 [FXGL Background Thread 1 ] WARN  TextLevelParser      - No producer found for character: 0
12:34:54.392 [FXGL Background Thread 1 ] WARN  TextLevelParser      - No producer found for character: 0
12:34:54.392 [FXGL Background Thread 1 ] WARN  TextLevelParser      - No producer found for character: 0
12:34:54.393 [FXGL Background Thread 1 ] WARN  TextLevelParser      - No producer found for character: 0
12:34:54.393 [FXGL Background Thread 1 ] WARN  TextLevelParser      - No producer found for character: 0
12:34:54.393 [FXGL Background Thread 1 ] WARN  TextLevelParser      - No producer found for character: 0
12:34:54.393 [FXGL Background Thread 1 ] WARN  TextLevelParser      - No producer found for character: 0
12:34:54.393 [FXGL Background Thread 1 ] WARN  TextLevelParser      - No producer found for character: 0
12:34:54.393 [FXGL Background Thread 1 ] WARN  TextLevelParser      - No producer found for character: 0
12:34:54.394 [FXGL Background Thread 1 ] DEBUG GameWorld            - Clearing removable entities
12:34:54.394 [FXGL Background Thread 1 ] DEBUG GameWorld            - Setting level: com.almasb.fxgl.entity.Level@4f827b0e
12:34:54.425 [FXGL Background Thread 1 ] DEBUG GameScene            - Creating render group for layer: DEFAULT(100000)
12:34:54.429 [FXGL Background Thread 1 ] DEBUG InitAppTask          - Initializing Physics
12:34:54.429 [FXGL Background Thread 1 ] DEBUG InitAppTask          - Initializing UI
12:34:54.429 [FXGL Background Thread 1 ] DEBUG InitAppTask          - Initialization Complete
12:34:54.430 [FXGL Background Thread 1 ] INFO  InitAppTask          - Game initialization took: 0,169 sec
12:34:54.442 [JavaFX Application Thread] DEBUG Input                - Clearing active input actions
12:34:54.442 [JavaFX Application Thread] DEBUG AssetLoader          - Loading from disk: /assets/ui/css/fxgl_dark.css
12:34:54.454 [JavaFX Application Thread] DEBUG AppStateMachine      - LoadingState -> PlayState
12:34:56.203 [JavaFX Application Thread] FATAL FXGL                 - Uncaught Exception:

Fatal exception occurred: java.lang.IllegalArgumentException : Component BatComponent not found!
E: com.almasb.fxgl.entity.Entity.getComponent(Entity.java:276)
E: com.dalphs.BreakoutApp.getBatControl(BreakoutApp.java:13)
E: com.dalphs.BreakoutApp.access$000(BreakoutApp.java:10)
E: com.dalphs.BreakoutApp$2.onAction(BreakoutApp.java:52)
E: com.almasb.fxgl.input.UserAction.fireAction(UserAction.java:80)
E: com.almasb.fxgl.input.Input.update(Input.kt:148)
E: com.almasb.fxgl.app.State.update(State.java:71)
E: com.almasb.fxgl.app.AppStateMachine.onUpdate(AppStateMachine.java:100)
E: com.almasb.fxgl.app.FXGL.loop(FXGL.kt:356)
E: com.almasb.fxgl.app.FXGL.access$loop(FXGL.kt:54)
E: com.almasb.fxgl.app.FXGL$loop$1.accept(FXGL.kt:78)
E: com.almasb.fxgl.app.FXGL$loop$1.accept(FXGL.kt:54)
E: com.almasb.fxgl.app.LoopRunner.frame(LoopRunner.kt:88)
E: com.almasb.fxgl.app.LoopRunner.access$frame(LoopRunner.kt:19)
E: com.almasb.fxgl.app.LoopRunner$impl$2$1.handle(LoopRunner.kt:39)
E: javafx.graphics/javafx.animation.AnimationTimer$AnimationTimerReceiver.lambda$handle$0(AnimationTimer.java:57)
E: java.base/java.security.AccessController.doPrivileged(Native Method)
E: javafx.graphics/javafx.animation.AnimationTimer$AnimationTimerReceiver.handle(AnimationTimer.java:56)
E: javafx.graphics/com.sun.scenario.animation.AbstractMasterTimer.timePulseImpl(AbstractMasterTimer.java:357)
E: javafx.graphics/com.sun.scenario.animation.AbstractMasterTimer$MainLoop.run(AbstractMasterTimer.java:267)
E: javafx.graphics/com.sun.javafx.tk.quantum.QuantumToolkit.pulse(QuantumToolkit.java:514)
E: javafx.graphics/com.sun.javafx.tk.quantum.QuantumToolkit.pulse(QuantumToolkit.java:498)
E: javafx.graphics/com.sun.javafx.tk.quantum.QuantumToolkit.pulseFromQueue(QuantumToolkit.java:491)
E: javafx.graphics/com.sun.javafx.tk.quantum.QuantumToolkit.lambda$runToolkit$11(QuantumToolkit.java:319)
E: javafx.graphics/com.sun.glass.ui.InvokeLaterDispatcher$Future.run(InvokeLaterDispatcher.java:96)
E: javafx.graphics/com.sun.glass.ui.win.WinApplication._runLoop(Native Method)
E: javafx.graphics/com.sun.glass.ui.win.WinApplication.lambda$runLoop$3(WinApplication.java:175)
E: java.base/java.lang.Thread.run(Thread.java:844)

12:34:56.203 [JavaFX Application Thread] FATAL FXGL                 - Application will now exit
12:34:56.203 [JavaFX Application Thread] DEBUG LoopRunner           - Stopping loop
12:35:13.076 [JavaFX Application Thread] DEBUG FXGL                 - Exiting FXGL
12:35:13.076 [JavaFX Application Thread] DEBUG FXGL                 - Shutting down background threads
12:35:13.076 [JavaFX Application Thread] DEBUG FXGL                 - Saving FXGL system data
12:35:13.080 [JavaFX Application Thread] DEBUG DesktopFSService     - Writing to: system\fxgl.bundle
12:35:13.084 [JavaFX Application Thread] DEBUG FXGL                 - Closing logger and exiting JavaFX
