11:26:49.346 [JavaFX Application Thread] DEBUG GameApplication      - Logger initialized
11:26:49.362 [JavaFX Application Thread] DEBUG GameApplication      - Logging settings
Title: Breakout
Version: 0.1
Width: 800
Height: 600
Fullscreen: false
Intro: false
Menus: false
Profiling: false
Single step:false
App Mode: DEVELOPER
Menu Key: ESCAPE
Stage Style: DECORATED
Scene Factory: class com.almasb.fxgl.scene.SceneFactory
Dialog Factory: class com.almasb.fxgl.ui.FXGLDialogFactory
UI Factory: class com.almasb.fxgl.ui.FXGLUIFactory
Notification Service: class com.almasb.fxgl.gameplay.notification.XboxNotificationView
Exception Handler: class com.almasb.fxgl.app.FXGLExceptionHandler
11:26:49.362 [JavaFX Application Thread] DEBUG GameApplication      - Starting FXGL
11:26:49.374 [JavaFX Application Thread] INFO  FXGL                 - FXGL-0.5.4 on DESKTOP
11:26:49.374 [JavaFX Application Thread] INFO  FXGL                 - Source code and latest versions at: https://github.com/AlmasB/FXGL
11:26:49.375 [JavaFX Application Thread] INFO  FXGL                 -              Join the FXGL chat at: https://gitter.im/AlmasB/FXGL
11:26:49.375 [JavaFX Application Thread] DEBUG FXGL                 - FXGL started
11:26:49.375 [JavaFX Application Thread] DEBUG FXGL                 - Initializing FXGL
11:26:49.423 [JavaFX Application Thread] DEBUG AssetLoader          - Loading from disk: /assets/ui/cursors/fxgl_default.png
11:26:49.526 [JavaFX Application Thread] DEBUG AssetLoader          - Loading from disk: /assets/ui/fonts/VarelaRound-Regular.ttf
11:26:49.775 [JavaFX Application Thread] DEBUG MainWindow           - Creating a JavaFX scene
11:26:49.809 [JavaFX Application Thread] DEBUG MainWindow           - Target settings size: 800.0 x 600.0
11:26:49.810 [JavaFX Application Thread] DEBUG MainWindow           - Scaled scene size:    800.0 x 600.0
11:26:49.810 [JavaFX Application Thread] DEBUG MainWindow           - Scaled ratio: (1.0, 1.0)
11:26:49.812 [JavaFX Application Thread] DEBUG AssetLoader          - Loading from disk: /assets/ui/css/fxgl_dark.css
11:26:49.816 [JavaFX Application Thread] DEBUG AssetLoader          - Loading from disk: /assets/textures/fxgl_icon.png
11:26:49.834 [JavaFX Application Thread] DEBUG MainWindow           - Opening main window
11:26:49.989 [JavaFX Application Thread] DEBUG MainWindow           - Window border size: (14.4000244140625, 37.5999755859375)
11:26:49.989 [JavaFX Application Thread] DEBUG MainWindow           - Scaled size: 800.0 x 600.0
11:26:49.990 [JavaFX Application Thread] DEBUG MainWindow           - Scaled ratio: (1.0, 1.0)
11:26:49.990 [JavaFX Application Thread] DEBUG MainWindow           - Scene size: 800.0 x 600.0
11:26:49.990 [JavaFX Application Thread] DEBUG MainWindow           - Stage size: 814.4000244140625 x 637.5999755859375
11:26:50.054 [ForkJoinPool.commonPool-worker-9] DEBUG FS                   - Loaded DesktopFSService
11:26:50.055 [ForkJoinPool.commonPool-worker-9] DEBUG FXGL                 - Loading FXGL system data
11:26:50.062 [ForkJoinPool.commonPool-worker-9] DEBUG DesktopFSService     - Reading from: system\fxgl.bundle
11:26:50.075 [ForkJoinPool.commonPool-worker-9] DEBUG Bundle               - Logging bundle: FXGL
11:26:50.076 [ForkJoinPool.commonPool-worker-9] DEBUG Bundle               - FXGL.offline.timer.version.check=2019-01-24T08:55:57.713219300
11:26:50.077 [ForkJoinPool.commonPool-worker-9] DEBUG FXGL                 - Initializing state machine and application states
11:26:50.080 [ForkJoinPool.commonPool-worker-9] DEBUG AssetLoader          - Loading from disk: /assets/ui/cursors/fxgl_default.png
11:26:50.089 [ForkJoinPool.commonPool-worker-9] DEBUG AssetLoader          - Loading from disk: /assets/ui/cursors/fxgl_default.png
11:26:50.097 [ForkJoinPool.commonPool-worker-9] DEBUG AssetLoader          - Loading from cache: /assets/ui/fonts/VarelaRound-Regular.ttf
11:26:50.101 [ForkJoinPool.commonPool-worker-9] DEBUG AssetLoader          - Loading from disk: /assets/ui/cursors/fxgl_default.png
11:26:50.112 [ForkJoinPool.commonPool-worker-9] DEBUG GameScene            - Game scene initialized: 800x600
11:26:50.120 [ForkJoinPool.commonPool-worker-9] DEBUG GameWorld            - Game world initialized
11:26:50.210 [ForkJoinPool.commonPool-worker-9] DEBUG PhysicsWorld         - Physics world initialized: appHeight=600, physics.ppm=50,0
11:26:50.233 [ForkJoinPool.commonPool-worker-9] DEBUG Input                - Registered new binding: Pause - Esc
11:26:50.291 [JavaFX Application Thread] DEBUG FXGL                 - Running preInit()
11:26:50.293 [JavaFX Application Thread] DEBUG Input                - Registered new binding: Screenshot - P
11:26:50.293 [JavaFX Application Thread] DEBUG Input                - Registered new binding: Dev Options - CTRL+0
11:26:50.294 [JavaFX Application Thread] DEBUG Input                - Registered new binding: System info dump - CTRL+9
11:26:50.295 [JavaFX Application Thread] DEBUG Input                - Registered new binding: Restart - CTRL+R
11:26:50.295 [JavaFX Application Thread] INFO  FXGL                 - FXGL initialization took: 0,920 sec
11:26:50.296 [JavaFX Application Thread] DEBUG LoopRunner           - Starting loop
11:26:50.298 [JavaFX Application Thread] DEBUG StartupState         - STARTUP
11:26:50.298 [JavaFX Application Thread] DEBUG GameApplication      - Starting new game
11:26:50.298 [JavaFX Application Thread] DEBUG Input                - Clearing active input actions
11:26:50.299 [JavaFX Application Thread] DEBUG AssetLoader          - Loading from disk: /assets/ui/css/fxgl_dark.css
11:26:50.310 [JavaFX Application Thread] DEBUG AppStateMachine      - StartupState -> LoadingState
11:26:50.318 [FXGL Background Thread 1 ] DEBUG InitAppTask          - Clearing previous game
11:26:50.319 [FXGL Background Thread 1 ] DEBUG GameWorld            - Clearing game world
11:26:50.319 [FXGL Background Thread 1 ] DEBUG PhysicsWorld         - Clearing physics world
11:26:50.319 [FXGL Background Thread 1 ] DEBUG GameScene            - Clearing game scene
11:26:50.322 [FXGL Background Thread 1 ] DEBUG InitAppTask          - Initializing Game
11:26:50.348 [FXGL Background Thread 1 ] DEBUG AssetLoader          - Loading from disk: /assets/text/levels/somebricks.txt
11:26:50.356 [FXGL Background Thread 1 ] WARN  TextLevelParser      - No producer found for character: 0
11:26:50.357 [FXGL Background Thread 1 ] WARN  TextLevelParser      - No producer found for character: 0
11:26:50.357 [FXGL Background Thread 1 ] WARN  TextLevelParser      - No producer found for character: 0
11:26:50.357 [FXGL Background Thread 1 ] WARN  TextLevelParser      - No producer found for character: 0
11:26:50.357 [FXGL Background Thread 1 ] WARN  TextLevelParser      - No producer found for character: 0
11:26:50.357 [FXGL Background Thread 1 ] WARN  TextLevelParser      - No producer found for character: 0
11:26:50.357 [FXGL Background Thread 1 ] WARN  TextLevelParser      - No producer found for character: 0
11:26:50.358 [FXGL Background Thread 1 ] WARN  TextLevelParser      - No producer found for character: 0
11:26:50.358 [FXGL Background Thread 1 ] WARN  TextLevelParser      - No producer found for character: 0
11:26:50.358 [FXGL Background Thread 1 ] WARN  TextLevelParser      - No producer found for character: 0
11:26:50.358 [FXGL Background Thread 1 ] WARN  TextLevelParser      - No producer found for character: 0
11:26:50.358 [FXGL Background Thread 1 ] WARN  TextLevelParser      - No producer found for character: 0
11:26:50.358 [FXGL Background Thread 1 ] WARN  TextLevelParser      - No producer found for character: 0
11:26:50.359 [FXGL Background Thread 1 ] WARN  TextLevelParser      - No producer found for character: 0
11:26:50.359 [FXGL Background Thread 1 ] WARN  TextLevelParser      - No producer found for character: 0
11:26:50.359 [FXGL Background Thread 1 ] WARN  TextLevelParser      - No producer found for character: 0
11:26:50.359 [FXGL Background Thread 1 ] WARN  TextLevelParser      - No producer found for character: 0
11:26:50.359 [FXGL Background Thread 1 ] WARN  TextLevelParser      - No producer found for character: 0
11:26:50.359 [FXGL Background Thread 1 ] WARN  TextLevelParser      - No producer found for character: 0
11:26:50.387 [FXGL Background Thread 1 ] DEBUG AssetLoader          - Loading from disk: /assets/textures/brick1.png
11:26:50.396 [FXGL Background Thread 1 ] WARN  TextLevelParser      - No producer found for character: 0
11:26:50.397 [FXGL Background Thread 1 ] DEBUG AssetLoader          - Loading from cache: /assets/textures/brick1.png
11:26:50.399 [FXGL Background Thread 1 ] WARN  TextLevelParser      - No producer found for character: 0
11:26:50.400 [FXGL Background Thread 1 ] DEBUG AssetLoader          - Loading from cache: /assets/textures/brick1.png
11:26:50.401 [FXGL Background Thread 1 ] WARN  TextLevelParser      - No producer found for character: 0
11:26:50.402 [FXGL Background Thread 1 ] DEBUG AssetLoader          - Loading from cache: /assets/textures/brick1.png
11:26:50.403 [FXGL Background Thread 1 ] WARN  TextLevelParser      - No producer found for character: 0
11:26:50.404 [FXGL Background Thread 1 ] DEBUG AssetLoader          - Loading from cache: /assets/textures/brick1.png
11:26:50.405 [FXGL Background Thread 1 ] WARN  TextLevelParser      - No producer found for character: 0
11:26:50.405 [FXGL Background Thread 1 ] DEBUG AssetLoader          - Loading from cache: /assets/textures/brick1.png
11:26:50.406 [FXGL Background Thread 1 ] WARN  TextLevelParser      - No producer found for character: 0
11:26:50.407 [FXGL Background Thread 1 ] DEBUG AssetLoader          - Loading from cache: /assets/textures/brick1.png
11:26:50.408 [FXGL Background Thread 1 ] WARN  TextLevelParser      - No producer found for character: 0
11:26:50.408 [FXGL Background Thread 1 ] DEBUG AssetLoader          - Loading from cache: /assets/textures/brick1.png
11:26:50.409 [FXGL Background Thread 1 ] WARN  TextLevelParser      - No producer found for character: 0
11:26:50.409 [FXGL Background Thread 1 ] DEBUG AssetLoader          - Loading from cache: /assets/textures/brick1.png
11:26:50.410 [FXGL Background Thread 1 ] WARN  TextLevelParser      - No producer found for character: 0
11:26:50.410 [FXGL Background Thread 1 ] DEBUG AssetLoader          - Loading from cache: /assets/textures/brick1.png
11:26:50.411 [FXGL Background Thread 1 ] WARN  TextLevelParser      - No producer found for character: 0
11:26:50.411 [FXGL Background Thread 1 ] WARN  TextLevelParser      - No producer found for character: 0
11:26:50.411 [FXGL Background Thread 1 ] WARN  TextLevelParser      - No producer found for character: 0
11:26:50.411 [FXGL Background Thread 1 ] WARN  TextLevelParser      - No producer found for character: 0
11:26:50.411 [FXGL Background Thread 1 ] WARN  TextLevelParser      - No producer found for character: 0
11:26:50.411 [FXGL Background Thread 1 ] WARN  TextLevelParser      - No producer found for character: 0
11:26:50.411 [FXGL Background Thread 1 ] WARN  TextLevelParser      - No producer found for character: 0
11:26:50.411 [FXGL Background Thread 1 ] WARN  TextLevelParser      - No producer found for character: 0
11:26:50.412 [FXGL Background Thread 1 ] WARN  TextLevelParser      - No producer found for character: 0
11:26:50.412 [FXGL Background Thread 1 ] WARN  TextLevelParser      - No producer found for character: 0
11:26:50.412 [FXGL Background Thread 1 ] WARN  TextLevelParser      - No producer found for character: 0
11:26:50.412 [FXGL Background Thread 1 ] WARN  TextLevelParser      - No producer found for character: 0
11:26:50.412 [FXGL Background Thread 1 ] WARN  TextLevelParser      - No producer found for character: 0
11:26:50.412 [FXGL Background Thread 1 ] WARN  TextLevelParser      - No producer found for character: 0
11:26:50.412 [FXGL Background Thread 1 ] WARN  TextLevelParser      - No producer found for character: 0
11:26:50.412 [FXGL Background Thread 1 ] WARN  TextLevelParser      - No producer found for character: 0
11:26:50.413 [FXGL Background Thread 1 ] WARN  TextLevelParser      - No producer found for character: 0
11:26:50.413 [FXGL Background Thread 1 ] WARN  TextLevelParser      - No producer found for character: 0
11:26:50.413 [FXGL Background Thread 1 ] WARN  TextLevelParser      - No producer found for character: 0
11:26:50.413 [FXGL Background Thread 1 ] WARN  TextLevelParser      - No producer found for character: 0
11:26:50.413 [FXGL Background Thread 1 ] WARN  TextLevelParser      - No producer found for character: 0
11:26:50.413 [FXGL Background Thread 1 ] WARN  TextLevelParser      - No producer found for character: 0
11:26:50.413 [FXGL Background Thread 1 ] WARN  TextLevelParser      - No producer found for character: 0
11:26:50.413 [FXGL Background Thread 1 ] WARN  TextLevelParser      - No producer found for character: 0
11:26:50.413 [FXGL Background Thread 1 ] WARN  TextLevelParser      - No producer found for character: 0
11:26:50.414 [FXGL Background Thread 1 ] WARN  TextLevelParser      - No producer found for character: 0
11:26:50.414 [FXGL Background Thread 1 ] WARN  TextLevelParser      - No producer found for character: 0
11:26:50.414 [FXGL Background Thread 1 ] WARN  TextLevelParser      - No producer found for character: 0
11:26:50.414 [FXGL Background Thread 1 ] WARN  TextLevelParser      - No producer found for character: 0
11:26:50.414 [FXGL Background Thread 1 ] WARN  TextLevelParser      - No producer found for character: 0
11:26:50.414 [FXGL Background Thread 1 ] WARN  TextLevelParser      - No producer found for character: 0
11:26:50.414 [FXGL Background Thread 1 ] WARN  TextLevelParser      - No producer found for character: 0
11:26:50.414 [FXGL Background Thread 1 ] WARN  TextLevelParser      - No producer found for character: 0
11:26:50.415 [FXGL Background Thread 1 ] WARN  TextLevelParser      - No producer found for character: 0
11:26:50.415 [FXGL Background Thread 1 ] WARN  TextLevelParser      - No producer found for character: 0
11:26:50.415 [FXGL Background Thread 1 ] WARN  TextLevelParser      - No producer found for character: 0
11:26:50.415 [FXGL Background Thread 1 ] WARN  TextLevelParser      - No producer found for character: 0
11:26:50.415 [FXGL Background Thread 1 ] WARN  TextLevelParser      - No producer found for character: 0
11:26:50.416 [FXGL Background Thread 1 ] WARN  TextLevelParser      - No producer found for character: 0
11:26:50.416 [FXGL Background Thread 1 ] WARN  TextLevelParser      - No producer found for character: 0
11:26:50.416 [FXGL Background Thread 1 ] WARN  TextLevelParser      - No producer found for character: 0
11:26:50.416 [FXGL Background Thread 1 ] WARN  TextLevelParser      - No producer found for character: 0
11:26:50.416 [FXGL Background Thread 1 ] WARN  TextLevelParser      - No producer found for character: 0
11:26:50.416 [FXGL Background Thread 1 ] WARN  TextLevelParser      - No producer found for character: 0
11:26:50.416 [FXGL Background Thread 1 ] WARN  TextLevelParser      - No producer found for character: 0
11:26:50.417 [FXGL Background Thread 1 ] WARN  TextLevelParser      - No producer found for character: 0
11:26:50.417 [FXGL Background Thread 1 ] WARN  TextLevelParser      - No producer found for character: 0
11:26:50.417 [FXGL Background Thread 1 ] WARN  TextLevelParser      - No producer found for character: 0
11:26:50.417 [FXGL Background Thread 1 ] WARN  TextLevelParser      - No producer found for character: 0
11:26:50.417 [FXGL Background Thread 1 ] WARN  TextLevelParser      - No producer found for character: 0
11:26:50.417 [FXGL Background Thread 1 ] WARN  TextLevelParser      - No producer found for character: 0
11:26:50.418 [FXGL Background Thread 1 ] WARN  TextLevelParser      - No producer found for character: 0
11:26:50.418 [FXGL Background Thread 1 ] WARN  TextLevelParser      - No producer found for character: 0
11:26:50.418 [FXGL Background Thread 1 ] WARN  TextLevelParser      - No producer found for character: 0
11:26:50.418 [FXGL Background Thread 1 ] WARN  TextLevelParser      - No producer found for character: 0
11:26:50.418 [FXGL Background Thread 1 ] WARN  TextLevelParser      - No producer found for character: 0
11:26:50.418 [FXGL Background Thread 1 ] WARN  TextLevelParser      - No producer found for character: 0
11:26:50.418 [FXGL Background Thread 1 ] WARN  TextLevelParser      - No producer found for character: 0
11:26:50.418 [FXGL Background Thread 1 ] WARN  TextLevelParser      - No producer found for character: 0
11:26:50.419 [FXGL Background Thread 1 ] WARN  TextLevelParser      - No producer found for character: 0
11:26:50.419 [FXGL Background Thread 1 ] WARN  TextLevelParser      - No producer found for character: 0
11:26:50.420 [FXGL Background Thread 1 ] WARN  TextLevelParser      - No producer found for character: 0
11:26:50.420 [FXGL Background Thread 1 ] WARN  TextLevelParser      - No producer found for character: 0
11:26:50.420 [FXGL Background Thread 1 ] WARN  TextLevelParser      - No producer found for character: 0
11:26:50.420 [FXGL Background Thread 1 ] WARN  TextLevelParser      - No producer found for character: 0
11:26:50.420 [FXGL Background Thread 1 ] WARN  TextLevelParser      - No producer found for character: 0
11:26:50.421 [FXGL Background Thread 1 ] WARN  TextLevelParser      - No producer found for character: 0
11:26:50.421 [FXGL Background Thread 1 ] WARN  TextLevelParser      - No producer found for character: 0
11:26:50.421 [FXGL Background Thread 1 ] WARN  TextLevelParser      - No producer found for character: 0
11:26:50.421 [FXGL Background Thread 1 ] WARN  TextLevelParser      - No producer found for character: 0
11:26:50.421 [FXGL Background Thread 1 ] WARN  TextLevelParser      - No producer found for character: 0
11:26:50.421 [FXGL Background Thread 1 ] WARN  TextLevelParser      - No producer found for character: 0
11:26:50.421 [FXGL Background Thread 1 ] WARN  TextLevelParser      - No producer found for character: 0
11:26:50.421 [FXGL Background Thread 1 ] WARN  TextLevelParser      - No producer found for character: 0
11:26:50.422 [FXGL Background Thread 1 ] WARN  TextLevelParser      - No producer found for character: 0
11:26:50.422 [FXGL Background Thread 1 ] WARN  TextLevelParser      - No producer found for character: 0
11:26:50.422 [FXGL Background Thread 1 ] WARN  TextLevelParser      - No producer found for character: 0
11:26:50.422 [FXGL Background Thread 1 ] WARN  TextLevelParser      - No producer found for character: 0
11:26:50.422 [FXGL Background Thread 1 ] WARN  TextLevelParser      - No producer found for character: 0
11:26:50.422 [FXGL Background Thread 1 ] WARN  TextLevelParser      - No producer found for character: 0
11:26:50.422 [FXGL Background Thread 1 ] WARN  TextLevelParser      - No producer found for character: 0
11:26:50.422 [FXGL Background Thread 1 ] WARN  TextLevelParser      - No producer found for character: 0
11:26:50.422 [FXGL Background Thread 1 ] WARN  TextLevelParser      - No producer found for character: 0
11:26:50.423 [FXGL Background Thread 1 ] WARN  TextLevelParser      - No producer found for character: 0
11:26:50.423 [FXGL Background Thread 1 ] WARN  TextLevelParser      - No producer found for character: 0
11:26:50.423 [FXGL Background Thread 1 ] WARN  TextLevelParser      - No producer found for character: 0
11:26:50.423 [FXGL Background Thread 1 ] WARN  TextLevelParser      - No producer found for character: 0
11:26:50.423 [FXGL Background Thread 1 ] WARN  TextLevelParser      - No producer found for character: 0
11:26:50.423 [FXGL Background Thread 1 ] WARN  TextLevelParser      - No producer found for character: 0
11:26:50.424 [FXGL Background Thread 1 ] WARN  TextLevelParser      - No producer found for character: 0
11:26:50.424 [FXGL Background Thread 1 ] WARN  TextLevelParser      - No producer found for character: 0
11:26:50.424 [FXGL Background Thread 1 ] WARN  TextLevelParser      - No producer found for character: 0
11:26:50.424 [FXGL Background Thread 1 ] WARN  TextLevelParser      - No producer found for character: 0
11:26:50.424 [FXGL Background Thread 1 ] WARN  TextLevelParser      - No producer found for character: 0
11:26:50.424 [FXGL Background Thread 1 ] WARN  TextLevelParser      - No producer found for character: 0
11:26:50.424 [FXGL Background Thread 1 ] WARN  TextLevelParser      - No producer found for character: 0
11:26:50.424 [FXGL Background Thread 1 ] WARN  TextLevelParser      - No producer found for character: 0
11:26:50.424 [FXGL Background Thread 1 ] WARN  TextLevelParser      - No producer found for character: 0
11:26:50.424 [FXGL Background Thread 1 ] WARN  TextLevelParser      - No producer found for character: 0
11:26:50.425 [FXGL Background Thread 1 ] WARN  TextLevelParser      - No producer found for character: 0
11:26:50.425 [FXGL Background Thread 1 ] WARN  TextLevelParser      - No producer found for character: 0
11:26:50.425 [FXGL Background Thread 1 ] WARN  TextLevelParser      - No producer found for character: 0
11:26:50.425 [FXGL Background Thread 1 ] WARN  TextLevelParser      - No producer found for character: 0
11:26:50.425 [FXGL Background Thread 1 ] WARN  TextLevelParser      - No producer found for character: 0
11:26:50.425 [FXGL Background Thread 1 ] WARN  TextLevelParser      - No producer found for character: 0
11:26:50.425 [FXGL Background Thread 1 ] WARN  TextLevelParser      - No producer found for character: 0
11:26:50.426 [FXGL Background Thread 1 ] WARN  TextLevelParser      - No producer found for character: 0
11:26:50.426 [FXGL Background Thread 1 ] WARN  TextLevelParser      - No producer found for character: 0
11:26:50.426 [FXGL Background Thread 1 ] WARN  TextLevelParser      - No producer found for character: 0
11:26:50.426 [FXGL Background Thread 1 ] WARN  TextLevelParser      - No producer found for character: 0
11:26:50.427 [FXGL Background Thread 1 ] WARN  TextLevelParser      - No producer found for character: 0
11:26:50.427 [FXGL Background Thread 1 ] WARN  TextLevelParser      - No producer found for character: 0
11:26:50.427 [FXGL Background Thread 1 ] WARN  TextLevelParser      - No producer found for character: 0
11:26:50.427 [FXGL Background Thread 1 ] WARN  TextLevelParser      - No producer found for character: 0
11:26:50.427 [FXGL Background Thread 1 ] WARN  TextLevelParser      - No producer found for character: 0
11:26:50.427 [FXGL Background Thread 1 ] WARN  TextLevelParser      - No producer found for character: 0
11:26:50.427 [FXGL Background Thread 1 ] WARN  TextLevelParser      - No producer found for character: 0
11:26:50.427 [FXGL Background Thread 1 ] WARN  TextLevelParser      - No producer found for character: 0
11:26:50.428 [FXGL Background Thread 1 ] WARN  TextLevelParser      - No producer found for character: 0
11:26:50.428 [FXGL Background Thread 1 ] WARN  TextLevelParser      - No producer found for character: 0
11:26:50.428 [FXGL Background Thread 1 ] WARN  TextLevelParser      - No producer found for character: 0
11:26:50.428 [FXGL Background Thread 1 ] WARN  TextLevelParser      - No producer found for character: 0
11:26:50.428 [FXGL Background Thread 1 ] WARN  TextLevelParser      - No producer found for character: 0
11:26:50.428 [FXGL Background Thread 1 ] WARN  TextLevelParser      - No producer found for character: 0
11:26:50.428 [FXGL Background Thread 1 ] WARN  TextLevelParser      - No producer found for character: 0
11:26:50.428 [FXGL Background Thread 1 ] WARN  TextLevelParser      - No producer found for character: 0
11:26:50.429 [FXGL Background Thread 1 ] WARN  TextLevelParser      - No producer found for character: 0
11:26:50.429 [FXGL Background Thread 1 ] WARN  TextLevelParser      - No producer found for character: 0
11:26:50.429 [FXGL Background Thread 1 ] WARN  TextLevelParser      - No producer found for character: 0
11:26:50.429 [FXGL Background Thread 1 ] WARN  TextLevelParser      - No producer found for character: 0
11:26:50.429 [FXGL Background Thread 1 ] WARN  TextLevelParser      - No producer found for character: 0
11:26:50.429 [FXGL Background Thread 1 ] WARN  TextLevelParser      - No producer found for character: 0
11:26:50.429 [FXGL Background Thread 1 ] WARN  TextLevelParser      - No producer found for character: 0
11:26:50.429 [FXGL Background Thread 1 ] WARN  TextLevelParser      - No producer found for character: 0
11:26:50.430 [FXGL Background Thread 1 ] WARN  TextLevelParser      - No producer found for character: 0
11:26:50.430 [FXGL Background Thread 1 ] WARN  TextLevelParser      - No producer found for character: 0
11:26:50.430 [FXGL Background Thread 1 ] WARN  TextLevelParser      - No producer found for character: 0
11:26:50.430 [FXGL Background Thread 1 ] WARN  TextLevelParser      - No producer found for character: 0
11:26:50.430 [FXGL Background Thread 1 ] WARN  TextLevelParser      - No producer found for character: 0
11:26:50.430 [FXGL Background Thread 1 ] WARN  TextLevelParser      - No producer found for character: 0
11:26:50.430 [FXGL Background Thread 1 ] WARN  TextLevelParser      - No producer found for character: 0
11:26:50.430 [FXGL Background Thread 1 ] WARN  TextLevelParser      - No producer found for character: 0
11:26:50.430 [FXGL Background Thread 1 ] WARN  TextLevelParser      - No producer found for character: 0
11:26:50.430 [FXGL Background Thread 1 ] WARN  TextLevelParser      - No producer found for character: 0
11:26:50.430 [FXGL Background Thread 1 ] WARN  TextLevelParser      - No producer found for character: 0
11:26:50.430 [FXGL Background Thread 1 ] WARN  TextLevelParser      - No producer found for character: 0
11:26:50.430 [FXGL Background Thread 1 ] WARN  TextLevelParser      - No producer found for character: 0
11:26:50.431 [FXGL Background Thread 1 ] WARN  TextLevelParser      - No producer found for character: 0
11:26:50.431 [FXGL Background Thread 1 ] WARN  TextLevelParser      - No producer found for character: 0
11:26:50.431 [FXGL Background Thread 1 ] WARN  TextLevelParser      - No producer found for character: 0
11:26:50.431 [FXGL Background Thread 1 ] WARN  TextLevelParser      - No producer found for character: 0
11:26:50.431 [FXGL Background Thread 1 ] WARN  TextLevelParser      - No producer found for character: 0
11:26:50.431 [FXGL Background Thread 1 ] WARN  TextLevelParser      - No producer found for character: 0
11:26:50.431 [FXGL Background Thread 1 ] WARN  TextLevelParser      - No producer found for character: 0
11:26:50.431 [FXGL Background Thread 1 ] WARN  TextLevelParser      - No producer found for character: 0
11:26:50.431 [FXGL Background Thread 1 ] WARN  TextLevelParser      - No producer found for character: 0
11:26:50.431 [FXGL Background Thread 1 ] WARN  TextLevelParser      - No producer found for character: 0
11:26:50.432 [FXGL Background Thread 1 ] WARN  TextLevelParser      - No producer found for character: 0
11:26:50.432 [FXGL Background Thread 1 ] WARN  TextLevelParser      - No producer found for character: 0
11:26:50.432 [FXGL Background Thread 1 ] WARN  TextLevelParser      - No producer found for character: 0
11:26:50.432 [FXGL Background Thread 1 ] WARN  TextLevelParser      - No producer found for character: 0
11:26:50.432 [FXGL Background Thread 1 ] WARN  TextLevelParser      - No producer found for character: 0
11:26:50.432 [FXGL Background Thread 1 ] WARN  TextLevelParser      - No producer found for character: 0
11:26:50.432 [FXGL Background Thread 1 ] WARN  TextLevelParser      - No producer found for character: 0
11:26:50.432 [FXGL Background Thread 1 ] WARN  TextLevelParser      - No producer found for character: 0
11:26:50.432 [FXGL Background Thread 1 ] WARN  TextLevelParser      - No producer found for character: 0
11:26:50.433 [FXGL Background Thread 1 ] WARN  TextLevelParser      - No producer found for character: 0
11:26:50.433 [FXGL Background Thread 1 ] WARN  TextLevelParser      - No producer found for character: 0
11:26:50.433 [FXGL Background Thread 1 ] WARN  TextLevelParser      - No producer found for character: 0
11:26:50.433 [FXGL Background Thread 1 ] WARN  TextLevelParser      - No producer found for character: 0
11:26:50.433 [FXGL Background Thread 1 ] WARN  TextLevelParser      - No producer found for character: 0
11:26:50.433 [FXGL Background Thread 1 ] WARN  TextLevelParser      - No producer found for character: 0
11:26:50.433 [FXGL Background Thread 1 ] WARN  TextLevelParser      - No producer found for character: 0
11:26:50.434 [FXGL Background Thread 1 ] WARN  TextLevelParser      - No producer found for character: 0
11:26:50.434 [FXGL Background Thread 1 ] WARN  TextLevelParser      - No producer found for character: 0
11:26:50.434 [FXGL Background Thread 1 ] WARN  TextLevelParser      - No producer found for character: 0
11:26:50.434 [FXGL Background Thread 1 ] WARN  TextLevelParser      - No producer found for character: 0
11:26:50.434 [FXGL Background Thread 1 ] WARN  TextLevelParser      - No producer found for character: 0
11:26:50.434 [FXGL Background Thread 1 ] WARN  TextLevelParser      - No producer found for character: 0
11:26:50.435 [FXGL Background Thread 1 ] WARN  TextLevelParser      - No producer found for character: 0
11:26:50.435 [FXGL Background Thread 1 ] WARN  TextLevelParser      - No producer found for character: 0
11:26:50.435 [FXGL Background Thread 1 ] WARN  TextLevelParser      - No producer found for character: 0
11:26:50.435 [FXGL Background Thread 1 ] WARN  TextLevelParser      - No producer found for character: 0
11:26:50.435 [FXGL Background Thread 1 ] WARN  TextLevelParser      - No producer found for character: 0
11:26:50.435 [FXGL Background Thread 1 ] WARN  TextLevelParser      - No producer found for character: 0
11:26:50.435 [FXGL Background Thread 1 ] WARN  TextLevelParser      - No producer found for character: 0
11:26:50.435 [FXGL Background Thread 1 ] WARN  TextLevelParser      - No producer found for character: 0
11:26:50.436 [FXGL Background Thread 1 ] WARN  TextLevelParser      - No producer found for character: 0
11:26:50.436 [FXGL Background Thread 1 ] WARN  TextLevelParser      - No producer found for character: 0
11:26:50.436 [FXGL Background Thread 1 ] WARN  TextLevelParser      - No producer found for character: 0
11:26:50.436 [FXGL Background Thread 1 ] WARN  TextLevelParser      - No producer found for character: 0
11:26:50.436 [FXGL Background Thread 1 ] WARN  TextLevelParser      - No producer found for character: 0
11:26:50.436 [FXGL Background Thread 1 ] WARN  TextLevelParser      - No producer found for character: 0
11:26:50.436 [FXGL Background Thread 1 ] WARN  TextLevelParser      - No producer found for character: 0
11:26:50.436 [FXGL Background Thread 1 ] WARN  TextLevelParser      - No producer found for character: 0
11:26:50.436 [FXGL Background Thread 1 ] WARN  TextLevelParser      - No producer found for character: 0
11:26:50.436 [FXGL Background Thread 1 ] WARN  TextLevelParser      - No producer found for character: 0
11:26:50.436 [FXGL Background Thread 1 ] WARN  TextLevelParser      - No producer found for character: 0
11:26:50.437 [FXGL Background Thread 1 ] WARN  TextLevelParser      - No producer found for character: 0
11:26:50.437 [FXGL Background Thread 1 ] DEBUG AssetLoader          - Loading from disk: /assets/textures/bar.png
11:26:50.439 [FXGL Background Thread 1 ] WARN  TextLevelParser      - No producer found for character: 0
11:26:50.439 [FXGL Background Thread 1 ] WARN  TextLevelParser      - No producer found for character: 0
11:26:50.439 [FXGL Background Thread 1 ] WARN  TextLevelParser      - No producer found for character: 0
11:26:50.439 [FXGL Background Thread 1 ] WARN  TextLevelParser      - No producer found for character: 0
11:26:50.439 [FXGL Background Thread 1 ] WARN  TextLevelParser      - No producer found for character: 0
11:26:50.440 [FXGL Background Thread 1 ] WARN  TextLevelParser      - No producer found for character: 0
11:26:50.440 [FXGL Background Thread 1 ] WARN  TextLevelParser      - No producer found for character: 0
11:26:50.440 [FXGL Background Thread 1 ] WARN  TextLevelParser      - No producer found for character: 0
11:26:50.440 [FXGL Background Thread 1 ] WARN  TextLevelParser      - No producer found for character: 0
11:26:50.440 [FXGL Background Thread 1 ] WARN  TextLevelParser      - No producer found for character: 0
11:26:50.440 [FXGL Background Thread 1 ] WARN  TextLevelParser      - No producer found for character: 0
11:26:50.440 [FXGL Background Thread 1 ] WARN  TextLevelParser      - No producer found for character: 0
11:26:50.440 [FXGL Background Thread 1 ] WARN  TextLevelParser      - No producer found for character: 0
11:26:50.440 [FXGL Background Thread 1 ] WARN  TextLevelParser      - No producer found for character: 0
11:26:50.440 [FXGL Background Thread 1 ] WARN  TextLevelParser      - No producer found for character: 0
11:26:50.440 [FXGL Background Thread 1 ] WARN  TextLevelParser      - No producer found for character: 0
11:26:50.440 [FXGL Background Thread 1 ] WARN  TextLevelParser      - No producer found for character: 0
11:26:50.440 [FXGL Background Thread 1 ] WARN  TextLevelParser      - No producer found for character: 0
11:26:50.440 [FXGL Background Thread 1 ] WARN  TextLevelParser      - No producer found for character: 0
11:26:50.441 [FXGL Background Thread 1 ] WARN  TextLevelParser      - No producer found for character: 0
11:26:50.441 [FXGL Background Thread 1 ] WARN  TextLevelParser      - No producer found for character: 0
11:26:50.441 [FXGL Background Thread 1 ] WARN  TextLevelParser      - No producer found for character: 0
11:26:50.441 [FXGL Background Thread 1 ] WARN  TextLevelParser      - No producer found for character: 0
11:26:50.441 [FXGL Background Thread 1 ] WARN  TextLevelParser      - No producer found for character: 0
11:26:50.441 [FXGL Background Thread 1 ] WARN  TextLevelParser      - No producer found for character: 0
11:26:50.441 [FXGL Background Thread 1 ] WARN  TextLevelParser      - No producer found for character: 0
11:26:50.441 [FXGL Background Thread 1 ] WARN  TextLevelParser      - No producer found for character: 0
11:26:50.441 [FXGL Background Thread 1 ] WARN  TextLevelParser      - No producer found for character: 0
11:26:50.442 [FXGL Background Thread 1 ] DEBUG GameWorld            - Clearing removable entities
11:26:50.442 [FXGL Background Thread 1 ] DEBUG GameWorld            - Setting level: com.almasb.fxgl.entity.Level@13c0d53e
11:26:50.466 [FXGL Background Thread 1 ] DEBUG GameScene            - Creating render group for layer: DEFAULT(100000)
11:26:50.471 [FXGL Background Thread 1 ] DEBUG InitAppTask          - Initializing Physics
11:26:50.471 [FXGL Background Thread 1 ] DEBUG InitAppTask          - Initializing UI
11:26:50.471 [FXGL Background Thread 1 ] DEBUG InitAppTask          - Initialization Complete
11:26:50.471 [FXGL Background Thread 1 ] INFO  InitAppTask          - Game initialization took: 0,153 sec
11:26:50.485 [JavaFX Application Thread] DEBUG Input                - Clearing active input actions
11:26:50.485 [JavaFX Application Thread] DEBUG AssetLoader          - Loading from disk: /assets/ui/css/fxgl_dark.css
11:26:50.497 [JavaFX Application Thread] DEBUG AppStateMachine      - LoadingState -> PlayState
11:26:54.591 [JavaFX Application Thread] DEBUG FXGL                 - Exiting FXGL
11:26:54.592 [JavaFX Application Thread] DEBUG FXGL                 - Shutting down background threads
11:26:54.592 [JavaFX Application Thread] DEBUG FXGL                 - Saving FXGL system data
11:26:54.595 [JavaFX Application Thread] DEBUG DesktopFSService     - Writing to: system\fxgl.bundle
11:26:54.599 [JavaFX Application Thread] DEBUG FXGL                 - Closing logger and exiting JavaFX
