09:04:32.551 [JavaFX Application Thread] DEBUG GameApplication      - Logger initialized
09:04:32.569 [JavaFX Application Thread] DEBUG MainWindow           - Creating a JavaFX scene
09:04:32.669 [JavaFX Application Thread] DEBUG MainWindow           - Target settings size: 900.0 x 780.0
09:04:32.669 [JavaFX Application Thread] DEBUG MainWindow           - Scaled scene size:    900.0 x 780.0
09:04:32.670 [JavaFX Application Thread] DEBUG MainWindow           - Scaled ratio: (1.0, 1.0)
09:04:32.673 [JavaFX Application Thread] DEBUG GameApplication      - Starting FXGL
09:04:32.691 [FXGL Launcher Thread     ] INFO  FXGL                 - FXGL-0.5.0 on DESKTOP
09:04:32.692 [FXGL Launcher Thread     ] INFO  FXGL                 - Source code and latest versions at: https://github.com/AlmasB/FXGL
09:04:32.692 [FXGL Launcher Thread     ] INFO  FXGL                 -              Join the FXGL chat at: https://gitter.im/AlmasB/FXGL
09:04:32.698 [FXGL Launcher Thread     ] DEBUG FXGL                 - Loading FXGL system data
09:04:32.707 [FXGL Launcher Thread     ] DEBUG FS                   - Reading from: system\fxgl.bundle
09:04:32.716 [FXGL Launcher Thread     ] DEBUG Bundle               - Logging bundle: FXGL
09:04:32.716 [FXGL Launcher Thread     ] DEBUG Bundle               - FXGL.offline.timer.version.check=2019-01-24T08:55:57.713219300
09:04:32.749 [FXGL Launcher Thread     ] DEBUG GameApplication      - FXGL started
09:04:32.749 [FXGL Launcher Thread     ] DEBUG GameApplication      - Logging game settings
Title: Breakout
Version: 0.1
Width: 900
Height: 780
Fullscreen: false
Intro: false
Menus: false
Profiling: false
Single step:false
App Mode: DEVELOPER
Menu Key: ESCAPE
Stage Style: DECORATED
Scene Factory: class com.almasb.fxgl.scene.SceneFactory
Dialog Factory: class com.almasb.fxgl.ui.FXGLDialogFactory
UI Factory: class com.almasb.fxgl.ui.FXGLUIFactory
Notification Service: class com.almasb.fxgl.gameplay.notification.XboxNotificationView
Exception Handler: class com.almasb.fxgl.app.FXGLExceptionHandler
09:04:32.750 [FXGL Launcher Thread     ] DEBUG GameApplication      - Configuring GameApplication
09:04:32.750 [FXGL Launcher Thread     ] DEBUG GameApplication      - Initializing state machine and application states
09:04:32.763 [FXGL Launcher Thread     ] DEBUG AssetLoader          - Loading from disk: /assets/ui/cursors/fxgl_default.png
09:04:32.780 [FXGL Launcher Thread     ] DEBUG AssetLoader          - Loading from disk: /assets/ui/cursors/fxgl_default.png
09:04:32.801 [FXGL Launcher Thread     ] DEBUG FXGLAssets           - Loading FXGLAssets
09:04:32.827 [FXGL Launcher Thread     ] DEBUG AssetLoader          - Loading from disk: /assets/ui/fonts/VarelaRound-Regular.ttf
09:04:33.011 [FXGL Launcher Thread     ] DEBUG AssetLoader          - Loading from disk: /assets/ui/fonts/lucida_console.ttf
09:04:33.016 [FXGL Launcher Thread     ] DEBUG AssetLoader          - Loading from disk: /assets/ui/css/fxgl_dark.css
09:04:33.016 [FXGL Launcher Thread     ] DEBUG AssetLoader          - Loading from disk: /assets/ui/icons/fxgl_icon.png
09:04:33.058 [FXGL Launcher Thread     ] DEBUG AssetLoader          - Loading from disk: /assets/ui/cursors/fxgl_default.png
09:04:33.066 [FXGL Launcher Thread     ] DEBUG AssetLoader          - Loading from disk: /assets/ui/cursors/fxgl_default.png
09:04:33.090 [FXGL Launcher Thread     ] DEBUG GameScene            - Game scene initialized: 900x780
09:04:33.098 [FXGL Launcher Thread     ] DEBUG GameWorld            - Game world initialized
09:04:33.169 [FXGL Launcher Thread     ] DEBUG PhysicsWorld         - Physics world initialized: appHeight=780, physics.ppm=50,0
09:04:33.188 [FXGL Launcher Thread     ] DEBUG Input                - Registered new binding: Pause - Esc
09:04:33.205 [FXGL Launcher Thread     ] DEBUG Input                - Clearing active input actions
09:04:33.246 [FXGL Launcher Thread     ] DEBUG AppStateMachine      - StartupState -> StartupState
09:04:33.257 [FXGL Launcher Thread     ] INFO  GameApplication      - Game configuration took:  0,507 sec
09:04:33.262 [JavaFX Application Thread] DEBUG MainWindow           - Opening main window
09:04:33.356 [JavaFX Application Thread] DEBUG MainWindow           - Window border size: (14.4000244140625, 37.5999755859375)
09:04:33.356 [JavaFX Application Thread] DEBUG MainWindow           - Scaled size: 900.0 x 780.0
09:04:33.356 [JavaFX Application Thread] DEBUG MainWindow           - Scaled ratio: (1.0, 1.0)
09:04:33.356 [JavaFX Application Thread] DEBUG MainWindow           - Scene size: 900.0 x 780.0
09:04:33.356 [JavaFX Application Thread] DEBUG MainWindow           - Stage size: 914.4000244140625 x 817.5999755859375
09:04:33.357 [JavaFX Application Thread] DEBUG GameApplication      - Running preInit()
09:04:33.359 [JavaFX Application Thread] DEBUG Input                - Registered new binding: Screenshot - P
09:04:33.359 [JavaFX Application Thread] DEBUG Input                - Registered new binding: Dev Options - CTRL+0
09:04:33.360 [JavaFX Application Thread] DEBUG Input                - Registered new binding: System info dump - CTRL+9
09:04:33.361 [JavaFX Application Thread] DEBUG Input                - Registered new binding: Restart - CTRL+R
09:04:33.362 [JavaFX Application Thread] DEBUG Input                - Registered new binding: Move Left - A
09:04:33.362 [JavaFX Application Thread] DEBUG Input                - Registered new binding: Move Right - D
09:04:33.383 [JavaFX Application Thread] DEBUG GameApplication      - Starting main loop
09:04:33.384 [JavaFX Application Thread] DEBUG StartupState         - STARTUP
09:04:33.385 [JavaFX Application Thread] DEBUG GameApplication      - Starting new game
09:04:33.385 [JavaFX Application Thread] DEBUG Input                - Clearing active input actions
09:04:33.397 [JavaFX Application Thread] DEBUG AppStateMachine      - StartupState -> LoadingState
09:04:33.400 [FXGL Background Thread 1 ] DEBUG InitAppTask          - Clearing previous game
09:04:33.400 [FXGL Background Thread 1 ] DEBUG GameWorld            - Clearing game world
09:04:33.400 [FXGL Background Thread 1 ] DEBUG PhysicsWorld         - Clearing physics world
09:04:33.400 [FXGL Background Thread 1 ] DEBUG GameScene            - Clearing game scene
09:04:33.401 [FXGL Background Thread 1 ] DEBUG InitAppTask          - Initializing Game
09:04:33.439 [FXGL Background Thread 1 ] DEBUG AssetLoader          - Loading from disk: /assets/text/levels/deathbricks.txt
09:04:33.441 [FXGL Background Thread 1 ] WARN  FXGL.TextLevelParser - No producer found for character: 0
09:04:33.441 [FXGL Background Thread 1 ] WARN  FXGL.TextLevelParser - No producer found for character: 0
09:04:33.441 [FXGL Background Thread 1 ] WARN  FXGL.TextLevelParser - No producer found for character: 0
09:04:33.441 [FXGL Background Thread 1 ] WARN  FXGL.TextLevelParser - No producer found for character: 0
09:04:33.441 [FXGL Background Thread 1 ] WARN  FXGL.TextLevelParser - No producer found for character: 0
09:04:33.442 [FXGL Background Thread 1 ] WARN  FXGL.TextLevelParser - No producer found for character: 0
09:04:33.442 [FXGL Background Thread 1 ] WARN  FXGL.TextLevelParser - No producer found for character: 0
09:04:33.442 [FXGL Background Thread 1 ] WARN  FXGL.TextLevelParser - No producer found for character: 0
09:04:33.442 [FXGL Background Thread 1 ] WARN  FXGL.TextLevelParser - No producer found for character: 0
09:04:33.442 [FXGL Background Thread 1 ] WARN  FXGL.TextLevelParser - No producer found for character: 0
09:04:33.442 [FXGL Background Thread 1 ] WARN  FXGL.TextLevelParser - No producer found for character: 0
09:04:33.443 [FXGL Background Thread 1 ] WARN  FXGL.TextLevelParser - No producer found for character: 0
09:04:33.443 [FXGL Background Thread 1 ] WARN  FXGL.TextLevelParser - No producer found for character: 0
09:04:33.443 [FXGL Background Thread 1 ] WARN  FXGL.TextLevelParser - No producer found for character: 0
09:04:33.443 [FXGL Background Thread 1 ] WARN  FXGL.TextLevelParser - No producer found for character: 0
09:04:33.444 [FXGL Background Thread 1 ] WARN  FXGL.TextLevelParser - No producer found for character: 0
09:04:33.483 [FXGL Background Thread 1 ] DEBUG AssetLoader          - Loading from disk: /assets/textures/brick1.png
09:04:33.499 [FXGL Background Thread 1 ] DEBUG AssetLoader          - Loading from cache: /assets/textures/brick1.png@50.0x24.0
09:04:33.503 [FXGL Background Thread 1 ] DEBUG AssetLoader          - Loading from cache: /assets/textures/brick1.png@50.0x24.0
09:04:33.504 [FXGL Background Thread 1 ] DEBUG AssetLoader          - Loading from cache: /assets/textures/brick1.png@50.0x24.0
09:04:33.505 [FXGL Background Thread 1 ] DEBUG AssetLoader          - Loading from cache: /assets/textures/brick1.png@50.0x24.0
09:04:33.506 [FXGL Background Thread 1 ] DEBUG AssetLoader          - Loading from cache: /assets/textures/brick1.png@50.0x24.0
09:04:33.508 [FXGL Background Thread 1 ] DEBUG AssetLoader          - Loading from cache: /assets/textures/brick1.png@50.0x24.0
09:04:33.509 [FXGL Background Thread 1 ] DEBUG AssetLoader          - Loading from cache: /assets/textures/brick1.png@50.0x24.0
09:04:33.511 [FXGL Background Thread 1 ] DEBUG AssetLoader          - Loading from cache: /assets/textures/brick1.png@50.0x24.0
09:04:33.513 [FXGL Background Thread 1 ] DEBUG AssetLoader          - Loading from cache: /assets/textures/brick1.png@50.0x24.0
09:04:33.515 [FXGL Background Thread 1 ] DEBUG AssetLoader          - Loading from cache: /assets/textures/brick1.png@50.0x24.0
09:04:33.516 [FXGL Background Thread 1 ] DEBUG AssetLoader          - Loading from cache: /assets/textures/brick1.png@50.0x24.0
09:04:33.517 [FXGL Background Thread 1 ] DEBUG AssetLoader          - Loading from cache: /assets/textures/brick1.png@50.0x24.0
09:04:33.518 [FXGL Background Thread 1 ] DEBUG AssetLoader          - Loading from cache: /assets/textures/brick1.png@50.0x24.0
09:04:33.519 [FXGL Background Thread 1 ] DEBUG AssetLoader          - Loading from cache: /assets/textures/brick1.png@50.0x24.0
09:04:33.521 [FXGL Background Thread 1 ] DEBUG AssetLoader          - Loading from cache: /assets/textures/brick1.png@50.0x24.0
09:04:33.522 [FXGL Background Thread 1 ] WARN  FXGL.TextLevelParser - No producer found for character: 0
09:04:33.522 [FXGL Background Thread 1 ] WARN  FXGL.TextLevelParser - No producer found for character: 0
09:04:33.522 [FXGL Background Thread 1 ] WARN  FXGL.TextLevelParser - No producer found for character: 0
09:04:33.523 [FXGL Background Thread 1 ] WARN  FXGL.TextLevelParser - No producer found for character: 0
09:04:33.523 [FXGL Background Thread 1 ] WARN  FXGL.TextLevelParser - No producer found for character: 0
09:04:33.523 [FXGL Background Thread 1 ] WARN  FXGL.TextLevelParser - No producer found for character: 0
09:04:33.523 [FXGL Background Thread 1 ] WARN  FXGL.TextLevelParser - No producer found for character: 0
09:04:33.523 [FXGL Background Thread 1 ] WARN  FXGL.TextLevelParser - No producer found for character: 0
09:04:33.523 [FXGL Background Thread 1 ] WARN  FXGL.TextLevelParser - No producer found for character: 0
09:04:33.523 [FXGL Background Thread 1 ] WARN  FXGL.TextLevelParser - No producer found for character: 0
09:04:33.523 [FXGL Background Thread 1 ] WARN  FXGL.TextLevelParser - No producer found for character: 0
09:04:33.523 [FXGL Background Thread 1 ] WARN  FXGL.TextLevelParser - No producer found for character: 0
09:04:33.524 [FXGL Background Thread 1 ] WARN  FXGL.TextLevelParser - No producer found for character: 0
09:04:33.524 [FXGL Background Thread 1 ] WARN  FXGL.TextLevelParser - No producer found for character: 0
09:04:33.524 [FXGL Background Thread 1 ] WARN  FXGL.TextLevelParser - No producer found for character: 0
09:04:33.524 [FXGL Background Thread 1 ] WARN  FXGL.TextLevelParser - No producer found for character: 0
09:04:33.524 [FXGL Background Thread 1 ] WARN  FXGL.TextLevelParser - No producer found for character: 0
09:04:33.524 [FXGL Background Thread 1 ] WARN  FXGL.TextLevelParser - No producer found for character: 0
09:04:33.524 [FXGL Background Thread 1 ] WARN  FXGL.TextLevelParser - No producer found for character: 0
09:04:33.524 [FXGL Background Thread 1 ] WARN  FXGL.TextLevelParser - No producer found for character: 0
09:04:33.525 [FXGL Background Thread 1 ] WARN  FXGL.TextLevelParser - No producer found for character: 0
09:04:33.525 [FXGL Background Thread 1 ] WARN  FXGL.TextLevelParser - No producer found for character: 0
09:04:33.526 [FXGL Background Thread 1 ] WARN  FXGL.TextLevelParser - No producer found for character: 0
09:04:33.526 [FXGL Background Thread 1 ] WARN  FXGL.TextLevelParser - No producer found for character: 0
09:04:33.526 [FXGL Background Thread 1 ] WARN  FXGL.TextLevelParser - No producer found for character: 0
09:04:33.526 [FXGL Background Thread 1 ] WARN  FXGL.TextLevelParser - No producer found for character: 0
09:04:33.527 [FXGL Background Thread 1 ] WARN  FXGL.TextLevelParser - No producer found for character: 0
09:04:33.527 [FXGL Background Thread 1 ] WARN  FXGL.TextLevelParser - No producer found for character: 0
09:04:33.527 [FXGL Background Thread 1 ] WARN  FXGL.TextLevelParser - No producer found for character: 0
09:04:33.527 [FXGL Background Thread 1 ] WARN  FXGL.TextLevelParser - No producer found for character: 0
09:04:33.527 [FXGL Background Thread 1 ] WARN  FXGL.TextLevelParser - No producer found for character: 0
09:04:33.528 [FXGL Background Thread 1 ] WARN  FXGL.TextLevelParser - No producer found for character: 0
09:04:33.528 [FXGL Background Thread 1 ] WARN  FXGL.TextLevelParser - No producer found for character: 0
09:04:33.528 [FXGL Background Thread 1 ] WARN  FXGL.TextLevelParser - No producer found for character: 0
09:04:33.528 [FXGL Background Thread 1 ] WARN  FXGL.TextLevelParser - No producer found for character: 0
09:04:33.528 [FXGL Background Thread 1 ] WARN  FXGL.TextLevelParser - No producer found for character: 0
09:04:33.529 [FXGL Background Thread 1 ] WARN  FXGL.TextLevelParser - No producer found for character: 0
09:04:33.529 [FXGL Background Thread 1 ] WARN  FXGL.TextLevelParser - No producer found for character: 0
09:04:33.529 [FXGL Background Thread 1 ] WARN  FXGL.TextLevelParser - No producer found for character: 0
09:04:33.529 [FXGL Background Thread 1 ] WARN  FXGL.TextLevelParser - No producer found for character: 0
09:04:33.530 [FXGL Background Thread 1 ] WARN  FXGL.TextLevelParser - No producer found for character: 0
09:04:33.530 [FXGL Background Thread 1 ] WARN  FXGL.TextLevelParser - No producer found for character: 0
09:04:33.530 [FXGL Background Thread 1 ] WARN  FXGL.TextLevelParser - No producer found for character: 0
09:04:33.530 [FXGL Background Thread 1 ] WARN  FXGL.TextLevelParser - No producer found for character: 0
09:04:33.531 [FXGL Background Thread 1 ] WARN  FXGL.TextLevelParser - No producer found for character: 0
09:04:33.531 [FXGL Background Thread 1 ] WARN  FXGL.TextLevelParser - No producer found for character: 0
09:04:33.531 [FXGL Background Thread 1 ] WARN  FXGL.TextLevelParser - No producer found for character: 0
09:04:33.532 [FXGL Background Thread 1 ] WARN  FXGL.TextLevelParser - No producer found for character: 0
09:04:33.532 [FXGL Background Thread 1 ] WARN  FXGL.TextLevelParser - No producer found for character: 0
09:04:33.532 [FXGL Background Thread 1 ] WARN  FXGL.TextLevelParser - No producer found for character: 0
09:04:33.532 [FXGL Background Thread 1 ] WARN  FXGL.TextLevelParser - No producer found for character: 0
09:04:33.532 [FXGL Background Thread 1 ] WARN  FXGL.TextLevelParser - No producer found for character: 0
09:04:33.532 [FXGL Background Thread 1 ] WARN  FXGL.TextLevelParser - No producer found for character: 0
09:04:33.533 [FXGL Background Thread 1 ] WARN  FXGL.TextLevelParser - No producer found for character: 0
09:04:33.533 [FXGL Background Thread 1 ] WARN  FXGL.TextLevelParser - No producer found for character: 0
09:04:33.533 [FXGL Background Thread 1 ] WARN  FXGL.TextLevelParser - No producer found for character: 0
09:04:33.533 [FXGL Background Thread 1 ] WARN  FXGL.TextLevelParser - No producer found for character: 0
09:04:33.533 [FXGL Background Thread 1 ] WARN  FXGL.TextLevelParser - No producer found for character: 0
09:04:33.533 [FXGL Background Thread 1 ] WARN  FXGL.TextLevelParser - No producer found for character: 0
09:04:33.533 [FXGL Background Thread 1 ] WARN  FXGL.TextLevelParser - No producer found for character: 0
09:04:33.533 [FXGL Background Thread 1 ] WARN  FXGL.TextLevelParser - No producer found for character: 0
09:04:33.534 [FXGL Background Thread 1 ] WARN  FXGL.TextLevelParser - No producer found for character: 0
09:04:33.534 [FXGL Background Thread 1 ] WARN  FXGL.TextLevelParser - No producer found for character: 0
09:04:33.534 [FXGL Background Thread 1 ] WARN  FXGL.TextLevelParser - No producer found for character: 0
09:04:33.534 [FXGL Background Thread 1 ] WARN  FXGL.TextLevelParser - No producer found for character: 0
09:04:33.534 [FXGL Background Thread 1 ] WARN  FXGL.TextLevelParser - No producer found for character: 0
09:04:33.534 [FXGL Background Thread 1 ] WARN  FXGL.TextLevelParser - No producer found for character: 0
09:04:33.534 [FXGL Background Thread 1 ] WARN  FXGL.TextLevelParser - No producer found for character: 0
09:04:33.535 [FXGL Background Thread 1 ] WARN  FXGL.TextLevelParser - No producer found for character: 0
09:04:33.535 [FXGL Background Thread 1 ] WARN  FXGL.TextLevelParser - No producer found for character: 0
09:04:33.535 [FXGL Background Thread 1 ] WARN  FXGL.TextLevelParser - No producer found for character: 0
09:04:33.535 [FXGL Background Thread 1 ] WARN  FXGL.TextLevelParser - No producer found for character: 0
09:04:33.535 [FXGL Background Thread 1 ] WARN  FXGL.TextLevelParser - No producer found for character: 0
09:04:33.535 [FXGL Background Thread 1 ] WARN  FXGL.TextLevelParser - No producer found for character: 0
09:04:33.535 [FXGL Background Thread 1 ] WARN  FXGL.TextLevelParser - No producer found for character: 0
09:04:33.541 [FXGL Background Thread 1 ] WARN  FXGL.TextLevelParser - No producer found for character: 0
09:04:33.541 [FXGL Background Thread 1 ] WARN  FXGL.TextLevelParser - No producer found for character: 0
09:04:33.541 [FXGL Background Thread 1 ] WARN  FXGL.TextLevelParser - No producer found for character: 0
09:04:33.542 [FXGL Background Thread 1 ] WARN  FXGL.TextLevelParser - No producer found for character: 0
09:04:33.542 [FXGL Background Thread 1 ] WARN  FXGL.TextLevelParser - No producer found for character: 0
09:04:33.542 [FXGL Background Thread 1 ] WARN  FXGL.TextLevelParser - No producer found for character: 0
09:04:33.542 [FXGL Background Thread 1 ] WARN  FXGL.TextLevelParser - No producer found for character: 0
09:04:33.542 [FXGL Background Thread 1 ] WARN  FXGL.TextLevelParser - No producer found for character: 0
09:04:33.542 [FXGL Background Thread 1 ] WARN  FXGL.TextLevelParser - No producer found for character: 0
09:04:33.542 [FXGL Background Thread 1 ] WARN  FXGL.TextLevelParser - No producer found for character: 0
09:04:33.542 [FXGL Background Thread 1 ] WARN  FXGL.TextLevelParser - No producer found for character: 0
09:04:33.543 [FXGL Background Thread 1 ] WARN  FXGL.TextLevelParser - No producer found for character: 0
09:04:33.543 [FXGL Background Thread 1 ] WARN  FXGL.TextLevelParser - No producer found for character: 0
09:04:33.543 [FXGL Background Thread 1 ] WARN  FXGL.TextLevelParser - No producer found for character: 0
09:04:33.543 [FXGL Background Thread 1 ] WARN  FXGL.TextLevelParser - No producer found for character: 0
09:04:33.543 [FXGL Background Thread 1 ] WARN  FXGL.TextLevelParser - No producer found for character: 0
09:04:33.543 [FXGL Background Thread 1 ] WARN  FXGL.TextLevelParser - No producer found for character: 0
09:04:33.543 [FXGL Background Thread 1 ] WARN  FXGL.TextLevelParser - No producer found for character: 0
09:04:33.543 [FXGL Background Thread 1 ] WARN  FXGL.TextLevelParser - No producer found for character: 0
09:04:33.544 [FXGL Background Thread 1 ] WARN  FXGL.TextLevelParser - No producer found for character: 0
09:04:33.544 [FXGL Background Thread 1 ] WARN  FXGL.TextLevelParser - No producer found for character: 0
09:04:33.544 [FXGL Background Thread 1 ] WARN  FXGL.TextLevelParser - No producer found for character: 0
09:04:33.544 [FXGL Background Thread 1 ] WARN  FXGL.TextLevelParser - No producer found for character: 0
09:04:33.544 [FXGL Background Thread 1 ] WARN  FXGL.TextLevelParser - No producer found for character: 0
09:04:33.544 [FXGL Background Thread 1 ] WARN  FXGL.TextLevelParser - No producer found for character: 0
09:04:33.544 [FXGL Background Thread 1 ] WARN  FXGL.TextLevelParser - No producer found for character: 0
09:04:33.545 [FXGL Background Thread 1 ] WARN  FXGL.TextLevelParser - No producer found for character: 0
09:04:33.545 [FXGL Background Thread 1 ] WARN  FXGL.TextLevelParser - No producer found for character: 0
09:04:33.545 [FXGL Background Thread 1 ] WARN  FXGL.TextLevelParser - No producer found for character: 0
09:04:33.545 [FXGL Background Thread 1 ] WARN  FXGL.TextLevelParser - No producer found for character: 0
09:04:33.545 [FXGL Background Thread 1 ] WARN  FXGL.TextLevelParser - No producer found for character: 0
09:04:33.545 [FXGL Background Thread 1 ] WARN  FXGL.TextLevelParser - No producer found for character: 0
09:04:33.546 [FXGL Background Thread 1 ] WARN  FXGL.TextLevelParser - No producer found for character: 0
09:04:33.546 [FXGL Background Thread 1 ] WARN  FXGL.TextLevelParser - No producer found for character: 0
09:04:33.546 [FXGL Background Thread 1 ] WARN  FXGL.TextLevelParser - No producer found for character: 0
09:04:33.546 [FXGL Background Thread 1 ] WARN  FXGL.TextLevelParser - No producer found for character: 0
09:04:33.546 [FXGL Background Thread 1 ] WARN  FXGL.TextLevelParser - No producer found for character: 0
09:04:33.546 [FXGL Background Thread 1 ] WARN  FXGL.TextLevelParser - No producer found for character: 0
09:04:33.547 [FXGL Background Thread 1 ] WARN  FXGL.TextLevelParser - No producer found for character: 0
09:04:33.547 [FXGL Background Thread 1 ] WARN  FXGL.TextLevelParser - No producer found for character: 0
09:04:33.547 [FXGL Background Thread 1 ] WARN  FXGL.TextLevelParser - No producer found for character: 0
09:04:33.547 [FXGL Background Thread 1 ] WARN  FXGL.TextLevelParser - No producer found for character: 0
09:04:33.547 [FXGL Background Thread 1 ] WARN  FXGL.TextLevelParser - No producer found for character: 0
09:04:33.547 [FXGL Background Thread 1 ] WARN  FXGL.TextLevelParser - No producer found for character: 0
09:04:33.547 [FXGL Background Thread 1 ] WARN  FXGL.TextLevelParser - No producer found for character: 0
09:04:33.547 [FXGL Background Thread 1 ] WARN  FXGL.TextLevelParser - No producer found for character: 0
09:04:33.548 [FXGL Background Thread 1 ] WARN  FXGL.TextLevelParser - No producer found for character: 0
09:04:33.548 [FXGL Background Thread 1 ] WARN  FXGL.TextLevelParser - No producer found for character: 0
09:04:33.548 [FXGL Background Thread 1 ] WARN  FXGL.TextLevelParser - No producer found for character: 0
09:04:33.548 [FXGL Background Thread 1 ] WARN  FXGL.TextLevelParser - No producer found for character: 0
09:04:33.548 [FXGL Background Thread 1 ] WARN  FXGL.TextLevelParser - No producer found for character: 0
09:04:33.548 [FXGL Background Thread 1 ] WARN  FXGL.TextLevelParser - No producer found for character: 0
09:04:33.549 [FXGL Background Thread 1 ] WARN  FXGL.TextLevelParser - No producer found for character: 0
09:04:33.549 [FXGL Background Thread 1 ] WARN  FXGL.TextLevelParser - No producer found for character: 0
09:04:33.549 [FXGL Background Thread 1 ] WARN  FXGL.TextLevelParser - No producer found for character: 0
09:04:33.549 [FXGL Background Thread 1 ] WARN  FXGL.TextLevelParser - No producer found for character: 0
09:04:33.549 [FXGL Background Thread 1 ] WARN  FXGL.TextLevelParser - No producer found for character: 0
09:04:33.549 [FXGL Background Thread 1 ] WARN  FXGL.TextLevelParser - No producer found for character: 0
09:04:33.549 [FXGL Background Thread 1 ] WARN  FXGL.TextLevelParser - No producer found for character: 0
09:04:33.549 [FXGL Background Thread 1 ] WARN  FXGL.TextLevelParser - No producer found for character: 0
09:04:33.549 [FXGL Background Thread 1 ] WARN  FXGL.TextLevelParser - No producer found for character: 0
09:04:33.550 [FXGL Background Thread 1 ] WARN  FXGL.TextLevelParser - No producer found for character: 0
09:04:33.550 [FXGL Background Thread 1 ] WARN  FXGL.TextLevelParser - No producer found for character: 0
09:04:33.550 [FXGL Background Thread 1 ] WARN  FXGL.TextLevelParser - No producer found for character: 0
09:04:33.550 [FXGL Background Thread 1 ] WARN  FXGL.TextLevelParser - No producer found for character: 0
09:04:33.550 [FXGL Background Thread 1 ] WARN  FXGL.TextLevelParser - No producer found for character: 0
09:04:33.550 [FXGL Background Thread 1 ] WARN  FXGL.TextLevelParser - No producer found for character: 0
09:04:33.550 [FXGL Background Thread 1 ] WARN  FXGL.TextLevelParser - No producer found for character: 0
09:04:33.550 [FXGL Background Thread 1 ] WARN  FXGL.TextLevelParser - No producer found for character: 0
09:04:33.550 [FXGL Background Thread 1 ] WARN  FXGL.TextLevelParser - No producer found for character: 0
09:04:33.551 [FXGL Background Thread 1 ] WARN  FXGL.TextLevelParser - No producer found for character: 0
09:04:33.551 [FXGL Background Thread 1 ] WARN  FXGL.TextLevelParser - No producer found for character: 0
09:04:33.551 [FXGL Background Thread 1 ] WARN  FXGL.TextLevelParser - No producer found for character: 0
09:04:33.551 [FXGL Background Thread 1 ] WARN  FXGL.TextLevelParser - No producer found for character: 0
09:04:33.551 [FXGL Background Thread 1 ] WARN  FXGL.TextLevelParser - No producer found for character: 0
09:04:33.551 [FXGL Background Thread 1 ] WARN  FXGL.TextLevelParser - No producer found for character: 0
09:04:33.551 [FXGL Background Thread 1 ] WARN  FXGL.TextLevelParser - No producer found for character: 0
09:04:33.552 [FXGL Background Thread 1 ] WARN  FXGL.TextLevelParser - No producer found for character: 0
09:04:33.552 [FXGL Background Thread 1 ] WARN  FXGL.TextLevelParser - No producer found for character: 0
09:04:33.552 [FXGL Background Thread 1 ] WARN  FXGL.TextLevelParser - No producer found for character: 0
09:04:33.552 [FXGL Background Thread 1 ] WARN  FXGL.TextLevelParser - No producer found for character: 0
09:04:33.552 [FXGL Background Thread 1 ] WARN  FXGL.TextLevelParser - No producer found for character: 0
09:04:33.552 [FXGL Background Thread 1 ] WARN  FXGL.TextLevelParser - No producer found for character: 0
09:04:33.552 [FXGL Background Thread 1 ] WARN  FXGL.TextLevelParser - No producer found for character: 0
09:04:33.552 [FXGL Background Thread 1 ] WARN  FXGL.TextLevelParser - No producer found for character: 0
09:04:33.552 [FXGL Background Thread 1 ] WARN  FXGL.TextLevelParser - No producer found for character: 0
09:04:33.552 [FXGL Background Thread 1 ] WARN  FXGL.TextLevelParser - No producer found for character: 0
09:04:33.553 [FXGL Background Thread 1 ] WARN  FXGL.TextLevelParser - No producer found for character: 0
09:04:33.553 [FXGL Background Thread 1 ] WARN  FXGL.TextLevelParser - No producer found for character: 0
09:04:33.553 [FXGL Background Thread 1 ] WARN  FXGL.TextLevelParser - No producer found for character: 0
09:04:33.553 [FXGL Background Thread 1 ] WARN  FXGL.TextLevelParser - No producer found for character: 0
09:04:33.553 [FXGL Background Thread 1 ] WARN  FXGL.TextLevelParser - No producer found for character: 0
09:04:33.553 [FXGL Background Thread 1 ] WARN  FXGL.TextLevelParser - No producer found for character: 0
09:04:33.554 [FXGL Background Thread 1 ] WARN  FXGL.TextLevelParser - No producer found for character: 0
09:04:33.554 [FXGL Background Thread 1 ] WARN  FXGL.TextLevelParser - No producer found for character: 0
09:04:33.554 [FXGL Background Thread 1 ] WARN  FXGL.TextLevelParser - No producer found for character: 0
09:04:33.554 [FXGL Background Thread 1 ] WARN  FXGL.TextLevelParser - No producer found for character: 0
09:04:33.554 [FXGL Background Thread 1 ] WARN  FXGL.TextLevelParser - No producer found for character: 0
09:04:33.554 [FXGL Background Thread 1 ] WARN  FXGL.TextLevelParser - No producer found for character: 0
09:04:33.554 [FXGL Background Thread 1 ] WARN  FXGL.TextLevelParser - No producer found for character: 0
09:04:33.554 [FXGL Background Thread 1 ] WARN  FXGL.TextLevelParser - No producer found for character: 0
09:04:33.554 [FXGL Background Thread 1 ] WARN  FXGL.TextLevelParser - No producer found for character: 0
09:04:33.555 [FXGL Background Thread 1 ] WARN  FXGL.TextLevelParser - No producer found for character: 0
09:04:33.555 [FXGL Background Thread 1 ] WARN  FXGL.TextLevelParser - No producer found for character: 0
09:04:33.555 [FXGL Background Thread 1 ] WARN  FXGL.TextLevelParser - No producer found for character: 0
09:04:33.555 [FXGL Background Thread 1 ] WARN  FXGL.TextLevelParser - No producer found for character: 0
09:04:33.555 [FXGL Background Thread 1 ] WARN  FXGL.TextLevelParser - No producer found for character: 0
09:04:33.555 [FXGL Background Thread 1 ] WARN  FXGL.TextLevelParser - No producer found for character: 0
09:04:33.555 [FXGL Background Thread 1 ] WARN  FXGL.TextLevelParser - No producer found for character: 0
09:04:33.555 [FXGL Background Thread 1 ] WARN  FXGL.TextLevelParser - No producer found for character: 0
09:04:33.555 [FXGL Background Thread 1 ] WARN  FXGL.TextLevelParser - No producer found for character: 0
09:04:33.555 [FXGL Background Thread 1 ] WARN  FXGL.TextLevelParser - No producer found for character: 0
09:04:33.556 [FXGL Background Thread 1 ] WARN  FXGL.TextLevelParser - No producer found for character: 0
09:04:33.556 [FXGL Background Thread 1 ] WARN  FXGL.TextLevelParser - No producer found for character: 0
09:04:33.556 [FXGL Background Thread 1 ] WARN  FXGL.TextLevelParser - No producer found for character: 0
09:04:33.556 [FXGL Background Thread 1 ] WARN  FXGL.TextLevelParser - No producer found for character: 0
09:04:33.556 [FXGL Background Thread 1 ] WARN  FXGL.TextLevelParser - No producer found for character: 0
09:04:33.556 [FXGL Background Thread 1 ] WARN  FXGL.TextLevelParser - No producer found for character: 0
09:04:33.556 [FXGL Background Thread 1 ] WARN  FXGL.TextLevelParser - No producer found for character: 0
09:04:33.557 [FXGL Background Thread 1 ] WARN  FXGL.TextLevelParser - No producer found for character: 0
09:04:33.557 [FXGL Background Thread 1 ] WARN  FXGL.TextLevelParser - No producer found for character: 0
09:04:33.557 [FXGL Background Thread 1 ] WARN  FXGL.TextLevelParser - No producer found for character: 0
09:04:33.557 [FXGL Background Thread 1 ] WARN  FXGL.TextLevelParser - No producer found for character: 0
09:04:33.557 [FXGL Background Thread 1 ] WARN  FXGL.TextLevelParser - No producer found for character: 0
09:04:33.557 [FXGL Background Thread 1 ] WARN  FXGL.TextLevelParser - No producer found for character: 0
09:04:33.557 [FXGL Background Thread 1 ] WARN  FXGL.TextLevelParser - No producer found for character: 0
09:04:33.557 [FXGL Background Thread 1 ] WARN  FXGL.TextLevelParser - No producer found for character: 0
09:04:33.558 [FXGL Background Thread 1 ] WARN  FXGL.TextLevelParser - No producer found for character: 0
09:04:33.558 [FXGL Background Thread 1 ] WARN  FXGL.TextLevelParser - No producer found for character: 0
09:04:33.558 [FXGL Background Thread 1 ] WARN  FXGL.TextLevelParser - No producer found for character: 0
09:04:33.558 [FXGL Background Thread 1 ] WARN  FXGL.TextLevelParser - No producer found for character: 0
09:04:33.558 [FXGL Background Thread 1 ] WARN  FXGL.TextLevelParser - No producer found for character: 0
09:04:33.558 [FXGL Background Thread 1 ] WARN  FXGL.TextLevelParser - No producer found for character: 0
09:04:33.558 [FXGL Background Thread 1 ] WARN  FXGL.TextLevelParser - No producer found for character: 0
09:04:33.558 [FXGL Background Thread 1 ] WARN  FXGL.TextLevelParser - No producer found for character: 0
09:04:33.558 [FXGL Background Thread 1 ] WARN  FXGL.TextLevelParser - No producer found for character: 0
09:04:33.559 [FXGL Background Thread 1 ] WARN  FXGL.TextLevelParser - No producer found for character: 0
09:04:33.559 [FXGL Background Thread 1 ] WARN  FXGL.TextLevelParser - No producer found for character: 0
09:04:33.559 [FXGL Background Thread 1 ] WARN  FXGL.TextLevelParser - No producer found for character: 0
09:04:33.559 [FXGL Background Thread 1 ] WARN  FXGL.TextLevelParser - No producer found for character: 0
09:04:33.559 [FXGL Background Thread 1 ] WARN  FXGL.TextLevelParser - No producer found for character: 0
09:04:33.559 [FXGL Background Thread 1 ] WARN  FXGL.TextLevelParser - No producer found for character: 0
09:04:33.559 [FXGL Background Thread 1 ] WARN  FXGL.TextLevelParser - No producer found for character: 0
09:04:33.559 [FXGL Background Thread 1 ] WARN  FXGL.TextLevelParser - No producer found for character: 0
09:04:33.560 [FXGL Background Thread 1 ] WARN  FXGL.TextLevelParser - No producer found for character: 0
09:04:33.560 [FXGL Background Thread 1 ] WARN  FXGL.TextLevelParser - No producer found for character: 0
09:04:33.560 [FXGL Background Thread 1 ] WARN  FXGL.TextLevelParser - No producer found for character: 0
09:04:33.560 [FXGL Background Thread 1 ] WARN  FXGL.TextLevelParser - No producer found for character: 0
09:04:33.560 [FXGL Background Thread 1 ] WARN  FXGL.TextLevelParser - No producer found for character: 0
09:04:33.560 [FXGL Background Thread 1 ] WARN  FXGL.TextLevelParser - No producer found for character: 0
09:04:33.561 [FXGL Background Thread 1 ] WARN  FXGL.TextLevelParser - No producer found for character: 0
09:04:33.561 [FXGL Background Thread 1 ] WARN  FXGL.TextLevelParser - No producer found for character: 0
09:04:33.561 [FXGL Background Thread 1 ] WARN  FXGL.TextLevelParser - No producer found for character: 0
09:04:33.561 [FXGL Background Thread 1 ] WARN  FXGL.TextLevelParser - No producer found for character: 0
09:04:33.561 [FXGL Background Thread 1 ] WARN  FXGL.TextLevelParser - No producer found for character: 0
09:04:33.561 [FXGL Background Thread 1 ] WARN  FXGL.TextLevelParser - No producer found for character: 0
09:04:33.562 [FXGL Background Thread 1 ] WARN  FXGL.TextLevelParser - No producer found for character: 0
09:04:33.563 [FXGL Background Thread 1 ] DEBUG AssetLoader          - Loading from disk: /assets/textures/bar.png
09:04:33.565 [FXGL Background Thread 1 ] WARN  FXGL.TextLevelParser - No producer found for character: 0
09:04:33.565 [FXGL Background Thread 1 ] WARN  FXGL.TextLevelParser - No producer found for character: 0
09:04:33.566 [FXGL Background Thread 1 ] WARN  FXGL.TextLevelParser - No producer found for character: 0
09:04:33.566 [FXGL Background Thread 1 ] WARN  FXGL.TextLevelParser - No producer found for character: 0
09:04:33.566 [FXGL Background Thread 1 ] WARN  FXGL.TextLevelParser - No producer found for character: 0
09:04:33.566 [FXGL Background Thread 1 ] WARN  FXGL.TextLevelParser - No producer found for character: 0
09:04:33.567 [FXGL Background Thread 1 ] WARN  FXGL.TextLevelParser - No producer found for character: 0
09:04:33.567 [FXGL Background Thread 1 ] WARN  FXGL.TextLevelParser - No producer found for character: 0
09:04:33.567 [FXGL Background Thread 1 ] WARN  FXGL.TextLevelParser - No producer found for character: 0
09:04:33.567 [FXGL Background Thread 1 ] WARN  FXGL.TextLevelParser - No producer found for character: 0
09:04:33.567 [FXGL Background Thread 1 ] WARN  FXGL.TextLevelParser - No producer found for character: 0
09:04:33.567 [FXGL Background Thread 1 ] WARN  FXGL.TextLevelParser - No producer found for character: 0
09:04:33.567 [FXGL Background Thread 1 ] WARN  FXGL.TextLevelParser - No producer found for character: 0
09:04:33.567 [FXGL Background Thread 1 ] WARN  FXGL.TextLevelParser - No producer found for character: 0
09:04:33.567 [FXGL Background Thread 1 ] WARN  FXGL.TextLevelParser - No producer found for character: 0
09:04:33.567 [FXGL Background Thread 1 ] WARN  FXGL.TextLevelParser - No producer found for character: 0
09:04:33.568 [FXGL Background Thread 1 ] WARN  FXGL.TextLevelParser - No producer found for character: 0
09:04:33.568 [FXGL Background Thread 1 ] WARN  FXGL.TextLevelParser - No producer found for character: 0
09:04:33.568 [FXGL Background Thread 1 ] WARN  FXGL.TextLevelParser - No producer found for character: 0
09:04:33.568 [FXGL Background Thread 1 ] WARN  FXGL.TextLevelParser - No producer found for character: 0
09:04:33.568 [FXGL Background Thread 1 ] WARN  FXGL.TextLevelParser - No producer found for character: 0
09:04:33.568 [FXGL Background Thread 1 ] WARN  FXGL.TextLevelParser - No producer found for character: 0
09:04:33.569 [FXGL Background Thread 1 ] DEBUG AssetLoader          - Loading from disk: /assets/textures/fire.png
09:04:33.574 [FXGL Background Thread 1 ] WARN  FXGL.TextLevelParser - No producer found for character: 0
09:04:33.574 [FXGL Background Thread 1 ] DEBUG AssetLoader          - Loading from cache: /assets/textures/fire.png@93.0x80.0
09:04:33.575 [FXGL Background Thread 1 ] WARN  FXGL.TextLevelParser - No producer found for character: 0
09:04:33.576 [FXGL Background Thread 1 ] DEBUG AssetLoader          - Loading from cache: /assets/textures/fire.png@93.0x80.0
09:04:33.577 [FXGL Background Thread 1 ] WARN  FXGL.TextLevelParser - No producer found for character: 0
09:04:33.578 [FXGL Background Thread 1 ] DEBUG AssetLoader          - Loading from cache: /assets/textures/fire.png@93.0x80.0
09:04:33.579 [FXGL Background Thread 1 ] WARN  FXGL.TextLevelParser - No producer found for character: 0
09:04:33.580 [FXGL Background Thread 1 ] DEBUG AssetLoader          - Loading from cache: /assets/textures/fire.png@93.0x80.0
09:04:33.581 [FXGL Background Thread 1 ] WARN  FXGL.TextLevelParser - No producer found for character: 0
09:04:33.582 [FXGL Background Thread 1 ] DEBUG AssetLoader          - Loading from cache: /assets/textures/fire.png@93.0x80.0
09:04:33.583 [FXGL Background Thread 1 ] WARN  FXGL.TextLevelParser - No producer found for character: 0
09:04:33.584 [FXGL Background Thread 1 ] DEBUG AssetLoader          - Loading from cache: /assets/textures/fire.png@93.0x80.0
09:04:33.585 [FXGL Background Thread 1 ] WARN  FXGL.TextLevelParser - No producer found for character: 0
09:04:33.585 [FXGL Background Thread 1 ] DEBUG AssetLoader          - Loading from cache: /assets/textures/fire.png@93.0x80.0
09:04:33.586 [FXGL Background Thread 1 ] WARN  FXGL.TextLevelParser - No producer found for character: 0
09:04:33.586 [FXGL Background Thread 1 ] WARN  FXGL.TextLevelParser - No producer found for character: 0
09:04:33.587 [FXGL Background Thread 1 ] DEBUG AssetLoader          - Loading from cache: /assets/textures/fire.png@93.0x80.0
09:04:33.588 [FXGL Background Thread 1 ] WARN  FXGL.TextLevelParser - No producer found for character: 0
09:04:33.588 [FXGL Background Thread 1 ] DEBUG AssetLoader          - Loading from cache: /assets/textures/fire.png@93.0x80.0
09:04:33.590 [FXGL Background Thread 1 ] DEBUG GameWorld            - Clearing removable entities
09:04:33.590 [FXGL Background Thread 1 ] DEBUG GameWorld            - Setting level: com.almasb.fxgl.entity.Level@7d6cbfa6
09:04:33.626 [FXGL Background Thread 1 ] DEBUG GameScene            - Creating render group for layer: DEFAULT(100000)
09:04:33.640 [FXGL Background Thread 1 ] DEBUG GameScene            - Creating render group for layer: BACKGROUND(1000)
09:04:33.642 [FXGL Background Thread 1 ] DEBUG InitAppTask          - Initializing Physics
09:04:33.643 [FXGL Background Thread 1 ] DEBUG InitAppTask          - Initializing UI
09:04:33.649 [FXGL Background Thread 1 ] DEBUG InitAppTask          - Initialization Complete
09:04:33.649 [FXGL Background Thread 1 ] INFO  InitAppTask          - Game initialization took: 0,250 sec
09:04:33.651 [JavaFX Application Thread] DEBUG Input                - Clearing active input actions
09:04:33.669 [JavaFX Application Thread] DEBUG AppStateMachine      - LoadingState -> PlayState
09:04:36.181 [JavaFX Application Thread] DEBUG GameApplication      - Exiting game application
09:04:36.181 [JavaFX Application Thread] DEBUG GameApplication      - Shutting down background threads
09:04:36.182 [JavaFX Application Thread] DEBUG GameApplication      - Exiting FXGL
09:04:36.182 [JavaFX Application Thread] DEBUG FXGL                 - Saving FXGL system data
09:04:36.185 [JavaFX Application Thread] DEBUG FS                   - Writing to: system\fxgl.bundle
09:04:36.188 [JavaFX Application Thread] DEBUG GameApplication      - Closing logger and exiting JavaFX
