12:46:34.982 [JavaFX Application Thread] DEBUG GameApplication      - Logger initialized
12:46:34.999 [JavaFX Application Thread] DEBUG MainWindow           - Creating a JavaFX scene
12:46:35.119 [JavaFX Application Thread] DEBUG MainWindow           - Target settings size: 900.0 x 780.0
12:46:35.119 [JavaFX Application Thread] DEBUG MainWindow           - Scaled scene size:    900.0 x 780.0
12:46:35.119 [JavaFX Application Thread] DEBUG MainWindow           - Scaled ratio: (1.0, 1.0)
12:46:35.123 [JavaFX Application Thread] DEBUG GameApplication      - Starting FXGL
12:46:35.144 [FXGL Launcher Thread     ] INFO  FXGL                 - FXGL-0.5.0 on DESKTOP
12:46:35.145 [FXGL Launcher Thread     ] INFO  FXGL                 - Source code and latest versions at: https://github.com/AlmasB/FXGL
12:46:35.145 [FXGL Launcher Thread     ] INFO  FXGL                 -              Join the FXGL chat at: https://gitter.im/AlmasB/FXGL
12:46:35.150 [FXGL Launcher Thread     ] DEBUG FXGL                 - Loading FXGL system data
12:46:35.161 [FXGL Launcher Thread     ] DEBUG FS                   - Reading from: system\fxgl.bundle
12:46:35.170 [FXGL Launcher Thread     ] DEBUG Bundle               - Logging bundle: FXGL
12:46:35.170 [FXGL Launcher Thread     ] DEBUG Bundle               - FXGL.offline.timer.version.check=2019-01-24T08:55:57.713219300
12:46:35.199 [FXGL Launcher Thread     ] DEBUG GameApplication      - FXGL started
12:46:35.199 [FXGL Launcher Thread     ] DEBUG GameApplication      - Logging game settings
Title: Breakout
Version: 0.1
Width: 900
Height: 780
Fullscreen: false
Intro: false
Menus: false
Profiling: false
Single step:false
App Mode: DEVELOPER
Menu Key: ESCAPE
Stage Style: DECORATED
Scene Factory: class com.almasb.fxgl.scene.SceneFactory
Dialog Factory: class com.almasb.fxgl.ui.FXGLDialogFactory
UI Factory: class com.almasb.fxgl.ui.FXGLUIFactory
Notification Service: class com.almasb.fxgl.gameplay.notification.XboxNotificationView
Exception Handler: class com.almasb.fxgl.app.FXGLExceptionHandler
12:46:35.200 [FXGL Launcher Thread     ] DEBUG GameApplication      - Configuring GameApplication
12:46:35.200 [FXGL Launcher Thread     ] DEBUG GameApplication      - Initializing state machine and application states
12:46:35.213 [FXGL Launcher Thread     ] DEBUG AssetLoader          - Loading from disk: /assets/ui/cursors/fxgl_default.png
12:46:35.228 [FXGL Launcher Thread     ] DEBUG AssetLoader          - Loading from disk: /assets/ui/cursors/fxgl_default.png
12:46:35.249 [FXGL Launcher Thread     ] DEBUG FXGLAssets           - Loading FXGLAssets
12:46:35.277 [FXGL Launcher Thread     ] DEBUG AssetLoader          - Loading from disk: /assets/ui/fonts/VarelaRound-Regular.ttf
12:46:35.441 [FXGL Launcher Thread     ] DEBUG AssetLoader          - Loading from disk: /assets/ui/fonts/lucida_console.ttf
12:46:35.446 [FXGL Launcher Thread     ] DEBUG AssetLoader          - Loading from disk: /assets/ui/css/fxgl_dark.css
12:46:35.446 [FXGL Launcher Thread     ] DEBUG AssetLoader          - Loading from disk: /assets/ui/icons/fxgl_icon.png
12:46:35.483 [FXGL Launcher Thread     ] DEBUG AssetLoader          - Loading from disk: /assets/ui/cursors/fxgl_default.png
12:46:35.491 [FXGL Launcher Thread     ] DEBUG AssetLoader          - Loading from disk: /assets/ui/cursors/fxgl_default.png
12:46:35.522 [FXGL Launcher Thread     ] DEBUG GameScene            - Game scene initialized: 900x780
12:46:35.542 [FXGL Launcher Thread     ] DEBUG GameWorld            - Game world initialized
12:46:35.610 [FXGL Launcher Thread     ] DEBUG PhysicsWorld         - Physics world initialized: appHeight=780, physics.ppm=50,0
12:46:35.630 [FXGL Launcher Thread     ] DEBUG Input                - Registered new binding: Pause - Esc
12:46:35.651 [FXGL Launcher Thread     ] DEBUG Input                - Clearing active input actions
12:46:35.693 [FXGL Launcher Thread     ] DEBUG AppStateMachine      - StartupState -> StartupState
12:46:35.701 [FXGL Launcher Thread     ] INFO  GameApplication      - Game configuration took:  0,501 sec
12:46:35.706 [JavaFX Application Thread] DEBUG MainWindow           - Opening main window
12:46:35.796 [JavaFX Application Thread] DEBUG MainWindow           - Window border size: (14.4000244140625, 37.5999755859375)
12:46:35.797 [JavaFX Application Thread] DEBUG MainWindow           - Scaled size: 900.0 x 780.0
12:46:35.797 [JavaFX Application Thread] DEBUG MainWindow           - Scaled ratio: (1.0, 1.0)
12:46:35.797 [JavaFX Application Thread] DEBUG MainWindow           - Scene size: 900.0 x 780.0
12:46:35.797 [JavaFX Application Thread] DEBUG MainWindow           - Stage size: 914.4000244140625 x 817.5999755859375
12:46:35.797 [JavaFX Application Thread] DEBUG GameApplication      - Running preInit()
12:46:35.799 [JavaFX Application Thread] DEBUG Input                - Registered new binding: Screenshot - P
12:46:35.800 [JavaFX Application Thread] DEBUG Input                - Registered new binding: Dev Options - CTRL+0
12:46:35.801 [JavaFX Application Thread] DEBUG Input                - Registered new binding: System info dump - CTRL+9
12:46:35.802 [JavaFX Application Thread] DEBUG Input                - Registered new binding: Restart - CTRL+R
12:46:35.802 [JavaFX Application Thread] DEBUG Input                - Registered new binding: Move Left - A
12:46:35.802 [JavaFX Application Thread] DEBUG Input                - Registered new binding: Move Right - D
12:46:35.821 [JavaFX Application Thread] DEBUG GameApplication      - Starting main loop
12:46:35.824 [JavaFX Application Thread] DEBUG StartupState         - STARTUP
12:46:35.824 [JavaFX Application Thread] DEBUG GameApplication      - Starting new game
12:46:35.824 [JavaFX Application Thread] DEBUG Input                - Clearing active input actions
12:46:35.837 [JavaFX Application Thread] DEBUG AppStateMachine      - StartupState -> LoadingState
12:46:35.840 [FXGL Background Thread 1 ] DEBUG InitAppTask          - Clearing previous game
12:46:35.840 [FXGL Background Thread 1 ] DEBUG GameWorld            - Clearing game world
12:46:35.840 [FXGL Background Thread 1 ] DEBUG PhysicsWorld         - Clearing physics world
12:46:35.840 [FXGL Background Thread 1 ] DEBUG GameScene            - Clearing game scene
12:46:35.841 [FXGL Background Thread 1 ] DEBUG InitAppTask          - Initializing Game
12:46:35.889 [FXGL Background Thread 1 ] DEBUG AssetLoader          - Loading from disk: /assets/text/levels/level1.txt
12:46:35.891 [FXGL Background Thread 1 ] WARN  FXGL.TextLevelParser - No producer found for character: 0
12:46:35.891 [FXGL Background Thread 1 ] WARN  FXGL.TextLevelParser - No producer found for character: 0
12:46:35.891 [FXGL Background Thread 1 ] WARN  FXGL.TextLevelParser - No producer found for character: 0
12:46:35.891 [FXGL Background Thread 1 ] WARN  FXGL.TextLevelParser - No producer found for character: 0
12:46:35.891 [FXGL Background Thread 1 ] WARN  FXGL.TextLevelParser - No producer found for character: 0
12:46:35.891 [FXGL Background Thread 1 ] WARN  FXGL.TextLevelParser - No producer found for character: 0
12:46:35.892 [FXGL Background Thread 1 ] WARN  FXGL.TextLevelParser - No producer found for character: 0
12:46:35.892 [FXGL Background Thread 1 ] WARN  FXGL.TextLevelParser - No producer found for character: 0
12:46:35.892 [FXGL Background Thread 1 ] WARN  FXGL.TextLevelParser - No producer found for character: 0
12:46:35.892 [FXGL Background Thread 1 ] WARN  FXGL.TextLevelParser - No producer found for character: 0
12:46:35.892 [FXGL Background Thread 1 ] WARN  FXGL.TextLevelParser - No producer found for character: 0
12:46:35.892 [FXGL Background Thread 1 ] WARN  FXGL.TextLevelParser - No producer found for character: 0
12:46:35.893 [FXGL Background Thread 1 ] WARN  FXGL.TextLevelParser - No producer found for character: 0
12:46:35.893 [FXGL Background Thread 1 ] WARN  FXGL.TextLevelParser - No producer found for character: 0
12:46:35.893 [FXGL Background Thread 1 ] WARN  FXGL.TextLevelParser - No producer found for character: 0
12:46:35.893 [FXGL Background Thread 1 ] WARN  FXGL.TextLevelParser - No producer found for character: 0
12:46:35.893 [FXGL Background Thread 1 ] WARN  FXGL.TextLevelParser - No producer found for character: 0
12:46:35.893 [FXGL Background Thread 1 ] WARN  FXGL.TextLevelParser - No producer found for character: 0
12:46:35.894 [FXGL Background Thread 1 ] WARN  FXGL.TextLevelParser - No producer found for character: 0
12:46:35.894 [FXGL Background Thread 1 ] WARN  FXGL.TextLevelParser - No producer found for character: 0
12:46:35.894 [FXGL Background Thread 1 ] WARN  FXGL.TextLevelParser - No producer found for character: 0
12:46:35.894 [FXGL Background Thread 1 ] WARN  FXGL.TextLevelParser - No producer found for character: 0
12:46:35.894 [FXGL Background Thread 1 ] WARN  FXGL.TextLevelParser - No producer found for character: 0
12:46:35.894 [FXGL Background Thread 1 ] WARN  FXGL.TextLevelParser - No producer found for character: 0
12:46:35.894 [FXGL Background Thread 1 ] WARN  FXGL.TextLevelParser - No producer found for character: 0
12:46:35.895 [FXGL Background Thread 1 ] WARN  FXGL.TextLevelParser - No producer found for character: 0
12:46:35.895 [FXGL Background Thread 1 ] WARN  FXGL.TextLevelParser - No producer found for character: 0
12:46:35.895 [FXGL Background Thread 1 ] WARN  FXGL.TextLevelParser - No producer found for character: 0
12:46:35.895 [FXGL Background Thread 1 ] WARN  FXGL.TextLevelParser - No producer found for character: 0
12:46:35.895 [FXGL Background Thread 1 ] WARN  FXGL.TextLevelParser - No producer found for character: 0
12:46:35.895 [FXGL Background Thread 1 ] WARN  FXGL.TextLevelParser - No producer found for character: 0
12:46:35.896 [FXGL Background Thread 1 ] WARN  FXGL.TextLevelParser - No producer found for character: 0
12:46:35.896 [FXGL Background Thread 1 ] WARN  FXGL.TextLevelParser - No producer found for character: 0
12:46:35.896 [FXGL Background Thread 1 ] WARN  FXGL.TextLevelParser - No producer found for character: 0
12:46:35.896 [FXGL Background Thread 1 ] WARN  FXGL.TextLevelParser - No producer found for character: 0
12:46:35.896 [FXGL Background Thread 1 ] WARN  FXGL.TextLevelParser - No producer found for character: 0
12:46:35.896 [FXGL Background Thread 1 ] WARN  FXGL.TextLevelParser - No producer found for character: 0
12:46:35.897 [FXGL Background Thread 1 ] WARN  FXGL.TextLevelParser - No producer found for character: 0
12:46:35.897 [FXGL Background Thread 1 ] WARN  FXGL.TextLevelParser - No producer found for character: 0
12:46:35.901 [FXGL Background Thread 1 ] WARN  FXGL.TextLevelParser - No producer found for character: 0
12:46:35.901 [FXGL Background Thread 1 ] WARN  FXGL.TextLevelParser - No producer found for character: 0
12:46:35.902 [FXGL Background Thread 1 ] WARN  FXGL.TextLevelParser - No producer found for character: 0
12:46:35.939 [FXGL Background Thread 1 ] DEBUG AssetLoader          - Loading from disk: /assets/textures/brick1.png
12:46:35.952 [FXGL Background Thread 1 ] WARN  FXGL.TextLevelParser - No producer found for character: 0
12:46:35.953 [FXGL Background Thread 1 ] WARN  FXGL.TextLevelParser - No producer found for character: 0
12:46:35.955 [FXGL Background Thread 1 ] WARN  FXGL.TextLevelParser - No producer found for character: 0
12:46:35.955 [FXGL Background Thread 1 ] WARN  FXGL.TextLevelParser - No producer found for character: 0
12:46:35.956 [FXGL Background Thread 1 ] WARN  FXGL.TextLevelParser - No producer found for character: 0
12:46:35.956 [FXGL Background Thread 1 ] WARN  FXGL.TextLevelParser - No producer found for character: 0
12:46:35.957 [FXGL Background Thread 1 ] WARN  FXGL.TextLevelParser - No producer found for character: 0
12:46:35.958 [FXGL Background Thread 1 ] DEBUG AssetLoader          - Loading from cache: /assets/textures/brick1.png@50.0x24.0
12:46:35.959 [FXGL Background Thread 1 ] WARN  FXGL.TextLevelParser - No producer found for character: 0
12:46:35.960 [FXGL Background Thread 1 ] WARN  FXGL.TextLevelParser - No producer found for character: 0
12:46:35.960 [FXGL Background Thread 1 ] WARN  FXGL.TextLevelParser - No producer found for character: 0
12:46:35.960 [FXGL Background Thread 1 ] WARN  FXGL.TextLevelParser - No producer found for character: 0
12:46:35.960 [FXGL Background Thread 1 ] WARN  FXGL.TextLevelParser - No producer found for character: 0
12:46:35.960 [FXGL Background Thread 1 ] WARN  FXGL.TextLevelParser - No producer found for character: 0
12:46:35.960 [FXGL Background Thread 1 ] WARN  FXGL.TextLevelParser - No producer found for character: 0
12:46:35.961 [FXGL Background Thread 1 ] WARN  FXGL.TextLevelParser - No producer found for character: 0
12:46:35.961 [FXGL Background Thread 1 ] WARN  FXGL.TextLevelParser - No producer found for character: 0
12:46:35.961 [FXGL Background Thread 1 ] WARN  FXGL.TextLevelParser - No producer found for character: 0
12:46:35.961 [FXGL Background Thread 1 ] WARN  FXGL.TextLevelParser - No producer found for character: 0
12:46:35.961 [FXGL Background Thread 1 ] WARN  FXGL.TextLevelParser - No producer found for character: 0
12:46:35.961 [FXGL Background Thread 1 ] WARN  FXGL.TextLevelParser - No producer found for character: 0
12:46:35.961 [FXGL Background Thread 1 ] WARN  FXGL.TextLevelParser - No producer found for character: 0
12:46:35.962 [FXGL Background Thread 1 ] WARN  FXGL.TextLevelParser - No producer found for character: 0
12:46:35.962 [FXGL Background Thread 1 ] WARN  FXGL.TextLevelParser - No producer found for character: 0
12:46:35.962 [FXGL Background Thread 1 ] WARN  FXGL.TextLevelParser - No producer found for character: 0
12:46:35.962 [FXGL Background Thread 1 ] WARN  FXGL.TextLevelParser - No producer found for character: 0
12:46:35.962 [FXGL Background Thread 1 ] WARN  FXGL.TextLevelParser - No producer found for character: 0
12:46:35.962 [FXGL Background Thread 1 ] WARN  FXGL.TextLevelParser - No producer found for character: 0
12:46:35.963 [FXGL Background Thread 1 ] WARN  FXGL.TextLevelParser - No producer found for character: 0
12:46:35.963 [FXGL Background Thread 1 ] WARN  FXGL.TextLevelParser - No producer found for character: 0
12:46:35.963 [FXGL Background Thread 1 ] WARN  FXGL.TextLevelParser - No producer found for character: 0
12:46:35.963 [FXGL Background Thread 1 ] WARN  FXGL.TextLevelParser - No producer found for character: 0
12:46:35.963 [FXGL Background Thread 1 ] WARN  FXGL.TextLevelParser - No producer found for character: 0
12:46:35.963 [FXGL Background Thread 1 ] WARN  FXGL.TextLevelParser - No producer found for character: 0
12:46:35.963 [FXGL Background Thread 1 ] WARN  FXGL.TextLevelParser - No producer found for character: 0
12:46:35.964 [FXGL Background Thread 1 ] WARN  FXGL.TextLevelParser - No producer found for character: 0
12:46:35.964 [FXGL Background Thread 1 ] WARN  FXGL.TextLevelParser - No producer found for character: 0
12:46:35.964 [FXGL Background Thread 1 ] WARN  FXGL.TextLevelParser - No producer found for character: 0
12:46:35.964 [FXGL Background Thread 1 ] WARN  FXGL.TextLevelParser - No producer found for character: 0
12:46:35.964 [FXGL Background Thread 1 ] WARN  FXGL.TextLevelParser - No producer found for character: 0
12:46:35.964 [FXGL Background Thread 1 ] WARN  FXGL.TextLevelParser - No producer found for character: 0
12:46:35.965 [FXGL Background Thread 1 ] WARN  FXGL.TextLevelParser - No producer found for character: 0
12:46:35.965 [FXGL Background Thread 1 ] WARN  FXGL.TextLevelParser - No producer found for character: 0
12:46:35.965 [FXGL Background Thread 1 ] WARN  FXGL.TextLevelParser - No producer found for character: 0
12:46:35.965 [FXGL Background Thread 1 ] WARN  FXGL.TextLevelParser - No producer found for character: 0
12:46:35.965 [FXGL Background Thread 1 ] WARN  FXGL.TextLevelParser - No producer found for character: 0
12:46:35.966 [FXGL Background Thread 1 ] WARN  FXGL.TextLevelParser - No producer found for character: 0
12:46:35.966 [FXGL Background Thread 1 ] WARN  FXGL.TextLevelParser - No producer found for character: 0
12:46:35.967 [FXGL Background Thread 1 ] WARN  FXGL.TextLevelParser - No producer found for character: 0
12:46:35.967 [FXGL Background Thread 1 ] WARN  FXGL.TextLevelParser - No producer found for character: 0
12:46:35.967 [FXGL Background Thread 1 ] WARN  FXGL.TextLevelParser - No producer found for character: 0
12:46:35.967 [FXGL Background Thread 1 ] WARN  FXGL.TextLevelParser - No producer found for character: 0
12:46:35.967 [FXGL Background Thread 1 ] WARN  FXGL.TextLevelParser - No producer found for character: 0
12:46:35.967 [FXGL Background Thread 1 ] WARN  FXGL.TextLevelParser - No producer found for character: 0
12:46:35.968 [FXGL Background Thread 1 ] WARN  FXGL.TextLevelParser - No producer found for character: 0
12:46:35.968 [FXGL Background Thread 1 ] WARN  FXGL.TextLevelParser - No producer found for character: 0
12:46:35.968 [FXGL Background Thread 1 ] WARN  FXGL.TextLevelParser - No producer found for character: 0
12:46:35.968 [FXGL Background Thread 1 ] WARN  FXGL.TextLevelParser - No producer found for character: 0
12:46:35.969 [FXGL Background Thread 1 ] WARN  FXGL.TextLevelParser - No producer found for character: 0
12:46:35.969 [FXGL Background Thread 1 ] WARN  FXGL.TextLevelParser - No producer found for character: 0
12:46:35.970 [FXGL Background Thread 1 ] WARN  FXGL.TextLevelParser - No producer found for character: 0
12:46:35.970 [FXGL Background Thread 1 ] WARN  FXGL.TextLevelParser - No producer found for character: 0
12:46:35.970 [FXGL Background Thread 1 ] WARN  FXGL.TextLevelParser - No producer found for character: 0
12:46:35.970 [FXGL Background Thread 1 ] WARN  FXGL.TextLevelParser - No producer found for character: 0
12:46:35.971 [FXGL Background Thread 1 ] WARN  FXGL.TextLevelParser - No producer found for character: 0
12:46:35.971 [FXGL Background Thread 1 ] WARN  FXGL.TextLevelParser - No producer found for character: 0
12:46:35.972 [FXGL Background Thread 1 ] WARN  FXGL.TextLevelParser - No producer found for character: 0
12:46:35.972 [FXGL Background Thread 1 ] WARN  FXGL.TextLevelParser - No producer found for character: 0
12:46:35.972 [FXGL Background Thread 1 ] WARN  FXGL.TextLevelParser - No producer found for character: 0
12:46:35.972 [FXGL Background Thread 1 ] WARN  FXGL.TextLevelParser - No producer found for character: 0
12:46:35.972 [FXGL Background Thread 1 ] WARN  FXGL.TextLevelParser - No producer found for character: 0
12:46:35.972 [FXGL Background Thread 1 ] WARN  FXGL.TextLevelParser - No producer found for character: 0
12:46:35.972 [FXGL Background Thread 1 ] WARN  FXGL.TextLevelParser - No producer found for character: 0
12:46:35.973 [FXGL Background Thread 1 ] WARN  FXGL.TextLevelParser - No producer found for character: 0
12:46:35.973 [FXGL Background Thread 1 ] WARN  FXGL.TextLevelParser - No producer found for character: 0
12:46:35.973 [FXGL Background Thread 1 ] WARN  FXGL.TextLevelParser - No producer found for character: 0
12:46:35.979 [FXGL Background Thread 1 ] WARN  FXGL.TextLevelParser - No producer found for character: 0
12:46:35.980 [FXGL Background Thread 1 ] WARN  FXGL.TextLevelParser - No producer found for character: 0
12:46:35.980 [FXGL Background Thread 1 ] WARN  FXGL.TextLevelParser - No producer found for character: 0
12:46:35.980 [FXGL Background Thread 1 ] WARN  FXGL.TextLevelParser - No producer found for character: 0
12:46:35.980 [FXGL Background Thread 1 ] WARN  FXGL.TextLevelParser - No producer found for character: 0
12:46:35.980 [FXGL Background Thread 1 ] WARN  FXGL.TextLevelParser - No producer found for character: 0
12:46:35.981 [FXGL Background Thread 1 ] WARN  FXGL.TextLevelParser - No producer found for character: 0
12:46:35.981 [FXGL Background Thread 1 ] WARN  FXGL.TextLevelParser - No producer found for character: 0
12:46:35.981 [FXGL Background Thread 1 ] WARN  FXGL.TextLevelParser - No producer found for character: 0
12:46:35.981 [FXGL Background Thread 1 ] WARN  FXGL.TextLevelParser - No producer found for character: 0
12:46:35.981 [FXGL Background Thread 1 ] WARN  FXGL.TextLevelParser - No producer found for character: 0
12:46:35.981 [FXGL Background Thread 1 ] WARN  FXGL.TextLevelParser - No producer found for character: 0
12:46:35.981 [FXGL Background Thread 1 ] WARN  FXGL.TextLevelParser - No producer found for character: 0
12:46:35.982 [FXGL Background Thread 1 ] WARN  FXGL.TextLevelParser - No producer found for character: 0
12:46:35.982 [FXGL Background Thread 1 ] WARN  FXGL.TextLevelParser - No producer found for character: 0
12:46:35.982 [FXGL Background Thread 1 ] WARN  FXGL.TextLevelParser - No producer found for character: 0
12:46:35.982 [FXGL Background Thread 1 ] WARN  FXGL.TextLevelParser - No producer found for character: 0
12:46:35.982 [FXGL Background Thread 1 ] WARN  FXGL.TextLevelParser - No producer found for character: 0
12:46:35.982 [FXGL Background Thread 1 ] WARN  FXGL.TextLevelParser - No producer found for character: 0
12:46:35.982 [FXGL Background Thread 1 ] WARN  FXGL.TextLevelParser - No producer found for character: 0
12:46:35.982 [FXGL Background Thread 1 ] WARN  FXGL.TextLevelParser - No producer found for character: 0
12:46:35.983 [FXGL Background Thread 1 ] WARN  FXGL.TextLevelParser - No producer found for character: 0
12:46:35.983 [FXGL Background Thread 1 ] WARN  FXGL.TextLevelParser - No producer found for character: 0
12:46:35.983 [FXGL Background Thread 1 ] WARN  FXGL.TextLevelParser - No producer found for character: 0
12:46:35.983 [FXGL Background Thread 1 ] WARN  FXGL.TextLevelParser - No producer found for character: 0
12:46:35.983 [FXGL Background Thread 1 ] WARN  FXGL.TextLevelParser - No producer found for character: 0
12:46:35.983 [FXGL Background Thread 1 ] WARN  FXGL.TextLevelParser - No producer found for character: 0
12:46:35.983 [FXGL Background Thread 1 ] WARN  FXGL.TextLevelParser - No producer found for character: 0
12:46:35.984 [FXGL Background Thread 1 ] WARN  FXGL.TextLevelParser - No producer found for character: 0
12:46:35.984 [FXGL Background Thread 1 ] WARN  FXGL.TextLevelParser - No producer found for character: 0
12:46:35.984 [FXGL Background Thread 1 ] WARN  FXGL.TextLevelParser - No producer found for character: 0
12:46:35.984 [FXGL Background Thread 1 ] WARN  FXGL.TextLevelParser - No producer found for character: 0
12:46:35.984 [FXGL Background Thread 1 ] WARN  FXGL.TextLevelParser - No producer found for character: 0
12:46:35.984 [FXGL Background Thread 1 ] WARN  FXGL.TextLevelParser - No producer found for character: 0
12:46:35.984 [FXGL Background Thread 1 ] WARN  FXGL.TextLevelParser - No producer found for character: 0
12:46:35.985 [FXGL Background Thread 1 ] WARN  FXGL.TextLevelParser - No producer found for character: 0
12:46:35.985 [FXGL Background Thread 1 ] WARN  FXGL.TextLevelParser - No producer found for character: 0
12:46:35.985 [FXGL Background Thread 1 ] WARN  FXGL.TextLevelParser - No producer found for character: 0
12:46:35.985 [FXGL Background Thread 1 ] WARN  FXGL.TextLevelParser - No producer found for character: 0
12:46:35.986 [FXGL Background Thread 1 ] WARN  FXGL.TextLevelParser - No producer found for character: 0
12:46:35.986 [FXGL Background Thread 1 ] WARN  FXGL.TextLevelParser - No producer found for character: 0
12:46:35.986 [FXGL Background Thread 1 ] WARN  FXGL.TextLevelParser - No producer found for character: 0
12:46:35.986 [FXGL Background Thread 1 ] WARN  FXGL.TextLevelParser - No producer found for character: 0
12:46:35.986 [FXGL Background Thread 1 ] WARN  FXGL.TextLevelParser - No producer found for character: 0
12:46:35.987 [FXGL Background Thread 1 ] WARN  FXGL.TextLevelParser - No producer found for character: 0
12:46:35.987 [FXGL Background Thread 1 ] WARN  FXGL.TextLevelParser - No producer found for character: 0
12:46:35.987 [FXGL Background Thread 1 ] WARN  FXGL.TextLevelParser - No producer found for character: 0
12:46:35.987 [FXGL Background Thread 1 ] WARN  FXGL.TextLevelParser - No producer found for character: 0
12:46:35.987 [FXGL Background Thread 1 ] WARN  FXGL.TextLevelParser - No producer found for character: 0
12:46:35.987 [FXGL Background Thread 1 ] WARN  FXGL.TextLevelParser - No producer found for character: 0
12:46:35.987 [FXGL Background Thread 1 ] WARN  FXGL.TextLevelParser - No producer found for character: 0
12:46:35.987 [FXGL Background Thread 1 ] WARN  FXGL.TextLevelParser - No producer found for character: 0
12:46:35.988 [FXGL Background Thread 1 ] WARN  FXGL.TextLevelParser - No producer found for character: 0
12:46:35.988 [FXGL Background Thread 1 ] WARN  FXGL.TextLevelParser - No producer found for character: 0
12:46:35.988 [FXGL Background Thread 1 ] WARN  FXGL.TextLevelParser - No producer found for character: 0
12:46:35.988 [FXGL Background Thread 1 ] WARN  FXGL.TextLevelParser - No producer found for character: 0
12:46:35.988 [FXGL Background Thread 1 ] WARN  FXGL.TextLevelParser - No producer found for character: 0
12:46:35.988 [FXGL Background Thread 1 ] WARN  FXGL.TextLevelParser - No producer found for character: 0
12:46:35.989 [FXGL Background Thread 1 ] WARN  FXGL.TextLevelParser - No producer found for character: 0
12:46:35.989 [FXGL Background Thread 1 ] WARN  FXGL.TextLevelParser - No producer found for character: 0
12:46:35.989 [FXGL Background Thread 1 ] WARN  FXGL.TextLevelParser - No producer found for character: 0
12:46:35.989 [FXGL Background Thread 1 ] WARN  FXGL.TextLevelParser - No producer found for character: 0
12:46:35.989 [FXGL Background Thread 1 ] WARN  FXGL.TextLevelParser - No producer found for character: 0
12:46:35.989 [FXGL Background Thread 1 ] WARN  FXGL.TextLevelParser - No producer found for character: 0
12:46:35.989 [FXGL Background Thread 1 ] WARN  FXGL.TextLevelParser - No producer found for character: 0
12:46:35.989 [FXGL Background Thread 1 ] WARN  FXGL.TextLevelParser - No producer found for character: 0
12:46:35.990 [FXGL Background Thread 1 ] WARN  FXGL.TextLevelParser - No producer found for character: 0
12:46:35.990 [FXGL Background Thread 1 ] WARN  FXGL.TextLevelParser - No producer found for character: 0
12:46:35.990 [FXGL Background Thread 1 ] WARN  FXGL.TextLevelParser - No producer found for character: 0
12:46:35.990 [FXGL Background Thread 1 ] WARN  FXGL.TextLevelParser - No producer found for character: 0
12:46:35.990 [FXGL Background Thread 1 ] WARN  FXGL.TextLevelParser - No producer found for character: 0
12:46:35.990 [FXGL Background Thread 1 ] WARN  FXGL.TextLevelParser - No producer found for character: 0
12:46:35.990 [FXGL Background Thread 1 ] WARN  FXGL.TextLevelParser - No producer found for character: 0
12:46:35.990 [FXGL Background Thread 1 ] WARN  FXGL.TextLevelParser - No producer found for character: 0
12:46:35.990 [FXGL Background Thread 1 ] WARN  FXGL.TextLevelParser - No producer found for character: 0
12:46:35.991 [FXGL Background Thread 1 ] WARN  FXGL.TextLevelParser - No producer found for character: 0
12:46:35.991 [FXGL Background Thread 1 ] WARN  FXGL.TextLevelParser - No producer found for character: 0
12:46:35.991 [FXGL Background Thread 1 ] WARN  FXGL.TextLevelParser - No producer found for character: 0
12:46:35.991 [FXGL Background Thread 1 ] WARN  FXGL.TextLevelParser - No producer found for character: 0
12:46:35.991 [FXGL Background Thread 1 ] WARN  FXGL.TextLevelParser - No producer found for character: 0
12:46:35.991 [FXGL Background Thread 1 ] WARN  FXGL.TextLevelParser - No producer found for character: 0
12:46:35.991 [FXGL Background Thread 1 ] WARN  FXGL.TextLevelParser - No producer found for character: 0
12:46:35.991 [FXGL Background Thread 1 ] WARN  FXGL.TextLevelParser - No producer found for character: 0
12:46:35.991 [FXGL Background Thread 1 ] WARN  FXGL.TextLevelParser - No producer found for character: 0
12:46:35.991 [FXGL Background Thread 1 ] WARN  FXGL.TextLevelParser - No producer found for character: 0
12:46:35.992 [FXGL Background Thread 1 ] WARN  FXGL.TextLevelParser - No producer found for character: 0
12:46:35.992 [FXGL Background Thread 1 ] WARN  FXGL.TextLevelParser - No producer found for character: 0
12:46:35.992 [FXGL Background Thread 1 ] WARN  FXGL.TextLevelParser - No producer found for character: 0
12:46:35.992 [FXGL Background Thread 1 ] WARN  FXGL.TextLevelParser - No producer found for character: 0
12:46:35.992 [FXGL Background Thread 1 ] WARN  FXGL.TextLevelParser - No producer found for character: 0
12:46:35.992 [FXGL Background Thread 1 ] WARN  FXGL.TextLevelParser - No producer found for character: 0
12:46:35.992 [FXGL Background Thread 1 ] WARN  FXGL.TextLevelParser - No producer found for character: 0
12:46:35.992 [FXGL Background Thread 1 ] WARN  FXGL.TextLevelParser - No producer found for character: 0
12:46:35.992 [FXGL Background Thread 1 ] WARN  FXGL.TextLevelParser - No producer found for character: 0
12:46:35.992 [FXGL Background Thread 1 ] WARN  FXGL.TextLevelParser - No producer found for character: 0
12:46:35.993 [FXGL Background Thread 1 ] WARN  FXGL.TextLevelParser - No producer found for character: 0
12:46:35.993 [FXGL Background Thread 1 ] WARN  FXGL.TextLevelParser - No producer found for character: 0
12:46:35.993 [FXGL Background Thread 1 ] WARN  FXGL.TextLevelParser - No producer found for character: 0
12:46:35.993 [FXGL Background Thread 1 ] WARN  FXGL.TextLevelParser - No producer found for character: 0
12:46:35.993 [FXGL Background Thread 1 ] WARN  FXGL.TextLevelParser - No producer found for character: 0
12:46:35.993 [FXGL Background Thread 1 ] WARN  FXGL.TextLevelParser - No producer found for character: 0
12:46:35.993 [FXGL Background Thread 1 ] WARN  FXGL.TextLevelParser - No producer found for character: 0
12:46:35.993 [FXGL Background Thread 1 ] WARN  FXGL.TextLevelParser - No producer found for character: 0
12:46:35.993 [FXGL Background Thread 1 ] WARN  FXGL.TextLevelParser - No producer found for character: 0
12:46:35.993 [FXGL Background Thread 1 ] WARN  FXGL.TextLevelParser - No producer found for character: 0
12:46:35.993 [FXGL Background Thread 1 ] WARN  FXGL.TextLevelParser - No producer found for character: 0
12:46:35.994 [FXGL Background Thread 1 ] WARN  FXGL.TextLevelParser - No producer found for character: 0
12:46:35.994 [FXGL Background Thread 1 ] WARN  FXGL.TextLevelParser - No producer found for character: 0
12:46:35.994 [FXGL Background Thread 1 ] WARN  FXGL.TextLevelParser - No producer found for character: 0
12:46:35.994 [FXGL Background Thread 1 ] WARN  FXGL.TextLevelParser - No producer found for character: 0
12:46:35.994 [FXGL Background Thread 1 ] WARN  FXGL.TextLevelParser - No producer found for character: 0
12:46:35.994 [FXGL Background Thread 1 ] WARN  FXGL.TextLevelParser - No producer found for character: 0
12:46:35.994 [FXGL Background Thread 1 ] WARN  FXGL.TextLevelParser - No producer found for character: 0
12:46:35.994 [FXGL Background Thread 1 ] WARN  FXGL.TextLevelParser - No producer found for character: 0
12:46:35.995 [FXGL Background Thread 1 ] WARN  FXGL.TextLevelParser - No producer found for character: 0
12:46:35.995 [FXGL Background Thread 1 ] WARN  FXGL.TextLevelParser - No producer found for character: 0
12:46:35.995 [FXGL Background Thread 1 ] WARN  FXGL.TextLevelParser - No producer found for character: 0
12:46:35.995 [FXGL Background Thread 1 ] WARN  FXGL.TextLevelParser - No producer found for character: 0
12:46:35.995 [FXGL Background Thread 1 ] WARN  FXGL.TextLevelParser - No producer found for character: 0
12:46:35.995 [FXGL Background Thread 1 ] WARN  FXGL.TextLevelParser - No producer found for character: 0
12:46:35.995 [FXGL Background Thread 1 ] WARN  FXGL.TextLevelParser - No producer found for character: 0
12:46:35.995 [FXGL Background Thread 1 ] WARN  FXGL.TextLevelParser - No producer found for character: 0
12:46:35.995 [FXGL Background Thread 1 ] WARN  FXGL.TextLevelParser - No producer found for character: 0
12:46:35.995 [FXGL Background Thread 1 ] WARN  FXGL.TextLevelParser - No producer found for character: 0
12:46:35.996 [FXGL Background Thread 1 ] WARN  FXGL.TextLevelParser - No producer found for character: 0
12:46:35.996 [FXGL Background Thread 1 ] WARN  FXGL.TextLevelParser - No producer found for character: 0
12:46:35.996 [FXGL Background Thread 1 ] WARN  FXGL.TextLevelParser - No producer found for character: 0
12:46:35.996 [FXGL Background Thread 1 ] WARN  FXGL.TextLevelParser - No producer found for character: 0
12:46:35.996 [FXGL Background Thread 1 ] WARN  FXGL.TextLevelParser - No producer found for character: 0
12:46:35.996 [FXGL Background Thread 1 ] WARN  FXGL.TextLevelParser - No producer found for character: 0
12:46:35.996 [FXGL Background Thread 1 ] WARN  FXGL.TextLevelParser - No producer found for character: 0
12:46:35.996 [FXGL Background Thread 1 ] WARN  FXGL.TextLevelParser - No producer found for character: 0
12:46:35.996 [FXGL Background Thread 1 ] WARN  FXGL.TextLevelParser - No producer found for character: 0
12:46:35.996 [FXGL Background Thread 1 ] WARN  FXGL.TextLevelParser - No producer found for character: 0
12:46:35.996 [FXGL Background Thread 1 ] WARN  FXGL.TextLevelParser - No producer found for character: 0
12:46:35.997 [FXGL Background Thread 1 ] WARN  FXGL.TextLevelParser - No producer found for character: 0
12:46:35.997 [FXGL Background Thread 1 ] WARN  FXGL.TextLevelParser - No producer found for character: 0
12:46:35.997 [FXGL Background Thread 1 ] WARN  FXGL.TextLevelParser - No producer found for character: 0
12:46:35.997 [FXGL Background Thread 1 ] WARN  FXGL.TextLevelParser - No producer found for character: 0
12:46:35.997 [FXGL Background Thread 1 ] WARN  FXGL.TextLevelParser - No producer found for character: 0
12:46:35.997 [FXGL Background Thread 1 ] WARN  FXGL.TextLevelParser - No producer found for character: 0
12:46:35.997 [FXGL Background Thread 1 ] WARN  FXGL.TextLevelParser - No producer found for character: 0
12:46:35.997 [FXGL Background Thread 1 ] WARN  FXGL.TextLevelParser - No producer found for character: 0
12:46:35.998 [FXGL Background Thread 1 ] WARN  FXGL.TextLevelParser - No producer found for character: 0
12:46:35.998 [FXGL Background Thread 1 ] WARN  FXGL.TextLevelParser - No producer found for character: 0
12:46:35.998 [FXGL Background Thread 1 ] WARN  FXGL.TextLevelParser - No producer found for character: 0
12:46:35.998 [FXGL Background Thread 1 ] WARN  FXGL.TextLevelParser - No producer found for character: 0
12:46:35.998 [FXGL Background Thread 1 ] WARN  FXGL.TextLevelParser - No producer found for character: 0
12:46:35.998 [FXGL Background Thread 1 ] WARN  FXGL.TextLevelParser - No producer found for character: 0
12:46:35.998 [FXGL Background Thread 1 ] WARN  FXGL.TextLevelParser - No producer found for character: 0
12:46:35.998 [FXGL Background Thread 1 ] WARN  FXGL.TextLevelParser - No producer found for character: 0
12:46:35.998 [FXGL Background Thread 1 ] WARN  FXGL.TextLevelParser - No producer found for character: 0
12:46:35.998 [FXGL Background Thread 1 ] WARN  FXGL.TextLevelParser - No producer found for character: 0
12:46:35.998 [FXGL Background Thread 1 ] WARN  FXGL.TextLevelParser - No producer found for character: 0
12:46:35.998 [FXGL Background Thread 1 ] WARN  FXGL.TextLevelParser - No producer found for character: 0
12:46:35.999 [FXGL Background Thread 1 ] WARN  FXGL.TextLevelParser - No producer found for character: 0
12:46:35.999 [FXGL Background Thread 1 ] WARN  FXGL.TextLevelParser - No producer found for character: 0
12:46:35.999 [FXGL Background Thread 1 ] WARN  FXGL.TextLevelParser - No producer found for character: 0
12:46:35.999 [FXGL Background Thread 1 ] WARN  FXGL.TextLevelParser - No producer found for character: 0
12:46:35.999 [FXGL Background Thread 1 ] WARN  FXGL.TextLevelParser - No producer found for character: 0
12:46:35.999 [FXGL Background Thread 1 ] WARN  FXGL.TextLevelParser - No producer found for character: 0
12:46:35.999 [FXGL Background Thread 1 ] WARN  FXGL.TextLevelParser - No producer found for character: 0
12:46:35.999 [FXGL Background Thread 1 ] WARN  FXGL.TextLevelParser - No producer found for character: 0
12:46:35.999 [FXGL Background Thread 1 ] WARN  FXGL.TextLevelParser - No producer found for character: 0
12:46:36.000 [FXGL Background Thread 1 ] WARN  FXGL.TextLevelParser - No producer found for character: 0
12:46:36.000 [FXGL Background Thread 1 ] WARN  FXGL.TextLevelParser - No producer found for character: 0
12:46:36.000 [FXGL Background Thread 1 ] WARN  FXGL.TextLevelParser - No producer found for character: 0
12:46:36.000 [FXGL Background Thread 1 ] WARN  FXGL.TextLevelParser - No producer found for character: 0
12:46:36.000 [FXGL Background Thread 1 ] WARN  FXGL.TextLevelParser - No producer found for character: 0
12:46:36.000 [FXGL Background Thread 1 ] WARN  FXGL.TextLevelParser - No producer found for character: 0
12:46:36.000 [FXGL Background Thread 1 ] WARN  FXGL.TextLevelParser - No producer found for character: 0
12:46:36.000 [FXGL Background Thread 1 ] WARN  FXGL.TextLevelParser - No producer found for character: 0
12:46:36.000 [FXGL Background Thread 1 ] WARN  FXGL.TextLevelParser - No producer found for character: 0
12:46:36.000 [FXGL Background Thread 1 ] WARN  FXGL.TextLevelParser - No producer found for character: 0
12:46:36.000 [FXGL Background Thread 1 ] WARN  FXGL.TextLevelParser - No producer found for character: 0
12:46:36.000 [FXGL Background Thread 1 ] WARN  FXGL.TextLevelParser - No producer found for character: 0
12:46:36.000 [FXGL Background Thread 1 ] WARN  FXGL.TextLevelParser - No producer found for character: 0
12:46:36.002 [FXGL Background Thread 1 ] DEBUG AssetLoader          - Loading from disk: /assets/textures/bar.png
12:46:36.005 [FXGL Background Thread 1 ] WARN  FXGL.TextLevelParser - No producer found for character: 0
12:46:36.006 [FXGL Background Thread 1 ] WARN  FXGL.TextLevelParser - No producer found for character: 0
12:46:36.006 [FXGL Background Thread 1 ] WARN  FXGL.TextLevelParser - No producer found for character: 0
12:46:36.006 [FXGL Background Thread 1 ] WARN  FXGL.TextLevelParser - No producer found for character: 0
12:46:36.006 [FXGL Background Thread 1 ] WARN  FXGL.TextLevelParser - No producer found for character: 0
12:46:36.006 [FXGL Background Thread 1 ] WARN  FXGL.TextLevelParser - No producer found for character: 0
12:46:36.006 [FXGL Background Thread 1 ] WARN  FXGL.TextLevelParser - No producer found for character: 0
12:46:36.006 [FXGL Background Thread 1 ] WARN  FXGL.TextLevelParser - No producer found for character: 0
12:46:36.006 [FXGL Background Thread 1 ] WARN  FXGL.TextLevelParser - No producer found for character: 0
12:46:36.006 [FXGL Background Thread 1 ] WARN  FXGL.TextLevelParser - No producer found for character: 0
12:46:36.006 [FXGL Background Thread 1 ] WARN  FXGL.TextLevelParser - No producer found for character: 0
12:46:36.007 [FXGL Background Thread 1 ] WARN  FXGL.TextLevelParser - No producer found for character: 0
12:46:36.007 [FXGL Background Thread 1 ] WARN  FXGL.TextLevelParser - No producer found for character: 0
12:46:36.007 [FXGL Background Thread 1 ] WARN  FXGL.TextLevelParser - No producer found for character: 0
12:46:36.007 [FXGL Background Thread 1 ] WARN  FXGL.TextLevelParser - No producer found for character: 0
12:46:36.007 [FXGL Background Thread 1 ] WARN  FXGL.TextLevelParser - No producer found for character: 0
12:46:36.007 [FXGL Background Thread 1 ] WARN  FXGL.TextLevelParser - No producer found for character: 0
12:46:36.007 [FXGL Background Thread 1 ] WARN  FXGL.TextLevelParser - No producer found for character: 0
12:46:36.007 [FXGL Background Thread 1 ] WARN  FXGL.TextLevelParser - No producer found for character: 0
12:46:36.007 [FXGL Background Thread 1 ] WARN  FXGL.TextLevelParser - No producer found for character: 0
12:46:36.007 [FXGL Background Thread 1 ] WARN  FXGL.TextLevelParser - No producer found for character: 0
12:46:36.007 [FXGL Background Thread 1 ] WARN  FXGL.TextLevelParser - No producer found for character: 0
12:46:36.008 [FXGL Background Thread 1 ] WARN  FXGL.TextLevelParser - No producer found for character: 0
12:46:36.008 [FXGL Background Thread 1 ] WARN  FXGL.TextLevelParser - No producer found for character: 0
12:46:36.008 [FXGL Background Thread 1 ] WARN  FXGL.TextLevelParser - No producer found for character: 0
12:46:36.008 [FXGL Background Thread 1 ] WARN  FXGL.TextLevelParser - No producer found for character: 0
12:46:36.008 [FXGL Background Thread 1 ] DEBUG AssetLoader          - Loading from disk: /assets/textures/fire.png
12:46:36.014 [FXGL Background Thread 1 ] WARN  FXGL.TextLevelParser - No producer found for character: 0
12:46:36.015 [FXGL Background Thread 1 ] DEBUG AssetLoader          - Loading from cache: /assets/textures/fire.png@100.0x80.0
12:46:36.016 [FXGL Background Thread 1 ] WARN  FXGL.TextLevelParser - No producer found for character: 0
12:46:36.017 [FXGL Background Thread 1 ] DEBUG AssetLoader          - Loading from cache: /assets/textures/fire.png@100.0x80.0
12:46:36.018 [FXGL Background Thread 1 ] WARN  FXGL.TextLevelParser - No producer found for character: 0
12:46:36.019 [FXGL Background Thread 1 ] DEBUG AssetLoader          - Loading from cache: /assets/textures/fire.png@100.0x80.0
12:46:36.021 [FXGL Background Thread 1 ] WARN  FXGL.TextLevelParser - No producer found for character: 0
12:46:36.022 [FXGL Background Thread 1 ] DEBUG AssetLoader          - Loading from cache: /assets/textures/fire.png@100.0x80.0
12:46:36.023 [FXGL Background Thread 1 ] WARN  FXGL.TextLevelParser - No producer found for character: 0
12:46:36.023 [FXGL Background Thread 1 ] DEBUG AssetLoader          - Loading from cache: /assets/textures/fire.png@100.0x80.0
12:46:36.024 [FXGL Background Thread 1 ] WARN  FXGL.TextLevelParser - No producer found for character: 0
12:46:36.025 [FXGL Background Thread 1 ] DEBUG AssetLoader          - Loading from cache: /assets/textures/fire.png@100.0x80.0
12:46:36.025 [FXGL Background Thread 1 ] WARN  FXGL.TextLevelParser - No producer found for character: 0
12:46:36.026 [FXGL Background Thread 1 ] DEBUG AssetLoader          - Loading from cache: /assets/textures/fire.png@100.0x80.0
12:46:36.026 [FXGL Background Thread 1 ] WARN  FXGL.TextLevelParser - No producer found for character: 0
12:46:36.027 [FXGL Background Thread 1 ] DEBUG AssetLoader          - Loading from cache: /assets/textures/fire.png@100.0x80.0
12:46:36.027 [FXGL Background Thread 1 ] WARN  FXGL.TextLevelParser - No producer found for character: 0
12:46:36.028 [FXGL Background Thread 1 ] DEBUG GameWorld            - Clearing removable entities
12:46:36.028 [FXGL Background Thread 1 ] DEBUG GameWorld            - Setting level: com.almasb.fxgl.entity.Level@4e130a0b
12:46:36.054 [FXGL Background Thread 1 ] DEBUG GameScene            - Creating render group for layer: DEFAULT(100000)
12:46:36.066 [FXGL Background Thread 1 ] DEBUG GameScene            - Creating render group for layer: BACKGROUND(1000)
12:46:36.068 [FXGL Background Thread 1 ] DEBUG InitAppTask          - Initializing Physics
12:46:36.069 [FXGL Background Thread 1 ] DEBUG InitAppTask          - Initializing UI
12:46:36.071 [FXGL Background Thread 1 ] DEBUG InitAppTask          - Initialization Complete
12:46:36.071 [FXGL Background Thread 1 ] INFO  InitAppTask          - Game initialization took: 0,231 sec
12:46:36.078 [JavaFX Application Thread] DEBUG Input                - Clearing active input actions
12:46:36.088 [JavaFX Application Thread] DEBUG AppStateMachine      - LoadingState -> PlayState
12:47:01.839 [JavaFX Application Thread] FATAL GameApplication      - Uncaught Exception:

Fatal exception occurred: java.util.NoSuchElementException : No value present
E: com.almasb.fxgl.util.Optional.get(Optional.java:103)
E: com.dalphs.BreakoutApp.getBallControl(BreakoutApp.java:40)
E: com.dalphs.BreakoutApp.lambda$gameText$1(BreakoutApp.java:184)
E: javafx.graphics/javafx.animation.Animation.finished(Animation.java:1131)
E: javafx.graphics/javafx.animation.AnimationAccessorImpl.finished(AnimationAccessorImpl.java:49)
E: javafx.graphics/com.sun.scenario.animation.shared.SingleLoopClipEnvelope.timePulse(SingleLoopClipEnvelope.java:103)
E: javafx.graphics/javafx.animation.Animation.doTimePulse(Animation.java:1101)
E: javafx.graphics/javafx.animation.Animation$1.lambda$timePulse$0(Animation.java:186)
E: java.base/java.security.AccessController.doPrivileged(Native Method)
E: javafx.graphics/javafx.animation.Animation$1.timePulse(Animation.java:185)
E: javafx.graphics/com.sun.scenario.animation.AbstractMasterTimer.timePulseImpl(AbstractMasterTimer.java:344)
E: javafx.graphics/com.sun.scenario.animation.AbstractMasterTimer$MainLoop.run(AbstractMasterTimer.java:267)
E: javafx.graphics/com.sun.javafx.tk.quantum.QuantumToolkit.pulse(QuantumToolkit.java:514)
E: javafx.graphics/com.sun.javafx.tk.quantum.QuantumToolkit.pulse(QuantumToolkit.java:498)
E: javafx.graphics/com.sun.javafx.tk.quantum.QuantumToolkit.pulseFromQueue(QuantumToolkit.java:491)
E: javafx.graphics/com.sun.javafx.tk.quantum.QuantumToolkit.lambda$runToolkit$11(QuantumToolkit.java:319)
E: javafx.graphics/com.sun.glass.ui.InvokeLaterDispatcher$Future.run(InvokeLaterDispatcher.java:96)
E: javafx.graphics/com.sun.glass.ui.win.WinApplication._runLoop(Native Method)
E: javafx.graphics/com.sun.glass.ui.win.WinApplication.lambda$runLoop$3(WinApplication.java:175)
E: java.base/java.lang.Thread.run(Thread.java:844)

12:47:01.839 [JavaFX Application Thread] FATAL GameApplication      - Application will now exit
12:47:01.839 [JavaFX Application Thread] DEBUG GameApplication      - Stopping main loop
12:47:03.071 [JavaFX Application Thread] DEBUG GameApplication      - Exiting game application
12:47:03.072 [JavaFX Application Thread] DEBUG GameApplication      - Shutting down background threads
12:47:03.072 [JavaFX Application Thread] DEBUG GameApplication      - Exiting FXGL
12:47:03.072 [JavaFX Application Thread] DEBUG FXGL                 - Saving FXGL system data
12:47:03.075 [JavaFX Application Thread] DEBUG FS                   - Writing to: system\fxgl.bundle
12:47:03.079 [JavaFX Application Thread] DEBUG GameApplication      - Closing logger and exiting JavaFX
