13:03:08.761 [JavaFX Application Thread] DEBUG GameApplication      - Logger initialized
13:03:08.778 [JavaFX Application Thread] DEBUG MainWindow           - Creating a JavaFX scene
13:03:09.038 [JavaFX Application Thread] DEBUG MainWindow           - Target settings size: 800.0 x 600.0
13:03:09.038 [JavaFX Application Thread] DEBUG MainWindow           - Scaled scene size:    800.0 x 600.0
13:03:09.039 [JavaFX Application Thread] DEBUG MainWindow           - Scaled ratio: (1.0, 1.0)
13:03:09.044 [JavaFX Application Thread] DEBUG GameApplication      - Starting FXGL
13:03:09.075 [FXGL Launcher Thread     ] INFO  FXGL                 - FXGL-0.5.0 on DESKTOP
13:03:09.076 [FXGL Launcher Thread     ] INFO  FXGL                 - Source code and latest versions at: https://github.com/AlmasB/FXGL
13:03:09.076 [FXGL Launcher Thread     ] INFO  FXGL                 -              Join the FXGL chat at: https://gitter.im/AlmasB/FXGL
13:03:09.084 [FXGL Launcher Thread     ] DEBUG FXGL                 - Loading FXGL system data
13:03:09.099 [FXGL Launcher Thread     ] DEBUG FS                   - Reading from: system\fxgl.bundle
13:03:09.111 [FXGL Launcher Thread     ] DEBUG Bundle               - Logging bundle: FXGL
13:03:09.112 [FXGL Launcher Thread     ] DEBUG Bundle               - FXGL.offline.timer.version.check=2019-01-24T08:55:57.713219300
13:03:09.154 [FXGL Launcher Thread     ] DEBUG GameApplication      - FXGL started
13:03:09.155 [FXGL Launcher Thread     ] DEBUG GameApplication      - Logging game settings
Title: Breakout
Version: 0.1
Width: 800
Height: 600
Fullscreen: false
Intro: false
Menus: false
Profiling: false
Single step:false
App Mode: DEVELOPER
Menu Key: ESCAPE
Stage Style: DECORATED
Scene Factory: class com.almasb.fxgl.scene.SceneFactory
Dialog Factory: class com.almasb.fxgl.ui.FXGLDialogFactory
UI Factory: class com.almasb.fxgl.ui.FXGLUIFactory
Notification Service: class com.almasb.fxgl.gameplay.notification.XboxNotificationView
Exception Handler: class com.almasb.fxgl.app.FXGLExceptionHandler
13:03:09.156 [FXGL Launcher Thread     ] DEBUG GameApplication      - Configuring GameApplication
13:03:09.156 [FXGL Launcher Thread     ] DEBUG GameApplication      - Initializing state machine and application states
13:03:09.169 [FXGL Launcher Thread     ] DEBUG AssetLoader          - Loading from disk: /assets/ui/cursors/fxgl_default.png
13:03:09.184 [FXGL Launcher Thread     ] DEBUG AssetLoader          - Loading from disk: /assets/ui/cursors/fxgl_default.png
13:03:09.208 [FXGL Launcher Thread     ] DEBUG FXGLAssets           - Loading FXGLAssets
13:03:09.242 [FXGL Launcher Thread     ] DEBUG AssetLoader          - Loading from disk: /assets/ui/fonts/VarelaRound-Regular.ttf
13:03:09.416 [FXGL Launcher Thread     ] DEBUG AssetLoader          - Loading from disk: /assets/ui/fonts/lucida_console.ttf
13:03:09.421 [FXGL Launcher Thread     ] DEBUG AssetLoader          - Loading from disk: /assets/ui/css/fxgl_dark.css
13:03:09.421 [FXGL Launcher Thread     ] DEBUG AssetLoader          - Loading from disk: /assets/ui/icons/fxgl_icon.png
13:03:09.456 [FXGL Launcher Thread     ] DEBUG AssetLoader          - Loading from disk: /assets/ui/cursors/fxgl_default.png
13:03:09.464 [FXGL Launcher Thread     ] DEBUG AssetLoader          - Loading from disk: /assets/ui/cursors/fxgl_default.png
13:03:09.491 [FXGL Launcher Thread     ] DEBUG GameScene            - Game scene initialized: 800x600
13:03:09.497 [FXGL Launcher Thread     ] DEBUG GameWorld            - Game world initialized
13:03:09.569 [FXGL Launcher Thread     ] DEBUG PhysicsWorld         - Physics world initialized: appHeight=600, physics.ppm=50,0
13:03:09.588 [FXGL Launcher Thread     ] DEBUG Input                - Registered new binding: Pause - Esc
13:03:09.609 [FXGL Launcher Thread     ] DEBUG Input                - Clearing active input actions
13:03:09.649 [FXGL Launcher Thread     ] DEBUG AppStateMachine      - StartupState -> StartupState
13:03:09.658 [FXGL Launcher Thread     ] INFO  GameApplication      - Game configuration took:  0,501 sec
13:03:09.661 [JavaFX Application Thread] DEBUG MainWindow           - Opening main window
13:03:09.755 [JavaFX Application Thread] DEBUG MainWindow           - Window border size: (14.4000244140625, 37.5999755859375)
13:03:09.755 [JavaFX Application Thread] DEBUG MainWindow           - Scaled size: 800.0 x 600.0
13:03:09.755 [JavaFX Application Thread] DEBUG MainWindow           - Scaled ratio: (1.0, 1.0)
13:03:09.755 [JavaFX Application Thread] DEBUG MainWindow           - Scene size: 800.0 x 600.0
13:03:09.756 [JavaFX Application Thread] DEBUG MainWindow           - Stage size: 814.4000244140625 x 637.5999755859375
13:03:09.756 [JavaFX Application Thread] DEBUG GameApplication      - Running preInit()
13:03:09.758 [JavaFX Application Thread] DEBUG Input                - Registered new binding: Screenshot - P
13:03:09.758 [JavaFX Application Thread] DEBUG Input                - Registered new binding: Dev Options - CTRL+0
13:03:09.759 [JavaFX Application Thread] DEBUG Input                - Registered new binding: System info dump - CTRL+9
13:03:09.760 [JavaFX Application Thread] DEBUG Input                - Registered new binding: Restart - CTRL+R
13:03:09.760 [JavaFX Application Thread] DEBUG Input                - Registered new binding: Move Left - A
13:03:09.760 [JavaFX Application Thread] DEBUG Input                - Registered new binding: Move Right - D
13:03:09.781 [JavaFX Application Thread] DEBUG GameApplication      - Starting main loop
13:03:09.783 [JavaFX Application Thread] DEBUG StartupState         - STARTUP
13:03:09.783 [JavaFX Application Thread] DEBUG GameApplication      - Starting new game
13:03:09.784 [JavaFX Application Thread] DEBUG Input                - Clearing active input actions
13:03:09.794 [JavaFX Application Thread] DEBUG AppStateMachine      - StartupState -> LoadingState
13:03:09.797 [FXGL Background Thread 1 ] DEBUG InitAppTask          - Clearing previous game
13:03:09.797 [FXGL Background Thread 1 ] DEBUG GameWorld            - Clearing game world
13:03:09.798 [FXGL Background Thread 1 ] DEBUG PhysicsWorld         - Clearing physics world
13:03:09.798 [FXGL Background Thread 1 ] DEBUG GameScene            - Clearing game scene
13:03:09.799 [FXGL Background Thread 1 ] DEBUG InitAppTask          - Initializing Game
13:03:09.839 [FXGL Background Thread 1 ] DEBUG AssetLoader          - Loading from disk: /assets/text/levels/bricksballbar.txt
13:03:09.842 [FXGL Background Thread 1 ] WARN  FXGL.TextLevelParser - No producer found for character: 0
13:03:09.843 [FXGL Background Thread 1 ] WARN  FXGL.TextLevelParser - No producer found for character: 0
13:03:09.843 [FXGL Background Thread 1 ] WARN  FXGL.TextLevelParser - No producer found for character: 0
13:03:09.843 [FXGL Background Thread 1 ] WARN  FXGL.TextLevelParser - No producer found for character: 0
13:03:09.843 [FXGL Background Thread 1 ] WARN  FXGL.TextLevelParser - No producer found for character: 0
13:03:09.843 [FXGL Background Thread 1 ] WARN  FXGL.TextLevelParser - No producer found for character: 0
13:03:09.844 [FXGL Background Thread 1 ] WARN  FXGL.TextLevelParser - No producer found for character: 0
13:03:09.844 [FXGL Background Thread 1 ] WARN  FXGL.TextLevelParser - No producer found for character: 0
13:03:09.844 [FXGL Background Thread 1 ] WARN  FXGL.TextLevelParser - No producer found for character: 0
13:03:09.845 [FXGL Background Thread 1 ] WARN  FXGL.TextLevelParser - No producer found for character: 0
13:03:09.845 [FXGL Background Thread 1 ] WARN  FXGL.TextLevelParser - No producer found for character: 0
13:03:09.845 [FXGL Background Thread 1 ] WARN  FXGL.TextLevelParser - No producer found for character: 0
13:03:09.845 [FXGL Background Thread 1 ] WARN  FXGL.TextLevelParser - No producer found for character: 0
13:03:09.845 [FXGL Background Thread 1 ] WARN  FXGL.TextLevelParser - No producer found for character: 0
13:03:09.845 [FXGL Background Thread 1 ] WARN  FXGL.TextLevelParser - No producer found for character: 0
13:03:09.846 [FXGL Background Thread 1 ] WARN  FXGL.TextLevelParser - No producer found for character: 0
13:03:09.846 [FXGL Background Thread 1 ] WARN  FXGL.TextLevelParser - No producer found for character: 0
13:03:09.846 [FXGL Background Thread 1 ] WARN  FXGL.TextLevelParser - No producer found for character: 0
13:03:09.846 [FXGL Background Thread 1 ] WARN  FXGL.TextLevelParser - No producer found for character: 0
13:03:09.905 [FXGL Background Thread 1 ] DEBUG AssetLoader          - Loading from disk: /assets/textures/brick1.png
13:03:09.919 [FXGL Background Thread 1 ] WARN  FXGL.TextLevelParser - No producer found for character: 0
13:03:09.919 [FXGL Background Thread 1 ] DEBUG AssetLoader          - Loading from cache: /assets/textures/brick1.png
13:03:09.921 [FXGL Background Thread 1 ] WARN  FXGL.TextLevelParser - No producer found for character: 0
13:03:09.922 [FXGL Background Thread 1 ] DEBUG AssetLoader          - Loading from cache: /assets/textures/brick1.png
13:03:09.923 [FXGL Background Thread 1 ] WARN  FXGL.TextLevelParser - No producer found for character: 0
13:03:09.924 [FXGL Background Thread 1 ] DEBUG AssetLoader          - Loading from cache: /assets/textures/brick1.png
13:03:09.925 [FXGL Background Thread 1 ] WARN  FXGL.TextLevelParser - No producer found for character: 0
13:03:09.926 [FXGL Background Thread 1 ] DEBUG AssetLoader          - Loading from cache: /assets/textures/brick1.png
13:03:09.926 [FXGL Background Thread 1 ] WARN  FXGL.TextLevelParser - No producer found for character: 0
13:03:09.927 [FXGL Background Thread 1 ] DEBUG AssetLoader          - Loading from cache: /assets/textures/brick1.png
13:03:09.928 [FXGL Background Thread 1 ] WARN  FXGL.TextLevelParser - No producer found for character: 0
13:03:09.929 [FXGL Background Thread 1 ] DEBUG AssetLoader          - Loading from cache: /assets/textures/brick1.png
13:03:09.930 [FXGL Background Thread 1 ] WARN  FXGL.TextLevelParser - No producer found for character: 0
13:03:09.931 [FXGL Background Thread 1 ] DEBUG AssetLoader          - Loading from cache: /assets/textures/brick1.png
13:03:09.933 [FXGL Background Thread 1 ] WARN  FXGL.TextLevelParser - No producer found for character: 0
13:03:09.934 [FXGL Background Thread 1 ] DEBUG AssetLoader          - Loading from cache: /assets/textures/brick1.png
13:03:09.935 [FXGL Background Thread 1 ] WARN  FXGL.TextLevelParser - No producer found for character: 0
13:03:09.936 [FXGL Background Thread 1 ] DEBUG AssetLoader          - Loading from cache: /assets/textures/brick1.png
13:03:09.937 [FXGL Background Thread 1 ] WARN  FXGL.TextLevelParser - No producer found for character: 0
13:03:09.937 [FXGL Background Thread 1 ] WARN  FXGL.TextLevelParser - No producer found for character: 0
13:03:09.937 [FXGL Background Thread 1 ] WARN  FXGL.TextLevelParser - No producer found for character: 0
13:03:09.937 [FXGL Background Thread 1 ] WARN  FXGL.TextLevelParser - No producer found for character: 0
13:03:09.937 [FXGL Background Thread 1 ] WARN  FXGL.TextLevelParser - No producer found for character: 0
13:03:09.938 [FXGL Background Thread 1 ] WARN  FXGL.TextLevelParser - No producer found for character: 0
13:03:09.938 [FXGL Background Thread 1 ] WARN  FXGL.TextLevelParser - No producer found for character: 0
13:03:09.938 [FXGL Background Thread 1 ] WARN  FXGL.TextLevelParser - No producer found for character: 0
13:03:09.938 [FXGL Background Thread 1 ] WARN  FXGL.TextLevelParser - No producer found for character: 0
13:03:09.938 [FXGL Background Thread 1 ] WARN  FXGL.TextLevelParser - No producer found for character: 0
13:03:09.938 [FXGL Background Thread 1 ] WARN  FXGL.TextLevelParser - No producer found for character: 0
13:03:09.939 [FXGL Background Thread 1 ] WARN  FXGL.TextLevelParser - No producer found for character: 0
13:03:09.939 [FXGL Background Thread 1 ] WARN  FXGL.TextLevelParser - No producer found for character: 0
13:03:09.939 [FXGL Background Thread 1 ] WARN  FXGL.TextLevelParser - No producer found for character: 0
13:03:09.939 [FXGL Background Thread 1 ] WARN  FXGL.TextLevelParser - No producer found for character: 0
13:03:09.939 [FXGL Background Thread 1 ] WARN  FXGL.TextLevelParser - No producer found for character: 0
13:03:09.939 [FXGL Background Thread 1 ] WARN  FXGL.TextLevelParser - No producer found for character: 0
13:03:09.939 [FXGL Background Thread 1 ] WARN  FXGL.TextLevelParser - No producer found for character: 0
13:03:09.939 [FXGL Background Thread 1 ] WARN  FXGL.TextLevelParser - No producer found for character: 0
13:03:09.940 [FXGL Background Thread 1 ] WARN  FXGL.TextLevelParser - No producer found for character: 0
13:03:09.940 [FXGL Background Thread 1 ] WARN  FXGL.TextLevelParser - No producer found for character: 0
13:03:09.940 [FXGL Background Thread 1 ] WARN  FXGL.TextLevelParser - No producer found for character: 0
13:03:09.940 [FXGL Background Thread 1 ] WARN  FXGL.TextLevelParser - No producer found for character: 0
13:03:09.940 [FXGL Background Thread 1 ] WARN  FXGL.TextLevelParser - No producer found for character: 0
13:03:09.940 [FXGL Background Thread 1 ] WARN  FXGL.TextLevelParser - No producer found for character: 0
13:03:09.940 [FXGL Background Thread 1 ] WARN  FXGL.TextLevelParser - No producer found for character: 0
13:03:09.941 [FXGL Background Thread 1 ] WARN  FXGL.TextLevelParser - No producer found for character: 0
13:03:09.941 [FXGL Background Thread 1 ] WARN  FXGL.TextLevelParser - No producer found for character: 0
13:03:09.941 [FXGL Background Thread 1 ] WARN  FXGL.TextLevelParser - No producer found for character: 0
13:03:09.941 [FXGL Background Thread 1 ] WARN  FXGL.TextLevelParser - No producer found for character: 0
13:03:09.941 [FXGL Background Thread 1 ] WARN  FXGL.TextLevelParser - No producer found for character: 0
13:03:09.941 [FXGL Background Thread 1 ] WARN  FXGL.TextLevelParser - No producer found for character: 0
13:03:09.942 [FXGL Background Thread 1 ] WARN  FXGL.TextLevelParser - No producer found for character: 0
13:03:09.943 [FXGL Background Thread 1 ] WARN  FXGL.TextLevelParser - No producer found for character: 0
13:03:09.943 [FXGL Background Thread 1 ] WARN  FXGL.TextLevelParser - No producer found for character: 0
13:03:09.944 [FXGL Background Thread 1 ] WARN  FXGL.TextLevelParser - No producer found for character: 0
13:03:09.944 [FXGL Background Thread 1 ] WARN  FXGL.TextLevelParser - No producer found for character: 0
13:03:09.944 [FXGL Background Thread 1 ] WARN  FXGL.TextLevelParser - No producer found for character: 0
13:03:09.944 [FXGL Background Thread 1 ] WARN  FXGL.TextLevelParser - No producer found for character: 0
13:03:09.945 [FXGL Background Thread 1 ] WARN  FXGL.TextLevelParser - No producer found for character: 0
13:03:09.945 [FXGL Background Thread 1 ] WARN  FXGL.TextLevelParser - No producer found for character: 0
13:03:09.945 [FXGL Background Thread 1 ] WARN  FXGL.TextLevelParser - No producer found for character: 0
13:03:09.945 [FXGL Background Thread 1 ] WARN  FXGL.TextLevelParser - No producer found for character: 0
13:03:09.945 [FXGL Background Thread 1 ] WARN  FXGL.TextLevelParser - No producer found for character: 0
13:03:09.945 [FXGL Background Thread 1 ] WARN  FXGL.TextLevelParser - No producer found for character: 0
13:03:09.945 [FXGL Background Thread 1 ] WARN  FXGL.TextLevelParser - No producer found for character: 0
13:03:09.945 [FXGL Background Thread 1 ] WARN  FXGL.TextLevelParser - No producer found for character: 0
13:03:09.946 [FXGL Background Thread 1 ] WARN  FXGL.TextLevelParser - No producer found for character: 0
13:03:09.946 [FXGL Background Thread 1 ] WARN  FXGL.TextLevelParser - No producer found for character: 0
13:03:09.946 [FXGL Background Thread 1 ] WARN  FXGL.TextLevelParser - No producer found for character: 0
13:03:09.946 [FXGL Background Thread 1 ] WARN  FXGL.TextLevelParser - No producer found for character: 0
13:03:09.946 [FXGL Background Thread 1 ] WARN  FXGL.TextLevelParser - No producer found for character: 0
13:03:09.946 [FXGL Background Thread 1 ] WARN  FXGL.TextLevelParser - No producer found for character: 0
13:03:09.946 [FXGL Background Thread 1 ] WARN  FXGL.TextLevelParser - No producer found for character: 0
13:03:09.947 [FXGL Background Thread 1 ] WARN  FXGL.TextLevelParser - No producer found for character: 0
13:03:09.947 [FXGL Background Thread 1 ] WARN  FXGL.TextLevelParser - No producer found for character: 0
13:03:09.947 [FXGL Background Thread 1 ] WARN  FXGL.TextLevelParser - No producer found for character: 0
13:03:09.947 [FXGL Background Thread 1 ] WARN  FXGL.TextLevelParser - No producer found for character: 0
13:03:09.947 [FXGL Background Thread 1 ] WARN  FXGL.TextLevelParser - No producer found for character: 0
13:03:09.947 [FXGL Background Thread 1 ] WARN  FXGL.TextLevelParser - No producer found for character: 0
13:03:09.947 [FXGL Background Thread 1 ] WARN  FXGL.TextLevelParser - No producer found for character: 0
13:03:09.947 [FXGL Background Thread 1 ] WARN  FXGL.TextLevelParser - No producer found for character: 0
13:03:09.947 [FXGL Background Thread 1 ] WARN  FXGL.TextLevelParser - No producer found for character: 0
13:03:09.948 [FXGL Background Thread 1 ] WARN  FXGL.TextLevelParser - No producer found for character: 0
13:03:09.948 [FXGL Background Thread 1 ] WARN  FXGL.TextLevelParser - No producer found for character: 0
13:03:09.948 [FXGL Background Thread 1 ] WARN  FXGL.TextLevelParser - No producer found for character: 0
13:03:09.949 [FXGL Background Thread 1 ] WARN  FXGL.TextLevelParser - No producer found for character: 0
13:03:09.949 [FXGL Background Thread 1 ] WARN  FXGL.TextLevelParser - No producer found for character: 0
13:03:09.949 [FXGL Background Thread 1 ] WARN  FXGL.TextLevelParser - No producer found for character: 0
13:03:09.949 [FXGL Background Thread 1 ] WARN  FXGL.TextLevelParser - No producer found for character: 0
13:03:09.949 [FXGL Background Thread 1 ] WARN  FXGL.TextLevelParser - No producer found for character: 0
13:03:09.949 [FXGL Background Thread 1 ] WARN  FXGL.TextLevelParser - No producer found for character: 0
13:03:09.950 [FXGL Background Thread 1 ] WARN  FXGL.TextLevelParser - No producer found for character: 0
13:03:09.950 [FXGL Background Thread 1 ] WARN  FXGL.TextLevelParser - No producer found for character: 0
13:03:09.950 [FXGL Background Thread 1 ] WARN  FXGL.TextLevelParser - No producer found for character: 0
13:03:09.950 [FXGL Background Thread 1 ] WARN  FXGL.TextLevelParser - No producer found for character: 0
13:03:09.950 [FXGL Background Thread 1 ] WARN  FXGL.TextLevelParser - No producer found for character: 0
13:03:09.951 [FXGL Background Thread 1 ] WARN  FXGL.TextLevelParser - No producer found for character: 0
13:03:09.951 [FXGL Background Thread 1 ] WARN  FXGL.TextLevelParser - No producer found for character: 0
13:03:09.951 [FXGL Background Thread 1 ] WARN  FXGL.TextLevelParser - No producer found for character: 0
13:03:09.951 [FXGL Background Thread 1 ] WARN  FXGL.TextLevelParser - No producer found for character: 0
13:03:09.951 [FXGL Background Thread 1 ] WARN  FXGL.TextLevelParser - No producer found for character: 0
13:03:09.951 [FXGL Background Thread 1 ] WARN  FXGL.TextLevelParser - No producer found for character: 0
13:03:09.951 [FXGL Background Thread 1 ] WARN  FXGL.TextLevelParser - No producer found for character: 0
13:03:09.952 [FXGL Background Thread 1 ] WARN  FXGL.TextLevelParser - No producer found for character: 0
13:03:09.958 [FXGL Background Thread 1 ] DEBUG AssetLoader          - Loading from disk: /assets/textures/Ball.png
13:03:09.960 [FXGL Background Thread 1 ] WARN  FXGL.TextLevelParser - No producer found for character: 0
13:03:09.960 [FXGL Background Thread 1 ] WARN  FXGL.TextLevelParser - No producer found for character: 0
13:03:09.961 [FXGL Background Thread 1 ] WARN  FXGL.TextLevelParser - No producer found for character: 0
13:03:09.961 [FXGL Background Thread 1 ] WARN  FXGL.TextLevelParser - No producer found for character: 0
13:03:09.961 [FXGL Background Thread 1 ] WARN  FXGL.TextLevelParser - No producer found for character: 0
13:03:09.961 [FXGL Background Thread 1 ] WARN  FXGL.TextLevelParser - No producer found for character: 0
13:03:09.961 [FXGL Background Thread 1 ] WARN  FXGL.TextLevelParser - No producer found for character: 0
13:03:09.961 [FXGL Background Thread 1 ] WARN  FXGL.TextLevelParser - No producer found for character: 0
13:03:09.961 [FXGL Background Thread 1 ] WARN  FXGL.TextLevelParser - No producer found for character: 0
13:03:09.961 [FXGL Background Thread 1 ] WARN  FXGL.TextLevelParser - No producer found for character: 0
13:03:09.962 [FXGL Background Thread 1 ] WARN  FXGL.TextLevelParser - No producer found for character: 0
13:03:09.962 [FXGL Background Thread 1 ] WARN  FXGL.TextLevelParser - No producer found for character: 0
13:03:09.962 [FXGL Background Thread 1 ] WARN  FXGL.TextLevelParser - No producer found for character: 0
13:03:09.962 [FXGL Background Thread 1 ] WARN  FXGL.TextLevelParser - No producer found for character: 0
13:03:09.962 [FXGL Background Thread 1 ] WARN  FXGL.TextLevelParser - No producer found for character: 0
13:03:09.962 [FXGL Background Thread 1 ] WARN  FXGL.TextLevelParser - No producer found for character: 0
13:03:09.963 [FXGL Background Thread 1 ] WARN  FXGL.TextLevelParser - No producer found for character: 0
13:03:09.963 [FXGL Background Thread 1 ] WARN  FXGL.TextLevelParser - No producer found for character: 0
13:03:09.963 [FXGL Background Thread 1 ] WARN  FXGL.TextLevelParser - No producer found for character: 0
13:03:09.963 [FXGL Background Thread 1 ] WARN  FXGL.TextLevelParser - No producer found for character: 0
13:03:09.963 [FXGL Background Thread 1 ] WARN  FXGL.TextLevelParser - No producer found for character: 0
13:03:09.963 [FXGL Background Thread 1 ] WARN  FXGL.TextLevelParser - No producer found for character: 0
13:03:09.963 [FXGL Background Thread 1 ] WARN  FXGL.TextLevelParser - No producer found for character: 0
13:03:09.964 [FXGL Background Thread 1 ] WARN  FXGL.TextLevelParser - No producer found for character: 0
13:03:09.964 [FXGL Background Thread 1 ] WARN  FXGL.TextLevelParser - No producer found for character: 0
13:03:09.964 [FXGL Background Thread 1 ] WARN  FXGL.TextLevelParser - No producer found for character: 0
13:03:09.965 [FXGL Background Thread 1 ] WARN  FXGL.TextLevelParser - No producer found for character: 0
13:03:09.965 [FXGL Background Thread 1 ] WARN  FXGL.TextLevelParser - No producer found for character: 0
13:03:09.965 [FXGL Background Thread 1 ] WARN  FXGL.TextLevelParser - No producer found for character: 0
13:03:09.965 [FXGL Background Thread 1 ] WARN  FXGL.TextLevelParser - No producer found for character: 0
13:03:09.965 [FXGL Background Thread 1 ] WARN  FXGL.TextLevelParser - No producer found for character: 0
13:03:09.965 [FXGL Background Thread 1 ] WARN  FXGL.TextLevelParser - No producer found for character: 0
13:03:09.966 [FXGL Background Thread 1 ] WARN  FXGL.TextLevelParser - No producer found for character: 0
13:03:09.966 [FXGL Background Thread 1 ] WARN  FXGL.TextLevelParser - No producer found for character: 0
13:03:09.966 [FXGL Background Thread 1 ] WARN  FXGL.TextLevelParser - No producer found for character: 0
13:03:09.967 [FXGL Background Thread 1 ] WARN  FXGL.TextLevelParser - No producer found for character: 0
13:03:09.967 [FXGL Background Thread 1 ] WARN  FXGL.TextLevelParser - No producer found for character: 0
13:03:09.967 [FXGL Background Thread 1 ] WARN  FXGL.TextLevelParser - No producer found for character: 0
13:03:09.968 [FXGL Background Thread 1 ] WARN  FXGL.TextLevelParser - No producer found for character: 0
13:03:09.968 [FXGL Background Thread 1 ] WARN  FXGL.TextLevelParser - No producer found for character: 0
13:03:09.968 [FXGL Background Thread 1 ] WARN  FXGL.TextLevelParser - No producer found for character: 0
13:03:09.968 [FXGL Background Thread 1 ] WARN  FXGL.TextLevelParser - No producer found for character: 0
13:03:09.968 [FXGL Background Thread 1 ] WARN  FXGL.TextLevelParser - No producer found for character: 0
13:03:09.968 [FXGL Background Thread 1 ] WARN  FXGL.TextLevelParser - No producer found for character: 0
13:03:09.968 [FXGL Background Thread 1 ] WARN  FXGL.TextLevelParser - No producer found for character: 0
13:03:09.968 [FXGL Background Thread 1 ] WARN  FXGL.TextLevelParser - No producer found for character: 0
13:03:09.969 [FXGL Background Thread 1 ] WARN  FXGL.TextLevelParser - No producer found for character: 0
13:03:09.969 [FXGL Background Thread 1 ] WARN  FXGL.TextLevelParser - No producer found for character: 0
13:03:09.969 [FXGL Background Thread 1 ] WARN  FXGL.TextLevelParser - No producer found for character: 0
13:03:09.969 [FXGL Background Thread 1 ] WARN  FXGL.TextLevelParser - No producer found for character: 0
13:03:09.970 [FXGL Background Thread 1 ] WARN  FXGL.TextLevelParser - No producer found for character: 0
13:03:09.970 [FXGL Background Thread 1 ] WARN  FXGL.TextLevelParser - No producer found for character: 0
13:03:09.970 [FXGL Background Thread 1 ] WARN  FXGL.TextLevelParser - No producer found for character: 0
13:03:09.970 [FXGL Background Thread 1 ] WARN  FXGL.TextLevelParser - No producer found for character: 0
13:03:09.970 [FXGL Background Thread 1 ] WARN  FXGL.TextLevelParser - No producer found for character: 0
13:03:09.970 [FXGL Background Thread 1 ] WARN  FXGL.TextLevelParser - No producer found for character: 0
13:03:09.970 [FXGL Background Thread 1 ] WARN  FXGL.TextLevelParser - No producer found for character: 0
13:03:09.971 [FXGL Background Thread 1 ] WARN  FXGL.TextLevelParser - No producer found for character: 0
13:03:09.971 [FXGL Background Thread 1 ] WARN  FXGL.TextLevelParser - No producer found for character: 0
13:03:09.971 [FXGL Background Thread 1 ] WARN  FXGL.TextLevelParser - No producer found for character: 0
13:03:09.971 [FXGL Background Thread 1 ] WARN  FXGL.TextLevelParser - No producer found for character: 0
13:03:09.971 [FXGL Background Thread 1 ] WARN  FXGL.TextLevelParser - No producer found for character: 0
13:03:09.971 [FXGL Background Thread 1 ] WARN  FXGL.TextLevelParser - No producer found for character: 0
13:03:09.971 [FXGL Background Thread 1 ] WARN  FXGL.TextLevelParser - No producer found for character: 0
13:03:09.972 [FXGL Background Thread 1 ] WARN  FXGL.TextLevelParser - No producer found for character: 0
13:03:09.972 [FXGL Background Thread 1 ] WARN  FXGL.TextLevelParser - No producer found for character: 0
13:03:09.972 [FXGL Background Thread 1 ] WARN  FXGL.TextLevelParser - No producer found for character: 0
13:03:09.972 [FXGL Background Thread 1 ] WARN  FXGL.TextLevelParser - No producer found for character: 0
13:03:09.972 [FXGL Background Thread 1 ] WARN  FXGL.TextLevelParser - No producer found for character: 0
13:03:09.972 [FXGL Background Thread 1 ] WARN  FXGL.TextLevelParser - No producer found for character: 0
13:03:09.972 [FXGL Background Thread 1 ] WARN  FXGL.TextLevelParser - No producer found for character: 0
13:03:09.972 [FXGL Background Thread 1 ] WARN  FXGL.TextLevelParser - No producer found for character: 0
13:03:09.973 [FXGL Background Thread 1 ] WARN  FXGL.TextLevelParser - No producer found for character: 0
13:03:09.973 [FXGL Background Thread 1 ] WARN  FXGL.TextLevelParser - No producer found for character: 0
13:03:09.973 [FXGL Background Thread 1 ] WARN  FXGL.TextLevelParser - No producer found for character: 0
13:03:09.973 [FXGL Background Thread 1 ] WARN  FXGL.TextLevelParser - No producer found for character: 0
13:03:09.973 [FXGL Background Thread 1 ] WARN  FXGL.TextLevelParser - No producer found for character: 0
13:03:09.973 [FXGL Background Thread 1 ] WARN  FXGL.TextLevelParser - No producer found for character: 0
13:03:09.973 [FXGL Background Thread 1 ] WARN  FXGL.TextLevelParser - No producer found for character: 0
13:03:09.974 [FXGL Background Thread 1 ] WARN  FXGL.TextLevelParser - No producer found for character: 0
13:03:09.974 [FXGL Background Thread 1 ] WARN  FXGL.TextLevelParser - No producer found for character: 0
13:03:09.974 [FXGL Background Thread 1 ] WARN  FXGL.TextLevelParser - No producer found for character: 0
13:03:09.974 [FXGL Background Thread 1 ] WARN  FXGL.TextLevelParser - No producer found for character: 0
13:03:09.974 [FXGL Background Thread 1 ] WARN  FXGL.TextLevelParser - No producer found for character: 0
13:03:09.974 [FXGL Background Thread 1 ] WARN  FXGL.TextLevelParser - No producer found for character: 0
13:03:09.974 [FXGL Background Thread 1 ] WARN  FXGL.TextLevelParser - No producer found for character: 0
13:03:09.974 [FXGL Background Thread 1 ] WARN  FXGL.TextLevelParser - No producer found for character: 0
13:03:09.974 [FXGL Background Thread 1 ] WARN  FXGL.TextLevelParser - No producer found for character: 0
13:03:09.975 [FXGL Background Thread 1 ] WARN  FXGL.TextLevelParser - No producer found for character: 0
13:03:09.975 [FXGL Background Thread 1 ] WARN  FXGL.TextLevelParser - No producer found for character: 0
13:03:09.975 [FXGL Background Thread 1 ] WARN  FXGL.TextLevelParser - No producer found for character: 0
13:03:09.975 [FXGL Background Thread 1 ] WARN  FXGL.TextLevelParser - No producer found for character: 0
13:03:09.975 [FXGL Background Thread 1 ] WARN  FXGL.TextLevelParser - No producer found for character: 0
13:03:09.975 [FXGL Background Thread 1 ] WARN  FXGL.TextLevelParser - No producer found for character: 0
13:03:09.975 [FXGL Background Thread 1 ] WARN  FXGL.TextLevelParser - No producer found for character: 0
13:03:09.975 [FXGL Background Thread 1 ] WARN  FXGL.TextLevelParser - No producer found for character: 0
13:03:09.976 [FXGL Background Thread 1 ] WARN  FXGL.TextLevelParser - No producer found for character: 0
13:03:09.976 [FXGL Background Thread 1 ] WARN  FXGL.TextLevelParser - No producer found for character: 0
13:03:09.976 [FXGL Background Thread 1 ] WARN  FXGL.TextLevelParser - No producer found for character: 0
13:03:09.976 [FXGL Background Thread 1 ] WARN  FXGL.TextLevelParser - No producer found for character: 0
13:03:09.976 [FXGL Background Thread 1 ] WARN  FXGL.TextLevelParser - No producer found for character: 0
13:03:09.976 [FXGL Background Thread 1 ] WARN  FXGL.TextLevelParser - No producer found for character: 0
13:03:09.976 [FXGL Background Thread 1 ] WARN  FXGL.TextLevelParser - No producer found for character: 0
13:03:09.976 [FXGL Background Thread 1 ] WARN  FXGL.TextLevelParser - No producer found for character: 0
13:03:09.976 [FXGL Background Thread 1 ] WARN  FXGL.TextLevelParser - No producer found for character: 0
13:03:09.976 [FXGL Background Thread 1 ] WARN  FXGL.TextLevelParser - No producer found for character: 0
13:03:09.976 [FXGL Background Thread 1 ] WARN  FXGL.TextLevelParser - No producer found for character: 0
13:03:09.977 [FXGL Background Thread 1 ] WARN  FXGL.TextLevelParser - No producer found for character: 0
13:03:09.977 [FXGL Background Thread 1 ] WARN  FXGL.TextLevelParser - No producer found for character: 0
13:03:09.977 [FXGL Background Thread 1 ] WARN  FXGL.TextLevelParser - No producer found for character: 0
13:03:09.977 [FXGL Background Thread 1 ] WARN  FXGL.TextLevelParser - No producer found for character: 0
13:03:09.977 [FXGL Background Thread 1 ] WARN  FXGL.TextLevelParser - No producer found for character: 0
13:03:09.977 [FXGL Background Thread 1 ] WARN  FXGL.TextLevelParser - No producer found for character: 0
13:03:09.978 [FXGL Background Thread 1 ] DEBUG AssetLoader          - Loading from disk: /assets/textures/bar.png
13:03:09.981 [FXGL Background Thread 1 ] WARN  FXGL.TextLevelParser - No producer found for character: 0
13:03:09.981 [FXGL Background Thread 1 ] WARN  FXGL.TextLevelParser - No producer found for character: 0
13:03:09.981 [FXGL Background Thread 1 ] WARN  FXGL.TextLevelParser - No producer found for character: 0
13:03:09.981 [FXGL Background Thread 1 ] WARN  FXGL.TextLevelParser - No producer found for character: 0
13:03:09.982 [FXGL Background Thread 1 ] WARN  FXGL.TextLevelParser - No producer found for character: 0
13:03:09.982 [FXGL Background Thread 1 ] WARN  FXGL.TextLevelParser - No producer found for character: 0
13:03:09.982 [FXGL Background Thread 1 ] WARN  FXGL.TextLevelParser - No producer found for character: 0
13:03:09.982 [FXGL Background Thread 1 ] WARN  FXGL.TextLevelParser - No producer found for character: 0
13:03:09.982 [FXGL Background Thread 1 ] WARN  FXGL.TextLevelParser - No producer found for character: 0
13:03:09.983 [FXGL Background Thread 1 ] WARN  FXGL.TextLevelParser - No producer found for character: 0
13:03:09.983 [FXGL Background Thread 1 ] WARN  FXGL.TextLevelParser - No producer found for character: 0
13:03:09.983 [FXGL Background Thread 1 ] WARN  FXGL.TextLevelParser - No producer found for character: 0
13:03:09.983 [FXGL Background Thread 1 ] WARN  FXGL.TextLevelParser - No producer found for character: 0
13:03:09.983 [FXGL Background Thread 1 ] WARN  FXGL.TextLevelParser - No producer found for character: 0
13:03:09.983 [FXGL Background Thread 1 ] WARN  FXGL.TextLevelParser - No producer found for character: 0
13:03:09.984 [FXGL Background Thread 1 ] WARN  FXGL.TextLevelParser - No producer found for character: 0
13:03:09.984 [FXGL Background Thread 1 ] WARN  FXGL.TextLevelParser - No producer found for character: 0
13:03:09.984 [FXGL Background Thread 1 ] WARN  FXGL.TextLevelParser - No producer found for character: 0
13:03:09.984 [FXGL Background Thread 1 ] WARN  FXGL.TextLevelParser - No producer found for character: 0
13:03:09.984 [FXGL Background Thread 1 ] WARN  FXGL.TextLevelParser - No producer found for character: 0
13:03:09.984 [FXGL Background Thread 1 ] WARN  FXGL.TextLevelParser - No producer found for character: 0
13:03:09.984 [FXGL Background Thread 1 ] WARN  FXGL.TextLevelParser - No producer found for character: 0
13:03:09.985 [FXGL Background Thread 1 ] WARN  FXGL.TextLevelParser - No producer found for character: 0
13:03:09.985 [FXGL Background Thread 1 ] WARN  FXGL.TextLevelParser - No producer found for character: 0
13:03:09.985 [FXGL Background Thread 1 ] WARN  FXGL.TextLevelParser - No producer found for character: 0
13:03:09.985 [FXGL Background Thread 1 ] WARN  FXGL.TextLevelParser - No producer found for character: 0
13:03:09.985 [FXGL Background Thread 1 ] WARN  FXGL.TextLevelParser - No producer found for character: 0
13:03:09.986 [FXGL Background Thread 1 ] WARN  FXGL.TextLevelParser - No producer found for character: 0
13:03:09.986 [FXGL Background Thread 1 ] DEBUG GameWorld            - Clearing removable entities
13:03:09.986 [FXGL Background Thread 1 ] DEBUG GameWorld            - Setting level: com.almasb.fxgl.entity.Level@750c1304
13:03:10.016 [FXGL Background Thread 1 ] DEBUG GameScene            - Creating render group for layer: DEFAULT(100000)
13:03:10.020 [FXGL Background Thread 1 ] DEBUG InitAppTask          - Initializing Physics
13:03:10.020 [FXGL Background Thread 1 ] DEBUG InitAppTask          - Initializing UI
13:03:10.024 [FXGL Background Thread 1 ] DEBUG InitAppTask          - Initialization Complete
13:03:10.025 [FXGL Background Thread 1 ] INFO  InitAppTask          - Game initialization took: 0,228 sec
13:03:10.030 [JavaFX Application Thread] DEBUG Input                - Clearing active input actions
13:03:10.043 [JavaFX Application Thread] DEBUG AppStateMachine      - LoadingState -> PlayState
13:03:14.032 [JavaFX Application Thread] FATAL GameApplication      - Uncaught Exception:

Fatal exception occurred: java.lang.IllegalArgumentException : Component BallComponent not found!
E: com.almasb.fxgl.entity.Entity.getComponent(Entity.java:612)
E: com.dalphs.BreakoutApp.getBallControl(BreakoutApp.java:24)
E: com.dalphs.BreakoutApp.lambda$initUI$0(BreakoutApp.java:86)
E: javafx.graphics/javafx.animation.Animation.finished(Animation.java:1131)
E: javafx.graphics/javafx.animation.AnimationAccessorImpl.finished(AnimationAccessorImpl.java:49)
E: javafx.graphics/com.sun.scenario.animation.shared.SingleLoopClipEnvelope.timePulse(SingleLoopClipEnvelope.java:103)
E: javafx.graphics/javafx.animation.Animation.doTimePulse(Animation.java:1101)
E: javafx.graphics/javafx.animation.Animation$1.lambda$timePulse$0(Animation.java:186)
E: java.base/java.security.AccessController.doPrivileged(Native Method)
E: javafx.graphics/javafx.animation.Animation$1.timePulse(Animation.java:185)
E: javafx.graphics/com.sun.scenario.animation.AbstractMasterTimer.timePulseImpl(AbstractMasterTimer.java:344)
E: javafx.graphics/com.sun.scenario.animation.AbstractMasterTimer$MainLoop.run(AbstractMasterTimer.java:267)
E: javafx.graphics/com.sun.javafx.tk.quantum.QuantumToolkit.pulse(QuantumToolkit.java:514)
E: javafx.graphics/com.sun.javafx.tk.quantum.QuantumToolkit.pulse(QuantumToolkit.java:498)
E: javafx.graphics/com.sun.javafx.tk.quantum.QuantumToolkit.pulseFromQueue(QuantumToolkit.java:491)
E: javafx.graphics/com.sun.javafx.tk.quantum.QuantumToolkit.lambda$runToolkit$11(QuantumToolkit.java:319)
E: javafx.graphics/com.sun.glass.ui.InvokeLaterDispatcher$Future.run(InvokeLaterDispatcher.java:96)
E: javafx.graphics/com.sun.glass.ui.win.WinApplication._runLoop(Native Method)
E: javafx.graphics/com.sun.glass.ui.win.WinApplication.lambda$runLoop$3(WinApplication.java:175)
E: java.base/java.lang.Thread.run(Thread.java:844)

13:03:14.033 [JavaFX Application Thread] FATAL GameApplication      - Application will now exit
13:03:14.033 [JavaFX Application Thread] DEBUG GameApplication      - Stopping main loop
13:03:16.799 [JavaFX Application Thread] DEBUG GameApplication      - Exiting game application
13:03:16.799 [JavaFX Application Thread] DEBUG GameApplication      - Shutting down background threads
13:03:16.800 [JavaFX Application Thread] DEBUG GameApplication      - Exiting FXGL
13:03:16.800 [JavaFX Application Thread] DEBUG FXGL                 - Saving FXGL system data
13:03:16.802 [JavaFX Application Thread] DEBUG FS                   - Writing to: system\fxgl.bundle
13:03:16.806 [JavaFX Application Thread] DEBUG GameApplication      - Closing logger and exiting JavaFX
