11:10:18.639 [JavaFX Application Thread] DEBUG GameApplication      - Logger initialized
11:10:18.657 [JavaFX Application Thread] DEBUG GameApplication      - Logging settings
Title: Breakout
Version: 0.1
Width: 800
Height: 600
Fullscreen: false
Intro: true
Menus: false
Profiling: false
Single step:false
App Mode: DEVELOPER
Menu Key: ESCAPE
Stage Style: DECORATED
Scene Factory: class com.almasb.fxgl.scene.SceneFactory
Dialog Factory: class com.almasb.fxgl.ui.FXGLDialogFactory
UI Factory: class com.almasb.fxgl.ui.FXGLUIFactory
Notification Service: class com.almasb.fxgl.gameplay.notification.XboxNotificationView
Exception Handler: class com.almasb.fxgl.app.FXGLExceptionHandler
11:10:18.657 [JavaFX Application Thread] DEBUG GameApplication      - Starting FXGL
11:10:18.667 [JavaFX Application Thread] INFO  FXGL                 - FXGL-0.5.4 on DESKTOP
11:10:18.667 [JavaFX Application Thread] INFO  FXGL                 - Source code and latest versions at: https://github.com/AlmasB/FXGL
11:10:18.667 [JavaFX Application Thread] INFO  FXGL                 -              Join the FXGL chat at: https://gitter.im/AlmasB/FXGL
11:10:18.667 [JavaFX Application Thread] DEBUG FXGL                 - FXGL started
11:10:18.668 [JavaFX Application Thread] DEBUG FXGL                 - Initializing FXGL
11:10:18.708 [JavaFX Application Thread] DEBUG AssetLoader          - Loading from disk: /assets/ui/cursors/fxgl_default.png
11:10:18.794 [JavaFX Application Thread] DEBUG AssetLoader          - Loading from disk: /assets/ui/fonts/VarelaRound-Regular.ttf
11:10:19.037 [JavaFX Application Thread] DEBUG MainWindow           - Creating a JavaFX scene
11:10:19.068 [JavaFX Application Thread] DEBUG MainWindow           - Target settings size: 800.0 x 600.0
11:10:19.068 [JavaFX Application Thread] DEBUG MainWindow           - Scaled scene size:    800.0 x 600.0
11:10:19.069 [JavaFX Application Thread] DEBUG MainWindow           - Scaled ratio: (1.0, 1.0)
11:10:19.071 [JavaFX Application Thread] DEBUG AssetLoader          - Loading from disk: /assets/ui/css/fxgl_dark.css
11:10:19.074 [JavaFX Application Thread] DEBUG AssetLoader          - Loading from disk: /assets/textures/fxgl_icon.png
11:10:19.090 [JavaFX Application Thread] DEBUG MainWindow           - Opening main window
11:10:19.239 [JavaFX Application Thread] DEBUG MainWindow           - Window border size: (14.4000244140625, 37.5999755859375)
11:10:19.239 [JavaFX Application Thread] DEBUG MainWindow           - Scaled size: 800.0 x 600.0
11:10:19.239 [JavaFX Application Thread] DEBUG MainWindow           - Scaled ratio: (1.0, 1.0)
11:10:19.240 [JavaFX Application Thread] DEBUG MainWindow           - Scene size: 800.0 x 600.0
11:10:19.240 [JavaFX Application Thread] DEBUG MainWindow           - Stage size: 814.4000244140625 x 637.5999755859375
11:10:19.311 [ForkJoinPool.commonPool-worker-9] DEBUG FS                   - Loaded DesktopFSService
11:10:19.312 [ForkJoinPool.commonPool-worker-9] DEBUG FXGL                 - Loading FXGL system data
11:10:19.322 [ForkJoinPool.commonPool-worker-9] DEBUG DesktopFSService     - Reading from: system\fxgl.bundle
11:10:19.336 [ForkJoinPool.commonPool-worker-9] DEBUG Bundle               - Logging bundle: FXGL
11:10:19.337 [ForkJoinPool.commonPool-worker-9] DEBUG Bundle               - FXGL.offline.timer.version.check=2019-01-24T08:55:57.713219300
11:10:19.338 [ForkJoinPool.commonPool-worker-9] DEBUG FXGL                 - Initializing state machine and application states
11:10:19.340 [ForkJoinPool.commonPool-worker-9] DEBUG AssetLoader          - Loading from disk: /assets/ui/cursors/fxgl_default.png
11:10:19.349 [ForkJoinPool.commonPool-worker-9] DEBUG AssetLoader          - Loading from disk: /assets/ui/cursors/fxgl_default.png
11:10:19.355 [ForkJoinPool.commonPool-worker-9] DEBUG AssetLoader          - Loading from cache: /assets/ui/fonts/VarelaRound-Regular.ttf
11:10:19.359 [ForkJoinPool.commonPool-worker-9] DEBUG AssetLoader          - Loading from disk: /assets/ui/cursors/fxgl_default.png
11:10:19.364 [ForkJoinPool.commonPool-worker-9] DEBUG GameScene            - Game scene initialized: 800x600
11:10:19.372 [ForkJoinPool.commonPool-worker-9] DEBUG GameWorld            - Game world initialized
11:10:19.445 [ForkJoinPool.commonPool-worker-9] DEBUG PhysicsWorld         - Physics world initialized: appHeight=600, physics.ppm=50,0
11:10:19.469 [ForkJoinPool.commonPool-worker-9] DEBUG Input                - Registered new binding: Pause - Esc
11:10:19.496 [ForkJoinPool.commonPool-worker-9] DEBUG AssetLoader          - Loading from disk: /assets/ui/cursors/fxgl_default.png
11:10:19.507 [ForkJoinPool.commonPool-worker-9] DEBUG AssetLoader          - Loading from disk: /assets/textures/particles/explosion.png
11:10:19.578 [ForkJoinPool.commonPool-worker-9] DEBUG AssetLoader          - Loading from cache: /assets/ui/fonts/VarelaRound-Regular.ttf
11:10:19.581 [ForkJoinPool.commonPool-worker-9] DEBUG AssetLoader          - Loading from cache: /assets/ui/fonts/VarelaRound-Regular.ttf
11:10:19.581 [ForkJoinPool.commonPool-worker-9] DEBUG AssetLoader          - Loading from cache: /assets/ui/fonts/VarelaRound-Regular.ttf
11:10:19.582 [ForkJoinPool.commonPool-worker-9] DEBUG AssetLoader          - Loading from cache: /assets/ui/fonts/VarelaRound-Regular.ttf
11:10:19.632 [JavaFX Application Thread] DEBUG FXGL                 - Running preInit()
11:10:19.633 [JavaFX Application Thread] DEBUG Input                - Registered new binding: Screenshot - P
11:10:19.633 [JavaFX Application Thread] DEBUG Input                - Registered new binding: Dev Options - CTRL+0
11:10:19.634 [JavaFX Application Thread] DEBUG Input                - Registered new binding: System info dump - CTRL+9
11:10:19.634 [JavaFX Application Thread] DEBUG Input                - Registered new binding: Restart - CTRL+R
11:10:19.635 [JavaFX Application Thread] INFO  FXGL                 - FXGL initialization took: 0,967 sec
11:10:19.635 [JavaFX Application Thread] DEBUG LoopRunner           - Starting loop
11:10:19.646 [JavaFX Application Thread] DEBUG StartupState         - STARTUP
11:10:19.646 [JavaFX Application Thread] DEBUG Input                - Clearing active input actions
11:10:19.648 [JavaFX Application Thread] DEBUG AssetLoader          - Loading from disk: /assets/ui/css/fxgl_dark.css
11:10:19.657 [JavaFX Application Thread] DEBUG AppStateMachine      - StartupState -> IntroState
11:10:24.188 [JavaFX Application Thread] DEBUG EventBus             - Firing event: IntroFinishedEvent
11:10:24.191 [JavaFX Application Thread] DEBUG GameApplication      - Starting new game
11:10:24.191 [JavaFX Application Thread] DEBUG Input                - Clearing active input actions
11:10:24.192 [JavaFX Application Thread] DEBUG AssetLoader          - Loading from disk: /assets/ui/css/fxgl_dark.css
11:10:24.202 [JavaFX Application Thread] DEBUG AppStateMachine      - IntroState -> LoadingState
11:10:24.208 [FXGL Background Thread 1 ] DEBUG InitAppTask          - Clearing previous game
11:10:24.208 [FXGL Background Thread 1 ] DEBUG GameWorld            - Clearing game world
11:10:24.208 [FXGL Background Thread 1 ] DEBUG PhysicsWorld         - Clearing physics world
11:10:24.208 [FXGL Background Thread 1 ] DEBUG GameScene            - Clearing game scene
11:10:24.210 [FXGL Background Thread 1 ] DEBUG InitAppTask          - Initializing Game
11:10:24.229 [FXGL Background Thread 1 ] DEBUG AssetLoader          - Loading from disk: /assets/text/levels/onlybar.txt
11:10:24.236 [FXGL Background Thread 1 ] WARN  TextLevelParser      - No producer found for character: 0
11:10:24.236 [FXGL Background Thread 1 ] WARN  TextLevelParser      - No producer found for character: 0
11:10:24.236 [FXGL Background Thread 1 ] WARN  TextLevelParser      - No producer found for character: 0
11:10:24.236 [FXGL Background Thread 1 ] WARN  TextLevelParser      - No producer found for character: 0
11:10:24.236 [FXGL Background Thread 1 ] WARN  TextLevelParser      - No producer found for character: 0
11:10:24.237 [FXGL Background Thread 1 ] WARN  TextLevelParser      - No producer found for character: 0
11:10:24.237 [FXGL Background Thread 1 ] WARN  TextLevelParser      - No producer found for character: 0
11:10:24.237 [FXGL Background Thread 1 ] WARN  TextLevelParser      - No producer found for character: 0
11:10:24.237 [FXGL Background Thread 1 ] WARN  TextLevelParser      - No producer found for character: 0
11:10:24.237 [FXGL Background Thread 1 ] WARN  TextLevelParser      - No producer found for character: 0
11:10:24.237 [FXGL Background Thread 1 ] WARN  TextLevelParser      - No producer found for character: 0
11:10:24.237 [FXGL Background Thread 1 ] WARN  TextLevelParser      - No producer found for character: 0
11:10:24.238 [FXGL Background Thread 1 ] WARN  TextLevelParser      - No producer found for character: 0
11:10:24.238 [FXGL Background Thread 1 ] WARN  TextLevelParser      - No producer found for character: 0
11:10:24.238 [FXGL Background Thread 1 ] WARN  TextLevelParser      - No producer found for character: 0
11:10:24.238 [FXGL Background Thread 1 ] WARN  TextLevelParser      - No producer found for character: 0
11:10:24.238 [FXGL Background Thread 1 ] WARN  TextLevelParser      - No producer found for character: 0
11:10:24.238 [FXGL Background Thread 1 ] WARN  TextLevelParser      - No producer found for character: 0
11:10:24.238 [FXGL Background Thread 1 ] WARN  TextLevelParser      - No producer found for character: 0
11:10:24.239 [FXGL Background Thread 1 ] WARN  TextLevelParser      - No producer found for character: 0
11:10:24.265 [FXGL Background Thread 1 ] DEBUG AssetLoader          - Loading from disk: /assets/textures/bar.png
11:10:24.269 [FXGL Background Thread 1 ] WARN  TextLevelParser      - No producer found for character: 0
11:10:24.269 [FXGL Background Thread 1 ] WARN  TextLevelParser      - No producer found for character: 0
11:10:24.269 [FXGL Background Thread 1 ] WARN  TextLevelParser      - No producer found for character: 0
11:10:24.269 [FXGL Background Thread 1 ] WARN  TextLevelParser      - No producer found for character: 0
11:10:24.269 [FXGL Background Thread 1 ] WARN  TextLevelParser      - No producer found for character: 0
11:10:24.269 [FXGL Background Thread 1 ] WARN  TextLevelParser      - No producer found for character: 0
11:10:24.269 [FXGL Background Thread 1 ] WARN  TextLevelParser      - No producer found for character: 0
11:10:24.270 [FXGL Background Thread 1 ] WARN  TextLevelParser      - No producer found for character: 0
11:10:24.270 [FXGL Background Thread 1 ] WARN  TextLevelParser      - No producer found for character: 0
11:10:24.270 [FXGL Background Thread 1 ] WARN  TextLevelParser      - No producer found for character: 0
11:10:24.270 [FXGL Background Thread 1 ] WARN  TextLevelParser      - No producer found for character: 0
11:10:24.270 [FXGL Background Thread 1 ] WARN  TextLevelParser      - No producer found for character: 0
11:10:24.270 [FXGL Background Thread 1 ] WARN  TextLevelParser      - No producer found for character: 0
11:10:24.270 [FXGL Background Thread 1 ] WARN  TextLevelParser      - No producer found for character: 0
11:10:24.270 [FXGL Background Thread 1 ] WARN  TextLevelParser      - No producer found for character: 0
11:10:24.270 [FXGL Background Thread 1 ] WARN  TextLevelParser      - No producer found for character: 0
11:10:24.270 [FXGL Background Thread 1 ] WARN  TextLevelParser      - No producer found for character: 0
11:10:24.271 [FXGL Background Thread 1 ] WARN  TextLevelParser      - No producer found for character: 0
11:10:24.271 [FXGL Background Thread 1 ] WARN  TextLevelParser      - No producer found for character: 0
11:10:24.271 [FXGL Background Thread 1 ] WARN  TextLevelParser      - No producer found for character: 0
11:10:24.271 [FXGL Background Thread 1 ] WARN  TextLevelParser      - No producer found for character: 0
11:10:24.271 [FXGL Background Thread 1 ] WARN  TextLevelParser      - No producer found for character: 0
11:10:24.271 [FXGL Background Thread 1 ] WARN  TextLevelParser      - No producer found for character: 0
11:10:24.271 [FXGL Background Thread 1 ] WARN  TextLevelParser      - No producer found for character: 0
11:10:24.271 [FXGL Background Thread 1 ] WARN  TextLevelParser      - No producer found for character: 0
11:10:24.272 [FXGL Background Thread 1 ] WARN  TextLevelParser      - No producer found for character: 0
11:10:24.272 [FXGL Background Thread 1 ] WARN  TextLevelParser      - No producer found for character: 0
11:10:24.272 [FXGL Background Thread 1 ] WARN  TextLevelParser      - No producer found for character: 0
11:10:24.272 [FXGL Background Thread 1 ] WARN  TextLevelParser      - No producer found for character: 0
11:10:24.272 [FXGL Background Thread 1 ] WARN  TextLevelParser      - No producer found for character: 0
11:10:24.272 [FXGL Background Thread 1 ] WARN  TextLevelParser      - No producer found for character: 0
11:10:24.272 [FXGL Background Thread 1 ] WARN  TextLevelParser      - No producer found for character: 0
11:10:24.273 [FXGL Background Thread 1 ] WARN  TextLevelParser      - No producer found for character: 0
11:10:24.273 [FXGL Background Thread 1 ] WARN  TextLevelParser      - No producer found for character: 0
11:10:24.273 [FXGL Background Thread 1 ] WARN  TextLevelParser      - No producer found for character: 0
11:10:24.273 [FXGL Background Thread 1 ] WARN  TextLevelParser      - No producer found for character: 0
11:10:24.273 [FXGL Background Thread 1 ] WARN  TextLevelParser      - No producer found for character: 0
11:10:24.273 [FXGL Background Thread 1 ] WARN  TextLevelParser      - No producer found for character: 0
11:10:24.273 [FXGL Background Thread 1 ] WARN  TextLevelParser      - No producer found for character: 0
11:10:24.274 [FXGL Background Thread 1 ] WARN  TextLevelParser      - No producer found for character: 0
11:10:24.274 [FXGL Background Thread 1 ] WARN  TextLevelParser      - No producer found for character: 0
11:10:24.274 [FXGL Background Thread 1 ] WARN  TextLevelParser      - No producer found for character: 0
11:10:24.274 [FXGL Background Thread 1 ] WARN  TextLevelParser      - No producer found for character: 0
11:10:24.274 [FXGL Background Thread 1 ] WARN  TextLevelParser      - No producer found for character: 0
11:10:24.275 [FXGL Background Thread 1 ] WARN  TextLevelParser      - No producer found for character: 0
11:10:24.275 [FXGL Background Thread 1 ] WARN  TextLevelParser      - No producer found for character: 0
11:10:24.275 [FXGL Background Thread 1 ] WARN  TextLevelParser      - No producer found for character: 0
11:10:24.275 [FXGL Background Thread 1 ] WARN  TextLevelParser      - No producer found for character: 0
11:10:24.275 [FXGL Background Thread 1 ] WARN  TextLevelParser      - No producer found for character: 0
11:10:24.275 [FXGL Background Thread 1 ] WARN  TextLevelParser      - No producer found for character: 0
11:10:24.275 [FXGL Background Thread 1 ] WARN  TextLevelParser      - No producer found for character: 0
11:10:24.275 [FXGL Background Thread 1 ] WARN  TextLevelParser      - No producer found for character: 0
11:10:24.276 [FXGL Background Thread 1 ] WARN  TextLevelParser      - No producer found for character: 0
11:10:24.276 [FXGL Background Thread 1 ] WARN  TextLevelParser      - No producer found for character: 0
11:10:24.276 [FXGL Background Thread 1 ] WARN  TextLevelParser      - No producer found for character: 0
11:10:24.276 [FXGL Background Thread 1 ] WARN  TextLevelParser      - No producer found for character: 0
11:10:24.276 [FXGL Background Thread 1 ] WARN  TextLevelParser      - No producer found for character: 0
11:10:24.276 [FXGL Background Thread 1 ] WARN  TextLevelParser      - No producer found for character: 0
11:10:24.276 [FXGL Background Thread 1 ] WARN  TextLevelParser      - No producer found for character: 0
11:10:24.277 [FXGL Background Thread 1 ] WARN  TextLevelParser      - No producer found for character: 0
11:10:24.277 [FXGL Background Thread 1 ] WARN  TextLevelParser      - No producer found for character: 0
11:10:24.277 [FXGL Background Thread 1 ] WARN  TextLevelParser      - No producer found for character: 0
11:10:24.277 [FXGL Background Thread 1 ] WARN  TextLevelParser      - No producer found for character: 0
11:10:24.277 [FXGL Background Thread 1 ] WARN  TextLevelParser      - No producer found for character: 0
11:10:24.277 [FXGL Background Thread 1 ] WARN  TextLevelParser      - No producer found for character: 0
11:10:24.278 [FXGL Background Thread 1 ] WARN  TextLevelParser      - No producer found for character: 0
11:10:24.278 [FXGL Background Thread 1 ] WARN  TextLevelParser      - No producer found for character: 0
11:10:24.278 [FXGL Background Thread 1 ] WARN  TextLevelParser      - No producer found for character: 0
11:10:24.278 [FXGL Background Thread 1 ] WARN  TextLevelParser      - No producer found for character: 0
11:10:24.278 [FXGL Background Thread 1 ] WARN  TextLevelParser      - No producer found for character: 0
11:10:24.278 [FXGL Background Thread 1 ] WARN  TextLevelParser      - No producer found for character: 0
11:10:24.279 [FXGL Background Thread 1 ] WARN  TextLevelParser      - No producer found for character: 0
11:10:24.279 [FXGL Background Thread 1 ] WARN  TextLevelParser      - No producer found for character: 0
11:10:24.279 [FXGL Background Thread 1 ] WARN  TextLevelParser      - No producer found for character: 0
11:10:24.279 [FXGL Background Thread 1 ] WARN  TextLevelParser      - No producer found for character: 0
11:10:24.279 [FXGL Background Thread 1 ] WARN  TextLevelParser      - No producer found for character: 0
11:10:24.279 [FXGL Background Thread 1 ] WARN  TextLevelParser      - No producer found for character: 0
11:10:24.279 [FXGL Background Thread 1 ] WARN  TextLevelParser      - No producer found for character: 0
11:10:24.279 [FXGL Background Thread 1 ] WARN  TextLevelParser      - No producer found for character: 0
11:10:24.280 [FXGL Background Thread 1 ] WARN  TextLevelParser      - No producer found for character: 0
11:10:24.280 [FXGL Background Thread 1 ] WARN  TextLevelParser      - No producer found for character: 0
11:10:24.280 [FXGL Background Thread 1 ] WARN  TextLevelParser      - No producer found for character: 0
11:10:24.280 [FXGL Background Thread 1 ] WARN  TextLevelParser      - No producer found for character: 0
11:10:24.280 [FXGL Background Thread 1 ] WARN  TextLevelParser      - No producer found for character: 0
11:10:24.280 [FXGL Background Thread 1 ] WARN  TextLevelParser      - No producer found for character: 0
11:10:24.280 [FXGL Background Thread 1 ] WARN  TextLevelParser      - No producer found for character: 0
11:10:24.281 [FXGL Background Thread 1 ] WARN  TextLevelParser      - No producer found for character: 0
11:10:24.281 [FXGL Background Thread 1 ] WARN  TextLevelParser      - No producer found for character: 0
11:10:24.281 [FXGL Background Thread 1 ] WARN  TextLevelParser      - No producer found for character: 0
11:10:24.281 [FXGL Background Thread 1 ] WARN  TextLevelParser      - No producer found for character: 0
11:10:24.281 [FXGL Background Thread 1 ] WARN  TextLevelParser      - No producer found for character: 0
11:10:24.281 [FXGL Background Thread 1 ] WARN  TextLevelParser      - No producer found for character: 0
11:10:24.281 [FXGL Background Thread 1 ] WARN  TextLevelParser      - No producer found for character: 0
11:10:24.281 [FXGL Background Thread 1 ] WARN  TextLevelParser      - No producer found for character: 0
11:10:24.282 [FXGL Background Thread 1 ] WARN  TextLevelParser      - No producer found for character: 0
11:10:24.282 [FXGL Background Thread 1 ] WARN  TextLevelParser      - No producer found for character: 0
11:10:24.282 [FXGL Background Thread 1 ] WARN  TextLevelParser      - No producer found for character: 0
11:10:24.282 [FXGL Background Thread 1 ] WARN  TextLevelParser      - No producer found for character: 0
11:10:24.282 [FXGL Background Thread 1 ] WARN  TextLevelParser      - No producer found for character: 0
11:10:24.282 [FXGL Background Thread 1 ] WARN  TextLevelParser      - No producer found for character: 0
11:10:24.282 [FXGL Background Thread 1 ] WARN  TextLevelParser      - No producer found for character: 0
11:10:24.282 [FXGL Background Thread 1 ] WARN  TextLevelParser      - No producer found for character: 0
11:10:24.283 [FXGL Background Thread 1 ] WARN  TextLevelParser      - No producer found for character: 0
11:10:24.283 [FXGL Background Thread 1 ] WARN  TextLevelParser      - No producer found for character: 0
11:10:24.283 [FXGL Background Thread 1 ] WARN  TextLevelParser      - No producer found for character: 0
11:10:24.283 [FXGL Background Thread 1 ] WARN  TextLevelParser      - No producer found for character: 0
11:10:24.283 [FXGL Background Thread 1 ] WARN  TextLevelParser      - No producer found for character: 0
11:10:24.283 [FXGL Background Thread 1 ] WARN  TextLevelParser      - No producer found for character: 0
11:10:24.283 [FXGL Background Thread 1 ] WARN  TextLevelParser      - No producer found for character: 0
11:10:24.283 [FXGL Background Thread 1 ] WARN  TextLevelParser      - No producer found for character: 0
11:10:24.284 [FXGL Background Thread 1 ] WARN  TextLevelParser      - No producer found for character: 0
11:10:24.284 [FXGL Background Thread 1 ] WARN  TextLevelParser      - No producer found for character: 0
11:10:24.284 [FXGL Background Thread 1 ] WARN  TextLevelParser      - No producer found for character: 0
11:10:24.284 [FXGL Background Thread 1 ] WARN  TextLevelParser      - No producer found for character: 0
11:10:24.284 [FXGL Background Thread 1 ] WARN  TextLevelParser      - No producer found for character: 0
11:10:24.284 [FXGL Background Thread 1 ] WARN  TextLevelParser      - No producer found for character: 0
11:10:24.284 [FXGL Background Thread 1 ] WARN  TextLevelParser      - No producer found for character: 0
11:10:24.284 [FXGL Background Thread 1 ] WARN  TextLevelParser      - No producer found for character: 0
11:10:24.285 [FXGL Background Thread 1 ] WARN  TextLevelParser      - No producer found for character: 0
11:10:24.285 [FXGL Background Thread 1 ] WARN  TextLevelParser      - No producer found for character: 0
11:10:24.285 [FXGL Background Thread 1 ] WARN  TextLevelParser      - No producer found for character: 0
11:10:24.285 [FXGL Background Thread 1 ] WARN  TextLevelParser      - No producer found for character: 0
11:10:24.285 [FXGL Background Thread 1 ] WARN  TextLevelParser      - No producer found for character: 0
11:10:24.286 [FXGL Background Thread 1 ] WARN  TextLevelParser      - No producer found for character: 0
11:10:24.286 [FXGL Background Thread 1 ] WARN  TextLevelParser      - No producer found for character: 0
11:10:24.286 [FXGL Background Thread 1 ] WARN  TextLevelParser      - No producer found for character: 0
11:10:24.286 [FXGL Background Thread 1 ] WARN  TextLevelParser      - No producer found for character: 0
11:10:24.286 [FXGL Background Thread 1 ] WARN  TextLevelParser      - No producer found for character: 0
11:10:24.286 [FXGL Background Thread 1 ] WARN  TextLevelParser      - No producer found for character: 0
11:10:24.286 [FXGL Background Thread 1 ] WARN  TextLevelParser      - No producer found for character: 0
11:10:24.287 [FXGL Background Thread 1 ] WARN  TextLevelParser      - No producer found for character: 0
11:10:24.287 [FXGL Background Thread 1 ] WARN  TextLevelParser      - No producer found for character: 0
11:10:24.287 [FXGL Background Thread 1 ] WARN  TextLevelParser      - No producer found for character: 0
11:10:24.287 [FXGL Background Thread 1 ] WARN  TextLevelParser      - No producer found for character: 0
11:10:24.287 [FXGL Background Thread 1 ] WARN  TextLevelParser      - No producer found for character: 0
11:10:24.287 [FXGL Background Thread 1 ] WARN  TextLevelParser      - No producer found for character: 0
11:10:24.287 [FXGL Background Thread 1 ] WARN  TextLevelParser      - No producer found for character: 0
11:10:24.287 [FXGL Background Thread 1 ] WARN  TextLevelParser      - No producer found for character: 0
11:10:24.287 [FXGL Background Thread 1 ] WARN  TextLevelParser      - No producer found for character: 0
11:10:24.288 [FXGL Background Thread 1 ] WARN  TextLevelParser      - No producer found for character: 0
11:10:24.288 [FXGL Background Thread 1 ] WARN  TextLevelParser      - No producer found for character: 0
11:10:24.288 [FXGL Background Thread 1 ] WARN  TextLevelParser      - No producer found for character: 0
11:10:24.288 [FXGL Background Thread 1 ] WARN  TextLevelParser      - No producer found for character: 0
11:10:24.288 [FXGL Background Thread 1 ] WARN  TextLevelParser      - No producer found for character: 0
11:10:24.288 [FXGL Background Thread 1 ] WARN  TextLevelParser      - No producer found for character: 0
11:10:24.288 [FXGL Background Thread 1 ] WARN  TextLevelParser      - No producer found for character: 0
11:10:24.288 [FXGL Background Thread 1 ] WARN  TextLevelParser      - No producer found for character: 0
11:10:24.288 [FXGL Background Thread 1 ] WARN  TextLevelParser      - No producer found for character: 0
11:10:24.289 [FXGL Background Thread 1 ] WARN  TextLevelParser      - No producer found for character: 0
11:10:24.289 [FXGL Background Thread 1 ] WARN  TextLevelParser      - No producer found for character: 0
11:10:24.289 [FXGL Background Thread 1 ] WARN  TextLevelParser      - No producer found for character: 0
11:10:24.289 [FXGL Background Thread 1 ] WARN  TextLevelParser      - No producer found for character: 0
11:10:24.289 [FXGL Background Thread 1 ] WARN  TextLevelParser      - No producer found for character: 0
11:10:24.289 [FXGL Background Thread 1 ] WARN  TextLevelParser      - No producer found for character: 0
11:10:24.289 [FXGL Background Thread 1 ] WARN  TextLevelParser      - No producer found for character: 0
11:10:24.289 [FXGL Background Thread 1 ] WARN  TextLevelParser      - No producer found for character: 0
11:10:24.289 [FXGL Background Thread 1 ] WARN  TextLevelParser      - No producer found for character: 0
11:10:24.290 [FXGL Background Thread 1 ] WARN  TextLevelParser      - No producer found for character: 0
11:10:24.290 [FXGL Background Thread 1 ] WARN  TextLevelParser      - No producer found for character: 0
11:10:24.290 [FXGL Background Thread 1 ] WARN  TextLevelParser      - No producer found for character: 0
11:10:24.290 [FXGL Background Thread 1 ] WARN  TextLevelParser      - No producer found for character: 0
11:10:24.290 [FXGL Background Thread 1 ] WARN  TextLevelParser      - No producer found for character: 0
11:10:24.290 [FXGL Background Thread 1 ] WARN  TextLevelParser      - No producer found for character: 0
11:10:24.290 [FXGL Background Thread 1 ] WARN  TextLevelParser      - No producer found for character: 0
11:10:24.290 [FXGL Background Thread 1 ] WARN  TextLevelParser      - No producer found for character: 0
11:10:24.290 [FXGL Background Thread 1 ] WARN  TextLevelParser      - No producer found for character: 0
11:10:24.291 [FXGL Background Thread 1 ] WARN  TextLevelParser      - No producer found for character: 0
11:10:24.291 [FXGL Background Thread 1 ] WARN  TextLevelParser      - No producer found for character: 0
11:10:24.291 [FXGL Background Thread 1 ] WARN  TextLevelParser      - No producer found for character: 0
11:10:24.291 [FXGL Background Thread 1 ] WARN  TextLevelParser      - No producer found for character: 0
11:10:24.291 [FXGL Background Thread 1 ] WARN  TextLevelParser      - No producer found for character: 0
11:10:24.291 [FXGL Background Thread 1 ] WARN  TextLevelParser      - No producer found for character: 0
11:10:24.291 [FXGL Background Thread 1 ] WARN  TextLevelParser      - No producer found for character: 0
11:10:24.291 [FXGL Background Thread 1 ] WARN  TextLevelParser      - No producer found for character: 0
11:10:24.292 [FXGL Background Thread 1 ] WARN  TextLevelParser      - No producer found for character: 0
11:10:24.292 [FXGL Background Thread 1 ] WARN  TextLevelParser      - No producer found for character: 0
11:10:24.292 [FXGL Background Thread 1 ] WARN  TextLevelParser      - No producer found for character: 0
11:10:24.292 [FXGL Background Thread 1 ] WARN  TextLevelParser      - No producer found for character: 0
11:10:24.292 [FXGL Background Thread 1 ] WARN  TextLevelParser      - No producer found for character: 0
11:10:24.292 [FXGL Background Thread 1 ] WARN  TextLevelParser      - No producer found for character: 0
11:10:24.292 [FXGL Background Thread 1 ] WARN  TextLevelParser      - No producer found for character: 0
11:10:24.292 [FXGL Background Thread 1 ] WARN  TextLevelParser      - No producer found for character: 0
11:10:24.292 [FXGL Background Thread 1 ] WARN  TextLevelParser      - No producer found for character: 0
11:10:24.293 [FXGL Background Thread 1 ] WARN  TextLevelParser      - No producer found for character: 0
11:10:24.293 [FXGL Background Thread 1 ] WARN  TextLevelParser      - No producer found for character: 0
11:10:24.293 [FXGL Background Thread 1 ] WARN  TextLevelParser      - No producer found for character: 0
11:10:24.293 [FXGL Background Thread 1 ] WARN  TextLevelParser      - No producer found for character: 0
11:10:24.293 [FXGL Background Thread 1 ] WARN  TextLevelParser      - No producer found for character: 0
11:10:24.293 [FXGL Background Thread 1 ] WARN  TextLevelParser      - No producer found for character: 0
11:10:24.293 [FXGL Background Thread 1 ] WARN  TextLevelParser      - No producer found for character: 0
11:10:24.293 [FXGL Background Thread 1 ] WARN  TextLevelParser      - No producer found for character: 0
11:10:24.293 [FXGL Background Thread 1 ] WARN  TextLevelParser      - No producer found for character: 0
11:10:24.293 [FXGL Background Thread 1 ] WARN  TextLevelParser      - No producer found for character: 0
11:10:24.294 [FXGL Background Thread 1 ] WARN  TextLevelParser      - No producer found for character: 0
11:10:24.294 [FXGL Background Thread 1 ] WARN  TextLevelParser      - No producer found for character: 0
11:10:24.294 [FXGL Background Thread 1 ] WARN  TextLevelParser      - No producer found for character: 0
11:10:24.294 [FXGL Background Thread 1 ] WARN  TextLevelParser      - No producer found for character: 0
11:10:24.294 [FXGL Background Thread 1 ] WARN  TextLevelParser      - No producer found for character: 0
11:10:24.294 [FXGL Background Thread 1 ] WARN  TextLevelParser      - No producer found for character: 0
11:10:24.294 [FXGL Background Thread 1 ] WARN  TextLevelParser      - No producer found for character: 0
11:10:24.294 [FXGL Background Thread 1 ] WARN  TextLevelParser      - No producer found for character: 0
11:10:24.294 [FXGL Background Thread 1 ] WARN  TextLevelParser      - No producer found for character: 0
11:10:24.294 [FXGL Background Thread 1 ] WARN  TextLevelParser      - No producer found for character: 0
11:10:24.295 [FXGL Background Thread 1 ] WARN  TextLevelParser      - No producer found for character: 0
11:10:24.295 [FXGL Background Thread 1 ] WARN  TextLevelParser      - No producer found for character: 0
11:10:24.295 [FXGL Background Thread 1 ] WARN  TextLevelParser      - No producer found for character: 0
11:10:24.295 [FXGL Background Thread 1 ] WARN  TextLevelParser      - No producer found for character: 0
11:10:24.295 [FXGL Background Thread 1 ] WARN  TextLevelParser      - No producer found for character: 0
11:10:24.295 [FXGL Background Thread 1 ] WARN  TextLevelParser      - No producer found for character: 0
11:10:24.295 [FXGL Background Thread 1 ] WARN  TextLevelParser      - No producer found for character: 0
11:10:24.295 [FXGL Background Thread 1 ] WARN  TextLevelParser      - No producer found for character: 0
11:10:24.295 [FXGL Background Thread 1 ] WARN  TextLevelParser      - No producer found for character: 0
11:10:24.295 [FXGL Background Thread 1 ] WARN  TextLevelParser      - No producer found for character: 0
11:10:24.295 [FXGL Background Thread 1 ] WARN  TextLevelParser      - No producer found for character: 0
11:10:24.296 [FXGL Background Thread 1 ] WARN  TextLevelParser      - No producer found for character: 0
11:10:24.296 [FXGL Background Thread 1 ] WARN  TextLevelParser      - No producer found for character: 0
11:10:24.296 [FXGL Background Thread 1 ] WARN  TextLevelParser      - No producer found for character: 0
11:10:24.296 [FXGL Background Thread 1 ] WARN  TextLevelParser      - No producer found for character: 0
11:10:24.296 [FXGL Background Thread 1 ] WARN  TextLevelParser      - No producer found for character: 0
11:10:24.296 [FXGL Background Thread 1 ] WARN  TextLevelParser      - No producer found for character: 0
11:10:24.296 [FXGL Background Thread 1 ] WARN  TextLevelParser      - No producer found for character: 0
11:10:24.296 [FXGL Background Thread 1 ] WARN  TextLevelParser      - No producer found for character: 0
11:10:24.296 [FXGL Background Thread 1 ] WARN  TextLevelParser      - No producer found for character: 0
11:10:24.296 [FXGL Background Thread 1 ] WARN  TextLevelParser      - No producer found for character: 0
11:10:24.296 [FXGL Background Thread 1 ] WARN  TextLevelParser      - No producer found for character: 0
11:10:24.296 [FXGL Background Thread 1 ] WARN  TextLevelParser      - No producer found for character: 0
11:10:24.296 [FXGL Background Thread 1 ] WARN  TextLevelParser      - No producer found for character: 0
11:10:24.296 [FXGL Background Thread 1 ] WARN  TextLevelParser      - No producer found for character: 0
11:10:24.296 [FXGL Background Thread 1 ] WARN  TextLevelParser      - No producer found for character: 0
11:10:24.297 [FXGL Background Thread 1 ] WARN  TextLevelParser      - No producer found for character: 0
11:10:24.297 [FXGL Background Thread 1 ] WARN  TextLevelParser      - No producer found for character: 0
11:10:24.297 [FXGL Background Thread 1 ] WARN  TextLevelParser      - No producer found for character: 0
11:10:24.297 [FXGL Background Thread 1 ] WARN  TextLevelParser      - No producer found for character: 0
11:10:24.297 [FXGL Background Thread 1 ] WARN  TextLevelParser      - No producer found for character: 0
11:10:24.297 [FXGL Background Thread 1 ] WARN  TextLevelParser      - No producer found for character: 0
11:10:24.297 [FXGL Background Thread 1 ] WARN  TextLevelParser      - No producer found for character: 0
11:10:24.297 [FXGL Background Thread 1 ] WARN  TextLevelParser      - No producer found for character: 0
11:10:24.298 [FXGL Background Thread 1 ] WARN  TextLevelParser      - No producer found for character: 0
11:10:24.298 [FXGL Background Thread 1 ] WARN  TextLevelParser      - No producer found for character: 0
11:10:24.298 [FXGL Background Thread 1 ] WARN  TextLevelParser      - No producer found for character: 0
11:10:24.298 [FXGL Background Thread 1 ] WARN  TextLevelParser      - No producer found for character: 0
11:10:24.298 [FXGL Background Thread 1 ] WARN  TextLevelParser      - No producer found for character: 0
11:10:24.298 [FXGL Background Thread 1 ] WARN  TextLevelParser      - No producer found for character: 0
11:10:24.298 [FXGL Background Thread 1 ] WARN  TextLevelParser      - No producer found for character: 0
11:10:24.298 [FXGL Background Thread 1 ] WARN  TextLevelParser      - No producer found for character: 0
11:10:24.298 [FXGL Background Thread 1 ] WARN  TextLevelParser      - No producer found for character: 0
11:10:24.299 [FXGL Background Thread 1 ] WARN  TextLevelParser      - No producer found for character: 0
11:10:24.299 [FXGL Background Thread 1 ] WARN  TextLevelParser      - No producer found for character: 0
11:10:24.299 [FXGL Background Thread 1 ] WARN  TextLevelParser      - No producer found for character: 0
11:10:24.299 [FXGL Background Thread 1 ] WARN  TextLevelParser      - No producer found for character: 0
11:10:24.299 [FXGL Background Thread 1 ] WARN  TextLevelParser      - No producer found for character: 0
11:10:24.299 [FXGL Background Thread 1 ] WARN  TextLevelParser      - No producer found for character: 0
11:10:24.299 [FXGL Background Thread 1 ] WARN  TextLevelParser      - No producer found for character: 0
11:10:24.299 [FXGL Background Thread 1 ] WARN  TextLevelParser      - No producer found for character: 0
11:10:24.299 [FXGL Background Thread 1 ] WARN  TextLevelParser      - No producer found for character: 0
11:10:24.299 [FXGL Background Thread 1 ] WARN  TextLevelParser      - No producer found for character: 0
11:10:24.300 [FXGL Background Thread 1 ] WARN  TextLevelParser      - No producer found for character: 0
11:10:24.300 [FXGL Background Thread 1 ] WARN  TextLevelParser      - No producer found for character: 0
11:10:24.300 [FXGL Background Thread 1 ] WARN  TextLevelParser      - No producer found for character: 0
11:10:24.300 [FXGL Background Thread 1 ] DEBUG GameWorld            - Clearing removable entities
11:10:24.300 [FXGL Background Thread 1 ] DEBUG GameWorld            - Setting level: com.almasb.fxgl.entity.Level@f66e218
11:10:24.319 [FXGL Background Thread 1 ] DEBUG GameScene            - Creating render group for layer: DEFAULT(100000)
11:10:24.320 [FXGL Background Thread 1 ] DEBUG InitAppTask          - Initializing Physics
11:10:24.321 [FXGL Background Thread 1 ] DEBUG InitAppTask          - Initializing UI
11:10:24.321 [FXGL Background Thread 1 ] DEBUG InitAppTask          - Initialization Complete
11:10:24.321 [FXGL Background Thread 1 ] INFO  InitAppTask          - Game initialization took: 0,113 sec
11:10:24.333 [JavaFX Application Thread] DEBUG Input                - Clearing active input actions
11:10:24.333 [JavaFX Application Thread] DEBUG AssetLoader          - Loading from disk: /assets/ui/css/fxgl_dark.css
11:10:24.339 [JavaFX Application Thread] DEBUG AppStateMachine      - LoadingState -> PlayState
11:10:45.412 [JavaFX Application Thread] DEBUG FXGL                 - Exiting FXGL
11:10:45.412 [JavaFX Application Thread] DEBUG FXGL                 - Shutting down background threads
11:10:45.412 [JavaFX Application Thread] DEBUG FXGL                 - Saving FXGL system data
11:10:45.415 [JavaFX Application Thread] DEBUG DesktopFSService     - Writing to: system\fxgl.bundle
11:10:45.418 [JavaFX Application Thread] DEBUG FXGL                 - Closing logger and exiting JavaFX
