11:24:18.232 [JavaFX Application Thread] DEBUG GameApplication      - Logger initialized
11:24:18.248 [JavaFX Application Thread] DEBUG GameApplication      - Logging settings
Title: Breakout
Version: 0.1
Width: 800
Height: 600
Fullscreen: false
Intro: true
Menus: false
Profiling: false
Single step:false
App Mode: DEVELOPER
Menu Key: ESCAPE
Stage Style: DECORATED
Scene Factory: class com.almasb.fxgl.scene.SceneFactory
Dialog Factory: class com.almasb.fxgl.ui.FXGLDialogFactory
UI Factory: class com.almasb.fxgl.ui.FXGLUIFactory
Notification Service: class com.almasb.fxgl.gameplay.notification.XboxNotificationView
Exception Handler: class com.almasb.fxgl.app.FXGLExceptionHandler
11:24:18.248 [JavaFX Application Thread] DEBUG GameApplication      - Starting FXGL
11:24:18.260 [JavaFX Application Thread] INFO  FXGL                 - FXGL-0.5.4 on DESKTOP
11:24:18.260 [JavaFX Application Thread] INFO  FXGL                 - Source code and latest versions at: https://github.com/AlmasB/FXGL
11:24:18.261 [JavaFX Application Thread] INFO  FXGL                 -              Join the FXGL chat at: https://gitter.im/AlmasB/FXGL
11:24:18.261 [JavaFX Application Thread] DEBUG FXGL                 - FXGL started
11:24:18.261 [JavaFX Application Thread] DEBUG FXGL                 - Initializing FXGL
11:24:18.304 [JavaFX Application Thread] DEBUG AssetLoader          - Loading from disk: /assets/ui/cursors/fxgl_default.png
11:24:18.389 [JavaFX Application Thread] DEBUG AssetLoader          - Loading from disk: /assets/ui/fonts/VarelaRound-Regular.ttf
11:24:18.633 [JavaFX Application Thread] DEBUG MainWindow           - Creating a JavaFX scene
11:24:18.665 [JavaFX Application Thread] DEBUG MainWindow           - Target settings size: 800.0 x 600.0
11:24:18.665 [JavaFX Application Thread] DEBUG MainWindow           - Scaled scene size:    800.0 x 600.0
11:24:18.666 [JavaFX Application Thread] DEBUG MainWindow           - Scaled ratio: (1.0, 1.0)
11:24:18.669 [JavaFX Application Thread] DEBUG AssetLoader          - Loading from disk: /assets/ui/css/fxgl_dark.css
11:24:18.672 [JavaFX Application Thread] DEBUG AssetLoader          - Loading from disk: /assets/textures/fxgl_icon.png
11:24:18.690 [JavaFX Application Thread] DEBUG MainWindow           - Opening main window
11:24:18.830 [JavaFX Application Thread] DEBUG MainWindow           - Window border size: (14.4000244140625, 37.5999755859375)
11:24:18.830 [JavaFX Application Thread] DEBUG MainWindow           - Scaled size: 800.0 x 600.0
11:24:18.830 [JavaFX Application Thread] DEBUG MainWindow           - Scaled ratio: (1.0, 1.0)
11:24:18.830 [JavaFX Application Thread] DEBUG MainWindow           - Scene size: 800.0 x 600.0
11:24:18.831 [JavaFX Application Thread] DEBUG MainWindow           - Stage size: 814.4000244140625 x 637.5999755859375
11:24:18.896 [ForkJoinPool.commonPool-worker-9] DEBUG FS                   - Loaded DesktopFSService
11:24:18.896 [ForkJoinPool.commonPool-worker-9] DEBUG FXGL                 - Loading FXGL system data
11:24:18.903 [ForkJoinPool.commonPool-worker-9] DEBUG DesktopFSService     - Reading from: system\fxgl.bundle
11:24:18.928 [ForkJoinPool.commonPool-worker-9] DEBUG Bundle               - Logging bundle: FXGL
11:24:18.929 [ForkJoinPool.commonPool-worker-9] DEBUG Bundle               - FXGL.offline.timer.version.check=2019-01-24T08:55:57.713219300
11:24:18.930 [ForkJoinPool.commonPool-worker-9] DEBUG FXGL                 - Initializing state machine and application states
11:24:18.933 [ForkJoinPool.commonPool-worker-9] DEBUG AssetLoader          - Loading from disk: /assets/ui/cursors/fxgl_default.png
11:24:18.942 [ForkJoinPool.commonPool-worker-9] DEBUG AssetLoader          - Loading from disk: /assets/ui/cursors/fxgl_default.png
11:24:18.951 [ForkJoinPool.commonPool-worker-9] DEBUG AssetLoader          - Loading from cache: /assets/ui/fonts/VarelaRound-Regular.ttf
11:24:18.955 [ForkJoinPool.commonPool-worker-9] DEBUG AssetLoader          - Loading from disk: /assets/ui/cursors/fxgl_default.png
11:24:18.959 [ForkJoinPool.commonPool-worker-9] DEBUG GameScene            - Game scene initialized: 800x600
11:24:18.968 [ForkJoinPool.commonPool-worker-9] DEBUG GameWorld            - Game world initialized
11:24:19.050 [ForkJoinPool.commonPool-worker-9] DEBUG PhysicsWorld         - Physics world initialized: appHeight=600, physics.ppm=50,0
11:24:19.075 [ForkJoinPool.commonPool-worker-9] DEBUG Input                - Registered new binding: Pause - Esc
11:24:19.100 [ForkJoinPool.commonPool-worker-9] DEBUG AssetLoader          - Loading from disk: /assets/ui/cursors/fxgl_default.png
11:24:19.109 [ForkJoinPool.commonPool-worker-9] DEBUG AssetLoader          - Loading from disk: /assets/textures/particles/explosion.png
11:24:19.151 [ForkJoinPool.commonPool-worker-9] DEBUG AssetLoader          - Loading from cache: /assets/ui/fonts/VarelaRound-Regular.ttf
11:24:19.153 [ForkJoinPool.commonPool-worker-9] DEBUG AssetLoader          - Loading from cache: /assets/ui/fonts/VarelaRound-Regular.ttf
11:24:19.154 [ForkJoinPool.commonPool-worker-9] DEBUG AssetLoader          - Loading from cache: /assets/ui/fonts/VarelaRound-Regular.ttf
11:24:19.154 [ForkJoinPool.commonPool-worker-9] DEBUG AssetLoader          - Loading from cache: /assets/ui/fonts/VarelaRound-Regular.ttf
11:24:19.196 [JavaFX Application Thread] DEBUG FXGL                 - Running preInit()
11:24:19.198 [JavaFX Application Thread] DEBUG Input                - Registered new binding: Screenshot - P
11:24:19.198 [JavaFX Application Thread] DEBUG Input                - Registered new binding: Dev Options - CTRL+0
11:24:19.199 [JavaFX Application Thread] DEBUG Input                - Registered new binding: System info dump - CTRL+9
11:24:19.199 [JavaFX Application Thread] DEBUG Input                - Registered new binding: Restart - CTRL+R
11:24:19.199 [JavaFX Application Thread] INFO  FXGL                 - FXGL initialization took: 0,939 sec
11:24:19.200 [JavaFX Application Thread] DEBUG LoopRunner           - Starting loop
11:24:19.201 [JavaFX Application Thread] DEBUG StartupState         - STARTUP
11:24:19.201 [JavaFX Application Thread] DEBUG Input                - Clearing active input actions
11:24:19.202 [JavaFX Application Thread] DEBUG AssetLoader          - Loading from disk: /assets/ui/css/fxgl_dark.css
11:24:19.209 [JavaFX Application Thread] DEBUG AppStateMachine      - StartupState -> IntroState
11:24:23.742 [JavaFX Application Thread] DEBUG EventBus             - Firing event: IntroFinishedEvent
11:24:23.745 [JavaFX Application Thread] DEBUG GameApplication      - Starting new game
11:24:23.745 [JavaFX Application Thread] DEBUG Input                - Clearing active input actions
11:24:23.746 [JavaFX Application Thread] DEBUG AssetLoader          - Loading from disk: /assets/ui/css/fxgl_dark.css
11:24:23.758 [JavaFX Application Thread] DEBUG AppStateMachine      - IntroState -> LoadingState
11:24:23.765 [FXGL Background Thread 1 ] DEBUG InitAppTask          - Clearing previous game
11:24:23.765 [FXGL Background Thread 1 ] DEBUG GameWorld            - Clearing game world
11:24:23.765 [FXGL Background Thread 1 ] DEBUG PhysicsWorld         - Clearing physics world
11:24:23.766 [FXGL Background Thread 1 ] DEBUG GameScene            - Clearing game scene
11:24:23.769 [FXGL Background Thread 1 ] DEBUG InitAppTask          - Initializing Game
11:24:23.787 [FXGL Background Thread 1 ] DEBUG AssetLoader          - Loading from disk: /assets/text/levels/somebricks.txt
11:24:23.796 [FXGL Background Thread 1 ] WARN  TextLevelParser      - No producer found for character: 0
11:24:23.797 [FXGL Background Thread 1 ] WARN  TextLevelParser      - No producer found for character: 0
11:24:23.797 [FXGL Background Thread 1 ] WARN  TextLevelParser      - No producer found for character: 0
11:24:23.797 [FXGL Background Thread 1 ] WARN  TextLevelParser      - No producer found for character: 0
11:24:23.797 [FXGL Background Thread 1 ] WARN  TextLevelParser      - No producer found for character: 0
11:24:23.797 [FXGL Background Thread 1 ] WARN  TextLevelParser      - No producer found for character: 0
11:24:23.798 [FXGL Background Thread 1 ] WARN  TextLevelParser      - No producer found for character: 0
11:24:23.798 [FXGL Background Thread 1 ] WARN  TextLevelParser      - No producer found for character: 0
11:24:23.798 [FXGL Background Thread 1 ] WARN  TextLevelParser      - No producer found for character: 0
11:24:23.798 [FXGL Background Thread 1 ] WARN  TextLevelParser      - No producer found for character: 0
11:24:23.798 [FXGL Background Thread 1 ] WARN  TextLevelParser      - No producer found for character: 0
11:24:23.798 [FXGL Background Thread 1 ] WARN  TextLevelParser      - No producer found for character: 0
11:24:23.799 [FXGL Background Thread 1 ] WARN  TextLevelParser      - No producer found for character: 0
11:24:23.799 [FXGL Background Thread 1 ] WARN  TextLevelParser      - No producer found for character: 0
11:24:23.830 [FXGL Background Thread 1 ] DEBUG AssetLoader          - Loading from disk: /assets/textures/brick1.png
11:24:23.838 [FXGL Background Thread 1 ] WARN  TextLevelParser      - No producer found for character: 0
11:24:23.839 [FXGL Background Thread 1 ] DEBUG AssetLoader          - Loading from cache: /assets/textures/brick1.png
11:24:23.840 [FXGL Background Thread 1 ] WARN  TextLevelParser      - No producer found for character: 0
11:24:23.840 [FXGL Background Thread 1 ] DEBUG AssetLoader          - Loading from cache: /assets/textures/brick1.png
11:24:23.840 [FXGL Background Thread 1 ] WARN  TextLevelParser      - No producer found for character: 0
11:24:23.841 [FXGL Background Thread 1 ] DEBUG AssetLoader          - Loading from cache: /assets/textures/brick1.png
11:24:23.841 [FXGL Background Thread 1 ] WARN  TextLevelParser      - No producer found for character: 0
11:24:23.842 [FXGL Background Thread 1 ] DEBUG AssetLoader          - Loading from cache: /assets/textures/brick1.png
11:24:23.842 [FXGL Background Thread 1 ] WARN  TextLevelParser      - No producer found for character: 0
11:24:23.842 [FXGL Background Thread 1 ] DEBUG AssetLoader          - Loading from cache: /assets/textures/brick1.png
11:24:23.843 [FXGL Background Thread 1 ] WARN  TextLevelParser      - No producer found for character: 0
11:24:23.843 [FXGL Background Thread 1 ] DEBUG AssetLoader          - Loading from cache: /assets/textures/brick1.png
11:24:23.843 [FXGL Background Thread 1 ] WARN  TextLevelParser      - No producer found for character: 0
11:24:23.844 [FXGL Background Thread 1 ] DEBUG AssetLoader          - Loading from cache: /assets/textures/brick1.png
11:24:23.845 [FXGL Background Thread 1 ] WARN  TextLevelParser      - No producer found for character: 0
11:24:23.845 [FXGL Background Thread 1 ] DEBUG AssetLoader          - Loading from cache: /assets/textures/brick1.png
11:24:23.846 [FXGL Background Thread 1 ] WARN  TextLevelParser      - No producer found for character: 0
11:24:23.846 [FXGL Background Thread 1 ] WARN  TextLevelParser      - No producer found for character: 0
11:24:23.846 [FXGL Background Thread 1 ] WARN  TextLevelParser      - No producer found for character: 0
11:24:23.846 [FXGL Background Thread 1 ] WARN  TextLevelParser      - No producer found for character: 0
11:24:23.846 [FXGL Background Thread 1 ] WARN  TextLevelParser      - No producer found for character: 0
11:24:23.846 [FXGL Background Thread 1 ] WARN  TextLevelParser      - No producer found for character: 0
11:24:23.846 [FXGL Background Thread 1 ] WARN  TextLevelParser      - No producer found for character: 0
11:24:23.846 [FXGL Background Thread 1 ] WARN  TextLevelParser      - No producer found for character: 0
11:24:23.847 [FXGL Background Thread 1 ] WARN  TextLevelParser      - No producer found for character: 0
11:24:23.847 [FXGL Background Thread 1 ] WARN  TextLevelParser      - No producer found for character: 0
11:24:23.847 [FXGL Background Thread 1 ] WARN  TextLevelParser      - No producer found for character: 0
11:24:23.847 [FXGL Background Thread 1 ] WARN  TextLevelParser      - No producer found for character: 0
11:24:23.847 [FXGL Background Thread 1 ] WARN  TextLevelParser      - No producer found for character: 0
11:24:23.847 [FXGL Background Thread 1 ] WARN  TextLevelParser      - No producer found for character: 0
11:24:23.847 [FXGL Background Thread 1 ] WARN  TextLevelParser      - No producer found for character: 0
11:24:23.847 [FXGL Background Thread 1 ] WARN  TextLevelParser      - No producer found for character: 0
11:24:23.847 [FXGL Background Thread 1 ] WARN  TextLevelParser      - No producer found for character: 0
11:24:23.847 [FXGL Background Thread 1 ] WARN  TextLevelParser      - No producer found for character: 0
11:24:23.847 [FXGL Background Thread 1 ] WARN  TextLevelParser      - No producer found for character: 0
11:24:23.848 [FXGL Background Thread 1 ] WARN  TextLevelParser      - No producer found for character: 0
11:24:23.848 [FXGL Background Thread 1 ] WARN  TextLevelParser      - No producer found for character: 0
11:24:23.848 [FXGL Background Thread 1 ] WARN  TextLevelParser      - No producer found for character: 0
11:24:23.848 [FXGL Background Thread 1 ] WARN  TextLevelParser      - No producer found for character: 0
11:24:23.848 [FXGL Background Thread 1 ] WARN  TextLevelParser      - No producer found for character: 0
11:24:23.848 [FXGL Background Thread 1 ] WARN  TextLevelParser      - No producer found for character: 0
11:24:23.848 [FXGL Background Thread 1 ] WARN  TextLevelParser      - No producer found for character: 0
11:24:23.848 [FXGL Background Thread 1 ] WARN  TextLevelParser      - No producer found for character: 0
11:24:23.849 [FXGL Background Thread 1 ] WARN  TextLevelParser      - No producer found for character: 0
11:24:23.849 [FXGL Background Thread 1 ] WARN  TextLevelParser      - No producer found for character: 0
11:24:23.849 [FXGL Background Thread 1 ] WARN  TextLevelParser      - No producer found for character: 0
11:24:23.849 [FXGL Background Thread 1 ] WARN  TextLevelParser      - No producer found for character: 0
11:24:23.849 [FXGL Background Thread 1 ] WARN  TextLevelParser      - No producer found for character: 0
11:24:23.849 [FXGL Background Thread 1 ] WARN  TextLevelParser      - No producer found for character: 0
11:24:23.849 [FXGL Background Thread 1 ] WARN  TextLevelParser      - No producer found for character: 0
11:24:23.849 [FXGL Background Thread 1 ] WARN  TextLevelParser      - No producer found for character: 0
11:24:23.849 [FXGL Background Thread 1 ] WARN  TextLevelParser      - No producer found for character: 0
11:24:23.850 [FXGL Background Thread 1 ] WARN  TextLevelParser      - No producer found for character: 0
11:24:23.850 [FXGL Background Thread 1 ] WARN  TextLevelParser      - No producer found for character: 0
11:24:23.850 [FXGL Background Thread 1 ] WARN  TextLevelParser      - No producer found for character: 0
11:24:23.850 [FXGL Background Thread 1 ] WARN  TextLevelParser      - No producer found for character: 0
11:24:23.850 [FXGL Background Thread 1 ] WARN  TextLevelParser      - No producer found for character: 0
11:24:23.850 [FXGL Background Thread 1 ] WARN  TextLevelParser      - No producer found for character: 0
11:24:23.850 [FXGL Background Thread 1 ] WARN  TextLevelParser      - No producer found for character: 0
11:24:23.850 [FXGL Background Thread 1 ] WARN  TextLevelParser      - No producer found for character: 0
11:24:23.850 [FXGL Background Thread 1 ] WARN  TextLevelParser      - No producer found for character: 0
11:24:23.851 [FXGL Background Thread 1 ] WARN  TextLevelParser      - No producer found for character: 0
11:24:23.851 [FXGL Background Thread 1 ] WARN  TextLevelParser      - No producer found for character: 0
11:24:23.851 [FXGL Background Thread 1 ] WARN  TextLevelParser      - No producer found for character: 0
11:24:23.851 [FXGL Background Thread 1 ] WARN  TextLevelParser      - No producer found for character: 0
11:24:23.851 [FXGL Background Thread 1 ] WARN  TextLevelParser      - No producer found for character: 0
11:24:23.851 [FXGL Background Thread 1 ] WARN  TextLevelParser      - No producer found for character: 0
11:24:23.851 [FXGL Background Thread 1 ] WARN  TextLevelParser      - No producer found for character: 0
11:24:23.851 [FXGL Background Thread 1 ] WARN  TextLevelParser      - No producer found for character: 0
11:24:23.851 [FXGL Background Thread 1 ] WARN  TextLevelParser      - No producer found for character: 0
11:24:23.851 [FXGL Background Thread 1 ] WARN  TextLevelParser      - No producer found for character: 0
11:24:23.852 [FXGL Background Thread 1 ] WARN  TextLevelParser      - No producer found for character: 0
11:24:23.852 [FXGL Background Thread 1 ] WARN  TextLevelParser      - No producer found for character: 0
11:24:23.852 [FXGL Background Thread 1 ] WARN  TextLevelParser      - No producer found for character: 0
11:24:23.852 [FXGL Background Thread 1 ] WARN  TextLevelParser      - No producer found for character: 0
11:24:23.852 [FXGL Background Thread 1 ] WARN  TextLevelParser      - No producer found for character: 0
11:24:23.852 [FXGL Background Thread 1 ] WARN  TextLevelParser      - No producer found for character: 0
11:24:23.852 [FXGL Background Thread 1 ] WARN  TextLevelParser      - No producer found for character: 0
11:24:23.852 [FXGL Background Thread 1 ] WARN  TextLevelParser      - No producer found for character: 0
11:24:23.852 [FXGL Background Thread 1 ] WARN  TextLevelParser      - No producer found for character: 0
11:24:23.853 [FXGL Background Thread 1 ] WARN  TextLevelParser      - No producer found for character: 0
11:24:23.853 [FXGL Background Thread 1 ] WARN  TextLevelParser      - No producer found for character: 0
11:24:23.853 [FXGL Background Thread 1 ] WARN  TextLevelParser      - No producer found for character: 0
11:24:23.853 [FXGL Background Thread 1 ] WARN  TextLevelParser      - No producer found for character: 0
11:24:23.853 [FXGL Background Thread 1 ] WARN  TextLevelParser      - No producer found for character: 0
11:24:23.853 [FXGL Background Thread 1 ] WARN  TextLevelParser      - No producer found for character: 0
11:24:23.853 [FXGL Background Thread 1 ] WARN  TextLevelParser      - No producer found for character: 0
11:24:23.854 [FXGL Background Thread 1 ] WARN  TextLevelParser      - No producer found for character: 0
11:24:23.854 [FXGL Background Thread 1 ] WARN  TextLevelParser      - No producer found for character: 0
11:24:23.854 [FXGL Background Thread 1 ] WARN  TextLevelParser      - No producer found for character: 0
11:24:23.854 [FXGL Background Thread 1 ] WARN  TextLevelParser      - No producer found for character: 0
11:24:23.854 [FXGL Background Thread 1 ] WARN  TextLevelParser      - No producer found for character: 0
11:24:23.854 [FXGL Background Thread 1 ] WARN  TextLevelParser      - No producer found for character: 0
11:24:23.855 [FXGL Background Thread 1 ] WARN  TextLevelParser      - No producer found for character: 0
11:24:23.855 [FXGL Background Thread 1 ] WARN  TextLevelParser      - No producer found for character: 0
11:24:23.855 [FXGL Background Thread 1 ] WARN  TextLevelParser      - No producer found for character: 0
11:24:23.855 [FXGL Background Thread 1 ] WARN  TextLevelParser      - No producer found for character: 0
11:24:23.856 [FXGL Background Thread 1 ] WARN  TextLevelParser      - No producer found for character: 0
11:24:23.856 [FXGL Background Thread 1 ] WARN  TextLevelParser      - No producer found for character: 0
11:24:23.856 [FXGL Background Thread 1 ] WARN  TextLevelParser      - No producer found for character: 0
11:24:23.856 [FXGL Background Thread 1 ] WARN  TextLevelParser      - No producer found for character: 0
11:24:23.856 [FXGL Background Thread 1 ] WARN  TextLevelParser      - No producer found for character: 0
11:24:23.856 [FXGL Background Thread 1 ] WARN  TextLevelParser      - No producer found for character: 0
11:24:23.857 [FXGL Background Thread 1 ] WARN  TextLevelParser      - No producer found for character: 0
11:24:23.857 [FXGL Background Thread 1 ] WARN  TextLevelParser      - No producer found for character: 0
11:24:23.857 [FXGL Background Thread 1 ] WARN  TextLevelParser      - No producer found for character: 0
11:24:23.857 [FXGL Background Thread 1 ] WARN  TextLevelParser      - No producer found for character: 0
11:24:23.857 [FXGL Background Thread 1 ] WARN  TextLevelParser      - No producer found for character: 0
11:24:23.857 [FXGL Background Thread 1 ] WARN  TextLevelParser      - No producer found for character: 0
11:24:23.857 [FXGL Background Thread 1 ] WARN  TextLevelParser      - No producer found for character: 0
11:24:23.857 [FXGL Background Thread 1 ] WARN  TextLevelParser      - No producer found for character: 0
11:24:23.857 [FXGL Background Thread 1 ] WARN  TextLevelParser      - No producer found for character: 0
11:24:23.857 [FXGL Background Thread 1 ] WARN  TextLevelParser      - No producer found for character: 0
11:24:23.858 [FXGL Background Thread 1 ] WARN  TextLevelParser      - No producer found for character: 0
11:24:23.858 [FXGL Background Thread 1 ] WARN  TextLevelParser      - No producer found for character: 0
11:24:23.858 [FXGL Background Thread 1 ] WARN  TextLevelParser      - No producer found for character: 0
11:24:23.858 [FXGL Background Thread 1 ] WARN  TextLevelParser      - No producer found for character: 0
11:24:23.858 [FXGL Background Thread 1 ] WARN  TextLevelParser      - No producer found for character: 0
11:24:23.858 [FXGL Background Thread 1 ] WARN  TextLevelParser      - No producer found for character: 0
11:24:23.858 [FXGL Background Thread 1 ] WARN  TextLevelParser      - No producer found for character: 0
11:24:23.858 [FXGL Background Thread 1 ] WARN  TextLevelParser      - No producer found for character: 0
11:24:23.858 [FXGL Background Thread 1 ] WARN  TextLevelParser      - No producer found for character: 0
11:24:23.858 [FXGL Background Thread 1 ] WARN  TextLevelParser      - No producer found for character: 0
11:24:23.859 [FXGL Background Thread 1 ] WARN  TextLevelParser      - No producer found for character: 0
11:24:23.859 [FXGL Background Thread 1 ] WARN  TextLevelParser      - No producer found for character: 0
11:24:23.859 [FXGL Background Thread 1 ] WARN  TextLevelParser      - No producer found for character: 0
11:24:23.859 [FXGL Background Thread 1 ] WARN  TextLevelParser      - No producer found for character: 0
11:24:23.859 [FXGL Background Thread 1 ] WARN  TextLevelParser      - No producer found for character: 0
11:24:23.859 [FXGL Background Thread 1 ] WARN  TextLevelParser      - No producer found for character: 0
11:24:23.859 [FXGL Background Thread 1 ] WARN  TextLevelParser      - No producer found for character: 0
11:24:23.859 [FXGL Background Thread 1 ] WARN  TextLevelParser      - No producer found for character: 0
11:24:23.859 [FXGL Background Thread 1 ] WARN  TextLevelParser      - No producer found for character: 0
11:24:23.859 [FXGL Background Thread 1 ] WARN  TextLevelParser      - No producer found for character: 0
11:24:23.860 [FXGL Background Thread 1 ] WARN  TextLevelParser      - No producer found for character: 0
11:24:23.860 [FXGL Background Thread 1 ] WARN  TextLevelParser      - No producer found for character: 0
11:24:23.860 [FXGL Background Thread 1 ] WARN  TextLevelParser      - No producer found for character: 0
11:24:23.860 [FXGL Background Thread 1 ] WARN  TextLevelParser      - No producer found for character: 0
11:24:23.860 [FXGL Background Thread 1 ] WARN  TextLevelParser      - No producer found for character: 0
11:24:23.860 [FXGL Background Thread 1 ] WARN  TextLevelParser      - No producer found for character: 0
11:24:23.860 [FXGL Background Thread 1 ] WARN  TextLevelParser      - No producer found for character: 0
11:24:23.860 [FXGL Background Thread 1 ] WARN  TextLevelParser      - No producer found for character: 0
11:24:23.860 [FXGL Background Thread 1 ] WARN  TextLevelParser      - No producer found for character: 0
11:24:23.860 [FXGL Background Thread 1 ] WARN  TextLevelParser      - No producer found for character: 0
11:24:23.861 [FXGL Background Thread 1 ] WARN  TextLevelParser      - No producer found for character: 0
11:24:23.861 [FXGL Background Thread 1 ] WARN  TextLevelParser      - No producer found for character: 0
11:24:23.861 [FXGL Background Thread 1 ] WARN  TextLevelParser      - No producer found for character: 0
11:24:23.861 [FXGL Background Thread 1 ] WARN  TextLevelParser      - No producer found for character: 0
11:24:23.861 [FXGL Background Thread 1 ] WARN  TextLevelParser      - No producer found for character: 0
11:24:23.861 [FXGL Background Thread 1 ] WARN  TextLevelParser      - No producer found for character: 0
11:24:23.861 [FXGL Background Thread 1 ] WARN  TextLevelParser      - No producer found for character: 0
11:24:23.861 [FXGL Background Thread 1 ] WARN  TextLevelParser      - No producer found for character: 0
11:24:23.861 [FXGL Background Thread 1 ] WARN  TextLevelParser      - No producer found for character: 0
11:24:23.861 [FXGL Background Thread 1 ] WARN  TextLevelParser      - No producer found for character: 0
11:24:23.861 [FXGL Background Thread 1 ] WARN  TextLevelParser      - No producer found for character: 0
11:24:23.862 [FXGL Background Thread 1 ] WARN  TextLevelParser      - No producer found for character: 0
11:24:23.862 [FXGL Background Thread 1 ] WARN  TextLevelParser      - No producer found for character: 0
11:24:23.862 [FXGL Background Thread 1 ] WARN  TextLevelParser      - No producer found for character: 0
11:24:23.862 [FXGL Background Thread 1 ] WARN  TextLevelParser      - No producer found for character: 0
11:24:23.862 [FXGL Background Thread 1 ] WARN  TextLevelParser      - No producer found for character: 0
11:24:23.862 [FXGL Background Thread 1 ] WARN  TextLevelParser      - No producer found for character: 0
11:24:23.862 [FXGL Background Thread 1 ] WARN  TextLevelParser      - No producer found for character: 0
11:24:23.862 [FXGL Background Thread 1 ] WARN  TextLevelParser      - No producer found for character: 0
11:24:23.862 [FXGL Background Thread 1 ] WARN  TextLevelParser      - No producer found for character: 0
11:24:23.862 [FXGL Background Thread 1 ] WARN  TextLevelParser      - No producer found for character: 0
11:24:23.862 [FXGL Background Thread 1 ] WARN  TextLevelParser      - No producer found for character: 0
11:24:23.863 [FXGL Background Thread 1 ] WARN  TextLevelParser      - No producer found for character: 0
11:24:23.863 [FXGL Background Thread 1 ] WARN  TextLevelParser      - No producer found for character: 0
11:24:23.863 [FXGL Background Thread 1 ] WARN  TextLevelParser      - No producer found for character: 0
11:24:23.863 [FXGL Background Thread 1 ] WARN  TextLevelParser      - No producer found for character: 0
11:24:23.863 [FXGL Background Thread 1 ] WARN  TextLevelParser      - No producer found for character: 0
11:24:23.863 [FXGL Background Thread 1 ] WARN  TextLevelParser      - No producer found for character: 0
11:24:23.863 [FXGL Background Thread 1 ] WARN  TextLevelParser      - No producer found for character: 0
11:24:23.863 [FXGL Background Thread 1 ] WARN  TextLevelParser      - No producer found for character: 0
11:24:23.863 [FXGL Background Thread 1 ] WARN  TextLevelParser      - No producer found for character: 0
11:24:23.863 [FXGL Background Thread 1 ] WARN  TextLevelParser      - No producer found for character: 0
11:24:23.863 [FXGL Background Thread 1 ] WARN  TextLevelParser      - No producer found for character: 0
11:24:23.864 [FXGL Background Thread 1 ] WARN  TextLevelParser      - No producer found for character: 0
11:24:23.864 [FXGL Background Thread 1 ] WARN  TextLevelParser      - No producer found for character: 0
11:24:23.864 [FXGL Background Thread 1 ] WARN  TextLevelParser      - No producer found for character: 0
11:24:23.864 [FXGL Background Thread 1 ] WARN  TextLevelParser      - No producer found for character: 0
11:24:23.864 [FXGL Background Thread 1 ] WARN  TextLevelParser      - No producer found for character: 0
11:24:23.864 [FXGL Background Thread 1 ] WARN  TextLevelParser      - No producer found for character: 0
11:24:23.864 [FXGL Background Thread 1 ] WARN  TextLevelParser      - No producer found for character: 0
11:24:23.864 [FXGL Background Thread 1 ] WARN  TextLevelParser      - No producer found for character: 0
11:24:23.864 [FXGL Background Thread 1 ] WARN  TextLevelParser      - No producer found for character: 0
11:24:23.864 [FXGL Background Thread 1 ] WARN  TextLevelParser      - No producer found for character: 0
11:24:23.864 [FXGL Background Thread 1 ] WARN  TextLevelParser      - No producer found for character: 0
11:24:23.864 [FXGL Background Thread 1 ] WARN  TextLevelParser      - No producer found for character: 0
11:24:23.865 [FXGL Background Thread 1 ] WARN  TextLevelParser      - No producer found for character: 0
11:24:23.865 [FXGL Background Thread 1 ] WARN  TextLevelParser      - No producer found for character: 0
11:24:23.865 [FXGL Background Thread 1 ] WARN  TextLevelParser      - No producer found for character: 0
11:24:23.865 [FXGL Background Thread 1 ] WARN  TextLevelParser      - No producer found for character: 0
11:24:23.865 [FXGL Background Thread 1 ] WARN  TextLevelParser      - No producer found for character: 0
11:24:23.865 [FXGL Background Thread 1 ] WARN  TextLevelParser      - No producer found for character: 0
11:24:23.865 [FXGL Background Thread 1 ] WARN  TextLevelParser      - No producer found for character: 0
11:24:23.865 [FXGL Background Thread 1 ] WARN  TextLevelParser      - No producer found for character: 0
11:24:23.865 [FXGL Background Thread 1 ] WARN  TextLevelParser      - No producer found for character: 0
11:24:23.865 [FXGL Background Thread 1 ] WARN  TextLevelParser      - No producer found for character: 0
11:24:23.865 [FXGL Background Thread 1 ] WARN  TextLevelParser      - No producer found for character: 0
11:24:23.865 [FXGL Background Thread 1 ] WARN  TextLevelParser      - No producer found for character: 0
11:24:23.866 [FXGL Background Thread 1 ] WARN  TextLevelParser      - No producer found for character: 0
11:24:23.866 [FXGL Background Thread 1 ] WARN  TextLevelParser      - No producer found for character: 0
11:24:23.866 [FXGL Background Thread 1 ] WARN  TextLevelParser      - No producer found for character: 0
11:24:23.866 [FXGL Background Thread 1 ] WARN  TextLevelParser      - No producer found for character: 0
11:24:23.866 [FXGL Background Thread 1 ] WARN  TextLevelParser      - No producer found for character: 0
11:24:23.866 [FXGL Background Thread 1 ] WARN  TextLevelParser      - No producer found for character: 0
11:24:23.866 [FXGL Background Thread 1 ] WARN  TextLevelParser      - No producer found for character: 0
11:24:23.866 [FXGL Background Thread 1 ] WARN  TextLevelParser      - No producer found for character: 0
11:24:23.867 [FXGL Background Thread 1 ] WARN  TextLevelParser      - No producer found for character: 0
11:24:23.867 [FXGL Background Thread 1 ] WARN  TextLevelParser      - No producer found for character: 0
11:24:23.867 [FXGL Background Thread 1 ] WARN  TextLevelParser      - No producer found for character: 0
11:24:23.867 [FXGL Background Thread 1 ] WARN  TextLevelParser      - No producer found for character: 0
11:24:23.867 [FXGL Background Thread 1 ] WARN  TextLevelParser      - No producer found for character: 0
11:24:23.867 [FXGL Background Thread 1 ] WARN  TextLevelParser      - No producer found for character: 0
11:24:23.867 [FXGL Background Thread 1 ] WARN  TextLevelParser      - No producer found for character: 0
11:24:23.867 [FXGL Background Thread 1 ] WARN  TextLevelParser      - No producer found for character: 0
11:24:23.867 [FXGL Background Thread 1 ] WARN  TextLevelParser      - No producer found for character: 0
11:24:23.868 [FXGL Background Thread 1 ] WARN  TextLevelParser      - No producer found for character: 0
11:24:23.868 [FXGL Background Thread 1 ] WARN  TextLevelParser      - No producer found for character: 0
11:24:23.868 [FXGL Background Thread 1 ] WARN  TextLevelParser      - No producer found for character: 0
11:24:23.868 [FXGL Background Thread 1 ] WARN  TextLevelParser      - No producer found for character: 0
11:24:23.868 [FXGL Background Thread 1 ] WARN  TextLevelParser      - No producer found for character: 0
11:24:23.868 [FXGL Background Thread 1 ] WARN  TextLevelParser      - No producer found for character: 0
11:24:23.868 [FXGL Background Thread 1 ] WARN  TextLevelParser      - No producer found for character: 0
11:24:23.868 [FXGL Background Thread 1 ] WARN  TextLevelParser      - No producer found for character: 0
11:24:23.869 [FXGL Background Thread 1 ] WARN  TextLevelParser      - No producer found for character: 0
11:24:23.869 [FXGL Background Thread 1 ] WARN  TextLevelParser      - No producer found for character: 0
11:24:23.869 [FXGL Background Thread 1 ] WARN  TextLevelParser      - No producer found for character: 0
11:24:23.869 [FXGL Background Thread 1 ] WARN  TextLevelParser      - No producer found for character: 0
11:24:23.869 [FXGL Background Thread 1 ] WARN  TextLevelParser      - No producer found for character: 0
11:24:23.869 [FXGL Background Thread 1 ] WARN  TextLevelParser      - No producer found for character: 0
11:24:23.869 [FXGL Background Thread 1 ] WARN  TextLevelParser      - No producer found for character: 0
11:24:23.869 [FXGL Background Thread 1 ] WARN  TextLevelParser      - No producer found for character: 0
11:24:23.870 [FXGL Background Thread 1 ] WARN  TextLevelParser      - No producer found for character: 0
11:24:23.870 [FXGL Background Thread 1 ] WARN  TextLevelParser      - No producer found for character: 0
11:24:23.870 [FXGL Background Thread 1 ] WARN  TextLevelParser      - No producer found for character: 0
11:24:23.870 [FXGL Background Thread 1 ] WARN  TextLevelParser      - No producer found for character: 0
11:24:23.870 [FXGL Background Thread 1 ] WARN  TextLevelParser      - No producer found for character: 0
11:24:23.870 [FXGL Background Thread 1 ] WARN  TextLevelParser      - No producer found for character: 0
11:24:23.870 [FXGL Background Thread 1 ] WARN  TextLevelParser      - No producer found for character: 0
11:24:23.870 [FXGL Background Thread 1 ] WARN  TextLevelParser      - No producer found for character: 0
11:24:23.870 [FXGL Background Thread 1 ] WARN  TextLevelParser      - No producer found for character: 0
11:24:23.871 [FXGL Background Thread 1 ] WARN  TextLevelParser      - No producer found for character: 0
11:24:23.871 [FXGL Background Thread 1 ] WARN  TextLevelParser      - No producer found for character: 0
11:24:23.871 [FXGL Background Thread 1 ] WARN  TextLevelParser      - No producer found for character: 0
11:24:23.871 [FXGL Background Thread 1 ] WARN  TextLevelParser      - No producer found for character: 0
11:24:23.871 [FXGL Background Thread 1 ] DEBUG AssetLoader          - Loading from disk: /assets/textures/bar.png
11:24:23.873 [FXGL Background Thread 1 ] WARN  TextLevelParser      - No producer found for character: 0
11:24:23.873 [FXGL Background Thread 1 ] WARN  TextLevelParser      - No producer found for character: 0
11:24:23.873 [FXGL Background Thread 1 ] WARN  TextLevelParser      - No producer found for character: 0
11:24:23.873 [FXGL Background Thread 1 ] WARN  TextLevelParser      - No producer found for character: 0
11:24:23.874 [FXGL Background Thread 1 ] WARN  TextLevelParser      - No producer found for character: 0
11:24:23.874 [FXGL Background Thread 1 ] WARN  TextLevelParser      - No producer found for character: 0
11:24:23.874 [FXGL Background Thread 1 ] WARN  TextLevelParser      - No producer found for character: 0
11:24:23.874 [FXGL Background Thread 1 ] WARN  TextLevelParser      - No producer found for character: 0
11:24:23.874 [FXGL Background Thread 1 ] WARN  TextLevelParser      - No producer found for character: 0
11:24:23.874 [FXGL Background Thread 1 ] WARN  TextLevelParser      - No producer found for character: 0
11:24:23.874 [FXGL Background Thread 1 ] WARN  TextLevelParser      - No producer found for character: 0
11:24:23.874 [FXGL Background Thread 1 ] WARN  TextLevelParser      - No producer found for character: 0
11:24:23.874 [FXGL Background Thread 1 ] WARN  TextLevelParser      - No producer found for character: 0
11:24:23.874 [FXGL Background Thread 1 ] WARN  TextLevelParser      - No producer found for character: 0
11:24:23.874 [FXGL Background Thread 1 ] WARN  TextLevelParser      - No producer found for character: 0
11:24:23.874 [FXGL Background Thread 1 ] WARN  TextLevelParser      - No producer found for character: 0
11:24:23.875 [FXGL Background Thread 1 ] WARN  TextLevelParser      - No producer found for character: 0
11:24:23.875 [FXGL Background Thread 1 ] WARN  TextLevelParser      - No producer found for character: 0
11:24:23.875 [FXGL Background Thread 1 ] WARN  TextLevelParser      - No producer found for character: 0
11:24:23.875 [FXGL Background Thread 1 ] WARN  TextLevelParser      - No producer found for character: 0
11:24:23.875 [FXGL Background Thread 1 ] WARN  TextLevelParser      - No producer found for character: 0
11:24:23.875 [FXGL Background Thread 1 ] DEBUG GameWorld            - Clearing removable entities
11:24:23.875 [FXGL Background Thread 1 ] DEBUG GameWorld            - Setting level: com.almasb.fxgl.entity.Level@30965b37
11:24:23.896 [FXGL Background Thread 1 ] DEBUG GameScene            - Creating render group for layer: DEFAULT(100000)
11:24:23.899 [FXGL Background Thread 1 ] DEBUG InitAppTask          - Initializing Physics
11:24:23.899 [FXGL Background Thread 1 ] DEBUG InitAppTask          - Initializing UI
11:24:23.899 [FXGL Background Thread 1 ] DEBUG InitAppTask          - Initialization Complete
11:24:23.899 [FXGL Background Thread 1 ] INFO  InitAppTask          - Game initialization took: 0,134 sec
11:24:24.010 [JavaFX Application Thread] DEBUG FXGL                 - Exiting FXGL
11:24:24.010 [JavaFX Application Thread] DEBUG FXGL                 - Shutting down background threads
11:24:24.010 [JavaFX Application Thread] DEBUG FXGL                 - Saving FXGL system data
11:24:24.014 [JavaFX Application Thread] DEBUG DesktopFSService     - Writing to: system\fxgl.bundle
11:24:24.019 [JavaFX Application Thread] DEBUG FXGL                 - Closing logger and exiting JavaFX
