10:07:35.746 [JavaFX Application Thread] DEBUG GameApplication      - Logger initialized
10:07:35.763 [JavaFX Application Thread] DEBUG MainWindow           - Creating a JavaFX scene
10:07:35.868 [JavaFX Application Thread] DEBUG MainWindow           - Target settings size: 900.0 x 780.0
10:07:35.868 [JavaFX Application Thread] DEBUG MainWindow           - Scaled scene size:    900.0 x 780.0
10:07:35.868 [JavaFX Application Thread] DEBUG MainWindow           - Scaled ratio: (1.0, 1.0)
10:07:35.873 [JavaFX Application Thread] DEBUG GameApplication      - Starting FXGL
10:07:35.890 [FXGL Launcher Thread     ] INFO  FXGL                 - FXGL-0.5.0 on DESKTOP
10:07:35.890 [FXGL Launcher Thread     ] INFO  FXGL                 - Source code and latest versions at: https://github.com/AlmasB/FXGL
10:07:35.890 [FXGL Launcher Thread     ] INFO  FXGL                 -              Join the FXGL chat at: https://gitter.im/AlmasB/FXGL
10:07:35.895 [FXGL Launcher Thread     ] DEBUG FXGL                 - Loading FXGL system data
10:07:35.905 [FXGL Launcher Thread     ] DEBUG FS                   - Reading from: system\fxgl.bundle
10:07:35.914 [FXGL Launcher Thread     ] DEBUG Bundle               - Logging bundle: FXGL
10:07:35.915 [FXGL Launcher Thread     ] DEBUG Bundle               - FXGL.offline.timer.version.check=2019-01-24T08:55:57.713219300
10:07:35.939 [FXGL Launcher Thread     ] DEBUG GameApplication      - FXGL started
10:07:35.939 [FXGL Launcher Thread     ] DEBUG GameApplication      - Logging game settings
Title: Breakout
Version: 0.1
Width: 900
Height: 780
Fullscreen: false
Intro: false
Menus: false
Profiling: false
Single step:false
App Mode: DEVELOPER
Menu Key: ESCAPE
Stage Style: DECORATED
Scene Factory: class com.almasb.fxgl.scene.SceneFactory
Dialog Factory: class com.almasb.fxgl.ui.FXGLDialogFactory
UI Factory: class com.almasb.fxgl.ui.FXGLUIFactory
Notification Service: class com.almasb.fxgl.gameplay.notification.XboxNotificationView
Exception Handler: class com.almasb.fxgl.app.FXGLExceptionHandler
10:07:35.940 [FXGL Launcher Thread     ] DEBUG GameApplication      - Configuring GameApplication
10:07:35.940 [FXGL Launcher Thread     ] DEBUG GameApplication      - Initializing state machine and application states
10:07:35.957 [FXGL Launcher Thread     ] DEBUG AssetLoader          - Loading from disk: /assets/ui/cursors/fxgl_default.png
10:07:35.971 [FXGL Launcher Thread     ] DEBUG AssetLoader          - Loading from disk: /assets/ui/cursors/fxgl_default.png
10:07:35.991 [FXGL Launcher Thread     ] DEBUG FXGLAssets           - Loading FXGLAssets
10:07:36.017 [FXGL Launcher Thread     ] DEBUG AssetLoader          - Loading from disk: /assets/ui/fonts/VarelaRound-Regular.ttf
10:07:36.203 [FXGL Launcher Thread     ] DEBUG AssetLoader          - Loading from disk: /assets/ui/fonts/lucida_console.ttf
10:07:36.207 [FXGL Launcher Thread     ] DEBUG AssetLoader          - Loading from disk: /assets/ui/css/fxgl_dark.css
10:07:36.208 [FXGL Launcher Thread     ] DEBUG AssetLoader          - Loading from disk: /assets/ui/icons/fxgl_icon.png
10:07:36.245 [FXGL Launcher Thread     ] DEBUG AssetLoader          - Loading from disk: /assets/ui/cursors/fxgl_default.png
10:07:36.252 [FXGL Launcher Thread     ] DEBUG AssetLoader          - Loading from disk: /assets/ui/cursors/fxgl_default.png
10:07:36.277 [FXGL Launcher Thread     ] DEBUG GameScene            - Game scene initialized: 900x780
10:07:36.284 [FXGL Launcher Thread     ] DEBUG GameWorld            - Game world initialized
10:07:36.359 [FXGL Launcher Thread     ] DEBUG PhysicsWorld         - Physics world initialized: appHeight=780, physics.ppm=50,0
10:07:36.380 [FXGL Launcher Thread     ] DEBUG Input                - Registered new binding: Pause - Esc
10:07:36.401 [FXGL Launcher Thread     ] DEBUG Input                - Clearing active input actions
10:07:36.441 [FXGL Launcher Thread     ] DEBUG AppStateMachine      - StartupState -> StartupState
10:07:36.449 [FXGL Launcher Thread     ] INFO  GameApplication      - Game configuration took:  0,509 sec
10:07:36.454 [JavaFX Application Thread] DEBUG MainWindow           - Opening main window
10:07:36.564 [JavaFX Application Thread] DEBUG MainWindow           - Window border size: (14.4000244140625, 37.5999755859375)
10:07:36.565 [JavaFX Application Thread] DEBUG MainWindow           - Scaled size: 900.0 x 780.0
10:07:36.565 [JavaFX Application Thread] DEBUG MainWindow           - Scaled ratio: (1.0, 1.0)
10:07:36.565 [JavaFX Application Thread] DEBUG MainWindow           - Scene size: 900.0 x 780.0
10:07:36.565 [JavaFX Application Thread] DEBUG MainWindow           - Stage size: 914.4000244140625 x 817.5999755859375
10:07:36.565 [JavaFX Application Thread] DEBUG GameApplication      - Running preInit()
10:07:36.567 [JavaFX Application Thread] DEBUG Input                - Registered new binding: Screenshot - P
10:07:36.567 [JavaFX Application Thread] DEBUG Input                - Registered new binding: Dev Options - CTRL+0
10:07:36.568 [JavaFX Application Thread] DEBUG Input                - Registered new binding: System info dump - CTRL+9
10:07:36.568 [JavaFX Application Thread] DEBUG Input                - Registered new binding: Restart - CTRL+R
10:07:36.568 [JavaFX Application Thread] DEBUG Input                - Registered new binding: Move Left - A
10:07:36.569 [JavaFX Application Thread] DEBUG Input                - Registered new binding: Move Right - D
10:07:36.589 [JavaFX Application Thread] DEBUG GameApplication      - Starting main loop
10:07:36.591 [JavaFX Application Thread] DEBUG StartupState         - STARTUP
10:07:36.591 [JavaFX Application Thread] DEBUG GameApplication      - Starting new game
10:07:36.591 [JavaFX Application Thread] DEBUG Input                - Clearing active input actions
10:07:36.604 [JavaFX Application Thread] DEBUG AppStateMachine      - StartupState -> LoadingState
10:07:36.607 [FXGL Background Thread 1 ] DEBUG InitAppTask          - Clearing previous game
10:07:36.607 [FXGL Background Thread 1 ] DEBUG GameWorld            - Clearing game world
10:07:36.607 [FXGL Background Thread 1 ] DEBUG PhysicsWorld         - Clearing physics world
10:07:36.607 [FXGL Background Thread 1 ] DEBUG GameScene            - Clearing game scene
10:07:36.608 [FXGL Background Thread 1 ] DEBUG InitAppTask          - Initializing Game
10:07:36.649 [FXGL Background Thread 1 ] DEBUG AssetLoader          - Loading from disk: /assets/text/levels/level1.txt
10:07:36.653 [FXGL Background Thread 1 ] WARN  FXGL.TextLevelParser - No producer found for character: 0
10:07:36.653 [FXGL Background Thread 1 ] WARN  FXGL.TextLevelParser - No producer found for character: 0
10:07:36.653 [FXGL Background Thread 1 ] WARN  FXGL.TextLevelParser - No producer found for character: 0
10:07:36.654 [FXGL Background Thread 1 ] WARN  FXGL.TextLevelParser - No producer found for character: 0
10:07:36.654 [FXGL Background Thread 1 ] WARN  FXGL.TextLevelParser - No producer found for character: 0
10:07:36.654 [FXGL Background Thread 1 ] WARN  FXGL.TextLevelParser - No producer found for character: 0
10:07:36.654 [FXGL Background Thread 1 ] WARN  FXGL.TextLevelParser - No producer found for character: 0
10:07:36.654 [FXGL Background Thread 1 ] WARN  FXGL.TextLevelParser - No producer found for character: 0
10:07:36.654 [FXGL Background Thread 1 ] WARN  FXGL.TextLevelParser - No producer found for character: 0
10:07:36.655 [FXGL Background Thread 1 ] WARN  FXGL.TextLevelParser - No producer found for character: 0
10:07:36.655 [FXGL Background Thread 1 ] WARN  FXGL.TextLevelParser - No producer found for character: 0
10:07:36.655 [FXGL Background Thread 1 ] WARN  FXGL.TextLevelParser - No producer found for character: 0
10:07:36.655 [FXGL Background Thread 1 ] WARN  FXGL.TextLevelParser - No producer found for character: 0
10:07:36.655 [FXGL Background Thread 1 ] WARN  FXGL.TextLevelParser - No producer found for character: 0
10:07:36.655 [FXGL Background Thread 1 ] WARN  FXGL.TextLevelParser - No producer found for character: 0
10:07:36.656 [FXGL Background Thread 1 ] WARN  FXGL.TextLevelParser - No producer found for character: 0
10:07:36.656 [FXGL Background Thread 1 ] WARN  FXGL.TextLevelParser - No producer found for character: 0
10:07:36.656 [FXGL Background Thread 1 ] WARN  FXGL.TextLevelParser - No producer found for character: 0
10:07:36.656 [FXGL Background Thread 1 ] WARN  FXGL.TextLevelParser - No producer found for character: 0
10:07:36.656 [FXGL Background Thread 1 ] WARN  FXGL.TextLevelParser - No producer found for character: 0
10:07:36.656 [FXGL Background Thread 1 ] WARN  FXGL.TextLevelParser - No producer found for character: 0
10:07:36.657 [FXGL Background Thread 1 ] WARN  FXGL.TextLevelParser - No producer found for character: 0
10:07:36.657 [FXGL Background Thread 1 ] WARN  FXGL.TextLevelParser - No producer found for character: 0
10:07:36.657 [FXGL Background Thread 1 ] WARN  FXGL.TextLevelParser - No producer found for character: 0
10:07:36.657 [FXGL Background Thread 1 ] WARN  FXGL.TextLevelParser - No producer found for character: 0
10:07:36.657 [FXGL Background Thread 1 ] WARN  FXGL.TextLevelParser - No producer found for character: 0
10:07:36.657 [FXGL Background Thread 1 ] WARN  FXGL.TextLevelParser - No producer found for character: 0
10:07:36.657 [FXGL Background Thread 1 ] WARN  FXGL.TextLevelParser - No producer found for character: 0
10:07:36.658 [FXGL Background Thread 1 ] WARN  FXGL.TextLevelParser - No producer found for character: 0
10:07:36.658 [FXGL Background Thread 1 ] WARN  FXGL.TextLevelParser - No producer found for character: 0
10:07:36.658 [FXGL Background Thread 1 ] WARN  FXGL.TextLevelParser - No producer found for character: 0
10:07:36.658 [FXGL Background Thread 1 ] WARN  FXGL.TextLevelParser - No producer found for character: 0
10:07:36.658 [FXGL Background Thread 1 ] WARN  FXGL.TextLevelParser - No producer found for character: 0
10:07:36.658 [FXGL Background Thread 1 ] WARN  FXGL.TextLevelParser - No producer found for character: 0
10:07:36.658 [FXGL Background Thread 1 ] WARN  FXGL.TextLevelParser - No producer found for character: 0
10:07:36.659 [FXGL Background Thread 1 ] WARN  FXGL.TextLevelParser - No producer found for character: 0
10:07:36.659 [FXGL Background Thread 1 ] WARN  FXGL.TextLevelParser - No producer found for character: 0
10:07:36.659 [FXGL Background Thread 1 ] WARN  FXGL.TextLevelParser - No producer found for character: 0
10:07:36.659 [FXGL Background Thread 1 ] WARN  FXGL.TextLevelParser - No producer found for character: 0
10:07:36.661 [FXGL Background Thread 1 ] WARN  FXGL.TextLevelParser - No producer found for character: 0
10:07:36.661 [FXGL Background Thread 1 ] WARN  FXGL.TextLevelParser - No producer found for character: 0
10:07:36.661 [FXGL Background Thread 1 ] WARN  FXGL.TextLevelParser - No producer found for character: 0
10:07:36.697 [FXGL Background Thread 1 ] DEBUG AssetLoader          - Loading from disk: /assets/textures/brick1.png
10:07:36.722 [FXGL Background Thread 1 ] WARN  FXGL.TextLevelParser - No producer found for character: 0
10:07:36.722 [FXGL Background Thread 1 ] WARN  FXGL.TextLevelParser - No producer found for character: 0
10:07:36.723 [FXGL Background Thread 1 ] WARN  FXGL.TextLevelParser - No producer found for character: 0
10:07:36.723 [FXGL Background Thread 1 ] WARN  FXGL.TextLevelParser - No producer found for character: 0
10:07:36.723 [FXGL Background Thread 1 ] WARN  FXGL.TextLevelParser - No producer found for character: 0
10:07:36.723 [FXGL Background Thread 1 ] WARN  FXGL.TextLevelParser - No producer found for character: 0
10:07:36.723 [FXGL Background Thread 1 ] WARN  FXGL.TextLevelParser - No producer found for character: 0
10:07:36.724 [FXGL Background Thread 1 ] DEBUG AssetLoader          - Loading from cache: /assets/textures/brick1.png@50.0x24.0
10:07:36.725 [FXGL Background Thread 1 ] WARN  FXGL.TextLevelParser - No producer found for character: 0
10:07:36.726 [FXGL Background Thread 1 ] WARN  FXGL.TextLevelParser - No producer found for character: 0
10:07:36.726 [FXGL Background Thread 1 ] WARN  FXGL.TextLevelParser - No producer found for character: 0
10:07:36.726 [FXGL Background Thread 1 ] WARN  FXGL.TextLevelParser - No producer found for character: 0
10:07:36.726 [FXGL Background Thread 1 ] WARN  FXGL.TextLevelParser - No producer found for character: 0
10:07:36.726 [FXGL Background Thread 1 ] WARN  FXGL.TextLevelParser - No producer found for character: 0
10:07:36.726 [FXGL Background Thread 1 ] WARN  FXGL.TextLevelParser - No producer found for character: 0
10:07:36.727 [FXGL Background Thread 1 ] WARN  FXGL.TextLevelParser - No producer found for character: 0
10:07:36.727 [FXGL Background Thread 1 ] WARN  FXGL.TextLevelParser - No producer found for character: 0
10:07:36.727 [FXGL Background Thread 1 ] WARN  FXGL.TextLevelParser - No producer found for character: 0
10:07:36.727 [FXGL Background Thread 1 ] WARN  FXGL.TextLevelParser - No producer found for character: 0
10:07:36.727 [FXGL Background Thread 1 ] WARN  FXGL.TextLevelParser - No producer found for character: 0
10:07:36.727 [FXGL Background Thread 1 ] WARN  FXGL.TextLevelParser - No producer found for character: 0
10:07:36.727 [FXGL Background Thread 1 ] WARN  FXGL.TextLevelParser - No producer found for character: 0
10:07:36.728 [FXGL Background Thread 1 ] WARN  FXGL.TextLevelParser - No producer found for character: 0
10:07:36.728 [FXGL Background Thread 1 ] WARN  FXGL.TextLevelParser - No producer found for character: 0
10:07:36.728 [FXGL Background Thread 1 ] WARN  FXGL.TextLevelParser - No producer found for character: 0
10:07:36.728 [FXGL Background Thread 1 ] WARN  FXGL.TextLevelParser - No producer found for character: 0
10:07:36.728 [FXGL Background Thread 1 ] WARN  FXGL.TextLevelParser - No producer found for character: 0
10:07:36.729 [FXGL Background Thread 1 ] WARN  FXGL.TextLevelParser - No producer found for character: 0
10:07:36.729 [FXGL Background Thread 1 ] WARN  FXGL.TextLevelParser - No producer found for character: 0
10:07:36.729 [FXGL Background Thread 1 ] WARN  FXGL.TextLevelParser - No producer found for character: 0
10:07:36.729 [FXGL Background Thread 1 ] WARN  FXGL.TextLevelParser - No producer found for character: 0
10:07:36.729 [FXGL Background Thread 1 ] WARN  FXGL.TextLevelParser - No producer found for character: 0
10:07:36.730 [FXGL Background Thread 1 ] WARN  FXGL.TextLevelParser - No producer found for character: 0
10:07:36.730 [FXGL Background Thread 1 ] WARN  FXGL.TextLevelParser - No producer found for character: 0
10:07:36.730 [FXGL Background Thread 1 ] WARN  FXGL.TextLevelParser - No producer found for character: 0
10:07:36.730 [FXGL Background Thread 1 ] WARN  FXGL.TextLevelParser - No producer found for character: 0
10:07:36.730 [FXGL Background Thread 1 ] WARN  FXGL.TextLevelParser - No producer found for character: 0
10:07:36.731 [FXGL Background Thread 1 ] WARN  FXGL.TextLevelParser - No producer found for character: 0
10:07:36.731 [FXGL Background Thread 1 ] WARN  FXGL.TextLevelParser - No producer found for character: 0
10:07:36.732 [FXGL Background Thread 1 ] WARN  FXGL.TextLevelParser - No producer found for character: 0
10:07:36.732 [FXGL Background Thread 1 ] WARN  FXGL.TextLevelParser - No producer found for character: 0
10:07:36.732 [FXGL Background Thread 1 ] WARN  FXGL.TextLevelParser - No producer found for character: 0
10:07:36.732 [FXGL Background Thread 1 ] WARN  FXGL.TextLevelParser - No producer found for character: 0
10:07:36.732 [FXGL Background Thread 1 ] WARN  FXGL.TextLevelParser - No producer found for character: 0
10:07:36.732 [FXGL Background Thread 1 ] WARN  FXGL.TextLevelParser - No producer found for character: 0
10:07:36.733 [FXGL Background Thread 1 ] WARN  FXGL.TextLevelParser - No producer found for character: 0
10:07:36.733 [FXGL Background Thread 1 ] WARN  FXGL.TextLevelParser - No producer found for character: 0
10:07:36.733 [FXGL Background Thread 1 ] WARN  FXGL.TextLevelParser - No producer found for character: 0
10:07:36.733 [FXGL Background Thread 1 ] WARN  FXGL.TextLevelParser - No producer found for character: 0
10:07:36.733 [FXGL Background Thread 1 ] WARN  FXGL.TextLevelParser - No producer found for character: 0
10:07:36.733 [FXGL Background Thread 1 ] WARN  FXGL.TextLevelParser - No producer found for character: 0
10:07:36.733 [FXGL Background Thread 1 ] WARN  FXGL.TextLevelParser - No producer found for character: 0
10:07:36.733 [FXGL Background Thread 1 ] WARN  FXGL.TextLevelParser - No producer found for character: 0
10:07:36.734 [FXGL Background Thread 1 ] WARN  FXGL.TextLevelParser - No producer found for character: 0
10:07:36.734 [FXGL Background Thread 1 ] WARN  FXGL.TextLevelParser - No producer found for character: 0
10:07:36.734 [FXGL Background Thread 1 ] WARN  FXGL.TextLevelParser - No producer found for character: 0
10:07:36.734 [FXGL Background Thread 1 ] WARN  FXGL.TextLevelParser - No producer found for character: 0
10:07:36.734 [FXGL Background Thread 1 ] WARN  FXGL.TextLevelParser - No producer found for character: 0
10:07:36.734 [FXGL Background Thread 1 ] WARN  FXGL.TextLevelParser - No producer found for character: 0
10:07:36.734 [FXGL Background Thread 1 ] WARN  FXGL.TextLevelParser - No producer found for character: 0
10:07:36.734 [FXGL Background Thread 1 ] WARN  FXGL.TextLevelParser - No producer found for character: 0
10:07:36.734 [FXGL Background Thread 1 ] WARN  FXGL.TextLevelParser - No producer found for character: 0
10:07:36.735 [FXGL Background Thread 1 ] WARN  FXGL.TextLevelParser - No producer found for character: 0
10:07:36.735 [FXGL Background Thread 1 ] WARN  FXGL.TextLevelParser - No producer found for character: 0
10:07:36.735 [FXGL Background Thread 1 ] WARN  FXGL.TextLevelParser - No producer found for character: 0
10:07:36.735 [FXGL Background Thread 1 ] WARN  FXGL.TextLevelParser - No producer found for character: 0
10:07:36.735 [FXGL Background Thread 1 ] WARN  FXGL.TextLevelParser - No producer found for character: 0
10:07:36.735 [FXGL Background Thread 1 ] WARN  FXGL.TextLevelParser - No producer found for character: 0
10:07:36.735 [FXGL Background Thread 1 ] WARN  FXGL.TextLevelParser - No producer found for character: 0
10:07:36.735 [FXGL Background Thread 1 ] WARN  FXGL.TextLevelParser - No producer found for character: 0
10:07:36.735 [FXGL Background Thread 1 ] WARN  FXGL.TextLevelParser - No producer found for character: 0
10:07:36.736 [FXGL Background Thread 1 ] WARN  FXGL.TextLevelParser - No producer found for character: 0
10:07:36.736 [FXGL Background Thread 1 ] WARN  FXGL.TextLevelParser - No producer found for character: 0
10:07:36.736 [FXGL Background Thread 1 ] WARN  FXGL.TextLevelParser - No producer found for character: 0
10:07:36.736 [FXGL Background Thread 1 ] WARN  FXGL.TextLevelParser - No producer found for character: 0
10:07:36.736 [FXGL Background Thread 1 ] WARN  FXGL.TextLevelParser - No producer found for character: 0
10:07:36.743 [FXGL Background Thread 1 ] WARN  FXGL.TextLevelParser - No producer found for character: 0
10:07:36.743 [FXGL Background Thread 1 ] WARN  FXGL.TextLevelParser - No producer found for character: 0
10:07:36.743 [FXGL Background Thread 1 ] WARN  FXGL.TextLevelParser - No producer found for character: 0
10:07:36.743 [FXGL Background Thread 1 ] WARN  FXGL.TextLevelParser - No producer found for character: 0
10:07:36.744 [FXGL Background Thread 1 ] WARN  FXGL.TextLevelParser - No producer found for character: 0
10:07:36.744 [FXGL Background Thread 1 ] WARN  FXGL.TextLevelParser - No producer found for character: 0
10:07:36.744 [FXGL Background Thread 1 ] WARN  FXGL.TextLevelParser - No producer found for character: 0
10:07:36.744 [FXGL Background Thread 1 ] WARN  FXGL.TextLevelParser - No producer found for character: 0
10:07:36.744 [FXGL Background Thread 1 ] WARN  FXGL.TextLevelParser - No producer found for character: 0
10:07:36.744 [FXGL Background Thread 1 ] WARN  FXGL.TextLevelParser - No producer found for character: 0
10:07:36.744 [FXGL Background Thread 1 ] WARN  FXGL.TextLevelParser - No producer found for character: 0
10:07:36.745 [FXGL Background Thread 1 ] WARN  FXGL.TextLevelParser - No producer found for character: 0
10:07:36.745 [FXGL Background Thread 1 ] WARN  FXGL.TextLevelParser - No producer found for character: 0
10:07:36.745 [FXGL Background Thread 1 ] WARN  FXGL.TextLevelParser - No producer found for character: 0
10:07:36.745 [FXGL Background Thread 1 ] WARN  FXGL.TextLevelParser - No producer found for character: 0
10:07:36.746 [FXGL Background Thread 1 ] WARN  FXGL.TextLevelParser - No producer found for character: 0
10:07:36.748 [FXGL Background Thread 1 ] WARN  FXGL.TextLevelParser - No producer found for character: 0
10:07:36.749 [FXGL Background Thread 1 ] WARN  FXGL.TextLevelParser - No producer found for character: 0
10:07:36.749 [FXGL Background Thread 1 ] WARN  FXGL.TextLevelParser - No producer found for character: 0
10:07:36.749 [FXGL Background Thread 1 ] WARN  FXGL.TextLevelParser - No producer found for character: 0
10:07:36.749 [FXGL Background Thread 1 ] WARN  FXGL.TextLevelParser - No producer found for character: 0
10:07:36.749 [FXGL Background Thread 1 ] WARN  FXGL.TextLevelParser - No producer found for character: 0
10:07:36.749 [FXGL Background Thread 1 ] WARN  FXGL.TextLevelParser - No producer found for character: 0
10:07:36.749 [FXGL Background Thread 1 ] WARN  FXGL.TextLevelParser - No producer found for character: 0
10:07:36.750 [FXGL Background Thread 1 ] WARN  FXGL.TextLevelParser - No producer found for character: 0
10:07:36.750 [FXGL Background Thread 1 ] WARN  FXGL.TextLevelParser - No producer found for character: 0
10:07:36.750 [FXGL Background Thread 1 ] WARN  FXGL.TextLevelParser - No producer found for character: 0
10:07:36.750 [FXGL Background Thread 1 ] WARN  FXGL.TextLevelParser - No producer found for character: 0
10:07:36.750 [FXGL Background Thread 1 ] WARN  FXGL.TextLevelParser - No producer found for character: 0
10:07:36.750 [FXGL Background Thread 1 ] WARN  FXGL.TextLevelParser - No producer found for character: 0
10:07:36.750 [FXGL Background Thread 1 ] WARN  FXGL.TextLevelParser - No producer found for character: 0
10:07:36.750 [FXGL Background Thread 1 ] WARN  FXGL.TextLevelParser - No producer found for character: 0
10:07:36.750 [FXGL Background Thread 1 ] WARN  FXGL.TextLevelParser - No producer found for character: 0
10:07:36.750 [FXGL Background Thread 1 ] WARN  FXGL.TextLevelParser - No producer found for character: 0
10:07:36.751 [FXGL Background Thread 1 ] WARN  FXGL.TextLevelParser - No producer found for character: 0
10:07:36.751 [FXGL Background Thread 1 ] WARN  FXGL.TextLevelParser - No producer found for character: 0
10:07:36.751 [FXGL Background Thread 1 ] WARN  FXGL.TextLevelParser - No producer found for character: 0
10:07:36.751 [FXGL Background Thread 1 ] WARN  FXGL.TextLevelParser - No producer found for character: 0
10:07:36.751 [FXGL Background Thread 1 ] WARN  FXGL.TextLevelParser - No producer found for character: 0
10:07:36.751 [FXGL Background Thread 1 ] WARN  FXGL.TextLevelParser - No producer found for character: 0
10:07:36.751 [FXGL Background Thread 1 ] WARN  FXGL.TextLevelParser - No producer found for character: 0
10:07:36.751 [FXGL Background Thread 1 ] WARN  FXGL.TextLevelParser - No producer found for character: 0
10:07:36.751 [FXGL Background Thread 1 ] WARN  FXGL.TextLevelParser - No producer found for character: 0
10:07:36.752 [FXGL Background Thread 1 ] WARN  FXGL.TextLevelParser - No producer found for character: 0
10:07:36.752 [FXGL Background Thread 1 ] WARN  FXGL.TextLevelParser - No producer found for character: 0
10:07:36.752 [FXGL Background Thread 1 ] WARN  FXGL.TextLevelParser - No producer found for character: 0
10:07:36.752 [FXGL Background Thread 1 ] WARN  FXGL.TextLevelParser - No producer found for character: 0
10:07:36.752 [FXGL Background Thread 1 ] WARN  FXGL.TextLevelParser - No producer found for character: 0
10:07:36.752 [FXGL Background Thread 1 ] WARN  FXGL.TextLevelParser - No producer found for character: 0
10:07:36.752 [FXGL Background Thread 1 ] WARN  FXGL.TextLevelParser - No producer found for character: 0
10:07:36.752 [FXGL Background Thread 1 ] WARN  FXGL.TextLevelParser - No producer found for character: 0
10:07:36.752 [FXGL Background Thread 1 ] WARN  FXGL.TextLevelParser - No producer found for character: 0
10:07:36.752 [FXGL Background Thread 1 ] WARN  FXGL.TextLevelParser - No producer found for character: 0
10:07:36.753 [FXGL Background Thread 1 ] WARN  FXGL.TextLevelParser - No producer found for character: 0
10:07:36.753 [FXGL Background Thread 1 ] WARN  FXGL.TextLevelParser - No producer found for character: 0
10:07:36.753 [FXGL Background Thread 1 ] WARN  FXGL.TextLevelParser - No producer found for character: 0
10:07:36.753 [FXGL Background Thread 1 ] WARN  FXGL.TextLevelParser - No producer found for character: 0
10:07:36.753 [FXGL Background Thread 1 ] WARN  FXGL.TextLevelParser - No producer found for character: 0
10:07:36.753 [FXGL Background Thread 1 ] WARN  FXGL.TextLevelParser - No producer found for character: 0
10:07:36.753 [FXGL Background Thread 1 ] WARN  FXGL.TextLevelParser - No producer found for character: 0
10:07:36.753 [FXGL Background Thread 1 ] WARN  FXGL.TextLevelParser - No producer found for character: 0
10:07:36.754 [FXGL Background Thread 1 ] WARN  FXGL.TextLevelParser - No producer found for character: 0
10:07:36.754 [FXGL Background Thread 1 ] WARN  FXGL.TextLevelParser - No producer found for character: 0
10:07:36.754 [FXGL Background Thread 1 ] WARN  FXGL.TextLevelParser - No producer found for character: 0
10:07:36.754 [FXGL Background Thread 1 ] WARN  FXGL.TextLevelParser - No producer found for character: 0
10:07:36.754 [FXGL Background Thread 1 ] WARN  FXGL.TextLevelParser - No producer found for character: 0
10:07:36.754 [FXGL Background Thread 1 ] WARN  FXGL.TextLevelParser - No producer found for character: 0
10:07:36.754 [FXGL Background Thread 1 ] WARN  FXGL.TextLevelParser - No producer found for character: 0
10:07:36.754 [FXGL Background Thread 1 ] WARN  FXGL.TextLevelParser - No producer found for character: 0
10:07:36.754 [FXGL Background Thread 1 ] WARN  FXGL.TextLevelParser - No producer found for character: 0
10:07:36.755 [FXGL Background Thread 1 ] WARN  FXGL.TextLevelParser - No producer found for character: 0
10:07:36.755 [FXGL Background Thread 1 ] WARN  FXGL.TextLevelParser - No producer found for character: 0
10:07:36.755 [FXGL Background Thread 1 ] WARN  FXGL.TextLevelParser - No producer found for character: 0
10:07:36.755 [FXGL Background Thread 1 ] WARN  FXGL.TextLevelParser - No producer found for character: 0
10:07:36.755 [FXGL Background Thread 1 ] WARN  FXGL.TextLevelParser - No producer found for character: 0
10:07:36.755 [FXGL Background Thread 1 ] WARN  FXGL.TextLevelParser - No producer found for character: 0
10:07:36.755 [FXGL Background Thread 1 ] WARN  FXGL.TextLevelParser - No producer found for character: 0
10:07:36.755 [FXGL Background Thread 1 ] WARN  FXGL.TextLevelParser - No producer found for character: 0
10:07:36.755 [FXGL Background Thread 1 ] WARN  FXGL.TextLevelParser - No producer found for character: 0
10:07:36.755 [FXGL Background Thread 1 ] WARN  FXGL.TextLevelParser - No producer found for character: 0
10:07:36.756 [FXGL Background Thread 1 ] WARN  FXGL.TextLevelParser - No producer found for character: 0
10:07:36.756 [FXGL Background Thread 1 ] WARN  FXGL.TextLevelParser - No producer found for character: 0
10:07:36.756 [FXGL Background Thread 1 ] WARN  FXGL.TextLevelParser - No producer found for character: 0
10:07:36.756 [FXGL Background Thread 1 ] WARN  FXGL.TextLevelParser - No producer found for character: 0
10:07:36.756 [FXGL Background Thread 1 ] WARN  FXGL.TextLevelParser - No producer found for character: 0
10:07:36.756 [FXGL Background Thread 1 ] WARN  FXGL.TextLevelParser - No producer found for character: 0
10:07:36.756 [FXGL Background Thread 1 ] WARN  FXGL.TextLevelParser - No producer found for character: 0
10:07:36.756 [FXGL Background Thread 1 ] WARN  FXGL.TextLevelParser - No producer found for character: 0
10:07:36.756 [FXGL Background Thread 1 ] WARN  FXGL.TextLevelParser - No producer found for character: 0
10:07:36.757 [FXGL Background Thread 1 ] WARN  FXGL.TextLevelParser - No producer found for character: 0
10:07:36.757 [FXGL Background Thread 1 ] WARN  FXGL.TextLevelParser - No producer found for character: 0
10:07:36.757 [FXGL Background Thread 1 ] WARN  FXGL.TextLevelParser - No producer found for character: 0
10:07:36.757 [FXGL Background Thread 1 ] WARN  FXGL.TextLevelParser - No producer found for character: 0
10:07:36.757 [FXGL Background Thread 1 ] WARN  FXGL.TextLevelParser - No producer found for character: 0
10:07:36.757 [FXGL Background Thread 1 ] WARN  FXGL.TextLevelParser - No producer found for character: 0
10:07:36.757 [FXGL Background Thread 1 ] WARN  FXGL.TextLevelParser - No producer found for character: 0
10:07:36.757 [FXGL Background Thread 1 ] WARN  FXGL.TextLevelParser - No producer found for character: 0
10:07:36.757 [FXGL Background Thread 1 ] WARN  FXGL.TextLevelParser - No producer found for character: 0
10:07:36.757 [FXGL Background Thread 1 ] WARN  FXGL.TextLevelParser - No producer found for character: 0
10:07:36.758 [FXGL Background Thread 1 ] WARN  FXGL.TextLevelParser - No producer found for character: 0
10:07:36.758 [FXGL Background Thread 1 ] WARN  FXGL.TextLevelParser - No producer found for character: 0
10:07:36.758 [FXGL Background Thread 1 ] WARN  FXGL.TextLevelParser - No producer found for character: 0
10:07:36.758 [FXGL Background Thread 1 ] WARN  FXGL.TextLevelParser - No producer found for character: 0
10:07:36.758 [FXGL Background Thread 1 ] WARN  FXGL.TextLevelParser - No producer found for character: 0
10:07:36.758 [FXGL Background Thread 1 ] WARN  FXGL.TextLevelParser - No producer found for character: 0
10:07:36.758 [FXGL Background Thread 1 ] WARN  FXGL.TextLevelParser - No producer found for character: 0
10:07:36.758 [FXGL Background Thread 1 ] WARN  FXGL.TextLevelParser - No producer found for character: 0
10:07:36.758 [FXGL Background Thread 1 ] WARN  FXGL.TextLevelParser - No producer found for character: 0
10:07:36.758 [FXGL Background Thread 1 ] WARN  FXGL.TextLevelParser - No producer found for character: 0
10:07:36.759 [FXGL Background Thread 1 ] WARN  FXGL.TextLevelParser - No producer found for character: 0
10:07:36.759 [FXGL Background Thread 1 ] WARN  FXGL.TextLevelParser - No producer found for character: 0
10:07:36.759 [FXGL Background Thread 1 ] WARN  FXGL.TextLevelParser - No producer found for character: 0
10:07:36.759 [FXGL Background Thread 1 ] WARN  FXGL.TextLevelParser - No producer found for character: 0
10:07:36.759 [FXGL Background Thread 1 ] WARN  FXGL.TextLevelParser - No producer found for character: 0
10:07:36.759 [FXGL Background Thread 1 ] WARN  FXGL.TextLevelParser - No producer found for character: 0
10:07:36.759 [FXGL Background Thread 1 ] WARN  FXGL.TextLevelParser - No producer found for character: 0
10:07:36.759 [FXGL Background Thread 1 ] WARN  FXGL.TextLevelParser - No producer found for character: 0
10:07:36.759 [FXGL Background Thread 1 ] WARN  FXGL.TextLevelParser - No producer found for character: 0
10:07:36.760 [FXGL Background Thread 1 ] WARN  FXGL.TextLevelParser - No producer found for character: 0
10:07:36.760 [FXGL Background Thread 1 ] WARN  FXGL.TextLevelParser - No producer found for character: 0
10:07:36.760 [FXGL Background Thread 1 ] WARN  FXGL.TextLevelParser - No producer found for character: 0
10:07:36.760 [FXGL Background Thread 1 ] WARN  FXGL.TextLevelParser - No producer found for character: 0
10:07:36.760 [FXGL Background Thread 1 ] WARN  FXGL.TextLevelParser - No producer found for character: 0
10:07:36.760 [FXGL Background Thread 1 ] WARN  FXGL.TextLevelParser - No producer found for character: 0
10:07:36.760 [FXGL Background Thread 1 ] WARN  FXGL.TextLevelParser - No producer found for character: 0
10:07:36.760 [FXGL Background Thread 1 ] WARN  FXGL.TextLevelParser - No producer found for character: 0
10:07:36.760 [FXGL Background Thread 1 ] WARN  FXGL.TextLevelParser - No producer found for character: 0
10:07:36.761 [FXGL Background Thread 1 ] WARN  FXGL.TextLevelParser - No producer found for character: 0
10:07:36.761 [FXGL Background Thread 1 ] WARN  FXGL.TextLevelParser - No producer found for character: 0
10:07:36.761 [FXGL Background Thread 1 ] WARN  FXGL.TextLevelParser - No producer found for character: 0
10:07:36.761 [FXGL Background Thread 1 ] WARN  FXGL.TextLevelParser - No producer found for character: 0
10:07:36.761 [FXGL Background Thread 1 ] WARN  FXGL.TextLevelParser - No producer found for character: 0
10:07:36.761 [FXGL Background Thread 1 ] WARN  FXGL.TextLevelParser - No producer found for character: 0
10:07:36.761 [FXGL Background Thread 1 ] WARN  FXGL.TextLevelParser - No producer found for character: 0
10:07:36.761 [FXGL Background Thread 1 ] WARN  FXGL.TextLevelParser - No producer found for character: 0
10:07:36.762 [FXGL Background Thread 1 ] WARN  FXGL.TextLevelParser - No producer found for character: 0
10:07:36.762 [FXGL Background Thread 1 ] WARN  FXGL.TextLevelParser - No producer found for character: 0
10:07:36.762 [FXGL Background Thread 1 ] WARN  FXGL.TextLevelParser - No producer found for character: 0
10:07:36.762 [FXGL Background Thread 1 ] WARN  FXGL.TextLevelParser - No producer found for character: 0
10:07:36.762 [FXGL Background Thread 1 ] WARN  FXGL.TextLevelParser - No producer found for character: 0
10:07:36.762 [FXGL Background Thread 1 ] WARN  FXGL.TextLevelParser - No producer found for character: 0
10:07:36.762 [FXGL Background Thread 1 ] WARN  FXGL.TextLevelParser - No producer found for character: 0
10:07:36.763 [FXGL Background Thread 1 ] WARN  FXGL.TextLevelParser - No producer found for character: 0
10:07:36.763 [FXGL Background Thread 1 ] WARN  FXGL.TextLevelParser - No producer found for character: 0
10:07:36.763 [FXGL Background Thread 1 ] WARN  FXGL.TextLevelParser - No producer found for character: 0
10:07:36.763 [FXGL Background Thread 1 ] WARN  FXGL.TextLevelParser - No producer found for character: 0
10:07:36.763 [FXGL Background Thread 1 ] WARN  FXGL.TextLevelParser - No producer found for character: 0
10:07:36.763 [FXGL Background Thread 1 ] WARN  FXGL.TextLevelParser - No producer found for character: 0
10:07:36.763 [FXGL Background Thread 1 ] WARN  FXGL.TextLevelParser - No producer found for character: 0
10:07:36.763 [FXGL Background Thread 1 ] WARN  FXGL.TextLevelParser - No producer found for character: 0
10:07:36.763 [FXGL Background Thread 1 ] WARN  FXGL.TextLevelParser - No producer found for character: 0
10:07:36.764 [FXGL Background Thread 1 ] WARN  FXGL.TextLevelParser - No producer found for character: 0
10:07:36.764 [FXGL Background Thread 1 ] WARN  FXGL.TextLevelParser - No producer found for character: 0
10:07:36.764 [FXGL Background Thread 1 ] WARN  FXGL.TextLevelParser - No producer found for character: 0
10:07:36.764 [FXGL Background Thread 1 ] WARN  FXGL.TextLevelParser - No producer found for character: 0
10:07:36.764 [FXGL Background Thread 1 ] WARN  FXGL.TextLevelParser - No producer found for character: 0
10:07:36.764 [FXGL Background Thread 1 ] WARN  FXGL.TextLevelParser - No producer found for character: 0
10:07:36.764 [FXGL Background Thread 1 ] WARN  FXGL.TextLevelParser - No producer found for character: 0
10:07:36.764 [FXGL Background Thread 1 ] WARN  FXGL.TextLevelParser - No producer found for character: 0
10:07:36.765 [FXGL Background Thread 1 ] WARN  FXGL.TextLevelParser - No producer found for character: 0
10:07:36.765 [FXGL Background Thread 1 ] WARN  FXGL.TextLevelParser - No producer found for character: 0
10:07:36.765 [FXGL Background Thread 1 ] WARN  FXGL.TextLevelParser - No producer found for character: 0
10:07:36.765 [FXGL Background Thread 1 ] WARN  FXGL.TextLevelParser - No producer found for character: 0
10:07:36.765 [FXGL Background Thread 1 ] WARN  FXGL.TextLevelParser - No producer found for character: 0
10:07:36.765 [FXGL Background Thread 1 ] WARN  FXGL.TextLevelParser - No producer found for character: 0
10:07:36.765 [FXGL Background Thread 1 ] WARN  FXGL.TextLevelParser - No producer found for character: 0
10:07:36.765 [FXGL Background Thread 1 ] WARN  FXGL.TextLevelParser - No producer found for character: 0
10:07:36.765 [FXGL Background Thread 1 ] WARN  FXGL.TextLevelParser - No producer found for character: 0
10:07:36.765 [FXGL Background Thread 1 ] WARN  FXGL.TextLevelParser - No producer found for character: 0
10:07:36.766 [FXGL Background Thread 1 ] WARN  FXGL.TextLevelParser - No producer found for character: 0
10:07:36.766 [FXGL Background Thread 1 ] WARN  FXGL.TextLevelParser - No producer found for character: 0
10:07:36.766 [FXGL Background Thread 1 ] WARN  FXGL.TextLevelParser - No producer found for character: 0
10:07:36.766 [FXGL Background Thread 1 ] WARN  FXGL.TextLevelParser - No producer found for character: 0
10:07:36.766 [FXGL Background Thread 1 ] WARN  FXGL.TextLevelParser - No producer found for character: 0
10:07:36.766 [FXGL Background Thread 1 ] WARN  FXGL.TextLevelParser - No producer found for character: 0
10:07:36.766 [FXGL Background Thread 1 ] WARN  FXGL.TextLevelParser - No producer found for character: 0
10:07:36.766 [FXGL Background Thread 1 ] WARN  FXGL.TextLevelParser - No producer found for character: 0
10:07:36.767 [FXGL Background Thread 1 ] DEBUG AssetLoader          - Loading from disk: /assets/textures/bar.png
10:07:36.769 [FXGL Background Thread 1 ] WARN  FXGL.TextLevelParser - No producer found for character: 0
10:07:36.769 [FXGL Background Thread 1 ] WARN  FXGL.TextLevelParser - No producer found for character: 0
10:07:36.769 [FXGL Background Thread 1 ] WARN  FXGL.TextLevelParser - No producer found for character: 0
10:07:36.769 [FXGL Background Thread 1 ] WARN  FXGL.TextLevelParser - No producer found for character: 0
10:07:36.769 [FXGL Background Thread 1 ] WARN  FXGL.TextLevelParser - No producer found for character: 0
10:07:36.770 [FXGL Background Thread 1 ] WARN  FXGL.TextLevelParser - No producer found for character: 0
10:07:36.770 [FXGL Background Thread 1 ] WARN  FXGL.TextLevelParser - No producer found for character: 0
10:07:36.770 [FXGL Background Thread 1 ] WARN  FXGL.TextLevelParser - No producer found for character: 0
10:07:36.770 [FXGL Background Thread 1 ] WARN  FXGL.TextLevelParser - No producer found for character: 0
10:07:36.770 [FXGL Background Thread 1 ] WARN  FXGL.TextLevelParser - No producer found for character: 0
10:07:36.770 [FXGL Background Thread 1 ] WARN  FXGL.TextLevelParser - No producer found for character: 0
10:07:36.770 [FXGL Background Thread 1 ] WARN  FXGL.TextLevelParser - No producer found for character: 0
10:07:36.770 [FXGL Background Thread 1 ] WARN  FXGL.TextLevelParser - No producer found for character: 0
10:07:36.770 [FXGL Background Thread 1 ] WARN  FXGL.TextLevelParser - No producer found for character: 0
10:07:36.770 [FXGL Background Thread 1 ] WARN  FXGL.TextLevelParser - No producer found for character: 0
10:07:36.770 [FXGL Background Thread 1 ] WARN  FXGL.TextLevelParser - No producer found for character: 0
10:07:36.771 [FXGL Background Thread 1 ] WARN  FXGL.TextLevelParser - No producer found for character: 0
10:07:36.771 [FXGL Background Thread 1 ] WARN  FXGL.TextLevelParser - No producer found for character: 0
10:07:36.771 [FXGL Background Thread 1 ] WARN  FXGL.TextLevelParser - No producer found for character: 0
10:07:36.771 [FXGL Background Thread 1 ] WARN  FXGL.TextLevelParser - No producer found for character: 0
10:07:36.771 [FXGL Background Thread 1 ] WARN  FXGL.TextLevelParser - No producer found for character: 0
10:07:36.771 [FXGL Background Thread 1 ] WARN  FXGL.TextLevelParser - No producer found for character: 0
10:07:36.771 [FXGL Background Thread 1 ] WARN  FXGL.TextLevelParser - No producer found for character: 0
10:07:36.771 [FXGL Background Thread 1 ] WARN  FXGL.TextLevelParser - No producer found for character: 0
10:07:36.771 [FXGL Background Thread 1 ] WARN  FXGL.TextLevelParser - No producer found for character: 0
10:07:36.771 [FXGL Background Thread 1 ] WARN  FXGL.TextLevelParser - No producer found for character: 0
10:07:36.772 [FXGL Background Thread 1 ] DEBUG AssetLoader          - Loading from disk: /assets/textures/fire.png
10:07:36.778 [FXGL Background Thread 1 ] WARN  FXGL.TextLevelParser - No producer found for character: 0
10:07:36.780 [FXGL Background Thread 1 ] DEBUG AssetLoader          - Loading from cache: /assets/textures/fire.png@100.0x80.0
10:07:36.781 [FXGL Background Thread 1 ] WARN  FXGL.TextLevelParser - No producer found for character: 0
10:07:36.782 [FXGL Background Thread 1 ] DEBUG AssetLoader          - Loading from cache: /assets/textures/fire.png@100.0x80.0
10:07:36.783 [FXGL Background Thread 1 ] WARN  FXGL.TextLevelParser - No producer found for character: 0
10:07:36.784 [FXGL Background Thread 1 ] DEBUG AssetLoader          - Loading from cache: /assets/textures/fire.png@100.0x80.0
10:07:36.785 [FXGL Background Thread 1 ] WARN  FXGL.TextLevelParser - No producer found for character: 0
10:07:36.786 [FXGL Background Thread 1 ] DEBUG AssetLoader          - Loading from cache: /assets/textures/fire.png@100.0x80.0
10:07:36.787 [FXGL Background Thread 1 ] WARN  FXGL.TextLevelParser - No producer found for character: 0
10:07:36.788 [FXGL Background Thread 1 ] DEBUG AssetLoader          - Loading from cache: /assets/textures/fire.png@100.0x80.0
10:07:36.789 [FXGL Background Thread 1 ] WARN  FXGL.TextLevelParser - No producer found for character: 0
10:07:36.789 [FXGL Background Thread 1 ] DEBUG AssetLoader          - Loading from cache: /assets/textures/fire.png@100.0x80.0
10:07:36.790 [FXGL Background Thread 1 ] WARN  FXGL.TextLevelParser - No producer found for character: 0
10:07:36.790 [FXGL Background Thread 1 ] DEBUG AssetLoader          - Loading from cache: /assets/textures/fire.png@100.0x80.0
10:07:36.790 [FXGL Background Thread 1 ] WARN  FXGL.TextLevelParser - No producer found for character: 0
10:07:36.791 [FXGL Background Thread 1 ] DEBUG AssetLoader          - Loading from cache: /assets/textures/fire.png@100.0x80.0
10:07:36.791 [FXGL Background Thread 1 ] WARN  FXGL.TextLevelParser - No producer found for character: 0
10:07:36.792 [FXGL Background Thread 1 ] DEBUG GameWorld            - Clearing removable entities
10:07:36.792 [FXGL Background Thread 1 ] DEBUG GameWorld            - Setting level: com.almasb.fxgl.entity.Level@78d09c1e
10:07:36.825 [FXGL Background Thread 1 ] DEBUG GameScene            - Creating render group for layer: DEFAULT(100000)
10:07:36.841 [FXGL Background Thread 1 ] DEBUG GameScene            - Creating render group for layer: BACKGROUND(1000)
10:07:36.843 [FXGL Background Thread 1 ] DEBUG InitAppTask          - Initializing Physics
10:07:36.844 [FXGL Background Thread 1 ] DEBUG InitAppTask          - Initializing UI
10:07:36.846 [FXGL Background Thread 1 ] DEBUG InitAppTask          - Initialization Complete
10:07:36.846 [FXGL Background Thread 1 ] INFO  InitAppTask          - Game initialization took: 0,240 sec
10:07:36.850 [JavaFX Application Thread] DEBUG Input                - Clearing active input actions
10:07:36.864 [JavaFX Application Thread] DEBUG AppStateMachine      - LoadingState -> PlayState
10:07:54.596 [JavaFX Application Thread] DEBUG GameApplication      - Exiting game application
10:07:54.597 [JavaFX Application Thread] DEBUG GameApplication      - Shutting down background threads
10:07:54.597 [JavaFX Application Thread] DEBUG GameApplication      - Exiting FXGL
10:07:54.597 [JavaFX Application Thread] DEBUG FXGL                 - Saving FXGL system data
10:07:54.600 [JavaFX Application Thread] DEBUG FS                   - Writing to: system\fxgl.bundle
10:07:54.604 [JavaFX Application Thread] DEBUG GameApplication      - Closing logger and exiting JavaFX
