17:09:33.424 [JavaFX Application Thread] DEBUG GameApplication      - Logger initialized
17:09:33.441 [JavaFX Application Thread] DEBUG MainWindow           - Creating a JavaFX scene
17:09:33.561 [JavaFX Application Thread] DEBUG MainWindow           - Target settings size: 900.0 x 780.0
17:09:33.561 [JavaFX Application Thread] DEBUG MainWindow           - Scaled scene size:    900.0 x 780.0
17:09:33.561 [JavaFX Application Thread] DEBUG MainWindow           - Scaled ratio: (1.0, 1.0)
17:09:33.564 [JavaFX Application Thread] DEBUG GameApplication      - Starting FXGL
17:09:33.587 [FXGL Launcher Thread     ] INFO  FXGL                 - FXGL-0.5.0 on DESKTOP
17:09:33.587 [FXGL Launcher Thread     ] INFO  FXGL                 - Source code and latest versions at: https://github.com/AlmasB/FXGL
17:09:33.587 [FXGL Launcher Thread     ] INFO  FXGL                 -              Join the FXGL chat at: https://gitter.im/AlmasB/FXGL
17:09:33.591 [FXGL Launcher Thread     ] DEBUG FXGL                 - Loading FXGL system data
17:09:33.601 [FXGL Launcher Thread     ] DEBUG FS                   - Reading from: system\fxgl.bundle
17:09:33.614 [FXGL Launcher Thread     ] DEBUG Bundle               - Logging bundle: FXGL
17:09:33.615 [FXGL Launcher Thread     ] DEBUG Bundle               - FXGL.offline.timer.version.check=2019-01-24T08:55:57.713219300
17:09:33.656 [FXGL Launcher Thread     ] DEBUG GameApplication      - FXGL started
17:09:33.657 [FXGL Launcher Thread     ] DEBUG GameApplication      - Logging game settings
Title: Breakout
Version: 0.1
Width: 900
Height: 780
Fullscreen: false
Intro: false
Menus: false
Profiling: false
Single step:false
App Mode: DEVELOPER
Menu Key: ESCAPE
Stage Style: DECORATED
Scene Factory: class com.almasb.fxgl.scene.SceneFactory
Dialog Factory: class com.almasb.fxgl.ui.FXGLDialogFactory
UI Factory: class com.almasb.fxgl.ui.FXGLUIFactory
Notification Service: class com.almasb.fxgl.gameplay.notification.XboxNotificationView
Exception Handler: class com.almasb.fxgl.app.FXGLExceptionHandler
17:09:33.658 [FXGL Launcher Thread     ] DEBUG GameApplication      - Configuring GameApplication
17:09:33.658 [FXGL Launcher Thread     ] DEBUG GameApplication      - Initializing state machine and application states
17:09:33.671 [FXGL Launcher Thread     ] DEBUG AssetLoader          - Loading from disk: /assets/ui/cursors/fxgl_default.png
17:09:33.684 [FXGL Launcher Thread     ] DEBUG AssetLoader          - Loading from disk: /assets/ui/cursors/fxgl_default.png
17:09:33.715 [FXGL Launcher Thread     ] DEBUG FXGLAssets           - Loading FXGLAssets
17:09:33.746 [FXGL Launcher Thread     ] DEBUG AssetLoader          - Loading from disk: /assets/ui/fonts/VarelaRound-Regular.ttf
17:09:33.954 [FXGL Launcher Thread     ] DEBUG AssetLoader          - Loading from disk: /assets/ui/fonts/lucida_console.ttf
17:09:33.959 [FXGL Launcher Thread     ] DEBUG AssetLoader          - Loading from disk: /assets/ui/css/fxgl_dark.css
17:09:33.959 [FXGL Launcher Thread     ] DEBUG AssetLoader          - Loading from disk: /assets/ui/icons/fxgl_icon.png
17:09:34.000 [FXGL Launcher Thread     ] DEBUG AssetLoader          - Loading from disk: /assets/ui/cursors/fxgl_default.png
17:09:34.009 [FXGL Launcher Thread     ] DEBUG AssetLoader          - Loading from disk: /assets/ui/cursors/fxgl_default.png
17:09:34.042 [FXGL Launcher Thread     ] DEBUG GameScene            - Game scene initialized: 900x780
17:09:34.054 [FXGL Launcher Thread     ] DEBUG GameWorld            - Game world initialized
17:09:34.137 [FXGL Launcher Thread     ] DEBUG PhysicsWorld         - Physics world initialized: appHeight=780, physics.ppm=50,0
17:09:34.159 [FXGL Launcher Thread     ] DEBUG Input                - Registered new binding: Pause - Esc
17:09:34.182 [FXGL Launcher Thread     ] DEBUG Input                - Clearing active input actions
17:09:34.232 [FXGL Launcher Thread     ] DEBUG AppStateMachine      - StartupState -> StartupState
17:09:34.240 [FXGL Launcher Thread     ] INFO  GameApplication      - Game configuration took:  0,582 sec
17:09:34.243 [JavaFX Application Thread] DEBUG MainWindow           - Opening main window
17:09:34.345 [JavaFX Application Thread] DEBUG MainWindow           - Window border size: (14.4000244140625, 37.5999755859375)
17:09:34.346 [JavaFX Application Thread] DEBUG MainWindow           - Scaled size: 900.0 x 780.0
17:09:34.346 [JavaFX Application Thread] DEBUG MainWindow           - Scaled ratio: (1.0, 1.0)
17:09:34.346 [JavaFX Application Thread] DEBUG MainWindow           - Scene size: 900.0 x 780.0
17:09:34.346 [JavaFX Application Thread] DEBUG MainWindow           - Stage size: 914.4000244140625 x 817.5999755859375
17:09:34.346 [JavaFX Application Thread] DEBUG GameApplication      - Running preInit()
17:09:34.348 [JavaFX Application Thread] DEBUG Input                - Registered new binding: Screenshot - P
17:09:34.349 [JavaFX Application Thread] DEBUG Input                - Registered new binding: Dev Options - CTRL+0
17:09:34.350 [JavaFX Application Thread] DEBUG Input                - Registered new binding: System info dump - CTRL+9
17:09:34.350 [JavaFX Application Thread] DEBUG Input                - Registered new binding: Restart - CTRL+R
17:09:34.350 [JavaFX Application Thread] DEBUG Input                - Registered new binding: Move Left - A
17:09:34.350 [JavaFX Application Thread] DEBUG Input                - Registered new binding: Move Right - D
17:09:34.369 [JavaFX Application Thread] DEBUG GameApplication      - Starting main loop
17:09:34.372 [JavaFX Application Thread] DEBUG StartupState         - STARTUP
17:09:34.372 [JavaFX Application Thread] DEBUG GameApplication      - Starting new game
17:09:34.373 [JavaFX Application Thread] DEBUG Input                - Clearing active input actions
17:09:34.383 [JavaFX Application Thread] DEBUG AppStateMachine      - StartupState -> LoadingState
17:09:34.388 [FXGL Background Thread 1 ] DEBUG InitAppTask          - Clearing previous game
17:09:34.388 [FXGL Background Thread 1 ] DEBUG GameWorld            - Clearing game world
17:09:34.388 [FXGL Background Thread 1 ] DEBUG PhysicsWorld         - Clearing physics world
17:09:34.388 [FXGL Background Thread 1 ] DEBUG GameScene            - Clearing game scene
17:09:34.389 [FXGL Background Thread 1 ] DEBUG InitAppTask          - Initializing Game
17:09:34.428 [FXGL Background Thread 1 ] DEBUG AssetLoader          - Loading from disk: /assets/text/levels/level1.txt
17:09:34.429 [FXGL Background Thread 1 ] WARN  FXGL.TextLevelParser - No producer found for character: 0
17:09:34.430 [FXGL Background Thread 1 ] WARN  FXGL.TextLevelParser - No producer found for character: 0
17:09:34.430 [FXGL Background Thread 1 ] WARN  FXGL.TextLevelParser - No producer found for character: 0
17:09:34.430 [FXGL Background Thread 1 ] WARN  FXGL.TextLevelParser - No producer found for character: 0
17:09:34.430 [FXGL Background Thread 1 ] WARN  FXGL.TextLevelParser - No producer found for character: 0
17:09:34.430 [FXGL Background Thread 1 ] WARN  FXGL.TextLevelParser - No producer found for character: 0
17:09:34.430 [FXGL Background Thread 1 ] WARN  FXGL.TextLevelParser - No producer found for character: 0
17:09:34.431 [FXGL Background Thread 1 ] WARN  FXGL.TextLevelParser - No producer found for character: 0
17:09:34.432 [FXGL Background Thread 1 ] WARN  FXGL.TextLevelParser - No producer found for character: 0
17:09:34.432 [FXGL Background Thread 1 ] WARN  FXGL.TextLevelParser - No producer found for character: 0
17:09:34.432 [FXGL Background Thread 1 ] WARN  FXGL.TextLevelParser - No producer found for character: 0
17:09:34.432 [FXGL Background Thread 1 ] WARN  FXGL.TextLevelParser - No producer found for character: 0
17:09:34.433 [FXGL Background Thread 1 ] WARN  FXGL.TextLevelParser - No producer found for character: 0
17:09:34.433 [FXGL Background Thread 1 ] WARN  FXGL.TextLevelParser - No producer found for character: 0
17:09:34.433 [FXGL Background Thread 1 ] WARN  FXGL.TextLevelParser - No producer found for character: 0
17:09:34.433 [FXGL Background Thread 1 ] WARN  FXGL.TextLevelParser - No producer found for character: 0
17:09:34.433 [FXGL Background Thread 1 ] WARN  FXGL.TextLevelParser - No producer found for character: 0
17:09:34.433 [FXGL Background Thread 1 ] WARN  FXGL.TextLevelParser - No producer found for character: 0
17:09:34.470 [FXGL Background Thread 1 ] DEBUG AssetLoader          - Loading from disk: /assets/textures/brick1.png
17:09:34.486 [FXGL Background Thread 1 ] WARN  FXGL.TextLevelParser - No producer found for character: 0
17:09:34.487 [FXGL Background Thread 1 ] WARN  FXGL.TextLevelParser - No producer found for character: 0
17:09:34.487 [FXGL Background Thread 1 ] WARN  FXGL.TextLevelParser - No producer found for character: 0
17:09:34.488 [FXGL Background Thread 1 ] WARN  FXGL.TextLevelParser - No producer found for character: 0
17:09:34.489 [FXGL Background Thread 1 ] WARN  FXGL.TextLevelParser - No producer found for character: 0
17:09:34.489 [FXGL Background Thread 1 ] WARN  FXGL.TextLevelParser - No producer found for character: 0
17:09:34.489 [FXGL Background Thread 1 ] WARN  FXGL.TextLevelParser - No producer found for character: 0
17:09:34.490 [FXGL Background Thread 1 ] WARN  FXGL.TextLevelParser - No producer found for character: 0
17:09:34.490 [FXGL Background Thread 1 ] WARN  FXGL.TextLevelParser - No producer found for character: 0
17:09:34.490 [FXGL Background Thread 1 ] WARN  FXGL.TextLevelParser - No producer found for character: 0
17:09:34.490 [FXGL Background Thread 1 ] WARN  FXGL.TextLevelParser - No producer found for character: 0
17:09:34.490 [FXGL Background Thread 1 ] WARN  FXGL.TextLevelParser - No producer found for character: 0
17:09:34.491 [FXGL Background Thread 1 ] WARN  FXGL.TextLevelParser - No producer found for character: 0
17:09:34.491 [FXGL Background Thread 1 ] WARN  FXGL.TextLevelParser - No producer found for character: 0
17:09:34.491 [FXGL Background Thread 1 ] WARN  FXGL.TextLevelParser - No producer found for character: 0
17:09:34.491 [FXGL Background Thread 1 ] WARN  FXGL.TextLevelParser - No producer found for character: 0
17:09:34.492 [FXGL Background Thread 1 ] DEBUG AssetLoader          - Loading from cache: /assets/textures/brick1.png@50.0x24.0
17:09:34.493 [FXGL Background Thread 1 ] WARN  FXGL.TextLevelParser - No producer found for character: 0
17:09:34.494 [FXGL Background Thread 1 ] DEBUG AssetLoader          - Loading from cache: /assets/textures/brick1.png@50.0x24.0
17:09:34.495 [FXGL Background Thread 1 ] WARN  FXGL.TextLevelParser - No producer found for character: 0
17:09:34.496 [FXGL Background Thread 1 ] WARN  FXGL.TextLevelParser - No producer found for character: 0
17:09:34.496 [FXGL Background Thread 1 ] WARN  FXGL.TextLevelParser - No producer found for character: 0
17:09:34.496 [FXGL Background Thread 1 ] WARN  FXGL.TextLevelParser - No producer found for character: 0
17:09:34.496 [FXGL Background Thread 1 ] WARN  FXGL.TextLevelParser - No producer found for character: 0
17:09:34.496 [FXGL Background Thread 1 ] WARN  FXGL.TextLevelParser - No producer found for character: 0
17:09:34.497 [FXGL Background Thread 1 ] DEBUG AssetLoader          - Loading from cache: /assets/textures/brick1.png@50.0x24.0
17:09:34.498 [FXGL Background Thread 1 ] DEBUG AssetLoader          - Loading from cache: /assets/textures/brick1.png@50.0x24.0
17:09:34.499 [FXGL Background Thread 1 ] WARN  FXGL.TextLevelParser - No producer found for character: 0
17:09:34.500 [FXGL Background Thread 1 ] WARN  FXGL.TextLevelParser - No producer found for character: 0
17:09:34.500 [FXGL Background Thread 1 ] WARN  FXGL.TextLevelParser - No producer found for character: 0
17:09:34.500 [FXGL Background Thread 1 ] WARN  FXGL.TextLevelParser - No producer found for character: 0
17:09:34.500 [FXGL Background Thread 1 ] WARN  FXGL.TextLevelParser - No producer found for character: 0
17:09:34.500 [FXGL Background Thread 1 ] WARN  FXGL.TextLevelParser - No producer found for character: 0
17:09:34.501 [FXGL Background Thread 1 ] DEBUG AssetLoader          - Loading from cache: /assets/textures/brick1.png@50.0x24.0
17:09:34.502 [FXGL Background Thread 1 ] WARN  FXGL.TextLevelParser - No producer found for character: 0
17:09:34.502 [FXGL Background Thread 1 ] WARN  FXGL.TextLevelParser - No producer found for character: 0
17:09:34.502 [FXGL Background Thread 1 ] WARN  FXGL.TextLevelParser - No producer found for character: 0
17:09:34.504 [FXGL Background Thread 1 ] DEBUG AssetLoader          - Loading from cache: /assets/textures/brick1.png@50.0x24.0
17:09:34.505 [FXGL Background Thread 1 ] WARN  FXGL.TextLevelParser - No producer found for character: 0
17:09:34.505 [FXGL Background Thread 1 ] WARN  FXGL.TextLevelParser - No producer found for character: 0
17:09:34.505 [FXGL Background Thread 1 ] WARN  FXGL.TextLevelParser - No producer found for character: 0
17:09:34.505 [FXGL Background Thread 1 ] WARN  FXGL.TextLevelParser - No producer found for character: 0
17:09:34.506 [FXGL Background Thread 1 ] DEBUG AssetLoader          - Loading from cache: /assets/textures/brick1.png@50.0x24.0
17:09:34.508 [FXGL Background Thread 1 ] DEBUG AssetLoader          - Loading from cache: /assets/textures/brick1.png@50.0x24.0
17:09:34.509 [FXGL Background Thread 1 ] DEBUG AssetLoader          - Loading from cache: /assets/textures/brick1.png@50.0x24.0
17:09:34.510 [FXGL Background Thread 1 ] DEBUG AssetLoader          - Loading from cache: /assets/textures/brick1.png@50.0x24.0
17:09:34.511 [FXGL Background Thread 1 ] WARN  FXGL.TextLevelParser - No producer found for character: 0
17:09:34.511 [FXGL Background Thread 1 ] WARN  FXGL.TextLevelParser - No producer found for character: 0
17:09:34.512 [FXGL Background Thread 1 ] WARN  FXGL.TextLevelParser - No producer found for character: 0
17:09:34.512 [FXGL Background Thread 1 ] WARN  FXGL.TextLevelParser - No producer found for character: 0
17:09:34.512 [FXGL Background Thread 1 ] DEBUG AssetLoader          - Loading from cache: /assets/textures/brick1.png@50.0x24.0
17:09:34.513 [FXGL Background Thread 1 ] WARN  FXGL.TextLevelParser - No producer found for character: 0
17:09:34.513 [FXGL Background Thread 1 ] WARN  FXGL.TextLevelParser - No producer found for character: 0
17:09:34.514 [FXGL Background Thread 1 ] WARN  FXGL.TextLevelParser - No producer found for character: 0
17:09:34.514 [FXGL Background Thread 1 ] WARN  FXGL.TextLevelParser - No producer found for character: 0
17:09:34.514 [FXGL Background Thread 1 ] WARN  FXGL.TextLevelParser - No producer found for character: 0
17:09:34.515 [FXGL Background Thread 1 ] DEBUG AssetLoader          - Loading from cache: /assets/textures/brick1.png@50.0x24.0
17:09:34.516 [FXGL Background Thread 1 ] WARN  FXGL.TextLevelParser - No producer found for character: 0
17:09:34.516 [FXGL Background Thread 1 ] DEBUG AssetLoader          - Loading from cache: /assets/textures/brick1.png@50.0x24.0
17:09:34.518 [FXGL Background Thread 1 ] DEBUG AssetLoader          - Loading from cache: /assets/textures/brick1.png@50.0x24.0
17:09:34.521 [FXGL Background Thread 1 ] DEBUG AssetLoader          - Loading from cache: /assets/textures/brick1.png@50.0x24.0
17:09:34.523 [FXGL Background Thread 1 ] DEBUG AssetLoader          - Loading from cache: /assets/textures/brick1.png@50.0x24.0
17:09:34.524 [FXGL Background Thread 1 ] DEBUG AssetLoader          - Loading from cache: /assets/textures/brick1.png@50.0x24.0
17:09:34.525 [FXGL Background Thread 1 ] DEBUG AssetLoader          - Loading from cache: /assets/textures/brick1.png@50.0x24.0
17:09:34.525 [FXGL Background Thread 1 ] DEBUG AssetLoader          - Loading from cache: /assets/textures/brick1.png@50.0x24.0
17:09:34.526 [FXGL Background Thread 1 ] DEBUG AssetLoader          - Loading from cache: /assets/textures/brick1.png@50.0x24.0
17:09:34.527 [FXGL Background Thread 1 ] WARN  FXGL.TextLevelParser - No producer found for character: 0
17:09:34.527 [FXGL Background Thread 1 ] DEBUG AssetLoader          - Loading from cache: /assets/textures/brick1.png@50.0x24.0
17:09:34.528 [FXGL Background Thread 1 ] WARN  FXGL.TextLevelParser - No producer found for character: 0
17:09:34.528 [FXGL Background Thread 1 ] WARN  FXGL.TextLevelParser - No producer found for character: 0
17:09:34.528 [FXGL Background Thread 1 ] WARN  FXGL.TextLevelParser - No producer found for character: 0
17:09:34.528 [FXGL Background Thread 1 ] WARN  FXGL.TextLevelParser - No producer found for character: 0
17:09:34.528 [FXGL Background Thread 1 ] WARN  FXGL.TextLevelParser - No producer found for character: 0
17:09:34.528 [FXGL Background Thread 1 ] WARN  FXGL.TextLevelParser - No producer found for character: 0
17:09:34.529 [FXGL Background Thread 1 ] WARN  FXGL.TextLevelParser - No producer found for character: 0
17:09:34.529 [FXGL Background Thread 1 ] DEBUG AssetLoader          - Loading from cache: /assets/textures/brick1.png@50.0x24.0
17:09:34.530 [FXGL Background Thread 1 ] WARN  FXGL.TextLevelParser - No producer found for character: 0
17:09:34.530 [FXGL Background Thread 1 ] WARN  FXGL.TextLevelParser - No producer found for character: 0
17:09:34.530 [FXGL Background Thread 1 ] WARN  FXGL.TextLevelParser - No producer found for character: 0
17:09:34.530 [FXGL Background Thread 1 ] WARN  FXGL.TextLevelParser - No producer found for character: 0
17:09:34.530 [FXGL Background Thread 1 ] WARN  FXGL.TextLevelParser - No producer found for character: 0
17:09:34.531 [FXGL Background Thread 1 ] WARN  FXGL.TextLevelParser - No producer found for character: 0
17:09:34.531 [FXGL Background Thread 1 ] WARN  FXGL.TextLevelParser - No producer found for character: 0
17:09:34.531 [FXGL Background Thread 1 ] WARN  FXGL.TextLevelParser - No producer found for character: 0
17:09:34.532 [FXGL Background Thread 1 ] DEBUG AssetLoader          - Loading from cache: /assets/textures/brick1.png@50.0x24.0
17:09:34.532 [FXGL Background Thread 1 ] WARN  FXGL.TextLevelParser - No producer found for character: 0
17:09:34.533 [FXGL Background Thread 1 ] WARN  FXGL.TextLevelParser - No producer found for character: 0
17:09:34.533 [FXGL Background Thread 1 ] WARN  FXGL.TextLevelParser - No producer found for character: 0
17:09:34.533 [FXGL Background Thread 1 ] WARN  FXGL.TextLevelParser - No producer found for character: 0
17:09:34.533 [FXGL Background Thread 1 ] WARN  FXGL.TextLevelParser - No producer found for character: 0
17:09:34.533 [FXGL Background Thread 1 ] WARN  FXGL.TextLevelParser - No producer found for character: 0
17:09:34.534 [FXGL Background Thread 1 ] WARN  FXGL.TextLevelParser - No producer found for character: 0
17:09:34.534 [FXGL Background Thread 1 ] WARN  FXGL.TextLevelParser - No producer found for character: 0
17:09:34.534 [FXGL Background Thread 1 ] WARN  FXGL.TextLevelParser - No producer found for character: 0
17:09:34.534 [FXGL Background Thread 1 ] DEBUG AssetLoader          - Loading from cache: /assets/textures/brick1.png@50.0x24.0
17:09:34.537 [FXGL Background Thread 1 ] DEBUG AssetLoader          - Loading from cache: /assets/textures/brick1.png@50.0x24.0
17:09:34.539 [FXGL Background Thread 1 ] DEBUG AssetLoader          - Loading from cache: /assets/textures/brick1.png@50.0x24.0
17:09:34.540 [FXGL Background Thread 1 ] DEBUG AssetLoader          - Loading from cache: /assets/textures/brick1.png@50.0x24.0
17:09:34.541 [FXGL Background Thread 1 ] DEBUG AssetLoader          - Loading from cache: /assets/textures/brick1.png@50.0x24.0
17:09:34.542 [FXGL Background Thread 1 ] DEBUG AssetLoader          - Loading from cache: /assets/textures/brick1.png@50.0x24.0
17:09:34.543 [FXGL Background Thread 1 ] DEBUG AssetLoader          - Loading from cache: /assets/textures/brick1.png@50.0x24.0
17:09:34.545 [FXGL Background Thread 1 ] DEBUG AssetLoader          - Loading from cache: /assets/textures/brick1.png@50.0x24.0
17:09:34.545 [FXGL Background Thread 1 ] WARN  FXGL.TextLevelParser - No producer found for character: 0
17:09:34.545 [FXGL Background Thread 1 ] WARN  FXGL.TextLevelParser - No producer found for character: 0
17:09:34.545 [FXGL Background Thread 1 ] WARN  FXGL.TextLevelParser - No producer found for character: 0
17:09:34.546 [FXGL Background Thread 1 ] WARN  FXGL.TextLevelParser - No producer found for character: 0
17:09:34.546 [FXGL Background Thread 1 ] WARN  FXGL.TextLevelParser - No producer found for character: 0
17:09:34.546 [FXGL Background Thread 1 ] WARN  FXGL.TextLevelParser - No producer found for character: 0
17:09:34.546 [FXGL Background Thread 1 ] WARN  FXGL.TextLevelParser - No producer found for character: 0
17:09:34.546 [FXGL Background Thread 1 ] WARN  FXGL.TextLevelParser - No producer found for character: 0
17:09:34.546 [FXGL Background Thread 1 ] WARN  FXGL.TextLevelParser - No producer found for character: 0
17:09:34.546 [FXGL Background Thread 1 ] WARN  FXGL.TextLevelParser - No producer found for character: 0
17:09:34.546 [FXGL Background Thread 1 ] WARN  FXGL.TextLevelParser - No producer found for character: 0
17:09:34.546 [FXGL Background Thread 1 ] WARN  FXGL.TextLevelParser - No producer found for character: 0
17:09:34.546 [FXGL Background Thread 1 ] WARN  FXGL.TextLevelParser - No producer found for character: 0
17:09:34.546 [FXGL Background Thread 1 ] WARN  FXGL.TextLevelParser - No producer found for character: 0
17:09:34.546 [FXGL Background Thread 1 ] WARN  FXGL.TextLevelParser - No producer found for character: 0
17:09:34.546 [FXGL Background Thread 1 ] WARN  FXGL.TextLevelParser - No producer found for character: 0
17:09:34.546 [FXGL Background Thread 1 ] WARN  FXGL.TextLevelParser - No producer found for character: 0
17:09:34.547 [FXGL Background Thread 1 ] WARN  FXGL.TextLevelParser - No producer found for character: 0
17:09:34.547 [FXGL Background Thread 1 ] WARN  FXGL.TextLevelParser - No producer found for character: 0
17:09:34.547 [FXGL Background Thread 1 ] WARN  FXGL.TextLevelParser - No producer found for character: 0
17:09:34.547 [FXGL Background Thread 1 ] WARN  FXGL.TextLevelParser - No producer found for character: 0
17:09:34.547 [FXGL Background Thread 1 ] WARN  FXGL.TextLevelParser - No producer found for character: 0
17:09:34.547 [FXGL Background Thread 1 ] WARN  FXGL.TextLevelParser - No producer found for character: 0
17:09:34.547 [FXGL Background Thread 1 ] WARN  FXGL.TextLevelParser - No producer found for character: 0
17:09:34.547 [FXGL Background Thread 1 ] WARN  FXGL.TextLevelParser - No producer found for character: 0
17:09:34.547 [FXGL Background Thread 1 ] WARN  FXGL.TextLevelParser - No producer found for character: 0
17:09:34.548 [FXGL Background Thread 1 ] WARN  FXGL.TextLevelParser - No producer found for character: 0
17:09:34.548 [FXGL Background Thread 1 ] WARN  FXGL.TextLevelParser - No producer found for character: 0
17:09:34.548 [FXGL Background Thread 1 ] WARN  FXGL.TextLevelParser - No producer found for character: 0
17:09:34.548 [FXGL Background Thread 1 ] WARN  FXGL.TextLevelParser - No producer found for character: 0
17:09:34.548 [FXGL Background Thread 1 ] WARN  FXGL.TextLevelParser - No producer found for character: 0
17:09:34.548 [FXGL Background Thread 1 ] WARN  FXGL.TextLevelParser - No producer found for character: 0
17:09:34.548 [FXGL Background Thread 1 ] WARN  FXGL.TextLevelParser - No producer found for character: 0
17:09:34.548 [FXGL Background Thread 1 ] WARN  FXGL.TextLevelParser - No producer found for character: 0
17:09:34.549 [FXGL Background Thread 1 ] WARN  FXGL.TextLevelParser - No producer found for character: 0
17:09:34.549 [FXGL Background Thread 1 ] WARN  FXGL.TextLevelParser - No producer found for character: 0
17:09:34.549 [FXGL Background Thread 1 ] WARN  FXGL.TextLevelParser - No producer found for character: 0
17:09:34.549 [FXGL Background Thread 1 ] WARN  FXGL.TextLevelParser - No producer found for character: 0
17:09:34.549 [FXGL Background Thread 1 ] WARN  FXGL.TextLevelParser - No producer found for character: 0
17:09:34.550 [FXGL Background Thread 1 ] WARN  FXGL.TextLevelParser - No producer found for character: 0
17:09:34.550 [FXGL Background Thread 1 ] WARN  FXGL.TextLevelParser - No producer found for character: 0
17:09:34.550 [FXGL Background Thread 1 ] WARN  FXGL.TextLevelParser - No producer found for character: 0
17:09:34.550 [FXGL Background Thread 1 ] WARN  FXGL.TextLevelParser - No producer found for character: 0
17:09:34.550 [FXGL Background Thread 1 ] WARN  FXGL.TextLevelParser - No producer found for character: 0
17:09:34.550 [FXGL Background Thread 1 ] WARN  FXGL.TextLevelParser - No producer found for character: 0
17:09:34.551 [FXGL Background Thread 1 ] WARN  FXGL.TextLevelParser - No producer found for character: 0
17:09:34.551 [FXGL Background Thread 1 ] WARN  FXGL.TextLevelParser - No producer found for character: 0
17:09:34.551 [FXGL Background Thread 1 ] WARN  FXGL.TextLevelParser - No producer found for character: 0
17:09:34.551 [FXGL Background Thread 1 ] WARN  FXGL.TextLevelParser - No producer found for character: 0
17:09:34.551 [FXGL Background Thread 1 ] WARN  FXGL.TextLevelParser - No producer found for character: 0
17:09:34.551 [FXGL Background Thread 1 ] WARN  FXGL.TextLevelParser - No producer found for character: 0
17:09:34.551 [FXGL Background Thread 1 ] WARN  FXGL.TextLevelParser - No producer found for character: 0
17:09:34.552 [FXGL Background Thread 1 ] WARN  FXGL.TextLevelParser - No producer found for character: 0
17:09:34.552 [FXGL Background Thread 1 ] WARN  FXGL.TextLevelParser - No producer found for character: 0
17:09:34.552 [FXGL Background Thread 1 ] WARN  FXGL.TextLevelParser - No producer found for character: 0
17:09:34.552 [FXGL Background Thread 1 ] WARN  FXGL.TextLevelParser - No producer found for character: 0
17:09:34.552 [FXGL Background Thread 1 ] WARN  FXGL.TextLevelParser - No producer found for character: 0
17:09:34.552 [FXGL Background Thread 1 ] WARN  FXGL.TextLevelParser - No producer found for character: 0
17:09:34.553 [FXGL Background Thread 1 ] WARN  FXGL.TextLevelParser - No producer found for character: 0
17:09:34.553 [FXGL Background Thread 1 ] WARN  FXGL.TextLevelParser - No producer found for character: 0
17:09:34.553 [FXGL Background Thread 1 ] WARN  FXGL.TextLevelParser - No producer found for character: 0
17:09:34.553 [FXGL Background Thread 1 ] WARN  FXGL.TextLevelParser - No producer found for character: 0
17:09:34.553 [FXGL Background Thread 1 ] WARN  FXGL.TextLevelParser - No producer found for character: 0
17:09:34.553 [FXGL Background Thread 1 ] WARN  FXGL.TextLevelParser - No producer found for character: 0
17:09:34.554 [FXGL Background Thread 1 ] WARN  FXGL.TextLevelParser - No producer found for character: 0
17:09:34.554 [FXGL Background Thread 1 ] WARN  FXGL.TextLevelParser - No producer found for character: 0
17:09:34.554 [FXGL Background Thread 1 ] WARN  FXGL.TextLevelParser - No producer found for character: 0
17:09:34.554 [FXGL Background Thread 1 ] WARN  FXGL.TextLevelParser - No producer found for character: 0
17:09:34.554 [FXGL Background Thread 1 ] WARN  FXGL.TextLevelParser - No producer found for character: 0
17:09:34.554 [FXGL Background Thread 1 ] WARN  FXGL.TextLevelParser - No producer found for character: 0
17:09:34.554 [FXGL Background Thread 1 ] WARN  FXGL.TextLevelParser - No producer found for character: 0
17:09:34.555 [FXGL Background Thread 1 ] WARN  FXGL.TextLevelParser - No producer found for character: 0
17:09:34.555 [FXGL Background Thread 1 ] WARN  FXGL.TextLevelParser - No producer found for character: 0
17:09:34.555 [FXGL Background Thread 1 ] WARN  FXGL.TextLevelParser - No producer found for character: 0
17:09:34.555 [FXGL Background Thread 1 ] WARN  FXGL.TextLevelParser - No producer found for character: 0
17:09:34.555 [FXGL Background Thread 1 ] WARN  FXGL.TextLevelParser - No producer found for character: 0
17:09:34.556 [FXGL Background Thread 1 ] WARN  FXGL.TextLevelParser - No producer found for character: 0
17:09:34.556 [FXGL Background Thread 1 ] WARN  FXGL.TextLevelParser - No producer found for character: 0
17:09:34.557 [FXGL Background Thread 1 ] WARN  FXGL.TextLevelParser - No producer found for character: 0
17:09:34.557 [FXGL Background Thread 1 ] WARN  FXGL.TextLevelParser - No producer found for character: 0
17:09:34.557 [FXGL Background Thread 1 ] WARN  FXGL.TextLevelParser - No producer found for character: 0
17:09:34.557 [FXGL Background Thread 1 ] WARN  FXGL.TextLevelParser - No producer found for character: 0
17:09:34.557 [FXGL Background Thread 1 ] WARN  FXGL.TextLevelParser - No producer found for character: 0
17:09:34.557 [FXGL Background Thread 1 ] WARN  FXGL.TextLevelParser - No producer found for character: 0
17:09:34.557 [FXGL Background Thread 1 ] WARN  FXGL.TextLevelParser - No producer found for character: 0
17:09:34.557 [FXGL Background Thread 1 ] WARN  FXGL.TextLevelParser - No producer found for character: 0
17:09:34.558 [FXGL Background Thread 1 ] WARN  FXGL.TextLevelParser - No producer found for character: 0
17:09:34.558 [FXGL Background Thread 1 ] WARN  FXGL.TextLevelParser - No producer found for character: 0
17:09:34.558 [FXGL Background Thread 1 ] WARN  FXGL.TextLevelParser - No producer found for character: 0
17:09:34.558 [FXGL Background Thread 1 ] WARN  FXGL.TextLevelParser - No producer found for character: 0
17:09:34.558 [FXGL Background Thread 1 ] WARN  FXGL.TextLevelParser - No producer found for character: 0
17:09:34.558 [FXGL Background Thread 1 ] WARN  FXGL.TextLevelParser - No producer found for character: 0
17:09:34.558 [FXGL Background Thread 1 ] WARN  FXGL.TextLevelParser - No producer found for character: 0
17:09:34.558 [FXGL Background Thread 1 ] WARN  FXGL.TextLevelParser - No producer found for character: 0
17:09:34.558 [FXGL Background Thread 1 ] WARN  FXGL.TextLevelParser - No producer found for character: 0
17:09:34.559 [FXGL Background Thread 1 ] WARN  FXGL.TextLevelParser - No producer found for character: 0
17:09:34.559 [FXGL Background Thread 1 ] WARN  FXGL.TextLevelParser - No producer found for character: 0
17:09:34.559 [FXGL Background Thread 1 ] WARN  FXGL.TextLevelParser - No producer found for character: 0
17:09:34.559 [FXGL Background Thread 1 ] WARN  FXGL.TextLevelParser - No producer found for character: 0
17:09:34.559 [FXGL Background Thread 1 ] WARN  FXGL.TextLevelParser - No producer found for character: 0
17:09:34.559 [FXGL Background Thread 1 ] WARN  FXGL.TextLevelParser - No producer found for character: 0
17:09:34.559 [FXGL Background Thread 1 ] WARN  FXGL.TextLevelParser - No producer found for character: 0
17:09:34.559 [FXGL Background Thread 1 ] WARN  FXGL.TextLevelParser - No producer found for character: 0
17:09:34.559 [FXGL Background Thread 1 ] WARN  FXGL.TextLevelParser - No producer found for character: 0
17:09:34.560 [FXGL Background Thread 1 ] WARN  FXGL.TextLevelParser - No producer found for character: 0
17:09:34.560 [FXGL Background Thread 1 ] WARN  FXGL.TextLevelParser - No producer found for character: 0
17:09:34.560 [FXGL Background Thread 1 ] WARN  FXGL.TextLevelParser - No producer found for character: 0
17:09:34.560 [FXGL Background Thread 1 ] WARN  FXGL.TextLevelParser - No producer found for character: 0
17:09:34.560 [FXGL Background Thread 1 ] WARN  FXGL.TextLevelParser - No producer found for character: 0
17:09:34.560 [FXGL Background Thread 1 ] WARN  FXGL.TextLevelParser - No producer found for character: 0
17:09:34.560 [FXGL Background Thread 1 ] WARN  FXGL.TextLevelParser - No producer found for character: 0
17:09:34.560 [FXGL Background Thread 1 ] WARN  FXGL.TextLevelParser - No producer found for character: 0
17:09:34.560 [FXGL Background Thread 1 ] WARN  FXGL.TextLevelParser - No producer found for character: 0
17:09:34.560 [FXGL Background Thread 1 ] WARN  FXGL.TextLevelParser - No producer found for character: 0
17:09:34.561 [FXGL Background Thread 1 ] WARN  FXGL.TextLevelParser - No producer found for character: 0
17:09:34.561 [FXGL Background Thread 1 ] WARN  FXGL.TextLevelParser - No producer found for character: 0
17:09:34.561 [FXGL Background Thread 1 ] WARN  FXGL.TextLevelParser - No producer found for character: 0
17:09:34.561 [FXGL Background Thread 1 ] WARN  FXGL.TextLevelParser - No producer found for character: 0
17:09:34.561 [FXGL Background Thread 1 ] WARN  FXGL.TextLevelParser - No producer found for character: 0
17:09:34.561 [FXGL Background Thread 1 ] WARN  FXGL.TextLevelParser - No producer found for character: 0
17:09:34.561 [FXGL Background Thread 1 ] WARN  FXGL.TextLevelParser - No producer found for character: 0
17:09:34.561 [FXGL Background Thread 1 ] WARN  FXGL.TextLevelParser - No producer found for character: 0
17:09:34.561 [FXGL Background Thread 1 ] WARN  FXGL.TextLevelParser - No producer found for character: 0
17:09:34.561 [FXGL Background Thread 1 ] WARN  FXGL.TextLevelParser - No producer found for character: 0
17:09:34.562 [FXGL Background Thread 1 ] WARN  FXGL.TextLevelParser - No producer found for character: 0
17:09:34.562 [FXGL Background Thread 1 ] WARN  FXGL.TextLevelParser - No producer found for character: 0
17:09:34.562 [FXGL Background Thread 1 ] WARN  FXGL.TextLevelParser - No producer found for character: 0
17:09:34.562 [FXGL Background Thread 1 ] WARN  FXGL.TextLevelParser - No producer found for character: 0
17:09:34.562 [FXGL Background Thread 1 ] WARN  FXGL.TextLevelParser - No producer found for character: 0
17:09:34.562 [FXGL Background Thread 1 ] WARN  FXGL.TextLevelParser - No producer found for character: 0
17:09:34.562 [FXGL Background Thread 1 ] WARN  FXGL.TextLevelParser - No producer found for character: 0
17:09:34.562 [FXGL Background Thread 1 ] WARN  FXGL.TextLevelParser - No producer found for character: 0
17:09:34.562 [FXGL Background Thread 1 ] WARN  FXGL.TextLevelParser - No producer found for character: 0
17:09:34.562 [FXGL Background Thread 1 ] WARN  FXGL.TextLevelParser - No producer found for character: 0
17:09:34.563 [FXGL Background Thread 1 ] WARN  FXGL.TextLevelParser - No producer found for character: 0
17:09:34.563 [FXGL Background Thread 1 ] WARN  FXGL.TextLevelParser - No producer found for character: 0
17:09:34.563 [FXGL Background Thread 1 ] WARN  FXGL.TextLevelParser - No producer found for character: 0
17:09:34.563 [FXGL Background Thread 1 ] WARN  FXGL.TextLevelParser - No producer found for character: 0
17:09:34.563 [FXGL Background Thread 1 ] WARN  FXGL.TextLevelParser - No producer found for character: 0
17:09:34.563 [FXGL Background Thread 1 ] WARN  FXGL.TextLevelParser - No producer found for character: 0
17:09:34.570 [FXGL Background Thread 1 ] WARN  FXGL.TextLevelParser - No producer found for character: 0
17:09:34.571 [FXGL Background Thread 1 ] WARN  FXGL.TextLevelParser - No producer found for character: 0
17:09:34.571 [FXGL Background Thread 1 ] WARN  FXGL.TextLevelParser - No producer found for character: 0
17:09:34.571 [FXGL Background Thread 1 ] WARN  FXGL.TextLevelParser - No producer found for character: 0
17:09:34.571 [FXGL Background Thread 1 ] WARN  FXGL.TextLevelParser - No producer found for character: 0
17:09:34.571 [FXGL Background Thread 1 ] WARN  FXGL.TextLevelParser - No producer found for character: 0
17:09:34.572 [FXGL Background Thread 1 ] WARN  FXGL.TextLevelParser - No producer found for character: 0
17:09:34.572 [FXGL Background Thread 1 ] WARN  FXGL.TextLevelParser - No producer found for character: 0
17:09:34.572 [FXGL Background Thread 1 ] WARN  FXGL.TextLevelParser - No producer found for character: 0
17:09:34.572 [FXGL Background Thread 1 ] WARN  FXGL.TextLevelParser - No producer found for character: 0
17:09:34.572 [FXGL Background Thread 1 ] WARN  FXGL.TextLevelParser - No producer found for character: 0
17:09:34.572 [FXGL Background Thread 1 ] WARN  FXGL.TextLevelParser - No producer found for character: 0
17:09:34.572 [FXGL Background Thread 1 ] WARN  FXGL.TextLevelParser - No producer found for character: 0
17:09:34.572 [FXGL Background Thread 1 ] WARN  FXGL.TextLevelParser - No producer found for character: 0
17:09:34.572 [FXGL Background Thread 1 ] WARN  FXGL.TextLevelParser - No producer found for character: 0
17:09:34.573 [FXGL Background Thread 1 ] WARN  FXGL.TextLevelParser - No producer found for character: 0
17:09:34.573 [FXGL Background Thread 1 ] WARN  FXGL.TextLevelParser - No producer found for character: 0
17:09:34.574 [FXGL Background Thread 1 ] DEBUG AssetLoader          - Loading from disk: /assets/textures/bar.png
17:09:34.576 [FXGL Background Thread 1 ] WARN  FXGL.TextLevelParser - No producer found for character: 0
17:09:34.576 [FXGL Background Thread 1 ] WARN  FXGL.TextLevelParser - No producer found for character: 0
17:09:34.576 [FXGL Background Thread 1 ] WARN  FXGL.TextLevelParser - No producer found for character: 0
17:09:34.576 [FXGL Background Thread 1 ] WARN  FXGL.TextLevelParser - No producer found for character: 0
17:09:34.576 [FXGL Background Thread 1 ] WARN  FXGL.TextLevelParser - No producer found for character: 0
17:09:34.576 [FXGL Background Thread 1 ] WARN  FXGL.TextLevelParser - No producer found for character: 0
17:09:34.577 [FXGL Background Thread 1 ] WARN  FXGL.TextLevelParser - No producer found for character: 0
17:09:34.577 [FXGL Background Thread 1 ] WARN  FXGL.TextLevelParser - No producer found for character: 0
17:09:34.577 [FXGL Background Thread 1 ] WARN  FXGL.TextLevelParser - No producer found for character: 0
17:09:34.577 [FXGL Background Thread 1 ] WARN  FXGL.TextLevelParser - No producer found for character: 0
17:09:34.577 [FXGL Background Thread 1 ] WARN  FXGL.TextLevelParser - No producer found for character: 0
17:09:34.577 [FXGL Background Thread 1 ] WARN  FXGL.TextLevelParser - No producer found for character: 0
17:09:34.577 [FXGL Background Thread 1 ] WARN  FXGL.TextLevelParser - No producer found for character: 0
17:09:34.577 [FXGL Background Thread 1 ] WARN  FXGL.TextLevelParser - No producer found for character: 0
17:09:34.577 [FXGL Background Thread 1 ] WARN  FXGL.TextLevelParser - No producer found for character: 0
17:09:34.577 [FXGL Background Thread 1 ] WARN  FXGL.TextLevelParser - No producer found for character: 0
17:09:34.578 [FXGL Background Thread 1 ] WARN  FXGL.TextLevelParser - No producer found for character: 0
17:09:34.578 [FXGL Background Thread 1 ] WARN  FXGL.TextLevelParser - No producer found for character: 0
17:09:34.578 [FXGL Background Thread 1 ] WARN  FXGL.TextLevelParser - No producer found for character: 0
17:09:34.578 [FXGL Background Thread 1 ] WARN  FXGL.TextLevelParser - No producer found for character: 0
17:09:34.578 [FXGL Background Thread 1 ] WARN  FXGL.TextLevelParser - No producer found for character: 0
17:09:34.578 [FXGL Background Thread 1 ] WARN  FXGL.TextLevelParser - No producer found for character: 0
17:09:34.578 [FXGL Background Thread 1 ] WARN  FXGL.TextLevelParser - No producer found for character: 0
17:09:34.578 [FXGL Background Thread 1 ] WARN  FXGL.TextLevelParser - No producer found for character: 0
17:09:34.578 [FXGL Background Thread 1 ] WARN  FXGL.TextLevelParser - No producer found for character: 0
17:09:34.578 [FXGL Background Thread 1 ] WARN  FXGL.TextLevelParser - No producer found for character: 0
17:09:34.578 [FXGL Background Thread 1 ] WARN  FXGL.TextLevelParser - No producer found for character: 0
17:09:34.578 [FXGL Background Thread 1 ] WARN  FXGL.TextLevelParser - No producer found for character: 0
17:09:34.578 [FXGL Background Thread 1 ] WARN  FXGL.TextLevelParser - No producer found for character: 0
17:09:34.579 [FXGL Background Thread 1 ] WARN  FXGL.TextLevelParser - No producer found for character: 0
17:09:34.579 [FXGL Background Thread 1 ] WARN  FXGL.TextLevelParser - No producer found for character: 0
17:09:34.579 [FXGL Background Thread 1 ] WARN  FXGL.TextLevelParser - No producer found for character: 0
17:09:34.579 [FXGL Background Thread 1 ] WARN  FXGL.TextLevelParser - No producer found for character: 0
17:09:34.579 [FXGL Background Thread 1 ] WARN  FXGL.TextLevelParser - No producer found for character: 0
17:09:34.579 [FXGL Background Thread 1 ] WARN  FXGL.TextLevelParser - No producer found for character: 0
17:09:34.579 [FXGL Background Thread 1 ] WARN  FXGL.TextLevelParser - No producer found for character: 0
17:09:34.579 [FXGL Background Thread 1 ] WARN  FXGL.TextLevelParser - No producer found for character: 0
17:09:34.579 [FXGL Background Thread 1 ] WARN  FXGL.TextLevelParser - No producer found for character: 0
17:09:34.579 [FXGL Background Thread 1 ] WARN  FXGL.TextLevelParser - No producer found for character: 0
17:09:34.579 [FXGL Background Thread 1 ] WARN  FXGL.TextLevelParser - No producer found for character: 0
17:09:34.579 [FXGL Background Thread 1 ] WARN  FXGL.TextLevelParser - No producer found for character: 0
17:09:34.580 [FXGL Background Thread 1 ] WARN  FXGL.TextLevelParser - No producer found for character: 0
17:09:34.580 [FXGL Background Thread 1 ] WARN  FXGL.TextLevelParser - No producer found for character: 0
17:09:34.580 [FXGL Background Thread 1 ] WARN  FXGL.TextLevelParser - No producer found for character: 0
17:09:34.580 [FXGL Background Thread 1 ] DEBUG AssetLoader          - Loading from disk: /assets/textures/fire.png
17:09:34.590 [FXGL Background Thread 1 ] WARN  FXGL.TextLevelParser - No producer found for character: 0
17:09:34.591 [FXGL Background Thread 1 ] DEBUG AssetLoader          - Loading from cache: /assets/textures/fire.png@100.0x80.0
17:09:34.592 [FXGL Background Thread 1 ] WARN  FXGL.TextLevelParser - No producer found for character: 0
17:09:34.593 [FXGL Background Thread 1 ] DEBUG AssetLoader          - Loading from cache: /assets/textures/fire.png@100.0x80.0
17:09:34.593 [FXGL Background Thread 1 ] WARN  FXGL.TextLevelParser - No producer found for character: 0
17:09:34.594 [FXGL Background Thread 1 ] DEBUG AssetLoader          - Loading from cache: /assets/textures/fire.png@100.0x80.0
17:09:34.595 [FXGL Background Thread 1 ] WARN  FXGL.TextLevelParser - No producer found for character: 0
17:09:34.595 [FXGL Background Thread 1 ] DEBUG AssetLoader          - Loading from cache: /assets/textures/fire.png@100.0x80.0
17:09:34.596 [FXGL Background Thread 1 ] WARN  FXGL.TextLevelParser - No producer found for character: 0
17:09:34.596 [FXGL Background Thread 1 ] DEBUG AssetLoader          - Loading from cache: /assets/textures/fire.png@100.0x80.0
17:09:34.597 [FXGL Background Thread 1 ] WARN  FXGL.TextLevelParser - No producer found for character: 0
17:09:34.598 [FXGL Background Thread 1 ] DEBUG AssetLoader          - Loading from cache: /assets/textures/fire.png@100.0x80.0
17:09:34.599 [FXGL Background Thread 1 ] WARN  FXGL.TextLevelParser - No producer found for character: 0
17:09:34.599 [FXGL Background Thread 1 ] DEBUG AssetLoader          - Loading from cache: /assets/textures/fire.png@100.0x80.0
17:09:34.600 [FXGL Background Thread 1 ] WARN  FXGL.TextLevelParser - No producer found for character: 0
17:09:34.601 [FXGL Background Thread 1 ] DEBUG AssetLoader          - Loading from cache: /assets/textures/fire.png@100.0x80.0
17:09:34.602 [FXGL Background Thread 1 ] WARN  FXGL.TextLevelParser - No producer found for character: 0
17:09:34.603 [FXGL Background Thread 1 ] DEBUG GameWorld            - Clearing removable entities
17:09:34.603 [FXGL Background Thread 1 ] DEBUG GameWorld            - Setting level: com.almasb.fxgl.entity.Level@48b2015a
17:09:34.627 [FXGL Background Thread 1 ] DEBUG GameScene            - Creating render group for layer: DEFAULT(100000)
17:09:34.643 [FXGL Background Thread 1 ] DEBUG GameScene            - Creating render group for layer: BACKGROUND(1000)
17:09:34.644 [FXGL Background Thread 1 ] DEBUG InitAppTask          - Initializing Physics
17:09:34.645 [FXGL Background Thread 1 ] DEBUG InitAppTask          - Initializing UI
17:09:34.646 [FXGL Background Thread 1 ] DEBUG InitAppTask          - Initialization Complete
17:09:34.646 [FXGL Background Thread 1 ] INFO  InitAppTask          - Game initialization took: 0,258 sec
17:09:34.649 [JavaFX Application Thread] DEBUG Input                - Clearing active input actions
17:09:34.666 [JavaFX Application Thread] DEBUG AppStateMachine      - LoadingState -> PlayState
17:10:00.340 [JavaFX Application Thread] DEBUG GameScene            - Clearing game scene
17:10:00.341 [JavaFX Application Thread] DEBUG AssetLoader          - Loading from cache: /assets/text/levels/level1.txt
17:10:00.341 [JavaFX Application Thread] WARN  FXGL.TextLevelParser - No producer found for character: 0
17:10:00.341 [JavaFX Application Thread] WARN  FXGL.TextLevelParser - No producer found for character: 0
17:10:00.341 [JavaFX Application Thread] WARN  FXGL.TextLevelParser - No producer found for character: 0
17:10:00.341 [JavaFX Application Thread] WARN  FXGL.TextLevelParser - No producer found for character: 0
17:10:00.341 [JavaFX Application Thread] WARN  FXGL.TextLevelParser - No producer found for character: 0
17:10:00.341 [JavaFX Application Thread] WARN  FXGL.TextLevelParser - No producer found for character: 0
17:10:00.341 [JavaFX Application Thread] WARN  FXGL.TextLevelParser - No producer found for character: 0
17:10:00.341 [JavaFX Application Thread] WARN  FXGL.TextLevelParser - No producer found for character: 0
17:10:00.341 [JavaFX Application Thread] WARN  FXGL.TextLevelParser - No producer found for character: 0
17:10:00.341 [JavaFX Application Thread] WARN  FXGL.TextLevelParser - No producer found for character: 0
17:10:00.341 [JavaFX Application Thread] WARN  FXGL.TextLevelParser - No producer found for character: 0
17:10:00.341 [JavaFX Application Thread] WARN  FXGL.TextLevelParser - No producer found for character: 0
17:10:00.342 [JavaFX Application Thread] WARN  FXGL.TextLevelParser - No producer found for character: 0
17:10:00.342 [JavaFX Application Thread] WARN  FXGL.TextLevelParser - No producer found for character: 0
17:10:00.342 [JavaFX Application Thread] WARN  FXGL.TextLevelParser - No producer found for character: 0
17:10:00.342 [JavaFX Application Thread] WARN  FXGL.TextLevelParser - No producer found for character: 0
17:10:00.342 [JavaFX Application Thread] WARN  FXGL.TextLevelParser - No producer found for character: 0
17:10:00.342 [JavaFX Application Thread] WARN  FXGL.TextLevelParser - No producer found for character: 0
17:10:00.342 [JavaFX Application Thread] DEBUG AssetLoader          - Loading from cache: /assets/textures/brick1.png@50.0x24.0
17:10:00.343 [JavaFX Application Thread] WARN  FXGL.TextLevelParser - No producer found for character: 0
17:10:00.343 [JavaFX Application Thread] WARN  FXGL.TextLevelParser - No producer found for character: 0
17:10:00.343 [JavaFX Application Thread] WARN  FXGL.TextLevelParser - No producer found for character: 0
17:10:00.343 [JavaFX Application Thread] WARN  FXGL.TextLevelParser - No producer found for character: 0
17:10:00.343 [JavaFX Application Thread] WARN  FXGL.TextLevelParser - No producer found for character: 0
17:10:00.343 [JavaFX Application Thread] WARN  FXGL.TextLevelParser - No producer found for character: 0
17:10:00.343 [JavaFX Application Thread] WARN  FXGL.TextLevelParser - No producer found for character: 0
17:10:00.343 [JavaFX Application Thread] WARN  FXGL.TextLevelParser - No producer found for character: 0
17:10:00.344 [JavaFX Application Thread] WARN  FXGL.TextLevelParser - No producer found for character: 0
17:10:00.344 [JavaFX Application Thread] WARN  FXGL.TextLevelParser - No producer found for character: 0
17:10:00.344 [JavaFX Application Thread] WARN  FXGL.TextLevelParser - No producer found for character: 0
17:10:00.344 [JavaFX Application Thread] WARN  FXGL.TextLevelParser - No producer found for character: 0
17:10:00.344 [JavaFX Application Thread] WARN  FXGL.TextLevelParser - No producer found for character: 0
17:10:00.344 [JavaFX Application Thread] WARN  FXGL.TextLevelParser - No producer found for character: 0
17:10:00.344 [JavaFX Application Thread] WARN  FXGL.TextLevelParser - No producer found for character: 0
17:10:00.344 [JavaFX Application Thread] WARN  FXGL.TextLevelParser - No producer found for character: 0
17:10:00.344 [JavaFX Application Thread] DEBUG AssetLoader          - Loading from cache: /assets/textures/brick1.png@50.0x24.0
17:10:00.345 [JavaFX Application Thread] WARN  FXGL.TextLevelParser - No producer found for character: 0
17:10:00.345 [JavaFX Application Thread] DEBUG AssetLoader          - Loading from cache: /assets/textures/brick1.png@50.0x24.0
17:10:00.345 [JavaFX Application Thread] WARN  FXGL.TextLevelParser - No producer found for character: 0
17:10:00.345 [JavaFX Application Thread] WARN  FXGL.TextLevelParser - No producer found for character: 0
17:10:00.345 [JavaFX Application Thread] WARN  FXGL.TextLevelParser - No producer found for character: 0
17:10:00.346 [JavaFX Application Thread] WARN  FXGL.TextLevelParser - No producer found for character: 0
17:10:00.346 [JavaFX Application Thread] WARN  FXGL.TextLevelParser - No producer found for character: 0
17:10:00.346 [JavaFX Application Thread] WARN  FXGL.TextLevelParser - No producer found for character: 0
17:10:00.346 [JavaFX Application Thread] DEBUG AssetLoader          - Loading from cache: /assets/textures/brick1.png@50.0x24.0
17:10:00.347 [JavaFX Application Thread] DEBUG AssetLoader          - Loading from cache: /assets/textures/brick1.png@50.0x24.0
17:10:00.347 [JavaFX Application Thread] WARN  FXGL.TextLevelParser - No producer found for character: 0
17:10:00.347 [JavaFX Application Thread] WARN  FXGL.TextLevelParser - No producer found for character: 0
17:10:00.347 [JavaFX Application Thread] WARN  FXGL.TextLevelParser - No producer found for character: 0
17:10:00.347 [JavaFX Application Thread] WARN  FXGL.TextLevelParser - No producer found for character: 0
17:10:00.347 [JavaFX Application Thread] WARN  FXGL.TextLevelParser - No producer found for character: 0
17:10:00.347 [JavaFX Application Thread] WARN  FXGL.TextLevelParser - No producer found for character: 0
17:10:00.348 [JavaFX Application Thread] DEBUG AssetLoader          - Loading from cache: /assets/textures/brick1.png@50.0x24.0
17:10:00.349 [JavaFX Application Thread] WARN  FXGL.TextLevelParser - No producer found for character: 0
17:10:00.350 [JavaFX Application Thread] WARN  FXGL.TextLevelParser - No producer found for character: 0
17:10:00.350 [JavaFX Application Thread] WARN  FXGL.TextLevelParser - No producer found for character: 0
17:10:00.350 [JavaFX Application Thread] DEBUG AssetLoader          - Loading from cache: /assets/textures/brick1.png@50.0x24.0
17:10:00.350 [JavaFX Application Thread] WARN  FXGL.TextLevelParser - No producer found for character: 0
17:10:00.351 [JavaFX Application Thread] WARN  FXGL.TextLevelParser - No producer found for character: 0
17:10:00.351 [JavaFX Application Thread] WARN  FXGL.TextLevelParser - No producer found for character: 0
17:10:00.351 [JavaFX Application Thread] WARN  FXGL.TextLevelParser - No producer found for character: 0
17:10:00.351 [JavaFX Application Thread] DEBUG AssetLoader          - Loading from cache: /assets/textures/brick1.png@50.0x24.0
17:10:00.352 [JavaFX Application Thread] DEBUG AssetLoader          - Loading from cache: /assets/textures/brick1.png@50.0x24.0
17:10:00.352 [JavaFX Application Thread] DEBUG AssetLoader          - Loading from cache: /assets/textures/brick1.png@50.0x24.0
17:10:00.353 [JavaFX Application Thread] DEBUG AssetLoader          - Loading from cache: /assets/textures/brick1.png@50.0x24.0
17:10:00.353 [JavaFX Application Thread] WARN  FXGL.TextLevelParser - No producer found for character: 0
17:10:00.353 [JavaFX Application Thread] WARN  FXGL.TextLevelParser - No producer found for character: 0
17:10:00.353 [JavaFX Application Thread] WARN  FXGL.TextLevelParser - No producer found for character: 0
17:10:00.354 [JavaFX Application Thread] WARN  FXGL.TextLevelParser - No producer found for character: 0
17:10:00.354 [JavaFX Application Thread] DEBUG AssetLoader          - Loading from cache: /assets/textures/brick1.png@50.0x24.0
17:10:00.354 [JavaFX Application Thread] WARN  FXGL.TextLevelParser - No producer found for character: 0
17:10:00.354 [JavaFX Application Thread] WARN  FXGL.TextLevelParser - No producer found for character: 0
17:10:00.354 [JavaFX Application Thread] WARN  FXGL.TextLevelParser - No producer found for character: 0
17:10:00.355 [JavaFX Application Thread] WARN  FXGL.TextLevelParser - No producer found for character: 0
17:10:00.355 [JavaFX Application Thread] WARN  FXGL.TextLevelParser - No producer found for character: 0
17:10:00.355 [JavaFX Application Thread] DEBUG AssetLoader          - Loading from cache: /assets/textures/brick1.png@50.0x24.0
17:10:00.355 [JavaFX Application Thread] WARN  FXGL.TextLevelParser - No producer found for character: 0
17:10:00.356 [JavaFX Application Thread] DEBUG AssetLoader          - Loading from cache: /assets/textures/brick1.png@50.0x24.0
17:10:00.356 [JavaFX Application Thread] DEBUG AssetLoader          - Loading from cache: /assets/textures/brick1.png@50.0x24.0
17:10:00.357 [JavaFX Application Thread] DEBUG AssetLoader          - Loading from cache: /assets/textures/brick1.png@50.0x24.0
17:10:00.357 [JavaFX Application Thread] DEBUG AssetLoader          - Loading from cache: /assets/textures/brick1.png@50.0x24.0
17:10:00.358 [JavaFX Application Thread] DEBUG AssetLoader          - Loading from cache: /assets/textures/brick1.png@50.0x24.0
17:10:00.358 [JavaFX Application Thread] DEBUG AssetLoader          - Loading from cache: /assets/textures/brick1.png@50.0x24.0
17:10:00.359 [JavaFX Application Thread] DEBUG AssetLoader          - Loading from cache: /assets/textures/brick1.png@50.0x24.0
17:10:00.359 [JavaFX Application Thread] DEBUG AssetLoader          - Loading from cache: /assets/textures/brick1.png@50.0x24.0
17:10:00.360 [JavaFX Application Thread] WARN  FXGL.TextLevelParser - No producer found for character: 0
17:10:00.360 [JavaFX Application Thread] DEBUG AssetLoader          - Loading from cache: /assets/textures/brick1.png@50.0x24.0
17:10:00.360 [JavaFX Application Thread] WARN  FXGL.TextLevelParser - No producer found for character: 0
17:10:00.360 [JavaFX Application Thread] WARN  FXGL.TextLevelParser - No producer found for character: 0
17:10:00.360 [JavaFX Application Thread] WARN  FXGL.TextLevelParser - No producer found for character: 0
17:10:00.361 [JavaFX Application Thread] WARN  FXGL.TextLevelParser - No producer found for character: 0
17:10:00.361 [JavaFX Application Thread] WARN  FXGL.TextLevelParser - No producer found for character: 0
17:10:00.361 [JavaFX Application Thread] WARN  FXGL.TextLevelParser - No producer found for character: 0
17:10:00.361 [JavaFX Application Thread] WARN  FXGL.TextLevelParser - No producer found for character: 0
17:10:00.361 [JavaFX Application Thread] DEBUG AssetLoader          - Loading from cache: /assets/textures/brick1.png@50.0x24.0
17:10:00.361 [JavaFX Application Thread] WARN  FXGL.TextLevelParser - No producer found for character: 0
17:10:00.361 [JavaFX Application Thread] WARN  FXGL.TextLevelParser - No producer found for character: 0
17:10:00.361 [JavaFX Application Thread] WARN  FXGL.TextLevelParser - No producer found for character: 0
17:10:00.361 [JavaFX Application Thread] WARN  FXGL.TextLevelParser - No producer found for character: 0
17:10:00.361 [JavaFX Application Thread] WARN  FXGL.TextLevelParser - No producer found for character: 0
17:10:00.361 [JavaFX Application Thread] WARN  FXGL.TextLevelParser - No producer found for character: 0
17:10:00.362 [JavaFX Application Thread] WARN  FXGL.TextLevelParser - No producer found for character: 0
17:10:00.362 [JavaFX Application Thread] WARN  FXGL.TextLevelParser - No producer found for character: 0
17:10:00.362 [JavaFX Application Thread] DEBUG AssetLoader          - Loading from cache: /assets/textures/brick1.png@50.0x24.0
17:10:00.362 [JavaFX Application Thread] WARN  FXGL.TextLevelParser - No producer found for character: 0
17:10:00.362 [JavaFX Application Thread] WARN  FXGL.TextLevelParser - No producer found for character: 0
17:10:00.362 [JavaFX Application Thread] WARN  FXGL.TextLevelParser - No producer found for character: 0
17:10:00.362 [JavaFX Application Thread] WARN  FXGL.TextLevelParser - No producer found for character: 0
17:10:00.362 [JavaFX Application Thread] WARN  FXGL.TextLevelParser - No producer found for character: 0
17:10:00.363 [JavaFX Application Thread] WARN  FXGL.TextLevelParser - No producer found for character: 0
17:10:00.363 [JavaFX Application Thread] WARN  FXGL.TextLevelParser - No producer found for character: 0
17:10:00.363 [JavaFX Application Thread] WARN  FXGL.TextLevelParser - No producer found for character: 0
17:10:00.363 [JavaFX Application Thread] WARN  FXGL.TextLevelParser - No producer found for character: 0
17:10:00.363 [JavaFX Application Thread] DEBUG AssetLoader          - Loading from cache: /assets/textures/brick1.png@50.0x24.0
17:10:00.363 [JavaFX Application Thread] DEBUG AssetLoader          - Loading from cache: /assets/textures/brick1.png@50.0x24.0
17:10:00.364 [JavaFX Application Thread] DEBUG AssetLoader          - Loading from cache: /assets/textures/brick1.png@50.0x24.0
17:10:00.364 [JavaFX Application Thread] DEBUG AssetLoader          - Loading from cache: /assets/textures/brick1.png@50.0x24.0
17:10:00.365 [JavaFX Application Thread] DEBUG AssetLoader          - Loading from cache: /assets/textures/brick1.png@50.0x24.0
17:10:00.365 [JavaFX Application Thread] DEBUG AssetLoader          - Loading from cache: /assets/textures/brick1.png@50.0x24.0
17:10:00.366 [JavaFX Application Thread] DEBUG AssetLoader          - Loading from cache: /assets/textures/brick1.png@50.0x24.0
17:10:00.366 [JavaFX Application Thread] DEBUG AssetLoader          - Loading from cache: /assets/textures/brick1.png@50.0x24.0
17:10:00.367 [JavaFX Application Thread] WARN  FXGL.TextLevelParser - No producer found for character: 0
17:10:00.367 [JavaFX Application Thread] WARN  FXGL.TextLevelParser - No producer found for character: 0
17:10:00.367 [JavaFX Application Thread] WARN  FXGL.TextLevelParser - No producer found for character: 0
17:10:00.367 [JavaFX Application Thread] WARN  FXGL.TextLevelParser - No producer found for character: 0
17:10:00.367 [JavaFX Application Thread] WARN  FXGL.TextLevelParser - No producer found for character: 0
17:10:00.367 [JavaFX Application Thread] WARN  FXGL.TextLevelParser - No producer found for character: 0
17:10:00.367 [JavaFX Application Thread] WARN  FXGL.TextLevelParser - No producer found for character: 0
17:10:00.367 [JavaFX Application Thread] WARN  FXGL.TextLevelParser - No producer found for character: 0
17:10:00.368 [JavaFX Application Thread] WARN  FXGL.TextLevelParser - No producer found for character: 0
17:10:00.368 [JavaFX Application Thread] WARN  FXGL.TextLevelParser - No producer found for character: 0
17:10:00.368 [JavaFX Application Thread] WARN  FXGL.TextLevelParser - No producer found for character: 0
17:10:00.368 [JavaFX Application Thread] WARN  FXGL.TextLevelParser - No producer found for character: 0
17:10:00.368 [JavaFX Application Thread] WARN  FXGL.TextLevelParser - No producer found for character: 0
17:10:00.368 [JavaFX Application Thread] WARN  FXGL.TextLevelParser - No producer found for character: 0
17:10:00.368 [JavaFX Application Thread] WARN  FXGL.TextLevelParser - No producer found for character: 0
17:10:00.368 [JavaFX Application Thread] WARN  FXGL.TextLevelParser - No producer found for character: 0
17:10:00.368 [JavaFX Application Thread] WARN  FXGL.TextLevelParser - No producer found for character: 0
17:10:00.368 [JavaFX Application Thread] WARN  FXGL.TextLevelParser - No producer found for character: 0
17:10:00.368 [JavaFX Application Thread] WARN  FXGL.TextLevelParser - No producer found for character: 0
17:10:00.368 [JavaFX Application Thread] WARN  FXGL.TextLevelParser - No producer found for character: 0
17:10:00.368 [JavaFX Application Thread] WARN  FXGL.TextLevelParser - No producer found for character: 0
17:10:00.368 [JavaFX Application Thread] WARN  FXGL.TextLevelParser - No producer found for character: 0
17:10:00.368 [JavaFX Application Thread] WARN  FXGL.TextLevelParser - No producer found for character: 0
17:10:00.368 [JavaFX Application Thread] WARN  FXGL.TextLevelParser - No producer found for character: 0
17:10:00.368 [JavaFX Application Thread] WARN  FXGL.TextLevelParser - No producer found for character: 0
17:10:00.368 [JavaFX Application Thread] WARN  FXGL.TextLevelParser - No producer found for character: 0
17:10:00.368 [JavaFX Application Thread] WARN  FXGL.TextLevelParser - No producer found for character: 0
17:10:00.368 [JavaFX Application Thread] WARN  FXGL.TextLevelParser - No producer found for character: 0
17:10:00.368 [JavaFX Application Thread] WARN  FXGL.TextLevelParser - No producer found for character: 0
17:10:00.368 [JavaFX Application Thread] WARN  FXGL.TextLevelParser - No producer found for character: 0
17:10:00.368 [JavaFX Application Thread] WARN  FXGL.TextLevelParser - No producer found for character: 0
17:10:00.368 [JavaFX Application Thread] WARN  FXGL.TextLevelParser - No producer found for character: 0
17:10:00.368 [JavaFX Application Thread] WARN  FXGL.TextLevelParser - No producer found for character: 0
17:10:00.369 [JavaFX Application Thread] WARN  FXGL.TextLevelParser - No producer found for character: 0
17:10:00.369 [JavaFX Application Thread] WARN  FXGL.TextLevelParser - No producer found for character: 0
17:10:00.369 [JavaFX Application Thread] WARN  FXGL.TextLevelParser - No producer found for character: 0
17:10:00.369 [JavaFX Application Thread] WARN  FXGL.TextLevelParser - No producer found for character: 0
17:10:00.369 [JavaFX Application Thread] WARN  FXGL.TextLevelParser - No producer found for character: 0
17:10:00.369 [JavaFX Application Thread] WARN  FXGL.TextLevelParser - No producer found for character: 0
17:10:00.372 [JavaFX Application Thread] WARN  FXGL.TextLevelParser - No producer found for character: 0
17:10:00.372 [JavaFX Application Thread] WARN  FXGL.TextLevelParser - No producer found for character: 0
17:10:00.372 [JavaFX Application Thread] WARN  FXGL.TextLevelParser - No producer found for character: 0
17:10:00.373 [JavaFX Application Thread] WARN  FXGL.TextLevelParser - No producer found for character: 0
17:10:00.373 [JavaFX Application Thread] WARN  FXGL.TextLevelParser - No producer found for character: 0
17:10:00.373 [JavaFX Application Thread] WARN  FXGL.TextLevelParser - No producer found for character: 0
17:10:00.373 [JavaFX Application Thread] WARN  FXGL.TextLevelParser - No producer found for character: 0
17:10:00.373 [JavaFX Application Thread] WARN  FXGL.TextLevelParser - No producer found for character: 0
17:10:00.373 [JavaFX Application Thread] WARN  FXGL.TextLevelParser - No producer found for character: 0
17:10:00.373 [JavaFX Application Thread] WARN  FXGL.TextLevelParser - No producer found for character: 0
17:10:00.373 [JavaFX Application Thread] WARN  FXGL.TextLevelParser - No producer found for character: 0
17:10:00.373 [JavaFX Application Thread] WARN  FXGL.TextLevelParser - No producer found for character: 0
17:10:00.373 [JavaFX Application Thread] WARN  FXGL.TextLevelParser - No producer found for character: 0
17:10:00.373 [JavaFX Application Thread] WARN  FXGL.TextLevelParser - No producer found for character: 0
17:10:00.373 [JavaFX Application Thread] WARN  FXGL.TextLevelParser - No producer found for character: 0
17:10:00.373 [JavaFX Application Thread] WARN  FXGL.TextLevelParser - No producer found for character: 0
17:10:00.373 [JavaFX Application Thread] WARN  FXGL.TextLevelParser - No producer found for character: 0
17:10:00.373 [JavaFX Application Thread] WARN  FXGL.TextLevelParser - No producer found for character: 0
17:10:00.375 [JavaFX Application Thread] WARN  FXGL.TextLevelParser - No producer found for character: 0
17:10:00.375 [JavaFX Application Thread] WARN  FXGL.TextLevelParser - No producer found for character: 0
17:10:00.375 [JavaFX Application Thread] WARN  FXGL.TextLevelParser - No producer found for character: 0
17:10:00.375 [JavaFX Application Thread] WARN  FXGL.TextLevelParser - No producer found for character: 0
17:10:00.376 [JavaFX Application Thread] WARN  FXGL.TextLevelParser - No producer found for character: 0
17:10:00.376 [JavaFX Application Thread] WARN  FXGL.TextLevelParser - No producer found for character: 0
17:10:00.376 [JavaFX Application Thread] WARN  FXGL.TextLevelParser - No producer found for character: 0
17:10:00.376 [JavaFX Application Thread] WARN  FXGL.TextLevelParser - No producer found for character: 0
17:10:00.376 [JavaFX Application Thread] WARN  FXGL.TextLevelParser - No producer found for character: 0
17:10:00.376 [JavaFX Application Thread] WARN  FXGL.TextLevelParser - No producer found for character: 0
17:10:00.376 [JavaFX Application Thread] WARN  FXGL.TextLevelParser - No producer found for character: 0
17:10:00.376 [JavaFX Application Thread] WARN  FXGL.TextLevelParser - No producer found for character: 0
17:10:00.376 [JavaFX Application Thread] WARN  FXGL.TextLevelParser - No producer found for character: 0
17:10:00.376 [JavaFX Application Thread] WARN  FXGL.TextLevelParser - No producer found for character: 0
17:10:00.376 [JavaFX Application Thread] WARN  FXGL.TextLevelParser - No producer found for character: 0
17:10:00.376 [JavaFX Application Thread] WARN  FXGL.TextLevelParser - No producer found for character: 0
17:10:00.376 [JavaFX Application Thread] WARN  FXGL.TextLevelParser - No producer found for character: 0
17:10:00.376 [JavaFX Application Thread] WARN  FXGL.TextLevelParser - No producer found for character: 0
17:10:00.376 [JavaFX Application Thread] WARN  FXGL.TextLevelParser - No producer found for character: 0
17:10:00.376 [JavaFX Application Thread] WARN  FXGL.TextLevelParser - No producer found for character: 0
17:10:00.376 [JavaFX Application Thread] WARN  FXGL.TextLevelParser - No producer found for character: 0
17:10:00.376 [JavaFX Application Thread] WARN  FXGL.TextLevelParser - No producer found for character: 0
17:10:00.376 [JavaFX Application Thread] WARN  FXGL.TextLevelParser - No producer found for character: 0
17:10:00.376 [JavaFX Application Thread] WARN  FXGL.TextLevelParser - No producer found for character: 0
17:10:00.376 [JavaFX Application Thread] WARN  FXGL.TextLevelParser - No producer found for character: 0
17:10:00.376 [JavaFX Application Thread] WARN  FXGL.TextLevelParser - No producer found for character: 0
17:10:00.376 [JavaFX Application Thread] WARN  FXGL.TextLevelParser - No producer found for character: 0
17:10:00.376 [JavaFX Application Thread] WARN  FXGL.TextLevelParser - No producer found for character: 0
17:10:00.376 [JavaFX Application Thread] WARN  FXGL.TextLevelParser - No producer found for character: 0
17:10:00.376 [JavaFX Application Thread] WARN  FXGL.TextLevelParser - No producer found for character: 0
17:10:00.376 [JavaFX Application Thread] WARN  FXGL.TextLevelParser - No producer found for character: 0
17:10:00.376 [JavaFX Application Thread] WARN  FXGL.TextLevelParser - No producer found for character: 0
17:10:00.376 [JavaFX Application Thread] WARN  FXGL.TextLevelParser - No producer found for character: 0
17:10:00.377 [JavaFX Application Thread] WARN  FXGL.TextLevelParser - No producer found for character: 0
17:10:00.377 [JavaFX Application Thread] WARN  FXGL.TextLevelParser - No producer found for character: 0
17:10:00.377 [JavaFX Application Thread] WARN  FXGL.TextLevelParser - No producer found for character: 0
17:10:00.377 [JavaFX Application Thread] WARN  FXGL.TextLevelParser - No producer found for character: 0
17:10:00.377 [JavaFX Application Thread] WARN  FXGL.TextLevelParser - No producer found for character: 0
17:10:00.377 [JavaFX Application Thread] WARN  FXGL.TextLevelParser - No producer found for character: 0
17:10:00.377 [JavaFX Application Thread] WARN  FXGL.TextLevelParser - No producer found for character: 0
17:10:00.377 [JavaFX Application Thread] WARN  FXGL.TextLevelParser - No producer found for character: 0
17:10:00.377 [JavaFX Application Thread] WARN  FXGL.TextLevelParser - No producer found for character: 0
17:10:00.377 [JavaFX Application Thread] WARN  FXGL.TextLevelParser - No producer found for character: 0
17:10:00.377 [JavaFX Application Thread] WARN  FXGL.TextLevelParser - No producer found for character: 0
17:10:00.377 [JavaFX Application Thread] WARN  FXGL.TextLevelParser - No producer found for character: 0
17:10:00.377 [JavaFX Application Thread] WARN  FXGL.TextLevelParser - No producer found for character: 0
17:10:00.377 [JavaFX Application Thread] WARN  FXGL.TextLevelParser - No producer found for character: 0
17:10:00.377 [JavaFX Application Thread] WARN  FXGL.TextLevelParser - No producer found for character: 0
17:10:00.378 [JavaFX Application Thread] WARN  FXGL.TextLevelParser - No producer found for character: 0
17:10:00.378 [JavaFX Application Thread] WARN  FXGL.TextLevelParser - No producer found for character: 0
17:10:00.382 [JavaFX Application Thread] WARN  FXGL.TextLevelParser - No producer found for character: 0
17:10:00.382 [JavaFX Application Thread] WARN  FXGL.TextLevelParser - No producer found for character: 0
17:10:00.382 [JavaFX Application Thread] WARN  FXGL.TextLevelParser - No producer found for character: 0
17:10:00.382 [JavaFX Application Thread] WARN  FXGL.TextLevelParser - No producer found for character: 0
17:10:00.382 [JavaFX Application Thread] WARN  FXGL.TextLevelParser - No producer found for character: 0
17:10:00.382 [JavaFX Application Thread] WARN  FXGL.TextLevelParser - No producer found for character: 0
17:10:00.382 [JavaFX Application Thread] WARN  FXGL.TextLevelParser - No producer found for character: 0
17:10:00.382 [JavaFX Application Thread] WARN  FXGL.TextLevelParser - No producer found for character: 0
17:10:00.382 [JavaFX Application Thread] WARN  FXGL.TextLevelParser - No producer found for character: 0
17:10:00.382 [JavaFX Application Thread] WARN  FXGL.TextLevelParser - No producer found for character: 0
17:10:00.382 [JavaFX Application Thread] WARN  FXGL.TextLevelParser - No producer found for character: 0
17:10:00.383 [JavaFX Application Thread] WARN  FXGL.TextLevelParser - No producer found for character: 0
17:10:00.383 [JavaFX Application Thread] WARN  FXGL.TextLevelParser - No producer found for character: 0
17:10:00.383 [JavaFX Application Thread] WARN  FXGL.TextLevelParser - No producer found for character: 0
17:10:00.383 [JavaFX Application Thread] WARN  FXGL.TextLevelParser - No producer found for character: 0
17:10:00.383 [JavaFX Application Thread] WARN  FXGL.TextLevelParser - No producer found for character: 0
17:10:00.383 [JavaFX Application Thread] WARN  FXGL.TextLevelParser - No producer found for character: 0
17:10:00.383 [JavaFX Application Thread] WARN  FXGL.TextLevelParser - No producer found for character: 0
17:10:00.383 [JavaFX Application Thread] WARN  FXGL.TextLevelParser - No producer found for character: 0
17:10:00.383 [JavaFX Application Thread] WARN  FXGL.TextLevelParser - No producer found for character: 0
17:10:00.383 [JavaFX Application Thread] WARN  FXGL.TextLevelParser - No producer found for character: 0
17:10:00.383 [JavaFX Application Thread] WARN  FXGL.TextLevelParser - No producer found for character: 0
17:10:00.383 [JavaFX Application Thread] WARN  FXGL.TextLevelParser - No producer found for character: 0
17:10:00.383 [JavaFX Application Thread] WARN  FXGL.TextLevelParser - No producer found for character: 0
17:10:00.384 [JavaFX Application Thread] WARN  FXGL.TextLevelParser - No producer found for character: 0
17:10:00.384 [JavaFX Application Thread] WARN  FXGL.TextLevelParser - No producer found for character: 0
17:10:00.384 [JavaFX Application Thread] WARN  FXGL.TextLevelParser - No producer found for character: 0
17:10:00.384 [JavaFX Application Thread] WARN  FXGL.TextLevelParser - No producer found for character: 0
17:10:00.384 [JavaFX Application Thread] WARN  FXGL.TextLevelParser - No producer found for character: 0
17:10:00.384 [JavaFX Application Thread] WARN  FXGL.TextLevelParser - No producer found for character: 0
17:10:00.384 [JavaFX Application Thread] WARN  FXGL.TextLevelParser - No producer found for character: 0
17:10:00.384 [JavaFX Application Thread] WARN  FXGL.TextLevelParser - No producer found for character: 0
17:10:00.384 [JavaFX Application Thread] WARN  FXGL.TextLevelParser - No producer found for character: 0
17:10:00.384 [JavaFX Application Thread] WARN  FXGL.TextLevelParser - No producer found for character: 0
17:10:00.384 [JavaFX Application Thread] WARN  FXGL.TextLevelParser - No producer found for character: 0
17:10:00.384 [JavaFX Application Thread] WARN  FXGL.TextLevelParser - No producer found for character: 0
17:10:00.384 [JavaFX Application Thread] WARN  FXGL.TextLevelParser - No producer found for character: 0
17:10:00.384 [JavaFX Application Thread] WARN  FXGL.TextLevelParser - No producer found for character: 0
17:10:00.385 [JavaFX Application Thread] WARN  FXGL.TextLevelParser - No producer found for character: 0
17:10:00.386 [JavaFX Application Thread] WARN  FXGL.TextLevelParser - No producer found for character: 0
17:10:00.386 [JavaFX Application Thread] WARN  FXGL.TextLevelParser - No producer found for character: 0
17:10:00.386 [JavaFX Application Thread] WARN  FXGL.TextLevelParser - No producer found for character: 0
17:10:00.386 [JavaFX Application Thread] WARN  FXGL.TextLevelParser - No producer found for character: 0
17:10:00.386 [JavaFX Application Thread] WARN  FXGL.TextLevelParser - No producer found for character: 0
17:10:00.386 [JavaFX Application Thread] WARN  FXGL.TextLevelParser - No producer found for character: 0
17:10:00.386 [JavaFX Application Thread] WARN  FXGL.TextLevelParser - No producer found for character: 0
17:10:00.386 [JavaFX Application Thread] WARN  FXGL.TextLevelParser - No producer found for character: 0
17:10:00.386 [JavaFX Application Thread] WARN  FXGL.TextLevelParser - No producer found for character: 0
17:10:00.386 [JavaFX Application Thread] WARN  FXGL.TextLevelParser - No producer found for character: 0
17:10:00.386 [JavaFX Application Thread] WARN  FXGL.TextLevelParser - No producer found for character: 0
17:10:00.386 [JavaFX Application Thread] DEBUG AssetLoader          - Loading from cache: /assets/textures/bar.png
17:10:00.387 [JavaFX Application Thread] WARN  FXGL.TextLevelParser - No producer found for character: 0
17:10:00.387 [JavaFX Application Thread] WARN  FXGL.TextLevelParser - No producer found for character: 0
17:10:00.387 [JavaFX Application Thread] WARN  FXGL.TextLevelParser - No producer found for character: 0
17:10:00.387 [JavaFX Application Thread] WARN  FXGL.TextLevelParser - No producer found for character: 0
17:10:00.387 [JavaFX Application Thread] WARN  FXGL.TextLevelParser - No producer found for character: 0
17:10:00.387 [JavaFX Application Thread] WARN  FXGL.TextLevelParser - No producer found for character: 0
17:10:00.387 [JavaFX Application Thread] WARN  FXGL.TextLevelParser - No producer found for character: 0
17:10:00.387 [JavaFX Application Thread] WARN  FXGL.TextLevelParser - No producer found for character: 0
17:10:00.387 [JavaFX Application Thread] WARN  FXGL.TextLevelParser - No producer found for character: 0
17:10:00.387 [JavaFX Application Thread] WARN  FXGL.TextLevelParser - No producer found for character: 0
17:10:00.387 [JavaFX Application Thread] WARN  FXGL.TextLevelParser - No producer found for character: 0
17:10:00.387 [JavaFX Application Thread] WARN  FXGL.TextLevelParser - No producer found for character: 0
17:10:00.387 [JavaFX Application Thread] WARN  FXGL.TextLevelParser - No producer found for character: 0
17:10:00.387 [JavaFX Application Thread] WARN  FXGL.TextLevelParser - No producer found for character: 0
17:10:00.387 [JavaFX Application Thread] WARN  FXGL.TextLevelParser - No producer found for character: 0
17:10:00.387 [JavaFX Application Thread] WARN  FXGL.TextLevelParser - No producer found for character: 0
17:10:00.387 [JavaFX Application Thread] WARN  FXGL.TextLevelParser - No producer found for character: 0
17:10:00.387 [JavaFX Application Thread] WARN  FXGL.TextLevelParser - No producer found for character: 0
17:10:00.387 [JavaFX Application Thread] WARN  FXGL.TextLevelParser - No producer found for character: 0
17:10:00.387 [JavaFX Application Thread] WARN  FXGL.TextLevelParser - No producer found for character: 0
17:10:00.387 [JavaFX Application Thread] WARN  FXGL.TextLevelParser - No producer found for character: 0
17:10:00.387 [JavaFX Application Thread] WARN  FXGL.TextLevelParser - No producer found for character: 0
17:10:00.387 [JavaFX Application Thread] WARN  FXGL.TextLevelParser - No producer found for character: 0
17:10:00.387 [JavaFX Application Thread] WARN  FXGL.TextLevelParser - No producer found for character: 0
17:10:00.387 [JavaFX Application Thread] WARN  FXGL.TextLevelParser - No producer found for character: 0
17:10:00.387 [JavaFX Application Thread] WARN  FXGL.TextLevelParser - No producer found for character: 0
17:10:00.387 [JavaFX Application Thread] WARN  FXGL.TextLevelParser - No producer found for character: 0
17:10:00.387 [JavaFX Application Thread] WARN  FXGL.TextLevelParser - No producer found for character: 0
17:10:00.388 [JavaFX Application Thread] WARN  FXGL.TextLevelParser - No producer found for character: 0
17:10:00.388 [JavaFX Application Thread] WARN  FXGL.TextLevelParser - No producer found for character: 0
17:10:00.388 [JavaFX Application Thread] WARN  FXGL.TextLevelParser - No producer found for character: 0
17:10:00.388 [JavaFX Application Thread] WARN  FXGL.TextLevelParser - No producer found for character: 0
17:10:00.388 [JavaFX Application Thread] WARN  FXGL.TextLevelParser - No producer found for character: 0
17:10:00.388 [JavaFX Application Thread] WARN  FXGL.TextLevelParser - No producer found for character: 0
17:10:00.388 [JavaFX Application Thread] WARN  FXGL.TextLevelParser - No producer found for character: 0
17:10:00.388 [JavaFX Application Thread] WARN  FXGL.TextLevelParser - No producer found for character: 0
17:10:00.388 [JavaFX Application Thread] WARN  FXGL.TextLevelParser - No producer found for character: 0
17:10:00.388 [JavaFX Application Thread] WARN  FXGL.TextLevelParser - No producer found for character: 0
17:10:00.388 [JavaFX Application Thread] WARN  FXGL.TextLevelParser - No producer found for character: 0
17:10:00.388 [JavaFX Application Thread] WARN  FXGL.TextLevelParser - No producer found for character: 0
17:10:00.388 [JavaFX Application Thread] WARN  FXGL.TextLevelParser - No producer found for character: 0
17:10:00.388 [JavaFX Application Thread] WARN  FXGL.TextLevelParser - No producer found for character: 0
17:10:00.388 [JavaFX Application Thread] WARN  FXGL.TextLevelParser - No producer found for character: 0
17:10:00.388 [JavaFX Application Thread] WARN  FXGL.TextLevelParser - No producer found for character: 0
17:10:00.388 [JavaFX Application Thread] DEBUG AssetLoader          - Loading from cache: /assets/textures/fire.png@100.0x80.0
17:10:00.389 [JavaFX Application Thread] WARN  FXGL.TextLevelParser - No producer found for character: 0
17:10:00.389 [JavaFX Application Thread] DEBUG AssetLoader          - Loading from cache: /assets/textures/fire.png@100.0x80.0
17:10:00.389 [JavaFX Application Thread] WARN  FXGL.TextLevelParser - No producer found for character: 0
17:10:00.390 [JavaFX Application Thread] DEBUG AssetLoader          - Loading from cache: /assets/textures/fire.png@100.0x80.0
17:10:00.390 [JavaFX Application Thread] WARN  FXGL.TextLevelParser - No producer found for character: 0
17:10:00.390 [JavaFX Application Thread] DEBUG AssetLoader          - Loading from cache: /assets/textures/fire.png@100.0x80.0
17:10:00.390 [JavaFX Application Thread] WARN  FXGL.TextLevelParser - No producer found for character: 0
17:10:00.390 [JavaFX Application Thread] DEBUG AssetLoader          - Loading from cache: /assets/textures/fire.png@100.0x80.0
17:10:00.391 [JavaFX Application Thread] WARN  FXGL.TextLevelParser - No producer found for character: 0
17:10:00.391 [JavaFX Application Thread] DEBUG AssetLoader          - Loading from cache: /assets/textures/fire.png@100.0x80.0
17:10:00.391 [JavaFX Application Thread] WARN  FXGL.TextLevelParser - No producer found for character: 0
17:10:00.391 [JavaFX Application Thread] DEBUG AssetLoader          - Loading from cache: /assets/textures/fire.png@100.0x80.0
17:10:00.392 [JavaFX Application Thread] WARN  FXGL.TextLevelParser - No producer found for character: 0
17:10:00.392 [JavaFX Application Thread] DEBUG AssetLoader          - Loading from cache: /assets/textures/fire.png@100.0x80.0
17:10:00.392 [JavaFX Application Thread] WARN  FXGL.TextLevelParser - No producer found for character: 0
17:10:00.392 [JavaFX Application Thread] DEBUG AssetLoader          - Loading from cache: /assets/textures/fire.png@100.0x80.0
17:10:00.392 [JavaFX Application Thread] WARN  FXGL.TextLevelParser - No producer found for character: 0
17:10:00.392 [JavaFX Application Thread] DEBUG GameWorld            - Clearing removable entities
17:10:00.393 [JavaFX Application Thread] DEBUG GameScene            - Creating render group for layer: DEFAULT(100000)
17:10:00.395 [JavaFX Application Thread] DEBUG GameWorld            - Setting level: com.almasb.fxgl.entity.Level@37cb0f57
17:10:00.403 [JavaFX Application Thread] DEBUG GameScene            - Creating render group for layer: BACKGROUND(1000)
17:10:08.777 [JavaFX Application Thread] DEBUG GameApplication      - Exiting game application
17:10:08.778 [JavaFX Application Thread] DEBUG GameApplication      - Shutting down background threads
17:10:08.778 [JavaFX Application Thread] DEBUG GameApplication      - Exiting FXGL
17:10:08.778 [JavaFX Application Thread] DEBUG FXGL                 - Saving FXGL system data
17:10:08.781 [JavaFX Application Thread] DEBUG FS                   - Writing to: system\fxgl.bundle
17:10:08.786 [JavaFX Application Thread] DEBUG GameApplication      - Closing logger and exiting JavaFX
